[2025-04-26 13:16:32,258 I 2941304 2941304] (gcs_server) gcs_server_main.cc:95: Ray cluster metadata ray_version=2.43.0 ray_commit=ecdcdc6a6e63dc4bcd6ea16aae256ce4d32a7e2c
[2025-04-26 13:16:32,258 I 2941304 2941304] (gcs_server) io_service_pool.cc:35: IOServicePool is running with 1 io_service.
[2025-04-26 13:16:32,267 I 2941304 2941304] (gcs_server) event.cc:500: Ray Event initialized for GCS
[2025-04-26 13:16:32,271 I 2941304 2941304] (gcs_server) event.cc:500: Ray Event initialized for EXPORT_NODE
[2025-04-26 13:16:32,272 I 2941304 2941304] (gcs_server) event.cc:500: Ray Event initialized for EXPORT_ACTOR
[2025-04-26 13:16:32,273 I 2941304 2941304] (gcs_server) event.cc:500: Ray Event initialized for EXPORT_DRIVER_JOB
[2025-04-26 13:16:32,273 I 2941304 2941304] (gcs_server) event.cc:331: Set ray event level to warning
[2025-04-26 13:16:32,273 I 2941304 2941304] (gcs_server) gcs_server.cc:73: GCS storage type is StorageType::IN_MEMORY
[2025-04-26 13:16:32,274 I 2941304 2941304] (gcs_server) gcs_init_data.cc:42: Loading job table data.
[2025-04-26 13:16:32,274 I 2941304 2941304] (gcs_server) gcs_init_data.cc:52: Loading node table data.
[2025-04-26 13:16:32,274 I 2941304 2941304] (gcs_server) gcs_init_data.cc:74: Loading actor table data.
[2025-04-26 13:16:32,274 I 2941304 2941304] (gcs_server) gcs_init_data.cc:85: Loading actor task spec table data.
[2025-04-26 13:16:32,274 I 2941304 2941304] (gcs_server) gcs_init_data.cc:62: Loading placement group table data.
[2025-04-26 13:16:32,274 I 2941304 2941304] (gcs_server) gcs_init_data.cc:46: Finished loading job table data, size = 0
[2025-04-26 13:16:32,274 I 2941304 2941304] (gcs_server) gcs_init_data.cc:56: Finished loading node table data, size = 0
[2025-04-26 13:16:32,274 I 2941304 2941304] (gcs_server) gcs_init_data.cc:79: Finished loading actor table data, size = 0
[2025-04-26 13:16:32,274 I 2941304 2941304] (gcs_server) gcs_init_data.cc:90: Finished loading actor task spec table data, size = 0
[2025-04-26 13:16:32,274 I 2941304 2941304] (gcs_server) gcs_init_data.cc:68: Finished loading placement group table data, size = 0
[2025-04-26 13:16:32,274 I 2941304 2941304] (gcs_server) gcs_server.cc:157: No existing server cluster ID found. Generating new ID: 7f0c4a5c7eb90728c751451c3b8470930a531a2c6ceccf04e1a0adf2
[2025-04-26 13:16:32,274 I 2941304 2941304] (gcs_server) gcs_server.cc:672: Autoscaler V2 enabled: 0
[2025-04-26 13:16:32,276 I 2941304 2941304] (gcs_server) grpc_server.cc:135: GcsServer server started, listening on port 62297.
[2025-04-26 13:16:32,366 I 2941304 2941304] (gcs_server) gcs_server.cc:245: Gcs Debug state:

GcsNodeManager: 
- RegisterNode request count: 0
- DrainNode request count: 0
- GetAllNodeInfo request count: 0

GcsActorManager: 
- RegisterActor request count: 0
- CreateActor request count: 0
- GetActorInfo request count: 0
- GetNamedActorInfo request count: 0
- GetAllActorInfo request count: 0
- KillActor request count: 0
- ListNamedActors request count: 0
- Registered actors count: 0
- Destroyed actors count: 0
- Named actors count: 0
- Unresolved actors count: 0
- Pending actors count: 0
- Created actors count: 0
- owners_: 0
- actor_to_register_callbacks_: 0
- actor_to_restart_callbacks_: 0
- actor_to_create_callbacks_: 0
- sorted_destroyed_actor_list_: 0

GcsResourceManager: 
- GetAllAvailableResources request count: 0
- GetAllTotalResources request count: 0
- GetAllResourceUsage request count: 0

GcsPlacementGroupManager: 
- CreatePlacementGroup request count: 0
- RemovePlacementGroup request count: 0
- GetPlacementGroup request count: 0
- GetAllPlacementGroup request count: 0
- WaitPlacementGroupUntilReady request count: 0
- GetNamedPlacementGroup request count: 0
- Scheduling pending placement group count: 0
- Registered placement groups count: 0
- Named placement group count: 0
- Pending placement groups count: 0
- Infeasible placement groups count: 0

Publisher:

[runtime env manager] ID to URIs table:
[runtime env manager] URIs reference table:

GcsTaskManager: 
-Total num task events reported: 0
-Total num status task events dropped: 0
-Total num profile events dropped: 0
-Current num of task events stored: 0
-Total num of actor creation tasks: 0
-Total num of actor tasks: 0
-Total num of normal tasks: 0
-Total num of driver tasks: 0

GcsAutoscalerStateManager: 
- last_seen_autoscaler_state_version_: 0
- last_cluster_resource_state_version_: 0
- pending demands:



[2025-04-26 13:16:32,366 I 2941304 2941304] (gcs_server) gcs_server.cc:870: Main service Event stats:


Global stats: 24 total (4 active)
Queueing time: mean = 34.858 ms, max = 91.486 ms, min = 64.000 ns, total = 836.600 ms
Execution time:  mean = 7.629 ms, total = 183.091 ms
Event stats:
	GcsInMemoryStore.Put - 8 total (0 active), Execution time: mean = 11.439 ms, total = 91.509 ms, Queueing time: mean = 79.709 ms, max = 91.266 ms, min = 2.015 us, total = 637.671 ms
	GcsInMemoryStore.GetAll - 5 total (0 active), Execution time: mean = 6.642 us, total = 33.211 us, Queueing time: mean = 24.269 us, max = 25.755 us, min = 21.860 us, total = 121.345 us
	PeriodicalRunner.RunFnPeriodically - 4 total (2 active, 1 running), Execution time: mean = 2.104 us, total = 8.417 us, Queueing time: mean = 45.727 ms, max = 91.486 ms, min = 91.423 ms, total = 182.910 ms
	event_loop_lag_probe - 2 total (0 active), Execution time: mean = 8.650 us, total = 17.301 us, Queueing time: mean = 7.939 ms, max = 15.839 ms, min = 39.974 us, total = 15.879 ms
	ClusterResourceManager.ResetRemoteNodeView - 1 total (1 active), Execution time: mean = 0.000 s, total = 0.000 s, Queueing time: mean = 0.000 s, max = -0.000 s, min = 9223372036.855 s, total = 0.000 s
	RayletLoadPulled - 1 total (1 active), Execution time: mean = 0.000 s, total = 0.000 s, Queueing time: mean = 0.000 s, max = -0.000 s, min = 9223372036.855 s, total = 0.000 s
	GcsServer.GetOrGenerateClusterId.continuation - 1 total (0 active), Execution time: mean = 91.497 ms, total = 91.497 ms, Queueing time: mean = 64.000 ns, max = 64.000 ns, min = 64.000 ns, total = 64.000 ns
	GcsInMemoryStore.Get - 1 total (0 active), Execution time: mean = 14.939 us, total = 14.939 us, Queueing time: mean = 18.942 us, max = 18.942 us, min = 18.942 us, total = 18.942 us
	GcsInitData::AsyncLoad - 1 total (0 active), Execution time: mean = 10.818 us, total = 10.818 us, Queueing time: mean = 300.000 ns, max = 300.000 ns, min = 300.000 ns, total = 300.000 ns


[2025-04-26 13:16:32,366 I 2941304 2941304] (gcs_server) gcs_server.cc:874: task_io_context Event stats:


Global stats: 4 total (1 active)
Queueing time: mean = 78.177 us, max = 274.082 us, min = 15.511 us, total = 312.707 us
Execution time:  mean = 34.991 us, total = 139.963 us
Event stats:
	event_loop_lag_probe - 2 total (0 active), Execution time: mean = 66.781 us, total = 133.561 us, Queueing time: mean = 148.598 us, max = 274.082 us, min = 23.114 us, total = 297.196 us
	GcsTaskManager.GcJobSummary - 1 total (1 active), Execution time: mean = 0.000 s, total = 0.000 s, Queueing time: mean = 0.000 s, max = -0.000 s, min = 9223372036.855 s, total = 0.000 s
	PeriodicalRunner.RunFnPeriodically - 1 total (0 active), Execution time: mean = 6.402 us, total = 6.402 us, Queueing time: mean = 15.511 us, max = 15.511 us, min = 15.511 us, total = 15.511 us


[2025-04-26 13:16:32,366 I 2941304 2941304] (gcs_server) gcs_server.cc:874: pubsub_io_context Event stats:


Global stats: 4 total (1 active)
Queueing time: mean = 143.065 us, max = 502.144 us, min = 23.919 us, total = 572.259 us
Execution time:  mean = 68.949 us, total = 275.796 us
Event stats:
	event_loop_lag_probe - 2 total (0 active), Execution time: mean = 123.542 us, total = 247.084 us, Queueing time: mean = 274.170 us, max = 502.144 us, min = 46.196 us, total = 548.340 us
	Publisher.CheckDeadSubscribers - 1 total (1 active), Execution time: mean = 0.000 s, total = 0.000 s, Queueing time: mean = 0.000 s, max = -0.000 s, min = 9223372036.855 s, total = 0.000 s
	PeriodicalRunner.RunFnPeriodically - 1 total (0 active), Execution time: mean = 28.712 us, total = 28.712 us, Queueing time: mean = 23.919 us, max = 23.919 us, min = 23.919 us, total = 23.919 us


[2025-04-26 13:16:32,366 I 2941304 2941304] (gcs_server) gcs_server.cc:874: ray_syncer_io_context Event stats:


Global stats: 4 total (0 active)
Queueing time: mean = 599.562 us, max = 1.624 ms, min = 62.976 us, total = 2.398 ms
Execution time:  mean = 67.497 us, total = 269.989 us
Event stats:
	event_loop_lag_probe - 2 total (0 active), Execution time: mean = 133.727 us, total = 267.455 us, Queueing time: mean = 843.645 us, max = 1.624 ms, min = 62.976 us, total = 1.687 ms
	RaySyncerRegister - 2 total (0 active), Execution time: mean = 1.267 us, total = 2.534 us, Queueing time: mean = 355.478 us, max = 357.424 us, min = 353.533 us, total = 710.957 us


[2025-04-26 13:16:35,186 I 2941304 2941304] (gcs_server) gcs_node_manager.cc:88: Registering node info, address = 10.153.51.195, node name = 10.153.51.195 node_id=e7d91c6127a23d2482e6c100b281169d1af6fc2b533d957df3d49ba0
[2025-04-26 13:16:35,186 I 2941304 2941304] (gcs_server) gcs_node_manager.cc:94: Finished registering node info, address = 10.153.51.195, node name = 10.153.51.195, is_head_node = 1 node_id=e7d91c6127a23d2482e6c100b281169d1af6fc2b533d957df3d49ba0
[2025-04-26 13:16:35,186 I 2941304 2941304] (gcs_server) gcs_placement_group_manager.cc:830: A new node: e7d91c6127a23d2482e6c100b281169d1af6fc2b533d957df3d49ba0 registered, will try to reschedule all the infeasible placement groups.
[2025-04-26 13:16:35,195 I 2941304 2941363] (gcs_server) ray_syncer.cc:244: Get connection node_id=e7d91c6127a23d2482e6c100b281169d1af6fc2b533d957df3d49ba0
[2025-04-26 13:16:36,291 I 2941304 2941304] (gcs_server) gcs_job_manager.cc:90: Adding job, job id = 01000000, driver pid = 2941106
[2025-04-26 13:16:36,291 I 2941304 2941304] (gcs_server) gcs_job_manager.cc:111: Finished adding job, job id = 01000000, driver pid = 2941106
[2025-04-26 13:16:36,314 I 2941304 2941304] (gcs_server) gcs_actor_manager.cc:396: Registering actor job_id=01000000 actor_id=1ee52d315481342b83db11cb01000000
[2025-04-26 13:16:36,315 I 2941304 2941304] (gcs_server) gcs_actor_manager.cc:401: Registered actor, job id = 01000000, actor id = 1ee52d315481342b83db11cb01000000
[2025-04-26 13:16:36,315 I 2941304 2941304] (gcs_server) gcs_actor_manager.cc:482: Creating actor job_id=01000000 actor_id=1ee52d315481342b83db11cb01000000
[2025-04-26 13:16:36,315 I 2941304 2941304] (gcs_server) gcs_actor_scheduler.cc:313: Start leasing worker from node e7d91c6127a23d2482e6c100b281169d1af6fc2b533d957df3d49ba0 for actor 1ee52d315481342b83db11cb01000000, job id = 01000000
[2025-04-26 13:16:37,385 I 2941304 2941304] (gcs_server) gcs_actor_scheduler.cc:634: Finished leasing worker from e7d91c6127a23d2482e6c100b281169d1af6fc2b533d957df3d49ba0 for actor 1ee52d315481342b83db11cb01000000, job id = 01000000
[2025-04-26 13:16:37,385 I 2941304 2941304] (gcs_server) gcs_actor_scheduler.cc:449: Start creating actor 1ee52d315481342b83db11cb01000000 on worker dfd0b47156646957b7cec621edb885f9f4b98bbe11505711a911e672 at node e7d91c6127a23d2482e6c100b281169d1af6fc2b533d957df3d49ba0, job id = 01000000
[2025-04-26 13:16:46,148 I 2941304 2941304] (gcs_server) gcs_actor_scheduler.cc:486: Finished actor creation task for actor 1ee52d315481342b83db11cb01000000 on worker dfd0b47156646957b7cec621edb885f9f4b98bbe11505711a911e672 at node e7d91c6127a23d2482e6c100b281169d1af6fc2b533d957df3d49ba0, job id = 01000000
[2025-04-26 13:16:46,148 I 2941304 2941304] (gcs_server) gcs_actor_manager.cc:1543: Actor created successfully job_id=01000000 actor_id=1ee52d315481342b83db11cb01000000
[2025-04-26 13:16:46,148 I 2941304 2941304] (gcs_server) gcs_actor_manager.cc:497: Finished creating actor. Status: OK job_id=01000000 actor_id=1ee52d315481342b83db11cb01000000
[2025-04-26 13:17:15,051 I 2941304 2941304] (gcs_server) gcs_actor_manager.cc:1029: Destroying actor job_id=01000000 actor_id=1ee52d315481342b83db11cb01000000
[2025-04-26 13:17:15,053 I 2941304 2941304] (gcs_server) gcs_job_manager.cc:149: Finished marking job state, job id = 01000000
[2025-04-26 13:17:15,053 I 2941304 2941304] (gcs_server) gcs_actor_manager.cc:1004: Worker 01000000ffffffffffffffffffffffffffffffffffffffffffffffff failed, destroying actor child, job id = 01000000
[2025-04-26 13:17:15,091 I 2941304 2941304] (gcs_server) gcs_node_manager.cc:382: Removing node, node name = 10.153.51.195, death reason = EXPECTED_TERMINATION, death message = received SIGTERM node_id=e7d91c6127a23d2482e6c100b281169d1af6fc2b533d957df3d49ba0
[2025-04-26 13:17:15,091 I 2941304 2941304] (gcs_server) gcs_placement_group_manager.cc:800: Node failed, rescheduling the placement groups on the dead node. node_id=e7d91c6127a23d2482e6c100b281169d1af6fc2b533d957df3d49ba0
[2025-04-26 13:17:15,091 I 2941304 2941304] (gcs_server) gcs_actor_manager.cc:1282: Node failed, reconstructing actors. node_id=e7d91c6127a23d2482e6c100b281169d1af6fc2b533d957df3d49ba0
[2025-04-26 13:17:15,091 I 2941304 2941304] (gcs_server) gcs_job_manager.cc:467: Node failed, mark all jobs from this node as finished node_id=e7d91c6127a23d2482e6c100b281169d1af6fc2b533d957df3d49ba0
[2025-04-26 13:17:15,374 I 2941304 2941353] (gcs_server) ray_syncer_bidi_reactor_base.h:182: Failed to read the message from: e7d91c6127a23d2482e6c100b281169d1af6fc2b533d957df3d49ba0
[2025-04-26 13:17:15,374 I 2941304 2941353] (gcs_server) ray_syncer.cc:241: Connection is broken. node_id=e7d91c6127a23d2482e6c100b281169d1af6fc2b533d957df3d49ba0
[2025-04-26 13:17:15,406 I 2941304 2941304] (gcs_server) gcs_server_main.cc:175: GCS server received SIGTERM, shutting down...
[2025-04-26 13:17:15,407 I 2941304 2941304] (gcs_server) gcs_server.cc:267: Stopping GCS server.
[2025-04-26 13:17:15,443 I 2941304 2941304] (gcs_server) gcs_server.cc:284: GCS server stopped.
[2025-04-26 13:17:15,443 I 2941304 2941304] (gcs_server) io_service_pool.cc:47: IOServicePool is stopped.
[2025-04-26 13:17:15,509 I 2941304 2941304] (gcs_server) stats.h:120: Stats module has shutdown.
