[2025-04-26 13:16:34,155 I 2941518 2941518] (raylet) main.cc:226: Setting cluster ID to: 7f0c4a5c7eb90728c751451c3b8470930a531a2c6ceccf04e1a0adf2
[2025-04-26 13:16:34,162 I 2941518 2941518] (raylet) main.cc:341: Raylet is not set to kill unknown children.
[2025-04-26 13:16:34,163 I 2941518 2941518] (raylet) io_service_pool.cc:35: IOServicePool is running with 1 io_service.
[2025-04-26 13:16:34,163 I 2941518 2941518] (raylet) main.cc:471: Setting node ID node_id=e7d91c6127a23d2482e6c100b281169d1af6fc2b533d957df3d49ba0
[2025-04-26 13:16:34,163 I 2941518 2941518] (raylet) store_runner.cc:33: Allowing the Plasma store to use up to 36.4732GB of memory.
[2025-04-26 13:16:34,163 I 2941518 2941518] (raylet) store_runner.cc:49: Starting object store with directory /dev/shm, fallback /home/stud/wxie/EasyR1/ray, and huge page support disabled
[2025-04-26 13:16:34,164 I 2941518 2941546] (raylet) dlmalloc.cc:154: create_and_mmap_buffer(36473274376, /dev/shm/plasmaXXXXXX)
[2025-04-26 13:16:34,166 I 2941518 2941546] (raylet) store.cc:564: Plasma store debug dump: 
Current usage: 0 / 36.4732 GB
- num bytes created total: 0
0 pending objects of total size 0MB
- objects spillable: 0
- bytes spillable: 0
- objects unsealed: 0
- bytes unsealed: 0
- objects in use: 0
- bytes in use: 0
- objects evictable: 0
- bytes evictable: 0

- objects created by worker: 0
- bytes created by worker: 0
- objects restored: 0
- bytes restored: 0
- objects received: 0
- bytes received: 0
- objects errored: 0
- bytes errored: 0

[2025-04-26 13:16:35,169 I 2941518 2941518] (raylet) grpc_server.cc:135: ObjectManager server started, listening on port 37887.
[2025-04-26 13:16:35,172 I 2941518 2941518] (raylet) worker_killing_policy.cc:101: Running GroupByOwner policy.
[2025-04-26 13:16:35,173 W 2941518 2941518] (raylet) memory_monitor.cc:198: Got negative used memory for cgroup -1, setting it to zero
[2025-04-26 13:16:35,173 I 2941518 2941518] (raylet) memory_monitor.cc:48: MemoryMonitor initialized with usage threshold at 128114286592 bytes (0.95 system memory), total system memory bytes: 134857150464
[2025-04-26 13:16:35,173 I 2941518 2941518] (raylet) node_manager.cc:295: Initializing NodeManager node_id=e7d91c6127a23d2482e6c100b281169d1af6fc2b533d957df3d49ba0
[2025-04-26 13:16:35,174 I 2941518 2941518] (raylet) grpc_server.cc:135: NodeManager server started, listening on port 36859.
[2025-04-26 13:16:35,183 I 2941518 2941623] (raylet) agent_manager.cc:78: Monitor agent process with name dashboard_agent/424238335
[2025-04-26 13:16:35,183 I 2941518 2941625] (raylet) agent_manager.cc:78: Monitor agent process with name runtime_env_agent
[2025-04-26 13:16:35,185 I 2941518 2941518] (raylet) event.cc:500: Ray Event initialized for RAYLET
[2025-04-26 13:16:35,185 I 2941518 2941518] (raylet) event.cc:331: Set ray event level to warning
[2025-04-26 13:16:35,187 I 2941518 2941518] (raylet) raylet.cc:134: Raylet of id, e7d91c6127a23d2482e6c100b281169d1af6fc2b533d957df3d49ba0 started. Raylet consists of node_manager and object_manager. node_manager address: 10.153.51.195:36859 object_manager address: 10.153.51.195:37887 hostname: marajo
[2025-04-26 13:16:35,192 I 2941518 2941518] (raylet) node_manager.cc:532: [state-dump] NodeManager:
[state-dump] Node ID: e7d91c6127a23d2482e6c100b281169d1af6fc2b533d957df3d49ba0
[state-dump] Node name: 10.153.51.195
[state-dump] InitialConfigResources: {object_store_memory: 364732293120000, node:10.153.51.195: 10000, memory: 751042017280000, node:__internal_head__: 10000, CPU: 320000, GPU: 10000, accelerator_type:H100: 10000}
[state-dump] ClusterTaskManager:
[state-dump] ========== Node: e7d91c6127a23d2482e6c100b281169d1af6fc2b533d957df3d49ba0 =================
[state-dump] Infeasible queue length: 0
[state-dump] Schedule queue length: 0
[state-dump] Dispatch queue length: 0
[state-dump] num_waiting_for_resource: 0
[state-dump] num_waiting_for_plasma_memory: 0
[state-dump] num_waiting_for_remote_node_resources: 0
[state-dump] num_worker_not_started_by_job_config_not_exist: 0
[state-dump] num_worker_not_started_by_registration_timeout: 0
[state-dump] num_tasks_waiting_for_workers: 0
[state-dump] num_cancelled_tasks: 0
[state-dump] cluster_resource_scheduler state: 
[state-dump] Local id: -2584048605377573763 Local resources: {"total":{node:10.153.51.195: [10000], object_store_memory: [364732293120000], accelerator_type:H100: [10000], node:__internal_head__: [10000], memory: [751042017280000], GPU: [10000], CPU: [320000]}}, "available": {node:10.153.51.195: [10000], object_store_memory: [364732293120000], accelerator_type:H100: [10000], node:__internal_head__: [10000], memory: [751042017280000], GPU: [10000], CPU: [320000]}}, "labels":{"ray.io/node_id":"e7d91c6127a23d2482e6c100b281169d1af6fc2b533d957df3d49ba0",} is_draining: 0 is_idle: 1 Cluster resources: node id: -2584048605377573763{"total":{object_store_memory: 364732293120000, node:10.153.51.195: 10000, node:__internal_head__: 10000, memory: 751042017280000, CPU: 320000, GPU: 10000, accelerator_type:H100: 10000}}, "available": {object_store_memory: 364732293120000, node:10.153.51.195: 10000, node:__internal_head__: 10000, memory: 751042017280000, CPU: 320000, GPU: 10000, accelerator_type:H100: 10000}}, "labels":{"ray.io/node_id":"e7d91c6127a23d2482e6c100b281169d1af6fc2b533d957df3d49ba0",}, "is_draining": 0, "draining_deadline_timestamp_ms": -1} { "placment group locations": [], "node to bundles": []}
[state-dump] Waiting tasks size: 0
[state-dump] Number of executing tasks: 0
[state-dump] Number of pinned task arguments: 0
[state-dump] Number of total spilled tasks: 0
[state-dump] Number of spilled waiting tasks: 0
[state-dump] Number of spilled unschedulable tasks: 0
[state-dump] Resource usage {
[state-dump] }
[state-dump] Backlog Size per scheduling descriptor :{workerId: num backlogs}:
[state-dump] 
[state-dump] Running tasks by scheduling class:
[state-dump] ==================================================
[state-dump] 
[state-dump] ClusterResources:
[state-dump] LocalObjectManager:
[state-dump] - num pinned objects: 0
[state-dump] - pinned objects size: 0
[state-dump] - num objects pending restore: 0
[state-dump] - num objects pending spill: 0
[state-dump] - num bytes pending spill: 0
[state-dump] - num bytes currently spilled: 0
[state-dump] - cumulative spill requests: 0
[state-dump] - cumulative restore requests: 0
[state-dump] - spilled objects pending delete: 0
[state-dump] 
[state-dump] ObjectManager:
[state-dump] - num local objects: 0
[state-dump] - num unfulfilled push requests: 0
[state-dump] - num object pull requests: 0
[state-dump] - num chunks received total: 0
[state-dump] - num chunks received failed (all): 0
[state-dump] - num chunks received failed / cancelled: 0
[state-dump] - num chunks received failed / plasma error: 0
[state-dump] Event stats:
[state-dump] Global stats: 0 total (0 active)
[state-dump] Queueing time: mean = -nan s, max = -0.000 s, min = 9223372036.855 s, total = 0.000 s
[state-dump] Execution time:  mean = -nan s, total = 0.000 s
[state-dump] Event stats:
[state-dump] PushManager:
[state-dump] - num pushes in flight: 0
[state-dump] - num chunks in flight: 0
[state-dump] - num chunks remaining: 0
[state-dump] - max chunks allowed: 409
[state-dump] OwnershipBasedObjectDirectory:
[state-dump] - num listeners: 0
[state-dump] - cumulative location updates: 0
[state-dump] - num location updates per second: 31879499376566000.000
[state-dump] - num location lookups per second: 31879499376560000.000
[state-dump] - num locations added per second: 0.000
[state-dump] - num locations removed per second: 0.000
[state-dump] BufferPool:
[state-dump] - create buffer state map size: 0
[state-dump] PullManager:
[state-dump] - num bytes available for pulled objects: 36473229312
[state-dump] - num bytes being pulled (all): 0
[state-dump] - num bytes being pulled / pinned: 0
[state-dump] - get request bundles: BundlePullRequestQueue{0 total, 0 active, 0 inactive, 0 unpullable}
[state-dump] - wait request bundles: BundlePullRequestQueue{0 total, 0 active, 0 inactive, 0 unpullable}
[state-dump] - task request bundles: BundlePullRequestQueue{0 total, 0 active, 0 inactive, 0 unpullable}
[state-dump] - first get request bundle: N/A
[state-dump] - first wait request bundle: N/A
[state-dump] - first task request bundle: N/A
[state-dump] - num objects queued: 0
[state-dump] - num objects actively pulled (all): 0
[state-dump] - num objects actively pulled / pinned: 0
[state-dump] - num bundles being pulled: 0
[state-dump] - num pull retries: 0
[state-dump] - max timeout seconds: 0
[state-dump] - max timeout request is already processed. No entry.
[state-dump] 
[state-dump] WorkerPool:
[state-dump] - registered jobs: 0
[state-dump] - process_failed_job_config_missing: 0
[state-dump] - process_failed_rate_limited: 0
[state-dump] - process_failed_pending_registration: 0
[state-dump] - process_failed_runtime_env_setup_failed: 0
[state-dump] - num JAVA workers: 0
[state-dump] - num JAVA drivers: 0
[state-dump] - num JAVA pending start requests: 0
[state-dump] - num JAVA pending registration requests: 0
[state-dump] - num object spill callbacks queued: 0
[state-dump] - num object restore queued: 0
[state-dump] - num util functions queued: 0
[state-dump] - num PYTHON workers: 0
[state-dump] - num PYTHON drivers: 0
[state-dump] - num PYTHON pending start requests: 0
[state-dump] - num PYTHON pending registration requests: 0
[state-dump] - num object spill callbacks queued: 0
[state-dump] - num object restore queued: 0
[state-dump] - num util functions queued: 0
[state-dump] - num idle workers: 0
[state-dump] TaskDependencyManager:
[state-dump] - task deps map size: 0
[state-dump] - get req map size: 0
[state-dump] - wait req map size: 0
[state-dump] - local objects map size: 0
[state-dump] WaitManager:
[state-dump] - num active wait requests: 0
[state-dump] Subscriber:
[state-dump] Channel WORKER_OBJECT_EVICTION
[state-dump] - cumulative subscribe requests: 0
[state-dump] - cumulative unsubscribe requests: 0
[state-dump] - active subscribed publishers: 0
[state-dump] - cumulative published messages: 0
[state-dump] - cumulative processed messages: 0
[state-dump] Channel WORKER_REF_REMOVED_CHANNEL
[state-dump] - cumulative subscribe requests: 0
[state-dump] - cumulative unsubscribe requests: 0
[state-dump] - active subscribed publishers: 0
[state-dump] - cumulative published messages: 0
[state-dump] - cumulative processed messages: 0
[state-dump] Channel WORKER_OBJECT_LOCATIONS_CHANNEL
[state-dump] - cumulative subscribe requests: 0
[state-dump] - cumulative unsubscribe requests: 0
[state-dump] - active subscribed publishers: 0
[state-dump] - cumulative published messages: 0
[state-dump] - cumulative processed messages: 0
[state-dump] num async plasma notifications: 0
[state-dump] Remote node managers: 
[state-dump] Event stats:
[state-dump] Global stats: 28 total (13 active)
[state-dump] Queueing time: mean = 1.975 ms, max = 13.013 ms, min = 15.355 us, total = 55.286 ms
[state-dump] Execution time:  mean = 36.875 ms, total = 1.032 s
[state-dump] Event stats:
[state-dump] 	PeriodicalRunner.RunFnPeriodically - 11 total (2 active, 1 running), Execution time: mean = 384.602 us, total = 4.231 ms, Queueing time: mean = 5.021 ms, max = 13.013 ms, min = 29.438 us, total = 55.228 ms
[state-dump] 	ray::rpc::NodeInfoGcsService.grpc_client.RegisterNode - 1 total (0 active), Execution time: mean = 2.168 ms, total = 2.168 ms, Queueing time: mean = 0.000 s, max = -0.000 s, min = 9223372036.855 s, total = 0.000 s
[state-dump] 	NodeManager.deadline_timer.debug_state_dump - 1 total (1 active), Execution time: mean = 0.000 s, total = 0.000 s, Queueing time: mean = 0.000 s, max = -0.000 s, min = 9223372036.855 s, total = 0.000 s
[state-dump] 	ray::rpc::InternalPubSubGcsService.grpc_client.GcsSubscriberCommandBatch.OnReplyReceived - 1 total (1 active), Execution time: mean = 0.000 s, total = 0.000 s, Queueing time: mean = 0.000 s, max = -0.000 s, min = 9223372036.855 s, total = 0.000 s
[state-dump] 	NodeManager.deadline_timer.flush_free_objects - 1 total (1 active), Execution time: mean = 0.000 s, total = 0.000 s, Queueing time: mean = 0.000 s, max = -0.000 s, min = 9223372036.855 s, total = 0.000 s
[state-dump] 	ray::rpc::InternalPubSubGcsService.grpc_client.GcsSubscriberCommandBatch - 1 total (0 active), Execution time: mean = 1.192 ms, total = 1.192 ms, Queueing time: mean = 0.000 s, max = -0.000 s, min = 9223372036.855 s, total = 0.000 s
[state-dump] 	NodeManager.deadline_timer.record_metrics - 1 total (1 active), Execution time: mean = 0.000 s, total = 0.000 s, Queueing time: mean = 0.000 s, max = -0.000 s, min = 9223372036.855 s, total = 0.000 s
[state-dump] 	MemoryMonitor.CheckIsMemoryUsageAboveThreshold - 1 total (1 active), Execution time: mean = 0.000 s, total = 0.000 s, Queueing time: mean = 0.000 s, max = -0.000 s, min = 9223372036.855 s, total = 0.000 s
[state-dump] 	ray::rpc::InternalKVGcsService.grpc_client.GetInternalConfig - 1 total (0 active), Execution time: mean = 1.270 ms, total = 1.270 ms, Queueing time: mean = 0.000 s, max = -0.000 s, min = 9223372036.855 s, total = 0.000 s
[state-dump] 	NodeManager.ScheduleAndDispatchTasks - 1 total (1 active), Execution time: mean = 0.000 s, total = 0.000 s, Queueing time: mean = 0.000 s, max = -0.000 s, min = 9223372036.855 s, total = 0.000 s
[state-dump] 	ClusterResourceManager.ResetRemoteNodeView - 1 total (1 active), Execution time: mean = 0.000 s, total = 0.000 s, Queueing time: mean = 0.000 s, max = -0.000 s, min = 9223372036.855 s, total = 0.000 s
[state-dump] 	ray::rpc::InternalPubSubGcsService.grpc_client.GcsSubscriberPoll - 1 total (1 active), Execution time: mean = 0.000 s, total = 0.000 s, Queueing time: mean = 0.000 s, max = -0.000 s, min = 9223372036.855 s, total = 0.000 s
[state-dump] 	ray::rpc::InternalKVGcsService.grpc_client.GetInternalConfig.OnReplyReceived - 1 total (0 active), Execution time: mean = 1.023 s, total = 1.023 s, Queueing time: mean = 23.603 us, max = 23.603 us, min = 23.603 us, total = 23.603 us
[state-dump] 	ray::rpc::NodeInfoGcsService.grpc_client.RegisterNode.OnReplyReceived - 1 total (0 active), Execution time: mean = 298.923 us, total = 298.923 us, Queueing time: mean = 15.355 us, max = 15.355 us, min = 15.355 us, total = 15.355 us
[state-dump] 	ObjectManager.UpdateAvailableMemory - 1 total (0 active), Execution time: mean = 4.395 us, total = 4.395 us, Queueing time: mean = 19.525 us, max = 19.525 us, min = 19.525 us, total = 19.525 us
[state-dump] 	NodeManager.GCTaskFailureReason - 1 total (1 active), Execution time: mean = 0.000 s, total = 0.000 s, Queueing time: mean = 0.000 s, max = -0.000 s, min = 9223372036.855 s, total = 0.000 s
[state-dump] 	NodeManager.deadline_timer.spill_objects_when_over_threshold - 1 total (1 active), Execution time: mean = 0.000 s, total = 0.000 s, Queueing time: mean = 0.000 s, max = -0.000 s, min = 9223372036.855 s, total = 0.000 s
[state-dump] 	RayletWorkerPool.deadline_timer.kill_idle_workers - 1 total (1 active), Execution time: mean = 0.000 s, total = 0.000 s, Queueing time: mean = 0.000 s, max = -0.000 s, min = 9223372036.855 s, total = 0.000 s
[state-dump] DebugString() time ms: 1
[state-dump] 
[state-dump] 
[2025-04-26 13:16:35,194 I 2941518 2941518] (raylet) accessor.cc:777: Received notification for node, IsAlive = 1 node_id=e7d91c6127a23d2482e6c100b281169d1af6fc2b533d957df3d49ba0
[2025-04-26 13:16:35,254 I 2941518 2941518] (raylet) worker_pool.cc:729: [Eagerly] Start install runtime environment for job 01000000.
[2025-04-26 13:16:35,259 I 2941518 2941518] (raylet) worker_pool.cc:522: Started worker process with pid 2941647, the token is 0
[2025-04-26 13:16:35,264 I 2941518 2941518] (raylet) worker_pool.cc:522: Started worker process with pid 2941648, the token is 1
[2025-04-26 13:16:35,268 I 2941518 2941518] (raylet) worker_pool.cc:522: Started worker process with pid 2941649, the token is 2
[2025-04-26 13:16:35,272 I 2941518 2941518] (raylet) worker_pool.cc:522: Started worker process with pid 2941650, the token is 3
[2025-04-26 13:16:35,276 I 2941518 2941518] (raylet) worker_pool.cc:522: Started worker process with pid 2941651, the token is 4
[2025-04-26 13:16:35,280 I 2941518 2941518] (raylet) worker_pool.cc:522: Started worker process with pid 2941652, the token is 5
[2025-04-26 13:16:35,284 I 2941518 2941518] (raylet) worker_pool.cc:522: Started worker process with pid 2941653, the token is 6
[2025-04-26 13:16:35,288 I 2941518 2941518] (raylet) worker_pool.cc:522: Started worker process with pid 2941654, the token is 7
[2025-04-26 13:16:35,292 I 2941518 2941518] (raylet) worker_pool.cc:522: Started worker process with pid 2941655, the token is 8
[2025-04-26 13:16:35,296 I 2941518 2941518] (raylet) worker_pool.cc:522: Started worker process with pid 2941656, the token is 9
[2025-04-26 13:16:35,300 I 2941518 2941518] (raylet) worker_pool.cc:522: Started worker process with pid 2941657, the token is 10
[2025-04-26 13:16:35,303 I 2941518 2941518] (raylet) worker_pool.cc:522: Started worker process with pid 2941658, the token is 11
[2025-04-26 13:16:35,307 I 2941518 2941518] (raylet) worker_pool.cc:522: Started worker process with pid 2941659, the token is 12
[2025-04-26 13:16:35,311 I 2941518 2941518] (raylet) worker_pool.cc:522: Started worker process with pid 2941660, the token is 13
[2025-04-26 13:16:35,315 I 2941518 2941518] (raylet) worker_pool.cc:522: Started worker process with pid 2941661, the token is 14
[2025-04-26 13:16:35,318 I 2941518 2941518] (raylet) worker_pool.cc:522: Started worker process with pid 2941662, the token is 15
[2025-04-26 13:16:35,322 I 2941518 2941518] (raylet) worker_pool.cc:522: Started worker process with pid 2941663, the token is 16
[2025-04-26 13:16:35,326 I 2941518 2941518] (raylet) worker_pool.cc:522: Started worker process with pid 2941664, the token is 17
[2025-04-26 13:16:35,330 I 2941518 2941518] (raylet) worker_pool.cc:522: Started worker process with pid 2941665, the token is 18
[2025-04-26 13:16:35,357 I 2941518 2941518] (raylet) worker_pool.cc:522: Started worker process with pid 2941666, the token is 19
[2025-04-26 13:16:35,362 I 2941518 2941518] (raylet) worker_pool.cc:522: Started worker process with pid 2941667, the token is 20
[2025-04-26 13:16:35,366 I 2941518 2941518] (raylet) worker_pool.cc:522: Started worker process with pid 2941668, the token is 21
[2025-04-26 13:16:35,370 I 2941518 2941518] (raylet) worker_pool.cc:522: Started worker process with pid 2941669, the token is 22
[2025-04-26 13:16:35,374 I 2941518 2941518] (raylet) worker_pool.cc:522: Started worker process with pid 2941670, the token is 23
[2025-04-26 13:16:35,378 I 2941518 2941518] (raylet) worker_pool.cc:522: Started worker process with pid 2941671, the token is 24
[2025-04-26 13:16:35,383 I 2941518 2941518] (raylet) worker_pool.cc:522: Started worker process with pid 2941672, the token is 25
[2025-04-26 13:16:35,388 I 2941518 2941518] (raylet) worker_pool.cc:522: Started worker process with pid 2941673, the token is 26
[2025-04-26 13:16:35,392 I 2941518 2941518] (raylet) worker_pool.cc:522: Started worker process with pid 2941674, the token is 27
[2025-04-26 13:16:35,396 I 2941518 2941518] (raylet) worker_pool.cc:522: Started worker process with pid 2941675, the token is 28
[2025-04-26 13:16:35,401 I 2941518 2941518] (raylet) worker_pool.cc:522: Started worker process with pid 2941676, the token is 29
[2025-04-26 13:16:35,405 I 2941518 2941518] (raylet) worker_pool.cc:522: Started worker process with pid 2941677, the token is 30
[2025-04-26 13:16:35,409 I 2941518 2941518] (raylet) worker_pool.cc:522: Started worker process with pid 2941678, the token is 31
[2025-04-26 13:16:35,410 I 2941518 2941518] (raylet) runtime_env_agent_client.cc:340: Runtime Env Agent network error: NotFound: on_connect Connection refused, the server may be still starting or is already failed. Scheduling a retry in 1000ms...
[2025-04-26 13:16:36,062 I 2941518 2941546] (raylet) object_store.cc:35: Object store current usage 8e-09 / 36.4732 GB.
[2025-04-26 13:16:36,291 I 2941518 2941518] (raylet) worker_pool.cc:719: Job 01000000 already started in worker pool.
[2025-04-26 13:16:36,319 I 2941518 2941518] (raylet) runtime_env_agent_client.cc:383: Create runtime env for job 01000000
[2025-04-26 13:16:36,322 I 2941518 2941518] (raylet) worker_pool.cc:522: Started worker process with pid 2943556, the token is 32
[2025-04-26 13:16:36,415 I 2941518 2941518] (raylet) runtime_env_agent_client.cc:383: Create runtime env for job 01000000
[2025-04-26 13:16:36,415 I 2941518 2941518] (raylet) worker_pool.cc:740: [Eagerly] Create runtime env successful for job 01000000.
[2025-04-26 13:16:37,423 I 2941518 2941518] (raylet) node_manager.cc:1549: NodeManager::DisconnectClient, disconnect_type=1, has creation task exception = false
[2025-04-26 13:16:40,197 W 2941518 2941518] (raylet) memory_monitor.cc:198: Got negative used memory for cgroup -1, setting it to zero
[2025-04-26 13:16:45,204 W 2941518 2941518] (raylet) memory_monitor.cc:198: Got negative used memory for cgroup -1, setting it to zero
[2025-04-26 13:16:50,210 W 2941518 2941518] (raylet) memory_monitor.cc:198: Got negative used memory for cgroup -1, setting it to zero
[2025-04-26 13:16:55,217 W 2941518 2941518] (raylet) memory_monitor.cc:198: Got negative used memory for cgroup -1, setting it to zero
[2025-04-26 13:17:00,223 W 2941518 2941518] (raylet) memory_monitor.cc:198: Got negative used memory for cgroup -1, setting it to zero
[2025-04-26 13:17:05,228 W 2941518 2941518] (raylet) memory_monitor.cc:198: Got negative used memory for cgroup -1, setting it to zero
[2025-04-26 13:17:10,234 W 2941518 2941518] (raylet) memory_monitor.cc:198: Got negative used memory for cgroup -1, setting it to zero
[2025-04-26 13:17:15,050 I 2941518 2941518] (raylet) node_manager.cc:1549: NodeManager::DisconnectClient, disconnect_type=3, has creation task exception = false
[2025-04-26 13:17:15,050 I 2941518 2941518] (raylet) node_manager.cc:1654: Driver (pid=2941106) is disconnected. worker_id=01000000ffffffffffffffffffffffffffffffffffffffffffffffff job_id=01000000
[2025-04-26 13:17:15,053 I 2941518 2941518] (raylet) node_manager.cc:1082: The leased worker dfd0b47156646957b7cec621edb885f9f4b98bbe11505711a911e672 is killed because the owner process 01000000ffffffffffffffffffffffffffffffffffffffffffffffff died.
[2025-04-26 13:17:15,054 I 2941518 2941518] (raylet) worker_pool.cc:719: Job 01000000 already started in worker pool.
[2025-04-26 13:17:15,055 I 2941518 2941518] (raylet) node_manager.cc:640: The leased worker  is killed because the job 01000000 finished. worker_id=dfd0b47156646957b7cec621edb885f9f4b98bbe11505711a911e672
[2025-04-26 13:17:15,079 I 2941518 2941518] (raylet) node_manager.cc:1549: NodeManager::DisconnectClient, disconnect_type=1, has creation task exception = false
[2025-04-26 13:17:15,090 I 2941518 2941518] (raylet) main.cc:506: received SIGTERM. Existing local drain request = None
[2025-04-26 13:17:15,091 I 2941518 2941518] (raylet) main.cc:307: Raylet graceful shutdown triggered, reason = EXPECTED_TERMINATION, reason message = received SIGTERM
[2025-04-26 13:17:15,091 I 2941518 2941518] (raylet) main.cc:310: Shutting down...
[2025-04-26 13:17:15,091 I 2941518 2941518] (raylet) accessor.cc:511: Unregistering node node_id=e7d91c6127a23d2482e6c100b281169d1af6fc2b533d957df3d49ba0
[2025-04-26 13:17:15,092 I 2941518 2941518] (raylet) accessor.cc:524: Finished unregistering node info, status = OK node_id=e7d91c6127a23d2482e6c100b281169d1af6fc2b533d957df3d49ba0
[2025-04-26 13:17:15,097 I 2941518 2941518] (raylet) agent_manager.cc:113: Killing agent dashboard_agent/424238335, pid 2941622.
[2025-04-26 13:17:15,118 I 2941518 2941623] (raylet) agent_manager.cc:80: Agent process with name dashboard_agent/424238335 exited, exit code 0.
[2025-04-26 13:17:15,119 I 2941518 2941518] (raylet) agent_manager.cc:113: Killing agent runtime_env_agent, pid 2941624.
[2025-04-26 13:17:15,132 I 2941518 2941625] (raylet) agent_manager.cc:80: Agent process with name runtime_env_agent exited, exit code 0.
[2025-04-26 13:17:15,132 I 2941518 2941518] (raylet) io_service_pool.cc:47: IOServicePool is stopped.
[2025-04-26 13:17:15,306 I 2941518 2941518] (raylet) stats.h:120: Stats module has shutdown.
