[2025-04-27 10:53:28,007 I 3319657 3319657] (gcs_server) gcs_server_main.cc:95: Ray cluster metadata ray_version=2.43.0 ray_commit=ecdcdc6a6e63dc4bcd6ea16aae256ce4d32a7e2c
[2025-04-27 10:53:28,008 I 3319657 3319657] (gcs_server) io_service_pool.cc:35: IOServicePool is running with 1 io_service.
[2025-04-27 10:53:28,016 I 3319657 3319657] (gcs_server) event.cc:500: Ray Event initialized for GCS
[2025-04-27 10:53:28,018 I 3319657 3319657] (gcs_server) event.cc:500: Ray Event initialized for EXPORT_NODE
[2025-04-27 10:53:28,019 I 3319657 3319657] (gcs_server) event.cc:500: Ray Event initialized for EXPORT_ACTOR
[2025-04-27 10:53:28,019 I 3319657 3319657] (gcs_server) event.cc:500: Ray Event initialized for EXPORT_DRIVER_JOB
[2025-04-27 10:53:28,019 I 3319657 3319657] (gcs_server) event.cc:331: Set ray event level to warning
[2025-04-27 10:53:28,020 I 3319657 3319657] (gcs_server) gcs_server.cc:73: GCS storage type is StorageType::IN_MEMORY
[2025-04-27 10:53:28,021 I 3319657 3319657] (gcs_server) gcs_init_data.cc:42: Loading job table data.
[2025-04-27 10:53:28,021 I 3319657 3319657] (gcs_server) gcs_init_data.cc:52: Loading node table data.
[2025-04-27 10:53:28,021 I 3319657 3319657] (gcs_server) gcs_init_data.cc:74: Loading actor table data.
[2025-04-27 10:53:28,021 I 3319657 3319657] (gcs_server) gcs_init_data.cc:85: Loading actor task spec table data.
[2025-04-27 10:53:28,021 I 3319657 3319657] (gcs_server) gcs_init_data.cc:62: Loading placement group table data.
[2025-04-27 10:53:28,021 I 3319657 3319657] (gcs_server) gcs_init_data.cc:46: Finished loading job table data, size = 0
[2025-04-27 10:53:28,021 I 3319657 3319657] (gcs_server) gcs_init_data.cc:56: Finished loading node table data, size = 0
[2025-04-27 10:53:28,021 I 3319657 3319657] (gcs_server) gcs_init_data.cc:79: Finished loading actor table data, size = 0
[2025-04-27 10:53:28,021 I 3319657 3319657] (gcs_server) gcs_init_data.cc:90: Finished loading actor task spec table data, size = 0
[2025-04-27 10:53:28,021 I 3319657 3319657] (gcs_server) gcs_init_data.cc:68: Finished loading placement group table data, size = 0
[2025-04-27 10:53:28,021 I 3319657 3319657] (gcs_server) gcs_server.cc:157: No existing server cluster ID found. Generating new ID: 9791b658ee1a73335503f32e429f8b4d7ecac59103594c2f659644df
[2025-04-27 10:53:28,021 I 3319657 3319657] (gcs_server) gcs_server.cc:672: Autoscaler V2 enabled: 0
[2025-04-27 10:53:28,022 I 3319657 3319657] (gcs_server) grpc_server.cc:135: GcsServer server started, listening on port 59322.
[2025-04-27 10:53:28,112 I 3319657 3319657] (gcs_server) gcs_server.cc:245: Gcs Debug state:

GcsNodeManager: 
- RegisterNode request count: 0
- DrainNode request count: 0
- GetAllNodeInfo request count: 0

GcsActorManager: 
- RegisterActor request count: 0
- CreateActor request count: 0
- GetActorInfo request count: 0
- GetNamedActorInfo request count: 0
- GetAllActorInfo request count: 0
- KillActor request count: 0
- ListNamedActors request count: 0
- Registered actors count: 0
- Destroyed actors count: 0
- Named actors count: 0
- Unresolved actors count: 0
- Pending actors count: 0
- Created actors count: 0
- owners_: 0
- actor_to_register_callbacks_: 0
- actor_to_restart_callbacks_: 0
- actor_to_create_callbacks_: 0
- sorted_destroyed_actor_list_: 0

GcsResourceManager: 
- GetAllAvailableResources request count: 0
- GetAllTotalResources request count: 0
- GetAllResourceUsage request count: 0

GcsPlacementGroupManager: 
- CreatePlacementGroup request count: 0
- RemovePlacementGroup request count: 0
- GetPlacementGroup request count: 0
- GetAllPlacementGroup request count: 0
- WaitPlacementGroupUntilReady request count: 0
- GetNamedPlacementGroup request count: 0
- Scheduling pending placement group count: 0
- Registered placement groups count: 0
- Named placement group count: 0
- Pending placement groups count: 0
- Infeasible placement groups count: 0

Publisher:

[runtime env manager] ID to URIs table:
[runtime env manager] URIs reference table:

GcsTaskManager: 
-Total num task events reported: 0
-Total num status task events dropped: 0
-Total num profile events dropped: 0
-Current num of task events stored: 0
-Total num of actor creation tasks: 0
-Total num of actor tasks: 0
-Total num of normal tasks: 0
-Total num of driver tasks: 0

GcsAutoscalerStateManager: 
- last_seen_autoscaler_state_version_: 0
- last_cluster_resource_state_version_: 0
- pending demands:



[2025-04-27 10:53:28,112 I 3319657 3319657] (gcs_server) gcs_server.cc:870: Main service Event stats:


Global stats: 26 total (5 active)
Queueing time: mean = 31.699 ms, max = 90.420 ms, min = 51.000 ns, total = 824.171 ms
Execution time:  mean = 6.975 ms, total = 181.348 ms
Event stats:
	GcsInMemoryStore.Put - 8 total (0 active), Execution time: mean = 11.306 ms, total = 90.448 ms, Queueing time: mean = 78.766 ms, max = 90.166 ms, min = 2.124 us, total = 630.124 ms
	GcsInMemoryStore.GetAll - 5 total (0 active), Execution time: mean = 7.255 us, total = 36.277 us, Queueing time: mean = 24.735 us, max = 27.274 us, min = 21.804 us, total = 123.674 us
	PeriodicalRunner.RunFnPeriodically - 4 total (2 active, 1 running), Execution time: mean = 2.093 us, total = 8.372 us, Queueing time: mean = 45.193 ms, max = 90.420 ms, min = 90.353 ms, total = 180.774 ms
	event_loop_lag_probe - 2 total (0 active), Execution time: mean = 5.881 us, total = 11.762 us, Queueing time: mean = 6.522 ms, max = 13.001 ms, min = 44.019 us, total = 13.045 ms
	RayletLoadPulled - 1 total (1 active), Execution time: mean = 0.000 s, total = 0.000 s, Queueing time: mean = 0.000 s, max = -0.000 s, min = 9223372036.855 s, total = 0.000 s
	GcsInitData::AsyncLoad - 1 total (0 active), Execution time: mean = 11.607 us, total = 11.607 us, Queueing time: mean = 368.000 ns, max = 368.000 ns, min = 368.000 ns, total = 368.000 ns
	NodeInfoGcsService.grpc_server.GetClusterId.HandleRequestImpl - 1 total (0 active), Execution time: mean = 382.725 us, total = 382.725 us, Queueing time: mean = 89.724 us, max = 89.724 us, min = 89.724 us, total = 89.724 us
	ClusterResourceManager.ResetRemoteNodeView - 1 total (1 active), Execution time: mean = 0.000 s, total = 0.000 s, Queueing time: mean = 0.000 s, max = -0.000 s, min = 9223372036.855 s, total = 0.000 s
	GcsInMemoryStore.Get - 1 total (0 active), Execution time: mean = 15.678 us, total = 15.678 us, Queueing time: mean = 13.856 us, max = 13.856 us, min = 13.856 us, total = 13.856 us
	NodeInfoGcsService.grpc_server.GetClusterId - 1 total (1 active), Execution time: mean = 0.000 s, total = 0.000 s, Queueing time: mean = 0.000 s, max = -0.000 s, min = 9223372036.855 s, total = 0.000 s
	GcsServer.GetOrGenerateClusterId.continuation - 1 total (0 active), Execution time: mean = 90.434 ms, total = 90.434 ms, Queueing time: mean = 51.000 ns, max = 51.000 ns, min = 51.000 ns, total = 51.000 ns


[2025-04-27 10:53:28,112 I 3319657 3319657] (gcs_server) gcs_server.cc:874: task_io_context Event stats:


Global stats: 4 total (1 active)
Queueing time: mean = 87.567 us, max = 231.747 us, min = 19.787 us, total = 350.268 us
Execution time:  mean = 45.307 us, total = 181.230 us
Event stats:
	event_loop_lag_probe - 2 total (0 active), Execution time: mean = 84.823 us, total = 169.645 us, Queueing time: mean = 125.767 us, max = 231.747 us, min = 19.787 us, total = 251.534 us
	PeriodicalRunner.RunFnPeriodically - 1 total (0 active), Execution time: mean = 11.585 us, total = 11.585 us, Queueing time: mean = 98.734 us, max = 98.734 us, min = 98.734 us, total = 98.734 us
	GcsTaskManager.GcJobSummary - 1 total (1 active), Execution time: mean = 0.000 s, total = 0.000 s, Queueing time: mean = 0.000 s, max = -0.000 s, min = 9223372036.855 s, total = 0.000 s


[2025-04-27 10:53:28,112 I 3319657 3319657] (gcs_server) gcs_server.cc:874: pubsub_io_context Event stats:


Global stats: 4 total (1 active)
Queueing time: mean = 123.878 us, max = 425.488 us, min = 28.280 us, total = 495.511 us
Execution time:  mean = 64.181 us, total = 256.724 us
Event stats:
	event_loop_lag_probe - 2 total (0 active), Execution time: mean = 123.579 us, total = 247.159 us, Queueing time: mean = 233.615 us, max = 425.488 us, min = 41.743 us, total = 467.231 us
	PeriodicalRunner.RunFnPeriodically - 1 total (0 active), Execution time: mean = 9.565 us, total = 9.565 us, Queueing time: mean = 28.280 us, max = 28.280 us, min = 28.280 us, total = 28.280 us
	Publisher.CheckDeadSubscribers - 1 total (1 active), Execution time: mean = 0.000 s, total = 0.000 s, Queueing time: mean = 0.000 s, max = -0.000 s, min = 9223372036.855 s, total = 0.000 s


[2025-04-27 10:53:28,112 I 3319657 3319657] (gcs_server) gcs_server.cc:874: ray_syncer_io_context Event stats:


Global stats: 4 total (0 active)
Queueing time: mean = 297.082 us, max = 964.763 us, min = 17.544 us, total = 1.188 ms
Execution time:  mean = 35.436 us, total = 141.744 us
Event stats:
	event_loop_lag_probe - 2 total (0 active), Execution time: mean = 69.983 us, total = 139.965 us, Queueing time: mean = 491.154 us, max = 964.763 us, min = 17.544 us, total = 982.307 us
	RaySyncerRegister - 2 total (0 active), Execution time: mean = 889.500 ns, total = 1.779 us, Queueing time: mean = 103.010 us, max = 103.747 us, min = 102.273 us, total = 206.020 us


[2025-04-27 10:53:30,746 I 3319657 3319657] (gcs_server) gcs_node_manager.cc:88: Registering node info, address = 10.153.51.195, node name = 10.153.51.195 node_id=581a121a8cc12350eb3d6bb2de740923de83d7400fe07b72234fadf6
[2025-04-27 10:53:30,746 I 3319657 3319657] (gcs_server) gcs_node_manager.cc:94: Finished registering node info, address = 10.153.51.195, node name = 10.153.51.195, is_head_node = 1 node_id=581a121a8cc12350eb3d6bb2de740923de83d7400fe07b72234fadf6
[2025-04-27 10:53:30,746 I 3319657 3319657] (gcs_server) gcs_placement_group_manager.cc:830: A new node: 581a121a8cc12350eb3d6bb2de740923de83d7400fe07b72234fadf6 registered, will try to reschedule all the infeasible placement groups.
[2025-04-27 10:53:30,753 I 3319657 3319728] (gcs_server) ray_syncer.cc:244: Get connection node_id=581a121a8cc12350eb3d6bb2de740923de83d7400fe07b72234fadf6
[2025-04-27 10:53:31,819 I 3319657 3319657] (gcs_server) gcs_job_manager.cc:90: Adding job, job id = 01000000, driver pid = 3319473
[2025-04-27 10:53:31,819 I 3319657 3319657] (gcs_server) gcs_job_manager.cc:111: Finished adding job, job id = 01000000, driver pid = 3319473
[2025-04-27 10:53:31,835 I 3319657 3319657] (gcs_server) gcs_actor_manager.cc:396: Registering actor job_id=01000000 actor_id=1cc64232f460e0f455f11afe01000000
[2025-04-27 10:53:31,836 I 3319657 3319657] (gcs_server) gcs_actor_manager.cc:401: Registered actor, job id = 01000000, actor id = 1cc64232f460e0f455f11afe01000000
[2025-04-27 10:53:31,836 I 3319657 3319657] (gcs_server) gcs_actor_manager.cc:482: Creating actor job_id=01000000 actor_id=1cc64232f460e0f455f11afe01000000
[2025-04-27 10:53:31,837 I 3319657 3319657] (gcs_server) gcs_actor_scheduler.cc:313: Start leasing worker from node 581a121a8cc12350eb3d6bb2de740923de83d7400fe07b72234fadf6 for actor 1cc64232f460e0f455f11afe01000000, job id = 01000000
[2025-04-27 10:53:31,838 I 3319657 3319657] (gcs_server) gcs_actor_scheduler.cc:634: Finished leasing worker from 581a121a8cc12350eb3d6bb2de740923de83d7400fe07b72234fadf6 for actor 1cc64232f460e0f455f11afe01000000, job id = 01000000
[2025-04-27 10:53:31,838 I 3319657 3319657] (gcs_server) gcs_actor_scheduler.cc:449: Start creating actor 1cc64232f460e0f455f11afe01000000 on worker dfb15039815a5a96e15082cc9b2e97a84f320f123c14ac64ed321a0b at node 581a121a8cc12350eb3d6bb2de740923de83d7400fe07b72234fadf6, job id = 01000000
[2025-04-27 10:53:40,242 I 3319657 3319657] (gcs_server) gcs_actor_scheduler.cc:486: Finished actor creation task for actor 1cc64232f460e0f455f11afe01000000 on worker dfb15039815a5a96e15082cc9b2e97a84f320f123c14ac64ed321a0b at node 581a121a8cc12350eb3d6bb2de740923de83d7400fe07b72234fadf6, job id = 01000000
[2025-04-27 10:53:40,242 I 3319657 3319657] (gcs_server) gcs_actor_manager.cc:1543: Actor created successfully job_id=01000000 actor_id=1cc64232f460e0f455f11afe01000000
[2025-04-27 10:53:40,243 I 3319657 3319657] (gcs_server) gcs_actor_manager.cc:497: Finished creating actor. Status: OK job_id=01000000 actor_id=1cc64232f460e0f455f11afe01000000
[2025-04-27 10:53:47,368 I 3319657 3319657] (gcs_server) gcs_actor_manager.cc:1029: Destroying actor job_id=01000000 actor_id=1cc64232f460e0f455f11afe01000000
[2025-04-27 10:53:47,369 I 3319657 3319657] (gcs_server) gcs_actor_manager.cc:1008: Actor 1cc64232f460e0f455f11afe01000000 has no references, destroying actor, job id = 01000000
[2025-04-27 10:53:47,912 I 3319657 3319657] (gcs_server) gcs_job_manager.cc:149: Finished marking job state, job id = 01000000
[2025-04-27 10:53:48,122 I 3319657 3319657] (gcs_server) gcs_node_manager.cc:382: Removing node, node name = 10.153.51.195, death reason = EXPECTED_TERMINATION, death message = received SIGTERM node_id=581a121a8cc12350eb3d6bb2de740923de83d7400fe07b72234fadf6
[2025-04-27 10:53:48,122 I 3319657 3319657] (gcs_server) gcs_placement_group_manager.cc:800: Node failed, rescheduling the placement groups on the dead node. node_id=581a121a8cc12350eb3d6bb2de740923de83d7400fe07b72234fadf6
[2025-04-27 10:53:48,122 I 3319657 3319657] (gcs_server) gcs_actor_manager.cc:1282: Node failed, reconstructing actors. node_id=581a121a8cc12350eb3d6bb2de740923de83d7400fe07b72234fadf6
[2025-04-27 10:53:48,122 I 3319657 3319657] (gcs_server) gcs_job_manager.cc:467: Node failed, mark all jobs from this node as finished node_id=581a121a8cc12350eb3d6bb2de740923de83d7400fe07b72234fadf6
[2025-04-27 10:53:48,312 I 3319657 3319706] (gcs_server) ray_syncer_bidi_reactor_base.h:182: Failed to read the message from: 581a121a8cc12350eb3d6bb2de740923de83d7400fe07b72234fadf6
[2025-04-27 10:53:48,312 I 3319657 3319706] (gcs_server) ray_syncer.cc:241: Connection is broken. node_id=581a121a8cc12350eb3d6bb2de740923de83d7400fe07b72234fadf6
[2025-04-27 10:53:48,333 I 3319657 3319657] (gcs_server) gcs_server_main.cc:175: GCS server received SIGTERM, shutting down...
[2025-04-27 10:53:48,333 I 3319657 3319657] (gcs_server) gcs_server.cc:267: Stopping GCS server.
[2025-04-27 10:53:48,361 I 3319657 3319657] (gcs_server) gcs_server.cc:284: GCS server stopped.
[2025-04-27 10:53:48,361 I 3319657 3319657] (gcs_server) io_service_pool.cc:47: IOServicePool is stopped.
[2025-04-27 10:53:48,439 I 3319657 3319657] (gcs_server) stats.h:120: Stats module has shutdown.
