[2025-04-26 14:44:40,765 I 2986390 2986390] (gcs_server) gcs_server_main.cc:95: Ray cluster metadata ray_version=2.43.0 ray_commit=ecdcdc6a6e63dc4bcd6ea16aae256ce4d32a7e2c
[2025-04-26 14:44:40,765 I 2986390 2986390] (gcs_server) io_service_pool.cc:35: IOServicePool is running with 1 io_service.
[2025-04-26 14:44:40,774 I 2986390 2986390] (gcs_server) event.cc:500: Ray Event initialized for GCS
[2025-04-26 14:44:40,779 I 2986390 2986390] (gcs_server) event.cc:500: Ray Event initialized for EXPORT_NODE
[2025-04-26 14:44:40,780 I 2986390 2986390] (gcs_server) event.cc:500: Ray Event initialized for EXPORT_ACTOR
[2025-04-26 14:44:40,781 I 2986390 2986390] (gcs_server) event.cc:500: Ray Event initialized for EXPORT_DRIVER_JOB
[2025-04-26 14:44:40,781 I 2986390 2986390] (gcs_server) event.cc:331: Set ray event level to warning
[2025-04-26 14:44:40,781 I 2986390 2986390] (gcs_server) gcs_server.cc:73: GCS storage type is StorageType::IN_MEMORY
[2025-04-26 14:44:40,782 I 2986390 2986390] (gcs_server) gcs_init_data.cc:42: Loading job table data.
[2025-04-26 14:44:40,782 I 2986390 2986390] (gcs_server) gcs_init_data.cc:52: Loading node table data.
[2025-04-26 14:44:40,782 I 2986390 2986390] (gcs_server) gcs_init_data.cc:74: Loading actor table data.
[2025-04-26 14:44:40,782 I 2986390 2986390] (gcs_server) gcs_init_data.cc:85: Loading actor task spec table data.
[2025-04-26 14:44:40,782 I 2986390 2986390] (gcs_server) gcs_init_data.cc:62: Loading placement group table data.
[2025-04-26 14:44:40,782 I 2986390 2986390] (gcs_server) gcs_init_data.cc:46: Finished loading job table data, size = 0
[2025-04-26 14:44:40,782 I 2986390 2986390] (gcs_server) gcs_init_data.cc:56: Finished loading node table data, size = 0
[2025-04-26 14:44:40,782 I 2986390 2986390] (gcs_server) gcs_init_data.cc:79: Finished loading actor table data, size = 0
[2025-04-26 14:44:40,782 I 2986390 2986390] (gcs_server) gcs_init_data.cc:90: Finished loading actor task spec table data, size = 0
[2025-04-26 14:44:40,782 I 2986390 2986390] (gcs_server) gcs_init_data.cc:68: Finished loading placement group table data, size = 0
[2025-04-26 14:44:40,782 I 2986390 2986390] (gcs_server) gcs_server.cc:157: No existing server cluster ID found. Generating new ID: 4e24be3f9f1b50b01f5853d798b483b3a537ae9a955ca5ba847c2d63
[2025-04-26 14:44:40,782 I 2986390 2986390] (gcs_server) gcs_server.cc:672: Autoscaler V2 enabled: 0
[2025-04-26 14:44:40,784 I 2986390 2986390] (gcs_server) grpc_server.cc:135: GcsServer server started, listening on port 63472.
[2025-04-26 14:44:40,872 I 2986390 2986390] (gcs_server) gcs_server.cc:245: Gcs Debug state:

GcsNodeManager: 
- RegisterNode request count: 0
- DrainNode request count: 0
- GetAllNodeInfo request count: 0

GcsActorManager: 
- RegisterActor request count: 0
- CreateActor request count: 0
- GetActorInfo request count: 0
- GetNamedActorInfo request count: 0
- GetAllActorInfo request count: 0
- KillActor request count: 0
- ListNamedActors request count: 0
- Registered actors count: 0
- Destroyed actors count: 0
- Named actors count: 0
- Unresolved actors count: 0
- Pending actors count: 0
- Created actors count: 0
- owners_: 0
- actor_to_register_callbacks_: 0
- actor_to_restart_callbacks_: 0
- actor_to_create_callbacks_: 0
- sorted_destroyed_actor_list_: 0

GcsResourceManager: 
- GetAllAvailableResources request count: 0
- GetAllTotalResources request count: 0
- GetAllResourceUsage request count: 0

GcsPlacementGroupManager: 
- CreatePlacementGroup request count: 0
- RemovePlacementGroup request count: 0
- GetPlacementGroup request count: 0
- GetAllPlacementGroup request count: 0
- WaitPlacementGroupUntilReady request count: 0
- GetNamedPlacementGroup request count: 0
- Scheduling pending placement group count: 0
- Registered placement groups count: 0
- Named placement group count: 0
- Pending placement groups count: 0
- Infeasible placement groups count: 0

Publisher:

[runtime env manager] ID to URIs table:
[runtime env manager] URIs reference table:

GcsTaskManager: 
-Total num task events reported: 0
-Total num status task events dropped: 0
-Total num profile events dropped: 0
-Current num of task events stored: 0
-Total num of actor creation tasks: 0
-Total num of actor tasks: 0
-Total num of normal tasks: 0
-Total num of driver tasks: 0

GcsAutoscalerStateManager: 
- last_seen_autoscaler_state_version_: 0
- last_cluster_resource_state_version_: 0
- pending demands:



[2025-04-26 14:44:40,872 I 2986390 2986390] (gcs_server) gcs_server.cc:870: Main service Event stats:


Global stats: 24 total (4 active)
Queueing time: mean = 34.231 ms, max = 89.636 ms, min = 58.000 ns, total = 821.539 ms
Execution time:  mean = 7.475 ms, total = 179.389 ms
Event stats:
	GcsInMemoryStore.Put - 8 total (0 active), Execution time: mean = 11.207 ms, total = 89.657 ms, Queueing time: mean = 78.096 ms, max = 89.400 ms, min = 2.093 us, total = 624.768 ms
	GcsInMemoryStore.GetAll - 5 total (0 active), Execution time: mean = 7.001 us, total = 35.006 us, Queueing time: mean = 20.994 us, max = 22.759 us, min = 19.741 us, total = 104.971 us
	PeriodicalRunner.RunFnPeriodically - 4 total (2 active, 1 running), Execution time: mean = 2.060 us, total = 8.241 us, Queueing time: mean = 44.801 ms, max = 89.636 ms, min = 89.567 ms, total = 179.203 ms
	event_loop_lag_probe - 2 total (0 active), Execution time: mean = 6.604 us, total = 13.207 us, Queueing time: mean = 8.723 ms, max = 17.405 ms, min = 41.251 us, total = 17.446 ms
	GcsServer.GetOrGenerateClusterId.continuation - 1 total (0 active), Execution time: mean = 89.644 ms, total = 89.644 ms, Queueing time: mean = 58.000 ns, max = 58.000 ns, min = 58.000 ns, total = 58.000 ns
	GcsInMemoryStore.Get - 1 total (0 active), Execution time: mean = 16.247 us, total = 16.247 us, Queueing time: mean = 15.047 us, max = 15.047 us, min = 15.047 us, total = 15.047 us
	RayletLoadPulled - 1 total (1 active), Execution time: mean = 0.000 s, total = 0.000 s, Queueing time: mean = 0.000 s, max = -0.000 s, min = 9223372036.855 s, total = 0.000 s
	GcsInitData::AsyncLoad - 1 total (0 active), Execution time: mean = 15.200 us, total = 15.200 us, Queueing time: mean = 500.000 ns, max = 500.000 ns, min = 500.000 ns, total = 500.000 ns
	ClusterResourceManager.ResetRemoteNodeView - 1 total (1 active), Execution time: mean = 0.000 s, total = 0.000 s, Queueing time: mean = 0.000 s, max = -0.000 s, min = 9223372036.855 s, total = 0.000 s


[2025-04-26 14:44:40,872 I 2986390 2986390] (gcs_server) gcs_server.cc:874: task_io_context Event stats:


Global stats: 4 total (1 active)
Queueing time: mean = 102.409 us, max = 295.401 us, min = 31.648 us, total = 409.638 us
Execution time:  mean = 48.785 us, total = 195.140 us
Event stats:
	event_loop_lag_probe - 2 total (0 active), Execution time: mean = 92.951 us, total = 185.902 us, Queueing time: mean = 163.524 us, max = 295.401 us, min = 31.648 us, total = 327.049 us
	GcsTaskManager.GcJobSummary - 1 total (1 active), Execution time: mean = 0.000 s, total = 0.000 s, Queueing time: mean = 0.000 s, max = -0.000 s, min = 9223372036.855 s, total = 0.000 s
	PeriodicalRunner.RunFnPeriodically - 1 total (0 active), Execution time: mean = 9.238 us, total = 9.238 us, Queueing time: mean = 82.589 us, max = 82.589 us, min = 82.589 us, total = 82.589 us


[2025-04-26 14:44:40,872 I 2986390 2986390] (gcs_server) gcs_server.cc:874: pubsub_io_context Event stats:


Global stats: 4 total (1 active)
Queueing time: mean = 380.878 us, max = 1.169 ms, min = 94.853 us, total = 1.524 ms
Execution time:  mean = 39.875 us, total = 159.499 us
Event stats:
	event_loop_lag_probe - 2 total (0 active), Execution time: mean = 57.988 us, total = 115.976 us, Queueing time: mean = 631.867 us, max = 1.169 ms, min = 94.853 us, total = 1.264 ms
	Publisher.CheckDeadSubscribers - 1 total (1 active), Execution time: mean = 0.000 s, total = 0.000 s, Queueing time: mean = 0.000 s, max = -0.000 s, min = 9223372036.855 s, total = 0.000 s
	PeriodicalRunner.RunFnPeriodically - 1 total (0 active), Execution time: mean = 43.523 us, total = 43.523 us, Queueing time: mean = 259.779 us, max = 259.779 us, min = 259.779 us, total = 259.779 us


[2025-04-26 14:44:40,872 I 2986390 2986390] (gcs_server) gcs_server.cc:874: ray_syncer_io_context Event stats:


Global stats: 4 total (0 active)
Queueing time: mean = 86.535 us, max = 300.780 us, min = 11.602 us, total = 346.140 us
Execution time:  mean = 34.443 us, total = 137.771 us
Event stats:
	RaySyncerRegister - 2 total (0 active), Execution time: mean = 785.500 ns, total = 1.571 us, Queueing time: mean = 12.769 us, max = 13.936 us, min = 11.602 us, total = 25.538 us
	event_loop_lag_probe - 2 total (0 active), Execution time: mean = 68.100 us, total = 136.200 us, Queueing time: mean = 160.301 us, max = 300.780 us, min = 19.822 us, total = 320.602 us


[2025-04-26 14:44:43,555 I 2986390 2986390] (gcs_server) gcs_node_manager.cc:88: Registering node info, address = 10.153.51.195, node name = 10.153.51.195 node_id=1576b075b5b941bcfc5e289a58afcabf629a511ecf36945facb5567b
[2025-04-26 14:44:43,555 I 2986390 2986390] (gcs_server) gcs_node_manager.cc:94: Finished registering node info, address = 10.153.51.195, node name = 10.153.51.195, is_head_node = 1 node_id=1576b075b5b941bcfc5e289a58afcabf629a511ecf36945facb5567b
[2025-04-26 14:44:43,555 I 2986390 2986390] (gcs_server) gcs_placement_group_manager.cc:830: A new node: 1576b075b5b941bcfc5e289a58afcabf629a511ecf36945facb5567b registered, will try to reschedule all the infeasible placement groups.
[2025-04-26 14:44:43,563 I 2986390 2986451] (gcs_server) ray_syncer.cc:244: Get connection node_id=1576b075b5b941bcfc5e289a58afcabf629a511ecf36945facb5567b
[2025-04-26 14:44:44,721 I 2986390 2986390] (gcs_server) gcs_job_manager.cc:90: Adding job, job id = 01000000, driver pid = 2986217
[2025-04-26 14:44:44,721 I 2986390 2986390] (gcs_server) gcs_job_manager.cc:111: Finished adding job, job id = 01000000, driver pid = 2986217
[2025-04-26 14:44:44,741 I 2986390 2986390] (gcs_server) gcs_actor_manager.cc:396: Registering actor job_id=01000000 actor_id=0fe89e646fe5d11b5e9f0ddc01000000
[2025-04-26 14:44:44,742 I 2986390 2986390] (gcs_server) gcs_actor_manager.cc:401: Registered actor, job id = 01000000, actor id = 0fe89e646fe5d11b5e9f0ddc01000000
[2025-04-26 14:44:44,742 I 2986390 2986390] (gcs_server) gcs_actor_manager.cc:482: Creating actor job_id=01000000 actor_id=0fe89e646fe5d11b5e9f0ddc01000000
[2025-04-26 14:44:44,742 I 2986390 2986390] (gcs_server) gcs_actor_scheduler.cc:313: Start leasing worker from node 1576b075b5b941bcfc5e289a58afcabf629a511ecf36945facb5567b for actor 0fe89e646fe5d11b5e9f0ddc01000000, job id = 01000000
[2025-04-26 14:44:45,801 I 2986390 2986390] (gcs_server) gcs_actor_scheduler.cc:634: Finished leasing worker from 1576b075b5b941bcfc5e289a58afcabf629a511ecf36945facb5567b for actor 0fe89e646fe5d11b5e9f0ddc01000000, job id = 01000000
[2025-04-26 14:44:45,801 I 2986390 2986390] (gcs_server) gcs_actor_scheduler.cc:449: Start creating actor 0fe89e646fe5d11b5e9f0ddc01000000 on worker 7359bc4621341ab17c3186a077bb5f57b19ad9db1e6570911c787c1e at node 1576b075b5b941bcfc5e289a58afcabf629a511ecf36945facb5567b, job id = 01000000
[2025-04-26 14:44:54,896 I 2986390 2986390] (gcs_server) gcs_actor_scheduler.cc:486: Finished actor creation task for actor 0fe89e646fe5d11b5e9f0ddc01000000 on worker 7359bc4621341ab17c3186a077bb5f57b19ad9db1e6570911c787c1e at node 1576b075b5b941bcfc5e289a58afcabf629a511ecf36945facb5567b, job id = 01000000
[2025-04-26 14:44:54,896 I 2986390 2986390] (gcs_server) gcs_actor_manager.cc:1543: Actor created successfully job_id=01000000 actor_id=0fe89e646fe5d11b5e9f0ddc01000000
[2025-04-26 14:44:54,896 I 2986390 2986390] (gcs_server) gcs_actor_manager.cc:497: Finished creating actor. Status: OK job_id=01000000 actor_id=0fe89e646fe5d11b5e9f0ddc01000000
[2025-04-26 14:45:01,005 I 2986390 2986390] (gcs_server) gcs_actor_manager.cc:1029: Destroying actor job_id=01000000 actor_id=0fe89e646fe5d11b5e9f0ddc01000000
[2025-04-26 14:45:01,006 I 2986390 2986390] (gcs_server) gcs_job_manager.cc:149: Finished marking job state, job id = 01000000
[2025-04-26 14:45:01,008 I 2986390 2986390] (gcs_server) gcs_actor_manager.cc:1004: Worker 01000000ffffffffffffffffffffffffffffffffffffffffffffffff failed, destroying actor child, job id = 01000000
[2025-04-26 14:45:01,024 I 2986390 2986390] (gcs_server) gcs_node_manager.cc:382: Removing node, node name = 10.153.51.195, death reason = EXPECTED_TERMINATION, death message = received SIGTERM node_id=1576b075b5b941bcfc5e289a58afcabf629a511ecf36945facb5567b
[2025-04-26 14:45:01,024 I 2986390 2986390] (gcs_server) gcs_placement_group_manager.cc:800: Node failed, rescheduling the placement groups on the dead node. node_id=1576b075b5b941bcfc5e289a58afcabf629a511ecf36945facb5567b
[2025-04-26 14:45:01,024 I 2986390 2986390] (gcs_server) gcs_actor_manager.cc:1282: Node failed, reconstructing actors. node_id=1576b075b5b941bcfc5e289a58afcabf629a511ecf36945facb5567b
[2025-04-26 14:45:01,025 I 2986390 2986390] (gcs_server) gcs_job_manager.cc:467: Node failed, mark all jobs from this node as finished node_id=1576b075b5b941bcfc5e289a58afcabf629a511ecf36945facb5567b
[2025-04-26 14:45:01,222 I 2986390 2986441] (gcs_server) ray_syncer_bidi_reactor_base.h:182: Failed to read the message from: 1576b075b5b941bcfc5e289a58afcabf629a511ecf36945facb5567b
[2025-04-26 14:45:01,222 I 2986390 2986441] (gcs_server) ray_syncer.cc:241: Connection is broken. node_id=1576b075b5b941bcfc5e289a58afcabf629a511ecf36945facb5567b
[2025-04-26 14:45:01,238 I 2986390 2986390] (gcs_server) gcs_server_main.cc:175: GCS server received SIGTERM, shutting down...
[2025-04-26 14:45:01,238 I 2986390 2986390] (gcs_server) gcs_server.cc:267: Stopping GCS server.
[2025-04-26 14:45:01,266 I 2986390 2986390] (gcs_server) gcs_server.cc:284: GCS server stopped.
[2025-04-26 14:45:01,266 I 2986390 2986390] (gcs_server) io_service_pool.cc:47: IOServicePool is stopped.
[2025-04-26 14:45:01,297 I 2986390 2986390] (gcs_server) stats.h:120: Stats module has shutdown.
