[2025-04-26 13:09:03,490 I 2932091 2932091] (gcs_server) gcs_server_main.cc:95: Ray cluster metadata ray_version=2.43.0 ray_commit=ecdcdc6a6e63dc4bcd6ea16aae256ce4d32a7e2c
[2025-04-26 13:09:03,490 I 2932091 2932091] (gcs_server) io_service_pool.cc:35: IOServicePool is running with 1 io_service.
[2025-04-26 13:09:03,498 I 2932091 2932091] (gcs_server) event.cc:500: Ray Event initialized for GCS
[2025-04-26 13:09:03,502 I 2932091 2932091] (gcs_server) event.cc:500: Ray Event initialized for EXPORT_NODE
[2025-04-26 13:09:03,503 I 2932091 2932091] (gcs_server) event.cc:500: Ray Event initialized for EXPORT_ACTOR
[2025-04-26 13:09:03,504 I 2932091 2932091] (gcs_server) event.cc:500: Ray Event initialized for EXPORT_DRIVER_JOB
[2025-04-26 13:09:03,504 I 2932091 2932091] (gcs_server) event.cc:331: Set ray event level to warning
[2025-04-26 13:09:03,505 I 2932091 2932091] (gcs_server) gcs_server.cc:73: GCS storage type is StorageType::IN_MEMORY
[2025-04-26 13:09:03,506 I 2932091 2932091] (gcs_server) gcs_init_data.cc:42: Loading job table data.
[2025-04-26 13:09:03,506 I 2932091 2932091] (gcs_server) gcs_init_data.cc:52: Loading node table data.
[2025-04-26 13:09:03,506 I 2932091 2932091] (gcs_server) gcs_init_data.cc:74: Loading actor table data.
[2025-04-26 13:09:03,506 I 2932091 2932091] (gcs_server) gcs_init_data.cc:85: Loading actor task spec table data.
[2025-04-26 13:09:03,506 I 2932091 2932091] (gcs_server) gcs_init_data.cc:62: Loading placement group table data.
[2025-04-26 13:09:03,506 I 2932091 2932091] (gcs_server) gcs_init_data.cc:46: Finished loading job table data, size = 0
[2025-04-26 13:09:03,506 I 2932091 2932091] (gcs_server) gcs_init_data.cc:56: Finished loading node table data, size = 0
[2025-04-26 13:09:03,506 I 2932091 2932091] (gcs_server) gcs_init_data.cc:79: Finished loading actor table data, size = 0
[2025-04-26 13:09:03,506 I 2932091 2932091] (gcs_server) gcs_init_data.cc:90: Finished loading actor task spec table data, size = 0
[2025-04-26 13:09:03,506 I 2932091 2932091] (gcs_server) gcs_init_data.cc:68: Finished loading placement group table data, size = 0
[2025-04-26 13:09:03,506 I 2932091 2932091] (gcs_server) gcs_server.cc:157: No existing server cluster ID found. Generating new ID: 80d69a885e0979c7f4b0af77c9c48d22e44992d3cb4ca1667e86d019
[2025-04-26 13:09:03,506 I 2932091 2932091] (gcs_server) gcs_server.cc:672: Autoscaler V2 enabled: 0
[2025-04-26 13:09:03,507 I 2932091 2932091] (gcs_server) grpc_server.cc:135: GcsServer server started, listening on port 56718.
[2025-04-26 13:09:03,598 I 2932091 2932091] (gcs_server) gcs_server.cc:245: Gcs Debug state:

GcsNodeManager: 
- RegisterNode request count: 0
- DrainNode request count: 0
- GetAllNodeInfo request count: 0

GcsActorManager: 
- RegisterActor request count: 0
- CreateActor request count: 0
- GetActorInfo request count: 0
- GetNamedActorInfo request count: 0
- GetAllActorInfo request count: 0
- KillActor request count: 0
- ListNamedActors request count: 0
- Registered actors count: 0
- Destroyed actors count: 0
- Named actors count: 0
- Unresolved actors count: 0
- Pending actors count: 0
- Created actors count: 0
- owners_: 0
- actor_to_register_callbacks_: 0
- actor_to_restart_callbacks_: 0
- actor_to_create_callbacks_: 0
- sorted_destroyed_actor_list_: 0

GcsResourceManager: 
- GetAllAvailableResources request count: 0
- GetAllTotalResources request count: 0
- GetAllResourceUsage request count: 0

GcsPlacementGroupManager: 
- CreatePlacementGroup request count: 0
- RemovePlacementGroup request count: 0
- GetPlacementGroup request count: 0
- GetAllPlacementGroup request count: 0
- WaitPlacementGroupUntilReady request count: 0
- GetNamedPlacementGroup request count: 0
- Scheduling pending placement group count: 0
- Registered placement groups count: 0
- Named placement group count: 0
- Pending placement groups count: 0
- Infeasible placement groups count: 0

Publisher:

[runtime env manager] ID to URIs table:
[runtime env manager] URIs reference table:

GcsTaskManager: 
-Total num task events reported: 0
-Total num status task events dropped: 0
-Total num profile events dropped: 0
-Current num of task events stored: 0
-Total num of actor creation tasks: 0
-Total num of actor tasks: 0
-Total num of normal tasks: 0
-Total num of driver tasks: 0

GcsAutoscalerStateManager: 
- last_seen_autoscaler_state_version_: 0
- last_cluster_resource_state_version_: 0
- pending demands:



[2025-04-26 13:09:03,598 I 2932091 2932091] (gcs_server) gcs_server.cc:870: Main service Event stats:


Global stats: 24 total (4 active)
Queueing time: mean = 35.109 ms, max = 92.226 ms, min = 107.000 ns, total = 842.608 ms
Execution time:  mean = 7.691 ms, total = 184.572 ms
Event stats:
	GcsInMemoryStore.Put - 8 total (0 active), Execution time: mean = 11.531 ms, total = 92.248 ms, Queueing time: mean = 80.319 ms, max = 91.975 ms, min = 2.782 us, total = 642.549 ms
	GcsInMemoryStore.GetAll - 5 total (0 active), Execution time: mean = 6.806 us, total = 34.028 us, Queueing time: mean = 27.405 us, max = 28.704 us, min = 26.120 us, total = 137.027 us
	PeriodicalRunner.RunFnPeriodically - 4 total (2 active, 1 running), Execution time: mean = 2.564 us, total = 10.258 us, Queueing time: mean = 46.095 ms, max = 92.226 ms, min = 92.154 ms, total = 184.379 ms
	event_loop_lag_probe - 2 total (0 active), Execution time: mean = 9.054 us, total = 18.108 us, Queueing time: mean = 7.761 ms, max = 15.480 ms, min = 42.094 us, total = 15.522 ms
	GcsServer.GetOrGenerateClusterId.continuation - 1 total (0 active), Execution time: mean = 92.234 ms, total = 92.234 ms, Queueing time: mean = 107.000 ns, max = 107.000 ns, min = 107.000 ns, total = 107.000 ns
	ClusterResourceManager.ResetRemoteNodeView - 1 total (1 active), Execution time: mean = 0.000 s, total = 0.000 s, Queueing time: mean = 0.000 s, max = -0.000 s, min = 9223372036.855 s, total = 0.000 s
	RayletLoadPulled - 1 total (1 active), Execution time: mean = 0.000 s, total = 0.000 s, Queueing time: mean = 0.000 s, max = -0.000 s, min = 9223372036.855 s, total = 0.000 s
	GcsInMemoryStore.Get - 1 total (0 active), Execution time: mean = 16.153 us, total = 16.153 us, Queueing time: mean = 20.230 us, max = 20.230 us, min = 20.230 us, total = 20.230 us
	GcsInitData::AsyncLoad - 1 total (0 active), Execution time: mean = 11.863 us, total = 11.863 us, Queueing time: mean = 687.000 ns, max = 687.000 ns, min = 687.000 ns, total = 687.000 ns


[2025-04-26 13:09:03,598 I 2932091 2932091] (gcs_server) gcs_server.cc:874: task_io_context Event stats:


Global stats: 4 total (1 active)
Queueing time: mean = 130.119 us, max = 383.436 us, min = 34.629 us, total = 520.474 us
Execution time:  mean = 49.483 us, total = 197.934 us
Event stats:
	event_loop_lag_probe - 2 total (0 active), Execution time: mean = 93.796 us, total = 187.591 us, Queueing time: mean = 209.032 us, max = 383.436 us, min = 34.629 us, total = 418.065 us
	GcsTaskManager.GcJobSummary - 1 total (1 active), Execution time: mean = 0.000 s, total = 0.000 s, Queueing time: mean = 0.000 s, max = -0.000 s, min = 9223372036.855 s, total = 0.000 s
	PeriodicalRunner.RunFnPeriodically - 1 total (0 active), Execution time: mean = 10.343 us, total = 10.343 us, Queueing time: mean = 102.409 us, max = 102.409 us, min = 102.409 us, total = 102.409 us


[2025-04-26 13:09:03,598 I 2932091 2932091] (gcs_server) gcs_server.cc:874: pubsub_io_context Event stats:


Global stats: 4 total (1 active)
Queueing time: mean = 120.350 us, max = 426.749 us, min = 23.537 us, total = 481.398 us
Execution time:  mean = 48.006 us, total = 192.025 us
Event stats:
	event_loop_lag_probe - 2 total (0 active), Execution time: mean = 92.478 us, total = 184.957 us, Queueing time: mean = 228.930 us, max = 426.749 us, min = 31.112 us, total = 457.861 us
	Publisher.CheckDeadSubscribers - 1 total (1 active), Execution time: mean = 0.000 s, total = 0.000 s, Queueing time: mean = 0.000 s, max = -0.000 s, min = 9223372036.855 s, total = 0.000 s
	PeriodicalRunner.RunFnPeriodically - 1 total (0 active), Execution time: mean = 7.068 us, total = 7.068 us, Queueing time: mean = 23.537 us, max = 23.537 us, min = 23.537 us, total = 23.537 us


[2025-04-26 13:09:03,598 I 2932091 2932091] (gcs_server) gcs_server.cc:874: ray_syncer_io_context Event stats:


Global stats: 4 total (0 active)
Queueing time: mean = 485.119 us, max = 1.515 ms, min = 27.315 us, total = 1.940 ms
Execution time:  mean = 39.837 us, total = 159.348 us
Event stats:
	RaySyncerRegister - 2 total (0 active), Execution time: mean = 933.000 ns, total = 1.866 us, Queueing time: mean = 198.923 us, max = 200.129 us, min = 197.716 us, total = 397.845 us
	event_loop_lag_probe - 2 total (0 active), Execution time: mean = 78.741 us, total = 157.482 us, Queueing time: mean = 771.316 us, max = 1.515 ms, min = 27.315 us, total = 1.543 ms


[2025-04-26 13:09:06,284 I 2932091 2932091] (gcs_server) gcs_node_manager.cc:88: Registering node info, address = 10.153.51.195, node name = 10.153.51.195 node_id=04e2134404df59f6e4aac392ce27923b5c9ef1ccdbb978df624dedd5
[2025-04-26 13:09:06,284 I 2932091 2932091] (gcs_server) gcs_node_manager.cc:94: Finished registering node info, address = 10.153.51.195, node name = 10.153.51.195, is_head_node = 1 node_id=04e2134404df59f6e4aac392ce27923b5c9ef1ccdbb978df624dedd5
[2025-04-26 13:09:06,284 I 2932091 2932091] (gcs_server) gcs_placement_group_manager.cc:830: A new node: 04e2134404df59f6e4aac392ce27923b5c9ef1ccdbb978df624dedd5 registered, will try to reschedule all the infeasible placement groups.
[2025-04-26 13:09:06,291 I 2932091 2932158] (gcs_server) ray_syncer.cc:244: Get connection node_id=04e2134404df59f6e4aac392ce27923b5c9ef1ccdbb978df624dedd5
[2025-04-26 13:09:07,389 I 2932091 2932091] (gcs_server) gcs_job_manager.cc:90: Adding job, job id = 01000000, driver pid = 2931933
[2025-04-26 13:09:07,389 I 2932091 2932091] (gcs_server) gcs_job_manager.cc:111: Finished adding job, job id = 01000000, driver pid = 2931933
[2025-04-26 13:09:07,407 I 2932091 2932091] (gcs_server) gcs_actor_manager.cc:396: Registering actor job_id=01000000 actor_id=2458877903c3964f66c0f08201000000
[2025-04-26 13:09:07,408 I 2932091 2932091] (gcs_server) gcs_actor_manager.cc:401: Registered actor, job id = 01000000, actor id = 2458877903c3964f66c0f08201000000
[2025-04-26 13:09:07,408 I 2932091 2932091] (gcs_server) gcs_actor_manager.cc:482: Creating actor job_id=01000000 actor_id=2458877903c3964f66c0f08201000000
[2025-04-26 13:09:07,408 I 2932091 2932091] (gcs_server) gcs_actor_scheduler.cc:313: Start leasing worker from node 04e2134404df59f6e4aac392ce27923b5c9ef1ccdbb978df624dedd5 for actor 2458877903c3964f66c0f08201000000, job id = 01000000
[2025-04-26 13:09:08,451 I 2932091 2932091] (gcs_server) gcs_actor_scheduler.cc:634: Finished leasing worker from 04e2134404df59f6e4aac392ce27923b5c9ef1ccdbb978df624dedd5 for actor 2458877903c3964f66c0f08201000000, job id = 01000000
[2025-04-26 13:09:08,451 I 2932091 2932091] (gcs_server) gcs_actor_scheduler.cc:449: Start creating actor 2458877903c3964f66c0f08201000000 on worker 7a157aa94346586553c8bfeef71402a137950f243bd15449dbcb8734 at node 04e2134404df59f6e4aac392ce27923b5c9ef1ccdbb978df624dedd5, job id = 01000000
[2025-04-26 13:09:16,777 I 2932091 2932091] (gcs_server) gcs_actor_scheduler.cc:486: Finished actor creation task for actor 2458877903c3964f66c0f08201000000 on worker 7a157aa94346586553c8bfeef71402a137950f243bd15449dbcb8734 at node 04e2134404df59f6e4aac392ce27923b5c9ef1ccdbb978df624dedd5, job id = 01000000
[2025-04-26 13:09:16,777 I 2932091 2932091] (gcs_server) gcs_actor_manager.cc:1543: Actor created successfully job_id=01000000 actor_id=2458877903c3964f66c0f08201000000
[2025-04-26 13:09:16,778 I 2932091 2932091] (gcs_server) gcs_actor_manager.cc:497: Finished creating actor. Status: OK job_id=01000000 actor_id=2458877903c3964f66c0f08201000000
[2025-04-26 13:09:41,645 I 2932091 2932091] (gcs_server) gcs_actor_manager.cc:1029: Destroying actor job_id=01000000 actor_id=2458877903c3964f66c0f08201000000
[2025-04-26 13:09:41,646 I 2932091 2932091] (gcs_server) gcs_job_manager.cc:149: Finished marking job state, job id = 01000000
[2025-04-26 13:09:41,647 I 2932091 2932091] (gcs_server) gcs_actor_manager.cc:1004: Worker 01000000ffffffffffffffffffffffffffffffffffffffffffffffff failed, destroying actor child, job id = 01000000
[2025-04-26 13:09:41,669 I 2932091 2932091] (gcs_server) gcs_node_manager.cc:382: Removing node, node name = 10.153.51.195, death reason = EXPECTED_TERMINATION, death message = received SIGTERM node_id=04e2134404df59f6e4aac392ce27923b5c9ef1ccdbb978df624dedd5
[2025-04-26 13:09:41,669 I 2932091 2932091] (gcs_server) gcs_placement_group_manager.cc:800: Node failed, rescheduling the placement groups on the dead node. node_id=04e2134404df59f6e4aac392ce27923b5c9ef1ccdbb978df624dedd5
[2025-04-26 13:09:41,669 I 2932091 2932091] (gcs_server) gcs_actor_manager.cc:1282: Node failed, reconstructing actors. node_id=04e2134404df59f6e4aac392ce27923b5c9ef1ccdbb978df624dedd5
[2025-04-26 13:09:41,669 I 2932091 2932091] (gcs_server) gcs_job_manager.cc:467: Node failed, mark all jobs from this node as finished node_id=04e2134404df59f6e4aac392ce27923b5c9ef1ccdbb978df624dedd5
[2025-04-26 13:09:41,765 I 2932091 2932140] (gcs_server) ray_syncer_bidi_reactor_base.h:182: Failed to read the message from: 04e2134404df59f6e4aac392ce27923b5c9ef1ccdbb978df624dedd5
[2025-04-26 13:09:41,765 I 2932091 2932140] (gcs_server) ray_syncer.cc:241: Connection is broken. node_id=04e2134404df59f6e4aac392ce27923b5c9ef1ccdbb978df624dedd5
[2025-04-26 13:09:41,782 I 2932091 2932091] (gcs_server) gcs_server_main.cc:175: GCS server received SIGTERM, shutting down...
[2025-04-26 13:09:41,783 I 2932091 2932091] (gcs_server) gcs_server.cc:267: Stopping GCS server.
[2025-04-26 13:09:41,799 I 2932091 2932091] (gcs_server) gcs_server.cc:284: GCS server stopped.
[2025-04-26 13:09:41,799 I 2932091 2932091] (gcs_server) io_service_pool.cc:47: IOServicePool is stopped.
[2025-04-26 13:09:41,836 I 2932091 2932091] (gcs_server) stats.h:120: Stats module has shutdown.
