[2025-04-26 13:09:05,255 I 2932302 2932302] (raylet) main.cc:226: Setting cluster ID to: 80d69a885e0979c7f4b0af77c9c48d22e44992d3cb4ca1667e86d019
[2025-04-26 13:09:05,262 I 2932302 2932302] (raylet) main.cc:341: Raylet is not set to kill unknown children.
[2025-04-26 13:09:05,262 I 2932302 2932302] (raylet) io_service_pool.cc:35: IOServicePool is running with 1 io_service.
[2025-04-26 13:09:05,263 I 2932302 2932302] (raylet) main.cc:471: Setting node ID node_id=04e2134404df59f6e4aac392ce27923b5c9ef1ccdbb978df624dedd5
[2025-04-26 13:09:05,263 I 2932302 2932302] (raylet) store_runner.cc:33: Allowing the Plasma store to use up to 36.4584GB of memory.
[2025-04-26 13:09:05,263 I 2932302 2932302] (raylet) store_runner.cc:49: Starting object store with directory /dev/shm, fallback /home/stud/wxie/EasyR1/ray, and huge page support disabled
[2025-04-26 13:09:05,263 I 2932302 2932330] (raylet) dlmalloc.cc:154: create_and_mmap_buffer(36458463240, /dev/shm/plasmaXXXXXX)
[2025-04-26 13:09:05,266 I 2932302 2932330] (raylet) store.cc:564: Plasma store debug dump: 
Current usage: 0 / 36.4584 GB
- num bytes created total: 0
0 pending objects of total size 0MB
- objects spillable: 0
- bytes spillable: 0
- objects unsealed: 0
- bytes unsealed: 0
- objects in use: 0
- bytes in use: 0
- objects evictable: 0
- bytes evictable: 0

- objects created by worker: 0
- bytes created by worker: 0
- objects restored: 0
- bytes restored: 0
- objects received: 0
- bytes received: 0
- objects errored: 0
- bytes errored: 0

[2025-04-26 13:09:06,268 I 2932302 2932302] (raylet) grpc_server.cc:135: ObjectManager server started, listening on port 34131.
[2025-04-26 13:09:06,271 I 2932302 2932302] (raylet) worker_killing_policy.cc:101: Running GroupByOwner policy.
[2025-04-26 13:09:06,271 W 2932302 2932302] (raylet) memory_monitor.cc:198: Got negative used memory for cgroup -1, setting it to zero
[2025-04-26 13:09:06,271 I 2932302 2932302] (raylet) memory_monitor.cc:48: MemoryMonitor initialized with usage threshold at 128114286592 bytes (0.95 system memory), total system memory bytes: 134857150464
[2025-04-26 13:09:06,271 I 2932302 2932302] (raylet) node_manager.cc:295: Initializing NodeManager node_id=04e2134404df59f6e4aac392ce27923b5c9ef1ccdbb978df624dedd5
[2025-04-26 13:09:06,272 I 2932302 2932302] (raylet) grpc_server.cc:135: NodeManager server started, listening on port 45093.
[2025-04-26 13:09:06,281 I 2932302 2932407] (raylet) agent_manager.cc:78: Monitor agent process with name dashboard_agent/424238335
[2025-04-26 13:09:06,281 I 2932302 2932409] (raylet) agent_manager.cc:78: Monitor agent process with name runtime_env_agent
[2025-04-26 13:09:06,283 I 2932302 2932302] (raylet) event.cc:500: Ray Event initialized for RAYLET
[2025-04-26 13:09:06,283 I 2932302 2932302] (raylet) event.cc:331: Set ray event level to warning
[2025-04-26 13:09:06,284 I 2932302 2932302] (raylet) raylet.cc:134: Raylet of id, 04e2134404df59f6e4aac392ce27923b5c9ef1ccdbb978df624dedd5 started. Raylet consists of node_manager and object_manager. node_manager address: 10.153.51.195:45093 object_manager address: 10.153.51.195:34131 hostname: marajo
[2025-04-26 13:09:06,289 I 2932302 2932302] (raylet) node_manager.cc:532: [state-dump] NodeManager:
[state-dump] Node ID: 04e2134404df59f6e4aac392ce27923b5c9ef1ccdbb978df624dedd5
[state-dump] Node name: 10.153.51.195
[state-dump] InitialConfigResources: {CPU: 320000, node:10.153.51.195: 10000, GPU: 10000, node:__internal_head__: 10000, object_store_memory: 364583854080000, accelerator_type:H100: 10000, memory: 750695659520000}
[state-dump] ClusterTaskManager:
[state-dump] ========== Node: 04e2134404df59f6e4aac392ce27923b5c9ef1ccdbb978df624dedd5 =================
[state-dump] Infeasible queue length: 0
[state-dump] Schedule queue length: 0
[state-dump] Dispatch queue length: 0
[state-dump] num_waiting_for_resource: 0
[state-dump] num_waiting_for_plasma_memory: 0
[state-dump] num_waiting_for_remote_node_resources: 0
[state-dump] num_worker_not_started_by_job_config_not_exist: 0
[state-dump] num_worker_not_started_by_registration_timeout: 0
[state-dump] num_tasks_waiting_for_workers: 0
[state-dump] num_cancelled_tasks: 0
[state-dump] cluster_resource_scheduler state: 
[state-dump] Local id: 8839577553809802956 Local resources: {"total":{node:10.153.51.195: [10000], CPU: [320000], node:__internal_head__: [10000], GPU: [10000], memory: [750695659520000], accelerator_type:H100: [10000], object_store_memory: [364583854080000]}}, "available": {node:10.153.51.195: [10000], CPU: [320000], node:__internal_head__: [10000], GPU: [10000], memory: [750695659520000], accelerator_type:H100: [10000], object_store_memory: [364583854080000]}}, "labels":{"ray.io/node_id":"04e2134404df59f6e4aac392ce27923b5c9ef1ccdbb978df624dedd5",} is_draining: 0 is_idle: 1 Cluster resources: node id: 8839577553809802956{"total":{node:__internal_head__: 10000, CPU: 320000, GPU: 10000, object_store_memory: 364583854080000, node:10.153.51.195: 10000, memory: 750695659520000, accelerator_type:H100: 10000}}, "available": {node:__internal_head__: 10000, CPU: 320000, GPU: 10000, object_store_memory: 364583854080000, node:10.153.51.195: 10000, memory: 750695659520000, accelerator_type:H100: 10000}}, "labels":{"ray.io/node_id":"04e2134404df59f6e4aac392ce27923b5c9ef1ccdbb978df624dedd5",}, "is_draining": 0, "draining_deadline_timestamp_ms": -1} { "placment group locations": [], "node to bundles": []}
[state-dump] Waiting tasks size: 0
[state-dump] Number of executing tasks: 0
[state-dump] Number of pinned task arguments: 0
[state-dump] Number of total spilled tasks: 0
[state-dump] Number of spilled waiting tasks: 0
[state-dump] Number of spilled unschedulable tasks: 0
[state-dump] Resource usage {
[state-dump] }
[state-dump] Backlog Size per scheduling descriptor :{workerId: num backlogs}:
[state-dump] 
[state-dump] Running tasks by scheduling class:
[state-dump] ==================================================
[state-dump] 
[state-dump] ClusterResources:
[state-dump] LocalObjectManager:
[state-dump] - num pinned objects: 0
[state-dump] - pinned objects size: 0
[state-dump] - num objects pending restore: 0
[state-dump] - num objects pending spill: 0
[state-dump] - num bytes pending spill: 0
[state-dump] - num bytes currently spilled: 0
[state-dump] - cumulative spill requests: 0
[state-dump] - cumulative restore requests: 0
[state-dump] - spilled objects pending delete: 0
[state-dump] 
[state-dump] ObjectManager:
[state-dump] - num local objects: 0
[state-dump] - num unfulfilled push requests: 0
[state-dump] - num object pull requests: 0
[state-dump] - num chunks received total: 0
[state-dump] - num chunks received failed (all): 0
[state-dump] - num chunks received failed / cancelled: 0
[state-dump] - num chunks received failed / plasma error: 0
[state-dump] Event stats:
[state-dump] Global stats: 0 total (0 active)
[state-dump] Queueing time: mean = -nan s, max = -0.000 s, min = 9223372036.855 s, total = 0.000 s
[state-dump] Execution time:  mean = -nan s, total = 0.000 s
[state-dump] Event stats:
[state-dump] PushManager:
[state-dump] - num pushes in flight: 0
[state-dump] - num chunks in flight: 0
[state-dump] - num chunks remaining: 0
[state-dump] - max chunks allowed: 409
[state-dump] OwnershipBasedObjectDirectory:
[state-dump] - num listeners: 0
[state-dump] - cumulative location updates: 0
[state-dump] - num location updates per second: 32952288569270000.000
[state-dump] - num location lookups per second: 32952288569264000.000
[state-dump] - num locations added per second: 0.000
[state-dump] - num locations removed per second: 0.000
[state-dump] BufferPool:
[state-dump] - create buffer state map size: 0
[state-dump] PullManager:
[state-dump] - num bytes available for pulled objects: 36458385408
[state-dump] - num bytes being pulled (all): 0
[state-dump] - num bytes being pulled / pinned: 0
[state-dump] - get request bundles: BundlePullRequestQueue{0 total, 0 active, 0 inactive, 0 unpullable}
[state-dump] - wait request bundles: BundlePullRequestQueue{0 total, 0 active, 0 inactive, 0 unpullable}
[state-dump] - task request bundles: BundlePullRequestQueue{0 total, 0 active, 0 inactive, 0 unpullable}
[state-dump] - first get request bundle: N/A
[state-dump] - first wait request bundle: N/A
[state-dump] - first task request bundle: N/A
[state-dump] - num objects queued: 0
[state-dump] - num objects actively pulled (all): 0
[state-dump] - num objects actively pulled / pinned: 0
[state-dump] - num bundles being pulled: 0
[state-dump] - num pull retries: 0
[state-dump] - max timeout seconds: 0
[state-dump] - max timeout request is already processed. No entry.
[state-dump] 
[state-dump] WorkerPool:
[state-dump] - registered jobs: 0
[state-dump] - process_failed_job_config_missing: 0
[state-dump] - process_failed_rate_limited: 0
[state-dump] - process_failed_pending_registration: 0
[state-dump] - process_failed_runtime_env_setup_failed: 0
[state-dump] - num JAVA workers: 0
[state-dump] - num JAVA drivers: 0
[state-dump] - num JAVA pending start requests: 0
[state-dump] - num JAVA pending registration requests: 0
[state-dump] - num object spill callbacks queued: 0
[state-dump] - num object restore queued: 0
[state-dump] - num util functions queued: 0
[state-dump] - num PYTHON workers: 0
[state-dump] - num PYTHON drivers: 0
[state-dump] - num PYTHON pending start requests: 0
[state-dump] - num PYTHON pending registration requests: 0
[state-dump] - num object spill callbacks queued: 0
[state-dump] - num object restore queued: 0
[state-dump] - num util functions queued: 0
[state-dump] - num idle workers: 0
[state-dump] TaskDependencyManager:
[state-dump] - task deps map size: 0
[state-dump] - get req map size: 0
[state-dump] - wait req map size: 0
[state-dump] - local objects map size: 0
[state-dump] WaitManager:
[state-dump] - num active wait requests: 0
[state-dump] Subscriber:
[state-dump] Channel WORKER_OBJECT_EVICTION
[state-dump] - cumulative subscribe requests: 0
[state-dump] - cumulative unsubscribe requests: 0
[state-dump] - active subscribed publishers: 0
[state-dump] - cumulative published messages: 0
[state-dump] - cumulative processed messages: 0
[state-dump] Channel WORKER_OBJECT_LOCATIONS_CHANNEL
[state-dump] - cumulative subscribe requests: 0
[state-dump] - cumulative unsubscribe requests: 0
[state-dump] - active subscribed publishers: 0
[state-dump] - cumulative published messages: 0
[state-dump] - cumulative processed messages: 0
[state-dump] Channel WORKER_REF_REMOVED_CHANNEL
[state-dump] - cumulative subscribe requests: 0
[state-dump] - cumulative unsubscribe requests: 0
[state-dump] - active subscribed publishers: 0
[state-dump] - cumulative published messages: 0
[state-dump] - cumulative processed messages: 0
[state-dump] num async plasma notifications: 0
[state-dump] Remote node managers: 
[state-dump] Event stats:
[state-dump] Global stats: 28 total (13 active)
[state-dump] Queueing time: mean = 1.852 ms, max = 12.170 ms, min = 20.209 us, total = 51.859 ms
[state-dump] Execution time:  mean = 36.760 ms, total = 1.029 s
[state-dump] Event stats:
[state-dump] 	PeriodicalRunner.RunFnPeriodically - 11 total (2 active, 1 running), Execution time: mean = 346.199 us, total = 3.808 ms, Queueing time: mean = 4.709 ms, max = 12.170 ms, min = 24.231 us, total = 51.795 ms
[state-dump] 	ray::rpc::InternalPubSubGcsService.grpc_client.GcsSubscriberCommandBatch.OnReplyReceived - 1 total (1 active), Execution time: mean = 0.000 s, total = 0.000 s, Queueing time: mean = 0.000 s, max = -0.000 s, min = 9223372036.855 s, total = 0.000 s
[state-dump] 	ray::rpc::InternalPubSubGcsService.grpc_client.GcsSubscriberCommandBatch - 1 total (0 active), Execution time: mean = 916.494 us, total = 916.494 us, Queueing time: mean = 0.000 s, max = -0.000 s, min = 9223372036.855 s, total = 0.000 s
[state-dump] 	NodeManager.deadline_timer.flush_free_objects - 1 total (1 active), Execution time: mean = 0.000 s, total = 0.000 s, Queueing time: mean = 0.000 s, max = -0.000 s, min = 9223372036.855 s, total = 0.000 s
[state-dump] 	NodeManager.deadline_timer.record_metrics - 1 total (1 active), Execution time: mean = 0.000 s, total = 0.000 s, Queueing time: mean = 0.000 s, max = -0.000 s, min = 9223372036.855 s, total = 0.000 s
[state-dump] 	ray::rpc::NodeInfoGcsService.grpc_client.RegisterNode.OnReplyReceived - 1 total (0 active), Execution time: mean = 288.770 us, total = 288.770 us, Queueing time: mean = 22.866 us, max = 22.866 us, min = 22.866 us, total = 22.866 us
[state-dump] 	NodeManager.ScheduleAndDispatchTasks - 1 total (1 active), Execution time: mean = 0.000 s, total = 0.000 s, Queueing time: mean = 0.000 s, max = -0.000 s, min = 9223372036.855 s, total = 0.000 s
[state-dump] 	ray::rpc::NodeInfoGcsService.grpc_client.RegisterNode - 1 total (0 active), Execution time: mean = 1.605 ms, total = 1.605 ms, Queueing time: mean = 0.000 s, max = -0.000 s, min = 9223372036.855 s, total = 0.000 s
[state-dump] 	MemoryMonitor.CheckIsMemoryUsageAboveThreshold - 1 total (1 active), Execution time: mean = 0.000 s, total = 0.000 s, Queueing time: mean = 0.000 s, max = -0.000 s, min = 9223372036.855 s, total = 0.000 s
[state-dump] 	RayletWorkerPool.deadline_timer.kill_idle_workers - 1 total (1 active), Execution time: mean = 0.000 s, total = 0.000 s, Queueing time: mean = 0.000 s, max = -0.000 s, min = 9223372036.855 s, total = 0.000 s
[state-dump] 	NodeManager.deadline_timer.debug_state_dump - 1 total (1 active), Execution time: mean = 0.000 s, total = 0.000 s, Queueing time: mean = 0.000 s, max = -0.000 s, min = 9223372036.855 s, total = 0.000 s
[state-dump] 	NodeManager.deadline_timer.spill_objects_when_over_threshold - 1 total (1 active), Execution time: mean = 0.000 s, total = 0.000 s, Queueing time: mean = 0.000 s, max = -0.000 s, min = 9223372036.855 s, total = 0.000 s
[state-dump] 	ray::rpc::InternalKVGcsService.grpc_client.GetInternalConfig - 1 total (0 active), Execution time: mean = 1.536 ms, total = 1.536 ms, Queueing time: mean = 0.000 s, max = -0.000 s, min = 9223372036.855 s, total = 0.000 s
[state-dump] 	ray::rpc::InternalPubSubGcsService.grpc_client.GcsSubscriberPoll - 1 total (1 active), Execution time: mean = 0.000 s, total = 0.000 s, Queueing time: mean = 0.000 s, max = -0.000 s, min = 9223372036.855 s, total = 0.000 s
[state-dump] 	ClusterResourceManager.ResetRemoteNodeView - 1 total (1 active), Execution time: mean = 0.000 s, total = 0.000 s, Queueing time: mean = 0.000 s, max = -0.000 s, min = 9223372036.855 s, total = 0.000 s
[state-dump] 	NodeManager.GCTaskFailureReason - 1 total (1 active), Execution time: mean = 0.000 s, total = 0.000 s, Queueing time: mean = 0.000 s, max = -0.000 s, min = 9223372036.855 s, total = 0.000 s
[state-dump] 	ray::rpc::InternalKVGcsService.grpc_client.GetInternalConfig.OnReplyReceived - 1 total (0 active), Execution time: mean = 1.021 s, total = 1.021 s, Queueing time: mean = 20.849 us, max = 20.849 us, min = 20.849 us, total = 20.849 us
[state-dump] 	ObjectManager.UpdateAvailableMemory - 1 total (0 active), Execution time: mean = 3.555 us, total = 3.555 us, Queueing time: mean = 20.209 us, max = 20.209 us, min = 20.209 us, total = 20.209 us
[state-dump] DebugString() time ms: 0
[state-dump] 
[state-dump] 
[2025-04-26 13:09:06,290 I 2932302 2932302] (raylet) accessor.cc:777: Received notification for node, IsAlive = 1 node_id=04e2134404df59f6e4aac392ce27923b5c9ef1ccdbb978df624dedd5
[2025-04-26 13:09:06,332 I 2932302 2932302] (raylet) worker_pool.cc:729: [Eagerly] Start install runtime environment for job 01000000.
[2025-04-26 13:09:06,336 I 2932302 2932302] (raylet) worker_pool.cc:522: Started worker process with pid 2932431, the token is 0
[2025-04-26 13:09:06,339 I 2932302 2932302] (raylet) worker_pool.cc:522: Started worker process with pid 2932432, the token is 1
[2025-04-26 13:09:06,342 I 2932302 2932302] (raylet) worker_pool.cc:522: Started worker process with pid 2932433, the token is 2
[2025-04-26 13:09:06,345 I 2932302 2932302] (raylet) worker_pool.cc:522: Started worker process with pid 2932434, the token is 3
[2025-04-26 13:09:06,348 I 2932302 2932302] (raylet) worker_pool.cc:522: Started worker process with pid 2932435, the token is 4
[2025-04-26 13:09:06,351 I 2932302 2932302] (raylet) worker_pool.cc:522: Started worker process with pid 2932436, the token is 5
[2025-04-26 13:09:06,354 I 2932302 2932302] (raylet) worker_pool.cc:522: Started worker process with pid 2932437, the token is 6
[2025-04-26 13:09:06,358 I 2932302 2932302] (raylet) worker_pool.cc:522: Started worker process with pid 2932438, the token is 7
[2025-04-26 13:09:06,361 I 2932302 2932302] (raylet) worker_pool.cc:522: Started worker process with pid 2932439, the token is 8
[2025-04-26 13:09:06,364 I 2932302 2932302] (raylet) worker_pool.cc:522: Started worker process with pid 2932440, the token is 9
[2025-04-26 13:09:06,367 I 2932302 2932302] (raylet) worker_pool.cc:522: Started worker process with pid 2932441, the token is 10
[2025-04-26 13:09:06,371 I 2932302 2932302] (raylet) worker_pool.cc:522: Started worker process with pid 2932442, the token is 11
[2025-04-26 13:09:06,375 I 2932302 2932302] (raylet) worker_pool.cc:522: Started worker process with pid 2932443, the token is 12
[2025-04-26 13:09:06,380 I 2932302 2932302] (raylet) worker_pool.cc:522: Started worker process with pid 2932444, the token is 13
[2025-04-26 13:09:06,385 I 2932302 2932302] (raylet) worker_pool.cc:522: Started worker process with pid 2932445, the token is 14
[2025-04-26 13:09:06,389 I 2932302 2932302] (raylet) worker_pool.cc:522: Started worker process with pid 2932446, the token is 15
[2025-04-26 13:09:06,393 I 2932302 2932302] (raylet) worker_pool.cc:522: Started worker process with pid 2932447, the token is 16
[2025-04-26 13:09:06,397 I 2932302 2932302] (raylet) worker_pool.cc:522: Started worker process with pid 2932448, the token is 17
[2025-04-26 13:09:06,400 I 2932302 2932302] (raylet) worker_pool.cc:522: Started worker process with pid 2932449, the token is 18
[2025-04-26 13:09:06,415 I 2932302 2932302] (raylet) worker_pool.cc:522: Started worker process with pid 2932450, the token is 19
[2025-04-26 13:09:06,418 I 2932302 2932302] (raylet) worker_pool.cc:522: Started worker process with pid 2932451, the token is 20
[2025-04-26 13:09:06,422 I 2932302 2932302] (raylet) worker_pool.cc:522: Started worker process with pid 2932452, the token is 21
[2025-04-26 13:09:06,426 I 2932302 2932302] (raylet) worker_pool.cc:522: Started worker process with pid 2932453, the token is 22
[2025-04-26 13:09:06,430 I 2932302 2932302] (raylet) worker_pool.cc:522: Started worker process with pid 2932454, the token is 23
[2025-04-26 13:09:06,435 I 2932302 2932302] (raylet) worker_pool.cc:522: Started worker process with pid 2932455, the token is 24
[2025-04-26 13:09:06,439 I 2932302 2932302] (raylet) worker_pool.cc:522: Started worker process with pid 2932456, the token is 25
[2025-04-26 13:09:06,444 I 2932302 2932302] (raylet) worker_pool.cc:522: Started worker process with pid 2932457, the token is 26
[2025-04-26 13:09:06,449 I 2932302 2932302] (raylet) worker_pool.cc:522: Started worker process with pid 2932458, the token is 27
[2025-04-26 13:09:06,454 I 2932302 2932302] (raylet) worker_pool.cc:522: Started worker process with pid 2932459, the token is 28
[2025-04-26 13:09:06,458 I 2932302 2932302] (raylet) worker_pool.cc:522: Started worker process with pid 2932460, the token is 29
[2025-04-26 13:09:06,462 I 2932302 2932302] (raylet) worker_pool.cc:522: Started worker process with pid 2932461, the token is 30
[2025-04-26 13:09:06,466 I 2932302 2932302] (raylet) worker_pool.cc:522: Started worker process with pid 2932462, the token is 31
[2025-04-26 13:09:06,467 I 2932302 2932302] (raylet) runtime_env_agent_client.cc:340: Runtime Env Agent network error: NotFound: on_connect Connection refused, the server may be still starting or is already failed. Scheduling a retry in 1000ms...
[2025-04-26 13:09:07,119 I 2932302 2932330] (raylet) object_store.cc:35: Object store current usage 8e-09 / 36.4584 GB.
[2025-04-26 13:09:07,389 I 2932302 2932302] (raylet) worker_pool.cc:719: Job 01000000 already started in worker pool.
[2025-04-26 13:09:07,412 I 2932302 2932302] (raylet) runtime_env_agent_client.cc:383: Create runtime env for job 01000000
[2025-04-26 13:09:07,416 I 2932302 2932302] (raylet) worker_pool.cc:522: Started worker process with pid 2934340, the token is 32
[2025-04-26 13:09:07,470 I 2932302 2932302] (raylet) runtime_env_agent_client.cc:383: Create runtime env for job 01000000
[2025-04-26 13:09:07,470 I 2932302 2932302] (raylet) worker_pool.cc:740: [Eagerly] Create runtime env successful for job 01000000.
[2025-04-26 13:09:08,499 I 2932302 2932302] (raylet) node_manager.cc:1549: NodeManager::DisconnectClient, disconnect_type=1, has creation task exception = false
[2025-04-26 13:09:11,288 W 2932302 2932302] (raylet) memory_monitor.cc:198: Got negative used memory for cgroup -1, setting it to zero
[2025-04-26 13:09:16,295 W 2932302 2932302] (raylet) memory_monitor.cc:198: Got negative used memory for cgroup -1, setting it to zero
[2025-04-26 13:09:21,302 W 2932302 2932302] (raylet) memory_monitor.cc:198: Got negative used memory for cgroup -1, setting it to zero
[2025-04-26 13:09:26,309 W 2932302 2932302] (raylet) memory_monitor.cc:198: Got negative used memory for cgroup -1, setting it to zero
[2025-04-26 13:09:31,315 W 2932302 2932302] (raylet) memory_monitor.cc:198: Got negative used memory for cgroup -1, setting it to zero
[2025-04-26 13:09:36,321 W 2932302 2932302] (raylet) memory_monitor.cc:198: Got negative used memory for cgroup -1, setting it to zero
[2025-04-26 13:09:41,326 W 2932302 2932302] (raylet) memory_monitor.cc:198: Got negative used memory for cgroup -1, setting it to zero
[2025-04-26 13:09:41,644 I 2932302 2932302] (raylet) node_manager.cc:1549: NodeManager::DisconnectClient, disconnect_type=3, has creation task exception = false
[2025-04-26 13:09:41,644 I 2932302 2932302] (raylet) node_manager.cc:1654: Driver (pid=2931933) is disconnected. worker_id=01000000ffffffffffffffffffffffffffffffffffffffffffffffff job_id=01000000
[2025-04-26 13:09:41,646 I 2932302 2932302] (raylet) node_manager.cc:1082: The leased worker 7a157aa94346586553c8bfeef71402a137950f243bd15449dbcb8734 is killed because the owner process 01000000ffffffffffffffffffffffffffffffffffffffffffffffff died.
[2025-04-26 13:09:41,647 I 2932302 2932302] (raylet) worker_pool.cc:719: Job 01000000 already started in worker pool.
[2025-04-26 13:09:41,647 I 2932302 2932302] (raylet) node_manager.cc:640: The leased worker  is killed because the job 01000000 finished. worker_id=7a157aa94346586553c8bfeef71402a137950f243bd15449dbcb8734
[2025-04-26 13:09:41,668 I 2932302 2932302] (raylet) main.cc:506: received SIGTERM. Existing local drain request = None
[2025-04-26 13:09:41,668 I 2932302 2932302] (raylet) main.cc:307: Raylet graceful shutdown triggered, reason = EXPECTED_TERMINATION, reason message = received SIGTERM
[2025-04-26 13:09:41,668 I 2932302 2932302] (raylet) main.cc:310: Shutting down...
[2025-04-26 13:09:41,668 I 2932302 2932302] (raylet) accessor.cc:511: Unregistering node node_id=04e2134404df59f6e4aac392ce27923b5c9ef1ccdbb978df624dedd5
[2025-04-26 13:09:41,668 I 2932302 2932302] (raylet) node_manager.cc:1549: NodeManager::DisconnectClient, disconnect_type=1, has creation task exception = false
[2025-04-26 13:09:41,670 I 2932302 2932302] (raylet) accessor.cc:524: Finished unregistering node info, status = OK node_id=04e2134404df59f6e4aac392ce27923b5c9ef1ccdbb978df624dedd5
[2025-04-26 13:09:41,673 I 2932302 2932302] (raylet) agent_manager.cc:113: Killing agent dashboard_agent/424238335, pid 2932406.
[2025-04-26 13:09:41,689 I 2932302 2932407] (raylet) agent_manager.cc:80: Agent process with name dashboard_agent/424238335 exited, exit code 0.
[2025-04-26 13:09:41,689 I 2932302 2932302] (raylet) agent_manager.cc:113: Killing agent runtime_env_agent, pid 2932408.
[2025-04-26 13:09:41,695 I 2932302 2932409] (raylet) agent_manager.cc:80: Agent process with name runtime_env_agent exited, exit code 0.
[2025-04-26 13:09:41,696 I 2932302 2932302] (raylet) io_service_pool.cc:47: IOServicePool is stopped.
[2025-04-26 13:09:41,702 I 2932302 2932302] (raylet) stats.h:120: Stats module has shutdown.
