[2025-04-26 18:03:23,391 I 3069293 3069293] (gcs_server) gcs_server_main.cc:95: Ray cluster metadata ray_version=2.43.0 ray_commit=ecdcdc6a6e63dc4bcd6ea16aae256ce4d32a7e2c
[2025-04-26 18:03:23,391 I 3069293 3069293] (gcs_server) io_service_pool.cc:35: IOServicePool is running with 1 io_service.
[2025-04-26 18:03:23,399 I 3069293 3069293] (gcs_server) event.cc:500: Ray Event initialized for GCS
[2025-04-26 18:03:23,402 I 3069293 3069293] (gcs_server) event.cc:500: Ray Event initialized for EXPORT_NODE
[2025-04-26 18:03:23,402 I 3069293 3069293] (gcs_server) event.cc:500: Ray Event initialized for EXPORT_ACTOR
[2025-04-26 18:03:23,403 I 3069293 3069293] (gcs_server) event.cc:500: Ray Event initialized for EXPORT_DRIVER_JOB
[2025-04-26 18:03:23,403 I 3069293 3069293] (gcs_server) event.cc:331: Set ray event level to warning
[2025-04-26 18:03:23,404 I 3069293 3069293] (gcs_server) gcs_server.cc:73: GCS storage type is StorageType::IN_MEMORY
[2025-04-26 18:03:23,404 I 3069293 3069293] (gcs_server) gcs_init_data.cc:42: Loading job table data.
[2025-04-26 18:03:23,404 I 3069293 3069293] (gcs_server) gcs_init_data.cc:52: Loading node table data.
[2025-04-26 18:03:23,404 I 3069293 3069293] (gcs_server) gcs_init_data.cc:74: Loading actor table data.
[2025-04-26 18:03:23,404 I 3069293 3069293] (gcs_server) gcs_init_data.cc:85: Loading actor task spec table data.
[2025-04-26 18:03:23,404 I 3069293 3069293] (gcs_server) gcs_init_data.cc:62: Loading placement group table data.
[2025-04-26 18:03:23,404 I 3069293 3069293] (gcs_server) gcs_init_data.cc:46: Finished loading job table data, size = 0
[2025-04-26 18:03:23,404 I 3069293 3069293] (gcs_server) gcs_init_data.cc:56: Finished loading node table data, size = 0
[2025-04-26 18:03:23,404 I 3069293 3069293] (gcs_server) gcs_init_data.cc:79: Finished loading actor table data, size = 0
[2025-04-26 18:03:23,404 I 3069293 3069293] (gcs_server) gcs_init_data.cc:90: Finished loading actor task spec table data, size = 0
[2025-04-26 18:03:23,404 I 3069293 3069293] (gcs_server) gcs_init_data.cc:68: Finished loading placement group table data, size = 0
[2025-04-26 18:03:23,404 I 3069293 3069293] (gcs_server) gcs_server.cc:157: No existing server cluster ID found. Generating new ID: c604c129251720560840d18546bc7889ae7ecffe201b34b82363431a
[2025-04-26 18:03:23,405 I 3069293 3069293] (gcs_server) gcs_server.cc:672: Autoscaler V2 enabled: 0
[2025-04-26 18:03:23,406 I 3069293 3069293] (gcs_server) grpc_server.cc:135: GcsServer server started, listening on port 62297.
[2025-04-26 18:03:23,493 I 3069293 3069293] (gcs_server) gcs_server.cc:245: Gcs Debug state:

GcsNodeManager: 
- RegisterNode request count: 0
- DrainNode request count: 0
- GetAllNodeInfo request count: 0

GcsActorManager: 
- RegisterActor request count: 0
- CreateActor request count: 0
- GetActorInfo request count: 0
- GetNamedActorInfo request count: 0
- GetAllActorInfo request count: 0
- KillActor request count: 0
- ListNamedActors request count: 0
- Registered actors count: 0
- Destroyed actors count: 0
- Named actors count: 0
- Unresolved actors count: 0
- Pending actors count: 0
- Created actors count: 0
- owners_: 0
- actor_to_register_callbacks_: 0
- actor_to_restart_callbacks_: 0
- actor_to_create_callbacks_: 0
- sorted_destroyed_actor_list_: 0

GcsResourceManager: 
- GetAllAvailableResources request count: 0
- GetAllTotalResources request count: 0
- GetAllResourceUsage request count: 0

GcsPlacementGroupManager: 
- CreatePlacementGroup request count: 0
- RemovePlacementGroup request count: 0
- GetPlacementGroup request count: 0
- GetAllPlacementGroup request count: 0
- WaitPlacementGroupUntilReady request count: 0
- GetNamedPlacementGroup request count: 0
- Scheduling pending placement group count: 0
- Registered placement groups count: 0
- Named placement group count: 0
- Pending placement groups count: 0
- Infeasible placement groups count: 0

Publisher:

[runtime env manager] ID to URIs table:
[runtime env manager] URIs reference table:

GcsTaskManager: 
-Total num task events reported: 0
-Total num status task events dropped: 0
-Total num profile events dropped: 0
-Current num of task events stored: 0
-Total num of actor creation tasks: 0
-Total num of actor tasks: 0
-Total num of normal tasks: 0
-Total num of driver tasks: 0

GcsAutoscalerStateManager: 
- last_seen_autoscaler_state_version_: 0
- last_cluster_resource_state_version_: 0
- pending demands:



[2025-04-26 18:03:23,493 I 3069293 3069293] (gcs_server) gcs_server.cc:870: Main service Event stats:


Global stats: 24 total (4 active)
Queueing time: mean = 33.781 ms, max = 88.901 ms, min = 54.000 ns, total = 810.748 ms
Execution time:  mean = 7.414 ms, total = 177.938 ms
Event stats:
	GcsInMemoryStore.Put - 8 total (0 active), Execution time: mean = 11.117 ms, total = 88.932 ms, Queueing time: mean = 77.457 ms, max = 88.663 ms, min = 2.489 us, total = 619.654 ms
	GcsInMemoryStore.GetAll - 5 total (0 active), Execution time: mean = 7.436 us, total = 37.182 us, Queueing time: mean = 25.201 us, max = 27.281 us, min = 23.349 us, total = 126.004 us
	PeriodicalRunner.RunFnPeriodically - 4 total (2 active, 1 running), Execution time: mean = 2.320 us, total = 9.280 us, Queueing time: mean = 44.435 ms, max = 88.901 ms, min = 88.838 ms, total = 177.739 ms
	event_loop_lag_probe - 2 total (0 active), Execution time: mean = 6.762 us, total = 13.524 us, Queueing time: mean = 6.607 ms, max = 13.168 ms, min = 45.023 us, total = 13.213 ms
	GcsServer.GetOrGenerateClusterId.continuation - 1 total (0 active), Execution time: mean = 88.913 ms, total = 88.913 ms, Queueing time: mean = 54.000 ns, max = 54.000 ns, min = 54.000 ns, total = 54.000 ns
	GcsInitData::AsyncLoad - 1 total (0 active), Execution time: mean = 14.298 us, total = 14.298 us, Queueing time: mean = 396.000 ns, max = 396.000 ns, min = 396.000 ns, total = 396.000 ns
	ClusterResourceManager.ResetRemoteNodeView - 1 total (1 active), Execution time: mean = 0.000 s, total = 0.000 s, Queueing time: mean = 0.000 s, max = -0.000 s, min = 9223372036.855 s, total = 0.000 s
	RayletLoadPulled - 1 total (1 active), Execution time: mean = 0.000 s, total = 0.000 s, Queueing time: mean = 0.000 s, max = -0.000 s, min = 9223372036.855 s, total = 0.000 s
	GcsInMemoryStore.Get - 1 total (0 active), Execution time: mean = 18.242 us, total = 18.242 us, Queueing time: mean = 15.566 us, max = 15.566 us, min = 15.566 us, total = 15.566 us


[2025-04-26 18:03:23,493 I 3069293 3069293] (gcs_server) gcs_server.cc:874: task_io_context Event stats:


Global stats: 4 total (1 active)
Queueing time: mean = 84.759 us, max = 300.588 us, min = 16.505 us, total = 339.036 us
Execution time:  mean = 41.966 us, total = 167.864 us
Event stats:
	event_loop_lag_probe - 2 total (0 active), Execution time: mean = 81.248 us, total = 162.496 us, Queueing time: mean = 161.266 us, max = 300.588 us, min = 21.943 us, total = 322.531 us
	GcsTaskManager.GcJobSummary - 1 total (1 active), Execution time: mean = 0.000 s, total = 0.000 s, Queueing time: mean = 0.000 s, max = -0.000 s, min = 9223372036.855 s, total = 0.000 s
	PeriodicalRunner.RunFnPeriodically - 1 total (0 active), Execution time: mean = 5.368 us, total = 5.368 us, Queueing time: mean = 16.505 us, max = 16.505 us, min = 16.505 us, total = 16.505 us


[2025-04-26 18:03:23,493 I 3069293 3069293] (gcs_server) gcs_server.cc:874: pubsub_io_context Event stats:


Global stats: 4 total (1 active)
Queueing time: mean = 353.266 us, max = 1.127 ms, min = 64.092 us, total = 1.413 ms
Execution time:  mean = 29.252 us, total = 117.006 us
Event stats:
	event_loop_lag_probe - 2 total (0 active), Execution time: mean = 41.804 us, total = 83.609 us, Queueing time: mean = 595.655 us, max = 1.127 ms, min = 64.092 us, total = 1.191 ms
	Publisher.CheckDeadSubscribers - 1 total (1 active), Execution time: mean = 0.000 s, total = 0.000 s, Queueing time: mean = 0.000 s, max = -0.000 s, min = 9223372036.855 s, total = 0.000 s
	PeriodicalRunner.RunFnPeriodically - 1 total (0 active), Execution time: mean = 33.397 us, total = 33.397 us, Queueing time: mean = 221.754 us, max = 221.754 us, min = 221.754 us, total = 221.754 us


[2025-04-26 18:03:23,493 I 3069293 3069293] (gcs_server) gcs_server.cc:874: ray_syncer_io_context Event stats:


Global stats: 4 total (0 active)
Queueing time: mean = 197.533 us, max = 745.860 us, min = 12.735 us, total = 790.132 us
Execution time:  mean = 35.812 us, total = 143.248 us
Event stats:
	RaySyncerRegister - 2 total (0 active), Execution time: mean = 980.000 ns, total = 1.960 us, Queueing time: mean = 14.373 us, max = 16.012 us, min = 12.735 us, total = 28.747 us
	event_loop_lag_probe - 2 total (0 active), Execution time: mean = 70.644 us, total = 141.288 us, Queueing time: mean = 380.692 us, max = 745.860 us, min = 15.525 us, total = 761.385 us


[2025-04-26 18:03:26,064 I 3069293 3069293] (gcs_server) gcs_node_manager.cc:88: Registering node info, address = 10.153.51.195, node name = 10.153.51.195 node_id=d34a5791a380cae20bab03d4b50e257e967539d40b2747cc6491dff4
[2025-04-26 18:03:26,064 I 3069293 3069293] (gcs_server) gcs_node_manager.cc:94: Finished registering node info, address = 10.153.51.195, node name = 10.153.51.195, is_head_node = 1 node_id=d34a5791a380cae20bab03d4b50e257e967539d40b2747cc6491dff4
[2025-04-26 18:03:26,064 I 3069293 3069293] (gcs_server) gcs_placement_group_manager.cc:830: A new node: d34a5791a380cae20bab03d4b50e257e967539d40b2747cc6491dff4 registered, will try to reschedule all the infeasible placement groups.
[2025-04-26 18:03:26,071 I 3069293 3069360] (gcs_server) ray_syncer.cc:244: Get connection node_id=d34a5791a380cae20bab03d4b50e257e967539d40b2747cc6491dff4
[2025-04-26 18:03:27,134 I 3069293 3069293] (gcs_server) gcs_job_manager.cc:90: Adding job, job id = 01000000, driver pid = 3069106
[2025-04-26 18:03:27,134 I 3069293 3069293] (gcs_server) gcs_job_manager.cc:111: Finished adding job, job id = 01000000, driver pid = 3069106
[2025-04-26 18:03:27,150 I 3069293 3069293] (gcs_server) gcs_actor_manager.cc:396: Registering actor job_id=01000000 actor_id=7ed1d63dae13538e06b3963101000000
[2025-04-26 18:03:27,151 I 3069293 3069293] (gcs_server) gcs_actor_manager.cc:401: Registered actor, job id = 01000000, actor id = 7ed1d63dae13538e06b3963101000000
[2025-04-26 18:03:27,152 I 3069293 3069293] (gcs_server) gcs_actor_manager.cc:482: Creating actor job_id=01000000 actor_id=7ed1d63dae13538e06b3963101000000
[2025-04-26 18:03:27,152 I 3069293 3069293] (gcs_server) gcs_actor_scheduler.cc:313: Start leasing worker from node d34a5791a380cae20bab03d4b50e257e967539d40b2747cc6491dff4 for actor 7ed1d63dae13538e06b3963101000000, job id = 01000000
[2025-04-26 18:03:28,172 I 3069293 3069293] (gcs_server) gcs_actor_scheduler.cc:634: Finished leasing worker from d34a5791a380cae20bab03d4b50e257e967539d40b2747cc6491dff4 for actor 7ed1d63dae13538e06b3963101000000, job id = 01000000
[2025-04-26 18:03:28,172 I 3069293 3069293] (gcs_server) gcs_actor_scheduler.cc:449: Start creating actor 7ed1d63dae13538e06b3963101000000 on worker 552ee1175c078a7ca09ca8e02415726e42b4b51c3d30f82c3e7b7ca2 at node d34a5791a380cae20bab03d4b50e257e967539d40b2747cc6491dff4, job id = 01000000
[2025-04-26 18:03:36,718 I 3069293 3069293] (gcs_server) gcs_actor_scheduler.cc:486: Finished actor creation task for actor 7ed1d63dae13538e06b3963101000000 on worker 552ee1175c078a7ca09ca8e02415726e42b4b51c3d30f82c3e7b7ca2 at node d34a5791a380cae20bab03d4b50e257e967539d40b2747cc6491dff4, job id = 01000000
[2025-04-26 18:03:36,718 I 3069293 3069293] (gcs_server) gcs_actor_manager.cc:1543: Actor created successfully job_id=01000000 actor_id=7ed1d63dae13538e06b3963101000000
[2025-04-26 18:03:36,719 I 3069293 3069293] (gcs_server) gcs_actor_manager.cc:497: Finished creating actor. Status: OK job_id=01000000 actor_id=7ed1d63dae13538e06b3963101000000
[2025-04-26 18:04:05,761 I 3069293 3069293] (gcs_server) gcs_actor_manager.cc:1029: Destroying actor job_id=01000000 actor_id=7ed1d63dae13538e06b3963101000000
[2025-04-26 18:04:05,762 I 3069293 3069293] (gcs_server) gcs_actor_manager.cc:1008: Actor 7ed1d63dae13538e06b3963101000000 has no references, destroying actor, job id = 01000000
[2025-04-26 18:04:06,307 I 3069293 3069293] (gcs_server) gcs_job_manager.cc:149: Finished marking job state, job id = 01000000
[2025-04-26 18:04:06,358 I 3069293 3069293] (gcs_server) gcs_node_manager.cc:382: Removing node, node name = 10.153.51.195, death reason = EXPECTED_TERMINATION, death message = received SIGTERM node_id=d34a5791a380cae20bab03d4b50e257e967539d40b2747cc6491dff4
[2025-04-26 18:04:06,359 I 3069293 3069293] (gcs_server) gcs_placement_group_manager.cc:800: Node failed, rescheduling the placement groups on the dead node. node_id=d34a5791a380cae20bab03d4b50e257e967539d40b2747cc6491dff4
[2025-04-26 18:04:06,359 I 3069293 3069293] (gcs_server) gcs_actor_manager.cc:1282: Node failed, reconstructing actors. node_id=d34a5791a380cae20bab03d4b50e257e967539d40b2747cc6491dff4
[2025-04-26 18:04:06,359 I 3069293 3069293] (gcs_server) gcs_job_manager.cc:467: Node failed, mark all jobs from this node as finished node_id=d34a5791a380cae20bab03d4b50e257e967539d40b2747cc6491dff4
[2025-04-26 18:04:06,560 I 3069293 3069345] (gcs_server) ray_syncer_bidi_reactor_base.h:182: Failed to read the message from: d34a5791a380cae20bab03d4b50e257e967539d40b2747cc6491dff4
[2025-04-26 18:04:06,560 I 3069293 3069345] (gcs_server) ray_syncer.cc:241: Connection is broken. node_id=d34a5791a380cae20bab03d4b50e257e967539d40b2747cc6491dff4
[2025-04-26 18:04:06,572 I 3069293 3069293] (gcs_server) gcs_server_main.cc:175: GCS server received SIGTERM, shutting down...
[2025-04-26 18:04:06,573 I 3069293 3069293] (gcs_server) gcs_server.cc:267: Stopping GCS server.
[2025-04-26 18:04:06,603 I 3069293 3069293] (gcs_server) gcs_server.cc:284: GCS server stopped.
[2025-04-26 18:04:06,604 I 3069293 3069293] (gcs_server) io_service_pool.cc:47: IOServicePool is stopped.
[2025-04-26 18:04:06,643 I 3069293 3069293] (gcs_server) stats.h:120: Stats module has shutdown.
