[2025-04-26 18:03:25,035 I 3069505 3069505] (raylet) main.cc:226: Setting cluster ID to: c604c129251720560840d18546bc7889ae7ecffe201b34b82363431a
[2025-04-26 18:03:25,042 I 3069505 3069505] (raylet) main.cc:341: Raylet is not set to kill unknown children.
[2025-04-26 18:03:25,043 I 3069505 3069505] (raylet) io_service_pool.cc:35: IOServicePool is running with 1 io_service.
[2025-04-26 18:03:25,043 I 3069505 3069505] (raylet) main.cc:471: Setting node ID node_id=d34a5791a380cae20bab03d4b50e257e967539d40b2747cc6491dff4
[2025-04-26 18:03:25,043 I 3069505 3069505] (raylet) store_runner.cc:33: Allowing the Plasma store to use up to 36.2739GB of memory.
[2025-04-26 18:03:25,043 I 3069505 3069505] (raylet) store_runner.cc:49: Starting object store with directory /dev/shm, fallback /home/stud/wxie/EasyR1/ray, and huge page support disabled
[2025-04-26 18:03:25,043 I 3069505 3069533] (raylet) dlmalloc.cc:154: create_and_mmap_buffer(36273913864, /dev/shm/plasmaXXXXXX)
[2025-04-26 18:03:25,046 I 3069505 3069533] (raylet) store.cc:564: Plasma store debug dump: 
Current usage: 0 / 36.2739 GB
- num bytes created total: 0
0 pending objects of total size 0MB
- objects spillable: 0
- bytes spillable: 0
- objects unsealed: 0
- bytes unsealed: 0
- objects in use: 0
- bytes in use: 0
- objects evictable: 0
- bytes evictable: 0

- objects created by worker: 0
- bytes created by worker: 0
- objects restored: 0
- bytes restored: 0
- objects received: 0
- bytes received: 0
- objects errored: 0
- bytes errored: 0

[2025-04-26 18:03:26,048 I 3069505 3069505] (raylet) grpc_server.cc:135: ObjectManager server started, listening on port 45259.
[2025-04-26 18:03:26,051 I 3069505 3069505] (raylet) worker_killing_policy.cc:101: Running GroupByOwner policy.
[2025-04-26 18:03:26,051 W 3069505 3069505] (raylet) memory_monitor.cc:198: Got negative used memory for cgroup -1, setting it to zero
[2025-04-26 18:03:26,051 I 3069505 3069505] (raylet) memory_monitor.cc:48: MemoryMonitor initialized with usage threshold at 128114286592 bytes (0.95 system memory), total system memory bytes: 134857150464
[2025-04-26 18:03:26,051 I 3069505 3069505] (raylet) node_manager.cc:295: Initializing NodeManager node_id=d34a5791a380cae20bab03d4b50e257e967539d40b2747cc6491dff4
[2025-04-26 18:03:26,052 I 3069505 3069505] (raylet) grpc_server.cc:135: NodeManager server started, listening on port 38349.
[2025-04-26 18:03:26,061 I 3069505 3069616] (raylet) agent_manager.cc:78: Monitor agent process with name dashboard_agent/424238335
[2025-04-26 18:03:26,062 I 3069505 3069618] (raylet) agent_manager.cc:78: Monitor agent process with name runtime_env_agent
[2025-04-26 18:03:26,063 I 3069505 3069505] (raylet) event.cc:500: Ray Event initialized for RAYLET
[2025-04-26 18:03:26,063 I 3069505 3069505] (raylet) event.cc:331: Set ray event level to warning
[2025-04-26 18:03:26,065 I 3069505 3069505] (raylet) raylet.cc:134: Raylet of id, d34a5791a380cae20bab03d4b50e257e967539d40b2747cc6491dff4 started. Raylet consists of node_manager and object_manager. node_manager address: 10.153.51.195:38349 object_manager address: 10.153.51.195:45259 hostname: marajo
[2025-04-26 18:03:26,069 I 3069505 3069505] (raylet) node_manager.cc:532: [state-dump] NodeManager:
[state-dump] Node ID: d34a5791a380cae20bab03d4b50e257e967539d40b2747cc6491dff4
[state-dump] Node name: 10.153.51.195
[state-dump] InitialConfigResources: {node:10.153.51.195: 10000, node:__internal_head__: 10000, CPU: 320000, GPU: 10000, memory: 746390386690000, accelerator_type:H100: 10000, object_store_memory: 362738737150000}
[state-dump] ClusterTaskManager:
[state-dump] ========== Node: d34a5791a380cae20bab03d4b50e257e967539d40b2747cc6491dff4 =================
[state-dump] Infeasible queue length: 0
[state-dump] Schedule queue length: 0
[state-dump] Dispatch queue length: 0
[state-dump] num_waiting_for_resource: 0
[state-dump] num_waiting_for_plasma_memory: 0
[state-dump] num_waiting_for_remote_node_resources: 0
[state-dump] num_worker_not_started_by_job_config_not_exist: 0
[state-dump] num_worker_not_started_by_registration_timeout: 0
[state-dump] num_tasks_waiting_for_workers: 0
[state-dump] num_cancelled_tasks: 0
[state-dump] cluster_resource_scheduler state: 
[state-dump] Local id: 7421578258109171815 Local resources: {"total":{CPU: [320000], node:10.153.51.195: [10000], node:__internal_head__: [10000], GPU: [10000], object_store_memory: [362738737150000], memory: [746390386690000], accelerator_type:H100: [10000]}}, "available": {CPU: [320000], node:10.153.51.195: [10000], node:__internal_head__: [10000], GPU: [10000], object_store_memory: [362738737150000], memory: [746390386690000], accelerator_type:H100: [10000]}}, "labels":{"ray.io/node_id":"d34a5791a380cae20bab03d4b50e257e967539d40b2747cc6491dff4",} is_draining: 0 is_idle: 1 Cluster resources: node id: 7421578258109171815{"total":{node:10.153.51.195: 10000, node:__internal_head__: 10000, CPU: 320000, GPU: 10000, memory: 746390386690000, accelerator_type:H100: 10000, object_store_memory: 362738737150000}}, "available": {node:10.153.51.195: 10000, node:__internal_head__: 10000, CPU: 320000, GPU: 10000, memory: 746390386690000, accelerator_type:H100: 10000, object_store_memory: 362738737150000}}, "labels":{"ray.io/node_id":"d34a5791a380cae20bab03d4b50e257e967539d40b2747cc6491dff4",}, "is_draining": 0, "draining_deadline_timestamp_ms": -1} { "placment group locations": [], "node to bundles": []}
[state-dump] Waiting tasks size: 0
[state-dump] Number of executing tasks: 0
[state-dump] Number of pinned task arguments: 0
[state-dump] Number of total spilled tasks: 0
[state-dump] Number of spilled waiting tasks: 0
[state-dump] Number of spilled unschedulable tasks: 0
[state-dump] Resource usage {
[state-dump] }
[state-dump] Backlog Size per scheduling descriptor :{workerId: num backlogs}:
[state-dump] 
[state-dump] Running tasks by scheduling class:
[state-dump] ==================================================
[state-dump] 
[state-dump] ClusterResources:
[state-dump] LocalObjectManager:
[state-dump] - num pinned objects: 0
[state-dump] - pinned objects size: 0
[state-dump] - num objects pending restore: 0
[state-dump] - num objects pending spill: 0
[state-dump] - num bytes pending spill: 0
[state-dump] - num bytes currently spilled: 0
[state-dump] - cumulative spill requests: 0
[state-dump] - cumulative restore requests: 0
[state-dump] - spilled objects pending delete: 0
[state-dump] 
[state-dump] ObjectManager:
[state-dump] - num local objects: 0
[state-dump] - num unfulfilled push requests: 0
[state-dump] - num object pull requests: 0
[state-dump] - num chunks received total: 0
[state-dump] - num chunks received failed (all): 0
[state-dump] - num chunks received failed / cancelled: 0
[state-dump] - num chunks received failed / plasma error: 0
[state-dump] Event stats:
[state-dump] Global stats: 0 total (0 active)
[state-dump] Queueing time: mean = -nan s, max = -0.000 s, min = 9223372036.855 s, total = 0.000 s
[state-dump] Execution time:  mean = -nan s, total = 0.000 s
[state-dump] Event stats:
[state-dump] PushManager:
[state-dump] - num pushes in flight: 0
[state-dump] - num chunks in flight: 0
[state-dump] - num chunks remaining: 0
[state-dump] - max chunks allowed: 409
[state-dump] OwnershipBasedObjectDirectory:
[state-dump] - num listeners: 0
[state-dump] - cumulative location updates: 0
[state-dump] - num location updates per second: 41805970530248000.000
[state-dump] - num location lookups per second: 41805970530240000.000
[state-dump] - num locations added per second: 0.000
[state-dump] - num locations removed per second: 0.000
[state-dump] BufferPool:
[state-dump] - create buffer state map size: 0
[state-dump] PullManager:
[state-dump] - num bytes available for pulled objects: 36273873715
[state-dump] - num bytes being pulled (all): 0
[state-dump] - num bytes being pulled / pinned: 0
[state-dump] - get request bundles: BundlePullRequestQueue{0 total, 0 active, 0 inactive, 0 unpullable}
[state-dump] - wait request bundles: BundlePullRequestQueue{0 total, 0 active, 0 inactive, 0 unpullable}
[state-dump] - task request bundles: BundlePullRequestQueue{0 total, 0 active, 0 inactive, 0 unpullable}
[state-dump] - first get request bundle: N/A
[state-dump] - first wait request bundle: N/A
[state-dump] - first task request bundle: N/A
[state-dump] - num objects queued: 0
[state-dump] - num objects actively pulled (all): 0
[state-dump] - num objects actively pulled / pinned: 0
[state-dump] - num bundles being pulled: 0
[state-dump] - num pull retries: 0
[state-dump] - max timeout seconds: 0
[state-dump] - max timeout request is already processed. No entry.
[state-dump] 
[state-dump] WorkerPool:
[state-dump] - registered jobs: 0
[state-dump] - process_failed_job_config_missing: 0
[state-dump] - process_failed_rate_limited: 0
[state-dump] - process_failed_pending_registration: 0
[state-dump] - process_failed_runtime_env_setup_failed: 0
[state-dump] - num PYTHON workers: 0
[state-dump] - num PYTHON drivers: 0
[state-dump] - num PYTHON pending start requests: 0
[state-dump] - num PYTHON pending registration requests: 0
[state-dump] - num object spill callbacks queued: 0
[state-dump] - num object restore queued: 0
[state-dump] - num util functions queued: 0
[state-dump] - num JAVA workers: 0
[state-dump] - num JAVA drivers: 0
[state-dump] - num JAVA pending start requests: 0
[state-dump] - num JAVA pending registration requests: 0
[state-dump] - num object spill callbacks queued: 0
[state-dump] - num object restore queued: 0
[state-dump] - num util functions queued: 0
[state-dump] - num idle workers: 0
[state-dump] TaskDependencyManager:
[state-dump] - task deps map size: 0
[state-dump] - get req map size: 0
[state-dump] - wait req map size: 0
[state-dump] - local objects map size: 0
[state-dump] WaitManager:
[state-dump] - num active wait requests: 0
[state-dump] Subscriber:
[state-dump] Channel WORKER_REF_REMOVED_CHANNEL
[state-dump] - cumulative subscribe requests: 0
[state-dump] - cumulative unsubscribe requests: 0
[state-dump] - active subscribed publishers: 0
[state-dump] - cumulative published messages: 0
[state-dump] - cumulative processed messages: 0
[state-dump] Channel WORKER_OBJECT_LOCATIONS_CHANNEL
[state-dump] - cumulative subscribe requests: 0
[state-dump] - cumulative unsubscribe requests: 0
[state-dump] - active subscribed publishers: 0
[state-dump] - cumulative published messages: 0
[state-dump] - cumulative processed messages: 0
[state-dump] Channel WORKER_OBJECT_EVICTION
[state-dump] - cumulative subscribe requests: 0
[state-dump] - cumulative unsubscribe requests: 0
[state-dump] - active subscribed publishers: 0
[state-dump] - cumulative published messages: 0
[state-dump] - cumulative processed messages: 0
[state-dump] num async plasma notifications: 0
[state-dump] Remote node managers: 
[state-dump] Event stats:
[state-dump] Global stats: 28 total (13 active)
[state-dump] Queueing time: mean = 1.802 ms, max = 12.265 ms, min = 18.809 us, total = 50.455 ms
[state-dump] Execution time:  mean = 36.778 ms, total = 1.030 s
[state-dump] Event stats:
[state-dump] 	PeriodicalRunner.RunFnPeriodically - 11 total (2 active, 1 running), Execution time: mean = 320.258 us, total = 3.523 ms, Queueing time: mean = 4.580 ms, max = 12.265 ms, min = 33.339 us, total = 50.382 ms
[state-dump] 	ray::rpc::NodeInfoGcsService.grpc_client.RegisterNode - 1 total (0 active), Execution time: mean = 1.990 ms, total = 1.990 ms, Queueing time: mean = 0.000 s, max = -0.000 s, min = 9223372036.855 s, total = 0.000 s
[state-dump] 	ray::rpc::InternalKVGcsService.grpc_client.GetInternalConfig - 1 total (0 active), Execution time: mean = 1.376 ms, total = 1.376 ms, Queueing time: mean = 0.000 s, max = -0.000 s, min = 9223372036.855 s, total = 0.000 s
[state-dump] 	NodeManager.ScheduleAndDispatchTasks - 1 total (1 active), Execution time: mean = 0.000 s, total = 0.000 s, Queueing time: mean = 0.000 s, max = -0.000 s, min = 9223372036.855 s, total = 0.000 s
[state-dump] 	ray::rpc::NodeInfoGcsService.grpc_client.RegisterNode.OnReplyReceived - 1 total (0 active), Execution time: mean = 274.120 us, total = 274.120 us, Queueing time: mean = 28.921 us, max = 28.921 us, min = 28.921 us, total = 28.921 us
[state-dump] 	MemoryMonitor.CheckIsMemoryUsageAboveThreshold - 1 total (1 active), Execution time: mean = 0.000 s, total = 0.000 s, Queueing time: mean = 0.000 s, max = -0.000 s, min = 9223372036.855 s, total = 0.000 s
[state-dump] 	NodeManager.deadline_timer.debug_state_dump - 1 total (1 active), Execution time: mean = 0.000 s, total = 0.000 s, Queueing time: mean = 0.000 s, max = -0.000 s, min = 9223372036.855 s, total = 0.000 s
[state-dump] 	ClusterResourceManager.ResetRemoteNodeView - 1 total (1 active), Execution time: mean = 0.000 s, total = 0.000 s, Queueing time: mean = 0.000 s, max = -0.000 s, min = 9223372036.855 s, total = 0.000 s
[state-dump] 	NodeManager.deadline_timer.spill_objects_when_over_threshold - 1 total (1 active), Execution time: mean = 0.000 s, total = 0.000 s, Queueing time: mean = 0.000 s, max = -0.000 s, min = 9223372036.855 s, total = 0.000 s
[state-dump] 	NodeManager.deadline_timer.record_metrics - 1 total (1 active), Execution time: mean = 0.000 s, total = 0.000 s, Queueing time: mean = 0.000 s, max = -0.000 s, min = 9223372036.855 s, total = 0.000 s
[state-dump] 	ray::rpc::InternalKVGcsService.grpc_client.GetInternalConfig.OnReplyReceived - 1 total (0 active), Execution time: mean = 1.021 s, total = 1.021 s, Queueing time: mean = 24.904 us, max = 24.904 us, min = 24.904 us, total = 24.904 us
[state-dump] 	ray::rpc::InternalPubSubGcsService.grpc_client.GcsSubscriberCommandBatch.OnReplyReceived - 1 total (1 active), Execution time: mean = 0.000 s, total = 0.000 s, Queueing time: mean = 0.000 s, max = -0.000 s, min = 9223372036.855 s, total = 0.000 s
[state-dump] 	NodeManager.GCTaskFailureReason - 1 total (1 active), Execution time: mean = 0.000 s, total = 0.000 s, Queueing time: mean = 0.000 s, max = -0.000 s, min = 9223372036.855 s, total = 0.000 s
[state-dump] 	ray::rpc::InternalPubSubGcsService.grpc_client.GcsSubscriberCommandBatch - 1 total (0 active), Execution time: mean = 1.385 ms, total = 1.385 ms, Queueing time: mean = 0.000 s, max = -0.000 s, min = 9223372036.855 s, total = 0.000 s
[state-dump] 	ray::rpc::InternalPubSubGcsService.grpc_client.GcsSubscriberPoll - 1 total (1 active), Execution time: mean = 0.000 s, total = 0.000 s, Queueing time: mean = 0.000 s, max = -0.000 s, min = 9223372036.855 s, total = 0.000 s
[state-dump] 	NodeManager.deadline_timer.flush_free_objects - 1 total (1 active), Execution time: mean = 0.000 s, total = 0.000 s, Queueing time: mean = 0.000 s, max = -0.000 s, min = 9223372036.855 s, total = 0.000 s
[state-dump] 	RayletWorkerPool.deadline_timer.kill_idle_workers - 1 total (1 active), Execution time: mean = 0.000 s, total = 0.000 s, Queueing time: mean = 0.000 s, max = -0.000 s, min = 9223372036.855 s, total = 0.000 s
[state-dump] 	ObjectManager.UpdateAvailableMemory - 1 total (0 active), Execution time: mean = 3.576 us, total = 3.576 us, Queueing time: mean = 18.809 us, max = 18.809 us, min = 18.809 us, total = 18.809 us
[state-dump] DebugString() time ms: 1
[state-dump] 
[state-dump] 
[2025-04-26 18:03:26,071 I 3069505 3069505] (raylet) accessor.cc:777: Received notification for node, IsAlive = 1 node_id=d34a5791a380cae20bab03d4b50e257e967539d40b2747cc6491dff4
[2025-04-26 18:03:26,114 I 3069505 3069505] (raylet) worker_pool.cc:729: [Eagerly] Start install runtime environment for job 01000000.
[2025-04-26 18:03:26,118 I 3069505 3069505] (raylet) worker_pool.cc:522: Started worker process with pid 3069640, the token is 0
[2025-04-26 18:03:26,120 I 3069505 3069505] (raylet) worker_pool.cc:522: Started worker process with pid 3069641, the token is 1
[2025-04-26 18:03:26,123 I 3069505 3069505] (raylet) worker_pool.cc:522: Started worker process with pid 3069642, the token is 2
[2025-04-26 18:03:26,126 I 3069505 3069505] (raylet) worker_pool.cc:522: Started worker process with pid 3069643, the token is 3
[2025-04-26 18:03:26,129 I 3069505 3069505] (raylet) worker_pool.cc:522: Started worker process with pid 3069644, the token is 4
[2025-04-26 18:03:26,132 I 3069505 3069505] (raylet) worker_pool.cc:522: Started worker process with pid 3069645, the token is 5
[2025-04-26 18:03:26,134 I 3069505 3069505] (raylet) worker_pool.cc:522: Started worker process with pid 3069646, the token is 6
[2025-04-26 18:03:26,137 I 3069505 3069505] (raylet) worker_pool.cc:522: Started worker process with pid 3069647, the token is 7
[2025-04-26 18:03:26,140 I 3069505 3069505] (raylet) worker_pool.cc:522: Started worker process with pid 3069648, the token is 8
[2025-04-26 18:03:26,142 I 3069505 3069505] (raylet) worker_pool.cc:522: Started worker process with pid 3069649, the token is 9
[2025-04-26 18:03:26,145 I 3069505 3069505] (raylet) worker_pool.cc:522: Started worker process with pid 3069650, the token is 10
[2025-04-26 18:03:26,148 I 3069505 3069505] (raylet) worker_pool.cc:522: Started worker process with pid 3069651, the token is 11
[2025-04-26 18:03:26,151 I 3069505 3069505] (raylet) worker_pool.cc:522: Started worker process with pid 3069652, the token is 12
[2025-04-26 18:03:26,153 I 3069505 3069505] (raylet) worker_pool.cc:522: Started worker process with pid 3069653, the token is 13
[2025-04-26 18:03:26,156 I 3069505 3069505] (raylet) worker_pool.cc:522: Started worker process with pid 3069654, the token is 14
[2025-04-26 18:03:26,160 I 3069505 3069505] (raylet) worker_pool.cc:522: Started worker process with pid 3069655, the token is 15
[2025-04-26 18:03:26,162 I 3069505 3069505] (raylet) worker_pool.cc:522: Started worker process with pid 3069656, the token is 16
[2025-04-26 18:03:26,165 I 3069505 3069505] (raylet) worker_pool.cc:522: Started worker process with pid 3069657, the token is 17
[2025-04-26 18:03:26,168 I 3069505 3069505] (raylet) worker_pool.cc:522: Started worker process with pid 3069658, the token is 18
[2025-04-26 18:03:26,184 I 3069505 3069505] (raylet) worker_pool.cc:522: Started worker process with pid 3069659, the token is 19
[2025-04-26 18:03:26,187 I 3069505 3069505] (raylet) worker_pool.cc:522: Started worker process with pid 3069660, the token is 20
[2025-04-26 18:03:26,190 I 3069505 3069505] (raylet) worker_pool.cc:522: Started worker process with pid 3069661, the token is 21
[2025-04-26 18:03:26,195 I 3069505 3069505] (raylet) worker_pool.cc:522: Started worker process with pid 3069662, the token is 22
[2025-04-26 18:03:26,198 I 3069505 3069505] (raylet) worker_pool.cc:522: Started worker process with pid 3069663, the token is 23
[2025-04-26 18:03:26,202 I 3069505 3069505] (raylet) worker_pool.cc:522: Started worker process with pid 3069664, the token is 24
[2025-04-26 18:03:26,205 I 3069505 3069505] (raylet) worker_pool.cc:522: Started worker process with pid 3069665, the token is 25
[2025-04-26 18:03:26,209 I 3069505 3069505] (raylet) worker_pool.cc:522: Started worker process with pid 3069666, the token is 26
[2025-04-26 18:03:26,213 I 3069505 3069505] (raylet) worker_pool.cc:522: Started worker process with pid 3069667, the token is 27
[2025-04-26 18:03:26,217 I 3069505 3069505] (raylet) worker_pool.cc:522: Started worker process with pid 3069668, the token is 28
[2025-04-26 18:03:26,221 I 3069505 3069505] (raylet) worker_pool.cc:522: Started worker process with pid 3069669, the token is 29
[2025-04-26 18:03:26,225 I 3069505 3069505] (raylet) worker_pool.cc:522: Started worker process with pid 3069670, the token is 30
[2025-04-26 18:03:26,229 I 3069505 3069505] (raylet) worker_pool.cc:522: Started worker process with pid 3069671, the token is 31
[2025-04-26 18:03:26,229 I 3069505 3069505] (raylet) runtime_env_agent_client.cc:340: Runtime Env Agent network error: NotFound: on_connect Connection refused, the server may be still starting or is already failed. Scheduling a retry in 1000ms...
[2025-04-26 18:03:26,928 I 3069505 3069533] (raylet) object_store.cc:35: Object store current usage 8e-09 / 36.2739 GB.
[2025-04-26 18:03:27,135 I 3069505 3069505] (raylet) worker_pool.cc:719: Job 01000000 already started in worker pool.
[2025-04-26 18:03:27,156 I 3069505 3069505] (raylet) runtime_env_agent_client.cc:383: Create runtime env for job 01000000
[2025-04-26 18:03:27,159 I 3069505 3069505] (raylet) worker_pool.cc:522: Started worker process with pid 3071530, the token is 32
[2025-04-26 18:03:27,232 I 3069505 3069505] (raylet) runtime_env_agent_client.cc:383: Create runtime env for job 01000000
[2025-04-26 18:03:27,232 I 3069505 3069505] (raylet) worker_pool.cc:740: [Eagerly] Create runtime env successful for job 01000000.
[2025-04-26 18:03:28,287 I 3069505 3069505] (raylet) node_manager.cc:1549: NodeManager::DisconnectClient, disconnect_type=1, has creation task exception = false
[2025-04-26 18:03:31,070 W 3069505 3069505] (raylet) memory_monitor.cc:198: Got negative used memory for cgroup -1, setting it to zero
[2025-04-26 18:03:36,077 W 3069505 3069505] (raylet) memory_monitor.cc:198: Got negative used memory for cgroup -1, setting it to zero
[2025-04-26 18:03:41,083 W 3069505 3069505] (raylet) memory_monitor.cc:198: Got negative used memory for cgroup -1, setting it to zero
[2025-04-26 18:03:46,090 W 3069505 3069505] (raylet) memory_monitor.cc:198: Got negative used memory for cgroup -1, setting it to zero
[2025-04-26 18:03:51,096 W 3069505 3069505] (raylet) memory_monitor.cc:198: Got negative used memory for cgroup -1, setting it to zero
[2025-04-26 18:03:56,102 W 3069505 3069505] (raylet) memory_monitor.cc:198: Got negative used memory for cgroup -1, setting it to zero
[2025-04-26 18:04:01,107 W 3069505 3069505] (raylet) memory_monitor.cc:198: Got negative used memory for cgroup -1, setting it to zero
[2025-04-26 18:04:05,786 I 3069505 3069505] (raylet) node_manager.cc:1549: NodeManager::DisconnectClient, disconnect_type=1, has creation task exception = false
[2025-04-26 18:04:06,113 W 3069505 3069505] (raylet) memory_monitor.cc:198: Got negative used memory for cgroup -1, setting it to zero
[2025-04-26 18:04:06,307 I 3069505 3069505] (raylet) node_manager.cc:1549: NodeManager::DisconnectClient, disconnect_type=3, has creation task exception = false
[2025-04-26 18:04:06,307 I 3069505 3069505] (raylet) node_manager.cc:1654: Driver (pid=3069106) is disconnected. worker_id=01000000ffffffffffffffffffffffffffffffffffffffffffffffff job_id=01000000
[2025-04-26 18:04:06,308 I 3069505 3069505] (raylet) worker_pool.cc:719: Job 01000000 already started in worker pool.
[2025-04-26 18:04:06,358 I 3069505 3069505] (raylet) main.cc:506: received SIGTERM. Existing local drain request = None
[2025-04-26 18:04:06,358 I 3069505 3069505] (raylet) main.cc:307: Raylet graceful shutdown triggered, reason = EXPECTED_TERMINATION, reason message = received SIGTERM
[2025-04-26 18:04:06,358 I 3069505 3069505] (raylet) main.cc:310: Shutting down...
[2025-04-26 18:04:06,358 I 3069505 3069505] (raylet) accessor.cc:511: Unregistering node node_id=d34a5791a380cae20bab03d4b50e257e967539d40b2747cc6491dff4
[2025-04-26 18:04:06,359 I 3069505 3069505] (raylet) accessor.cc:524: Finished unregistering node info, status = OK node_id=d34a5791a380cae20bab03d4b50e257e967539d40b2747cc6491dff4
[2025-04-26 18:04:06,363 I 3069505 3069505] (raylet) agent_manager.cc:113: Killing agent dashboard_agent/424238335, pid 3069615.
[2025-04-26 18:04:06,378 I 3069505 3069616] (raylet) agent_manager.cc:80: Agent process with name dashboard_agent/424238335 exited, exit code 0.
[2025-04-26 18:04:06,379 I 3069505 3069505] (raylet) agent_manager.cc:113: Killing agent runtime_env_agent, pid 3069617.
[2025-04-26 18:04:06,387 I 3069505 3069618] (raylet) agent_manager.cc:80: Agent process with name runtime_env_agent exited, exit code 0.
[2025-04-26 18:04:06,387 I 3069505 3069505] (raylet) io_service_pool.cc:47: IOServicePool is stopped.
[2025-04-26 18:04:06,488 I 3069505 3069505] (raylet) stats.h:120: Stats module has shutdown.
