[2025-04-26 14:41:34,729 I 2978796 2978796] (gcs_server) gcs_server_main.cc:95: Ray cluster metadata ray_version=2.43.0 ray_commit=ecdcdc6a6e63dc4bcd6ea16aae256ce4d32a7e2c
[2025-04-26 14:41:34,729 I 2978796 2978796] (gcs_server) io_service_pool.cc:35: IOServicePool is running with 1 io_service.
[2025-04-26 14:41:34,737 I 2978796 2978796] (gcs_server) event.cc:500: Ray Event initialized for GCS
[2025-04-26 14:41:34,740 I 2978796 2978796] (gcs_server) event.cc:500: Ray Event initialized for EXPORT_NODE
[2025-04-26 14:41:34,741 I 2978796 2978796] (gcs_server) event.cc:500: Ray Event initialized for EXPORT_ACTOR
[2025-04-26 14:41:34,742 I 2978796 2978796] (gcs_server) event.cc:500: Ray Event initialized for EXPORT_DRIVER_JOB
[2025-04-26 14:41:34,742 I 2978796 2978796] (gcs_server) event.cc:331: Set ray event level to warning
[2025-04-26 14:41:34,743 I 2978796 2978796] (gcs_server) gcs_server.cc:73: GCS storage type is StorageType::IN_MEMORY
[2025-04-26 14:41:34,743 I 2978796 2978796] (gcs_server) gcs_init_data.cc:42: Loading job table data.
[2025-04-26 14:41:34,743 I 2978796 2978796] (gcs_server) gcs_init_data.cc:52: Loading node table data.
[2025-04-26 14:41:34,743 I 2978796 2978796] (gcs_server) gcs_init_data.cc:74: Loading actor table data.
[2025-04-26 14:41:34,743 I 2978796 2978796] (gcs_server) gcs_init_data.cc:85: Loading actor task spec table data.
[2025-04-26 14:41:34,743 I 2978796 2978796] (gcs_server) gcs_init_data.cc:62: Loading placement group table data.
[2025-04-26 14:41:34,743 I 2978796 2978796] (gcs_server) gcs_init_data.cc:46: Finished loading job table data, size = 0
[2025-04-26 14:41:34,743 I 2978796 2978796] (gcs_server) gcs_init_data.cc:56: Finished loading node table data, size = 0
[2025-04-26 14:41:34,743 I 2978796 2978796] (gcs_server) gcs_init_data.cc:79: Finished loading actor table data, size = 0
[2025-04-26 14:41:34,743 I 2978796 2978796] (gcs_server) gcs_init_data.cc:90: Finished loading actor task spec table data, size = 0
[2025-04-26 14:41:34,743 I 2978796 2978796] (gcs_server) gcs_init_data.cc:68: Finished loading placement group table data, size = 0
[2025-04-26 14:41:34,743 I 2978796 2978796] (gcs_server) gcs_server.cc:157: No existing server cluster ID found. Generating new ID: 1648b52512cfb282e354920c7efe18b2b3666993484836a8e7c18e73
[2025-04-26 14:41:34,744 I 2978796 2978796] (gcs_server) gcs_server.cc:672: Autoscaler V2 enabled: 0
[2025-04-26 14:41:34,745 I 2978796 2978796] (gcs_server) grpc_server.cc:135: GcsServer server started, listening on port 44893.
[2025-04-26 14:41:34,839 I 2978796 2978796] (gcs_server) gcs_server.cc:245: Gcs Debug state:

GcsNodeManager: 
- RegisterNode request count: 0
- DrainNode request count: 0
- GetAllNodeInfo request count: 0

GcsActorManager: 
- RegisterActor request count: 0
- CreateActor request count: 0
- GetActorInfo request count: 0
- GetNamedActorInfo request count: 0
- GetAllActorInfo request count: 0
- KillActor request count: 0
- ListNamedActors request count: 0
- Registered actors count: 0
- Destroyed actors count: 0
- Named actors count: 0
- Unresolved actors count: 0
- Pending actors count: 0
- Created actors count: 0
- owners_: 0
- actor_to_register_callbacks_: 0
- actor_to_restart_callbacks_: 0
- actor_to_create_callbacks_: 0
- sorted_destroyed_actor_list_: 0

GcsResourceManager: 
- GetAllAvailableResources request count: 0
- GetAllTotalResources request count: 0
- GetAllResourceUsage request count: 0

GcsPlacementGroupManager: 
- CreatePlacementGroup request count: 0
- RemovePlacementGroup request count: 0
- GetPlacementGroup request count: 0
- GetAllPlacementGroup request count: 0
- WaitPlacementGroupUntilReady request count: 0
- GetNamedPlacementGroup request count: 0
- Scheduling pending placement group count: 0
- Registered placement groups count: 0
- Named placement group count: 0
- Pending placement groups count: 0
- Infeasible placement groups count: 0

Publisher:

[runtime env manager] ID to URIs table:
[runtime env manager] URIs reference table:

GcsTaskManager: 
-Total num task events reported: 0
-Total num status task events dropped: 0
-Total num profile events dropped: 0
-Current num of task events stored: 0
-Total num of actor creation tasks: 0
-Total num of actor tasks: 0
-Total num of normal tasks: 0
-Total num of driver tasks: 0

GcsAutoscalerStateManager: 
- last_seen_autoscaler_state_version_: 0
- last_cluster_resource_state_version_: 0
- pending demands:



[2025-04-26 14:41:34,839 I 2978796 2978796] (gcs_server) gcs_server.cc:870: Main service Event stats:


Global stats: 24 total (4 active)
Queueing time: mean = 36.256 ms, max = 95.401 ms, min = 54.000 ns, total = 870.139 ms
Execution time:  mean = 7.956 ms, total = 190.949 ms
Event stats:
	GcsInMemoryStore.Put - 8 total (0 active), Execution time: mean = 11.929 ms, total = 95.432 ms, Queueing time: mean = 83.142 ms, max = 95.173 ms, min = 3.189 us, total = 665.139 ms
	GcsInMemoryStore.GetAll - 5 total (0 active), Execution time: mean = 7.894 us, total = 39.468 us, Queueing time: mean = 25.906 us, max = 28.157 us, min = 24.216 us, total = 129.528 us
	PeriodicalRunner.RunFnPeriodically - 4 total (2 active, 1 running), Execution time: mean = 2.452 us, total = 9.808 us, Queueing time: mean = 47.684 ms, max = 95.401 ms, min = 95.333 ms, total = 190.734 ms
	event_loop_lag_probe - 2 total (0 active), Execution time: mean = 8.595 us, total = 17.190 us, Queueing time: mean = 7.058 ms, max = 14.067 ms, min = 47.720 us, total = 14.115 ms
	ClusterResourceManager.ResetRemoteNodeView - 1 total (1 active), Execution time: mean = 0.000 s, total = 0.000 s, Queueing time: mean = 0.000 s, max = -0.000 s, min = 9223372036.855 s, total = 0.000 s
	GcsInitData::AsyncLoad - 1 total (0 active), Execution time: mean = 17.453 us, total = 17.453 us, Queueing time: mean = 414.000 ns, max = 414.000 ns, min = 414.000 ns, total = 414.000 ns
	GcsServer.GetOrGenerateClusterId.continuation - 1 total (0 active), Execution time: mean = 95.418 ms, total = 95.418 ms, Queueing time: mean = 54.000 ns, max = 54.000 ns, min = 54.000 ns, total = 54.000 ns
	GcsInMemoryStore.Get - 1 total (0 active), Execution time: mean = 16.127 us, total = 16.127 us, Queueing time: mean = 19.811 us, max = 19.811 us, min = 19.811 us, total = 19.811 us
	RayletLoadPulled - 1 total (1 active), Execution time: mean = 0.000 s, total = 0.000 s, Queueing time: mean = 0.000 s, max = -0.000 s, min = 9223372036.855 s, total = 0.000 s


[2025-04-26 14:41:34,839 I 2978796 2978796] (gcs_server) gcs_server.cc:874: task_io_context Event stats:


Global stats: 4 total (1 active)
Queueing time: mean = 140.985 us, max = 528.973 us, min = 15.829 us, total = 563.940 us
Execution time:  mean = 47.114 us, total = 188.455 us
Event stats:
	event_loop_lag_probe - 2 total (0 active), Execution time: mean = 91.288 us, total = 182.577 us, Queueing time: mean = 274.055 us, max = 528.973 us, min = 19.138 us, total = 548.111 us
	PeriodicalRunner.RunFnPeriodically - 1 total (0 active), Execution time: mean = 5.878 us, total = 5.878 us, Queueing time: mean = 15.829 us, max = 15.829 us, min = 15.829 us, total = 15.829 us
	GcsTaskManager.GcJobSummary - 1 total (1 active), Execution time: mean = 0.000 s, total = 0.000 s, Queueing time: mean = 0.000 s, max = -0.000 s, min = 9223372036.855 s, total = 0.000 s


[2025-04-26 14:41:34,839 I 2978796 2978796] (gcs_server) gcs_server.cc:874: pubsub_io_context Event stats:


Global stats: 4 total (1 active)
Queueing time: mean = 175.891 us, max = 533.107 us, min = 55.362 us, total = 703.562 us
Execution time:  mean = 86.469 us, total = 345.878 us
Event stats:
	event_loop_lag_probe - 2 total (0 active), Execution time: mean = 149.724 us, total = 299.448 us, Queueing time: mean = 294.235 us, max = 533.107 us, min = 55.362 us, total = 588.469 us
	PeriodicalRunner.RunFnPeriodically - 1 total (0 active), Execution time: mean = 46.430 us, total = 46.430 us, Queueing time: mean = 115.093 us, max = 115.093 us, min = 115.093 us, total = 115.093 us
	Publisher.CheckDeadSubscribers - 1 total (1 active), Execution time: mean = 0.000 s, total = 0.000 s, Queueing time: mean = 0.000 s, max = -0.000 s, min = 9223372036.855 s, total = 0.000 s


[2025-04-26 14:41:34,839 I 2978796 2978796] (gcs_server) gcs_server.cc:874: ray_syncer_io_context Event stats:


Global stats: 4 total (0 active)
Queueing time: mean = 613.936 us, max = 1.648 ms, min = 41.533 us, total = 2.456 ms
Execution time:  mean = 66.131 us, total = 264.523 us
Event stats:
	event_loop_lag_probe - 2 total (0 active), Execution time: mean = 130.874 us, total = 261.748 us, Queueing time: mean = 844.616 us, max = 1.648 ms, min = 41.533 us, total = 1.689 ms
	RaySyncerRegister - 2 total (0 active), Execution time: mean = 1.387 us, total = 2.775 us, Queueing time: mean = 383.255 us, max = 385.267 us, min = 381.244 us, total = 766.511 us


[2025-04-26 14:41:37,841 I 2978796 2978796] (gcs_server) gcs_node_manager.cc:88: Registering node info, address = 10.153.51.195, node name = 10.153.51.195 node_id=e9a99d47572a56b74d9c50b522cb484542508c5ebb6708e45d48c42a
[2025-04-26 14:41:37,841 I 2978796 2978796] (gcs_server) gcs_node_manager.cc:94: Finished registering node info, address = 10.153.51.195, node name = 10.153.51.195, is_head_node = 1 node_id=e9a99d47572a56b74d9c50b522cb484542508c5ebb6708e45d48c42a
[2025-04-26 14:41:37,841 I 2978796 2978796] (gcs_server) gcs_placement_group_manager.cc:830: A new node: e9a99d47572a56b74d9c50b522cb484542508c5ebb6708e45d48c42a registered, will try to reschedule all the infeasible placement groups.
[2025-04-26 14:41:37,849 I 2978796 2978864] (gcs_server) ray_syncer.cc:244: Get connection node_id=e9a99d47572a56b74d9c50b522cb484542508c5ebb6708e45d48c42a
[2025-04-26 14:41:39,040 I 2978796 2978796] (gcs_server) gcs_job_manager.cc:90: Adding job, job id = 01000000, driver pid = 2978611
[2025-04-26 14:41:39,040 I 2978796 2978796] (gcs_server) gcs_job_manager.cc:111: Finished adding job, job id = 01000000, driver pid = 2978611
[2025-04-26 14:41:39,063 I 2978796 2978796] (gcs_server) gcs_actor_manager.cc:396: Registering actor job_id=01000000 actor_id=d509ece50261cbeb2d9b9b9801000000
[2025-04-26 14:41:39,064 I 2978796 2978796] (gcs_server) gcs_actor_manager.cc:401: Registered actor, job id = 01000000, actor id = d509ece50261cbeb2d9b9b9801000000
[2025-04-26 14:41:39,064 I 2978796 2978796] (gcs_server) gcs_actor_manager.cc:482: Creating actor job_id=01000000 actor_id=d509ece50261cbeb2d9b9b9801000000
[2025-04-26 14:41:39,064 I 2978796 2978796] (gcs_server) gcs_actor_scheduler.cc:313: Start leasing worker from node e9a99d47572a56b74d9c50b522cb484542508c5ebb6708e45d48c42a for actor d509ece50261cbeb2d9b9b9801000000, job id = 01000000
[2025-04-26 14:41:40,151 I 2978796 2978796] (gcs_server) gcs_actor_scheduler.cc:634: Finished leasing worker from e9a99d47572a56b74d9c50b522cb484542508c5ebb6708e45d48c42a for actor d509ece50261cbeb2d9b9b9801000000, job id = 01000000
[2025-04-26 14:41:40,151 I 2978796 2978796] (gcs_server) gcs_actor_scheduler.cc:449: Start creating actor d509ece50261cbeb2d9b9b9801000000 on worker 434a591de0adb5099e62428a92e8321645d051af482845a3cddbd5e9 at node e9a99d47572a56b74d9c50b522cb484542508c5ebb6708e45d48c42a, job id = 01000000
[2025-04-26 14:41:44,058 I 2978796 2978796] (gcs_server) gcs_job_manager.cc:90: Adding job, job id = 02000000, driver pid = 2978891
[2025-04-26 14:41:44,058 I 2978796 2978796] (gcs_server) gcs_job_manager.cc:111: Finished adding job, job id = 02000000, driver pid = 2978891
[2025-04-26 14:41:48,935 I 2978796 2978796] (gcs_server) gcs_actor_scheduler.cc:486: Finished actor creation task for actor d509ece50261cbeb2d9b9b9801000000 on worker 434a591de0adb5099e62428a92e8321645d051af482845a3cddbd5e9 at node e9a99d47572a56b74d9c50b522cb484542508c5ebb6708e45d48c42a, job id = 01000000
[2025-04-26 14:41:48,935 I 2978796 2978796] (gcs_server) gcs_actor_manager.cc:1543: Actor created successfully job_id=01000000 actor_id=d509ece50261cbeb2d9b9b9801000000
[2025-04-26 14:41:48,936 I 2978796 2978796] (gcs_server) gcs_actor_manager.cc:497: Finished creating actor. Status: OK job_id=01000000 actor_id=d509ece50261cbeb2d9b9b9801000000
[2025-04-26 14:42:09,647 I 2978796 2978796] (gcs_server) gcs_actor_manager.cc:1029: Destroying actor job_id=01000000 actor_id=d509ece50261cbeb2d9b9b9801000000
[2025-04-26 14:42:09,648 I 2978796 2978796] (gcs_server) gcs_job_manager.cc:149: Finished marking job state, job id = 01000000
[2025-04-26 14:42:09,649 I 2978796 2978796] (gcs_server) gcs_actor_manager.cc:1004: Worker 01000000ffffffffffffffffffffffffffffffffffffffffffffffff failed, destroying actor child, job id = 01000000
[2025-04-26 14:42:09,828 I 2978796 2978796] (gcs_server) gcs_node_manager.cc:382: Removing node, node name = 10.153.51.195, death reason = EXPECTED_TERMINATION, death message = received SIGTERM node_id=e9a99d47572a56b74d9c50b522cb484542508c5ebb6708e45d48c42a
[2025-04-26 14:42:09,828 I 2978796 2978796] (gcs_server) gcs_placement_group_manager.cc:800: Node failed, rescheduling the placement groups on the dead node. node_id=e9a99d47572a56b74d9c50b522cb484542508c5ebb6708e45d48c42a
[2025-04-26 14:42:09,828 I 2978796 2978796] (gcs_server) gcs_actor_manager.cc:1282: Node failed, reconstructing actors. node_id=e9a99d47572a56b74d9c50b522cb484542508c5ebb6708e45d48c42a
[2025-04-26 14:42:09,828 I 2978796 2978796] (gcs_server) gcs_job_manager.cc:467: Node failed, mark all jobs from this node as finished node_id=e9a99d47572a56b74d9c50b522cb484542508c5ebb6708e45d48c42a
[2025-04-26 14:42:09,829 I 2978796 2978796] (gcs_server) gcs_job_manager.cc:149: Finished marking job state, job id = 02000000
[2025-04-26 14:42:10,001 I 2978796 2978845] (gcs_server) ray_syncer_bidi_reactor_base.h:182: Failed to read the message from: e9a99d47572a56b74d9c50b522cb484542508c5ebb6708e45d48c42a
[2025-04-26 14:42:10,002 I 2978796 2978845] (gcs_server) ray_syncer.cc:241: Connection is broken. node_id=e9a99d47572a56b74d9c50b522cb484542508c5ebb6708e45d48c42a
[2025-04-26 14:42:10,043 I 2978796 2978796] (gcs_server) gcs_server_main.cc:175: GCS server received SIGTERM, shutting down...
[2025-04-26 14:42:10,043 I 2978796 2978796] (gcs_server) gcs_server.cc:267: Stopping GCS server.
[2025-04-26 14:42:10,067 I 2978796 2978796] (gcs_server) gcs_server.cc:284: GCS server stopped.
[2025-04-26 14:42:10,067 I 2978796 2978796] (gcs_server) io_service_pool.cc:47: IOServicePool is stopped.
[2025-04-26 14:42:10,172 I 2978796 2978796] (gcs_server) stats.h:120: Stats module has shutdown.
