[2025-04-26 14:41:36,813 I 2979012 2979012] (raylet) main.cc:226: Setting cluster ID to: 1648b52512cfb282e354920c7efe18b2b3666993484836a8e7c18e73
[2025-04-26 14:41:36,821 I 2979012 2979012] (raylet) main.cc:341: Raylet is not set to kill unknown children.
[2025-04-26 14:41:36,821 I 2979012 2979012] (raylet) io_service_pool.cc:35: IOServicePool is running with 1 io_service.
[2025-04-26 14:41:36,821 I 2979012 2979012] (raylet) main.cc:471: Setting node ID node_id=e9a99d47572a56b74d9c50b522cb484542508c5ebb6708e45d48c42a
[2025-04-26 14:41:36,821 I 2979012 2979012] (raylet) store_runner.cc:33: Allowing the Plasma store to use up to 36.3183GB of memory.
[2025-04-26 14:41:36,821 I 2979012 2979012] (raylet) store_runner.cc:49: Starting object store with directory /dev/shm, fallback /home/stud/wxie/EasyR1/ray, and huge page support disabled
[2025-04-26 14:41:36,822 I 2979012 2979040] (raylet) dlmalloc.cc:154: create_and_mmap_buffer(36318347272, /dev/shm/plasmaXXXXXX)
[2025-04-26 14:41:36,824 I 2979012 2979040] (raylet) store.cc:564: Plasma store debug dump: 
Current usage: 0 / 36.3183 GB
- num bytes created total: 0
0 pending objects of total size 0MB
- objects spillable: 0
- bytes spillable: 0
- objects unsealed: 0
- bytes unsealed: 0
- objects in use: 0
- bytes in use: 0
- objects evictable: 0
- bytes evictable: 0

- objects created by worker: 0
- bytes created by worker: 0
- objects restored: 0
- bytes restored: 0
- objects received: 0
- bytes received: 0
- objects errored: 0
- bytes errored: 0

[2025-04-26 14:41:37,826 I 2979012 2979012] (raylet) grpc_server.cc:135: ObjectManager server started, listening on port 45579.
[2025-04-26 14:41:37,829 I 2979012 2979012] (raylet) worker_killing_policy.cc:101: Running GroupByOwner policy.
[2025-04-26 14:41:37,829 W 2979012 2979012] (raylet) memory_monitor.cc:198: Got negative used memory for cgroup -1, setting it to zero
[2025-04-26 14:41:37,829 I 2979012 2979012] (raylet) memory_monitor.cc:48: MemoryMonitor initialized with usage threshold at 128114286592 bytes (0.95 system memory), total system memory bytes: 134857150464
[2025-04-26 14:41:37,829 I 2979012 2979012] (raylet) node_manager.cc:295: Initializing NodeManager node_id=e9a99d47572a56b74d9c50b522cb484542508c5ebb6708e45d48c42a
[2025-04-26 14:41:37,830 I 2979012 2979012] (raylet) grpc_server.cc:135: NodeManager server started, listening on port 45335.
[2025-04-26 14:41:37,839 I 2979012 2979117] (raylet) agent_manager.cc:78: Monitor agent process with name dashboard_agent/424238335
[2025-04-26 14:41:37,839 I 2979012 2979119] (raylet) agent_manager.cc:78: Monitor agent process with name runtime_env_agent
[2025-04-26 14:41:37,841 I 2979012 2979012] (raylet) event.cc:500: Ray Event initialized for RAYLET
[2025-04-26 14:41:37,841 I 2979012 2979012] (raylet) event.cc:331: Set ray event level to warning
[2025-04-26 14:41:37,842 I 2979012 2979012] (raylet) raylet.cc:134: Raylet of id, e9a99d47572a56b74d9c50b522cb484542508c5ebb6708e45d48c42a started. Raylet consists of node_manager and object_manager. node_manager address: 10.153.51.195:45335 object_manager address: 10.153.51.195:45579 hostname: marajo
[2025-04-26 14:41:37,847 I 2979012 2979012] (raylet) node_manager.cc:532: [state-dump] NodeManager:
[state-dump] Node ID: e9a99d47572a56b74d9c50b522cb484542508c5ebb6708e45d48c42a
[state-dump] Node name: 10.153.51.195
[state-dump] InitialConfigResources: {memory: 747426678790000, accelerator_type:H100: 10000, object_store_memory: 363182862330000, node:10.153.51.195: 10000, GPU: 10000, CPU: 320000, node:__internal_head__: 10000}
[state-dump] ClusterTaskManager:
[state-dump] ========== Node: e9a99d47572a56b74d9c50b522cb484542508c5ebb6708e45d48c42a =================
[state-dump] Infeasible queue length: 0
[state-dump] Schedule queue length: 0
[state-dump] Dispatch queue length: 0
[state-dump] num_waiting_for_resource: 0
[state-dump] num_waiting_for_plasma_memory: 0
[state-dump] num_waiting_for_remote_node_resources: 0
[state-dump] num_worker_not_started_by_job_config_not_exist: 0
[state-dump] num_worker_not_started_by_registration_timeout: 0
[state-dump] num_tasks_waiting_for_workers: 0
[state-dump] num_cancelled_tasks: 0
[state-dump] cluster_resource_scheduler state: 
[state-dump] Local id: 2108009068263925907 Local resources: {"total":{accelerator_type:H100: [10000], memory: [747426678790000], node:10.153.51.195: [10000], object_store_memory: [363182862330000], CPU: [320000], node:__internal_head__: [10000], GPU: [10000]}}, "available": {accelerator_type:H100: [10000], memory: [747426678790000], node:10.153.51.195: [10000], object_store_memory: [363182862330000], CPU: [320000], node:__internal_head__: [10000], GPU: [10000]}}, "labels":{"ray.io/node_id":"e9a99d47572a56b74d9c50b522cb484542508c5ebb6708e45d48c42a",} is_draining: 0 is_idle: 1 Cluster resources: node id: 2108009068263925907{"total":{accelerator_type:H100: 10000, GPU: 10000, object_store_memory: 363182862330000, node:10.153.51.195: 10000, node:__internal_head__: 10000, CPU: 320000, memory: 747426678790000}}, "available": {accelerator_type:H100: 10000, GPU: 10000, object_store_memory: 363182862330000, node:10.153.51.195: 10000, node:__internal_head__: 10000, CPU: 320000, memory: 747426678790000}}, "labels":{"ray.io/node_id":"e9a99d47572a56b74d9c50b522cb484542508c5ebb6708e45d48c42a",}, "is_draining": 0, "draining_deadline_timestamp_ms": -1} { "placment group locations": [], "node to bundles": []}
[state-dump] Waiting tasks size: 0
[state-dump] Number of executing tasks: 0
[state-dump] Number of pinned task arguments: 0
[state-dump] Number of total spilled tasks: 0
[state-dump] Number of spilled waiting tasks: 0
[state-dump] Number of spilled unschedulable tasks: 0
[state-dump] Resource usage {
[state-dump] }
[state-dump] Backlog Size per scheduling descriptor :{workerId: num backlogs}:
[state-dump] 
[state-dump] Running tasks by scheduling class:
[state-dump] ==================================================
[state-dump] 
[state-dump] ClusterResources:
[state-dump] LocalObjectManager:
[state-dump] - num pinned objects: 0
[state-dump] - pinned objects size: 0
[state-dump] - num objects pending restore: 0
[state-dump] - num objects pending spill: 0
[state-dump] - num bytes pending spill: 0
[state-dump] - num bytes currently spilled: 0
[state-dump] - cumulative spill requests: 0
[state-dump] - cumulative restore requests: 0
[state-dump] - spilled objects pending delete: 0
[state-dump] 
[state-dump] ObjectManager:
[state-dump] - num local objects: 0
[state-dump] - num unfulfilled push requests: 0
[state-dump] - num object pull requests: 0
[state-dump] - num chunks received total: 0
[state-dump] - num chunks received failed (all): 0
[state-dump] - num chunks received failed / cancelled: 0
[state-dump] - num chunks received failed / plasma error: 0
[state-dump] Event stats:
[state-dump] Global stats: 0 total (0 active)
[state-dump] Queueing time: mean = -nan s, max = -0.000 s, min = 9223372036.855 s, total = 0.000 s
[state-dump] Execution time:  mean = -nan s, total = 0.000 s
[state-dump] Event stats:
[state-dump] PushManager:
[state-dump] - num pushes in flight: 0
[state-dump] - num chunks in flight: 0
[state-dump] - num chunks remaining: 0
[state-dump] - max chunks allowed: 409
[state-dump] OwnershipBasedObjectDirectory:
[state-dump] - num listeners: 0
[state-dump] - cumulative location updates: 0
[state-dump] - num location updates per second: 33880415168470000.000
[state-dump] - num location lookups per second: 33880415168464000.000
[state-dump] - num locations added per second: 0.000
[state-dump] - num locations removed per second: 0.000
[state-dump] BufferPool:
[state-dump] - create buffer state map size: 0
[state-dump] PullManager:
[state-dump] - num bytes available for pulled objects: 36318286233
[state-dump] - num bytes being pulled (all): 0
[state-dump] - num bytes being pulled / pinned: 0
[state-dump] - get request bundles: BundlePullRequestQueue{0 total, 0 active, 0 inactive, 0 unpullable}
[state-dump] - wait request bundles: BundlePullRequestQueue{0 total, 0 active, 0 inactive, 0 unpullable}
[state-dump] - task request bundles: BundlePullRequestQueue{0 total, 0 active, 0 inactive, 0 unpullable}
[state-dump] - first get request bundle: N/A
[state-dump] - first wait request bundle: N/A
[state-dump] - first task request bundle: N/A
[state-dump] - num objects queued: 0
[state-dump] - num objects actively pulled (all): 0
[state-dump] - num objects actively pulled / pinned: 0
[state-dump] - num bundles being pulled: 0
[state-dump] - num pull retries: 0
[state-dump] - max timeout seconds: 0
[state-dump] - max timeout request is already processed. No entry.
[state-dump] 
[state-dump] WorkerPool:
[state-dump] - registered jobs: 0
[state-dump] - process_failed_job_config_missing: 0
[state-dump] - process_failed_rate_limited: 0
[state-dump] - process_failed_pending_registration: 0
[state-dump] - process_failed_runtime_env_setup_failed: 0
[state-dump] - num PYTHON workers: 0
[state-dump] - num PYTHON drivers: 0
[state-dump] - num PYTHON pending start requests: 0
[state-dump] - num PYTHON pending registration requests: 0
[state-dump] - num object spill callbacks queued: 0
[state-dump] - num object restore queued: 0
[state-dump] - num util functions queued: 0
[state-dump] - num JAVA workers: 0
[state-dump] - num JAVA drivers: 0
[state-dump] - num JAVA pending start requests: 0
[state-dump] - num JAVA pending registration requests: 0
[state-dump] - num object spill callbacks queued: 0
[state-dump] - num object restore queued: 0
[state-dump] - num util functions queued: 0
[state-dump] - num idle workers: 0
[state-dump] TaskDependencyManager:
[state-dump] - task deps map size: 0
[state-dump] - get req map size: 0
[state-dump] - wait req map size: 0
[state-dump] - local objects map size: 0
[state-dump] WaitManager:
[state-dump] - num active wait requests: 0
[state-dump] Subscriber:
[state-dump] Channel WORKER_REF_REMOVED_CHANNEL
[state-dump] - cumulative subscribe requests: 0
[state-dump] - cumulative unsubscribe requests: 0
[state-dump] - active subscribed publishers: 0
[state-dump] - cumulative published messages: 0
[state-dump] - cumulative processed messages: 0
[state-dump] Channel WORKER_OBJECT_LOCATIONS_CHANNEL
[state-dump] - cumulative subscribe requests: 0
[state-dump] - cumulative unsubscribe requests: 0
[state-dump] - active subscribed publishers: 0
[state-dump] - cumulative published messages: 0
[state-dump] - cumulative processed messages: 0
[state-dump] Channel WORKER_OBJECT_EVICTION
[state-dump] - cumulative subscribe requests: 0
[state-dump] - cumulative unsubscribe requests: 0
[state-dump] - active subscribed publishers: 0
[state-dump] - cumulative published messages: 0
[state-dump] - cumulative processed messages: 0
[state-dump] num async plasma notifications: 0
[state-dump] Remote node managers: 
[state-dump] Event stats:
[state-dump] Global stats: 28 total (13 active)
[state-dump] Queueing time: mean = 1.862 ms, max = 11.754 ms, min = 18.783 us, total = 52.137 ms
[state-dump] Execution time:  mean = 36.773 ms, total = 1.030 s
[state-dump] Event stats:
[state-dump] 	PeriodicalRunner.RunFnPeriodically - 11 total (2 active, 1 running), Execution time: mean = 392.634 us, total = 4.319 ms, Queueing time: mean = 4.734 ms, max = 11.754 ms, min = 31.035 us, total = 52.076 ms
[state-dump] 	RayletWorkerPool.deadline_timer.kill_idle_workers - 1 total (1 active), Execution time: mean = 0.000 s, total = 0.000 s, Queueing time: mean = 0.000 s, max = -0.000 s, min = 9223372036.855 s, total = 0.000 s
[state-dump] 	ray::rpc::InternalKVGcsService.grpc_client.GetInternalConfig - 1 total (0 active), Execution time: mean = 1.654 ms, total = 1.654 ms, Queueing time: mean = 0.000 s, max = -0.000 s, min = 9223372036.855 s, total = 0.000 s
[state-dump] 	NodeManager.deadline_timer.spill_objects_when_over_threshold - 1 total (1 active), Execution time: mean = 0.000 s, total = 0.000 s, Queueing time: mean = 0.000 s, max = -0.000 s, min = 9223372036.855 s, total = 0.000 s
[state-dump] 	MemoryMonitor.CheckIsMemoryUsageAboveThreshold - 1 total (1 active), Execution time: mean = 0.000 s, total = 0.000 s, Queueing time: mean = 0.000 s, max = -0.000 s, min = 9223372036.855 s, total = 0.000 s
[state-dump] 	NodeManager.ScheduleAndDispatchTasks - 1 total (1 active), Execution time: mean = 0.000 s, total = 0.000 s, Queueing time: mean = 0.000 s, max = -0.000 s, min = 9223372036.855 s, total = 0.000 s
[state-dump] 	ray::rpc::NodeInfoGcsService.grpc_client.RegisterNode.OnReplyReceived - 1 total (0 active), Execution time: mean = 268.441 us, total = 268.441 us, Queueing time: mean = 21.616 us, max = 21.616 us, min = 21.616 us, total = 21.616 us
[state-dump] 	ray::rpc::InternalPubSubGcsService.grpc_client.GcsSubscriberCommandBatch - 1 total (0 active), Execution time: mean = 1.221 ms, total = 1.221 ms, Queueing time: mean = 0.000 s, max = -0.000 s, min = 9223372036.855 s, total = 0.000 s
[state-dump] 	NodeManager.deadline_timer.debug_state_dump - 1 total (1 active), Execution time: mean = 0.000 s, total = 0.000 s, Queueing time: mean = 0.000 s, max = -0.000 s, min = 9223372036.855 s, total = 0.000 s
[state-dump] 	ObjectManager.UpdateAvailableMemory - 1 total (0 active), Execution time: mean = 3.708 us, total = 3.708 us, Queueing time: mean = 18.783 us, max = 18.783 us, min = 18.783 us, total = 18.783 us
[state-dump] 	ray::rpc::NodeInfoGcsService.grpc_client.RegisterNode - 1 total (0 active), Execution time: mean = 1.568 ms, total = 1.568 ms, Queueing time: mean = 0.000 s, max = -0.000 s, min = 9223372036.855 s, total = 0.000 s
[state-dump] 	ray::rpc::InternalKVGcsService.grpc_client.GetInternalConfig.OnReplyReceived - 1 total (0 active), Execution time: mean = 1.021 s, total = 1.021 s, Queueing time: mean = 20.692 us, max = 20.692 us, min = 20.692 us, total = 20.692 us
[state-dump] 	ClusterResourceManager.ResetRemoteNodeView - 1 total (1 active), Execution time: mean = 0.000 s, total = 0.000 s, Queueing time: mean = 0.000 s, max = -0.000 s, min = 9223372036.855 s, total = 0.000 s
[state-dump] 	NodeManager.deadline_timer.record_metrics - 1 total (1 active), Execution time: mean = 0.000 s, total = 0.000 s, Queueing time: mean = 0.000 s, max = -0.000 s, min = 9223372036.855 s, total = 0.000 s
[state-dump] 	ray::rpc::InternalPubSubGcsService.grpc_client.GcsSubscriberPoll - 1 total (1 active), Execution time: mean = 0.000 s, total = 0.000 s, Queueing time: mean = 0.000 s, max = -0.000 s, min = 9223372036.855 s, total = 0.000 s
[state-dump] 	NodeManager.GCTaskFailureReason - 1 total (1 active), Execution time: mean = 0.000 s, total = 0.000 s, Queueing time: mean = 0.000 s, max = -0.000 s, min = 9223372036.855 s, total = 0.000 s
[state-dump] 	NodeManager.deadline_timer.flush_free_objects - 1 total (1 active), Execution time: mean = 0.000 s, total = 0.000 s, Queueing time: mean = 0.000 s, max = -0.000 s, min = 9223372036.855 s, total = 0.000 s
[state-dump] 	ray::rpc::InternalPubSubGcsService.grpc_client.GcsSubscriberCommandBatch.OnReplyReceived - 1 total (1 active), Execution time: mean = 0.000 s, total = 0.000 s, Queueing time: mean = 0.000 s, max = -0.000 s, min = 9223372036.855 s, total = 0.000 s
[state-dump] DebugString() time ms: 1
[state-dump] 
[state-dump] 
[2025-04-26 14:41:37,849 I 2979012 2979012] (raylet) accessor.cc:777: Received notification for node, IsAlive = 1 node_id=e9a99d47572a56b74d9c50b522cb484542508c5ebb6708e45d48c42a
[2025-04-26 14:41:37,890 I 2979012 2979012] (raylet) worker_pool.cc:729: [Eagerly] Start install runtime environment for job 01000000.
[2025-04-26 14:41:37,893 I 2979012 2979012] (raylet) worker_pool.cc:522: Started worker process with pid 2979141, the token is 0
[2025-04-26 14:41:37,896 I 2979012 2979012] (raylet) worker_pool.cc:522: Started worker process with pid 2979142, the token is 1
[2025-04-26 14:41:37,899 I 2979012 2979012] (raylet) worker_pool.cc:522: Started worker process with pid 2979143, the token is 2
[2025-04-26 14:41:37,902 I 2979012 2979012] (raylet) worker_pool.cc:522: Started worker process with pid 2979144, the token is 3
[2025-04-26 14:41:37,905 I 2979012 2979012] (raylet) worker_pool.cc:522: Started worker process with pid 2979145, the token is 4
[2025-04-26 14:41:37,907 I 2979012 2979012] (raylet) worker_pool.cc:522: Started worker process with pid 2979146, the token is 5
[2025-04-26 14:41:37,910 I 2979012 2979012] (raylet) worker_pool.cc:522: Started worker process with pid 2979147, the token is 6
[2025-04-26 14:41:37,913 I 2979012 2979012] (raylet) worker_pool.cc:522: Started worker process with pid 2979148, the token is 7
[2025-04-26 14:41:37,916 I 2979012 2979012] (raylet) worker_pool.cc:522: Started worker process with pid 2979149, the token is 8
[2025-04-26 14:41:37,918 I 2979012 2979012] (raylet) worker_pool.cc:522: Started worker process with pid 2979150, the token is 9
[2025-04-26 14:41:37,921 I 2979012 2979012] (raylet) worker_pool.cc:522: Started worker process with pid 2979151, the token is 10
[2025-04-26 14:41:37,924 I 2979012 2979012] (raylet) worker_pool.cc:522: Started worker process with pid 2979152, the token is 11
[2025-04-26 14:41:37,927 I 2979012 2979012] (raylet) worker_pool.cc:522: Started worker process with pid 2979153, the token is 12
[2025-04-26 14:41:37,930 I 2979012 2979012] (raylet) worker_pool.cc:522: Started worker process with pid 2979154, the token is 13
[2025-04-26 14:41:37,934 I 2979012 2979012] (raylet) worker_pool.cc:522: Started worker process with pid 2979155, the token is 14
[2025-04-26 14:41:37,938 I 2979012 2979012] (raylet) worker_pool.cc:522: Started worker process with pid 2979156, the token is 15
[2025-04-26 14:41:37,941 I 2979012 2979012] (raylet) worker_pool.cc:522: Started worker process with pid 2979157, the token is 16
[2025-04-26 14:41:37,944 I 2979012 2979012] (raylet) worker_pool.cc:522: Started worker process with pid 2979158, the token is 17
[2025-04-26 14:41:37,947 I 2979012 2979012] (raylet) worker_pool.cc:522: Started worker process with pid 2979159, the token is 18
[2025-04-26 14:41:37,973 I 2979012 2979012] (raylet) worker_pool.cc:522: Started worker process with pid 2979160, the token is 19
[2025-04-26 14:41:37,978 I 2979012 2979012] (raylet) worker_pool.cc:522: Started worker process with pid 2979161, the token is 20
[2025-04-26 14:41:37,982 I 2979012 2979012] (raylet) worker_pool.cc:522: Started worker process with pid 2979162, the token is 21
[2025-04-26 14:41:37,987 I 2979012 2979012] (raylet) worker_pool.cc:522: Started worker process with pid 2979163, the token is 22
[2025-04-26 14:41:37,991 I 2979012 2979012] (raylet) worker_pool.cc:522: Started worker process with pid 2979164, the token is 23
[2025-04-26 14:41:37,994 I 2979012 2979012] (raylet) worker_pool.cc:522: Started worker process with pid 2979165, the token is 24
[2025-04-26 14:41:37,998 I 2979012 2979012] (raylet) worker_pool.cc:522: Started worker process with pid 2979166, the token is 25
[2025-04-26 14:41:38,002 I 2979012 2979012] (raylet) worker_pool.cc:522: Started worker process with pid 2979167, the token is 26
[2025-04-26 14:41:38,006 I 2979012 2979012] (raylet) worker_pool.cc:522: Started worker process with pid 2979168, the token is 27
[2025-04-26 14:41:38,010 I 2979012 2979012] (raylet) worker_pool.cc:522: Started worker process with pid 2979169, the token is 28
[2025-04-26 14:41:38,014 I 2979012 2979012] (raylet) worker_pool.cc:522: Started worker process with pid 2979170, the token is 29
[2025-04-26 14:41:38,018 I 2979012 2979012] (raylet) worker_pool.cc:522: Started worker process with pid 2979171, the token is 30
[2025-04-26 14:41:38,022 I 2979012 2979012] (raylet) worker_pool.cc:522: Started worker process with pid 2979172, the token is 31
[2025-04-26 14:41:38,022 I 2979012 2979012] (raylet) runtime_env_agent_client.cc:340: Runtime Env Agent network error: NotFound: on_connect Connection refused, the server may be still starting or is already failed. Scheduling a retry in 1000ms...
[2025-04-26 14:41:38,725 I 2979012 2979040] (raylet) object_store.cc:35: Object store current usage 8e-09 / 36.3183 GB.
[2025-04-26 14:41:39,027 I 2979012 2979012] (raylet) runtime_env_agent_client.cc:383: Create runtime env for job 01000000
[2025-04-26 14:41:39,027 I 2979012 2979012] (raylet) worker_pool.cc:740: [Eagerly] Create runtime env successful for job 01000000.
[2025-04-26 14:41:39,040 I 2979012 2979012] (raylet) worker_pool.cc:719: Job 01000000 already started in worker pool.
[2025-04-26 14:41:39,067 I 2979012 2979012] (raylet) runtime_env_agent_client.cc:383: Create runtime env for job 01000000
[2025-04-26 14:41:39,070 I 2979012 2979012] (raylet) worker_pool.cc:522: Started worker process with pid 2981051, the token is 32
[2025-04-26 14:41:40,057 I 2979012 2979012] (raylet) node_manager.cc:1549: NodeManager::DisconnectClient, disconnect_type=1, has creation task exception = false
[2025-04-26 14:41:42,847 W 2979012 2979012] (raylet) memory_monitor.cc:198: Got negative used memory for cgroup -1, setting it to zero
[2025-04-26 14:41:44,059 I 2979012 2979012] (raylet) worker_pool.cc:719: Job 02000000 already started in worker pool.
[2025-04-26 14:41:47,854 W 2979012 2979012] (raylet) memory_monitor.cc:198: Got negative used memory for cgroup -1, setting it to zero
[2025-04-26 14:41:52,860 W 2979012 2979012] (raylet) memory_monitor.cc:198: Got negative used memory for cgroup -1, setting it to zero
[2025-04-26 14:41:57,867 W 2979012 2979012] (raylet) memory_monitor.cc:198: Got negative used memory for cgroup -1, setting it to zero
[2025-04-26 14:42:02,874 W 2979012 2979012] (raylet) memory_monitor.cc:198: Got negative used memory for cgroup -1, setting it to zero
[2025-04-26 14:42:07,880 W 2979012 2979012] (raylet) memory_monitor.cc:198: Got negative used memory for cgroup -1, setting it to zero
[2025-04-26 14:42:09,646 I 2979012 2979012] (raylet) node_manager.cc:1549: NodeManager::DisconnectClient, disconnect_type=3, has creation task exception = false
[2025-04-26 14:42:09,647 I 2979012 2979012] (raylet) node_manager.cc:1654: Driver (pid=2978611) is disconnected. worker_id=01000000ffffffffffffffffffffffffffffffffffffffffffffffff job_id=01000000
[2025-04-26 14:42:09,649 I 2979012 2979012] (raylet) node_manager.cc:1082: The leased worker 434a591de0adb5099e62428a92e8321645d051af482845a3cddbd5e9 is killed because the owner process 01000000ffffffffffffffffffffffffffffffffffffffffffffffff died.
[2025-04-26 14:42:09,650 I 2979012 2979012] (raylet) worker_pool.cc:719: Job 01000000 already started in worker pool.
[2025-04-26 14:42:09,650 I 2979012 2979012] (raylet) node_manager.cc:640: The leased worker  is killed because the job 01000000 finished. worker_id=434a591de0adb5099e62428a92e8321645d051af482845a3cddbd5e9
[2025-04-26 14:42:09,660 I 2979012 2979012] (raylet) node_manager.cc:1549: NodeManager::DisconnectClient, disconnect_type=1, has creation task exception = false
[2025-04-26 14:42:09,827 I 2979012 2979012] (raylet) main.cc:506: received SIGTERM. Existing local drain request = None
[2025-04-26 14:42:09,827 I 2979012 2979012] (raylet) main.cc:307: Raylet graceful shutdown triggered, reason = EXPECTED_TERMINATION, reason message = received SIGTERM
[2025-04-26 14:42:09,827 I 2979012 2979012] (raylet) main.cc:310: Shutting down...
[2025-04-26 14:42:09,827 I 2979012 2979012] (raylet) accessor.cc:511: Unregistering node node_id=e9a99d47572a56b74d9c50b522cb484542508c5ebb6708e45d48c42a
[2025-04-26 14:42:09,828 I 2979012 2979012] (raylet) accessor.cc:524: Finished unregistering node info, status = OK node_id=e9a99d47572a56b74d9c50b522cb484542508c5ebb6708e45d48c42a
[2025-04-26 14:42:09,832 I 2979012 2979012] (raylet) agent_manager.cc:113: Killing agent dashboard_agent/424238335, pid 2979116.
[2025-04-26 14:42:09,846 I 2979012 2979117] (raylet) agent_manager.cc:80: Agent process with name dashboard_agent/424238335 exited, exit code 0.
[2025-04-26 14:42:09,846 I 2979012 2979012] (raylet) agent_manager.cc:113: Killing agent runtime_env_agent, pid 2979118.
[2025-04-26 14:42:09,854 I 2979012 2979119] (raylet) agent_manager.cc:80: Agent process with name runtime_env_agent exited, exit code 0.
[2025-04-26 14:42:09,854 I 2979012 2979012] (raylet) io_service_pool.cc:47: IOServicePool is stopped.
[2025-04-26 14:42:09,959 I 2979012 2979012] (raylet) stats.h:120: Stats module has shutdown.
