[2025-04-26 14:57:43,710 I 3009027 3009027] (gcs_server) gcs_server_main.cc:95: Ray cluster metadata ray_version=2.43.0 ray_commit=ecdcdc6a6e63dc4bcd6ea16aae256ce4d32a7e2c
[2025-04-26 14:57:43,710 I 3009027 3009027] (gcs_server) io_service_pool.cc:35: IOServicePool is running with 1 io_service.
[2025-04-26 14:57:43,720 I 3009027 3009027] (gcs_server) event.cc:500: Ray Event initialized for GCS
[2025-04-26 14:57:43,724 I 3009027 3009027] (gcs_server) event.cc:500: Ray Event initialized for EXPORT_NODE
[2025-04-26 14:57:43,725 I 3009027 3009027] (gcs_server) event.cc:500: Ray Event initialized for EXPORT_ACTOR
[2025-04-26 14:57:43,726 I 3009027 3009027] (gcs_server) event.cc:500: Ray Event initialized for EXPORT_DRIVER_JOB
[2025-04-26 14:57:43,726 I 3009027 3009027] (gcs_server) event.cc:331: Set ray event level to warning
[2025-04-26 14:57:43,727 I 3009027 3009027] (gcs_server) gcs_server.cc:73: GCS storage type is StorageType::IN_MEMORY
[2025-04-26 14:57:43,728 I 3009027 3009027] (gcs_server) gcs_init_data.cc:42: Loading job table data.
[2025-04-26 14:57:43,728 I 3009027 3009027] (gcs_server) gcs_init_data.cc:52: Loading node table data.
[2025-04-26 14:57:43,728 I 3009027 3009027] (gcs_server) gcs_init_data.cc:74: Loading actor table data.
[2025-04-26 14:57:43,728 I 3009027 3009027] (gcs_server) gcs_init_data.cc:85: Loading actor task spec table data.
[2025-04-26 14:57:43,728 I 3009027 3009027] (gcs_server) gcs_init_data.cc:62: Loading placement group table data.
[2025-04-26 14:57:43,728 I 3009027 3009027] (gcs_server) gcs_init_data.cc:46: Finished loading job table data, size = 0
[2025-04-26 14:57:43,728 I 3009027 3009027] (gcs_server) gcs_init_data.cc:56: Finished loading node table data, size = 0
[2025-04-26 14:57:43,728 I 3009027 3009027] (gcs_server) gcs_init_data.cc:79: Finished loading actor table data, size = 0
[2025-04-26 14:57:43,728 I 3009027 3009027] (gcs_server) gcs_init_data.cc:90: Finished loading actor task spec table data, size = 0
[2025-04-26 14:57:43,728 I 3009027 3009027] (gcs_server) gcs_init_data.cc:68: Finished loading placement group table data, size = 0
[2025-04-26 14:57:43,728 I 3009027 3009027] (gcs_server) gcs_server.cc:157: No existing server cluster ID found. Generating new ID: a1bab7472232b4cc9f772651914982f3fab6419bd28d5e385be5a107
[2025-04-26 14:57:43,728 I 3009027 3009027] (gcs_server) gcs_server.cc:672: Autoscaler V2 enabled: 0
[2025-04-26 14:57:43,729 I 3009027 3009027] (gcs_server) grpc_server.cc:135: GcsServer server started, listening on port 47219.
[2025-04-26 14:57:43,816 I 3009027 3009027] (gcs_server) gcs_server.cc:245: Gcs Debug state:

GcsNodeManager: 
- RegisterNode request count: 0
- DrainNode request count: 0
- GetAllNodeInfo request count: 0

GcsActorManager: 
- RegisterActor request count: 0
- CreateActor request count: 0
- GetActorInfo request count: 0
- GetNamedActorInfo request count: 0
- GetAllActorInfo request count: 0
- KillActor request count: 0
- ListNamedActors request count: 0
- Registered actors count: 0
- Destroyed actors count: 0
- Named actors count: 0
- Unresolved actors count: 0
- Pending actors count: 0
- Created actors count: 0
- owners_: 0
- actor_to_register_callbacks_: 0
- actor_to_restart_callbacks_: 0
- actor_to_create_callbacks_: 0
- sorted_destroyed_actor_list_: 0

GcsResourceManager: 
- GetAllAvailableResources request count: 0
- GetAllTotalResources request count: 0
- GetAllResourceUsage request count: 0

GcsPlacementGroupManager: 
- CreatePlacementGroup request count: 0
- RemovePlacementGroup request count: 0
- GetPlacementGroup request count: 0
- GetAllPlacementGroup request count: 0
- WaitPlacementGroupUntilReady request count: 0
- GetNamedPlacementGroup request count: 0
- Scheduling pending placement group count: 0
- Registered placement groups count: 0
- Named placement group count: 0
- Pending placement groups count: 0
- Infeasible placement groups count: 0

Publisher:

[runtime env manager] ID to URIs table:
[runtime env manager] URIs reference table:

GcsTaskManager: 
-Total num task events reported: 0
-Total num status task events dropped: 0
-Total num profile events dropped: 0
-Current num of task events stored: 0
-Total num of actor creation tasks: 0
-Total num of actor tasks: 0
-Total num of normal tasks: 0
-Total num of driver tasks: 0

GcsAutoscalerStateManager: 
- last_seen_autoscaler_state_version_: 0
- last_cluster_resource_state_version_: 0
- pending demands:



[2025-04-26 14:57:43,816 I 3009027 3009027] (gcs_server) gcs_server.cc:870: Main service Event stats:


Global stats: 24 total (4 active)
Queueing time: mean = 33.621 ms, max = 88.010 ms, min = 55.000 ns, total = 806.903 ms
Execution time:  mean = 7.339 ms, total = 176.143 ms
Event stats:
	GcsInMemoryStore.Put - 8 total (0 active), Execution time: mean = 11.004 ms, total = 88.032 ms, Queueing time: mean = 76.665 ms, max = 87.781 ms, min = 2.207 us, total = 613.316 ms
	GcsInMemoryStore.GetAll - 5 total (0 active), Execution time: mean = 6.966 us, total = 34.828 us, Queueing time: mean = 23.576 us, max = 24.539 us, min = 22.025 us, total = 117.878 us
	PeriodicalRunner.RunFnPeriodically - 4 total (2 active, 1 running), Execution time: mean = 2.910 us, total = 11.641 us, Queueing time: mean = 43.993 ms, max = 88.010 ms, min = 87.962 ms, total = 175.972 ms
	event_loop_lag_probe - 2 total (0 active), Execution time: mean = 7.817 us, total = 15.635 us, Queueing time: mean = 8.740 ms, max = 17.437 ms, min = 42.232 us, total = 17.479 ms
	GcsServer.GetOrGenerateClusterId.continuation - 1 total (0 active), Execution time: mean = 88.020 ms, total = 88.020 ms, Queueing time: mean = 55.000 ns, max = 55.000 ns, min = 55.000 ns, total = 55.000 ns
	GcsInitData::AsyncLoad - 1 total (0 active), Execution time: mean = 14.547 us, total = 14.547 us, Queueing time: mean = 388.000 ns, max = 388.000 ns, min = 388.000 ns, total = 388.000 ns
	RayletLoadPulled - 1 total (1 active), Execution time: mean = 0.000 s, total = 0.000 s, Queueing time: mean = 0.000 s, max = -0.000 s, min = 9223372036.855 s, total = 0.000 s
	GcsInMemoryStore.Get - 1 total (0 active), Execution time: mean = 14.160 us, total = 14.160 us, Queueing time: mean = 17.523 us, max = 17.523 us, min = 17.523 us, total = 17.523 us
	ClusterResourceManager.ResetRemoteNodeView - 1 total (1 active), Execution time: mean = 0.000 s, total = 0.000 s, Queueing time: mean = 0.000 s, max = -0.000 s, min = 9223372036.855 s, total = 0.000 s


[2025-04-26 14:57:43,816 I 3009027 3009027] (gcs_server) gcs_server.cc:874: task_io_context Event stats:


Global stats: 4 total (1 active)
Queueing time: mean = 75.451 us, max = 266.261 us, min = 17.210 us, total = 301.805 us
Execution time:  mean = 36.266 us, total = 145.065 us
Event stats:
	event_loop_lag_probe - 2 total (0 active), Execution time: mean = 69.835 us, total = 139.670 us, Queueing time: mean = 142.298 us, max = 266.261 us, min = 18.334 us, total = 284.595 us
	GcsTaskManager.GcJobSummary - 1 total (1 active), Execution time: mean = 0.000 s, total = 0.000 s, Queueing time: mean = 0.000 s, max = -0.000 s, min = 9223372036.855 s, total = 0.000 s
	PeriodicalRunner.RunFnPeriodically - 1 total (0 active), Execution time: mean = 5.395 us, total = 5.395 us, Queueing time: mean = 17.210 us, max = 17.210 us, min = 17.210 us, total = 17.210 us


[2025-04-26 14:57:43,816 I 3009027 3009027] (gcs_server) gcs_server.cc:874: pubsub_io_context Event stats:


Global stats: 4 total (1 active)
Queueing time: mean = 522.853 us, max = 1.548 ms, min = 59.187 us, total = 2.091 ms
Execution time:  mean = 24.785 us, total = 99.138 us
Event stats:
	event_loop_lag_probe - 2 total (0 active), Execution time: mean = 33.942 us, total = 67.884 us, Queueing time: mean = 803.429 us, max = 1.548 ms, min = 59.187 us, total = 1.607 ms
	Publisher.CheckDeadSubscribers - 1 total (1 active), Execution time: mean = 0.000 s, total = 0.000 s, Queueing time: mean = 0.000 s, max = -0.000 s, min = 9223372036.855 s, total = 0.000 s
	PeriodicalRunner.RunFnPeriodically - 1 total (0 active), Execution time: mean = 31.254 us, total = 31.254 us, Queueing time: mean = 484.553 us, max = 484.553 us, min = 484.553 us, total = 484.553 us


[2025-04-26 14:57:43,816 I 3009027 3009027] (gcs_server) gcs_server.cc:874: ray_syncer_io_context Event stats:


Global stats: 4 total (0 active)
Queueing time: mean = 123.214 us, max = 408.451 us, min = 25.223 us, total = 492.856 us
Execution time:  mean = 51.369 us, total = 205.477 us
Event stats:
	event_loop_lag_probe - 2 total (0 active), Execution time: mean = 101.415 us, total = 202.831 us, Queueing time: mean = 218.381 us, max = 408.451 us, min = 28.311 us, total = 436.762 us
	RaySyncerRegister - 2 total (0 active), Execution time: mean = 1.323 us, total = 2.646 us, Queueing time: mean = 28.047 us, max = 30.871 us, min = 25.223 us, total = 56.094 us


[2025-04-26 14:57:46,724 I 3009027 3009027] (gcs_server) gcs_node_manager.cc:88: Registering node info, address = 10.153.51.195, node name = 10.153.51.195 node_id=b192609b6fb17db64164df4bb52fecb8f919743d670b89a5e9603248
[2025-04-26 14:57:46,724 I 3009027 3009027] (gcs_server) gcs_node_manager.cc:94: Finished registering node info, address = 10.153.51.195, node name = 10.153.51.195, is_head_node = 1 node_id=b192609b6fb17db64164df4bb52fecb8f919743d670b89a5e9603248
[2025-04-26 14:57:46,724 I 3009027 3009027] (gcs_server) gcs_placement_group_manager.cc:830: A new node: b192609b6fb17db64164df4bb52fecb8f919743d670b89a5e9603248 registered, will try to reschedule all the infeasible placement groups.
[2025-04-26 14:57:46,732 I 3009027 3009099] (gcs_server) ray_syncer.cc:244: Get connection node_id=b192609b6fb17db64164df4bb52fecb8f919743d670b89a5e9603248
[2025-04-26 14:57:47,792 I 3009027 3009027] (gcs_server) gcs_job_manager.cc:90: Adding job, job id = 01000000, driver pid = 3008830
[2025-04-26 14:57:47,792 I 3009027 3009027] (gcs_server) gcs_job_manager.cc:111: Finished adding job, job id = 01000000, driver pid = 3008830
[2025-04-26 14:57:47,811 I 3009027 3009027] (gcs_server) gcs_actor_manager.cc:396: Registering actor job_id=01000000 actor_id=beddc2d1636bcff463f8e4c201000000
[2025-04-26 14:57:47,812 I 3009027 3009027] (gcs_server) gcs_actor_manager.cc:401: Registered actor, job id = 01000000, actor id = beddc2d1636bcff463f8e4c201000000
[2025-04-26 14:57:47,813 I 3009027 3009027] (gcs_server) gcs_actor_manager.cc:482: Creating actor job_id=01000000 actor_id=beddc2d1636bcff463f8e4c201000000
[2025-04-26 14:57:47,813 I 3009027 3009027] (gcs_server) gcs_actor_scheduler.cc:313: Start leasing worker from node b192609b6fb17db64164df4bb52fecb8f919743d670b89a5e9603248 for actor beddc2d1636bcff463f8e4c201000000, job id = 01000000
[2025-04-26 14:57:48,991 I 3009027 3009027] (gcs_server) gcs_actor_scheduler.cc:634: Finished leasing worker from b192609b6fb17db64164df4bb52fecb8f919743d670b89a5e9603248 for actor beddc2d1636bcff463f8e4c201000000, job id = 01000000
[2025-04-26 14:57:48,991 I 3009027 3009027] (gcs_server) gcs_actor_scheduler.cc:449: Start creating actor beddc2d1636bcff463f8e4c201000000 on worker 0e0b27968579d41203b5f8210a290195693a7846da90a5f1484a8c17 at node b192609b6fb17db64164df4bb52fecb8f919743d670b89a5e9603248, job id = 01000000
[2025-04-26 14:57:57,896 I 3009027 3009027] (gcs_server) gcs_actor_scheduler.cc:486: Finished actor creation task for actor beddc2d1636bcff463f8e4c201000000 on worker 0e0b27968579d41203b5f8210a290195693a7846da90a5f1484a8c17 at node b192609b6fb17db64164df4bb52fecb8f919743d670b89a5e9603248, job id = 01000000
[2025-04-26 14:57:57,896 I 3009027 3009027] (gcs_server) gcs_actor_manager.cc:1543: Actor created successfully job_id=01000000 actor_id=beddc2d1636bcff463f8e4c201000000
[2025-04-26 14:57:57,896 I 3009027 3009027] (gcs_server) gcs_actor_manager.cc:497: Finished creating actor. Status: OK job_id=01000000 actor_id=beddc2d1636bcff463f8e4c201000000
[2025-04-26 14:58:22,131 I 3009027 3009027] (gcs_server) gcs_actor_manager.cc:1029: Destroying actor job_id=01000000 actor_id=beddc2d1636bcff463f8e4c201000000
[2025-04-26 14:58:22,132 I 3009027 3009027] (gcs_server) gcs_actor_manager.cc:1008: Actor beddc2d1636bcff463f8e4c201000000 has no references, destroying actor, job id = 01000000
[2025-04-26 14:58:22,722 I 3009027 3009027] (gcs_server) gcs_job_manager.cc:149: Finished marking job state, job id = 01000000
[2025-04-26 14:58:22,822 I 3009027 3009027] (gcs_server) gcs_node_manager.cc:382: Removing node, node name = 10.153.51.195, death reason = EXPECTED_TERMINATION, death message = received SIGTERM node_id=b192609b6fb17db64164df4bb52fecb8f919743d670b89a5e9603248
[2025-04-26 14:58:22,823 I 3009027 3009027] (gcs_server) gcs_placement_group_manager.cc:800: Node failed, rescheduling the placement groups on the dead node. node_id=b192609b6fb17db64164df4bb52fecb8f919743d670b89a5e9603248
[2025-04-26 14:58:22,823 I 3009027 3009027] (gcs_server) gcs_actor_manager.cc:1282: Node failed, reconstructing actors. node_id=b192609b6fb17db64164df4bb52fecb8f919743d670b89a5e9603248
[2025-04-26 14:58:22,823 I 3009027 3009027] (gcs_server) gcs_job_manager.cc:467: Node failed, mark all jobs from this node as finished node_id=b192609b6fb17db64164df4bb52fecb8f919743d670b89a5e9603248
[2025-04-26 14:58:23,013 I 3009027 3009076] (gcs_server) ray_syncer_bidi_reactor_base.h:182: Failed to read the message from: b192609b6fb17db64164df4bb52fecb8f919743d670b89a5e9603248
[2025-04-26 14:58:23,014 I 3009027 3009076] (gcs_server) ray_syncer.cc:241: Connection is broken. node_id=b192609b6fb17db64164df4bb52fecb8f919743d670b89a5e9603248
[2025-04-26 14:58:23,038 I 3009027 3009027] (gcs_server) gcs_server_main.cc:175: GCS server received SIGTERM, shutting down...
[2025-04-26 14:58:23,039 I 3009027 3009027] (gcs_server) gcs_server.cc:267: Stopping GCS server.
[2025-04-26 14:58:23,056 I 3009027 3009027] (gcs_server) gcs_server.cc:284: GCS server stopped.
[2025-04-26 14:58:23,056 I 3009027 3009027] (gcs_server) io_service_pool.cc:47: IOServicePool is stopped.
[2025-04-26 14:58:23,180 I 3009027 3009027] (gcs_server) stats.h:120: Stats module has shutdown.
