[2025-04-26 14:57:45,692 I 3009234 3009234] (raylet) main.cc:226: Setting cluster ID to: a1bab7472232b4cc9f772651914982f3fab6419bd28d5e385be5a107
[2025-04-26 14:57:45,700 I 3009234 3009234] (raylet) main.cc:341: Raylet is not set to kill unknown children.
[2025-04-26 14:57:45,700 I 3009234 3009234] (raylet) io_service_pool.cc:35: IOServicePool is running with 1 io_service.
[2025-04-26 14:57:45,700 I 3009234 3009234] (raylet) main.cc:471: Setting node ID node_id=b192609b6fb17db64164df4bb52fecb8f919743d670b89a5e9603248
[2025-04-26 14:57:45,701 I 3009234 3009234] (raylet) store_runner.cc:33: Allowing the Plasma store to use up to 36.3707GB of memory.
[2025-04-26 14:57:45,701 I 3009234 3009234] (raylet) store_runner.cc:49: Starting object store with directory /dev/shm, fallback /home/stud/wxie/EasyR1/ray, and huge page support disabled
[2025-04-26 14:57:45,701 I 3009234 3009262] (raylet) dlmalloc.cc:154: create_and_mmap_buffer(36370776072, /dev/shm/plasmaXXXXXX)
[2025-04-26 14:57:45,703 I 3009234 3009262] (raylet) store.cc:564: Plasma store debug dump: 
Current usage: 0 / 36.3707 GB
- num bytes created total: 0
0 pending objects of total size 0MB
- objects spillable: 0
- bytes spillable: 0
- objects unsealed: 0
- bytes unsealed: 0
- objects in use: 0
- bytes in use: 0
- objects evictable: 0
- bytes evictable: 0

- objects created by worker: 0
- bytes created by worker: 0
- objects restored: 0
- bytes restored: 0
- objects received: 0
- bytes received: 0
- objects errored: 0
- bytes errored: 0

[2025-04-26 14:57:46,706 I 3009234 3009234] (raylet) grpc_server.cc:135: ObjectManager server started, listening on port 34899.
[2025-04-26 14:57:46,709 I 3009234 3009234] (raylet) worker_killing_policy.cc:101: Running GroupByOwner policy.
[2025-04-26 14:57:46,709 W 3009234 3009234] (raylet) memory_monitor.cc:198: Got negative used memory for cgroup -1, setting it to zero
[2025-04-26 14:57:46,710 I 3009234 3009234] (raylet) memory_monitor.cc:48: MemoryMonitor initialized with usage threshold at 128114286592 bytes (0.95 system memory), total system memory bytes: 134857150464
[2025-04-26 14:57:46,710 I 3009234 3009234] (raylet) node_manager.cc:295: Initializing NodeManager node_id=b192609b6fb17db64164df4bb52fecb8f919743d670b89a5e9603248
[2025-04-26 14:57:46,711 I 3009234 3009234] (raylet) grpc_server.cc:135: NodeManager server started, listening on port 41293.
[2025-04-26 14:57:46,721 I 3009234 3009339] (raylet) agent_manager.cc:78: Monitor agent process with name dashboard_agent/424238335
[2025-04-26 14:57:46,721 I 3009234 3009341] (raylet) agent_manager.cc:78: Monitor agent process with name runtime_env_agent
[2025-04-26 14:57:46,723 I 3009234 3009234] (raylet) event.cc:500: Ray Event initialized for RAYLET
[2025-04-26 14:57:46,723 I 3009234 3009234] (raylet) event.cc:331: Set ray event level to warning
[2025-04-26 14:57:46,725 I 3009234 3009234] (raylet) raylet.cc:134: Raylet of id, b192609b6fb17db64164df4bb52fecb8f919743d670b89a5e9603248 started. Raylet consists of node_manager and object_manager. node_manager address: 10.153.51.195:41293 object_manager address: 10.153.51.195:34899 hostname: marajo
[2025-04-26 14:57:46,730 I 3009234 3009234] (raylet) node_manager.cc:532: [state-dump] NodeManager:
[state-dump] Node ID: b192609b6fb17db64164df4bb52fecb8f919743d670b89a5e9603248
[state-dump] Node name: 10.153.51.195
[state-dump] InitialConfigResources: {GPU: 10000, memory: 748649109510000, CPU: 320000, accelerator_type:H100: 10000, node:10.153.51.195: 10000, object_store_memory: 363706761210000, node:__internal_head__: 10000}
[state-dump] ClusterTaskManager:
[state-dump] ========== Node: b192609b6fb17db64164df4bb52fecb8f919743d670b89a5e9603248 =================
[state-dump] Infeasible queue length: 0
[state-dump] Schedule queue length: 0
[state-dump] Dispatch queue length: 0
[state-dump] num_waiting_for_resource: 0
[state-dump] num_waiting_for_plasma_memory: 0
[state-dump] num_waiting_for_remote_node_resources: 0
[state-dump] num_worker_not_started_by_job_config_not_exist: 0
[state-dump] num_worker_not_started_by_registration_timeout: 0
[state-dump] num_tasks_waiting_for_workers: 0
[state-dump] num_cancelled_tasks: 0
[state-dump] cluster_resource_scheduler state: 
[state-dump] Local id: -6619252551031364813 Local resources: {"total":{node:__internal_head__: [10000], GPU: [10000], accelerator_type:H100: [10000], CPU: [320000], object_store_memory: [363706761210000], node:10.153.51.195: [10000], memory: [748649109510000]}}, "available": {node:__internal_head__: [10000], GPU: [10000], accelerator_type:H100: [10000], CPU: [320000], object_store_memory: [363706761210000], node:10.153.51.195: [10000], memory: [748649109510000]}}, "labels":{"ray.io/node_id":"b192609b6fb17db64164df4bb52fecb8f919743d670b89a5e9603248",} is_draining: 0 is_idle: 1 Cluster resources: node id: -6619252551031364813{"total":{GPU: 10000, memory: 748649109510000, CPU: 320000, accelerator_type:H100: 10000, node:10.153.51.195: 10000, object_store_memory: 363706761210000, node:__internal_head__: 10000}}, "available": {GPU: 10000, memory: 748649109510000, CPU: 320000, accelerator_type:H100: 10000, node:10.153.51.195: 10000, object_store_memory: 363706761210000, node:__internal_head__: 10000}}, "labels":{"ray.io/node_id":"b192609b6fb17db64164df4bb52fecb8f919743d670b89a5e9603248",}, "is_draining": 0, "draining_deadline_timestamp_ms": -1} { "placment group locations": [], "node to bundles": []}
[state-dump] Waiting tasks size: 0
[state-dump] Number of executing tasks: 0
[state-dump] Number of pinned task arguments: 0
[state-dump] Number of total spilled tasks: 0
[state-dump] Number of spilled waiting tasks: 0
[state-dump] Number of spilled unschedulable tasks: 0
[state-dump] Resource usage {
[state-dump] }
[state-dump] Backlog Size per scheduling descriptor :{workerId: num backlogs}:
[state-dump] 
[state-dump] Running tasks by scheduling class:
[state-dump] ==================================================
[state-dump] 
[state-dump] ClusterResources:
[state-dump] LocalObjectManager:
[state-dump] - num pinned objects: 0
[state-dump] - pinned objects size: 0
[state-dump] - num objects pending restore: 0
[state-dump] - num objects pending spill: 0
[state-dump] - num bytes pending spill: 0
[state-dump] - num bytes currently spilled: 0
[state-dump] - cumulative spill requests: 0
[state-dump] - cumulative restore requests: 0
[state-dump] - spilled objects pending delete: 0
[state-dump] 
[state-dump] ObjectManager:
[state-dump] - num local objects: 0
[state-dump] - num unfulfilled push requests: 0
[state-dump] - num object pull requests: 0
[state-dump] - num chunks received total: 0
[state-dump] - num chunks received failed (all): 0
[state-dump] - num chunks received failed / cancelled: 0
[state-dump] - num chunks received failed / plasma error: 0
[state-dump] Event stats:
[state-dump] Global stats: 0 total (0 active)
[state-dump] Queueing time: mean = -nan s, max = -0.000 s, min = 9223372036.855 s, total = 0.000 s
[state-dump] Execution time:  mean = -nan s, total = 0.000 s
[state-dump] Event stats:
[state-dump] PushManager:
[state-dump] - num pushes in flight: 0
[state-dump] - num chunks in flight: 0
[state-dump] - num chunks remaining: 0
[state-dump] - max chunks allowed: 409
[state-dump] OwnershipBasedObjectDirectory:
[state-dump] - num listeners: 0
[state-dump] - cumulative location updates: 0
[state-dump] - num location updates per second: 33782629165014000.000
[state-dump] - num location lookups per second: 33782629165008000.000
[state-dump] - num locations added per second: 0.000
[state-dump] - num locations removed per second: 0.000
[state-dump] BufferPool:
[state-dump] - create buffer state map size: 0
[state-dump] PullManager:
[state-dump] - num bytes available for pulled objects: 36370676121
[state-dump] - num bytes being pulled (all): 0
[state-dump] - num bytes being pulled / pinned: 0
[state-dump] - get request bundles: BundlePullRequestQueue{0 total, 0 active, 0 inactive, 0 unpullable}
[state-dump] - wait request bundles: BundlePullRequestQueue{0 total, 0 active, 0 inactive, 0 unpullable}
[state-dump] - task request bundles: BundlePullRequestQueue{0 total, 0 active, 0 inactive, 0 unpullable}
[state-dump] - first get request bundle: N/A
[state-dump] - first wait request bundle: N/A
[state-dump] - first task request bundle: N/A
[state-dump] - num objects queued: 0
[state-dump] - num objects actively pulled (all): 0
[state-dump] - num objects actively pulled / pinned: 0
[state-dump] - num bundles being pulled: 0
[state-dump] - num pull retries: 0
[state-dump] - max timeout seconds: 0
[state-dump] - max timeout request is already processed. No entry.
[state-dump] 
[state-dump] WorkerPool:
[state-dump] - registered jobs: 0
[state-dump] - process_failed_job_config_missing: 0
[state-dump] - process_failed_rate_limited: 0
[state-dump] - process_failed_pending_registration: 0
[state-dump] - process_failed_runtime_env_setup_failed: 0
[state-dump] - num PYTHON workers: 0
[state-dump] - num PYTHON drivers: 0
[state-dump] - num PYTHON pending start requests: 0
[state-dump] - num PYTHON pending registration requests: 0
[state-dump] - num object spill callbacks queued: 0
[state-dump] - num object restore queued: 0
[state-dump] - num util functions queued: 0
[state-dump] - num JAVA workers: 0
[state-dump] - num JAVA drivers: 0
[state-dump] - num JAVA pending start requests: 0
[state-dump] - num JAVA pending registration requests: 0
[state-dump] - num object spill callbacks queued: 0
[state-dump] - num object restore queued: 0
[state-dump] - num util functions queued: 0
[state-dump] - num idle workers: 0
[state-dump] TaskDependencyManager:
[state-dump] - task deps map size: 0
[state-dump] - get req map size: 0
[state-dump] - wait req map size: 0
[state-dump] - local objects map size: 0
[state-dump] WaitManager:
[state-dump] - num active wait requests: 0
[state-dump] Subscriber:
[state-dump] Channel WORKER_REF_REMOVED_CHANNEL
[state-dump] - cumulative subscribe requests: 0
[state-dump] - cumulative unsubscribe requests: 0
[state-dump] - active subscribed publishers: 0
[state-dump] - cumulative published messages: 0
[state-dump] - cumulative processed messages: 0
[state-dump] Channel WORKER_OBJECT_EVICTION
[state-dump] - cumulative subscribe requests: 0
[state-dump] - cumulative unsubscribe requests: 0
[state-dump] - active subscribed publishers: 0
[state-dump] - cumulative published messages: 0
[state-dump] - cumulative processed messages: 0
[state-dump] Channel WORKER_OBJECT_LOCATIONS_CHANNEL
[state-dump] - cumulative subscribe requests: 0
[state-dump] - cumulative unsubscribe requests: 0
[state-dump] - active subscribed publishers: 0
[state-dump] - cumulative published messages: 0
[state-dump] - cumulative processed messages: 0
[state-dump] num async plasma notifications: 0
[state-dump] Remote node managers: 
[state-dump] Event stats:
[state-dump] Global stats: 28 total (13 active)
[state-dump] Queueing time: mean = 2.074 ms, max = 14.099 ms, min = 19.079 us, total = 58.058 ms
[state-dump] Execution time:  mean = 36.886 ms, total = 1.033 s
[state-dump] Event stats:
[state-dump] 	PeriodicalRunner.RunFnPeriodically - 11 total (2 active, 1 running), Execution time: mean = 358.837 us, total = 3.947 ms, Queueing time: mean = 5.272 ms, max = 14.099 ms, min = 30.931 us, total = 57.994 ms
[state-dump] 	ray::rpc::InternalKVGcsService.grpc_client.GetInternalConfig.OnReplyReceived - 1 total (0 active), Execution time: mean = 1.024 s, total = 1.024 s, Queueing time: mean = 26.070 us, max = 26.070 us, min = 26.070 us, total = 26.070 us
[state-dump] 	NodeManager.deadline_timer.debug_state_dump - 1 total (1 active), Execution time: mean = 0.000 s, total = 0.000 s, Queueing time: mean = 0.000 s, max = -0.000 s, min = 9223372036.855 s, total = 0.000 s
[state-dump] 	ClusterResourceManager.ResetRemoteNodeView - 1 total (1 active), Execution time: mean = 0.000 s, total = 0.000 s, Queueing time: mean = 0.000 s, max = -0.000 s, min = 9223372036.855 s, total = 0.000 s
[state-dump] 	ray::rpc::NodeInfoGcsService.grpc_client.RegisterNode - 1 total (0 active), Execution time: mean = 2.249 ms, total = 2.249 ms, Queueing time: mean = 0.000 s, max = -0.000 s, min = 9223372036.855 s, total = 0.000 s
[state-dump] 	ray::rpc::NodeInfoGcsService.grpc_client.RegisterNode.OnReplyReceived - 1 total (0 active), Execution time: mean = 263.874 us, total = 263.874 us, Queueing time: mean = 19.334 us, max = 19.334 us, min = 19.334 us, total = 19.334 us
[state-dump] 	NodeManager.ScheduleAndDispatchTasks - 1 total (1 active), Execution time: mean = 0.000 s, total = 0.000 s, Queueing time: mean = 0.000 s, max = -0.000 s, min = 9223372036.855 s, total = 0.000 s
[state-dump] 	MemoryMonitor.CheckIsMemoryUsageAboveThreshold - 1 total (1 active), Execution time: mean = 0.000 s, total = 0.000 s, Queueing time: mean = 0.000 s, max = -0.000 s, min = 9223372036.855 s, total = 0.000 s
[state-dump] 	ray::rpc::InternalKVGcsService.grpc_client.GetInternalConfig - 1 total (0 active), Execution time: mean = 1.190 ms, total = 1.190 ms, Queueing time: mean = 0.000 s, max = -0.000 s, min = 9223372036.855 s, total = 0.000 s
[state-dump] 	NodeManager.GCTaskFailureReason - 1 total (1 active), Execution time: mean = 0.000 s, total = 0.000 s, Queueing time: mean = 0.000 s, max = -0.000 s, min = 9223372036.855 s, total = 0.000 s
[state-dump] 	NodeManager.deadline_timer.flush_free_objects - 1 total (1 active), Execution time: mean = 0.000 s, total = 0.000 s, Queueing time: mean = 0.000 s, max = -0.000 s, min = 9223372036.855 s, total = 0.000 s
[state-dump] 	ray::rpc::InternalPubSubGcsService.grpc_client.GcsSubscriberCommandBatch.OnReplyReceived - 1 total (1 active), Execution time: mean = 0.000 s, total = 0.000 s, Queueing time: mean = 0.000 s, max = -0.000 s, min = 9223372036.855 s, total = 0.000 s
[state-dump] 	ray::rpc::InternalPubSubGcsService.grpc_client.GcsSubscriberPoll - 1 total (1 active), Execution time: mean = 0.000 s, total = 0.000 s, Queueing time: mean = 0.000 s, max = -0.000 s, min = 9223372036.855 s, total = 0.000 s
[state-dump] 	RayletWorkerPool.deadline_timer.kill_idle_workers - 1 total (1 active), Execution time: mean = 0.000 s, total = 0.000 s, Queueing time: mean = 0.000 s, max = -0.000 s, min = 9223372036.855 s, total = 0.000 s
[state-dump] 	ray::rpc::InternalPubSubGcsService.grpc_client.GcsSubscriberCommandBatch - 1 total (0 active), Execution time: mean = 1.191 ms, total = 1.191 ms, Queueing time: mean = 0.000 s, max = -0.000 s, min = 9223372036.855 s, total = 0.000 s
[state-dump] 	ObjectManager.UpdateAvailableMemory - 1 total (0 active), Execution time: mean = 3.960 us, total = 3.960 us, Queueing time: mean = 19.079 us, max = 19.079 us, min = 19.079 us, total = 19.079 us
[state-dump] 	NodeManager.deadline_timer.spill_objects_when_over_threshold - 1 total (1 active), Execution time: mean = 0.000 s, total = 0.000 s, Queueing time: mean = 0.000 s, max = -0.000 s, min = 9223372036.855 s, total = 0.000 s
[state-dump] 	NodeManager.deadline_timer.record_metrics - 1 total (1 active), Execution time: mean = 0.000 s, total = 0.000 s, Queueing time: mean = 0.000 s, max = -0.000 s, min = 9223372036.855 s, total = 0.000 s
[state-dump] DebugString() time ms: 0
[state-dump] 
[state-dump] 
[2025-04-26 14:57:46,731 I 3009234 3009234] (raylet) accessor.cc:777: Received notification for node, IsAlive = 1 node_id=b192609b6fb17db64164df4bb52fecb8f919743d670b89a5e9603248
[2025-04-26 14:57:46,782 I 3009234 3009234] (raylet) worker_pool.cc:729: [Eagerly] Start install runtime environment for job 01000000.
[2025-04-26 14:57:46,788 I 3009234 3009234] (raylet) worker_pool.cc:522: Started worker process with pid 3009363, the token is 0
[2025-04-26 14:57:46,793 I 3009234 3009234] (raylet) worker_pool.cc:522: Started worker process with pid 3009364, the token is 1
[2025-04-26 14:57:46,798 I 3009234 3009234] (raylet) worker_pool.cc:522: Started worker process with pid 3009365, the token is 2
[2025-04-26 14:57:46,805 I 3009234 3009234] (raylet) worker_pool.cc:522: Started worker process with pid 3009366, the token is 3
[2025-04-26 14:57:46,810 I 3009234 3009234] (raylet) worker_pool.cc:522: Started worker process with pid 3009367, the token is 4
[2025-04-26 14:57:46,816 I 3009234 3009234] (raylet) worker_pool.cc:522: Started worker process with pid 3009368, the token is 5
[2025-04-26 14:57:46,822 I 3009234 3009234] (raylet) worker_pool.cc:522: Started worker process with pid 3009369, the token is 6
[2025-04-26 14:57:46,827 I 3009234 3009234] (raylet) worker_pool.cc:522: Started worker process with pid 3009370, the token is 7
[2025-04-26 14:57:46,831 I 3009234 3009234] (raylet) worker_pool.cc:522: Started worker process with pid 3009371, the token is 8
[2025-04-26 14:57:46,835 I 3009234 3009234] (raylet) worker_pool.cc:522: Started worker process with pid 3009372, the token is 9
[2025-04-26 14:57:46,839 I 3009234 3009234] (raylet) worker_pool.cc:522: Started worker process with pid 3009373, the token is 10
[2025-04-26 14:57:46,844 I 3009234 3009234] (raylet) worker_pool.cc:522: Started worker process with pid 3009374, the token is 11
[2025-04-26 14:57:46,849 I 3009234 3009234] (raylet) worker_pool.cc:522: Started worker process with pid 3009375, the token is 12
[2025-04-26 14:57:46,854 I 3009234 3009234] (raylet) worker_pool.cc:522: Started worker process with pid 3009376, the token is 13
[2025-04-26 14:57:46,859 I 3009234 3009234] (raylet) worker_pool.cc:522: Started worker process with pid 3009377, the token is 14
[2025-04-26 14:57:46,863 I 3009234 3009234] (raylet) worker_pool.cc:522: Started worker process with pid 3009378, the token is 15
[2025-04-26 14:57:46,867 I 3009234 3009234] (raylet) worker_pool.cc:522: Started worker process with pid 3009379, the token is 16
[2025-04-26 14:57:46,871 I 3009234 3009234] (raylet) worker_pool.cc:522: Started worker process with pid 3009380, the token is 17
[2025-04-26 14:57:46,892 I 3009234 3009234] (raylet) worker_pool.cc:522: Started worker process with pid 3009381, the token is 18
[2025-04-26 14:57:46,896 I 3009234 3009234] (raylet) worker_pool.cc:522: Started worker process with pid 3009382, the token is 19
[2025-04-26 14:57:46,900 I 3009234 3009234] (raylet) worker_pool.cc:522: Started worker process with pid 3009383, the token is 20
[2025-04-26 14:57:46,904 I 3009234 3009234] (raylet) worker_pool.cc:522: Started worker process with pid 3009387, the token is 21
[2025-04-26 14:57:46,908 I 3009234 3009234] (raylet) worker_pool.cc:522: Started worker process with pid 3009388, the token is 22
[2025-04-26 14:57:46,912 I 3009234 3009234] (raylet) worker_pool.cc:522: Started worker process with pid 3009389, the token is 23
[2025-04-26 14:57:46,916 I 3009234 3009234] (raylet) worker_pool.cc:522: Started worker process with pid 3009390, the token is 24
[2025-04-26 14:57:46,920 I 3009234 3009234] (raylet) worker_pool.cc:522: Started worker process with pid 3009391, the token is 25
[2025-04-26 14:57:46,924 I 3009234 3009234] (raylet) worker_pool.cc:522: Started worker process with pid 3009392, the token is 26
[2025-04-26 14:57:46,928 I 3009234 3009234] (raylet) worker_pool.cc:522: Started worker process with pid 3009393, the token is 27
[2025-04-26 14:57:46,932 I 3009234 3009234] (raylet) worker_pool.cc:522: Started worker process with pid 3009394, the token is 28
[2025-04-26 14:57:46,935 I 3009234 3009234] (raylet) worker_pool.cc:522: Started worker process with pid 3009395, the token is 29
[2025-04-26 14:57:46,940 I 3009234 3009234] (raylet) worker_pool.cc:522: Started worker process with pid 3009396, the token is 30
[2025-04-26 14:57:46,944 I 3009234 3009234] (raylet) worker_pool.cc:522: Started worker process with pid 3009397, the token is 31
[2025-04-26 14:57:46,944 I 3009234 3009234] (raylet) runtime_env_agent_client.cc:340: Runtime Env Agent network error: NotFound: on_connect Connection refused, the server may be still starting or is already failed. Scheduling a retry in 1000ms...
[2025-04-26 14:57:47,544 I 3009234 3009262] (raylet) object_store.cc:35: Object store current usage 8e-09 / 36.3707 GB.
[2025-04-26 14:57:47,792 I 3009234 3009234] (raylet) worker_pool.cc:719: Job 01000000 already started in worker pool.
[2025-04-26 14:57:47,817 I 3009234 3009234] (raylet) runtime_env_agent_client.cc:383: Create runtime env for job 01000000
[2025-04-26 14:57:47,820 I 3009234 3009234] (raylet) worker_pool.cc:522: Started worker process with pid 3011252, the token is 32
[2025-04-26 14:57:47,947 I 3009234 3009234] (raylet) runtime_env_agent_client.cc:383: Create runtime env for job 01000000
[2025-04-26 14:57:47,947 I 3009234 3009234] (raylet) worker_pool.cc:740: [Eagerly] Create runtime env successful for job 01000000.
[2025-04-26 14:57:48,973 I 3009234 3009234] (raylet) node_manager.cc:1549: NodeManager::DisconnectClient, disconnect_type=1, has creation task exception = false
[2025-04-26 14:57:51,729 W 3009234 3009234] (raylet) memory_monitor.cc:198: Got negative used memory for cgroup -1, setting it to zero
[2025-04-26 14:57:56,736 W 3009234 3009234] (raylet) memory_monitor.cc:198: Got negative used memory for cgroup -1, setting it to zero
[2025-04-26 14:58:01,743 W 3009234 3009234] (raylet) memory_monitor.cc:198: Got negative used memory for cgroup -1, setting it to zero
[2025-04-26 14:58:06,749 W 3009234 3009234] (raylet) memory_monitor.cc:198: Got negative used memory for cgroup -1, setting it to zero
[2025-04-26 14:58:11,756 W 3009234 3009234] (raylet) memory_monitor.cc:198: Got negative used memory for cgroup -1, setting it to zero
[2025-04-26 14:58:16,761 W 3009234 3009234] (raylet) memory_monitor.cc:198: Got negative used memory for cgroup -1, setting it to zero
[2025-04-26 14:58:21,767 W 3009234 3009234] (raylet) memory_monitor.cc:198: Got negative used memory for cgroup -1, setting it to zero
[2025-04-26 14:58:22,166 I 3009234 3009234] (raylet) node_manager.cc:1549: NodeManager::DisconnectClient, disconnect_type=1, has creation task exception = false
[2025-04-26 14:58:22,720 I 3009234 3009234] (raylet) node_manager.cc:1549: NodeManager::DisconnectClient, disconnect_type=3, has creation task exception = false
[2025-04-26 14:58:22,721 I 3009234 3009234] (raylet) node_manager.cc:1654: Driver (pid=3008830) is disconnected. worker_id=01000000ffffffffffffffffffffffffffffffffffffffffffffffff job_id=01000000
[2025-04-26 14:58:22,723 I 3009234 3009234] (raylet) worker_pool.cc:719: Job 01000000 already started in worker pool.
[2025-04-26 14:58:22,822 I 3009234 3009234] (raylet) main.cc:506: received SIGTERM. Existing local drain request = None
[2025-04-26 14:58:22,822 I 3009234 3009234] (raylet) main.cc:307: Raylet graceful shutdown triggered, reason = EXPECTED_TERMINATION, reason message = received SIGTERM
[2025-04-26 14:58:22,822 I 3009234 3009234] (raylet) main.cc:310: Shutting down...
[2025-04-26 14:58:22,822 I 3009234 3009234] (raylet) accessor.cc:511: Unregistering node node_id=b192609b6fb17db64164df4bb52fecb8f919743d670b89a5e9603248
[2025-04-26 14:58:22,824 I 3009234 3009234] (raylet) accessor.cc:524: Finished unregistering node info, status = OK node_id=b192609b6fb17db64164df4bb52fecb8f919743d670b89a5e9603248
[2025-04-26 14:58:22,828 I 3009234 3009234] (raylet) agent_manager.cc:113: Killing agent dashboard_agent/424238335, pid 3009338.
[2025-04-26 14:58:22,853 I 3009234 3009339] (raylet) agent_manager.cc:80: Agent process with name dashboard_agent/424238335 exited, exit code 0.
[2025-04-26 14:58:22,853 I 3009234 3009234] (raylet) agent_manager.cc:113: Killing agent runtime_env_agent, pid 3009340.
[2025-04-26 14:58:22,863 I 3009234 3009341] (raylet) agent_manager.cc:80: Agent process with name runtime_env_agent exited, exit code 0.
[2025-04-26 14:58:22,863 I 3009234 3009234] (raylet) io_service_pool.cc:47: IOServicePool is stopped.
[2025-04-26 14:58:22,943 I 3009234 3009234] (raylet) stats.h:120: Stats module has shutdown.
