[2025-05-04 18:19:04,215 I 1814393 1814393] (gcs_server) gcs_server_main.cc:95: Ray cluster metadata ray_version=2.43.0 ray_commit=ecdcdc6a6e63dc4bcd6ea16aae256ce4d32a7e2c
[2025-05-04 18:19:04,216 I 1814393 1814393] (gcs_server) io_service_pool.cc:35: IOServicePool is running with 1 io_service.
[2025-05-04 18:19:04,224 I 1814393 1814393] (gcs_server) event.cc:500: Ray Event initialized for GCS
[2025-05-04 18:19:04,228 I 1814393 1814393] (gcs_server) event.cc:500: Ray Event initialized for EXPORT_NODE
[2025-05-04 18:19:04,229 I 1814393 1814393] (gcs_server) event.cc:500: Ray Event initialized for EXPORT_ACTOR
[2025-05-04 18:19:04,230 I 1814393 1814393] (gcs_server) event.cc:500: Ray Event initialized for EXPORT_DRIVER_JOB
[2025-05-04 18:19:04,230 I 1814393 1814393] (gcs_server) event.cc:331: Set ray event level to warning
[2025-05-04 18:19:04,231 I 1814393 1814393] (gcs_server) gcs_server.cc:73: GCS storage type is StorageType::IN_MEMORY
[2025-05-04 18:19:04,231 I 1814393 1814393] (gcs_server) gcs_init_data.cc:42: Loading job table data.
[2025-05-04 18:19:04,231 I 1814393 1814393] (gcs_server) gcs_init_data.cc:52: Loading node table data.
[2025-05-04 18:19:04,231 I 1814393 1814393] (gcs_server) gcs_init_data.cc:74: Loading actor table data.
[2025-05-04 18:19:04,231 I 1814393 1814393] (gcs_server) gcs_init_data.cc:85: Loading actor task spec table data.
[2025-05-04 18:19:04,231 I 1814393 1814393] (gcs_server) gcs_init_data.cc:62: Loading placement group table data.
[2025-05-04 18:19:04,231 I 1814393 1814393] (gcs_server) gcs_init_data.cc:46: Finished loading job table data, size = 0
[2025-05-04 18:19:04,231 I 1814393 1814393] (gcs_server) gcs_init_data.cc:56: Finished loading node table data, size = 0
[2025-05-04 18:19:04,231 I 1814393 1814393] (gcs_server) gcs_init_data.cc:79: Finished loading actor table data, size = 0
[2025-05-04 18:19:04,231 I 1814393 1814393] (gcs_server) gcs_init_data.cc:90: Finished loading actor task spec table data, size = 0
[2025-05-04 18:19:04,231 I 1814393 1814393] (gcs_server) gcs_init_data.cc:68: Finished loading placement group table data, size = 0
[2025-05-04 18:19:04,231 I 1814393 1814393] (gcs_server) gcs_server.cc:157: No existing server cluster ID found. Generating new ID: afe82cbe8faf06f030f72e4a6a8b3ba801d1153cf46fe8db1d9b84b5
[2025-05-04 18:19:04,232 I 1814393 1814393] (gcs_server) gcs_server.cc:672: Autoscaler V2 enabled: 0
[2025-05-04 18:19:04,233 I 1814393 1814393] (gcs_server) grpc_server.cc:135: GcsServer server started, listening on port 56063.
[2025-05-04 18:19:04,315 I 1814393 1814393] (gcs_server) gcs_server.cc:245: Gcs Debug state:

GcsNodeManager: 
- RegisterNode request count: 0
- DrainNode request count: 0
- GetAllNodeInfo request count: 0

GcsActorManager: 
- RegisterActor request count: 0
- CreateActor request count: 0
- GetActorInfo request count: 0
- GetNamedActorInfo request count: 0
- GetAllActorInfo request count: 0
- KillActor request count: 0
- ListNamedActors request count: 0
- Registered actors count: 0
- Destroyed actors count: 0
- Named actors count: 0
- Unresolved actors count: 0
- Pending actors count: 0
- Created actors count: 0
- owners_: 0
- actor_to_register_callbacks_: 0
- actor_to_restart_callbacks_: 0
- actor_to_create_callbacks_: 0
- sorted_destroyed_actor_list_: 0

GcsResourceManager: 
- GetAllAvailableResources request count: 0
- GetAllTotalResources request count: 0
- GetAllResourceUsage request count: 0

GcsPlacementGroupManager: 
- CreatePlacementGroup request count: 0
- RemovePlacementGroup request count: 0
- GetPlacementGroup request count: 0
- GetAllPlacementGroup request count: 0
- WaitPlacementGroupUntilReady request count: 0
- GetNamedPlacementGroup request count: 0
- Scheduling pending placement group count: 0
- Registered placement groups count: 0
- Named placement group count: 0
- Pending placement groups count: 0
- Infeasible placement groups count: 0

Publisher:

[runtime env manager] ID to URIs table:
[runtime env manager] URIs reference table:

GcsTaskManager: 
-Total num task events reported: 0
-Total num status task events dropped: 0
-Total num profile events dropped: 0
-Current num of task events stored: 0
-Total num of actor creation tasks: 0
-Total num of actor tasks: 0
-Total num of normal tasks: 0
-Total num of driver tasks: 0

GcsAutoscalerStateManager: 
- last_seen_autoscaler_state_version_: 0
- last_cluster_resource_state_version_: 0
- pending demands:



[2025-05-04 18:19:04,315 I 1814393 1814393] (gcs_server) gcs_server.cc:870: Main service Event stats:


Global stats: 24 total (4 active)
Queueing time: mean = 31.760 ms, max = 83.219 ms, min = 58.000 ns, total = 762.235 ms
Execution time:  mean = 6.940 ms, total = 166.569 ms
Event stats:
	GcsInMemoryStore.Put - 8 total (0 active), Execution time: mean = 10.406 ms, total = 83.247 ms, Queueing time: mean = 72.479 ms, max = 82.982 ms, min = 2.454 us, total = 579.832 ms
	GcsInMemoryStore.GetAll - 5 total (0 active), Execution time: mean = 7.712 us, total = 38.562 us, Queueing time: mean = 26.410 us, max = 29.215 us, min = 22.736 us, total = 132.048 us
	PeriodicalRunner.RunFnPeriodically - 4 total (2 active, 1 running), Execution time: mean = 2.471 us, total = 9.884 us, Queueing time: mean = 41.593 ms, max = 83.219 ms, min = 83.152 ms, total = 166.371 ms
	event_loop_lag_probe - 2 total (0 active), Execution time: mean = 6.207 us, total = 12.414 us, Queueing time: mean = 7.942 ms, max = 15.839 ms, min = 45.574 us, total = 15.885 ms
	GcsInitData::AsyncLoad - 1 total (0 active), Execution time: mean = 12.310 us, total = 12.310 us, Queueing time: mean = 396.000 ns, max = 396.000 ns, min = 396.000 ns, total = 396.000 ns
	RayletLoadPulled - 1 total (1 active), Execution time: mean = 0.000 s, total = 0.000 s, Queueing time: mean = 0.000 s, max = -0.000 s, min = 9223372036.855 s, total = 0.000 s
	GcsInMemoryStore.Get - 1 total (0 active), Execution time: mean = 16.969 us, total = 16.969 us, Queueing time: mean = 14.432 us, max = 14.432 us, min = 14.432 us, total = 14.432 us
	GcsServer.GetOrGenerateClusterId.continuation - 1 total (0 active), Execution time: mean = 83.232 ms, total = 83.232 ms, Queueing time: mean = 58.000 ns, max = 58.000 ns, min = 58.000 ns, total = 58.000 ns
	ClusterResourceManager.ResetRemoteNodeView - 1 total (1 active), Execution time: mean = 0.000 s, total = 0.000 s, Queueing time: mean = 0.000 s, max = -0.000 s, min = 9223372036.855 s, total = 0.000 s


[2025-05-04 18:19:04,315 I 1814393 1814393] (gcs_server) gcs_server.cc:874: task_io_context Event stats:


Global stats: 4 total (1 active)
Queueing time: mean = 100.098 us, max = 362.317 us, min = 15.127 us, total = 400.392 us
Execution time:  mean = 43.376 us, total = 173.504 us
Event stats:
	event_loop_lag_probe - 2 total (0 active), Execution time: mean = 84.141 us, total = 168.283 us, Queueing time: mean = 192.632 us, max = 362.317 us, min = 22.948 us, total = 385.265 us
	PeriodicalRunner.RunFnPeriodically - 1 total (0 active), Execution time: mean = 5.221 us, total = 5.221 us, Queueing time: mean = 15.127 us, max = 15.127 us, min = 15.127 us, total = 15.127 us
	GcsTaskManager.GcJobSummary - 1 total (1 active), Execution time: mean = 0.000 s, total = 0.000 s, Queueing time: mean = 0.000 s, max = -0.000 s, min = 9223372036.855 s, total = 0.000 s


[2025-05-04 18:19:04,315 I 1814393 1814393] (gcs_server) gcs_server.cc:874: pubsub_io_context Event stats:


Global stats: 4 total (1 active)
Queueing time: mean = 209.548 us, max = 724.834 us, min = 23.154 us, total = 838.190 us
Execution time:  mean = 46.434 us, total = 185.737 us
Event stats:
	event_loop_lag_probe - 2 total (0 active), Execution time: mean = 78.948 us, total = 157.895 us, Queueing time: mean = 373.994 us, max = 724.834 us, min = 23.154 us, total = 747.988 us
	PeriodicalRunner.RunFnPeriodically - 1 total (0 active), Execution time: mean = 27.842 us, total = 27.842 us, Queueing time: mean = 90.202 us, max = 90.202 us, min = 90.202 us, total = 90.202 us
	Publisher.CheckDeadSubscribers - 1 total (1 active), Execution time: mean = 0.000 s, total = 0.000 s, Queueing time: mean = 0.000 s, max = -0.000 s, min = 9223372036.855 s, total = 0.000 s


[2025-05-04 18:19:04,315 I 1814393 1814393] (gcs_server) gcs_server.cc:874: ray_syncer_io_context Event stats:


Global stats: 4 total (0 active)
Queueing time: mean = 234.826 us, max = 766.366 us, min = 20.435 us, total = 939.305 us
Execution time:  mean = 33.032 us, total = 132.129 us
Event stats:
	RaySyncerRegister - 2 total (0 active), Execution time: mean = 847.000 ns, total = 1.694 us, Queueing time: mean = 76.252 us, max = 77.076 us, min = 75.428 us, total = 152.504 us
	event_loop_lag_probe - 2 total (0 active), Execution time: mean = 65.218 us, total = 130.435 us, Queueing time: mean = 393.401 us, max = 766.366 us, min = 20.435 us, total = 786.801 us


[2025-05-04 18:19:07,150 I 1814393 1814393] (gcs_server) gcs_node_manager.cc:88: Registering node info, address = 10.153.51.195, node name = 10.153.51.195 node_id=b1d4d5caf12d5a477302008b8dbdb0951b55b3e61aa06eb385b5d86f
[2025-05-04 18:19:07,150 I 1814393 1814393] (gcs_server) gcs_node_manager.cc:94: Finished registering node info, address = 10.153.51.195, node name = 10.153.51.195, is_head_node = 1 node_id=b1d4d5caf12d5a477302008b8dbdb0951b55b3e61aa06eb385b5d86f
[2025-05-04 18:19:07,150 I 1814393 1814393] (gcs_server) gcs_placement_group_manager.cc:830: A new node: b1d4d5caf12d5a477302008b8dbdb0951b55b3e61aa06eb385b5d86f registered, will try to reschedule all the infeasible placement groups.
[2025-05-04 18:19:07,158 I 1814393 1814451] (gcs_server) ray_syncer.cc:244: Get connection node_id=b1d4d5caf12d5a477302008b8dbdb0951b55b3e61aa06eb385b5d86f
[2025-05-04 18:19:08,325 I 1814393 1814393] (gcs_server) gcs_job_manager.cc:90: Adding job, job id = 01000000, driver pid = 1814195
[2025-05-04 18:19:08,325 I 1814393 1814393] (gcs_server) gcs_job_manager.cc:111: Finished adding job, job id = 01000000, driver pid = 1814195
[2025-05-04 18:19:08,355 I 1814393 1814393] (gcs_server) gcs_actor_manager.cc:396: Registering actor job_id=01000000 actor_id=b056a618b1983f871f0861d001000000
[2025-05-04 18:19:08,356 I 1814393 1814393] (gcs_server) gcs_actor_manager.cc:401: Registered actor, job id = 01000000, actor id = b056a618b1983f871f0861d001000000
[2025-05-04 18:19:08,357 I 1814393 1814393] (gcs_server) gcs_actor_manager.cc:482: Creating actor job_id=01000000 actor_id=b056a618b1983f871f0861d001000000
[2025-05-04 18:19:08,357 I 1814393 1814393] (gcs_server) gcs_actor_scheduler.cc:313: Start leasing worker from node b1d4d5caf12d5a477302008b8dbdb0951b55b3e61aa06eb385b5d86f for actor b056a618b1983f871f0861d001000000, job id = 01000000
[2025-05-04 18:19:08,358 I 1814393 1814393] (gcs_server) gcs_actor_scheduler.cc:634: Finished leasing worker from b1d4d5caf12d5a477302008b8dbdb0951b55b3e61aa06eb385b5d86f for actor b056a618b1983f871f0861d001000000, job id = 01000000
[2025-05-04 18:19:08,358 I 1814393 1814393] (gcs_server) gcs_actor_scheduler.cc:449: Start creating actor b056a618b1983f871f0861d001000000 on worker 13a86733f2b1118f2300ba2f2a78d5438b95c6956b2efd9d5bcda825 at node b1d4d5caf12d5a477302008b8dbdb0951b55b3e61aa06eb385b5d86f, job id = 01000000
[2025-05-04 18:19:17,589 I 1814393 1814393] (gcs_server) gcs_actor_scheduler.cc:486: Finished actor creation task for actor b056a618b1983f871f0861d001000000 on worker 13a86733f2b1118f2300ba2f2a78d5438b95c6956b2efd9d5bcda825 at node b1d4d5caf12d5a477302008b8dbdb0951b55b3e61aa06eb385b5d86f, job id = 01000000
[2025-05-04 18:19:17,590 I 1814393 1814393] (gcs_server) gcs_actor_manager.cc:1543: Actor created successfully job_id=01000000 actor_id=b056a618b1983f871f0861d001000000
[2025-05-04 18:19:17,590 I 1814393 1814393] (gcs_server) gcs_actor_manager.cc:497: Finished creating actor. Status: OK job_id=01000000 actor_id=b056a618b1983f871f0861d001000000
[2025-05-04 18:19:20,610 I 1814393 1814393] (gcs_server) gcs_actor_manager.cc:396: Registering actor job_id=01000000 actor_id=11922eb8be653f0a35be613e01000000
[2025-05-04 18:19:20,611 I 1814393 1814393] (gcs_server) gcs_actor_manager.cc:401: Registered actor, job id = 01000000, actor id = 11922eb8be653f0a35be613e01000000
[2025-05-04 18:19:20,613 I 1814393 1814393] (gcs_server) gcs_actor_manager.cc:482: Creating actor job_id=01000000 actor_id=11922eb8be653f0a35be613e01000000
[2025-05-04 18:19:20,613 I 1814393 1814393] (gcs_server) gcs_actor_scheduler.cc:313: Start leasing worker from node b1d4d5caf12d5a477302008b8dbdb0951b55b3e61aa06eb385b5d86f for actor 11922eb8be653f0a35be613e01000000, job id = 01000000
[2025-05-04 18:19:20,615 I 1814393 1814393] (gcs_server) gcs_actor_scheduler.cc:634: Finished leasing worker from b1d4d5caf12d5a477302008b8dbdb0951b55b3e61aa06eb385b5d86f for actor 11922eb8be653f0a35be613e01000000, job id = 01000000
[2025-05-04 18:19:20,615 I 1814393 1814393] (gcs_server) gcs_actor_scheduler.cc:449: Start creating actor 11922eb8be653f0a35be613e01000000 on worker 0ad250167e2d6aca1d38f50e85d9f36460677fbef4c9c962e79d97c4 at node b1d4d5caf12d5a477302008b8dbdb0951b55b3e61aa06eb385b5d86f, job id = 01000000
[2025-05-04 18:19:20,730 I 1814393 1814393] (gcs_server) gcs_actor_manager.cc:396: Registering actor job_id=01000000 actor_id=301587d4e3aff97b688c9eae01000000
[2025-05-04 18:19:20,731 I 1814393 1814393] (gcs_server) gcs_actor_manager.cc:401: Registered actor, job id = 01000000, actor id = 301587d4e3aff97b688c9eae01000000
[2025-05-04 18:19:20,731 I 1814393 1814393] (gcs_server) gcs_actor_manager.cc:482: Creating actor job_id=01000000 actor_id=301587d4e3aff97b688c9eae01000000
[2025-05-04 18:19:20,731 I 1814393 1814393] (gcs_server) gcs_actor_scheduler.cc:313: Start leasing worker from node b1d4d5caf12d5a477302008b8dbdb0951b55b3e61aa06eb385b5d86f for actor 301587d4e3aff97b688c9eae01000000, job id = 01000000
[2025-05-04 18:19:20,733 I 1814393 1814393] (gcs_server) gcs_actor_scheduler.cc:634: Finished leasing worker from b1d4d5caf12d5a477302008b8dbdb0951b55b3e61aa06eb385b5d86f for actor 301587d4e3aff97b688c9eae01000000, job id = 01000000
[2025-05-04 18:19:20,733 I 1814393 1814393] (gcs_server) gcs_actor_scheduler.cc:449: Start creating actor 301587d4e3aff97b688c9eae01000000 on worker 29c5fd7288a9ee229227c74741c6eb3d124d1cfe961c8334e6b75fcf at node b1d4d5caf12d5a477302008b8dbdb0951b55b3e61aa06eb385b5d86f, job id = 01000000
[2025-05-04 18:19:22,321 I 1814393 1814393] (gcs_server) gcs_actor_manager.cc:1029: Destroying actor job_id=01000000 actor_id=11922eb8be653f0a35be613e01000000
[2025-05-04 18:19:22,322 I 1814393 1814393] (gcs_server) gcs_actor_manager.cc:497: Finished creating actor. Status: SchedulingCancelled: Actor creation cancelled. job_id=01000000 actor_id=11922eb8be653f0a35be613e01000000
[2025-05-04 18:19:22,322 I 1814393 1814393] (gcs_server) gcs_actor_manager.cc:1029: Destroying actor job_id=01000000 actor_id=301587d4e3aff97b688c9eae01000000
[2025-05-04 18:19:22,322 I 1814393 1814393] (gcs_server) gcs_actor_manager.cc:497: Finished creating actor. Status: SchedulingCancelled: Actor creation cancelled. job_id=01000000 actor_id=301587d4e3aff97b688c9eae01000000
[2025-05-04 18:19:22,322 I 1814393 1814393] (gcs_server) gcs_actor_manager.cc:1008: Actor 11922eb8be653f0a35be613e01000000 has no references, destroying actor, job id = 01000000
[2025-05-04 18:19:22,323 I 1814393 1814393] (gcs_server) gcs_actor_manager.cc:1008: Actor 301587d4e3aff97b688c9eae01000000 has no references, destroying actor, job id = 01000000
[2025-05-04 18:19:22,904 I 1814393 1814393] (gcs_server) gcs_actor_manager.cc:1029: Destroying actor job_id=01000000 actor_id=b056a618b1983f871f0861d001000000
[2025-05-04 18:19:22,905 I 1814393 1814393] (gcs_server) gcs_actor_manager.cc:1008: Actor b056a618b1983f871f0861d001000000 has no references, destroying actor, job id = 01000000
[2025-05-04 18:19:23,501 I 1814393 1814393] (gcs_server) gcs_job_manager.cc:149: Finished marking job state, job id = 01000000
[2025-05-04 18:19:23,521 I 1814393 1814393] (gcs_server) gcs_node_manager.cc:382: Removing node, node name = 10.153.51.195, death reason = EXPECTED_TERMINATION, death message = received SIGTERM node_id=b1d4d5caf12d5a477302008b8dbdb0951b55b3e61aa06eb385b5d86f
[2025-05-04 18:19:23,522 I 1814393 1814393] (gcs_server) gcs_placement_group_manager.cc:800: Node failed, rescheduling the placement groups on the dead node. node_id=b1d4d5caf12d5a477302008b8dbdb0951b55b3e61aa06eb385b5d86f
[2025-05-04 18:19:23,522 I 1814393 1814393] (gcs_server) gcs_actor_manager.cc:1282: Node failed, reconstructing actors. node_id=b1d4d5caf12d5a477302008b8dbdb0951b55b3e61aa06eb385b5d86f
[2025-05-04 18:19:23,522 I 1814393 1814393] (gcs_server) gcs_job_manager.cc:467: Node failed, mark all jobs from this node as finished node_id=b1d4d5caf12d5a477302008b8dbdb0951b55b3e61aa06eb385b5d86f
[2025-05-04 18:19:23,699 I 1814393 1814442] (gcs_server) ray_syncer_bidi_reactor_base.h:182: Failed to read the message from: b1d4d5caf12d5a477302008b8dbdb0951b55b3e61aa06eb385b5d86f
[2025-05-04 18:19:23,699 I 1814393 1814442] (gcs_server) ray_syncer.cc:241: Connection is broken. node_id=b1d4d5caf12d5a477302008b8dbdb0951b55b3e61aa06eb385b5d86f
[2025-05-04 18:19:23,737 I 1814393 1814393] (gcs_server) gcs_server_main.cc:175: GCS server received SIGTERM, shutting down...
[2025-05-04 18:19:23,737 I 1814393 1814393] (gcs_server) gcs_server.cc:267: Stopping GCS server.
[2025-05-04 18:19:23,775 I 1814393 1814393] (gcs_server) gcs_server.cc:284: GCS server stopped.
[2025-05-04 18:19:23,775 I 1814393 1814393] (gcs_server) io_service_pool.cc:47: IOServicePool is stopped.
[2025-05-04 18:19:23,840 I 1814393 1814393] (gcs_server) stats.h:120: Stats module has shutdown.
