[2025-05-04 18:19:06,112 I 1814607 1814607] (raylet) main.cc:226: Setting cluster ID to: afe82cbe8faf06f030f72e4a6a8b3ba801d1153cf46fe8db1d9b84b5
[2025-05-04 18:19:06,120 I 1814607 1814607] (raylet) main.cc:341: Raylet is not set to kill unknown children.
[2025-05-04 18:19:06,120 I 1814607 1814607] (raylet) io_service_pool.cc:35: IOServicePool is running with 1 io_service.
[2025-05-04 18:19:06,120 I 1814607 1814607] (raylet) main.cc:471: Setting node ID node_id=b1d4d5caf12d5a477302008b8dbdb0951b55b3e61aa06eb385b5d86f
[2025-05-04 18:19:06,121 I 1814607 1814607] (raylet) store_runner.cc:33: Allowing the Plasma store to use up to 31.8399GB of memory.
[2025-05-04 18:19:06,122 I 1814607 1814607] (raylet) store_runner.cc:49: Starting object store with directory /dev/shm, fallback /home/stud/wxie/EasyR1/ray, and huge page support disabled
[2025-05-04 18:19:06,122 I 1814607 1814635] (raylet) dlmalloc.cc:154: create_and_mmap_buffer(31840010248, /dev/shm/plasmaXXXXXX)
[2025-05-04 18:19:06,125 I 1814607 1814635] (raylet) store.cc:564: Plasma store debug dump: 
Current usage: 0 / 31.8399 GB
- num bytes created total: 0
0 pending objects of total size 0MB
- objects spillable: 0
- bytes spillable: 0
- objects unsealed: 0
- bytes unsealed: 0
- objects in use: 0
- bytes in use: 0
- objects evictable: 0
- bytes evictable: 0

- objects created by worker: 0
- bytes created by worker: 0
- objects restored: 0
- bytes restored: 0
- objects received: 0
- bytes received: 0
- objects errored: 0
- bytes errored: 0

[2025-05-04 18:19:07,128 I 1814607 1814607] (raylet) grpc_server.cc:135: ObjectManager server started, listening on port 40971.
[2025-05-04 18:19:07,132 I 1814607 1814607] (raylet) worker_killing_policy.cc:101: Running GroupByOwner policy.
[2025-05-04 18:19:07,132 W 1814607 1814607] (raylet) memory_monitor.cc:198: Got negative used memory for cgroup -1, setting it to zero
[2025-05-04 18:19:07,133 I 1814607 1814607] (raylet) memory_monitor.cc:48: MemoryMonitor initialized with usage threshold at 128114286592 bytes (0.95 system memory), total system memory bytes: 134857150464
[2025-05-04 18:19:07,133 I 1814607 1814607] (raylet) node_manager.cc:295: Initializing NodeManager node_id=b1d4d5caf12d5a477302008b8dbdb0951b55b3e61aa06eb385b5d86f
[2025-05-04 18:19:07,134 I 1814607 1814607] (raylet) grpc_server.cc:135: NodeManager server started, listening on port 33017.
[2025-05-04 18:19:07,142 I 1814607 1814718] (raylet) agent_manager.cc:78: Monitor agent process with name dashboard_agent/424238335
[2025-05-04 18:19:07,146 I 1814607 1814720] (raylet) agent_manager.cc:78: Monitor agent process with name runtime_env_agent
[2025-05-04 18:19:07,149 I 1814607 1814607] (raylet) event.cc:500: Ray Event initialized for RAYLET
[2025-05-04 18:19:07,149 I 1814607 1814607] (raylet) event.cc:331: Set ray event level to warning
[2025-05-04 18:19:07,151 I 1814607 1814607] (raylet) raylet.cc:134: Raylet of id, b1d4d5caf12d5a477302008b8dbdb0951b55b3e61aa06eb385b5d86f started. Raylet consists of node_manager and object_manager. node_manager address: 10.153.51.195:33017 object_manager address: 10.153.51.195:40971 hostname: marajo
[2025-05-04 18:19:07,156 I 1814607 1814607] (raylet) node_manager.cc:532: [state-dump] NodeManager:
[state-dump] Node ID: b1d4d5caf12d5a477302008b8dbdb0951b55b3e61aa06eb385b5d86f
[state-dump] Node name: 10.153.51.195
[state-dump] InitialConfigResources: {GPU: 10000, memory: 642931660800000, CPU: 320000, accelerator_type:H100: 10000, node:10.153.51.195: 10000, object_store_memory: 318399283200000, node:__internal_head__: 10000}
[state-dump] ClusterTaskManager:
[state-dump] ========== Node: b1d4d5caf12d5a477302008b8dbdb0951b55b3e61aa06eb385b5d86f =================
[state-dump] Infeasible queue length: 0
[state-dump] Schedule queue length: 0
[state-dump] Dispatch queue length: 0
[state-dump] num_waiting_for_resource: 0
[state-dump] num_waiting_for_plasma_memory: 0
[state-dump] num_waiting_for_remote_node_resources: 0
[state-dump] num_worker_not_started_by_job_config_not_exist: 0
[state-dump] num_worker_not_started_by_registration_timeout: 0
[state-dump] num_tasks_waiting_for_workers: 0
[state-dump] num_cancelled_tasks: 0
[state-dump] cluster_resource_scheduler state: 
[state-dump] Local id: -111749240289260409 Local resources: {"total":{object_store_memory: [318399283200000], GPU: [10000], accelerator_type:H100: [10000], CPU: [320000], node:__internal_head__: [10000], node:10.153.51.195: [10000], memory: [642931660800000]}}, "available": {object_store_memory: [318399283200000], GPU: [10000], accelerator_type:H100: [10000], CPU: [320000], node:__internal_head__: [10000], node:10.153.51.195: [10000], memory: [642931660800000]}}, "labels":{"ray.io/node_id":"b1d4d5caf12d5a477302008b8dbdb0951b55b3e61aa06eb385b5d86f",} is_draining: 0 is_idle: 1 Cluster resources: node id: -111749240289260409{"total":{memory: 642931660800000, GPU: 10000, CPU: 320000, accelerator_type:H100: 10000, node:10.153.51.195: 10000, node:__internal_head__: 10000, object_store_memory: 318399283200000}}, "available": {memory: 642931660800000, GPU: 10000, CPU: 320000, accelerator_type:H100: 10000, node:10.153.51.195: 10000, node:__internal_head__: 10000, object_store_memory: 318399283200000}}, "labels":{"ray.io/node_id":"b1d4d5caf12d5a477302008b8dbdb0951b55b3e61aa06eb385b5d86f",}, "is_draining": 0, "draining_deadline_timestamp_ms": -1} { "placment group locations": [], "node to bundles": []}
[state-dump] Waiting tasks size: 0
[state-dump] Number of executing tasks: 0
[state-dump] Number of pinned task arguments: 0
[state-dump] Number of total spilled tasks: 0
[state-dump] Number of spilled waiting tasks: 0
[state-dump] Number of spilled unschedulable tasks: 0
[state-dump] Resource usage {
[state-dump] }
[state-dump] Backlog Size per scheduling descriptor :{workerId: num backlogs}:
[state-dump] 
[state-dump] Running tasks by scheduling class:
[state-dump] ==================================================
[state-dump] 
[state-dump] ClusterResources:
[state-dump] LocalObjectManager:
[state-dump] - num pinned objects: 0
[state-dump] - pinned objects size: 0
[state-dump] - num objects pending restore: 0
[state-dump] - num objects pending spill: 0
[state-dump] - num bytes pending spill: 0
[state-dump] - num bytes currently spilled: 0
[state-dump] - cumulative spill requests: 0
[state-dump] - cumulative restore requests: 0
[state-dump] - spilled objects pending delete: 0
[state-dump] 
[state-dump] ObjectManager:
[state-dump] - num local objects: 0
[state-dump] - num unfulfilled push requests: 0
[state-dump] - num object pull requests: 0
[state-dump] - num chunks received total: 0
[state-dump] - num chunks received failed (all): 0
[state-dump] - num chunks received failed / cancelled: 0
[state-dump] - num chunks received failed / plasma error: 0
[state-dump] Event stats:
[state-dump] Global stats: 0 total (0 active)
[state-dump] Queueing time: mean = -nan s, max = -0.000 s, min = 9223372036.855 s, total = 0.000 s
[state-dump] Execution time:  mean = -nan s, total = 0.000 s
[state-dump] Event stats:
[state-dump] PushManager:
[state-dump] - num pushes in flight: 0
[state-dump] - num chunks in flight: 0
[state-dump] - num chunks remaining: 0
[state-dump] - max chunks allowed: 409
[state-dump] OwnershipBasedObjectDirectory:
[state-dump] - num listeners: 0
[state-dump] - cumulative location updates: 0
[state-dump] - num location updates per second: 33658333587414000.000
[state-dump] - num location lookups per second: 33658333587408000.000
[state-dump] - num locations added per second: 0.000
[state-dump] - num locations removed per second: 0.000
[state-dump] BufferPool:
[state-dump] - create buffer state map size: 0
[state-dump] PullManager:
[state-dump] - num bytes available for pulled objects: 31839928320
[state-dump] - num bytes being pulled (all): 0
[state-dump] - num bytes being pulled / pinned: 0
[state-dump] - get request bundles: BundlePullRequestQueue{0 total, 0 active, 0 inactive, 0 unpullable}
[state-dump] - wait request bundles: BundlePullRequestQueue{0 total, 0 active, 0 inactive, 0 unpullable}
[state-dump] - task request bundles: BundlePullRequestQueue{0 total, 0 active, 0 inactive, 0 unpullable}
[state-dump] - first get request bundle: N/A
[state-dump] - first wait request bundle: N/A
[state-dump] - first task request bundle: N/A
[state-dump] - num objects queued: 0
[state-dump] - num objects actively pulled (all): 0
[state-dump] - num objects actively pulled / pinned: 0
[state-dump] - num bundles being pulled: 0
[state-dump] - num pull retries: 0
[state-dump] - max timeout seconds: 0
[state-dump] - max timeout request is already processed. No entry.
[state-dump] 
[state-dump] WorkerPool:
[state-dump] - registered jobs: 0
[state-dump] - process_failed_job_config_missing: 0
[state-dump] - process_failed_rate_limited: 0
[state-dump] - process_failed_pending_registration: 0
[state-dump] - process_failed_runtime_env_setup_failed: 0
[state-dump] - num PYTHON workers: 0
[state-dump] - num PYTHON drivers: 0
[state-dump] - num PYTHON pending start requests: 0
[state-dump] - num PYTHON pending registration requests: 0
[state-dump] - num object spill callbacks queued: 0
[state-dump] - num object restore queued: 0
[state-dump] - num util functions queued: 0
[state-dump] - num JAVA workers: 0
[state-dump] - num JAVA drivers: 0
[state-dump] - num JAVA pending start requests: 0
[state-dump] - num JAVA pending registration requests: 0
[state-dump] - num object spill callbacks queued: 0
[state-dump] - num object restore queued: 0
[state-dump] - num util functions queued: 0
[state-dump] - num idle workers: 0
[state-dump] TaskDependencyManager:
[state-dump] - task deps map size: 0
[state-dump] - get req map size: 0
[state-dump] - wait req map size: 0
[state-dump] - local objects map size: 0
[state-dump] WaitManager:
[state-dump] - num active wait requests: 0
[state-dump] Subscriber:
[state-dump] Channel WORKER_REF_REMOVED_CHANNEL
[state-dump] - cumulative subscribe requests: 0
[state-dump] - cumulative unsubscribe requests: 0
[state-dump] - active subscribed publishers: 0
[state-dump] - cumulative published messages: 0
[state-dump] - cumulative processed messages: 0
[state-dump] Channel WORKER_OBJECT_EVICTION
[state-dump] - cumulative subscribe requests: 0
[state-dump] - cumulative unsubscribe requests: 0
[state-dump] - active subscribed publishers: 0
[state-dump] - cumulative published messages: 0
[state-dump] - cumulative processed messages: 0
[state-dump] Channel WORKER_OBJECT_LOCATIONS_CHANNEL
[state-dump] - cumulative subscribe requests: 0
[state-dump] - cumulative unsubscribe requests: 0
[state-dump] - active subscribed publishers: 0
[state-dump] - cumulative published messages: 0
[state-dump] - cumulative processed messages: 0
[state-dump] num async plasma notifications: 0
[state-dump] Remote node managers: 
[state-dump] Event stats:
[state-dump] Global stats: 28 total (13 active)
[state-dump] Queueing time: mean = 2.424 ms, max = 16.338 ms, min = 18.709 us, total = 67.865 ms
[state-dump] Execution time:  mean = 37.122 ms, total = 1.039 s
[state-dump] Event stats:
[state-dump] 	PeriodicalRunner.RunFnPeriodically - 11 total (2 active, 1 running), Execution time: mean = 426.568 us, total = 4.692 ms, Queueing time: mean = 6.163 ms, max = 16.338 ms, min = 38.249 us, total = 67.795 ms
[state-dump] 	ClusterResourceManager.ResetRemoteNodeView - 1 total (1 active), Execution time: mean = 0.000 s, total = 0.000 s, Queueing time: mean = 0.000 s, max = -0.000 s, min = 9223372036.855 s, total = 0.000 s
[state-dump] 	ray::rpc::InternalPubSubGcsService.grpc_client.GcsSubscriberPoll - 1 total (1 active), Execution time: mean = 0.000 s, total = 0.000 s, Queueing time: mean = 0.000 s, max = -0.000 s, min = 9223372036.855 s, total = 0.000 s
[state-dump] 	NodeManager.deadline_timer.record_metrics - 1 total (1 active), Execution time: mean = 0.000 s, total = 0.000 s, Queueing time: mean = 0.000 s, max = -0.000 s, min = 9223372036.855 s, total = 0.000 s
[state-dump] 	RayletWorkerPool.deadline_timer.kill_idle_workers - 1 total (1 active), Execution time: mean = 0.000 s, total = 0.000 s, Queueing time: mean = 0.000 s, max = -0.000 s, min = 9223372036.855 s, total = 0.000 s
[state-dump] 	ray::rpc::NodeInfoGcsService.grpc_client.RegisterNode - 1 total (0 active), Execution time: mean = 1.922 ms, total = 1.922 ms, Queueing time: mean = 0.000 s, max = -0.000 s, min = 9223372036.855 s, total = 0.000 s
[state-dump] 	NodeManager.deadline_timer.debug_state_dump - 1 total (1 active), Execution time: mean = 0.000 s, total = 0.000 s, Queueing time: mean = 0.000 s, max = -0.000 s, min = 9223372036.855 s, total = 0.000 s
[state-dump] 	ObjectManager.UpdateAvailableMemory - 1 total (0 active), Execution time: mean = 3.883 us, total = 3.883 us, Queueing time: mean = 22.029 us, max = 22.029 us, min = 22.029 us, total = 22.029 us
[state-dump] 	NodeManager.ScheduleAndDispatchTasks - 1 total (1 active), Execution time: mean = 0.000 s, total = 0.000 s, Queueing time: mean = 0.000 s, max = -0.000 s, min = 9223372036.855 s, total = 0.000 s
[state-dump] 	ray::rpc::InternalKVGcsService.grpc_client.GetInternalConfig.OnReplyReceived - 1 total (0 active), Execution time: mean = 1.029 s, total = 1.029 s, Queueing time: mean = 18.709 us, max = 18.709 us, min = 18.709 us, total = 18.709 us
[state-dump] 	NodeManager.deadline_timer.spill_objects_when_over_threshold - 1 total (1 active), Execution time: mean = 0.000 s, total = 0.000 s, Queueing time: mean = 0.000 s, max = -0.000 s, min = 9223372036.855 s, total = 0.000 s
[state-dump] 	MemoryMonitor.CheckIsMemoryUsageAboveThreshold - 1 total (1 active), Execution time: mean = 0.000 s, total = 0.000 s, Queueing time: mean = 0.000 s, max = -0.000 s, min = 9223372036.855 s, total = 0.000 s
[state-dump] 	NodeManager.GCTaskFailureReason - 1 total (1 active), Execution time: mean = 0.000 s, total = 0.000 s, Queueing time: mean = 0.000 s, max = -0.000 s, min = 9223372036.855 s, total = 0.000 s
[state-dump] 	NodeManager.deadline_timer.flush_free_objects - 1 total (1 active), Execution time: mean = 0.000 s, total = 0.000 s, Queueing time: mean = 0.000 s, max = -0.000 s, min = 9223372036.855 s, total = 0.000 s
[state-dump] 	ray::rpc::NodeInfoGcsService.grpc_client.RegisterNode.OnReplyReceived - 1 total (0 active), Execution time: mean = 379.718 us, total = 379.718 us, Queueing time: mean = 28.726 us, max = 28.726 us, min = 28.726 us, total = 28.726 us
[state-dump] 	ray::rpc::InternalPubSubGcsService.grpc_client.GcsSubscriberCommandBatch - 1 total (0 active), Execution time: mean = 1.127 ms, total = 1.127 ms, Queueing time: mean = 0.000 s, max = -0.000 s, min = 9223372036.855 s, total = 0.000 s
[state-dump] 	ray::rpc::InternalKVGcsService.grpc_client.GetInternalConfig - 1 total (0 active), Execution time: mean = 1.802 ms, total = 1.802 ms, Queueing time: mean = 0.000 s, max = -0.000 s, min = 9223372036.855 s, total = 0.000 s
[state-dump] 	ray::rpc::InternalPubSubGcsService.grpc_client.GcsSubscriberCommandBatch.OnReplyReceived - 1 total (1 active), Execution time: mean = 0.000 s, total = 0.000 s, Queueing time: mean = 0.000 s, max = -0.000 s, min = 9223372036.855 s, total = 0.000 s
[state-dump] DebugString() time ms: 1
[state-dump] 
[state-dump] 
[2025-05-04 18:19:07,158 I 1814607 1814607] (raylet) accessor.cc:777: Received notification for node, IsAlive = 1 node_id=b1d4d5caf12d5a477302008b8dbdb0951b55b3e61aa06eb385b5d86f
[2025-05-04 18:19:07,203 I 1814607 1814607] (raylet) worker_pool.cc:522: Started worker process with pid 1814741, the token is 0
[2025-05-04 18:19:07,207 I 1814607 1814607] (raylet) worker_pool.cc:522: Started worker process with pid 1814742, the token is 1
[2025-05-04 18:19:07,211 I 1814607 1814607] (raylet) worker_pool.cc:522: Started worker process with pid 1814743, the token is 2
[2025-05-04 18:19:07,215 I 1814607 1814607] (raylet) worker_pool.cc:522: Started worker process with pid 1814744, the token is 3
[2025-05-04 18:19:07,219 I 1814607 1814607] (raylet) worker_pool.cc:522: Started worker process with pid 1814745, the token is 4
[2025-05-04 18:19:07,223 I 1814607 1814607] (raylet) worker_pool.cc:522: Started worker process with pid 1814746, the token is 5
[2025-05-04 18:19:07,227 I 1814607 1814607] (raylet) worker_pool.cc:522: Started worker process with pid 1814747, the token is 6
[2025-05-04 18:19:07,230 I 1814607 1814607] (raylet) worker_pool.cc:522: Started worker process with pid 1814748, the token is 7
[2025-05-04 18:19:07,233 I 1814607 1814607] (raylet) worker_pool.cc:522: Started worker process with pid 1814749, the token is 8
[2025-05-04 18:19:07,237 I 1814607 1814607] (raylet) worker_pool.cc:522: Started worker process with pid 1814750, the token is 9
[2025-05-04 18:19:07,240 I 1814607 1814607] (raylet) worker_pool.cc:522: Started worker process with pid 1814751, the token is 10
[2025-05-04 18:19:07,244 I 1814607 1814607] (raylet) worker_pool.cc:522: Started worker process with pid 1814752, the token is 11
[2025-05-04 18:19:07,247 I 1814607 1814607] (raylet) worker_pool.cc:522: Started worker process with pid 1814753, the token is 12
[2025-05-04 18:19:07,250 I 1814607 1814607] (raylet) worker_pool.cc:522: Started worker process with pid 1814754, the token is 13
[2025-05-04 18:19:07,253 I 1814607 1814607] (raylet) worker_pool.cc:522: Started worker process with pid 1814755, the token is 14
[2025-05-04 18:19:07,256 I 1814607 1814607] (raylet) worker_pool.cc:522: Started worker process with pid 1814756, the token is 15
[2025-05-04 18:19:07,259 I 1814607 1814607] (raylet) worker_pool.cc:522: Started worker process with pid 1814757, the token is 16
[2025-05-04 18:19:07,262 I 1814607 1814607] (raylet) worker_pool.cc:522: Started worker process with pid 1814758, the token is 17
[2025-05-04 18:19:07,265 I 1814607 1814607] (raylet) worker_pool.cc:522: Started worker process with pid 1814759, the token is 18
[2025-05-04 18:19:07,290 I 1814607 1814607] (raylet) worker_pool.cc:522: Started worker process with pid 1814760, the token is 19
[2025-05-04 18:19:07,295 I 1814607 1814607] (raylet) worker_pool.cc:522: Started worker process with pid 1814761, the token is 20
[2025-05-04 18:19:07,300 I 1814607 1814607] (raylet) worker_pool.cc:522: Started worker process with pid 1814762, the token is 21
[2025-05-04 18:19:07,304 I 1814607 1814607] (raylet) worker_pool.cc:522: Started worker process with pid 1814763, the token is 22
[2025-05-04 18:19:07,307 I 1814607 1814607] (raylet) worker_pool.cc:522: Started worker process with pid 1814764, the token is 23
[2025-05-04 18:19:07,311 I 1814607 1814607] (raylet) worker_pool.cc:522: Started worker process with pid 1814765, the token is 24
[2025-05-04 18:19:07,315 I 1814607 1814607] (raylet) worker_pool.cc:522: Started worker process with pid 1814766, the token is 25
[2025-05-04 18:19:07,318 I 1814607 1814607] (raylet) worker_pool.cc:522: Started worker process with pid 1814767, the token is 26
[2025-05-04 18:19:07,323 I 1814607 1814607] (raylet) worker_pool.cc:522: Started worker process with pid 1814768, the token is 27
[2025-05-04 18:19:07,327 I 1814607 1814607] (raylet) worker_pool.cc:522: Started worker process with pid 1814769, the token is 28
[2025-05-04 18:19:07,330 I 1814607 1814607] (raylet) worker_pool.cc:522: Started worker process with pid 1814770, the token is 29
[2025-05-04 18:19:07,334 I 1814607 1814607] (raylet) worker_pool.cc:522: Started worker process with pid 1814771, the token is 30
[2025-05-04 18:19:07,339 I 1814607 1814607] (raylet) worker_pool.cc:522: Started worker process with pid 1814772, the token is 31
[2025-05-04 18:19:08,070 I 1814607 1814635] (raylet) object_store.cc:35: Object store current usage 8e-09 / 31.8399 GB.
[2025-05-04 18:19:08,325 I 1814607 1814607] (raylet) worker_pool.cc:719: Job 01000000 already started in worker pool.
[2025-05-04 18:19:12,155 W 1814607 1814607] (raylet) memory_monitor.cc:198: Got negative used memory for cgroup -1, setting it to zero
[2025-05-04 18:19:17,162 W 1814607 1814607] (raylet) memory_monitor.cc:198: Got negative used memory for cgroup -1, setting it to zero
[2025-05-04 18:19:20,651 I 1814607 1814607] (raylet) local_resource_manager.cc:292: Object store memory is not idle.
[2025-05-04 18:19:20,752 I 1814607 1814607] (raylet) local_resource_manager.cc:292: Object store memory is not idle.
[2025-05-04 18:19:22,168 W 1814607 1814607] (raylet) memory_monitor.cc:198: Got negative used memory for cgroup -1, setting it to zero
[2025-05-04 18:19:22,342 I 1814607 1814607] (raylet) node_manager.cc:1549: NodeManager::DisconnectClient, disconnect_type=1, has creation task exception = false
[2025-05-04 18:19:22,349 I 1814607 1814607] (raylet) node_manager.cc:1549: NodeManager::DisconnectClient, disconnect_type=1, has creation task exception = false
[2025-05-04 18:19:22,353 I 1814607 1814607] (raylet) local_resource_manager.cc:288: Object store memory is idle.
[2025-05-04 18:19:22,932 I 1814607 1814607] (raylet) node_manager.cc:1549: NodeManager::DisconnectClient, disconnect_type=1, has creation task exception = false
[2025-05-04 18:19:23,500 I 1814607 1814607] (raylet) node_manager.cc:1549: NodeManager::DisconnectClient, disconnect_type=3, has creation task exception = false
[2025-05-04 18:19:23,501 I 1814607 1814607] (raylet) node_manager.cc:1654: Driver (pid=1814195) is disconnected. worker_id=01000000ffffffffffffffffffffffffffffffffffffffffffffffff job_id=01000000
[2025-05-04 18:19:23,504 I 1814607 1814607] (raylet) worker_pool.cc:719: Job 01000000 already started in worker pool.
[2025-05-04 18:19:23,520 I 1814607 1814607] (raylet) main.cc:506: received SIGTERM. Existing local drain request = None
[2025-05-04 18:19:23,521 I 1814607 1814607] (raylet) main.cc:307: Raylet graceful shutdown triggered, reason = EXPECTED_TERMINATION, reason message = received SIGTERM
[2025-05-04 18:19:23,521 I 1814607 1814607] (raylet) main.cc:310: Shutting down...
[2025-05-04 18:19:23,521 I 1814607 1814607] (raylet) accessor.cc:511: Unregistering node node_id=b1d4d5caf12d5a477302008b8dbdb0951b55b3e61aa06eb385b5d86f
[2025-05-04 18:19:23,523 I 1814607 1814607] (raylet) accessor.cc:524: Finished unregistering node info, status = OK node_id=b1d4d5caf12d5a477302008b8dbdb0951b55b3e61aa06eb385b5d86f
[2025-05-04 18:19:23,527 I 1814607 1814607] (raylet) agent_manager.cc:113: Killing agent dashboard_agent/424238335, pid 1814717.
[2025-05-04 18:19:23,547 I 1814607 1814718] (raylet) agent_manager.cc:80: Agent process with name dashboard_agent/424238335 exited, exit code 0.
[2025-05-04 18:19:23,548 I 1814607 1814607] (raylet) agent_manager.cc:113: Killing agent runtime_env_agent, pid 1814719.
[2025-05-04 18:19:23,555 I 1814607 1814720] (raylet) agent_manager.cc:80: Agent process with name runtime_env_agent exited, exit code 0.
[2025-05-04 18:19:23,555 I 1814607 1814607] (raylet) io_service_pool.cc:47: IOServicePool is stopped.
[2025-05-04 18:19:23,641 I 1814607 1814607] (raylet) stats.h:120: Stats module has shutdown.
