[2025-04-26 17:57:50,563 I 3064583 3064583] (raylet) main.cc:226: Setting cluster ID to: eeaafa1637ad81b6d87470d4a4c36c12d196400b102bf94e334ec9c7
[2025-04-26 17:57:50,571 I 3064583 3064583] (raylet) main.cc:341: Raylet is not set to kill unknown children.
[2025-04-26 17:57:50,572 I 3064583 3064583] (raylet) io_service_pool.cc:35: IOServicePool is running with 1 io_service.
[2025-04-26 17:57:50,572 I 3064583 3064583] (raylet) main.cc:471: Setting node ID node_id=4d670934c7bf15afa48febbecc3fb4f81a85f7b84f337d4f992dfcd1
[2025-04-26 17:57:50,572 I 3064583 3064583] (raylet) store_runner.cc:33: Allowing the Plasma store to use up to 36.2894GB of memory.
[2025-04-26 17:57:50,572 I 3064583 3064583] (raylet) store_runner.cc:49: Starting object store with directory /dev/shm, fallback /home/stud/wxie/EasyR1/ray, and huge page support disabled
[2025-04-26 17:57:50,573 I 3064583 3064611] (raylet) dlmalloc.cc:154: create_and_mmap_buffer(36289380360, /dev/shm/plasmaXXXXXX)
[2025-04-26 17:57:50,575 I 3064583 3064611] (raylet) store.cc:564: Plasma store debug dump: 
Current usage: 0 / 36.2894 GB
- num bytes created total: 0
0 pending objects of total size 0MB
- objects spillable: 0
- bytes spillable: 0
- objects unsealed: 0
- bytes unsealed: 0
- objects in use: 0
- bytes in use: 0
- objects evictable: 0
- bytes evictable: 0

- objects created by worker: 0
- bytes created by worker: 0
- objects restored: 0
- bytes restored: 0
- objects received: 0
- bytes received: 0
- objects errored: 0
- bytes errored: 0

[2025-04-26 17:57:51,577 I 3064583 3064583] (raylet) grpc_server.cc:135: ObjectManager server started, listening on port 34751.
[2025-04-26 17:57:51,580 I 3064583 3064583] (raylet) worker_killing_policy.cc:101: Running GroupByOwner policy.
[2025-04-26 17:57:51,580 W 3064583 3064583] (raylet) memory_monitor.cc:198: Got negative used memory for cgroup -1, setting it to zero
[2025-04-26 17:57:51,580 I 3064583 3064583] (raylet) memory_monitor.cc:48: MemoryMonitor initialized with usage threshold at 128114286592 bytes (0.95 system memory), total system memory bytes: 134857150464
[2025-04-26 17:57:51,580 I 3064583 3064583] (raylet) node_manager.cc:295: Initializing NodeManager node_id=4d670934c7bf15afa48febbecc3fb4f81a85f7b84f337d4f992dfcd1
[2025-04-26 17:57:51,581 I 3064583 3064583] (raylet) grpc_server.cc:135: NodeManager server started, listening on port 41787.
[2025-04-26 17:57:51,590 I 3064583 3064688] (raylet) agent_manager.cc:78: Monitor agent process with name dashboard_agent/424238335
[2025-04-26 17:57:51,591 I 3064583 3064690] (raylet) agent_manager.cc:78: Monitor agent process with name runtime_env_agent
[2025-04-26 17:57:51,592 I 3064583 3064583] (raylet) event.cc:500: Ray Event initialized for RAYLET
[2025-04-26 17:57:51,592 I 3064583 3064583] (raylet) event.cc:331: Set ray event level to warning
[2025-04-26 17:57:51,595 I 3064583 3064583] (raylet) raylet.cc:134: Raylet of id, 4d670934c7bf15afa48febbecc3fb4f81a85f7b84f337d4f992dfcd1 started. Raylet consists of node_manager and object_manager. node_manager address: 10.153.51.195:41787 object_manager address: 10.153.51.195:34751 hostname: marajo
[2025-04-26 17:57:51,598 I 3064583 3064583] (raylet) node_manager.cc:532: [state-dump] NodeManager:
[state-dump] Node ID: 4d670934c7bf15afa48febbecc3fb4f81a85f7b84f337d4f992dfcd1
[state-dump] Node name: 10.153.51.195
[state-dump] InitialConfigResources: {accelerator_type:H100: 10000, memory: 746751567880000, object_store_memory: 362893529080000, node:10.153.51.195: 10000, GPU: 10000, CPU: 320000, node:__internal_head__: 10000}
[state-dump] ClusterTaskManager:
[state-dump] ========== Node: 4d670934c7bf15afa48febbecc3fb4f81a85f7b84f337d4f992dfcd1 =================
[state-dump] Infeasible queue length: 0
[state-dump] Schedule queue length: 0
[state-dump] Dispatch queue length: 0
[state-dump] num_waiting_for_resource: 0
[state-dump] num_waiting_for_plasma_memory: 0
[state-dump] num_waiting_for_remote_node_resources: 0
[state-dump] num_worker_not_started_by_job_config_not_exist: 0
[state-dump] num_worker_not_started_by_registration_timeout: 0
[state-dump] num_tasks_waiting_for_workers: 0
[state-dump] num_cancelled_tasks: 0
[state-dump] cluster_resource_scheduler state: 
[state-dump] Local id: -3213834908404346848 Local resources: {"total":{accelerator_type:H100: [10000], memory: [746751567880000], node:10.153.51.195: [10000], object_store_memory: [362893529080000], CPU: [320000], node:__internal_head__: [10000], GPU: [10000]}}, "available": {accelerator_type:H100: [10000], memory: [746751567880000], node:10.153.51.195: [10000], object_store_memory: [362893529080000], CPU: [320000], node:__internal_head__: [10000], GPU: [10000]}}, "labels":{"ray.io/node_id":"4d670934c7bf15afa48febbecc3fb4f81a85f7b84f337d4f992dfcd1",} is_draining: 0 is_idle: 1 Cluster resources: node id: -3213834908404346848{"total":{GPU: 10000, memory: 746751567880000, object_store_memory: 362893529080000, accelerator_type:H100: 10000, node:__internal_head__: 10000, CPU: 320000, node:10.153.51.195: 10000}}, "available": {GPU: 10000, memory: 746751567880000, object_store_memory: 362893529080000, accelerator_type:H100: 10000, node:__internal_head__: 10000, CPU: 320000, node:10.153.51.195: 10000}}, "labels":{"ray.io/node_id":"4d670934c7bf15afa48febbecc3fb4f81a85f7b84f337d4f992dfcd1",}, "is_draining": 0, "draining_deadline_timestamp_ms": -1} { "placment group locations": [], "node to bundles": []}
[state-dump] Waiting tasks size: 0
[state-dump] Number of executing tasks: 0
[state-dump] Number of pinned task arguments: 0
[state-dump] Number of total spilled tasks: 0
[state-dump] Number of spilled waiting tasks: 0
[state-dump] Number of spilled unschedulable tasks: 0
[state-dump] Resource usage {
[state-dump] }
[state-dump] Backlog Size per scheduling descriptor :{workerId: num backlogs}:
[state-dump] 
[state-dump] Running tasks by scheduling class:
[state-dump] ==================================================
[state-dump] 
[state-dump] ClusterResources:
[state-dump] LocalObjectManager:
[state-dump] - num pinned objects: 0
[state-dump] - pinned objects size: 0
[state-dump] - num objects pending restore: 0
[state-dump] - num objects pending spill: 0
[state-dump] - num bytes pending spill: 0
[state-dump] - num bytes currently spilled: 0
[state-dump] - cumulative spill requests: 0
[state-dump] - cumulative restore requests: 0
[state-dump] - spilled objects pending delete: 0
[state-dump] 
[state-dump] ObjectManager:
[state-dump] - num local objects: 0
[state-dump] - num unfulfilled push requests: 0
[state-dump] - num object pull requests: 0
[state-dump] - num chunks received total: 0
[state-dump] - num chunks received failed (all): 0
[state-dump] - num chunks received failed / cancelled: 0
[state-dump] - num chunks received failed / plasma error: 0
[state-dump] Event stats:
[state-dump] Global stats: 0 total (0 active)
[state-dump] Queueing time: mean = -nan s, max = -0.000 s, min = 9223372036.855 s, total = 0.000 s
[state-dump] Execution time:  mean = -nan s, total = 0.000 s
[state-dump] Event stats:
[state-dump] PushManager:
[state-dump] - num pushes in flight: 0
[state-dump] - num chunks in flight: 0
[state-dump] - num chunks remaining: 0
[state-dump] - max chunks allowed: 409
[state-dump] OwnershipBasedObjectDirectory:
[state-dump] - num listeners: 0
[state-dump] - cumulative location updates: 0
[state-dump] - num location updates per second: 44204609800818664.000
[state-dump] - num location lookups per second: 44204609800810664.000
[state-dump] - num locations added per second: 0.000
[state-dump] - num locations removed per second: 0.000
[state-dump] BufferPool:
[state-dump] - create buffer state map size: 0
[state-dump] PullManager:
[state-dump] - num bytes available for pulled objects: 36289352908
[state-dump] - num bytes being pulled (all): 0
[state-dump] - num bytes being pulled / pinned: 0
[state-dump] - get request bundles: BundlePullRequestQueue{0 total, 0 active, 0 inactive, 0 unpullable}
[state-dump] - wait request bundles: BundlePullRequestQueue{0 total, 0 active, 0 inactive, 0 unpullable}
[state-dump] - task request bundles: BundlePullRequestQueue{0 total, 0 active, 0 inactive, 0 unpullable}
[state-dump] - first get request bundle: N/A
[state-dump] - first wait request bundle: N/A
[state-dump] - first task request bundle: N/A
[state-dump] - num objects queued: 0
[state-dump] - num objects actively pulled (all): 0
[state-dump] - num objects actively pulled / pinned: 0
[state-dump] - num bundles being pulled: 0
[state-dump] - num pull retries: 0
[state-dump] - max timeout seconds: 0
[state-dump] - max timeout request is already processed. No entry.
[state-dump] 
[state-dump] WorkerPool:
[state-dump] - registered jobs: 0
[state-dump] - process_failed_job_config_missing: 0
[state-dump] - process_failed_rate_limited: 0
[state-dump] - process_failed_pending_registration: 0
[state-dump] - process_failed_runtime_env_setup_failed: 0
[state-dump] - num PYTHON workers: 0
[state-dump] - num PYTHON drivers: 0
[state-dump] - num PYTHON pending start requests: 0
[state-dump] - num PYTHON pending registration requests: 0
[state-dump] - num object spill callbacks queued: 0
[state-dump] - num object restore queued: 0
[state-dump] - num util functions queued: 0
[state-dump] - num JAVA workers: 0
[state-dump] - num JAVA drivers: 0
[state-dump] - num JAVA pending start requests: 0
[state-dump] - num JAVA pending registration requests: 0
[state-dump] - num object spill callbacks queued: 0
[state-dump] - num object restore queued: 0
[state-dump] - num util functions queued: 0
[state-dump] - num idle workers: 0
[state-dump] TaskDependencyManager:
[state-dump] - task deps map size: 0
[state-dump] - get req map size: 0
[state-dump] - wait req map size: 0
[state-dump] - local objects map size: 0
[state-dump] WaitManager:
[state-dump] - num active wait requests: 0
[state-dump] Subscriber:
[state-dump] Channel WORKER_REF_REMOVED_CHANNEL
[state-dump] - cumulative subscribe requests: 0
[state-dump] - cumulative unsubscribe requests: 0
[state-dump] - active subscribed publishers: 0
[state-dump] - cumulative published messages: 0
[state-dump] - cumulative processed messages: 0
[state-dump] Channel WORKER_OBJECT_LOCATIONS_CHANNEL
[state-dump] - cumulative subscribe requests: 0
[state-dump] - cumulative unsubscribe requests: 0
[state-dump] - active subscribed publishers: 0
[state-dump] - cumulative published messages: 0
[state-dump] - cumulative processed messages: 0
[state-dump] Channel WORKER_OBJECT_EVICTION
[state-dump] - cumulative subscribe requests: 0
[state-dump] - cumulative unsubscribe requests: 0
[state-dump] - active subscribed publishers: 0
[state-dump] - cumulative published messages: 0
[state-dump] - cumulative processed messages: 0
[state-dump] num async plasma notifications: 0
[state-dump] Remote node managers: 
[state-dump] Event stats:
[state-dump] Global stats: 28 total (13 active)
[state-dump] Queueing time: mean = 1.815 ms, max = 12.418 ms, min = 19.012 us, total = 50.816 ms
[state-dump] Execution time:  mean = 36.798 ms, total = 1.030 s
[state-dump] Event stats:
[state-dump] 	PeriodicalRunner.RunFnPeriodically - 11 total (2 active, 1 running), Execution time: mean = 291.834 us, total = 3.210 ms, Queueing time: mean = 4.613 ms, max = 12.418 ms, min = 32.620 us, total = 50.746 ms
[state-dump] 	ray::rpc::InternalPubSubGcsService.grpc_client.GcsSubscriberCommandBatch.OnReplyReceived - 1 total (1 active), Execution time: mean = 0.000 s, total = 0.000 s, Queueing time: mean = 0.000 s, max = -0.000 s, min = 9223372036.855 s, total = 0.000 s
[state-dump] 	ray::rpc::NodeInfoGcsService.grpc_client.RegisterNode.OnReplyReceived - 1 total (0 active), Execution time: mean = 322.301 us, total = 322.301 us, Queueing time: mean = 28.891 us, max = 28.891 us, min = 28.891 us, total = 28.891 us
[state-dump] 	NodeManager.GCTaskFailureReason - 1 total (1 active), Execution time: mean = 0.000 s, total = 0.000 s, Queueing time: mean = 0.000 s, max = -0.000 s, min = 9223372036.855 s, total = 0.000 s
[state-dump] 	MemoryMonitor.CheckIsMemoryUsageAboveThreshold - 1 total (1 active), Execution time: mean = 0.000 s, total = 0.000 s, Queueing time: mean = 0.000 s, max = -0.000 s, min = 9223372036.855 s, total = 0.000 s
[state-dump] 	NodeManager.deadline_timer.spill_objects_when_over_threshold - 1 total (1 active), Execution time: mean = 0.000 s, total = 0.000 s, Queueing time: mean = 0.000 s, max = -0.000 s, min = 9223372036.855 s, total = 0.000 s
[state-dump] 	NodeManager.deadline_timer.flush_free_objects - 1 total (1 active), Execution time: mean = 0.000 s, total = 0.000 s, Queueing time: mean = 0.000 s, max = -0.000 s, min = 9223372036.855 s, total = 0.000 s
[state-dump] 	RayletWorkerPool.deadline_timer.kill_idle_workers - 1 total (1 active), Execution time: mean = 0.000 s, total = 0.000 s, Queueing time: mean = 0.000 s, max = -0.000 s, min = 9223372036.855 s, total = 0.000 s
[state-dump] 	ray::rpc::InternalKVGcsService.grpc_client.GetInternalConfig.OnReplyReceived - 1 total (0 active), Execution time: mean = 1.021 s, total = 1.021 s, Queueing time: mean = 21.879 us, max = 21.879 us, min = 21.879 us, total = 21.879 us
[state-dump] 	ray::rpc::InternalKVGcsService.grpc_client.GetInternalConfig - 1 total (0 active), Execution time: mean = 1.442 ms, total = 1.442 ms, Queueing time: mean = 0.000 s, max = -0.000 s, min = 9223372036.855 s, total = 0.000 s
[state-dump] 	NodeManager.ScheduleAndDispatchTasks - 1 total (1 active), Execution time: mean = 0.000 s, total = 0.000 s, Queueing time: mean = 0.000 s, max = -0.000 s, min = 9223372036.855 s, total = 0.000 s
[state-dump] 	ray::rpc::InternalPubSubGcsService.grpc_client.GcsSubscriberPoll - 1 total (1 active), Execution time: mean = 0.000 s, total = 0.000 s, Queueing time: mean = 0.000 s, max = -0.000 s, min = 9223372036.855 s, total = 0.000 s
[state-dump] 	NodeManager.deadline_timer.record_metrics - 1 total (1 active), Execution time: mean = 0.000 s, total = 0.000 s, Queueing time: mean = 0.000 s, max = -0.000 s, min = 9223372036.855 s, total = 0.000 s
[state-dump] 	ray::rpc::NodeInfoGcsService.grpc_client.RegisterNode - 1 total (0 active), Execution time: mean = 2.481 ms, total = 2.481 ms, Queueing time: mean = 0.000 s, max = -0.000 s, min = 9223372036.855 s, total = 0.000 s
[state-dump] 	NodeManager.deadline_timer.debug_state_dump - 1 total (1 active), Execution time: mean = 0.000 s, total = 0.000 s, Queueing time: mean = 0.000 s, max = -0.000 s, min = 9223372036.855 s, total = 0.000 s
[state-dump] 	ClusterResourceManager.ResetRemoteNodeView - 1 total (1 active), Execution time: mean = 0.000 s, total = 0.000 s, Queueing time: mean = 0.000 s, max = -0.000 s, min = 9223372036.855 s, total = 0.000 s
[state-dump] 	ray::rpc::InternalPubSubGcsService.grpc_client.GcsSubscriberCommandBatch - 1 total (0 active), Execution time: mean = 1.620 ms, total = 1.620 ms, Queueing time: mean = 0.000 s, max = -0.000 s, min = 9223372036.855 s, total = 0.000 s
[state-dump] 	ObjectManager.UpdateAvailableMemory - 1 total (0 active), Execution time: mean = 3.250 us, total = 3.250 us, Queueing time: mean = 19.012 us, max = 19.012 us, min = 19.012 us, total = 19.012 us
[state-dump] DebugString() time ms: 0
[state-dump] 
[state-dump] 
[2025-04-26 17:57:51,600 I 3064583 3064583] (raylet) accessor.cc:777: Received notification for node, IsAlive = 1 node_id=4d670934c7bf15afa48febbecc3fb4f81a85f7b84f337d4f992dfcd1
[2025-04-26 17:57:51,643 I 3064583 3064583] (raylet) worker_pool.cc:729: [Eagerly] Start install runtime environment for job 01000000.
[2025-04-26 17:57:51,648 I 3064583 3064583] (raylet) worker_pool.cc:522: Started worker process with pid 3064712, the token is 0
[2025-04-26 17:57:51,651 I 3064583 3064583] (raylet) worker_pool.cc:522: Started worker process with pid 3064713, the token is 1
[2025-04-26 17:57:51,654 I 3064583 3064583] (raylet) worker_pool.cc:522: Started worker process with pid 3064714, the token is 2
[2025-04-26 17:57:51,657 I 3064583 3064583] (raylet) worker_pool.cc:522: Started worker process with pid 3064715, the token is 3
[2025-04-26 17:57:51,660 I 3064583 3064583] (raylet) worker_pool.cc:522: Started worker process with pid 3064716, the token is 4
[2025-04-26 17:57:51,663 I 3064583 3064583] (raylet) worker_pool.cc:522: Started worker process with pid 3064717, the token is 5
[2025-04-26 17:57:51,666 I 3064583 3064583] (raylet) worker_pool.cc:522: Started worker process with pid 3064718, the token is 6
[2025-04-26 17:57:51,669 I 3064583 3064583] (raylet) worker_pool.cc:522: Started worker process with pid 3064719, the token is 7
[2025-04-26 17:57:51,673 I 3064583 3064583] (raylet) worker_pool.cc:522: Started worker process with pid 3064720, the token is 8
[2025-04-26 17:57:51,676 I 3064583 3064583] (raylet) worker_pool.cc:522: Started worker process with pid 3064721, the token is 9
[2025-04-26 17:57:51,679 I 3064583 3064583] (raylet) worker_pool.cc:522: Started worker process with pid 3064722, the token is 10
[2025-04-26 17:57:51,682 I 3064583 3064583] (raylet) worker_pool.cc:522: Started worker process with pid 3064723, the token is 11
[2025-04-26 17:57:51,685 I 3064583 3064583] (raylet) worker_pool.cc:522: Started worker process with pid 3064724, the token is 12
[2025-04-26 17:57:51,688 I 3064583 3064583] (raylet) worker_pool.cc:522: Started worker process with pid 3064725, the token is 13
[2025-04-26 17:57:51,691 I 3064583 3064583] (raylet) worker_pool.cc:522: Started worker process with pid 3064726, the token is 14
[2025-04-26 17:57:51,694 I 3064583 3064583] (raylet) worker_pool.cc:522: Started worker process with pid 3064727, the token is 15
[2025-04-26 17:57:51,697 I 3064583 3064583] (raylet) worker_pool.cc:522: Started worker process with pid 3064728, the token is 16
[2025-04-26 17:57:51,700 I 3064583 3064583] (raylet) worker_pool.cc:522: Started worker process with pid 3064729, the token is 17
[2025-04-26 17:57:51,703 I 3064583 3064583] (raylet) worker_pool.cc:522: Started worker process with pid 3064730, the token is 18
[2025-04-26 17:57:51,724 I 3064583 3064583] (raylet) worker_pool.cc:522: Started worker process with pid 3064731, the token is 19
[2025-04-26 17:57:51,728 I 3064583 3064583] (raylet) worker_pool.cc:522: Started worker process with pid 3064732, the token is 20
[2025-04-26 17:57:51,733 I 3064583 3064583] (raylet) worker_pool.cc:522: Started worker process with pid 3064733, the token is 21
[2025-04-26 17:57:51,737 I 3064583 3064583] (raylet) worker_pool.cc:522: Started worker process with pid 3064734, the token is 22
[2025-04-26 17:57:51,741 I 3064583 3064583] (raylet) worker_pool.cc:522: Started worker process with pid 3064735, the token is 23
[2025-04-26 17:57:51,745 I 3064583 3064583] (raylet) worker_pool.cc:522: Started worker process with pid 3064736, the token is 24
[2025-04-26 17:57:51,749 I 3064583 3064583] (raylet) worker_pool.cc:522: Started worker process with pid 3064737, the token is 25
[2025-04-26 17:57:51,753 I 3064583 3064583] (raylet) worker_pool.cc:522: Started worker process with pid 3064738, the token is 26
[2025-04-26 17:57:51,757 I 3064583 3064583] (raylet) worker_pool.cc:522: Started worker process with pid 3064739, the token is 27
[2025-04-26 17:57:51,761 I 3064583 3064583] (raylet) worker_pool.cc:522: Started worker process with pid 3064740, the token is 28
[2025-04-26 17:57:51,765 I 3064583 3064583] (raylet) worker_pool.cc:522: Started worker process with pid 3064741, the token is 29
[2025-04-26 17:57:51,769 I 3064583 3064583] (raylet) worker_pool.cc:522: Started worker process with pid 3064742, the token is 30
[2025-04-26 17:57:51,774 I 3064583 3064583] (raylet) worker_pool.cc:522: Started worker process with pid 3064743, the token is 31
[2025-04-26 17:57:51,775 I 3064583 3064583] (raylet) runtime_env_agent_client.cc:340: Runtime Env Agent network error: NotFound: on_connect Connection refused, the server may be still starting or is already failed. Scheduling a retry in 1000ms...
[2025-04-26 17:57:52,363 I 3064583 3064611] (raylet) object_store.cc:35: Object store current usage 8e-09 / 36.2894 GB.
[2025-04-26 17:57:52,615 I 3064583 3064583] (raylet) worker_pool.cc:719: Job 01000000 already started in worker pool.
[2025-04-26 17:57:52,637 I 3064583 3064583] (raylet) runtime_env_agent_client.cc:383: Create runtime env for job 01000000
[2025-04-26 17:57:52,640 I 3064583 3064583] (raylet) worker_pool.cc:522: Started worker process with pid 3066575, the token is 32
[2025-04-26 17:57:52,777 I 3064583 3064583] (raylet) runtime_env_agent_client.cc:383: Create runtime env for job 01000000
[2025-04-26 17:57:52,777 I 3064583 3064583] (raylet) worker_pool.cc:740: [Eagerly] Create runtime env successful for job 01000000.
[2025-04-26 17:57:53,815 I 3064583 3064583] (raylet) node_manager.cc:1549: NodeManager::DisconnectClient, disconnect_type=1, has creation task exception = false
[2025-04-26 17:57:56,598 W 3064583 3064583] (raylet) memory_monitor.cc:198: Got negative used memory for cgroup -1, setting it to zero
[2025-04-26 17:58:01,605 W 3064583 3064583] (raylet) memory_monitor.cc:198: Got negative used memory for cgroup -1, setting it to zero
[2025-04-26 17:58:06,612 W 3064583 3064583] (raylet) memory_monitor.cc:198: Got negative used memory for cgroup -1, setting it to zero
[2025-04-26 17:58:09,056 I 3064583 3064583] (raylet) node_manager.cc:1549: NodeManager::DisconnectClient, disconnect_type=1, has creation task exception = false
[2025-04-26 17:58:09,601 I 3064583 3064583] (raylet) node_manager.cc:1549: NodeManager::DisconnectClient, disconnect_type=3, has creation task exception = false
[2025-04-26 17:58:09,601 I 3064583 3064583] (raylet) node_manager.cc:1654: Driver (pid=3064207) is disconnected. worker_id=01000000ffffffffffffffffffffffffffffffffffffffffffffffff job_id=01000000
[2025-04-26 17:58:09,604 I 3064583 3064583] (raylet) worker_pool.cc:719: Job 01000000 already started in worker pool.
[2025-04-26 17:58:09,666 I 3064583 3064583] (raylet) main.cc:506: received SIGTERM. Existing local drain request = None
[2025-04-26 17:58:09,666 I 3064583 3064583] (raylet) main.cc:307: Raylet graceful shutdown triggered, reason = EXPECTED_TERMINATION, reason message = received SIGTERM
[2025-04-26 17:58:09,666 I 3064583 3064583] (raylet) main.cc:310: Shutting down...
[2025-04-26 17:58:09,666 I 3064583 3064583] (raylet) accessor.cc:511: Unregistering node node_id=4d670934c7bf15afa48febbecc3fb4f81a85f7b84f337d4f992dfcd1
[2025-04-26 17:58:09,668 I 3064583 3064583] (raylet) accessor.cc:524: Finished unregistering node info, status = OK node_id=4d670934c7bf15afa48febbecc3fb4f81a85f7b84f337d4f992dfcd1
[2025-04-26 17:58:09,675 I 3064583 3064583] (raylet) agent_manager.cc:113: Killing agent dashboard_agent/424238335, pid 3064687.
[2025-04-26 17:58:09,695 I 3064583 3064688] (raylet) agent_manager.cc:80: Agent process with name dashboard_agent/424238335 exited, exit code 0.
[2025-04-26 17:58:09,696 I 3064583 3064583] (raylet) agent_manager.cc:113: Killing agent runtime_env_agent, pid 3064689.
[2025-04-26 17:58:09,705 I 3064583 3064690] (raylet) agent_manager.cc:80: Agent process with name runtime_env_agent exited, exit code 0.
[2025-04-26 17:58:09,706 I 3064583 3064583] (raylet) io_service_pool.cc:47: IOServicePool is stopped.
[2025-04-26 17:58:09,892 I 3064583 3064583] (raylet) stats.h:120: Stats module has shutdown.
