[2025-04-26 12:57:43,541 I 2914975 2914975] (raylet) main.cc:226: Setting cluster ID to: f9ce127cbef3884e197681fae3f911e96e2d9ca6741a3652be50648d
[2025-04-26 12:57:43,549 I 2914975 2914975] (raylet) main.cc:341: Raylet is not set to kill unknown children.
[2025-04-26 12:57:43,550 I 2914975 2914975] (raylet) io_service_pool.cc:35: IOServicePool is running with 1 io_service.
[2025-04-26 12:57:43,550 I 2914975 2914975] (raylet) main.cc:471: Setting node ID node_id=b2f6017a409e78cb505b8258b0e2a7a4051fdd6258b642a2bccc3a93
[2025-04-26 12:57:43,550 I 2914975 2914975] (raylet) store_runner.cc:33: Allowing the Plasma store to use up to 36.4266GB of memory.
[2025-04-26 12:57:43,550 I 2914975 2914975] (raylet) store_runner.cc:49: Starting object store with directory /dev/shm, fallback /home/stud/wxie/EasyR1/ray, and huge page support disabled
[2025-04-26 12:57:43,551 I 2914975 2915003] (raylet) dlmalloc.cc:154: create_and_mmap_buffer(36426743816, /dev/shm/plasmaXXXXXX)
[2025-04-26 12:57:43,553 I 2914975 2915003] (raylet) store.cc:564: Plasma store debug dump: 
Current usage: 0 / 36.4266 GB
- num bytes created total: 0
0 pending objects of total size 0MB
- objects spillable: 0
- bytes spillable: 0
- objects unsealed: 0
- bytes unsealed: 0
- objects in use: 0
- bytes in use: 0
- objects evictable: 0
- bytes evictable: 0

- objects created by worker: 0
- bytes created by worker: 0
- objects restored: 0
- bytes restored: 0
- objects received: 0
- bytes received: 0
- objects errored: 0
- bytes errored: 0

[2025-04-26 12:57:44,555 I 2914975 2914975] (raylet) grpc_server.cc:135: ObjectManager server started, listening on port 40521.
[2025-04-26 12:57:44,558 I 2914975 2914975] (raylet) worker_killing_policy.cc:101: Running GroupByOwner policy.
[2025-04-26 12:57:44,558 W 2914975 2914975] (raylet) memory_monitor.cc:198: Got negative used memory for cgroup -1, setting it to zero
[2025-04-26 12:57:44,558 I 2914975 2914975] (raylet) memory_monitor.cc:48: MemoryMonitor initialized with usage threshold at 128114286592 bytes (0.95 system memory), total system memory bytes: 134857150464
[2025-04-26 12:57:44,558 I 2914975 2914975] (raylet) node_manager.cc:295: Initializing NodeManager node_id=b2f6017a409e78cb505b8258b0e2a7a4051fdd6258b642a2bccc3a93
[2025-04-26 12:57:44,559 I 2914975 2914975] (raylet) grpc_server.cc:135: NodeManager server started, listening on port 34941.
[2025-04-26 12:57:44,568 I 2914975 2915080] (raylet) agent_manager.cc:78: Monitor agent process with name dashboard_agent/424238335
[2025-04-26 12:57:44,568 I 2914975 2915082] (raylet) agent_manager.cc:78: Monitor agent process with name runtime_env_agent
[2025-04-26 12:57:44,571 I 2914975 2914975] (raylet) event.cc:500: Ray Event initialized for RAYLET
[2025-04-26 12:57:44,571 I 2914975 2914975] (raylet) event.cc:331: Set ray event level to warning
[2025-04-26 12:57:44,573 I 2914975 2914975] (raylet) raylet.cc:134: Raylet of id, b2f6017a409e78cb505b8258b0e2a7a4051fdd6258b642a2bccc3a93 started. Raylet consists of node_manager and object_manager. node_manager address: 10.153.51.195:34941 object_manager address: 10.153.51.195:40521 hostname: marajo
[2025-04-26 12:57:44,578 I 2914975 2914975] (raylet) node_manager.cc:532: [state-dump] NodeManager:
[state-dump] Node ID: b2f6017a409e78cb505b8258b0e2a7a4051fdd6258b642a2bccc3a93
[state-dump] Node name: 10.153.51.195
[state-dump] InitialConfigResources: {memory: 749954947080000, GPU: 10000, accelerator_type:H100: 10000, CPU: 320000, node:__internal_head__: 10000, object_store_memory: 364266405880000, node:10.153.51.195: 10000}
[state-dump] ClusterTaskManager:
[state-dump] ========== Node: b2f6017a409e78cb505b8258b0e2a7a4051fdd6258b642a2bccc3a93 =================
[state-dump] Infeasible queue length: 0
[state-dump] Schedule queue length: 0
[state-dump] Dispatch queue length: 0
[state-dump] num_waiting_for_resource: 0
[state-dump] num_waiting_for_plasma_memory: 0
[state-dump] num_waiting_for_remote_node_resources: 0
[state-dump] num_worker_not_started_by_job_config_not_exist: 0
[state-dump] num_worker_not_started_by_registration_timeout: 0
[state-dump] num_tasks_waiting_for_workers: 0
[state-dump] num_cancelled_tasks: 0
[state-dump] cluster_resource_scheduler state: 
[state-dump] Local id: 924014440710459439 Local resources: {"total":{node:10.153.51.195: [10000], memory: [749954947080000], CPU: [320000], GPU: [10000], accelerator_type:H100: [10000], object_store_memory: [364266405880000], node:__internal_head__: [10000]}}, "available": {node:10.153.51.195: [10000], memory: [749954947080000], CPU: [320000], GPU: [10000], accelerator_type:H100: [10000], object_store_memory: [364266405880000], node:__internal_head__: [10000]}}, "labels":{"ray.io/node_id":"b2f6017a409e78cb505b8258b0e2a7a4051fdd6258b642a2bccc3a93",} is_draining: 0 is_idle: 1 Cluster resources: node id: 924014440710459439{"total":{node:__internal_head__: 10000, GPU: 10000, accelerator_type:H100: 10000, CPU: 320000, object_store_memory: 364266405880000, node:10.153.51.195: 10000, memory: 749954947080000}}, "available": {node:__internal_head__: 10000, GPU: 10000, accelerator_type:H100: 10000, CPU: 320000, object_store_memory: 364266405880000, node:10.153.51.195: 10000, memory: 749954947080000}}, "labels":{"ray.io/node_id":"b2f6017a409e78cb505b8258b0e2a7a4051fdd6258b642a2bccc3a93",}, "is_draining": 0, "draining_deadline_timestamp_ms": -1} { "placment group locations": [], "node to bundles": []}
[state-dump] Waiting tasks size: 0
[state-dump] Number of executing tasks: 0
[state-dump] Number of pinned task arguments: 0
[state-dump] Number of total spilled tasks: 0
[state-dump] Number of spilled waiting tasks: 0
[state-dump] Number of spilled unschedulable tasks: 0
[state-dump] Resource usage {
[state-dump] }
[state-dump] Backlog Size per scheduling descriptor :{workerId: num backlogs}:
[state-dump] 
[state-dump] Running tasks by scheduling class:
[state-dump] ==================================================
[state-dump] 
[state-dump] ClusterResources:
[state-dump] LocalObjectManager:
[state-dump] - num pinned objects: 0
[state-dump] - pinned objects size: 0
[state-dump] - num objects pending restore: 0
[state-dump] - num objects pending spill: 0
[state-dump] - num bytes pending spill: 0
[state-dump] - num bytes currently spilled: 0
[state-dump] - cumulative spill requests: 0
[state-dump] - cumulative restore requests: 0
[state-dump] - spilled objects pending delete: 0
[state-dump] 
[state-dump] ObjectManager:
[state-dump] - num local objects: 0
[state-dump] - num unfulfilled push requests: 0
[state-dump] - num object pull requests: 0
[state-dump] - num chunks received total: 0
[state-dump] - num chunks received failed (all): 0
[state-dump] - num chunks received failed / cancelled: 0
[state-dump] - num chunks received failed / plasma error: 0
[state-dump] Event stats:
[state-dump] Global stats: 0 total (0 active)
[state-dump] Queueing time: mean = -nan s, max = -0.000 s, min = 9223372036.855 s, total = 0.000 s
[state-dump] Execution time:  mean = -nan s, total = 0.000 s
[state-dump] Event stats:
[state-dump] PushManager:
[state-dump] - num pushes in flight: 0
[state-dump] - num chunks in flight: 0
[state-dump] - num chunks remaining: 0
[state-dump] - max chunks allowed: 409
[state-dump] OwnershipBasedObjectDirectory:
[state-dump] - num listeners: 0
[state-dump] - cumulative location updates: 0
[state-dump] - num location updates per second: 31668737697718000.000
[state-dump] - num location lookups per second: 31668737697712000.000
[state-dump] - num locations added per second: 0.000
[state-dump] - num locations removed per second: 0.000
[state-dump] BufferPool:
[state-dump] - create buffer state map size: 0
[state-dump] PullManager:
[state-dump] - num bytes available for pulled objects: 36426640588
[state-dump] - num bytes being pulled (all): 0
[state-dump] - num bytes being pulled / pinned: 0
[state-dump] - get request bundles: BundlePullRequestQueue{0 total, 0 active, 0 inactive, 0 unpullable}
[state-dump] - wait request bundles: BundlePullRequestQueue{0 total, 0 active, 0 inactive, 0 unpullable}
[state-dump] - task request bundles: BundlePullRequestQueue{0 total, 0 active, 0 inactive, 0 unpullable}
[state-dump] - first get request bundle: N/A
[state-dump] - first wait request bundle: N/A
[state-dump] - first task request bundle: N/A
[state-dump] - num objects queued: 0
[state-dump] - num objects actively pulled (all): 0
[state-dump] - num objects actively pulled / pinned: 0
[state-dump] - num bundles being pulled: 0
[state-dump] - num pull retries: 0
[state-dump] - max timeout seconds: 0
[state-dump] - max timeout request is already processed. No entry.
[state-dump] 
[state-dump] WorkerPool:
[state-dump] - registered jobs: 0
[state-dump] - process_failed_job_config_missing: 0
[state-dump] - process_failed_rate_limited: 0
[state-dump] - process_failed_pending_registration: 0
[state-dump] - process_failed_runtime_env_setup_failed: 0
[state-dump] - num JAVA workers: 0
[state-dump] - num JAVA drivers: 0
[state-dump] - num JAVA pending start requests: 0
[state-dump] - num JAVA pending registration requests: 0
[state-dump] - num object spill callbacks queued: 0
[state-dump] - num object restore queued: 0
[state-dump] - num util functions queued: 0
[state-dump] - num PYTHON workers: 0
[state-dump] - num PYTHON drivers: 0
[state-dump] - num PYTHON pending start requests: 0
[state-dump] - num PYTHON pending registration requests: 0
[state-dump] - num object spill callbacks queued: 0
[state-dump] - num object restore queued: 0
[state-dump] - num util functions queued: 0
[state-dump] - num idle workers: 0
[state-dump] TaskDependencyManager:
[state-dump] - task deps map size: 0
[state-dump] - get req map size: 0
[state-dump] - wait req map size: 0
[state-dump] - local objects map size: 0
[state-dump] WaitManager:
[state-dump] - num active wait requests: 0
[state-dump] Subscriber:
[state-dump] Channel WORKER_OBJECT_EVICTION
[state-dump] - cumulative subscribe requests: 0
[state-dump] - cumulative unsubscribe requests: 0
[state-dump] - active subscribed publishers: 0
[state-dump] - cumulative published messages: 0
[state-dump] - cumulative processed messages: 0
[state-dump] Channel WORKER_REF_REMOVED_CHANNEL
[state-dump] - cumulative subscribe requests: 0
[state-dump] - cumulative unsubscribe requests: 0
[state-dump] - active subscribed publishers: 0
[state-dump] - cumulative published messages: 0
[state-dump] - cumulative processed messages: 0
[state-dump] Channel WORKER_OBJECT_LOCATIONS_CHANNEL
[state-dump] - cumulative subscribe requests: 0
[state-dump] - cumulative unsubscribe requests: 0
[state-dump] - active subscribed publishers: 0
[state-dump] - cumulative published messages: 0
[state-dump] - cumulative processed messages: 0
[state-dump] num async plasma notifications: 0
[state-dump] Remote node managers: 
[state-dump] Event stats:
[state-dump] Global stats: 28 total (13 active)
[state-dump] Queueing time: mean = 2.103 ms, max = 13.414 ms, min = 16.807 us, total = 58.880 ms
[state-dump] Execution time:  mean = 36.822 ms, total = 1.031 s
[state-dump] Event stats:
[state-dump] 	PeriodicalRunner.RunFnPeriodically - 11 total (2 active, 1 running), Execution time: mean = 356.129 us, total = 3.917 ms, Queueing time: mean = 5.344 ms, max = 13.414 ms, min = 33.916 us, total = 58.783 ms
[state-dump] 	ray::rpc::NodeInfoGcsService.grpc_client.RegisterNode - 1 total (0 active), Execution time: mean = 1.934 ms, total = 1.934 ms, Queueing time: mean = 0.000 s, max = -0.000 s, min = 9223372036.855 s, total = 0.000 s
[state-dump] 	ObjectManager.UpdateAvailableMemory - 1 total (0 active), Execution time: mean = 3.865 us, total = 3.865 us, Queueing time: mean = 19.073 us, max = 19.073 us, min = 19.073 us, total = 19.073 us
[state-dump] 	ray::rpc::InternalPubSubGcsService.grpc_client.GcsSubscriberCommandBatch - 1 total (0 active), Execution time: mean = 879.532 us, total = 879.532 us, Queueing time: mean = 0.000 s, max = -0.000 s, min = 9223372036.855 s, total = 0.000 s
[state-dump] 	NodeManager.deadline_timer.spill_objects_when_over_threshold - 1 total (1 active), Execution time: mean = 0.000 s, total = 0.000 s, Queueing time: mean = 0.000 s, max = -0.000 s, min = 9223372036.855 s, total = 0.000 s
[state-dump] 	NodeManager.deadline_timer.flush_free_objects - 1 total (1 active), Execution time: mean = 0.000 s, total = 0.000 s, Queueing time: mean = 0.000 s, max = -0.000 s, min = 9223372036.855 s, total = 0.000 s
[state-dump] 	ray::rpc::InternalKVGcsService.grpc_client.GetInternalConfig - 1 total (0 active), Execution time: mean = 1.469 ms, total = 1.469 ms, Queueing time: mean = 0.000 s, max = -0.000 s, min = 9223372036.855 s, total = 0.000 s
[state-dump] 	MemoryMonitor.CheckIsMemoryUsageAboveThreshold - 1 total (1 active), Execution time: mean = 0.000 s, total = 0.000 s, Queueing time: mean = 0.000 s, max = -0.000 s, min = 9223372036.855 s, total = 0.000 s
[state-dump] 	ray::rpc::InternalPubSubGcsService.grpc_client.GcsSubscriberCommandBatch.OnReplyReceived - 1 total (1 active), Execution time: mean = 0.000 s, total = 0.000 s, Queueing time: mean = 0.000 s, max = -0.000 s, min = 9223372036.855 s, total = 0.000 s
[state-dump] 	NodeManager.deadline_timer.debug_state_dump - 1 total (1 active), Execution time: mean = 0.000 s, total = 0.000 s, Queueing time: mean = 0.000 s, max = -0.000 s, min = 9223372036.855 s, total = 0.000 s
[state-dump] 	ray::rpc::InternalKVGcsService.grpc_client.GetInternalConfig.OnReplyReceived - 1 total (0 active), Execution time: mean = 1.023 s, total = 1.023 s, Queueing time: mean = 61.090 us, max = 61.090 us, min = 61.090 us, total = 61.090 us
[state-dump] 	NodeManager.ScheduleAndDispatchTasks - 1 total (1 active), Execution time: mean = 0.000 s, total = 0.000 s, Queueing time: mean = 0.000 s, max = -0.000 s, min = 9223372036.855 s, total = 0.000 s
[state-dump] 	ray::rpc::NodeInfoGcsService.grpc_client.RegisterNode.OnReplyReceived - 1 total (0 active), Execution time: mean = 299.858 us, total = 299.858 us, Queueing time: mean = 16.807 us, max = 16.807 us, min = 16.807 us, total = 16.807 us
[state-dump] 	NodeManager.deadline_timer.record_metrics - 1 total (1 active), Execution time: mean = 0.000 s, total = 0.000 s, Queueing time: mean = 0.000 s, max = -0.000 s, min = 9223372036.855 s, total = 0.000 s
[state-dump] 	RayletWorkerPool.deadline_timer.kill_idle_workers - 1 total (1 active), Execution time: mean = 0.000 s, total = 0.000 s, Queueing time: mean = 0.000 s, max = -0.000 s, min = 9223372036.855 s, total = 0.000 s
[state-dump] 	ray::rpc::InternalPubSubGcsService.grpc_client.GcsSubscriberPoll - 1 total (1 active), Execution time: mean = 0.000 s, total = 0.000 s, Queueing time: mean = 0.000 s, max = -0.000 s, min = 9223372036.855 s, total = 0.000 s
[state-dump] 	NodeManager.GCTaskFailureReason - 1 total (1 active), Execution time: mean = 0.000 s, total = 0.000 s, Queueing time: mean = 0.000 s, max = -0.000 s, min = 9223372036.855 s, total = 0.000 s
[state-dump] 	ClusterResourceManager.ResetRemoteNodeView - 1 total (1 active), Execution time: mean = 0.000 s, total = 0.000 s, Queueing time: mean = 0.000 s, max = -0.000 s, min = 9223372036.855 s, total = 0.000 s
[state-dump] DebugString() time ms: 0
[state-dump] 
[state-dump] 
[2025-04-26 12:57:44,579 I 2914975 2914975] (raylet) accessor.cc:777: Received notification for node, IsAlive = 1 node_id=b2f6017a409e78cb505b8258b0e2a7a4051fdd6258b642a2bccc3a93
[2025-04-26 12:57:44,613 I 2914975 2914975] (raylet) worker_pool.cc:729: [Eagerly] Start install runtime environment for job 01000000.
[2025-04-26 12:57:44,616 I 2914975 2914975] (raylet) worker_pool.cc:522: Started worker process with pid 2915104, the token is 0
[2025-04-26 12:57:44,619 I 2914975 2914975] (raylet) worker_pool.cc:522: Started worker process with pid 2915105, the token is 1
[2025-04-26 12:57:44,622 I 2914975 2914975] (raylet) worker_pool.cc:522: Started worker process with pid 2915106, the token is 2
[2025-04-26 12:57:44,625 I 2914975 2914975] (raylet) worker_pool.cc:522: Started worker process with pid 2915107, the token is 3
[2025-04-26 12:57:44,628 I 2914975 2914975] (raylet) worker_pool.cc:522: Started worker process with pid 2915108, the token is 4
[2025-04-26 12:57:44,631 I 2914975 2914975] (raylet) worker_pool.cc:522: Started worker process with pid 2915109, the token is 5
[2025-04-26 12:57:44,633 I 2914975 2914975] (raylet) worker_pool.cc:522: Started worker process with pid 2915110, the token is 6
[2025-04-26 12:57:44,636 I 2914975 2914975] (raylet) worker_pool.cc:522: Started worker process with pid 2915111, the token is 7
[2025-04-26 12:57:44,639 I 2914975 2914975] (raylet) worker_pool.cc:522: Started worker process with pid 2915112, the token is 8
[2025-04-26 12:57:44,642 I 2914975 2914975] (raylet) worker_pool.cc:522: Started worker process with pid 2915113, the token is 9
[2025-04-26 12:57:44,644 I 2914975 2914975] (raylet) worker_pool.cc:522: Started worker process with pid 2915114, the token is 10
[2025-04-26 12:57:44,648 I 2914975 2914975] (raylet) worker_pool.cc:522: Started worker process with pid 2915115, the token is 11
[2025-04-26 12:57:44,651 I 2914975 2914975] (raylet) worker_pool.cc:522: Started worker process with pid 2915116, the token is 12
[2025-04-26 12:57:44,655 I 2914975 2914975] (raylet) worker_pool.cc:522: Started worker process with pid 2915117, the token is 13
[2025-04-26 12:57:44,658 I 2914975 2914975] (raylet) worker_pool.cc:522: Started worker process with pid 2915118, the token is 14
[2025-04-26 12:57:44,662 I 2914975 2914975] (raylet) worker_pool.cc:522: Started worker process with pid 2915119, the token is 15
[2025-04-26 12:57:44,666 I 2914975 2914975] (raylet) worker_pool.cc:522: Started worker process with pid 2915120, the token is 16
[2025-04-26 12:57:44,669 I 2914975 2914975] (raylet) worker_pool.cc:522: Started worker process with pid 2915121, the token is 17
[2025-04-26 12:57:44,673 I 2914975 2914975] (raylet) worker_pool.cc:522: Started worker process with pid 2915122, the token is 18
[2025-04-26 12:57:44,688 I 2914975 2914975] (raylet) worker_pool.cc:522: Started worker process with pid 2915123, the token is 19
[2025-04-26 12:57:44,691 I 2914975 2914975] (raylet) worker_pool.cc:522: Started worker process with pid 2915124, the token is 20
[2025-04-26 12:57:44,694 I 2914975 2914975] (raylet) worker_pool.cc:522: Started worker process with pid 2915125, the token is 21
[2025-04-26 12:57:44,698 I 2914975 2914975] (raylet) worker_pool.cc:522: Started worker process with pid 2915126, the token is 22
[2025-04-26 12:57:44,701 I 2914975 2914975] (raylet) worker_pool.cc:522: Started worker process with pid 2915127, the token is 23
[2025-04-26 12:57:44,705 I 2914975 2914975] (raylet) worker_pool.cc:522: Started worker process with pid 2915128, the token is 24
[2025-04-26 12:57:44,709 I 2914975 2914975] (raylet) worker_pool.cc:522: Started worker process with pid 2915129, the token is 25
[2025-04-26 12:57:44,713 I 2914975 2914975] (raylet) worker_pool.cc:522: Started worker process with pid 2915130, the token is 26
[2025-04-26 12:57:44,717 I 2914975 2914975] (raylet) worker_pool.cc:522: Started worker process with pid 2915131, the token is 27
[2025-04-26 12:57:44,720 I 2914975 2914975] (raylet) worker_pool.cc:522: Started worker process with pid 2915132, the token is 28
[2025-04-26 12:57:44,724 I 2914975 2914975] (raylet) worker_pool.cc:522: Started worker process with pid 2915133, the token is 29
[2025-04-26 12:57:44,727 I 2914975 2914975] (raylet) worker_pool.cc:522: Started worker process with pid 2915134, the token is 30
[2025-04-26 12:57:44,731 I 2914975 2914975] (raylet) worker_pool.cc:522: Started worker process with pid 2915135, the token is 31
[2025-04-26 12:57:44,732 I 2914975 2914975] (raylet) runtime_env_agent_client.cc:340: Runtime Env Agent network error: NotFound: on_connect Connection refused, the server may be still starting or is already failed. Scheduling a retry in 1000ms...
[2025-04-26 12:57:45,424 I 2914975 2915003] (raylet) object_store.cc:35: Object store current usage 8e-09 / 36.4266 GB.
[2025-04-26 12:57:45,667 I 2914975 2914975] (raylet) worker_pool.cc:719: Job 01000000 already started in worker pool.
[2025-04-26 12:57:45,689 I 2914975 2914975] (raylet) runtime_env_agent_client.cc:383: Create runtime env for job 01000000
[2025-04-26 12:57:45,693 I 2914975 2914975] (raylet) worker_pool.cc:522: Started worker process with pid 2917019, the token is 32
[2025-04-26 12:57:45,735 I 2914975 2914975] (raylet) runtime_env_agent_client.cc:383: Create runtime env for job 01000000
[2025-04-26 12:57:45,735 I 2914975 2914975] (raylet) worker_pool.cc:740: [Eagerly] Create runtime env successful for job 01000000.
[2025-04-26 12:57:46,797 I 2914975 2914975] (raylet) node_manager.cc:1549: NodeManager::DisconnectClient, disconnect_type=1, has creation task exception = false
[2025-04-26 12:57:49,577 W 2914975 2914975] (raylet) memory_monitor.cc:198: Got negative used memory for cgroup -1, setting it to zero
[2025-04-26 12:57:54,583 W 2914975 2914975] (raylet) memory_monitor.cc:198: Got negative used memory for cgroup -1, setting it to zero
[2025-04-26 12:57:59,589 W 2914975 2914975] (raylet) memory_monitor.cc:198: Got negative used memory for cgroup -1, setting it to zero
[2025-04-26 12:58:04,595 W 2914975 2914975] (raylet) memory_monitor.cc:198: Got negative used memory for cgroup -1, setting it to zero
[2025-04-26 12:58:04,761 I 2914975 2914975] (raylet) node_manager.cc:1549: NodeManager::DisconnectClient, disconnect_type=3, has creation task exception = false
[2025-04-26 12:58:04,761 I 2914975 2914975] (raylet) node_manager.cc:1654: Driver (pid=2914584) is disconnected. worker_id=01000000ffffffffffffffffffffffffffffffffffffffffffffffff job_id=01000000
[2025-04-26 12:58:04,764 I 2914975 2914975] (raylet) node_manager.cc:1082: The leased worker 7d55c83da57f336ca351af43c6f0ac17868a61bcd5af35a3edc11125 is killed because the owner process 01000000ffffffffffffffffffffffffffffffffffffffffffffffff died.
[2025-04-26 12:58:04,765 I 2914975 2914975] (raylet) worker_pool.cc:719: Job 01000000 already started in worker pool.
[2025-04-26 12:58:04,765 I 2914975 2914975] (raylet) node_manager.cc:640: The leased worker  is killed because the job 01000000 finished. worker_id=7d55c83da57f336ca351af43c6f0ac17868a61bcd5af35a3edc11125
[2025-04-26 12:58:04,791 I 2914975 2914975] (raylet) node_manager.cc:1549: NodeManager::DisconnectClient, disconnect_type=1, has creation task exception = false
[2025-04-26 12:58:04,837 I 2914975 2914975] (raylet) main.cc:506: received SIGTERM. Existing local drain request = None
[2025-04-26 12:58:04,837 I 2914975 2914975] (raylet) main.cc:307: Raylet graceful shutdown triggered, reason = EXPECTED_TERMINATION, reason message = received SIGTERM
[2025-04-26 12:58:04,837 I 2914975 2914975] (raylet) main.cc:310: Shutting down...
[2025-04-26 12:58:04,837 I 2914975 2914975] (raylet) accessor.cc:511: Unregistering node node_id=b2f6017a409e78cb505b8258b0e2a7a4051fdd6258b642a2bccc3a93
[2025-04-26 12:58:04,839 I 2914975 2914975] (raylet) accessor.cc:524: Finished unregistering node info, status = OK node_id=b2f6017a409e78cb505b8258b0e2a7a4051fdd6258b642a2bccc3a93
[2025-04-26 12:58:04,842 I 2914975 2914975] (raylet) agent_manager.cc:113: Killing agent dashboard_agent/424238335, pid 2915079.
[2025-04-26 12:58:04,859 I 2914975 2915080] (raylet) agent_manager.cc:80: Agent process with name dashboard_agent/424238335 exited, exit code 0.
[2025-04-26 12:58:04,860 I 2914975 2914975] (raylet) agent_manager.cc:113: Killing agent runtime_env_agent, pid 2915081.
[2025-04-26 12:58:04,866 I 2914975 2915082] (raylet) agent_manager.cc:80: Agent process with name runtime_env_agent exited, exit code 0.
[2025-04-26 12:58:04,867 I 2914975 2914975] (raylet) io_service_pool.cc:47: IOServicePool is stopped.
[2025-04-26 12:58:04,877 I 2914975 2914975] (raylet) stats.h:120: Stats module has shutdown.
