[2025-05-04 16:11:31,655 I 1771766 1771766] (gcs_server) gcs_server_main.cc:95: Ray cluster metadata ray_version=2.43.0 ray_commit=ecdcdc6a6e63dc4bcd6ea16aae256ce4d32a7e2c
[2025-05-04 16:11:31,655 I 1771766 1771766] (gcs_server) io_service_pool.cc:35: IOServicePool is running with 1 io_service.
[2025-05-04 16:11:31,663 I 1771766 1771766] (gcs_server) event.cc:500: Ray Event initialized for GCS
[2025-05-04 16:11:31,666 I 1771766 1771766] (gcs_server) event.cc:500: Ray Event initialized for EXPORT_NODE
[2025-05-04 16:11:31,667 I 1771766 1771766] (gcs_server) event.cc:500: Ray Event initialized for EXPORT_ACTOR
[2025-05-04 16:11:31,668 I 1771766 1771766] (gcs_server) event.cc:500: Ray Event initialized for EXPORT_DRIVER_JOB
[2025-05-04 16:11:31,668 I 1771766 1771766] (gcs_server) event.cc:331: Set ray event level to warning
[2025-05-04 16:11:31,669 I 1771766 1771766] (gcs_server) gcs_server.cc:73: GCS storage type is StorageType::IN_MEMORY
[2025-05-04 16:11:31,669 I 1771766 1771766] (gcs_server) gcs_init_data.cc:42: Loading job table data.
[2025-05-04 16:11:31,669 I 1771766 1771766] (gcs_server) gcs_init_data.cc:52: Loading node table data.
[2025-05-04 16:11:31,669 I 1771766 1771766] (gcs_server) gcs_init_data.cc:74: Loading actor table data.
[2025-05-04 16:11:31,669 I 1771766 1771766] (gcs_server) gcs_init_data.cc:85: Loading actor task spec table data.
[2025-05-04 16:11:31,669 I 1771766 1771766] (gcs_server) gcs_init_data.cc:62: Loading placement group table data.
[2025-05-04 16:11:31,669 I 1771766 1771766] (gcs_server) gcs_init_data.cc:46: Finished loading job table data, size = 0
[2025-05-04 16:11:31,669 I 1771766 1771766] (gcs_server) gcs_init_data.cc:56: Finished loading node table data, size = 0
[2025-05-04 16:11:31,669 I 1771766 1771766] (gcs_server) gcs_init_data.cc:79: Finished loading actor table data, size = 0
[2025-05-04 16:11:31,669 I 1771766 1771766] (gcs_server) gcs_init_data.cc:90: Finished loading actor task spec table data, size = 0
[2025-05-04 16:11:31,669 I 1771766 1771766] (gcs_server) gcs_init_data.cc:68: Finished loading placement group table data, size = 0
[2025-05-04 16:11:31,669 I 1771766 1771766] (gcs_server) gcs_server.cc:157: No existing server cluster ID found. Generating new ID: 29f1b3eec0a8937337fdbf7c2e8dc89ed49353b4010966a9eacd131f
[2025-05-04 16:11:31,669 I 1771766 1771766] (gcs_server) gcs_server.cc:672: Autoscaler V2 enabled: 0
[2025-05-04 16:11:31,671 I 1771766 1771766] (gcs_server) grpc_server.cc:135: GcsServer server started, listening on port 60262.
[2025-05-04 16:11:31,753 I 1771766 1771766] (gcs_server) gcs_server.cc:245: Gcs Debug state:

GcsNodeManager: 
- RegisterNode request count: 0
- DrainNode request count: 0
- GetAllNodeInfo request count: 0

GcsActorManager: 
- RegisterActor request count: 0
- CreateActor request count: 0
- GetActorInfo request count: 0
- GetNamedActorInfo request count: 0
- GetAllActorInfo request count: 0
- KillActor request count: 0
- ListNamedActors request count: 0
- Registered actors count: 0
- Destroyed actors count: 0
- Named actors count: 0
- Unresolved actors count: 0
- Pending actors count: 0
- Created actors count: 0
- owners_: 0
- actor_to_register_callbacks_: 0
- actor_to_restart_callbacks_: 0
- actor_to_create_callbacks_: 0
- sorted_destroyed_actor_list_: 0

GcsResourceManager: 
- GetAllAvailableResources request count: 0
- GetAllTotalResources request count: 0
- GetAllResourceUsage request count: 0

GcsPlacementGroupManager: 
- CreatePlacementGroup request count: 0
- RemovePlacementGroup request count: 0
- GetPlacementGroup request count: 0
- GetAllPlacementGroup request count: 0
- WaitPlacementGroupUntilReady request count: 0
- GetNamedPlacementGroup request count: 0
- Scheduling pending placement group count: 0
- Registered placement groups count: 0
- Named placement group count: 0
- Pending placement groups count: 0
- Infeasible placement groups count: 0

Publisher:

[runtime env manager] ID to URIs table:
[runtime env manager] URIs reference table:

GcsTaskManager: 
-Total num task events reported: 0
-Total num status task events dropped: 0
-Total num profile events dropped: 0
-Current num of task events stored: 0
-Total num of actor creation tasks: 0
-Total num of actor tasks: 0
-Total num of normal tasks: 0
-Total num of driver tasks: 0

GcsAutoscalerStateManager: 
- last_seen_autoscaler_state_version_: 0
- last_cluster_resource_state_version_: 0
- pending demands:



[2025-05-04 16:11:31,754 I 1771766 1771766] (gcs_server) gcs_server.cc:870: Main service Event stats:


Global stats: 24 total (4 active)
Queueing time: mean = 32.068 ms, max = 84.173 ms, min = 54.000 ns, total = 769.643 ms
Execution time:  mean = 7.019 ms, total = 168.457 ms
Event stats:
	GcsInMemoryStore.Put - 8 total (0 active), Execution time: mean = 10.524 ms, total = 84.191 ms, Queueing time: mean = 73.357 ms, max = 83.972 ms, min = 2.269 us, total = 586.858 ms
	GcsInMemoryStore.GetAll - 5 total (0 active), Execution time: mean = 7.399 us, total = 36.997 us, Queueing time: mean = 24.403 us, max = 25.891 us, min = 22.979 us, total = 122.014 us
	PeriodicalRunner.RunFnPeriodically - 4 total (2 active, 1 running), Execution time: mean = 2.135 us, total = 8.538 us, Queueing time: mean = 42.074 ms, max = 84.173 ms, min = 84.122 ms, total = 168.296 ms
	event_loop_lag_probe - 2 total (0 active), Execution time: mean = 6.178 us, total = 12.357 us, Queueing time: mean = 7.177 ms, max = 14.309 ms, min = 43.675 us, total = 14.353 ms
	ClusterResourceManager.ResetRemoteNodeView - 1 total (1 active), Execution time: mean = 0.000 s, total = 0.000 s, Queueing time: mean = 0.000 s, max = -0.000 s, min = 9223372036.855 s, total = 0.000 s
	GcsInitData::AsyncLoad - 1 total (0 active), Execution time: mean = 14.648 us, total = 14.648 us, Queueing time: mean = 304.000 ns, max = 304.000 ns, min = 304.000 ns, total = 304.000 ns
	GcsServer.GetOrGenerateClusterId.continuation - 1 total (0 active), Execution time: mean = 84.179 ms, total = 84.179 ms, Queueing time: mean = 54.000 ns, max = 54.000 ns, min = 54.000 ns, total = 54.000 ns
	RayletLoadPulled - 1 total (1 active), Execution time: mean = 0.000 s, total = 0.000 s, Queueing time: mean = 0.000 s, max = -0.000 s, min = 9223372036.855 s, total = 0.000 s
	GcsInMemoryStore.Get - 1 total (0 active), Execution time: mean = 14.817 us, total = 14.817 us, Queueing time: mean = 14.189 us, max = 14.189 us, min = 14.189 us, total = 14.189 us


[2025-05-04 16:11:31,754 I 1771766 1771766] (gcs_server) gcs_server.cc:874: task_io_context Event stats:


Global stats: 4 total (1 active)
Queueing time: mean = 167.079 us, max = 615.421 us, min = 15.145 us, total = 668.316 us
Execution time:  mean = 75.198 us, total = 300.790 us
Event stats:
	event_loop_lag_probe - 2 total (0 active), Execution time: mean = 148.364 us, total = 296.728 us, Queueing time: mean = 326.586 us, max = 615.421 us, min = 37.750 us, total = 653.171 us
	PeriodicalRunner.RunFnPeriodically - 1 total (0 active), Execution time: mean = 4.062 us, total = 4.062 us, Queueing time: mean = 15.145 us, max = 15.145 us, min = 15.145 us, total = 15.145 us
	GcsTaskManager.GcJobSummary - 1 total (1 active), Execution time: mean = 0.000 s, total = 0.000 s, Queueing time: mean = 0.000 s, max = -0.000 s, min = 9223372036.855 s, total = 0.000 s


[2025-05-04 16:11:31,754 I 1771766 1771766] (gcs_server) gcs_server.cc:874: pubsub_io_context Event stats:


Global stats: 4 total (1 active)
Queueing time: mean = 258.796 us, max = 949.261 us, min = 20.175 us, total = 1.035 ms
Execution time:  mean = 29.333 us, total = 117.333 us
Event stats:
	event_loop_lag_probe - 2 total (0 active), Execution time: mean = 48.891 us, total = 97.781 us, Queueing time: mean = 484.718 us, max = 949.261 us, min = 20.175 us, total = 969.436 us
	PeriodicalRunner.RunFnPeriodically - 1 total (0 active), Execution time: mean = 19.552 us, total = 19.552 us, Queueing time: mean = 65.748 us, max = 65.748 us, min = 65.748 us, total = 65.748 us
	Publisher.CheckDeadSubscribers - 1 total (1 active), Execution time: mean = 0.000 s, total = 0.000 s, Queueing time: mean = 0.000 s, max = -0.000 s, min = 9223372036.855 s, total = 0.000 s


[2025-05-04 16:11:31,754 I 1771766 1771766] (gcs_server) gcs_server.cc:874: ray_syncer_io_context Event stats:


Global stats: 4 total (0 active)
Queueing time: mean = 99.333 us, max = 328.685 us, min = 20.329 us, total = 397.333 us
Execution time:  mean = 45.159 us, total = 180.637 us
Event stats:
	event_loop_lag_probe - 2 total (0 active), Execution time: mean = 88.870 us, total = 177.740 us, Queueing time: mean = 176.200 us, max = 328.685 us, min = 23.714 us, total = 352.399 us
	RaySyncerRegister - 2 total (0 active), Execution time: mean = 1.448 us, total = 2.897 us, Queueing time: mean = 22.467 us, max = 24.605 us, min = 20.329 us, total = 44.934 us


[2025-05-04 16:11:35,665 I 1771766 1771766] (gcs_server) gcs_node_manager.cc:88: Registering node info, address = 10.153.51.195, node name = 10.153.51.195 node_id=e7c2fd140ed3a3494572a9e9b75f2b09a5733905fe5f0266f654f7d6
[2025-05-04 16:11:35,665 I 1771766 1771766] (gcs_server) gcs_node_manager.cc:94: Finished registering node info, address = 10.153.51.195, node name = 10.153.51.195, is_head_node = 1 node_id=e7c2fd140ed3a3494572a9e9b75f2b09a5733905fe5f0266f654f7d6
[2025-05-04 16:11:35,665 I 1771766 1771766] (gcs_server) gcs_placement_group_manager.cc:830: A new node: e7c2fd140ed3a3494572a9e9b75f2b09a5733905fe5f0266f654f7d6 registered, will try to reschedule all the infeasible placement groups.
[2025-05-04 16:11:35,672 I 1771766 1771828] (gcs_server) ray_syncer.cc:244: Get connection node_id=e7c2fd140ed3a3494572a9e9b75f2b09a5733905fe5f0266f654f7d6
[2025-05-04 16:11:37,517 I 1771766 1771766] (gcs_server) gcs_job_manager.cc:90: Adding job, job id = 01000000, driver pid = 1771063
[2025-05-04 16:11:37,517 I 1771766 1771766] (gcs_server) gcs_job_manager.cc:111: Finished adding job, job id = 01000000, driver pid = 1771063
[2025-05-04 16:11:37,541 I 1771766 1771766] (gcs_server) gcs_actor_manager.cc:396: Registering actor job_id=01000000 actor_id=76c3f110b5fafa2e83ce4e8d01000000
[2025-05-04 16:11:37,542 I 1771766 1771766] (gcs_server) gcs_actor_manager.cc:401: Registered actor, job id = 01000000, actor id = 76c3f110b5fafa2e83ce4e8d01000000
[2025-05-04 16:11:37,543 I 1771766 1771766] (gcs_server) gcs_actor_manager.cc:482: Creating actor job_id=01000000 actor_id=76c3f110b5fafa2e83ce4e8d01000000
[2025-05-04 16:11:37,543 I 1771766 1771766] (gcs_server) gcs_actor_scheduler.cc:313: Start leasing worker from node e7c2fd140ed3a3494572a9e9b75f2b09a5733905fe5f0266f654f7d6 for actor 76c3f110b5fafa2e83ce4e8d01000000, job id = 01000000
[2025-05-04 16:11:37,544 I 1771766 1771766] (gcs_server) gcs_actor_scheduler.cc:634: Finished leasing worker from e7c2fd140ed3a3494572a9e9b75f2b09a5733905fe5f0266f654f7d6 for actor 76c3f110b5fafa2e83ce4e8d01000000, job id = 01000000
[2025-05-04 16:11:37,544 I 1771766 1771766] (gcs_server) gcs_actor_scheduler.cc:449: Start creating actor 76c3f110b5fafa2e83ce4e8d01000000 on worker a78c6ad3fa57fdba14cb7694cc8cc1b316986a37264b758d0585ccea at node e7c2fd140ed3a3494572a9e9b75f2b09a5733905fe5f0266f654f7d6, job id = 01000000
[2025-05-04 16:11:53,479 I 1771766 1771766] (gcs_server) gcs_actor_scheduler.cc:486: Finished actor creation task for actor 76c3f110b5fafa2e83ce4e8d01000000 on worker a78c6ad3fa57fdba14cb7694cc8cc1b316986a37264b758d0585ccea at node e7c2fd140ed3a3494572a9e9b75f2b09a5733905fe5f0266f654f7d6, job id = 01000000
[2025-05-04 16:11:53,479 I 1771766 1771766] (gcs_server) gcs_actor_manager.cc:1543: Actor created successfully job_id=01000000 actor_id=76c3f110b5fafa2e83ce4e8d01000000
[2025-05-04 16:11:53,480 I 1771766 1771766] (gcs_server) gcs_actor_manager.cc:497: Finished creating actor. Status: OK job_id=01000000 actor_id=76c3f110b5fafa2e83ce4e8d01000000
[2025-05-04 16:11:56,905 I 1771766 1771766] (gcs_server) gcs_actor_manager.cc:396: Registering actor job_id=01000000 actor_id=839483c4a71546941bbbdcf501000000
[2025-05-04 16:11:56,906 I 1771766 1771766] (gcs_server) gcs_actor_manager.cc:401: Registered actor, job id = 01000000, actor id = 839483c4a71546941bbbdcf501000000
[2025-05-04 16:11:56,908 I 1771766 1771766] (gcs_server) gcs_actor_manager.cc:482: Creating actor job_id=01000000 actor_id=839483c4a71546941bbbdcf501000000
[2025-05-04 16:11:56,908 I 1771766 1771766] (gcs_server) gcs_actor_scheduler.cc:313: Start leasing worker from node e7c2fd140ed3a3494572a9e9b75f2b09a5733905fe5f0266f654f7d6 for actor 839483c4a71546941bbbdcf501000000, job id = 01000000
[2025-05-04 16:11:56,910 I 1771766 1771766] (gcs_server) gcs_actor_scheduler.cc:634: Finished leasing worker from e7c2fd140ed3a3494572a9e9b75f2b09a5733905fe5f0266f654f7d6 for actor 839483c4a71546941bbbdcf501000000, job id = 01000000
[2025-05-04 16:11:56,910 I 1771766 1771766] (gcs_server) gcs_actor_scheduler.cc:449: Start creating actor 839483c4a71546941bbbdcf501000000 on worker b6b3e88a812cedb2b9817798ecb73ff1e6f8841a15cfdb2a31a41289 at node e7c2fd140ed3a3494572a9e9b75f2b09a5733905fe5f0266f654f7d6, job id = 01000000
[2025-05-04 16:11:57,050 I 1771766 1771766] (gcs_server) gcs_actor_manager.cc:396: Registering actor job_id=01000000 actor_id=f84cc681c75d0664df2522de01000000
[2025-05-04 16:11:57,051 I 1771766 1771766] (gcs_server) gcs_actor_manager.cc:401: Registered actor, job id = 01000000, actor id = f84cc681c75d0664df2522de01000000
[2025-05-04 16:11:57,052 I 1771766 1771766] (gcs_server) gcs_actor_manager.cc:482: Creating actor job_id=01000000 actor_id=f84cc681c75d0664df2522de01000000
[2025-05-04 16:11:57,053 I 1771766 1771766] (gcs_server) gcs_actor_scheduler.cc:313: Start leasing worker from node e7c2fd140ed3a3494572a9e9b75f2b09a5733905fe5f0266f654f7d6 for actor f84cc681c75d0664df2522de01000000, job id = 01000000
[2025-05-04 16:11:57,054 I 1771766 1771766] (gcs_server) gcs_actor_scheduler.cc:634: Finished leasing worker from e7c2fd140ed3a3494572a9e9b75f2b09a5733905fe5f0266f654f7d6 for actor f84cc681c75d0664df2522de01000000, job id = 01000000
[2025-05-04 16:11:57,055 I 1771766 1771766] (gcs_server) gcs_actor_scheduler.cc:449: Start creating actor f84cc681c75d0664df2522de01000000 on worker 756846b8d2589a9669e0eb1d4dc53f71728ca3cd86bfca6522ee0b6c at node e7c2fd140ed3a3494572a9e9b75f2b09a5733905fe5f0266f654f7d6, job id = 01000000
[2025-05-04 16:12:03,236 I 1771766 1771766] (gcs_server) gcs_actor_scheduler.cc:486: Finished actor creation task for actor 839483c4a71546941bbbdcf501000000 on worker b6b3e88a812cedb2b9817798ecb73ff1e6f8841a15cfdb2a31a41289 at node e7c2fd140ed3a3494572a9e9b75f2b09a5733905fe5f0266f654f7d6, job id = 01000000
[2025-05-04 16:12:03,236 I 1771766 1771766] (gcs_server) gcs_actor_manager.cc:1543: Actor created successfully job_id=01000000 actor_id=839483c4a71546941bbbdcf501000000
[2025-05-04 16:12:03,237 I 1771766 1771766] (gcs_server) gcs_actor_manager.cc:497: Finished creating actor. Status: OK job_id=01000000 actor_id=839483c4a71546941bbbdcf501000000
[2025-05-04 16:12:03,279 I 1771766 1771766] (gcs_server) gcs_actor_scheduler.cc:486: Finished actor creation task for actor f84cc681c75d0664df2522de01000000 on worker 756846b8d2589a9669e0eb1d4dc53f71728ca3cd86bfca6522ee0b6c at node e7c2fd140ed3a3494572a9e9b75f2b09a5733905fe5f0266f654f7d6, job id = 01000000
[2025-05-04 16:12:03,279 I 1771766 1771766] (gcs_server) gcs_actor_manager.cc:1543: Actor created successfully job_id=01000000 actor_id=f84cc681c75d0664df2522de01000000
[2025-05-04 16:12:03,280 I 1771766 1771766] (gcs_server) gcs_actor_manager.cc:497: Finished creating actor. Status: OK job_id=01000000 actor_id=f84cc681c75d0664df2522de01000000
[2025-05-04 16:12:04,537 I 1771766 1771766] (gcs_server) gcs_actor_manager.cc:1029: Destroying actor job_id=01000000 actor_id=839483c4a71546941bbbdcf501000000
[2025-05-04 16:12:04,538 I 1771766 1771766] (gcs_server) gcs_actor_manager.cc:1029: Destroying actor job_id=01000000 actor_id=f84cc681c75d0664df2522de01000000
[2025-05-04 16:12:04,539 I 1771766 1771766] (gcs_server) gcs_actor_manager.cc:1008: Actor 839483c4a71546941bbbdcf501000000 has no references, destroying actor, job id = 01000000
[2025-05-04 16:12:04,540 I 1771766 1771766] (gcs_server) gcs_actor_manager.cc:1008: Actor f84cc681c75d0664df2522de01000000 has no references, destroying actor, job id = 01000000
[2025-05-04 16:12:04,737 I 1771766 1771766] (gcs_server) gcs_actor_manager.cc:1008: Actor 76c3f110b5fafa2e83ce4e8d01000000 has no references, destroying actor, job id = 01000000
[2025-05-04 16:12:04,737 I 1771766 1771766] (gcs_server) gcs_actor_manager.cc:1029: Destroying actor job_id=01000000 actor_id=76c3f110b5fafa2e83ce4e8d01000000
[2025-05-04 16:12:04,738 I 1771766 1771766] (gcs_server) gcs_actor_manager.cc:384: The out of scope actor is already dead actor_id=76c3f110b5fafa2e83ce4e8d01000000
[2025-05-04 16:12:05,716 I 1771766 1771766] (gcs_server) gcs_job_manager.cc:149: Finished marking job state, job id = 01000000
[2025-05-04 16:12:05,760 I 1771766 1771766] (gcs_server) gcs_node_manager.cc:382: Removing node, node name = 10.153.51.195, death reason = EXPECTED_TERMINATION, death message = received SIGTERM node_id=e7c2fd140ed3a3494572a9e9b75f2b09a5733905fe5f0266f654f7d6
[2025-05-04 16:12:05,760 I 1771766 1771766] (gcs_server) gcs_placement_group_manager.cc:800: Node failed, rescheduling the placement groups on the dead node. node_id=e7c2fd140ed3a3494572a9e9b75f2b09a5733905fe5f0266f654f7d6
[2025-05-04 16:12:05,760 I 1771766 1771766] (gcs_server) gcs_actor_manager.cc:1282: Node failed, reconstructing actors. node_id=e7c2fd140ed3a3494572a9e9b75f2b09a5733905fe5f0266f654f7d6
[2025-05-04 16:12:05,760 I 1771766 1771766] (gcs_server) gcs_job_manager.cc:467: Node failed, mark all jobs from this node as finished node_id=e7c2fd140ed3a3494572a9e9b75f2b09a5733905fe5f0266f654f7d6
[2025-05-04 16:12:05,943 I 1771766 1771815] (gcs_server) ray_syncer_bidi_reactor_base.h:182: Failed to read the message from: e7c2fd140ed3a3494572a9e9b75f2b09a5733905fe5f0266f654f7d6
[2025-05-04 16:12:05,944 I 1771766 1771815] (gcs_server) ray_syncer.cc:241: Connection is broken. node_id=e7c2fd140ed3a3494572a9e9b75f2b09a5733905fe5f0266f654f7d6
[2025-05-04 16:12:05,974 I 1771766 1771766] (gcs_server) gcs_server_main.cc:175: GCS server received SIGTERM, shutting down...
[2025-05-04 16:12:05,975 I 1771766 1771766] (gcs_server) gcs_server.cc:267: Stopping GCS server.
[2025-05-04 16:12:06,001 I 1771766 1771766] (gcs_server) gcs_server.cc:284: GCS server stopped.
[2025-05-04 16:12:06,001 I 1771766 1771766] (gcs_server) io_service_pool.cc:47: IOServicePool is stopped.
[2025-05-04 16:12:06,101 I 1771766 1771766] (gcs_server) stats.h:120: Stats module has shutdown.
