[2025-05-04 16:11:34,632 I 1771982 1771982] (raylet) main.cc:226: Setting cluster ID to: 29f1b3eec0a8937337fdbf7c2e8dc89ed49353b4010966a9eacd131f
[2025-05-04 16:11:34,641 I 1771982 1771982] (raylet) main.cc:341: Raylet is not set to kill unknown children.
[2025-05-04 16:11:34,641 I 1771982 1771982] (raylet) io_service_pool.cc:35: IOServicePool is running with 1 io_service.
[2025-05-04 16:11:34,642 I 1771982 1771982] (raylet) main.cc:471: Setting node ID node_id=e7c2fd140ed3a3494572a9e9b75f2b09a5733905fe5f0266f654f7d6
[2025-05-04 16:11:34,642 I 1771982 1771982] (raylet) store_runner.cc:33: Allowing the Plasma store to use up to 31.9633GB of memory.
[2025-05-04 16:11:34,643 I 1771982 1771982] (raylet) store_runner.cc:49: Starting object store with directory /dev/shm, fallback /home/stud/wxie/EasyR1/ray, and huge page support disabled
[2025-05-04 16:11:34,643 I 1771982 1772010] (raylet) dlmalloc.cc:154: create_and_mmap_buffer(31963349000, /dev/shm/plasmaXXXXXX)
[2025-05-04 16:11:34,646 I 1771982 1772010] (raylet) store.cc:564: Plasma store debug dump: 
Current usage: 0 / 31.9633 GB
- num bytes created total: 0
0 pending objects of total size 0MB
- objects spillable: 0
- bytes spillable: 0
- objects unsealed: 0
- bytes unsealed: 0
- objects in use: 0
- bytes in use: 0
- objects evictable: 0
- bytes evictable: 0

- objects created by worker: 0
- bytes created by worker: 0
- objects restored: 0
- bytes restored: 0
- objects received: 0
- bytes received: 0
- objects errored: 0
- bytes errored: 0

[2025-05-04 16:11:35,648 I 1771982 1771982] (raylet) grpc_server.cc:135: ObjectManager server started, listening on port 34945.
[2025-05-04 16:11:35,651 I 1771982 1771982] (raylet) worker_killing_policy.cc:101: Running GroupByOwner policy.
[2025-05-04 16:11:35,651 W 1771982 1771982] (raylet) memory_monitor.cc:198: Got negative used memory for cgroup -1, setting it to zero
[2025-05-04 16:11:35,651 I 1771982 1771982] (raylet) memory_monitor.cc:48: MemoryMonitor initialized with usage threshold at 128114286592 bytes (0.95 system memory), total system memory bytes: 134857150464
[2025-05-04 16:11:35,652 I 1771982 1771982] (raylet) node_manager.cc:295: Initializing NodeManager node_id=e7c2fd140ed3a3494572a9e9b75f2b09a5733905fe5f0266f654f7d6
[2025-05-04 16:11:35,652 I 1771982 1771982] (raylet) grpc_server.cc:135: NodeManager server started, listening on port 42961.
[2025-05-04 16:11:35,662 I 1771982 1772087] (raylet) agent_manager.cc:78: Monitor agent process with name dashboard_agent/424238335
[2025-05-04 16:11:35,662 I 1771982 1772089] (raylet) agent_manager.cc:78: Monitor agent process with name runtime_env_agent
[2025-05-04 16:11:35,664 I 1771982 1771982] (raylet) event.cc:500: Ray Event initialized for RAYLET
[2025-05-04 16:11:35,664 I 1771982 1771982] (raylet) event.cc:331: Set ray event level to warning
[2025-05-04 16:11:35,666 I 1771982 1771982] (raylet) raylet.cc:134: Raylet of id, e7c2fd140ed3a3494572a9e9b75f2b09a5733905fe5f0266f654f7d6 started. Raylet consists of node_manager and object_manager. node_manager address: 10.153.51.195:42961 object_manager address: 10.153.51.195:34945 hostname: marajo
[2025-05-04 16:11:35,670 I 1771982 1771982] (raylet) node_manager.cc:532: [state-dump] NodeManager:
[state-dump] Node ID: e7c2fd140ed3a3494572a9e9b75f2b09a5733905fe5f0266f654f7d6
[state-dump] Node name: 10.153.51.195
[state-dump] InitialConfigResources: {node:__internal_head__: 10000, GPU: 10000, accelerator_type:H100: 10000, CPU: 320000, object_store_memory: 319633465340000, node:10.153.51.195: 10000, memory: 645811419140000}
[state-dump] ClusterTaskManager:
[state-dump] ========== Node: e7c2fd140ed3a3494572a9e9b75f2b09a5733905fe5f0266f654f7d6 =================
[state-dump] Infeasible queue length: 0
[state-dump] Schedule queue length: 0
[state-dump] Dispatch queue length: 0
[state-dump] num_waiting_for_resource: 0
[state-dump] num_waiting_for_plasma_memory: 0
[state-dump] num_waiting_for_remote_node_resources: 0
[state-dump] num_worker_not_started_by_job_config_not_exist: 0
[state-dump] num_worker_not_started_by_registration_timeout: 0
[state-dump] num_tasks_waiting_for_workers: 0
[state-dump] num_cancelled_tasks: 0
[state-dump] cluster_resource_scheduler state: 
[state-dump] Local id: 4790149297557900190 Local resources: {"total":{memory: [645811419140000], GPU: [10000], CPU: [320000], accelerator_type:H100: [10000], node:10.153.51.195: [10000], object_store_memory: [319633465340000], node:__internal_head__: [10000]}}, "available": {memory: [645811419140000], GPU: [10000], CPU: [320000], accelerator_type:H100: [10000], node:10.153.51.195: [10000], object_store_memory: [319633465340000], node:__internal_head__: [10000]}}, "labels":{"ray.io/node_id":"e7c2fd140ed3a3494572a9e9b75f2b09a5733905fe5f0266f654f7d6",} is_draining: 0 is_idle: 1 Cluster resources: node id: 4790149297557900190{"total":{node:__internal_head__: 10000, GPU: 10000, accelerator_type:H100: 10000, CPU: 320000, object_store_memory: 319633465340000, node:10.153.51.195: 10000, memory: 645811419140000}}, "available": {node:__internal_head__: 10000, GPU: 10000, accelerator_type:H100: 10000, CPU: 320000, object_store_memory: 319633465340000, node:10.153.51.195: 10000, memory: 645811419140000}}, "labels":{"ray.io/node_id":"e7c2fd140ed3a3494572a9e9b75f2b09a5733905fe5f0266f654f7d6",}, "is_draining": 0, "draining_deadline_timestamp_ms": -1} { "placment group locations": [], "node to bundles": []}
[state-dump] Waiting tasks size: 0
[state-dump] Number of executing tasks: 0
[state-dump] Number of pinned task arguments: 0
[state-dump] Number of total spilled tasks: 0
[state-dump] Number of spilled waiting tasks: 0
[state-dump] Number of spilled unschedulable tasks: 0
[state-dump] Resource usage {
[state-dump] }
[state-dump] Backlog Size per scheduling descriptor :{workerId: num backlogs}:
[state-dump] 
[state-dump] Running tasks by scheduling class:
[state-dump] ==================================================
[state-dump] 
[state-dump] ClusterResources:
[state-dump] LocalObjectManager:
[state-dump] - num pinned objects: 0
[state-dump] - pinned objects size: 0
[state-dump] - num objects pending restore: 0
[state-dump] - num objects pending spill: 0
[state-dump] - num bytes pending spill: 0
[state-dump] - num bytes currently spilled: 0
[state-dump] - cumulative spill requests: 0
[state-dump] - cumulative restore requests: 0
[state-dump] - spilled objects pending delete: 0
[state-dump] 
[state-dump] ObjectManager:
[state-dump] - num local objects: 0
[state-dump] - num unfulfilled push requests: 0
[state-dump] - num object pull requests: 0
[state-dump] - num chunks received total: 0
[state-dump] - num chunks received failed (all): 0
[state-dump] - num chunks received failed / cancelled: 0
[state-dump] - num chunks received failed / plasma error: 0
[state-dump] Event stats:
[state-dump] Global stats: 0 total (0 active)
[state-dump] Queueing time: mean = -nan s, max = -0.000 s, min = 9223372036.855 s, total = 0.000 s
[state-dump] Execution time:  mean = -nan s, total = 0.000 s
[state-dump] Event stats:
[state-dump] PushManager:
[state-dump] - num pushes in flight: 0
[state-dump] - num chunks in flight: 0
[state-dump] - num chunks remaining: 0
[state-dump] - max chunks allowed: 409
[state-dump] OwnershipBasedObjectDirectory:
[state-dump] - num listeners: 0
[state-dump] - cumulative location updates: 0
[state-dump] - num location updates per second: 32045161801654000.000
[state-dump] - num location lookups per second: 32045161801648000.000
[state-dump] - num locations added per second: 0.000
[state-dump] - num locations removed per second: 0.000
[state-dump] BufferPool:
[state-dump] - create buffer state map size: 0
[state-dump] PullManager:
[state-dump] - num bytes available for pulled objects: 31963346534
[state-dump] - num bytes being pulled (all): 0
[state-dump] - num bytes being pulled / pinned: 0
[state-dump] - get request bundles: BundlePullRequestQueue{0 total, 0 active, 0 inactive, 0 unpullable}
[state-dump] - wait request bundles: BundlePullRequestQueue{0 total, 0 active, 0 inactive, 0 unpullable}
[state-dump] - task request bundles: BundlePullRequestQueue{0 total, 0 active, 0 inactive, 0 unpullable}
[state-dump] - first get request bundle: N/A
[state-dump] - first wait request bundle: N/A
[state-dump] - first task request bundle: N/A
[state-dump] - num objects queued: 0
[state-dump] - num objects actively pulled (all): 0
[state-dump] - num objects actively pulled / pinned: 0
[state-dump] - num bundles being pulled: 0
[state-dump] - num pull retries: 0
[state-dump] - max timeout seconds: 0
[state-dump] - max timeout request is already processed. No entry.
[state-dump] 
[state-dump] WorkerPool:
[state-dump] - registered jobs: 0
[state-dump] - process_failed_job_config_missing: 0
[state-dump] - process_failed_rate_limited: 0
[state-dump] - process_failed_pending_registration: 0
[state-dump] - process_failed_runtime_env_setup_failed: 0
[state-dump] - num JAVA workers: 0
[state-dump] - num JAVA drivers: 0
[state-dump] - num JAVA pending start requests: 0
[state-dump] - num JAVA pending registration requests: 0
[state-dump] - num object spill callbacks queued: 0
[state-dump] - num object restore queued: 0
[state-dump] - num util functions queued: 0
[state-dump] - num PYTHON workers: 0
[state-dump] - num PYTHON drivers: 0
[state-dump] - num PYTHON pending start requests: 0
[state-dump] - num PYTHON pending registration requests: 0
[state-dump] - num object spill callbacks queued: 0
[state-dump] - num object restore queued: 0
[state-dump] - num util functions queued: 0
[state-dump] - num idle workers: 0
[state-dump] TaskDependencyManager:
[state-dump] - task deps map size: 0
[state-dump] - get req map size: 0
[state-dump] - wait req map size: 0
[state-dump] - local objects map size: 0
[state-dump] WaitManager:
[state-dump] - num active wait requests: 0
[state-dump] Subscriber:
[state-dump] Channel WORKER_OBJECT_EVICTION
[state-dump] - cumulative subscribe requests: 0
[state-dump] - cumulative unsubscribe requests: 0
[state-dump] - active subscribed publishers: 0
[state-dump] - cumulative published messages: 0
[state-dump] - cumulative processed messages: 0
[state-dump] Channel WORKER_REF_REMOVED_CHANNEL
[state-dump] - cumulative subscribe requests: 0
[state-dump] - cumulative unsubscribe requests: 0
[state-dump] - active subscribed publishers: 0
[state-dump] - cumulative published messages: 0
[state-dump] - cumulative processed messages: 0
[state-dump] Channel WORKER_OBJECT_LOCATIONS_CHANNEL
[state-dump] - cumulative subscribe requests: 0
[state-dump] - cumulative unsubscribe requests: 0
[state-dump] - active subscribed publishers: 0
[state-dump] - cumulative published messages: 0
[state-dump] - cumulative processed messages: 0
[state-dump] num async plasma notifications: 0
[state-dump] Remote node managers: 
[state-dump] Event stats:
[state-dump] Global stats: 28 total (13 active)
[state-dump] Queueing time: mean = 1.932 ms, max = 12.730 ms, min = 14.734 us, total = 54.082 ms
[state-dump] Execution time:  mean = 36.879 ms, total = 1.033 s
[state-dump] Event stats:
[state-dump] 	PeriodicalRunner.RunFnPeriodically - 11 total (2 active, 1 running), Execution time: mean = 348.898 us, total = 3.838 ms, Queueing time: mean = 4.911 ms, max = 12.730 ms, min = 18.570 us, total = 54.020 ms
[state-dump] 	ray::rpc::InternalKVGcsService.grpc_client.GetInternalConfig.OnReplyReceived - 1 total (0 active), Execution time: mean = 1.024 s, total = 1.024 s, Queueing time: mean = 23.432 us, max = 23.432 us, min = 23.432 us, total = 23.432 us
[state-dump] 	RayletWorkerPool.deadline_timer.kill_idle_workers - 1 total (1 active), Execution time: mean = 0.000 s, total = 0.000 s, Queueing time: mean = 0.000 s, max = -0.000 s, min = 9223372036.855 s, total = 0.000 s
[state-dump] 	NodeManager.deadline_timer.record_metrics - 1 total (1 active), Execution time: mean = 0.000 s, total = 0.000 s, Queueing time: mean = 0.000 s, max = -0.000 s, min = 9223372036.855 s, total = 0.000 s
[state-dump] 	NodeManager.deadline_timer.debug_state_dump - 1 total (1 active), Execution time: mean = 0.000 s, total = 0.000 s, Queueing time: mean = 0.000 s, max = -0.000 s, min = 9223372036.855 s, total = 0.000 s
[state-dump] 	ObjectManager.UpdateAvailableMemory - 1 total (0 active), Execution time: mean = 3.185 us, total = 3.185 us, Queueing time: mean = 23.552 us, max = 23.552 us, min = 23.552 us, total = 23.552 us
[state-dump] 	NodeManager.deadline_timer.spill_objects_when_over_threshold - 1 total (1 active), Execution time: mean = 0.000 s, total = 0.000 s, Queueing time: mean = 0.000 s, max = -0.000 s, min = 9223372036.855 s, total = 0.000 s
[state-dump] 	ray::rpc::InternalPubSubGcsService.grpc_client.GcsSubscriberCommandBatch.OnReplyReceived - 1 total (1 active), Execution time: mean = 0.000 s, total = 0.000 s, Queueing time: mean = 0.000 s, max = -0.000 s, min = 9223372036.855 s, total = 0.000 s
[state-dump] 	NodeManager.GCTaskFailureReason - 1 total (1 active), Execution time: mean = 0.000 s, total = 0.000 s, Queueing time: mean = 0.000 s, max = -0.000 s, min = 9223372036.855 s, total = 0.000 s
[state-dump] 	ray::rpc::NodeInfoGcsService.grpc_client.RegisterNode.OnReplyReceived - 1 total (0 active), Execution time: mean = 194.531 us, total = 194.531 us, Queueing time: mean = 14.734 us, max = 14.734 us, min = 14.734 us, total = 14.734 us
[state-dump] 	ClusterResourceManager.ResetRemoteNodeView - 1 total (1 active), Execution time: mean = 0.000 s, total = 0.000 s, Queueing time: mean = 0.000 s, max = -0.000 s, min = 9223372036.855 s, total = 0.000 s
[state-dump] 	ray::rpc::NodeInfoGcsService.grpc_client.RegisterNode - 1 total (0 active), Execution time: mean = 1.965 ms, total = 1.965 ms, Queueing time: mean = 0.000 s, max = -0.000 s, min = 9223372036.855 s, total = 0.000 s
[state-dump] 	ray::rpc::InternalKVGcsService.grpc_client.GetInternalConfig - 1 total (0 active), Execution time: mean = 1.540 ms, total = 1.540 ms, Queueing time: mean = 0.000 s, max = -0.000 s, min = 9223372036.855 s, total = 0.000 s
[state-dump] 	ray::rpc::InternalPubSubGcsService.grpc_client.GcsSubscriberCommandBatch - 1 total (0 active), Execution time: mean = 1.058 ms, total = 1.058 ms, Queueing time: mean = 0.000 s, max = -0.000 s, min = 9223372036.855 s, total = 0.000 s
[state-dump] 	ray::rpc::InternalPubSubGcsService.grpc_client.GcsSubscriberPoll - 1 total (1 active), Execution time: mean = 0.000 s, total = 0.000 s, Queueing time: mean = 0.000 s, max = -0.000 s, min = 9223372036.855 s, total = 0.000 s
[state-dump] 	MemoryMonitor.CheckIsMemoryUsageAboveThreshold - 1 total (1 active), Execution time: mean = 0.000 s, total = 0.000 s, Queueing time: mean = 0.000 s, max = -0.000 s, min = 9223372036.855 s, total = 0.000 s
[state-dump] 	NodeManager.deadline_timer.flush_free_objects - 1 total (1 active), Execution time: mean = 0.000 s, total = 0.000 s, Queueing time: mean = 0.000 s, max = -0.000 s, min = 9223372036.855 s, total = 0.000 s
[state-dump] 	NodeManager.ScheduleAndDispatchTasks - 1 total (1 active), Execution time: mean = 0.000 s, total = 0.000 s, Queueing time: mean = 0.000 s, max = -0.000 s, min = 9223372036.855 s, total = 0.000 s
[state-dump] DebugString() time ms: 0
[state-dump] 
[state-dump] 
[2025-05-04 16:11:35,671 I 1771982 1771982] (raylet) accessor.cc:777: Received notification for node, IsAlive = 1 node_id=e7c2fd140ed3a3494572a9e9b75f2b09a5733905fe5f0266f654f7d6
[2025-05-04 16:11:35,724 I 1771982 1771982] (raylet) worker_pool.cc:522: Started worker process with pid 1772110, the token is 0
[2025-05-04 16:11:35,730 I 1771982 1771982] (raylet) worker_pool.cc:522: Started worker process with pid 1772111, the token is 1
[2025-05-04 16:11:35,735 I 1771982 1771982] (raylet) worker_pool.cc:522: Started worker process with pid 1772112, the token is 2
[2025-05-04 16:11:35,740 I 1771982 1771982] (raylet) worker_pool.cc:522: Started worker process with pid 1772113, the token is 3
[2025-05-04 16:11:35,744 I 1771982 1771982] (raylet) worker_pool.cc:522: Started worker process with pid 1772114, the token is 4
[2025-05-04 16:11:35,749 I 1771982 1771982] (raylet) worker_pool.cc:522: Started worker process with pid 1772115, the token is 5
[2025-05-04 16:11:35,752 I 1771982 1771982] (raylet) worker_pool.cc:522: Started worker process with pid 1772116, the token is 6
[2025-05-04 16:11:35,758 I 1771982 1771982] (raylet) worker_pool.cc:522: Started worker process with pid 1772117, the token is 7
[2025-05-04 16:11:35,762 I 1771982 1771982] (raylet) worker_pool.cc:522: Started worker process with pid 1772118, the token is 8
[2025-05-04 16:11:35,765 I 1771982 1771982] (raylet) worker_pool.cc:522: Started worker process with pid 1772119, the token is 9
[2025-05-04 16:11:35,769 I 1771982 1771982] (raylet) worker_pool.cc:522: Started worker process with pid 1772120, the token is 10
[2025-05-04 16:11:35,773 I 1771982 1771982] (raylet) worker_pool.cc:522: Started worker process with pid 1772121, the token is 11
[2025-05-04 16:11:35,776 I 1771982 1771982] (raylet) worker_pool.cc:522: Started worker process with pid 1772122, the token is 12
[2025-05-04 16:11:35,791 I 1771982 1771982] (raylet) worker_pool.cc:522: Started worker process with pid 1772123, the token is 13
[2025-05-04 16:11:35,794 I 1771982 1771982] (raylet) worker_pool.cc:522: Started worker process with pid 1772124, the token is 14
[2025-05-04 16:11:35,798 I 1771982 1771982] (raylet) worker_pool.cc:522: Started worker process with pid 1772125, the token is 15
[2025-05-04 16:11:35,802 I 1771982 1771982] (raylet) worker_pool.cc:522: Started worker process with pid 1772126, the token is 16
[2025-05-04 16:11:35,805 I 1771982 1771982] (raylet) worker_pool.cc:522: Started worker process with pid 1772127, the token is 17
[2025-05-04 16:11:35,818 I 1771982 1771982] (raylet) worker_pool.cc:522: Started worker process with pid 1772128, the token is 18
[2025-05-04 16:11:35,822 I 1771982 1771982] (raylet) worker_pool.cc:522: Started worker process with pid 1772129, the token is 19
[2025-05-04 16:11:35,826 I 1771982 1771982] (raylet) worker_pool.cc:522: Started worker process with pid 1772130, the token is 20
[2025-05-04 16:11:35,829 I 1771982 1771982] (raylet) worker_pool.cc:522: Started worker process with pid 1772131, the token is 21
[2025-05-04 16:11:35,833 I 1771982 1771982] (raylet) worker_pool.cc:522: Started worker process with pid 1772132, the token is 22
[2025-05-04 16:11:35,836 I 1771982 1771982] (raylet) worker_pool.cc:522: Started worker process with pid 1772133, the token is 23
[2025-05-04 16:11:35,840 I 1771982 1771982] (raylet) worker_pool.cc:522: Started worker process with pid 1772134, the token is 24
[2025-05-04 16:11:35,875 I 1771982 1771982] (raylet) worker_pool.cc:522: Started worker process with pid 1772135, the token is 25
[2025-05-04 16:11:35,882 I 1771982 1771982] (raylet) worker_pool.cc:522: Started worker process with pid 1772136, the token is 26
[2025-05-04 16:11:35,889 I 1771982 1771982] (raylet) worker_pool.cc:522: Started worker process with pid 1772137, the token is 27
[2025-05-04 16:11:35,895 I 1771982 1771982] (raylet) worker_pool.cc:522: Started worker process with pid 1772138, the token is 28
[2025-05-04 16:11:35,899 I 1771982 1771982] (raylet) worker_pool.cc:522: Started worker process with pid 1772139, the token is 29
[2025-05-04 16:11:35,905 I 1771982 1771982] (raylet) worker_pool.cc:522: Started worker process with pid 1772140, the token is 30
[2025-05-04 16:11:35,915 I 1771982 1771982] (raylet) worker_pool.cc:522: Started worker process with pid 1772141, the token is 31
[2025-05-04 16:11:37,166 I 1771982 1772010] (raylet) object_store.cc:35: Object store current usage 8e-09 / 31.9633 GB.
[2025-05-04 16:11:37,518 I 1771982 1771982] (raylet) worker_pool.cc:719: Job 01000000 already started in worker pool.
[2025-05-04 16:11:40,674 W 1771982 1771982] (raylet) memory_monitor.cc:198: Got negative used memory for cgroup -1, setting it to zero
[2025-05-04 16:11:45,681 W 1771982 1771982] (raylet) memory_monitor.cc:198: Got negative used memory for cgroup -1, setting it to zero
[2025-05-04 16:11:50,687 W 1771982 1771982] (raylet) memory_monitor.cc:198: Got negative used memory for cgroup -1, setting it to zero
[2025-05-04 16:11:55,694 W 1771982 1771982] (raylet) memory_monitor.cc:198: Got negative used memory for cgroup -1, setting it to zero
[2025-05-04 16:11:56,935 I 1771982 1771982] (raylet) local_resource_manager.cc:292: Object store memory is not idle.
[2025-05-04 16:11:57,135 I 1771982 1771982] (raylet) local_resource_manager.cc:292: Object store memory is not idle.
[2025-05-04 16:12:00,700 W 1771982 1771982] (raylet) memory_monitor.cc:198: Got negative used memory for cgroup -1, setting it to zero
[2025-05-04 16:12:03,240 I 1771982 1771982] (raylet) local_resource_manager.cc:292: Object store memory is not idle.
[2025-05-04 16:12:03,341 I 1771982 1771982] (raylet) local_resource_manager.cc:288: Object store memory is idle.
[2025-05-04 16:12:04,552 I 1771982 1771982] (raylet) node_manager.cc:1549: NodeManager::DisconnectClient, disconnect_type=1, has creation task exception = false
[2025-05-04 16:12:04,556 I 1771982 1771982] (raylet) node_manager.cc:1549: NodeManager::DisconnectClient, disconnect_type=1, has creation task exception = false
[2025-05-04 16:12:04,838 I 1771982 1771982] (raylet) node_manager.cc:1549: NodeManager::DisconnectClient, disconnect_type=1, has creation task exception = false
[2025-05-04 16:12:05,707 W 1771982 1771982] (raylet) memory_monitor.cc:198: Got negative used memory for cgroup -1, setting it to zero
[2025-05-04 16:12:05,715 I 1771982 1771982] (raylet) node_manager.cc:1549: NodeManager::DisconnectClient, disconnect_type=3, has creation task exception = false
[2025-05-04 16:12:05,716 I 1771982 1771982] (raylet) node_manager.cc:1654: Driver (pid=1771063) is disconnected. worker_id=01000000ffffffffffffffffffffffffffffffffffffffffffffffff job_id=01000000
[2025-05-04 16:12:05,718 I 1771982 1771982] (raylet) worker_pool.cc:719: Job 01000000 already started in worker pool.
[2025-05-04 16:12:05,759 I 1771982 1771982] (raylet) main.cc:506: received SIGTERM. Existing local drain request = None
[2025-05-04 16:12:05,759 I 1771982 1771982] (raylet) main.cc:307: Raylet graceful shutdown triggered, reason = EXPECTED_TERMINATION, reason message = received SIGTERM
[2025-05-04 16:12:05,759 I 1771982 1771982] (raylet) main.cc:310: Shutting down...
[2025-05-04 16:12:05,759 I 1771982 1771982] (raylet) accessor.cc:511: Unregistering node node_id=e7c2fd140ed3a3494572a9e9b75f2b09a5733905fe5f0266f654f7d6
[2025-05-04 16:12:05,761 I 1771982 1771982] (raylet) accessor.cc:524: Finished unregistering node info, status = OK node_id=e7c2fd140ed3a3494572a9e9b75f2b09a5733905fe5f0266f654f7d6
[2025-05-04 16:12:05,766 I 1771982 1771982] (raylet) agent_manager.cc:113: Killing agent dashboard_agent/424238335, pid 1772086.
[2025-05-04 16:12:05,778 I 1771982 1772087] (raylet) agent_manager.cc:80: Agent process with name dashboard_agent/424238335 exited, exit code 0.
[2025-05-04 16:12:05,778 I 1771982 1771982] (raylet) agent_manager.cc:113: Killing agent runtime_env_agent, pid 1772088.
[2025-05-04 16:12:05,786 I 1771982 1772089] (raylet) agent_manager.cc:80: Agent process with name runtime_env_agent exited, exit code 0.
[2025-05-04 16:12:05,786 I 1771982 1771982] (raylet) io_service_pool.cc:47: IOServicePool is stopped.
[2025-05-04 16:12:05,878 I 1771982 1771982] (raylet) stats.h:120: Stats module has shutdown.
