[2025-04-26 13:21:17,809 I 2949982 2949982] (raylet) main.cc:226: Setting cluster ID to: 67d588502df768d33d756504d48b1a82daa4a91ee61c7e8a2ffcd846
[2025-04-26 13:21:17,817 I 2949982 2949982] (raylet) main.cc:341: Raylet is not set to kill unknown children.
[2025-04-26 13:21:17,817 I 2949982 2949982] (raylet) io_service_pool.cc:35: IOServicePool is running with 1 io_service.
[2025-04-26 13:21:17,817 I 2949982 2949982] (raylet) main.cc:471: Setting node ID node_id=3568e28bc5a6e46f13aa8ace8852fdb3e83ddc91701a0baaa7dd408b
[2025-04-26 13:21:17,818 I 2949982 2949982] (raylet) store_runner.cc:33: Allowing the Plasma store to use up to 36.4509GB of memory.
[2025-04-26 13:21:17,818 I 2949982 2949982] (raylet) store_runner.cc:49: Starting object store with directory /dev/shm, fallback /home/stud/wxie/EasyR1/ray, and huge page support disabled
[2025-04-26 13:21:17,818 I 2949982 2950010] (raylet) dlmalloc.cc:154: create_and_mmap_buffer(36450992136, /dev/shm/plasmaXXXXXX)
[2025-04-26 13:21:17,820 I 2949982 2950010] (raylet) store.cc:564: Plasma store debug dump: 
Current usage: 0 / 36.4509 GB
- num bytes created total: 0
0 pending objects of total size 0MB
- objects spillable: 0
- bytes spillable: 0
- objects unsealed: 0
- bytes unsealed: 0
- objects in use: 0
- bytes in use: 0
- objects evictable: 0
- bytes evictable: 0

- objects created by worker: 0
- bytes created by worker: 0
- objects restored: 0
- bytes restored: 0
- objects received: 0
- bytes received: 0
- objects errored: 0
- bytes errored: 0

[2025-04-26 13:21:18,823 I 2949982 2949982] (raylet) grpc_server.cc:135: ObjectManager server started, listening on port 33229.
[2025-04-26 13:21:18,826 I 2949982 2949982] (raylet) worker_killing_policy.cc:101: Running GroupByOwner policy.
[2025-04-26 13:21:18,826 W 2949982 2949982] (raylet) memory_monitor.cc:198: Got negative used memory for cgroup -1, setting it to zero
[2025-04-26 13:21:18,826 I 2949982 2949982] (raylet) memory_monitor.cc:48: MemoryMonitor initialized with usage threshold at 128114286592 bytes (0.95 system memory), total system memory bytes: 134857150464
[2025-04-26 13:21:18,826 I 2949982 2949982] (raylet) node_manager.cc:295: Initializing NodeManager node_id=3568e28bc5a6e46f13aa8ace8852fdb3e83ddc91701a0baaa7dd408b
[2025-04-26 13:21:18,827 I 2949982 2949982] (raylet) grpc_server.cc:135: NodeManager server started, listening on port 34841.
[2025-04-26 13:21:18,836 I 2949982 2950088] (raylet) agent_manager.cc:78: Monitor agent process with name dashboard_agent/424238335
[2025-04-26 13:21:18,836 I 2949982 2950090] (raylet) agent_manager.cc:78: Monitor agent process with name runtime_env_agent
[2025-04-26 13:21:18,838 I 2949982 2949982] (raylet) event.cc:500: Ray Event initialized for RAYLET
[2025-04-26 13:21:18,838 I 2949982 2949982] (raylet) event.cc:331: Set ray event level to warning
[2025-04-26 13:21:18,840 I 2949982 2949982] (raylet) raylet.cc:134: Raylet of id, 3568e28bc5a6e46f13aa8ace8852fdb3e83ddc91701a0baaa7dd408b started. Raylet consists of node_manager and object_manager. node_manager address: 10.153.51.195:34841 object_manager address: 10.153.51.195:33229 hostname: marajo
[2025-04-26 13:21:18,844 I 2949982 2949982] (raylet) node_manager.cc:532: [state-dump] NodeManager:
[state-dump] Node ID: 3568e28bc5a6e46f13aa8ace8852fdb3e83ddc91701a0baaa7dd408b
[state-dump] Node name: 10.153.51.195
[state-dump] InitialConfigResources: {CPU: 320000, node:10.153.51.195: 10000, memory: 750520674310000, node:__internal_head__: 10000, object_store_memory: 364508860410000, GPU: 10000, accelerator_type:H100: 10000}
[state-dump] ClusterTaskManager:
[state-dump] ========== Node: 3568e28bc5a6e46f13aa8ace8852fdb3e83ddc91701a0baaa7dd408b =================
[state-dump] Infeasible queue length: 0
[state-dump] Schedule queue length: 0
[state-dump] Dispatch queue length: 0
[state-dump] num_waiting_for_resource: 0
[state-dump] num_waiting_for_plasma_memory: 0
[state-dump] num_waiting_for_remote_node_resources: 0
[state-dump] num_worker_not_started_by_job_config_not_exist: 0
[state-dump] num_worker_not_started_by_registration_timeout: 0
[state-dump] num_tasks_waiting_for_workers: 0
[state-dump] num_cancelled_tasks: 0
[state-dump] cluster_resource_scheduler state: 
[state-dump] Local id: 8336645967737051693 Local resources: {"total":{node:10.153.51.195: [10000], object_store_memory: [364508860410000], node:__internal_head__: [10000], memory: [750520674310000], GPU: [10000], accelerator_type:H100: [10000], CPU: [320000]}}, "available": {node:10.153.51.195: [10000], object_store_memory: [364508860410000], node:__internal_head__: [10000], memory: [750520674310000], GPU: [10000], accelerator_type:H100: [10000], CPU: [320000]}}, "labels":{"ray.io/node_id":"3568e28bc5a6e46f13aa8ace8852fdb3e83ddc91701a0baaa7dd408b",} is_draining: 0 is_idle: 1 Cluster resources: node id: 8336645967737051693{"total":{CPU: 320000, node:10.153.51.195: 10000, memory: 750520674310000, object_store_memory: 364508860410000, node:__internal_head__: 10000, GPU: 10000, accelerator_type:H100: 10000}}, "available": {CPU: 320000, node:10.153.51.195: 10000, memory: 750520674310000, object_store_memory: 364508860410000, node:__internal_head__: 10000, GPU: 10000, accelerator_type:H100: 10000}}, "labels":{"ray.io/node_id":"3568e28bc5a6e46f13aa8ace8852fdb3e83ddc91701a0baaa7dd408b",}, "is_draining": 0, "draining_deadline_timestamp_ms": -1} { "placment group locations": [], "node to bundles": []}
[state-dump] Waiting tasks size: 0
[state-dump] Number of executing tasks: 0
[state-dump] Number of pinned task arguments: 0
[state-dump] Number of total spilled tasks: 0
[state-dump] Number of spilled waiting tasks: 0
[state-dump] Number of spilled unschedulable tasks: 0
[state-dump] Resource usage {
[state-dump] }
[state-dump] Backlog Size per scheduling descriptor :{workerId: num backlogs}:
[state-dump] 
[state-dump] Running tasks by scheduling class:
[state-dump] ==================================================
[state-dump] 
[state-dump] ClusterResources:
[state-dump] LocalObjectManager:
[state-dump] - num pinned objects: 0
[state-dump] - pinned objects size: 0
[state-dump] - num objects pending restore: 0
[state-dump] - num objects pending spill: 0
[state-dump] - num bytes pending spill: 0
[state-dump] - num bytes currently spilled: 0
[state-dump] - cumulative spill requests: 0
[state-dump] - cumulative restore requests: 0
[state-dump] - spilled objects pending delete: 0
[state-dump] 
[state-dump] ObjectManager:
[state-dump] - num local objects: 0
[state-dump] - num unfulfilled push requests: 0
[state-dump] - num object pull requests: 0
[state-dump] - num chunks received total: 0
[state-dump] - num chunks received failed (all): 0
[state-dump] - num chunks received failed / cancelled: 0
[state-dump] - num chunks received failed / plasma error: 0
[state-dump] Event stats:
[state-dump] Global stats: 0 total (0 active)
[state-dump] Queueing time: mean = -nan s, max = -0.000 s, min = 9223372036.855 s, total = 0.000 s
[state-dump] Execution time:  mean = -nan s, total = 0.000 s
[state-dump] Event stats:
[state-dump] PushManager:
[state-dump] - num pushes in flight: 0
[state-dump] - num chunks in flight: 0
[state-dump] - num chunks remaining: 0
[state-dump] - max chunks allowed: 409
[state-dump] OwnershipBasedObjectDirectory:
[state-dump] - num listeners: 0
[state-dump] - cumulative location updates: 0
[state-dump] - num location updates per second: 46255746091592000.000
[state-dump] - num location lookups per second: 46255746091584000.000
[state-dump] - num locations added per second: 0.000
[state-dump] - num locations removed per second: 0.000
[state-dump] BufferPool:
[state-dump] - create buffer state map size: 0
[state-dump] PullManager:
[state-dump] - num bytes available for pulled objects: 36450886041
[state-dump] - num bytes being pulled (all): 0
[state-dump] - num bytes being pulled / pinned: 0
[state-dump] - get request bundles: BundlePullRequestQueue{0 total, 0 active, 0 inactive, 0 unpullable}
[state-dump] - wait request bundles: BundlePullRequestQueue{0 total, 0 active, 0 inactive, 0 unpullable}
[state-dump] - task request bundles: BundlePullRequestQueue{0 total, 0 active, 0 inactive, 0 unpullable}
[state-dump] - first get request bundle: N/A
[state-dump] - first wait request bundle: N/A
[state-dump] - first task request bundle: N/A
[state-dump] - num objects queued: 0
[state-dump] - num objects actively pulled (all): 0
[state-dump] - num objects actively pulled / pinned: 0
[state-dump] - num bundles being pulled: 0
[state-dump] - num pull retries: 0
[state-dump] - max timeout seconds: 0
[state-dump] - max timeout request is already processed. No entry.
[state-dump] 
[state-dump] WorkerPool:
[state-dump] - registered jobs: 0
[state-dump] - process_failed_job_config_missing: 0
[state-dump] - process_failed_rate_limited: 0
[state-dump] - process_failed_pending_registration: 0
[state-dump] - process_failed_runtime_env_setup_failed: 0
[state-dump] - num JAVA workers: 0
[state-dump] - num JAVA drivers: 0
[state-dump] - num JAVA pending start requests: 0
[state-dump] - num JAVA pending registration requests: 0
[state-dump] - num object spill callbacks queued: 0
[state-dump] - num object restore queued: 0
[state-dump] - num util functions queued: 0
[state-dump] - num PYTHON workers: 0
[state-dump] - num PYTHON drivers: 0
[state-dump] - num PYTHON pending start requests: 0
[state-dump] - num PYTHON pending registration requests: 0
[state-dump] - num object spill callbacks queued: 0
[state-dump] - num object restore queued: 0
[state-dump] - num util functions queued: 0
[state-dump] - num idle workers: 0
[state-dump] TaskDependencyManager:
[state-dump] - task deps map size: 0
[state-dump] - get req map size: 0
[state-dump] - wait req map size: 0
[state-dump] - local objects map size: 0
[state-dump] WaitManager:
[state-dump] - num active wait requests: 0
[state-dump] Subscriber:
[state-dump] Channel WORKER_OBJECT_EVICTION
[state-dump] - cumulative subscribe requests: 0
[state-dump] - cumulative unsubscribe requests: 0
[state-dump] - active subscribed publishers: 0
[state-dump] - cumulative published messages: 0
[state-dump] - cumulative processed messages: 0
[state-dump] Channel WORKER_REF_REMOVED_CHANNEL
[state-dump] - cumulative subscribe requests: 0
[state-dump] - cumulative unsubscribe requests: 0
[state-dump] - active subscribed publishers: 0
[state-dump] - cumulative published messages: 0
[state-dump] - cumulative processed messages: 0
[state-dump] Channel WORKER_OBJECT_LOCATIONS_CHANNEL
[state-dump] - cumulative subscribe requests: 0
[state-dump] - cumulative unsubscribe requests: 0
[state-dump] - active subscribed publishers: 0
[state-dump] - cumulative published messages: 0
[state-dump] - cumulative processed messages: 0
[state-dump] num async plasma notifications: 0
[state-dump] Remote node managers: 
[state-dump] Event stats:
[state-dump] Global stats: 28 total (13 active)
[state-dump] Queueing time: mean = 1.923 ms, max = 12.750 ms, min = 15.924 us, total = 53.838 ms
[state-dump] Execution time:  mean = 36.786 ms, total = 1.030 s
[state-dump] Event stats:
[state-dump] 	PeriodicalRunner.RunFnPeriodically - 11 total (2 active, 1 running), Execution time: mean = 341.344 us, total = 3.755 ms, Queueing time: mean = 4.889 ms, max = 12.750 ms, min = 26.124 us, total = 53.778 ms
[state-dump] 	ray::rpc::InternalKVGcsService.grpc_client.GetInternalConfig - 1 total (0 active), Execution time: mean = 1.417 ms, total = 1.417 ms, Queueing time: mean = 0.000 s, max = -0.000 s, min = 9223372036.855 s, total = 0.000 s
[state-dump] 	ray::rpc::InternalPubSubGcsService.grpc_client.GcsSubscriberCommandBatch.OnReplyReceived - 1 total (1 active), Execution time: mean = 0.000 s, total = 0.000 s, Queueing time: mean = 0.000 s, max = -0.000 s, min = 9223372036.855 s, total = 0.000 s
[state-dump] 	ray::rpc::NodeInfoGcsService.grpc_client.RegisterNode.OnReplyReceived - 1 total (0 active), Execution time: mean = 274.053 us, total = 274.053 us, Queueing time: mean = 15.924 us, max = 15.924 us, min = 15.924 us, total = 15.924 us
[state-dump] 	MemoryMonitor.CheckIsMemoryUsageAboveThreshold - 1 total (1 active), Execution time: mean = 0.000 s, total = 0.000 s, Queueing time: mean = 0.000 s, max = -0.000 s, min = 9223372036.855 s, total = 0.000 s
[state-dump] 	NodeManager.ScheduleAndDispatchTasks - 1 total (1 active), Execution time: mean = 0.000 s, total = 0.000 s, Queueing time: mean = 0.000 s, max = -0.000 s, min = 9223372036.855 s, total = 0.000 s
[state-dump] 	ClusterResourceManager.ResetRemoteNodeView - 1 total (1 active), Execution time: mean = 0.000 s, total = 0.000 s, Queueing time: mean = 0.000 s, max = -0.000 s, min = 9223372036.855 s, total = 0.000 s
[state-dump] 	ray::rpc::InternalPubSubGcsService.grpc_client.GcsSubscriberCommandBatch - 1 total (0 active), Execution time: mean = 1.015 ms, total = 1.015 ms, Queueing time: mean = 0.000 s, max = -0.000 s, min = 9223372036.855 s, total = 0.000 s
[state-dump] 	NodeManager.deadline_timer.spill_objects_when_over_threshold - 1 total (1 active), Execution time: mean = 0.000 s, total = 0.000 s, Queueing time: mean = 0.000 s, max = -0.000 s, min = 9223372036.855 s, total = 0.000 s
[state-dump] 	ObjectManager.UpdateAvailableMemory - 1 total (0 active), Execution time: mean = 3.671 us, total = 3.671 us, Queueing time: mean = 24.670 us, max = 24.670 us, min = 24.670 us, total = 24.670 us
[state-dump] 	ray::rpc::NodeInfoGcsService.grpc_client.RegisterNode - 1 total (0 active), Execution time: mean = 1.438 ms, total = 1.438 ms, Queueing time: mean = 0.000 s, max = -0.000 s, min = 9223372036.855 s, total = 0.000 s
[state-dump] 	NodeManager.deadline_timer.flush_free_objects - 1 total (1 active), Execution time: mean = 0.000 s, total = 0.000 s, Queueing time: mean = 0.000 s, max = -0.000 s, min = 9223372036.855 s, total = 0.000 s
[state-dump] 	NodeManager.deadline_timer.record_metrics - 1 total (1 active), Execution time: mean = 0.000 s, total = 0.000 s, Queueing time: mean = 0.000 s, max = -0.000 s, min = 9223372036.855 s, total = 0.000 s
[state-dump] 	NodeManager.GCTaskFailureReason - 1 total (1 active), Execution time: mean = 0.000 s, total = 0.000 s, Queueing time: mean = 0.000 s, max = -0.000 s, min = 9223372036.855 s, total = 0.000 s
[state-dump] 	RayletWorkerPool.deadline_timer.kill_idle_workers - 1 total (1 active), Execution time: mean = 0.000 s, total = 0.000 s, Queueing time: mean = 0.000 s, max = -0.000 s, min = 9223372036.855 s, total = 0.000 s
[state-dump] 	NodeManager.deadline_timer.debug_state_dump - 1 total (1 active), Execution time: mean = 0.000 s, total = 0.000 s, Queueing time: mean = 0.000 s, max = -0.000 s, min = 9223372036.855 s, total = 0.000 s
[state-dump] 	ray::rpc::InternalKVGcsService.grpc_client.GetInternalConfig.OnReplyReceived - 1 total (0 active), Execution time: mean = 1.022 s, total = 1.022 s, Queueing time: mean = 19.635 us, max = 19.635 us, min = 19.635 us, total = 19.635 us
[state-dump] 	ray::rpc::InternalPubSubGcsService.grpc_client.GcsSubscriberPoll - 1 total (1 active), Execution time: mean = 0.000 s, total = 0.000 s, Queueing time: mean = 0.000 s, max = -0.000 s, min = 9223372036.855 s, total = 0.000 s
[state-dump] DebugString() time ms: 1
[state-dump] 
[state-dump] 
[2025-04-26 13:21:18,846 I 2949982 2949982] (raylet) accessor.cc:777: Received notification for node, IsAlive = 1 node_id=3568e28bc5a6e46f13aa8ace8852fdb3e83ddc91701a0baaa7dd408b
[2025-04-26 13:21:18,892 I 2949982 2949982] (raylet) worker_pool.cc:729: [Eagerly] Start install runtime environment for job 01000000.
[2025-04-26 13:21:18,896 I 2949982 2949982] (raylet) worker_pool.cc:522: Started worker process with pid 2950112, the token is 0
[2025-04-26 13:21:18,900 I 2949982 2949982] (raylet) worker_pool.cc:522: Started worker process with pid 2950113, the token is 1
[2025-04-26 13:21:18,903 I 2949982 2949982] (raylet) worker_pool.cc:522: Started worker process with pid 2950114, the token is 2
[2025-04-26 13:21:18,905 I 2949982 2949982] (raylet) worker_pool.cc:522: Started worker process with pid 2950115, the token is 3
[2025-04-26 13:21:18,909 I 2949982 2949982] (raylet) worker_pool.cc:522: Started worker process with pid 2950116, the token is 4
[2025-04-26 13:21:18,912 I 2949982 2949982] (raylet) worker_pool.cc:522: Started worker process with pid 2950117, the token is 5
[2025-04-26 13:21:18,914 I 2949982 2949982] (raylet) worker_pool.cc:522: Started worker process with pid 2950118, the token is 6
[2025-04-26 13:21:18,918 I 2949982 2949982] (raylet) worker_pool.cc:522: Started worker process with pid 2950119, the token is 7
[2025-04-26 13:21:18,921 I 2949982 2949982] (raylet) worker_pool.cc:522: Started worker process with pid 2950120, the token is 8
[2025-04-26 13:21:18,924 I 2949982 2949982] (raylet) worker_pool.cc:522: Started worker process with pid 2950121, the token is 9
[2025-04-26 13:21:18,927 I 2949982 2949982] (raylet) worker_pool.cc:522: Started worker process with pid 2950122, the token is 10
[2025-04-26 13:21:18,930 I 2949982 2949982] (raylet) worker_pool.cc:522: Started worker process with pid 2950123, the token is 11
[2025-04-26 13:21:18,933 I 2949982 2949982] (raylet) worker_pool.cc:522: Started worker process with pid 2950124, the token is 12
[2025-04-26 13:21:18,936 I 2949982 2949982] (raylet) worker_pool.cc:522: Started worker process with pid 2950125, the token is 13
[2025-04-26 13:21:18,939 I 2949982 2949982] (raylet) worker_pool.cc:522: Started worker process with pid 2950126, the token is 14
[2025-04-26 13:21:18,942 I 2949982 2949982] (raylet) worker_pool.cc:522: Started worker process with pid 2950127, the token is 15
[2025-04-26 13:21:18,945 I 2949982 2949982] (raylet) worker_pool.cc:522: Started worker process with pid 2950128, the token is 16
[2025-04-26 13:21:18,948 I 2949982 2949982] (raylet) worker_pool.cc:522: Started worker process with pid 2950129, the token is 17
[2025-04-26 13:21:18,951 I 2949982 2949982] (raylet) worker_pool.cc:522: Started worker process with pid 2950130, the token is 18
[2025-04-26 13:21:18,964 I 2949982 2949982] (raylet) worker_pool.cc:522: Started worker process with pid 2950131, the token is 19
[2025-04-26 13:21:18,967 I 2949982 2949982] (raylet) worker_pool.cc:522: Started worker process with pid 2950132, the token is 20
[2025-04-26 13:21:18,970 I 2949982 2949982] (raylet) worker_pool.cc:522: Started worker process with pid 2950133, the token is 21
[2025-04-26 13:21:18,973 I 2949982 2949982] (raylet) worker_pool.cc:522: Started worker process with pid 2950134, the token is 22
[2025-04-26 13:21:18,976 I 2949982 2949982] (raylet) worker_pool.cc:522: Started worker process with pid 2950135, the token is 23
[2025-04-26 13:21:18,981 I 2949982 2949982] (raylet) worker_pool.cc:522: Started worker process with pid 2950136, the token is 24
[2025-04-26 13:21:18,985 I 2949982 2949982] (raylet) worker_pool.cc:522: Started worker process with pid 2950137, the token is 25
[2025-04-26 13:21:18,989 I 2949982 2949982] (raylet) worker_pool.cc:522: Started worker process with pid 2950138, the token is 26
[2025-04-26 13:21:18,994 I 2949982 2949982] (raylet) worker_pool.cc:522: Started worker process with pid 2950139, the token is 27
[2025-04-26 13:21:18,998 I 2949982 2949982] (raylet) worker_pool.cc:522: Started worker process with pid 2950140, the token is 28
[2025-04-26 13:21:19,002 I 2949982 2949982] (raylet) worker_pool.cc:522: Started worker process with pid 2950141, the token is 29
[2025-04-26 13:21:19,006 I 2949982 2949982] (raylet) worker_pool.cc:522: Started worker process with pid 2950142, the token is 30
[2025-04-26 13:21:19,011 I 2949982 2949982] (raylet) worker_pool.cc:522: Started worker process with pid 2950143, the token is 31
[2025-04-26 13:21:19,012 I 2949982 2949982] (raylet) runtime_env_agent_client.cc:340: Runtime Env Agent network error: NotFound: on_connect Connection refused, the server may be still starting or is already failed. Scheduling a retry in 1000ms...
[2025-04-26 13:21:19,735 I 2949982 2950010] (raylet) object_store.cc:35: Object store current usage 8e-09 / 36.4509 GB.
[2025-04-26 13:21:19,951 I 2949982 2949982] (raylet) worker_pool.cc:719: Job 01000000 already started in worker pool.
[2025-04-26 13:21:19,976 I 2949982 2949982] (raylet) runtime_env_agent_client.cc:383: Create runtime env for job 01000000
[2025-04-26 13:21:19,979 I 2949982 2949982] (raylet) worker_pool.cc:522: Started worker process with pid 2952021, the token is 32
[2025-04-26 13:21:20,015 I 2949982 2949982] (raylet) runtime_env_agent_client.cc:383: Create runtime env for job 01000000
[2025-04-26 13:21:20,015 I 2949982 2949982] (raylet) worker_pool.cc:740: [Eagerly] Create runtime env successful for job 01000000.
[2025-04-26 13:21:21,053 I 2949982 2949982] (raylet) node_manager.cc:1549: NodeManager::DisconnectClient, disconnect_type=1, has creation task exception = false
[2025-04-26 13:21:23,845 W 2949982 2949982] (raylet) memory_monitor.cc:198: Got negative used memory for cgroup -1, setting it to zero
[2025-04-26 13:21:28,852 W 2949982 2949982] (raylet) memory_monitor.cc:198: Got negative used memory for cgroup -1, setting it to zero
[2025-04-26 13:21:33,859 W 2949982 2949982] (raylet) memory_monitor.cc:198: Got negative used memory for cgroup -1, setting it to zero
[2025-04-26 13:21:38,865 W 2949982 2949982] (raylet) memory_monitor.cc:198: Got negative used memory for cgroup -1, setting it to zero
[2025-04-26 13:21:43,871 W 2949982 2949982] (raylet) memory_monitor.cc:198: Got negative used memory for cgroup -1, setting it to zero
[2025-04-26 13:21:48,878 W 2949982 2949982] (raylet) memory_monitor.cc:198: Got negative used memory for cgroup -1, setting it to zero
[2025-04-26 13:21:53,885 W 2949982 2949982] (raylet) memory_monitor.cc:198: Got negative used memory for cgroup -1, setting it to zero
[2025-04-26 13:21:58,891 W 2949982 2949982] (raylet) memory_monitor.cc:198: Got negative used memory for cgroup -1, setting it to zero
[2025-04-26 13:22:03,897 W 2949982 2949982] (raylet) memory_monitor.cc:198: Got negative used memory for cgroup -1, setting it to zero
[2025-04-26 13:22:08,903 W 2949982 2949982] (raylet) memory_monitor.cc:198: Got negative used memory for cgroup -1, setting it to zero
[2025-04-26 13:22:09,368 I 2949982 2949982] (raylet) node_manager.cc:1549: NodeManager::DisconnectClient, disconnect_type=1, has creation task exception = false
[2025-04-26 13:22:09,903 I 2949982 2949982] (raylet) node_manager.cc:1549: NodeManager::DisconnectClient, disconnect_type=3, has creation task exception = false
[2025-04-26 13:22:09,904 I 2949982 2949982] (raylet) node_manager.cc:1654: Driver (pid=2949589) is disconnected. worker_id=01000000ffffffffffffffffffffffffffffffffffffffffffffffff job_id=01000000
[2025-04-26 13:22:09,906 I 2949982 2949982] (raylet) worker_pool.cc:719: Job 01000000 already started in worker pool.
[2025-04-26 13:22:09,944 I 2949982 2949982] (raylet) main.cc:506: received SIGTERM. Existing local drain request = None
[2025-04-26 13:22:09,944 I 2949982 2949982] (raylet) main.cc:307: Raylet graceful shutdown triggered, reason = EXPECTED_TERMINATION, reason message = received SIGTERM
[2025-04-26 13:22:09,944 I 2949982 2949982] (raylet) main.cc:310: Shutting down...
[2025-04-26 13:22:09,944 I 2949982 2949982] (raylet) accessor.cc:511: Unregistering node node_id=3568e28bc5a6e46f13aa8ace8852fdb3e83ddc91701a0baaa7dd408b
[2025-04-26 13:22:09,946 I 2949982 2949982] (raylet) accessor.cc:524: Finished unregistering node info, status = OK node_id=3568e28bc5a6e46f13aa8ace8852fdb3e83ddc91701a0baaa7dd408b
[2025-04-26 13:22:09,950 I 2949982 2949982] (raylet) agent_manager.cc:113: Killing agent dashboard_agent/424238335, pid 2950087.
[2025-04-26 13:22:09,971 I 2949982 2950088] (raylet) agent_manager.cc:80: Agent process with name dashboard_agent/424238335 exited, exit code 0.
[2025-04-26 13:22:09,971 I 2949982 2949982] (raylet) agent_manager.cc:113: Killing agent runtime_env_agent, pid 2950089.
[2025-04-26 13:22:09,982 I 2949982 2950090] (raylet) agent_manager.cc:80: Agent process with name runtime_env_agent exited, exit code 0.
[2025-04-26 13:22:09,983 I 2949982 2949982] (raylet) io_service_pool.cc:47: IOServicePool is stopped.
[2025-04-26 13:22:10,075 I 2949982 2949982] (raylet) stats.h:120: Stats module has shutdown.
