[2025-04-26 14:42:53,669 I 2982878 2982878] (gcs_server) gcs_server_main.cc:95: Ray cluster metadata ray_version=2.43.0 ray_commit=ecdcdc6a6e63dc4bcd6ea16aae256ce4d32a7e2c
[2025-04-26 14:42:53,669 I 2982878 2982878] (gcs_server) io_service_pool.cc:35: IOServicePool is running with 1 io_service.
[2025-04-26 14:42:53,677 I 2982878 2982878] (gcs_server) event.cc:500: Ray Event initialized for GCS
[2025-04-26 14:42:53,679 I 2982878 2982878] (gcs_server) event.cc:500: Ray Event initialized for EXPORT_NODE
[2025-04-26 14:42:53,680 I 2982878 2982878] (gcs_server) event.cc:500: Ray Event initialized for EXPORT_ACTOR
[2025-04-26 14:42:53,681 I 2982878 2982878] (gcs_server) event.cc:500: Ray Event initialized for EXPORT_DRIVER_JOB
[2025-04-26 14:42:53,681 I 2982878 2982878] (gcs_server) event.cc:331: Set ray event level to warning
[2025-04-26 14:42:53,681 I 2982878 2982878] (gcs_server) gcs_server.cc:73: GCS storage type is StorageType::IN_MEMORY
[2025-04-26 14:42:53,682 I 2982878 2982878] (gcs_server) gcs_init_data.cc:42: Loading job table data.
[2025-04-26 14:42:53,682 I 2982878 2982878] (gcs_server) gcs_init_data.cc:52: Loading node table data.
[2025-04-26 14:42:53,682 I 2982878 2982878] (gcs_server) gcs_init_data.cc:74: Loading actor table data.
[2025-04-26 14:42:53,682 I 2982878 2982878] (gcs_server) gcs_init_data.cc:85: Loading actor task spec table data.
[2025-04-26 14:42:53,682 I 2982878 2982878] (gcs_server) gcs_init_data.cc:62: Loading placement group table data.
[2025-04-26 14:42:53,682 I 2982878 2982878] (gcs_server) gcs_init_data.cc:46: Finished loading job table data, size = 0
[2025-04-26 14:42:53,682 I 2982878 2982878] (gcs_server) gcs_init_data.cc:56: Finished loading node table data, size = 0
[2025-04-26 14:42:53,682 I 2982878 2982878] (gcs_server) gcs_init_data.cc:79: Finished loading actor table data, size = 0
[2025-04-26 14:42:53,682 I 2982878 2982878] (gcs_server) gcs_init_data.cc:90: Finished loading actor task spec table data, size = 0
[2025-04-26 14:42:53,682 I 2982878 2982878] (gcs_server) gcs_init_data.cc:68: Finished loading placement group table data, size = 0
[2025-04-26 14:42:53,682 I 2982878 2982878] (gcs_server) gcs_server.cc:157: No existing server cluster ID found. Generating new ID: 2b62d1f38f1214fdaf8f0467b949092dd9817a32be662c3a36c070bb
[2025-04-26 14:42:53,682 I 2982878 2982878] (gcs_server) gcs_server.cc:672: Autoscaler V2 enabled: 0
[2025-04-26 14:42:53,684 I 2982878 2982878] (gcs_server) grpc_server.cc:135: GcsServer server started, listening on port 64378.
[2025-04-26 14:42:53,774 I 2982878 2982878] (gcs_server) gcs_server.cc:245: Gcs Debug state:

GcsNodeManager: 
- RegisterNode request count: 0
- DrainNode request count: 0
- GetAllNodeInfo request count: 0

GcsActorManager: 
- RegisterActor request count: 0
- CreateActor request count: 0
- GetActorInfo request count: 0
- GetNamedActorInfo request count: 0
- GetAllActorInfo request count: 0
- KillActor request count: 0
- ListNamedActors request count: 0
- Registered actors count: 0
- Destroyed actors count: 0
- Named actors count: 0
- Unresolved actors count: 0
- Pending actors count: 0
- Created actors count: 0
- owners_: 0
- actor_to_register_callbacks_: 0
- actor_to_restart_callbacks_: 0
- actor_to_create_callbacks_: 0
- sorted_destroyed_actor_list_: 0

GcsResourceManager: 
- GetAllAvailableResources request count: 0
- GetAllTotalResources request count: 0
- GetAllResourceUsage request count: 0

GcsPlacementGroupManager: 
- CreatePlacementGroup request count: 0
- RemovePlacementGroup request count: 0
- GetPlacementGroup request count: 0
- GetAllPlacementGroup request count: 0
- WaitPlacementGroupUntilReady request count: 0
- GetNamedPlacementGroup request count: 0
- Scheduling pending placement group count: 0
- Registered placement groups count: 0
- Named placement group count: 0
- Pending placement groups count: 0
- Infeasible placement groups count: 0

Publisher:

[runtime env manager] ID to URIs table:
[runtime env manager] URIs reference table:

GcsTaskManager: 
-Total num task events reported: 0
-Total num status task events dropped: 0
-Total num profile events dropped: 0
-Current num of task events stored: 0
-Total num of actor creation tasks: 0
-Total num of actor tasks: 0
-Total num of normal tasks: 0
-Total num of driver tasks: 0

GcsAutoscalerStateManager: 
- last_seen_autoscaler_state_version_: 0
- last_cluster_resource_state_version_: 0
- pending demands:



[2025-04-26 14:42:53,774 I 2982878 2982878] (gcs_server) gcs_server.cc:870: Main service Event stats:


Global stats: 26 total (6 active)
Queueing time: mean = 32.139 ms, max = 91.723 ms, min = 62.000 ns, total = 835.619 ms
Execution time:  mean = 7.064 ms, total = 183.658 ms
Event stats:
	GcsInMemoryStore.Put - 8 total (0 active), Execution time: mean = 11.469 ms, total = 91.749 ms, Queueing time: mean = 79.905 ms, max = 91.465 ms, min = 2.856 us, total = 639.243 ms
	GcsInMemoryStore.GetAll - 5 total (0 active), Execution time: mean = 8.552 us, total = 42.758 us, Queueing time: mean = 33.082 us, max = 34.639 us, min = 28.491 us, total = 165.412 us
	PeriodicalRunner.RunFnPeriodically - 4 total (2 active, 1 running), Execution time: mean = 2.600 us, total = 10.402 us, Queueing time: mean = 45.844 ms, max = 91.723 ms, min = 91.654 ms, total = 183.377 ms
	event_loop_lag_probe - 2 total (0 active), Execution time: mean = 10.076 us, total = 20.152 us, Queueing time: mean = 6.405 ms, max = 12.760 ms, min = 51.179 us, total = 12.811 ms
	ClusterResourceManager.ResetRemoteNodeView - 1 total (1 active), Execution time: mean = 0.000 s, total = 0.000 s, Queueing time: mean = 0.000 s, max = -0.000 s, min = 9223372036.855 s, total = 0.000 s
	GcsInitData::AsyncLoad - 1 total (0 active), Execution time: mean = 19.613 us, total = 19.613 us, Queueing time: mean = 562.000 ns, max = 562.000 ns, min = 562.000 ns, total = 562.000 ns
	GcsServer.GetOrGenerateClusterId.continuation - 1 total (0 active), Execution time: mean = 91.735 ms, total = 91.735 ms, Queueing time: mean = 62.000 ns, max = 62.000 ns, min = 62.000 ns, total = 62.000 ns
	NodeInfoGcsService.grpc_server.GetClusterId.HandleRequestImpl - 1 total (1 active), Execution time: mean = 0.000 s, total = 0.000 s, Queueing time: mean = 0.000 s, max = -0.000 s, min = 9223372036.855 s, total = 0.000 s
	NodeInfoGcsService.grpc_server.GetClusterId - 1 total (1 active), Execution time: mean = 0.000 s, total = 0.000 s, Queueing time: mean = 0.000 s, max = -0.000 s, min = 9223372036.855 s, total = 0.000 s
	GcsInMemoryStore.Get - 1 total (0 active), Execution time: mean = 80.968 us, total = 80.968 us, Queueing time: mean = 22.479 us, max = 22.479 us, min = 22.479 us, total = 22.479 us
	RayletLoadPulled - 1 total (1 active), Execution time: mean = 0.000 s, total = 0.000 s, Queueing time: mean = 0.000 s, max = -0.000 s, min = 9223372036.855 s, total = 0.000 s


[2025-04-26 14:42:53,774 I 2982878 2982878] (gcs_server) gcs_server.cc:874: task_io_context Event stats:


Global stats: 4 total (1 active)
Queueing time: mean = 57.469 us, max = 189.161 us, min = 20.141 us, total = 229.878 us
Execution time:  mean = 43.312 us, total = 173.247 us
Event stats:
	event_loop_lag_probe - 2 total (0 active), Execution time: mean = 81.332 us, total = 162.665 us, Queueing time: mean = 104.868 us, max = 189.161 us, min = 20.576 us, total = 209.737 us
	PeriodicalRunner.RunFnPeriodically - 1 total (0 active), Execution time: mean = 10.582 us, total = 10.582 us, Queueing time: mean = 20.141 us, max = 20.141 us, min = 20.141 us, total = 20.141 us
	GcsTaskManager.GcJobSummary - 1 total (1 active), Execution time: mean = 0.000 s, total = 0.000 s, Queueing time: mean = 0.000 s, max = -0.000 s, min = 9223372036.855 s, total = 0.000 s


[2025-04-26 14:42:53,774 I 2982878 2982878] (gcs_server) gcs_server.cc:874: pubsub_io_context Event stats:


Global stats: 4 total (1 active)
Queueing time: mean = 157.714 us, max = 561.150 us, min = 27.046 us, total = 630.856 us
Execution time:  mean = 57.050 us, total = 228.200 us
Event stats:
	event_loop_lag_probe - 2 total (0 active), Execution time: mean = 110.644 us, total = 221.287 us, Queueing time: mean = 301.905 us, max = 561.150 us, min = 42.660 us, total = 603.810 us
	PeriodicalRunner.RunFnPeriodically - 1 total (0 active), Execution time: mean = 6.913 us, total = 6.913 us, Queueing time: mean = 27.046 us, max = 27.046 us, min = 27.046 us, total = 27.046 us
	Publisher.CheckDeadSubscribers - 1 total (1 active), Execution time: mean = 0.000 s, total = 0.000 s, Queueing time: mean = 0.000 s, max = -0.000 s, min = 9223372036.855 s, total = 0.000 s


[2025-04-26 14:42:53,774 I 2982878 2982878] (gcs_server) gcs_server.cc:874: ray_syncer_io_context Event stats:


Global stats: 4 total (0 active)
Queueing time: mean = 316.692 us, max = 995.732 us, min = 76.027 us, total = 1.267 ms
Execution time:  mean = 54.538 us, total = 218.151 us
Event stats:
	event_loop_lag_probe - 2 total (0 active), Execution time: mean = 107.873 us, total = 215.746 us, Queueing time: mean = 535.880 us, max = 995.732 us, min = 76.027 us, total = 1.072 ms
	RaySyncerRegister - 2 total (0 active), Execution time: mean = 1.202 us, total = 2.405 us, Queueing time: mean = 97.504 us, max = 97.785 us, min = 97.222 us, total = 195.007 us


[2025-04-26 14:42:56,535 I 2982878 2982878] (gcs_server) gcs_node_manager.cc:88: Registering node info, address = 10.153.51.195, node name = 10.153.51.195 node_id=e31bf9a44c963d06003fb271fdaa885767d23b6728f8a33989dd4110
[2025-04-26 14:42:56,535 I 2982878 2982878] (gcs_server) gcs_node_manager.cc:94: Finished registering node info, address = 10.153.51.195, node name = 10.153.51.195, is_head_node = 1 node_id=e31bf9a44c963d06003fb271fdaa885767d23b6728f8a33989dd4110
[2025-04-26 14:42:56,535 I 2982878 2982878] (gcs_server) gcs_placement_group_manager.cc:830: A new node: e31bf9a44c963d06003fb271fdaa885767d23b6728f8a33989dd4110 registered, will try to reschedule all the infeasible placement groups.
[2025-04-26 14:42:56,544 I 2982878 2982943] (gcs_server) ray_syncer.cc:244: Get connection node_id=e31bf9a44c963d06003fb271fdaa885767d23b6728f8a33989dd4110
[2025-04-26 14:42:57,665 I 2982878 2982878] (gcs_server) gcs_job_manager.cc:90: Adding job, job id = 01000000, driver pid = 2982703
[2025-04-26 14:42:57,665 I 2982878 2982878] (gcs_server) gcs_job_manager.cc:111: Finished adding job, job id = 01000000, driver pid = 2982703
[2025-04-26 14:42:57,685 I 2982878 2982878] (gcs_server) gcs_actor_manager.cc:396: Registering actor job_id=01000000 actor_id=2c411ee8a6e0a51cfbbc4c2201000000
[2025-04-26 14:42:57,686 I 2982878 2982878] (gcs_server) gcs_actor_manager.cc:401: Registered actor, job id = 01000000, actor id = 2c411ee8a6e0a51cfbbc4c2201000000
[2025-04-26 14:42:57,686 I 2982878 2982878] (gcs_server) gcs_actor_manager.cc:482: Creating actor job_id=01000000 actor_id=2c411ee8a6e0a51cfbbc4c2201000000
[2025-04-26 14:42:57,687 I 2982878 2982878] (gcs_server) gcs_actor_scheduler.cc:313: Start leasing worker from node e31bf9a44c963d06003fb271fdaa885767d23b6728f8a33989dd4110 for actor 2c411ee8a6e0a51cfbbc4c2201000000, job id = 01000000
[2025-04-26 14:42:58,562 I 2982878 2982878] (gcs_server) gcs_actor_scheduler.cc:634: Finished leasing worker from e31bf9a44c963d06003fb271fdaa885767d23b6728f8a33989dd4110 for actor 2c411ee8a6e0a51cfbbc4c2201000000, job id = 01000000
[2025-04-26 14:42:58,562 I 2982878 2982878] (gcs_server) gcs_actor_scheduler.cc:449: Start creating actor 2c411ee8a6e0a51cfbbc4c2201000000 on worker 962c9c813ff545c632367bf48b337e974acd2dedd1d03add2e9b9ac5 at node e31bf9a44c963d06003fb271fdaa885767d23b6728f8a33989dd4110, job id = 01000000
[2025-04-26 14:43:07,837 I 2982878 2982878] (gcs_server) gcs_actor_scheduler.cc:486: Finished actor creation task for actor 2c411ee8a6e0a51cfbbc4c2201000000 on worker 962c9c813ff545c632367bf48b337e974acd2dedd1d03add2e9b9ac5 at node e31bf9a44c963d06003fb271fdaa885767d23b6728f8a33989dd4110, job id = 01000000
[2025-04-26 14:43:07,837 I 2982878 2982878] (gcs_server) gcs_actor_manager.cc:1543: Actor created successfully job_id=01000000 actor_id=2c411ee8a6e0a51cfbbc4c2201000000
[2025-04-26 14:43:07,838 I 2982878 2982878] (gcs_server) gcs_actor_manager.cc:497: Finished creating actor. Status: OK job_id=01000000 actor_id=2c411ee8a6e0a51cfbbc4c2201000000
[2025-04-26 14:43:13,720 I 2982878 2982878] (gcs_server) gcs_actor_manager.cc:1029: Destroying actor job_id=01000000 actor_id=2c411ee8a6e0a51cfbbc4c2201000000
[2025-04-26 14:43:13,722 I 2982878 2982878] (gcs_server) gcs_job_manager.cc:149: Finished marking job state, job id = 01000000
[2025-04-26 14:43:13,722 I 2982878 2982878] (gcs_server) gcs_actor_manager.cc:1004: Worker 01000000ffffffffffffffffffffffffffffffffffffffffffffffff failed, destroying actor child, job id = 01000000
[2025-04-26 14:43:13,811 I 2982878 2982878] (gcs_server) gcs_node_manager.cc:382: Removing node, node name = 10.153.51.195, death reason = EXPECTED_TERMINATION, death message = received SIGTERM node_id=e31bf9a44c963d06003fb271fdaa885767d23b6728f8a33989dd4110
[2025-04-26 14:43:13,812 I 2982878 2982878] (gcs_server) gcs_placement_group_manager.cc:800: Node failed, rescheduling the placement groups on the dead node. node_id=e31bf9a44c963d06003fb271fdaa885767d23b6728f8a33989dd4110
[2025-04-26 14:43:13,812 I 2982878 2982878] (gcs_server) gcs_actor_manager.cc:1282: Node failed, reconstructing actors. node_id=e31bf9a44c963d06003fb271fdaa885767d23b6728f8a33989dd4110
[2025-04-26 14:43:13,812 I 2982878 2982878] (gcs_server) gcs_job_manager.cc:467: Node failed, mark all jobs from this node as finished node_id=e31bf9a44c963d06003fb271fdaa885767d23b6728f8a33989dd4110
[2025-04-26 14:43:13,996 I 2982878 2982927] (gcs_server) ray_syncer_bidi_reactor_base.h:182: Failed to read the message from: e31bf9a44c963d06003fb271fdaa885767d23b6728f8a33989dd4110
[2025-04-26 14:43:13,996 I 2982878 2982927] (gcs_server) ray_syncer.cc:241: Connection is broken. node_id=e31bf9a44c963d06003fb271fdaa885767d23b6728f8a33989dd4110
[2025-04-26 14:43:14,025 I 2982878 2982878] (gcs_server) gcs_server_main.cc:175: GCS server received SIGTERM, shutting down...
[2025-04-26 14:43:14,026 I 2982878 2982878] (gcs_server) gcs_server.cc:267: Stopping GCS server.
[2025-04-26 14:43:14,062 I 2982878 2982878] (gcs_server) gcs_server.cc:284: GCS server stopped.
[2025-04-26 14:43:14,063 I 2982878 2982878] (gcs_server) io_service_pool.cc:47: IOServicePool is stopped.
[2025-04-26 14:43:14,098 I 2982878 2982878] (gcs_server) stats.h:120: Stats module has shutdown.
