[2025-04-26 14:42:55,505 I 2983088 2983088] (raylet) main.cc:226: Setting cluster ID to: 2b62d1f38f1214fdaf8f0467b949092dd9817a32be662c3a36c070bb
[2025-04-26 14:42:55,513 I 2983088 2983088] (raylet) main.cc:341: Raylet is not set to kill unknown children.
[2025-04-26 14:42:55,513 I 2983088 2983088] (raylet) io_service_pool.cc:35: IOServicePool is running with 1 io_service.
[2025-04-26 14:42:55,514 I 2983088 2983088] (raylet) main.cc:471: Setting node ID node_id=e31bf9a44c963d06003fb271fdaa885767d23b6728f8a33989dd4110
[2025-04-26 14:42:55,514 I 2983088 2983088] (raylet) store_runner.cc:33: Allowing the Plasma store to use up to 36.2768GB of memory.
[2025-04-26 14:42:55,514 I 2983088 2983088] (raylet) store_runner.cc:49: Starting object store with directory /dev/shm, fallback /home/stud/wxie/EasyR1/ray, and huge page support disabled
[2025-04-26 14:42:55,514 I 2983088 2983116] (raylet) dlmalloc.cc:154: create_and_mmap_buffer(36276928520, /dev/shm/plasmaXXXXXX)
[2025-04-26 14:42:55,517 I 2983088 2983116] (raylet) store.cc:564: Plasma store debug dump: 
Current usage: 0 / 36.2768 GB
- num bytes created total: 0
0 pending objects of total size 0MB
- objects spillable: 0
- bytes spillable: 0
- objects unsealed: 0
- bytes unsealed: 0
- objects in use: 0
- bytes in use: 0
- objects evictable: 0
- bytes evictable: 0

- objects created by worker: 0
- bytes created by worker: 0
- objects restored: 0
- bytes restored: 0
- objects received: 0
- bytes received: 0
- objects errored: 0
- bytes errored: 0

[2025-04-26 14:42:56,519 I 2983088 2983088] (raylet) grpc_server.cc:135: ObjectManager server started, listening on port 41635.
[2025-04-26 14:42:56,522 I 2983088 2983088] (raylet) worker_killing_policy.cc:101: Running GroupByOwner policy.
[2025-04-26 14:42:56,522 W 2983088 2983088] (raylet) memory_monitor.cc:198: Got negative used memory for cgroup -1, setting it to zero
[2025-04-26 14:42:56,522 I 2983088 2983088] (raylet) memory_monitor.cc:48: MemoryMonitor initialized with usage threshold at 128114286592 bytes (0.95 system memory), total system memory bytes: 134857150464
[2025-04-26 14:42:56,522 I 2983088 2983088] (raylet) node_manager.cc:295: Initializing NodeManager node_id=e31bf9a44c963d06003fb271fdaa885767d23b6728f8a33989dd4110
[2025-04-26 14:42:56,523 I 2983088 2983088] (raylet) grpc_server.cc:135: NodeManager server started, listening on port 46735.
[2025-04-26 14:42:56,532 I 2983088 2983193] (raylet) agent_manager.cc:78: Monitor agent process with name dashboard_agent/424238335
[2025-04-26 14:42:56,533 I 2983088 2983195] (raylet) agent_manager.cc:78: Monitor agent process with name runtime_env_agent
[2025-04-26 14:42:56,534 I 2983088 2983088] (raylet) event.cc:500: Ray Event initialized for RAYLET
[2025-04-26 14:42:56,534 I 2983088 2983088] (raylet) event.cc:331: Set ray event level to warning
[2025-04-26 14:42:56,536 I 2983088 2983088] (raylet) raylet.cc:134: Raylet of id, e31bf9a44c963d06003fb271fdaa885767d23b6728f8a33989dd4110 started. Raylet consists of node_manager and object_manager. node_manager address: 10.153.51.195:46735 object_manager address: 10.153.51.195:41635 hostname: marajo
[2025-04-26 14:42:56,541 I 2983088 2983088] (raylet) node_manager.cc:532: [state-dump] NodeManager:
[state-dump] Node ID: e31bf9a44c963d06003fb271fdaa885767d23b6728f8a33989dd4110
[state-dump] Node name: 10.153.51.195
[state-dump] InitialConfigResources: {node:10.153.51.195: 10000, object_store_memory: 362768289790000, node:__internal_head__: 10000, memory: 746459342850000, accelerator_type:H100: 10000, GPU: 10000, CPU: 320000}
[state-dump] ClusterTaskManager:
[state-dump] ========== Node: e31bf9a44c963d06003fb271fdaa885767d23b6728f8a33989dd4110 =================
[state-dump] Infeasible queue length: 0
[state-dump] Schedule queue length: 0
[state-dump] Dispatch queue length: 0
[state-dump] num_waiting_for_resource: 0
[state-dump] num_waiting_for_plasma_memory: 0
[state-dump] num_waiting_for_remote_node_resources: 0
[state-dump] num_worker_not_started_by_job_config_not_exist: 0
[state-dump] num_worker_not_started_by_registration_timeout: 0
[state-dump] num_tasks_waiting_for_workers: 0
[state-dump] num_cancelled_tasks: 0
[state-dump] cluster_resource_scheduler state: 
[state-dump] Local id: -2601385138631206226 Local resources: {"total":{CPU: [320000], node:10.153.51.195: [10000], node:__internal_head__: [10000], memory: [746459342850000], object_store_memory: [362768289790000], GPU: [10000], accelerator_type:H100: [10000]}}, "available": {CPU: [320000], node:10.153.51.195: [10000], node:__internal_head__: [10000], memory: [746459342850000], object_store_memory: [362768289790000], GPU: [10000], accelerator_type:H100: [10000]}}, "labels":{"ray.io/node_id":"e31bf9a44c963d06003fb271fdaa885767d23b6728f8a33989dd4110",} is_draining: 0 is_idle: 1 Cluster resources: node id: -2601385138631206226{"total":{node:10.153.51.195: 10000, object_store_memory: 362768289790000, node:__internal_head__: 10000, memory: 746459342850000, accelerator_type:H100: 10000, GPU: 10000, CPU: 320000}}, "available": {node:10.153.51.195: 10000, object_store_memory: 362768289790000, node:__internal_head__: 10000, memory: 746459342850000, accelerator_type:H100: 10000, GPU: 10000, CPU: 320000}}, "labels":{"ray.io/node_id":"e31bf9a44c963d06003fb271fdaa885767d23b6728f8a33989dd4110",}, "is_draining": 0, "draining_deadline_timestamp_ms": -1} { "placment group locations": [], "node to bundles": []}
[state-dump] Waiting tasks size: 0
[state-dump] Number of executing tasks: 0
[state-dump] Number of pinned task arguments: 0
[state-dump] Number of total spilled tasks: 0
[state-dump] Number of spilled waiting tasks: 0
[state-dump] Number of spilled unschedulable tasks: 0
[state-dump] Resource usage {
[state-dump] }
[state-dump] Backlog Size per scheduling descriptor :{workerId: num backlogs}:
[state-dump] 
[state-dump] Running tasks by scheduling class:
[state-dump] ==================================================
[state-dump] 
[state-dump] ClusterResources:
[state-dump] LocalObjectManager:
[state-dump] - num pinned objects: 0
[state-dump] - pinned objects size: 0
[state-dump] - num objects pending restore: 0
[state-dump] - num objects pending spill: 0
[state-dump] - num bytes pending spill: 0
[state-dump] - num bytes currently spilled: 0
[state-dump] - cumulative spill requests: 0
[state-dump] - cumulative restore requests: 0
[state-dump] - spilled objects pending delete: 0
[state-dump] 
[state-dump] ObjectManager:
[state-dump] - num local objects: 0
[state-dump] - num unfulfilled push requests: 0
[state-dump] - num object pull requests: 0
[state-dump] - num chunks received total: 0
[state-dump] - num chunks received failed (all): 0
[state-dump] - num chunks received failed / cancelled: 0
[state-dump] - num chunks received failed / plasma error: 0
[state-dump] Event stats:
[state-dump] Global stats: 0 total (0 active)
[state-dump] Queueing time: mean = -nan s, max = -0.000 s, min = 9223372036.855 s, total = 0.000 s
[state-dump] Execution time:  mean = -nan s, total = 0.000 s
[state-dump] Event stats:
[state-dump] PushManager:
[state-dump] - num pushes in flight: 0
[state-dump] - num chunks in flight: 0
[state-dump] - num chunks remaining: 0
[state-dump] - max chunks allowed: 409
[state-dump] OwnershipBasedObjectDirectory:
[state-dump] - num listeners: 0
[state-dump] - cumulative location updates: 0
[state-dump] - num location updates per second: 32503124223958000.000
[state-dump] - num location lookups per second: 32503124223952000.000
[state-dump] - num locations added per second: 0.000
[state-dump] - num locations removed per second: 0.000
[state-dump] BufferPool:
[state-dump] - create buffer state map size: 0
[state-dump] PullManager:
[state-dump] - num bytes available for pulled objects: 36276828979
[state-dump] - num bytes being pulled (all): 0
[state-dump] - num bytes being pulled / pinned: 0
[state-dump] - get request bundles: BundlePullRequestQueue{0 total, 0 active, 0 inactive, 0 unpullable}
[state-dump] - wait request bundles: BundlePullRequestQueue{0 total, 0 active, 0 inactive, 0 unpullable}
[state-dump] - task request bundles: BundlePullRequestQueue{0 total, 0 active, 0 inactive, 0 unpullable}
[state-dump] - first get request bundle: N/A
[state-dump] - first wait request bundle: N/A
[state-dump] - first task request bundle: N/A
[state-dump] - num objects queued: 0
[state-dump] - num objects actively pulled (all): 0
[state-dump] - num objects actively pulled / pinned: 0
[state-dump] - num bundles being pulled: 0
[state-dump] - num pull retries: 0
[state-dump] - max timeout seconds: 0
[state-dump] - max timeout request is already processed. No entry.
[state-dump] 
[state-dump] WorkerPool:
[state-dump] - registered jobs: 0
[state-dump] - process_failed_job_config_missing: 0
[state-dump] - process_failed_rate_limited: 0
[state-dump] - process_failed_pending_registration: 0
[state-dump] - process_failed_runtime_env_setup_failed: 0
[state-dump] - num PYTHON workers: 0
[state-dump] - num PYTHON drivers: 0
[state-dump] - num PYTHON pending start requests: 0
[state-dump] - num PYTHON pending registration requests: 0
[state-dump] - num object spill callbacks queued: 0
[state-dump] - num object restore queued: 0
[state-dump] - num util functions queued: 0
[state-dump] - num JAVA workers: 0
[state-dump] - num JAVA drivers: 0
[state-dump] - num JAVA pending start requests: 0
[state-dump] - num JAVA pending registration requests: 0
[state-dump] - num object spill callbacks queued: 0
[state-dump] - num object restore queued: 0
[state-dump] - num util functions queued: 0
[state-dump] - num idle workers: 0
[state-dump] TaskDependencyManager:
[state-dump] - task deps map size: 0
[state-dump] - get req map size: 0
[state-dump] - wait req map size: 0
[state-dump] - local objects map size: 0
[state-dump] WaitManager:
[state-dump] - num active wait requests: 0
[state-dump] Subscriber:
[state-dump] Channel WORKER_REF_REMOVED_CHANNEL
[state-dump] - cumulative subscribe requests: 0
[state-dump] - cumulative unsubscribe requests: 0
[state-dump] - active subscribed publishers: 0
[state-dump] - cumulative published messages: 0
[state-dump] - cumulative processed messages: 0
[state-dump] Channel WORKER_OBJECT_EVICTION
[state-dump] - cumulative subscribe requests: 0
[state-dump] - cumulative unsubscribe requests: 0
[state-dump] - active subscribed publishers: 0
[state-dump] - cumulative published messages: 0
[state-dump] - cumulative processed messages: 0
[state-dump] Channel WORKER_OBJECT_LOCATIONS_CHANNEL
[state-dump] - cumulative subscribe requests: 0
[state-dump] - cumulative unsubscribe requests: 0
[state-dump] - active subscribed publishers: 0
[state-dump] - cumulative published messages: 0
[state-dump] - cumulative processed messages: 0
[state-dump] num async plasma notifications: 0
[state-dump] Remote node managers: 
[state-dump] Event stats:
[state-dump] Global stats: 28 total (13 active)
[state-dump] Queueing time: mean = 1.943 ms, max = 12.720 ms, min = 14.942 us, total = 54.391 ms
[state-dump] Execution time:  mean = 36.795 ms, total = 1.030 s
[state-dump] Event stats:
[state-dump] 	PeriodicalRunner.RunFnPeriodically - 11 total (2 active, 1 running), Execution time: mean = 372.324 us, total = 4.096 ms, Queueing time: mean = 4.940 ms, max = 12.720 ms, min = 27.182 us, total = 54.339 ms
[state-dump] 	NodeManager.GCTaskFailureReason - 1 total (1 active), Execution time: mean = 0.000 s, total = 0.000 s, Queueing time: mean = 0.000 s, max = -0.000 s, min = 9223372036.855 s, total = 0.000 s
[state-dump] 	RayletWorkerPool.deadline_timer.kill_idle_workers - 1 total (1 active), Execution time: mean = 0.000 s, total = 0.000 s, Queueing time: mean = 0.000 s, max = -0.000 s, min = 9223372036.855 s, total = 0.000 s
[state-dump] 	MemoryMonitor.CheckIsMemoryUsageAboveThreshold - 1 total (1 active), Execution time: mean = 0.000 s, total = 0.000 s, Queueing time: mean = 0.000 s, max = -0.000 s, min = 9223372036.855 s, total = 0.000 s
[state-dump] 	NodeManager.deadline_timer.flush_free_objects - 1 total (1 active), Execution time: mean = 0.000 s, total = 0.000 s, Queueing time: mean = 0.000 s, max = -0.000 s, min = 9223372036.855 s, total = 0.000 s
[state-dump] 	ray::rpc::InternalPubSubGcsService.grpc_client.GcsSubscriberCommandBatch - 1 total (0 active), Execution time: mean = 920.618 us, total = 920.618 us, Queueing time: mean = 0.000 s, max = -0.000 s, min = 9223372036.855 s, total = 0.000 s
[state-dump] 	ObjectManager.UpdateAvailableMemory - 1 total (0 active), Execution time: mean = 3.436 us, total = 3.436 us, Queueing time: mean = 18.793 us, max = 18.793 us, min = 18.793 us, total = 18.793 us
[state-dump] 	NodeManager.deadline_timer.record_metrics - 1 total (1 active), Execution time: mean = 0.000 s, total = 0.000 s, Queueing time: mean = 0.000 s, max = -0.000 s, min = 9223372036.855 s, total = 0.000 s
[state-dump] 	ray::rpc::InternalKVGcsService.grpc_client.GetInternalConfig - 1 total (0 active), Execution time: mean = 1.492 ms, total = 1.492 ms, Queueing time: mean = 0.000 s, max = -0.000 s, min = 9223372036.855 s, total = 0.000 s
[state-dump] 	ray::rpc::InternalPubSubGcsService.grpc_client.GcsSubscriberCommandBatch.OnReplyReceived - 1 total (1 active), Execution time: mean = 0.000 s, total = 0.000 s, Queueing time: mean = 0.000 s, max = -0.000 s, min = 9223372036.855 s, total = 0.000 s
[state-dump] 	NodeManager.deadline_timer.spill_objects_when_over_threshold - 1 total (1 active), Execution time: mean = 0.000 s, total = 0.000 s, Queueing time: mean = 0.000 s, max = -0.000 s, min = 9223372036.855 s, total = 0.000 s
[state-dump] 	ray::rpc::NodeInfoGcsService.grpc_client.RegisterNode.OnReplyReceived - 1 total (0 active), Execution time: mean = 257.509 us, total = 257.509 us, Queueing time: mean = 17.474 us, max = 17.474 us, min = 17.474 us, total = 17.474 us
[state-dump] 	ClusterResourceManager.ResetRemoteNodeView - 1 total (1 active), Execution time: mean = 0.000 s, total = 0.000 s, Queueing time: mean = 0.000 s, max = -0.000 s, min = 9223372036.855 s, total = 0.000 s
[state-dump] 	NodeManager.deadline_timer.debug_state_dump - 1 total (1 active), Execution time: mean = 0.000 s, total = 0.000 s, Queueing time: mean = 0.000 s, max = -0.000 s, min = 9223372036.855 s, total = 0.000 s
[state-dump] 	NodeManager.ScheduleAndDispatchTasks - 1 total (1 active), Execution time: mean = 0.000 s, total = 0.000 s, Queueing time: mean = 0.000 s, max = -0.000 s, min = 9223372036.855 s, total = 0.000 s
[state-dump] 	ray::rpc::InternalPubSubGcsService.grpc_client.GcsSubscriberPoll - 1 total (1 active), Execution time: mean = 0.000 s, total = 0.000 s, Queueing time: mean = 0.000 s, max = -0.000 s, min = 9223372036.855 s, total = 0.000 s
[state-dump] 	ray::rpc::InternalKVGcsService.grpc_client.GetInternalConfig.OnReplyReceived - 1 total (0 active), Execution time: mean = 1.022 s, total = 1.022 s, Queueing time: mean = 14.942 us, max = 14.942 us, min = 14.942 us, total = 14.942 us
[state-dump] 	ray::rpc::NodeInfoGcsService.grpc_client.RegisterNode - 1 total (0 active), Execution time: mean = 1.801 ms, total = 1.801 ms, Queueing time: mean = 0.000 s, max = -0.000 s, min = 9223372036.855 s, total = 0.000 s
[state-dump] DebugString() time ms: 0
[state-dump] 
[state-dump] 
[2025-04-26 14:42:56,543 I 2983088 2983088] (raylet) accessor.cc:777: Received notification for node, IsAlive = 1 node_id=e31bf9a44c963d06003fb271fdaa885767d23b6728f8a33989dd4110
[2025-04-26 14:42:56,588 I 2983088 2983088] (raylet) worker_pool.cc:729: [Eagerly] Start install runtime environment for job 01000000.
[2025-04-26 14:42:56,592 I 2983088 2983088] (raylet) worker_pool.cc:522: Started worker process with pid 2983217, the token is 0
[2025-04-26 14:42:56,595 I 2983088 2983088] (raylet) worker_pool.cc:522: Started worker process with pid 2983218, the token is 1
[2025-04-26 14:42:56,598 I 2983088 2983088] (raylet) worker_pool.cc:522: Started worker process with pid 2983219, the token is 2
[2025-04-26 14:42:56,601 I 2983088 2983088] (raylet) worker_pool.cc:522: Started worker process with pid 2983220, the token is 3
[2025-04-26 14:42:56,604 I 2983088 2983088] (raylet) worker_pool.cc:522: Started worker process with pid 2983221, the token is 4
[2025-04-26 14:42:56,607 I 2983088 2983088] (raylet) worker_pool.cc:522: Started worker process with pid 2983222, the token is 5
[2025-04-26 14:42:56,610 I 2983088 2983088] (raylet) worker_pool.cc:522: Started worker process with pid 2983223, the token is 6
[2025-04-26 14:42:56,613 I 2983088 2983088] (raylet) worker_pool.cc:522: Started worker process with pid 2983224, the token is 7
[2025-04-26 14:42:56,617 I 2983088 2983088] (raylet) worker_pool.cc:522: Started worker process with pid 2983225, the token is 8
[2025-04-26 14:42:56,620 I 2983088 2983088] (raylet) worker_pool.cc:522: Started worker process with pid 2983226, the token is 9
[2025-04-26 14:42:56,623 I 2983088 2983088] (raylet) worker_pool.cc:522: Started worker process with pid 2983227, the token is 10
[2025-04-26 14:42:56,626 I 2983088 2983088] (raylet) worker_pool.cc:522: Started worker process with pid 2983228, the token is 11
[2025-04-26 14:42:56,629 I 2983088 2983088] (raylet) worker_pool.cc:522: Started worker process with pid 2983230, the token is 12
[2025-04-26 14:42:56,633 I 2983088 2983088] (raylet) worker_pool.cc:522: Started worker process with pid 2983231, the token is 13
[2025-04-26 14:42:56,637 I 2983088 2983088] (raylet) worker_pool.cc:522: Started worker process with pid 2983232, the token is 14
[2025-04-26 14:42:56,640 I 2983088 2983088] (raylet) worker_pool.cc:522: Started worker process with pid 2983233, the token is 15
[2025-04-26 14:42:56,643 I 2983088 2983088] (raylet) worker_pool.cc:522: Started worker process with pid 2983234, the token is 16
[2025-04-26 14:42:56,646 I 2983088 2983088] (raylet) worker_pool.cc:522: Started worker process with pid 2983235, the token is 17
[2025-04-26 14:42:56,649 I 2983088 2983088] (raylet) worker_pool.cc:522: Started worker process with pid 2983240, the token is 18
[2025-04-26 14:42:56,670 I 2983088 2983088] (raylet) worker_pool.cc:522: Started worker process with pid 2983241, the token is 19
[2025-04-26 14:42:56,674 I 2983088 2983088] (raylet) worker_pool.cc:522: Started worker process with pid 2983242, the token is 20
[2025-04-26 14:42:56,678 I 2983088 2983088] (raylet) worker_pool.cc:522: Started worker process with pid 2983243, the token is 21
[2025-04-26 14:42:56,682 I 2983088 2983088] (raylet) worker_pool.cc:522: Started worker process with pid 2983244, the token is 22
[2025-04-26 14:42:56,686 I 2983088 2983088] (raylet) worker_pool.cc:522: Started worker process with pid 2983245, the token is 23
[2025-04-26 14:42:56,691 I 2983088 2983088] (raylet) worker_pool.cc:522: Started worker process with pid 2983246, the token is 24
[2025-04-26 14:42:56,695 I 2983088 2983088] (raylet) worker_pool.cc:522: Started worker process with pid 2983247, the token is 25
[2025-04-26 14:42:56,698 I 2983088 2983088] (raylet) worker_pool.cc:522: Started worker process with pid 2983248, the token is 26
[2025-04-26 14:42:56,702 I 2983088 2983088] (raylet) worker_pool.cc:522: Started worker process with pid 2983249, the token is 27
[2025-04-26 14:42:56,705 I 2983088 2983088] (raylet) worker_pool.cc:522: Started worker process with pid 2983250, the token is 28
[2025-04-26 14:42:56,709 I 2983088 2983088] (raylet) worker_pool.cc:522: Started worker process with pid 2983251, the token is 29
[2025-04-26 14:42:56,712 I 2983088 2983088] (raylet) worker_pool.cc:522: Started worker process with pid 2983252, the token is 30
[2025-04-26 14:42:56,716 I 2983088 2983088] (raylet) worker_pool.cc:522: Started worker process with pid 2983253, the token is 31
[2025-04-26 14:42:56,717 I 2983088 2983088] (raylet) runtime_env_agent_client.cc:340: Runtime Env Agent network error: NotFound: on_connect Connection refused, the server may be still starting or is already failed. Scheduling a retry in 1000ms...
[2025-04-26 14:42:57,360 I 2983088 2983116] (raylet) object_store.cc:35: Object store current usage 8e-09 / 36.2768 GB.
[2025-04-26 14:42:57,666 I 2983088 2983088] (raylet) worker_pool.cc:719: Job 01000000 already started in worker pool.
[2025-04-26 14:42:57,691 I 2983088 2983088] (raylet) runtime_env_agent_client.cc:383: Create runtime env for job 01000000
[2025-04-26 14:42:57,694 I 2983088 2983088] (raylet) worker_pool.cc:522: Started worker process with pid 2985132, the token is 32
[2025-04-26 14:42:57,719 I 2983088 2983088] (raylet) runtime_env_agent_client.cc:383: Create runtime env for job 01000000
[2025-04-26 14:42:57,719 I 2983088 2983088] (raylet) worker_pool.cc:740: [Eagerly] Create runtime env successful for job 01000000.
[2025-04-26 14:42:58,750 I 2983088 2983088] (raylet) node_manager.cc:1549: NodeManager::DisconnectClient, disconnect_type=1, has creation task exception = false
[2025-04-26 14:43:01,540 W 2983088 2983088] (raylet) memory_monitor.cc:198: Got negative used memory for cgroup -1, setting it to zero
[2025-04-26 14:43:06,546 W 2983088 2983088] (raylet) memory_monitor.cc:198: Got negative used memory for cgroup -1, setting it to zero
[2025-04-26 14:43:11,552 W 2983088 2983088] (raylet) memory_monitor.cc:198: Got negative used memory for cgroup -1, setting it to zero
[2025-04-26 14:43:13,719 I 2983088 2983088] (raylet) node_manager.cc:1549: NodeManager::DisconnectClient, disconnect_type=3, has creation task exception = false
[2025-04-26 14:43:13,719 I 2983088 2983088] (raylet) node_manager.cc:1654: Driver (pid=2982703) is disconnected. worker_id=01000000ffffffffffffffffffffffffffffffffffffffffffffffff job_id=01000000
[2025-04-26 14:43:13,723 I 2983088 2983088] (raylet) node_manager.cc:1082: The leased worker 962c9c813ff545c632367bf48b337e974acd2dedd1d03add2e9b9ac5 is killed because the owner process 01000000ffffffffffffffffffffffffffffffffffffffffffffffff died.
[2025-04-26 14:43:13,724 I 2983088 2983088] (raylet) worker_pool.cc:719: Job 01000000 already started in worker pool.
[2025-04-26 14:43:13,724 I 2983088 2983088] (raylet) node_manager.cc:640: The leased worker  is killed because the job 01000000 finished. worker_id=962c9c813ff545c632367bf48b337e974acd2dedd1d03add2e9b9ac5
[2025-04-26 14:43:13,747 I 2983088 2983088] (raylet) node_manager.cc:1549: NodeManager::DisconnectClient, disconnect_type=1, has creation task exception = false
[2025-04-26 14:43:13,811 I 2983088 2983088] (raylet) main.cc:506: received SIGTERM. Existing local drain request = None
[2025-04-26 14:43:13,811 I 2983088 2983088] (raylet) main.cc:307: Raylet graceful shutdown triggered, reason = EXPECTED_TERMINATION, reason message = received SIGTERM
[2025-04-26 14:43:13,811 I 2983088 2983088] (raylet) main.cc:310: Shutting down...
[2025-04-26 14:43:13,811 I 2983088 2983088] (raylet) accessor.cc:511: Unregistering node node_id=e31bf9a44c963d06003fb271fdaa885767d23b6728f8a33989dd4110
[2025-04-26 14:43:13,812 I 2983088 2983088] (raylet) accessor.cc:524: Finished unregistering node info, status = OK node_id=e31bf9a44c963d06003fb271fdaa885767d23b6728f8a33989dd4110
[2025-04-26 14:43:13,816 I 2983088 2983088] (raylet) agent_manager.cc:113: Killing agent dashboard_agent/424238335, pid 2983192.
[2025-04-26 14:43:13,831 I 2983088 2983193] (raylet) agent_manager.cc:80: Agent process with name dashboard_agent/424238335 exited, exit code 0.
[2025-04-26 14:43:13,831 I 2983088 2983088] (raylet) agent_manager.cc:113: Killing agent runtime_env_agent, pid 2983194.
[2025-04-26 14:43:13,841 I 2983088 2983195] (raylet) agent_manager.cc:80: Agent process with name runtime_env_agent exited, exit code 0.
[2025-04-26 14:43:13,842 I 2983088 2983088] (raylet) io_service_pool.cc:47: IOServicePool is stopped.
[2025-04-26 14:43:13,935 I 2983088 2983088] (raylet) stats.h:120: Stats module has shutdown.
