[2025-04-26 12:07:35,267 I 2896180 2896180] (gcs_server) gcs_server_main.cc:95: Ray cluster metadata ray_version=2.43.0 ray_commit=ecdcdc6a6e63dc4bcd6ea16aae256ce4d32a7e2c
[2025-04-26 12:07:35,267 I 2896180 2896180] (gcs_server) io_service_pool.cc:35: IOServicePool is running with 1 io_service.
[2025-04-26 12:07:35,276 I 2896180 2896180] (gcs_server) event.cc:500: Ray Event initialized for GCS
[2025-04-26 12:07:35,279 I 2896180 2896180] (gcs_server) event.cc:500: Ray Event initialized for EXPORT_NODE
[2025-04-26 12:07:35,280 I 2896180 2896180] (gcs_server) event.cc:500: Ray Event initialized for EXPORT_ACTOR
[2025-04-26 12:07:35,281 I 2896180 2896180] (gcs_server) event.cc:500: Ray Event initialized for EXPORT_DRIVER_JOB
[2025-04-26 12:07:35,281 I 2896180 2896180] (gcs_server) event.cc:331: Set ray event level to warning
[2025-04-26 12:07:35,281 I 2896180 2896180] (gcs_server) gcs_server.cc:73: GCS storage type is StorageType::IN_MEMORY
[2025-04-26 12:07:35,282 I 2896180 2896180] (gcs_server) gcs_init_data.cc:42: Loading job table data.
[2025-04-26 12:07:35,282 I 2896180 2896180] (gcs_server) gcs_init_data.cc:52: Loading node table data.
[2025-04-26 12:07:35,282 I 2896180 2896180] (gcs_server) gcs_init_data.cc:74: Loading actor table data.
[2025-04-26 12:07:35,282 I 2896180 2896180] (gcs_server) gcs_init_data.cc:85: Loading actor task spec table data.
[2025-04-26 12:07:35,282 I 2896180 2896180] (gcs_server) gcs_init_data.cc:62: Loading placement group table data.
[2025-04-26 12:07:35,282 I 2896180 2896180] (gcs_server) gcs_init_data.cc:46: Finished loading job table data, size = 0
[2025-04-26 12:07:35,282 I 2896180 2896180] (gcs_server) gcs_init_data.cc:56: Finished loading node table data, size = 0
[2025-04-26 12:07:35,282 I 2896180 2896180] (gcs_server) gcs_init_data.cc:79: Finished loading actor table data, size = 0
[2025-04-26 12:07:35,282 I 2896180 2896180] (gcs_server) gcs_init_data.cc:90: Finished loading actor task spec table data, size = 0
[2025-04-26 12:07:35,282 I 2896180 2896180] (gcs_server) gcs_init_data.cc:68: Finished loading placement group table data, size = 0
[2025-04-26 12:07:35,282 I 2896180 2896180] (gcs_server) gcs_server.cc:157: No existing server cluster ID found. Generating new ID: 1112314da39954965b24af7a40f8bc6b463807ce7c70e19ead0b7429
[2025-04-26 12:07:35,282 I 2896180 2896180] (gcs_server) gcs_server.cc:672: Autoscaler V2 enabled: 0
[2025-04-26 12:07:35,283 I 2896180 2896180] (gcs_server) grpc_server.cc:135: GcsServer server started, listening on port 54538.
[2025-04-26 12:07:35,364 I 2896180 2896180] (gcs_server) gcs_server.cc:245: Gcs Debug state:

GcsNodeManager: 
- RegisterNode request count: 0
- DrainNode request count: 0
- GetAllNodeInfo request count: 0

GcsActorManager: 
- RegisterActor request count: 0
- CreateActor request count: 0
- GetActorInfo request count: 0
- GetNamedActorInfo request count: 0
- GetAllActorInfo request count: 0
- KillActor request count: 0
- ListNamedActors request count: 0
- Registered actors count: 0
- Destroyed actors count: 0
- Named actors count: 0
- Unresolved actors count: 0
- Pending actors count: 0
- Created actors count: 0
- owners_: 0
- actor_to_register_callbacks_: 0
- actor_to_restart_callbacks_: 0
- actor_to_create_callbacks_: 0
- sorted_destroyed_actor_list_: 0

GcsResourceManager: 
- GetAllAvailableResources request count: 0
- GetAllTotalResources request count: 0
- GetAllResourceUsage request count: 0

GcsPlacementGroupManager: 
- CreatePlacementGroup request count: 0
- RemovePlacementGroup request count: 0
- GetPlacementGroup request count: 0
- GetAllPlacementGroup request count: 0
- WaitPlacementGroupUntilReady request count: 0
- GetNamedPlacementGroup request count: 0
- Scheduling pending placement group count: 0
- Registered placement groups count: 0
- Named placement group count: 0
- Pending placement groups count: 0
- Infeasible placement groups count: 0

Publisher:

[runtime env manager] ID to URIs table:
[runtime env manager] URIs reference table:

GcsTaskManager: 
-Total num task events reported: 0
-Total num status task events dropped: 0
-Total num profile events dropped: 0
-Current num of task events stored: 0
-Total num of actor creation tasks: 0
-Total num of actor tasks: 0
-Total num of normal tasks: 0
-Total num of driver tasks: 0

GcsAutoscalerStateManager: 
- last_seen_autoscaler_state_version_: 0
- last_cluster_resource_state_version_: 0
- pending demands:



[2025-04-26 12:07:35,364 I 2896180 2896180] (gcs_server) gcs_server.cc:870: Main service Event stats:


Global stats: 24 total (4 active)
Queueing time: mean = 31.102 ms, max = 81.577 ms, min = 73.000 ns, total = 746.459 ms
Execution time:  mean = 6.803 ms, total = 163.264 ms
Event stats:
	GcsInMemoryStore.Put - 8 total (0 active), Execution time: mean = 10.200 ms, total = 81.601 ms, Queueing time: mean = 71.080 ms, max = 81.374 ms, min = 2.032 us, total = 568.639 ms
	GcsInMemoryStore.GetAll - 5 total (0 active), Execution time: mean = 5.921 us, total = 29.604 us, Queueing time: mean = 20.262 us, max = 21.798 us, min = 19.268 us, total = 101.312 us
	PeriodicalRunner.RunFnPeriodically - 4 total (2 active, 1 running), Execution time: mean = 1.956 us, total = 7.824 us, Queueing time: mean = 40.773 ms, max = 81.577 ms, min = 81.516 ms, total = 163.092 ms
	event_loop_lag_probe - 2 total (0 active), Execution time: mean = 5.956 us, total = 11.912 us, Queueing time: mean = 7.306 ms, max = 14.577 ms, min = 35.438 us, total = 14.612 ms
	GcsServer.GetOrGenerateClusterId.continuation - 1 total (0 active), Execution time: mean = 81.590 ms, total = 81.590 ms, Queueing time: mean = 73.000 ns, max = 73.000 ns, min = 73.000 ns, total = 73.000 ns
	ClusterResourceManager.ResetRemoteNodeView - 1 total (1 active), Execution time: mean = 0.000 s, total = 0.000 s, Queueing time: mean = 0.000 s, max = -0.000 s, min = 9223372036.855 s, total = 0.000 s
	RayletLoadPulled - 1 total (1 active), Execution time: mean = 0.000 s, total = 0.000 s, Queueing time: mean = 0.000 s, max = -0.000 s, min = 9223372036.855 s, total = 0.000 s
	GcsInMemoryStore.Get - 1 total (0 active), Execution time: mean = 13.334 us, total = 13.334 us, Queueing time: mean = 13.638 us, max = 13.638 us, min = 13.638 us, total = 13.638 us
	GcsInitData::AsyncLoad - 1 total (0 active), Execution time: mean = 10.322 us, total = 10.322 us, Queueing time: mean = 298.000 ns, max = 298.000 ns, min = 298.000 ns, total = 298.000 ns


[2025-04-26 12:07:35,364 I 2896180 2896180] (gcs_server) gcs_server.cc:874: task_io_context Event stats:


Global stats: 4 total (1 active)
Queueing time: mean = 62.434 us, max = 224.143 us, min = 11.853 us, total = 249.734 us
Execution time:  mean = 31.272 us, total = 125.087 us
Event stats:
	event_loop_lag_probe - 2 total (0 active), Execution time: mean = 60.703 us, total = 121.407 us, Queueing time: mean = 118.941 us, max = 224.143 us, min = 13.738 us, total = 237.881 us
	PeriodicalRunner.RunFnPeriodically - 1 total (0 active), Execution time: mean = 3.680 us, total = 3.680 us, Queueing time: mean = 11.853 us, max = 11.853 us, min = 11.853 us, total = 11.853 us
	GcsTaskManager.GcJobSummary - 1 total (1 active), Execution time: mean = 0.000 s, total = 0.000 s, Queueing time: mean = 0.000 s, max = -0.000 s, min = 9223372036.855 s, total = 0.000 s


[2025-04-26 12:07:35,364 I 2896180 2896180] (gcs_server) gcs_server.cc:874: pubsub_io_context Event stats:


Global stats: 4 total (1 active)
Queueing time: mean = 134.067 us, max = 488.256 us, min = 20.392 us, total = 536.267 us
Execution time:  mean = 42.834 us, total = 171.336 us
Event stats:
	event_loop_lag_probe - 2 total (0 active), Execution time: mean = 75.332 us, total = 150.664 us, Queueing time: mean = 254.324 us, max = 488.256 us, min = 20.392 us, total = 508.648 us
	PeriodicalRunner.RunFnPeriodically - 1 total (0 active), Execution time: mean = 20.672 us, total = 20.672 us, Queueing time: mean = 27.619 us, max = 27.619 us, min = 27.619 us, total = 27.619 us
	Publisher.CheckDeadSubscribers - 1 total (1 active), Execution time: mean = 0.000 s, total = 0.000 s, Queueing time: mean = 0.000 s, max = -0.000 s, min = 9223372036.855 s, total = 0.000 s


[2025-04-26 12:07:35,364 I 2896180 2896180] (gcs_server) gcs_server.cc:874: ray_syncer_io_context Event stats:


Global stats: 4 total (0 active)
Queueing time: mean = 52.461 us, max = 168.684 us, min = 9.364 us, total = 209.842 us
Execution time:  mean = 31.508 us, total = 126.033 us
Event stats:
	event_loop_lag_probe - 2 total (0 active), Execution time: mean = 62.539 us, total = 125.079 us, Queueing time: mean = 94.490 us, max = 168.684 us, min = 20.296 us, total = 188.980 us
	RaySyncerRegister - 2 total (0 active), Execution time: mean = 477.000 ns, total = 954.000 ns, Queueing time: mean = 10.431 us, max = 11.498 us, min = 9.364 us, total = 20.862 us


[2025-04-26 12:07:38,264 I 2896180 2896180] (gcs_server) gcs_node_manager.cc:88: Registering node info, address = 10.153.51.195, node name = 10.153.51.195 node_id=c1ea262b142b4f436b4ebb800bfcf4f0ed354fc33623580b52d9423b
[2025-04-26 12:07:38,265 I 2896180 2896180] (gcs_server) gcs_node_manager.cc:94: Finished registering node info, address = 10.153.51.195, node name = 10.153.51.195, is_head_node = 1 node_id=c1ea262b142b4f436b4ebb800bfcf4f0ed354fc33623580b52d9423b
[2025-04-26 12:07:38,265 I 2896180 2896180] (gcs_server) gcs_placement_group_manager.cc:830: A new node: c1ea262b142b4f436b4ebb800bfcf4f0ed354fc33623580b52d9423b registered, will try to reschedule all the infeasible placement groups.
[2025-04-26 12:07:38,274 I 2896180 2896252] (gcs_server) ray_syncer.cc:244: Get connection node_id=c1ea262b142b4f436b4ebb800bfcf4f0ed354fc33623580b52d9423b
[2025-04-26 12:07:39,365 I 2896180 2896180] (gcs_server) gcs_job_manager.cc:90: Adding job, job id = 01000000, driver pid = 2896004
[2025-04-26 12:07:39,365 I 2896180 2896180] (gcs_server) gcs_job_manager.cc:111: Finished adding job, job id = 01000000, driver pid = 2896004
[2025-04-26 12:07:39,383 I 2896180 2896180] (gcs_server) gcs_actor_manager.cc:396: Registering actor job_id=01000000 actor_id=c92b2a642ee536ace10861bf01000000
[2025-04-26 12:07:39,383 I 2896180 2896180] (gcs_server) gcs_actor_manager.cc:401: Registered actor, job id = 01000000, actor id = c92b2a642ee536ace10861bf01000000
[2025-04-26 12:07:39,384 I 2896180 2896180] (gcs_server) gcs_actor_manager.cc:482: Creating actor job_id=01000000 actor_id=c92b2a642ee536ace10861bf01000000
[2025-04-26 12:07:39,384 I 2896180 2896180] (gcs_server) gcs_actor_scheduler.cc:313: Start leasing worker from node c1ea262b142b4f436b4ebb800bfcf4f0ed354fc33623580b52d9423b for actor c92b2a642ee536ace10861bf01000000, job id = 01000000
[2025-04-26 12:07:40,450 I 2896180 2896180] (gcs_server) gcs_actor_scheduler.cc:634: Finished leasing worker from c1ea262b142b4f436b4ebb800bfcf4f0ed354fc33623580b52d9423b for actor c92b2a642ee536ace10861bf01000000, job id = 01000000
[2025-04-26 12:07:40,450 I 2896180 2896180] (gcs_server) gcs_actor_scheduler.cc:449: Start creating actor c92b2a642ee536ace10861bf01000000 on worker 142184e870ad115e2906c82abc613a6d90b904a9ef9e90bd0712122b at node c1ea262b142b4f436b4ebb800bfcf4f0ed354fc33623580b52d9423b, job id = 01000000
[2025-04-26 12:07:49,980 I 2896180 2896180] (gcs_server) gcs_actor_scheduler.cc:486: Finished actor creation task for actor c92b2a642ee536ace10861bf01000000 on worker 142184e870ad115e2906c82abc613a6d90b904a9ef9e90bd0712122b at node c1ea262b142b4f436b4ebb800bfcf4f0ed354fc33623580b52d9423b, job id = 01000000
[2025-04-26 12:07:49,980 I 2896180 2896180] (gcs_server) gcs_actor_manager.cc:1543: Actor created successfully job_id=01000000 actor_id=c92b2a642ee536ace10861bf01000000
[2025-04-26 12:07:49,980 I 2896180 2896180] (gcs_server) gcs_actor_manager.cc:497: Finished creating actor. Status: OK job_id=01000000 actor_id=c92b2a642ee536ace10861bf01000000
[2025-04-26 12:07:53,881 I 2896180 2896180] (gcs_server) gcs_actor_manager.cc:1029: Destroying actor job_id=01000000 actor_id=c92b2a642ee536ace10861bf01000000
[2025-04-26 12:07:53,883 I 2896180 2896180] (gcs_server) gcs_job_manager.cc:149: Finished marking job state, job id = 01000000
[2025-04-26 12:07:53,884 I 2896180 2896180] (gcs_server) gcs_actor_manager.cc:1004: Worker 01000000ffffffffffffffffffffffffffffffffffffffffffffffff failed, destroying actor child, job id = 01000000
[2025-04-26 12:07:53,930 I 2896180 2896180] (gcs_server) gcs_node_manager.cc:382: Removing node, node name = 10.153.51.195, death reason = EXPECTED_TERMINATION, death message = received SIGTERM node_id=c1ea262b142b4f436b4ebb800bfcf4f0ed354fc33623580b52d9423b
[2025-04-26 12:07:53,931 I 2896180 2896180] (gcs_server) gcs_placement_group_manager.cc:800: Node failed, rescheduling the placement groups on the dead node. node_id=c1ea262b142b4f436b4ebb800bfcf4f0ed354fc33623580b52d9423b
[2025-04-26 12:07:53,931 I 2896180 2896180] (gcs_server) gcs_actor_manager.cc:1282: Node failed, reconstructing actors. node_id=c1ea262b142b4f436b4ebb800bfcf4f0ed354fc33623580b52d9423b
[2025-04-26 12:07:53,931 I 2896180 2896180] (gcs_server) gcs_job_manager.cc:467: Node failed, mark all jobs from this node as finished node_id=c1ea262b142b4f436b4ebb800bfcf4f0ed354fc33623580b52d9423b
[2025-04-26 12:07:54,053 I 2896180 2896229] (gcs_server) ray_syncer_bidi_reactor_base.h:182: Failed to read the message from: c1ea262b142b4f436b4ebb800bfcf4f0ed354fc33623580b52d9423b
[2025-04-26 12:07:54,053 I 2896180 2896229] (gcs_server) ray_syncer.cc:241: Connection is broken. node_id=c1ea262b142b4f436b4ebb800bfcf4f0ed354fc33623580b52d9423b
[2025-04-26 12:07:54,096 I 2896180 2896180] (gcs_server) gcs_server_main.cc:175: GCS server received SIGTERM, shutting down...
[2025-04-26 12:07:54,097 I 2896180 2896180] (gcs_server) gcs_server.cc:267: Stopping GCS server.
[2025-04-26 12:07:54,135 I 2896180 2896180] (gcs_server) gcs_server.cc:284: GCS server stopped.
[2025-04-26 12:07:54,135 I 2896180 2896180] (gcs_server) io_service_pool.cc:47: IOServicePool is stopped.
[2025-04-26 12:07:54,192 I 2896180 2896180] (gcs_server) stats.h:120: Stats module has shutdown.
