[2025-04-26 12:07:37,237 I 2896387 2896387] (raylet) main.cc:226: Setting cluster ID to: 1112314da39954965b24af7a40f8bc6b463807ce7c70e19ead0b7429
[2025-04-26 12:07:37,244 I 2896387 2896387] (raylet) main.cc:341: Raylet is not set to kill unknown children.
[2025-04-26 12:07:37,244 I 2896387 2896387] (raylet) io_service_pool.cc:35: IOServicePool is running with 1 io_service.
[2025-04-26 12:07:37,245 I 2896387 2896387] (raylet) main.cc:471: Setting node ID node_id=c1ea262b142b4f436b4ebb800bfcf4f0ed354fc33623580b52d9423b
[2025-04-26 12:07:37,245 I 2896387 2896387] (raylet) store_runner.cc:33: Allowing the Plasma store to use up to 36.5574GB of memory.
[2025-04-26 12:07:37,245 I 2896387 2896387] (raylet) store_runner.cc:49: Starting object store with directory /dev/shm, fallback /home/stud/wxie/EasyR1/ray, and huge page support disabled
[2025-04-26 12:07:37,245 I 2896387 2896415] (raylet) dlmalloc.cc:154: create_and_mmap_buffer(36557553672, /dev/shm/plasmaXXXXXX)
[2025-04-26 12:07:37,247 I 2896387 2896415] (raylet) store.cc:564: Plasma store debug dump: 
Current usage: 0 / 36.5574 GB
- num bytes created total: 0
0 pending objects of total size 0MB
- objects spillable: 0
- bytes spillable: 0
- objects unsealed: 0
- bytes unsealed: 0
- objects in use: 0
- bytes in use: 0
- objects evictable: 0
- bytes evictable: 0

- objects created by worker: 0
- bytes created by worker: 0
- objects restored: 0
- bytes restored: 0
- objects received: 0
- bytes received: 0
- objects errored: 0
- bytes errored: 0

[2025-04-26 12:07:38,250 I 2896387 2896387] (raylet) grpc_server.cc:135: ObjectManager server started, listening on port 45343.
[2025-04-26 12:07:38,253 I 2896387 2896387] (raylet) worker_killing_policy.cc:101: Running GroupByOwner policy.
[2025-04-26 12:07:38,253 W 2896387 2896387] (raylet) memory_monitor.cc:198: Got negative used memory for cgroup -1, setting it to zero
[2025-04-26 12:07:38,253 I 2896387 2896387] (raylet) memory_monitor.cc:48: MemoryMonitor initialized with usage threshold at 128114286592 bytes (0.95 system memory), total system memory bytes: 134857150464
[2025-04-26 12:07:38,253 I 2896387 2896387] (raylet) node_manager.cc:295: Initializing NodeManager node_id=c1ea262b142b4f436b4ebb800bfcf4f0ed354fc33623580b52d9423b
[2025-04-26 12:07:38,253 I 2896387 2896387] (raylet) grpc_server.cc:135: NodeManager server started, listening on port 34455.
[2025-04-26 12:07:38,262 I 2896387 2896493] (raylet) agent_manager.cc:78: Monitor agent process with name dashboard_agent/424238335
[2025-04-26 12:07:38,262 I 2896387 2896495] (raylet) agent_manager.cc:78: Monitor agent process with name runtime_env_agent
[2025-04-26 12:07:38,264 I 2896387 2896387] (raylet) event.cc:500: Ray Event initialized for RAYLET
[2025-04-26 12:07:38,264 I 2896387 2896387] (raylet) event.cc:331: Set ray event level to warning
[2025-04-26 12:07:38,266 I 2896387 2896387] (raylet) raylet.cc:134: Raylet of id, c1ea262b142b4f436b4ebb800bfcf4f0ed354fc33623580b52d9423b started. Raylet consists of node_manager and object_manager. node_manager address: 10.153.51.195:34455 object_manager address: 10.153.51.195:45343 hostname: marajo
[2025-04-26 12:07:38,271 I 2896387 2896387] (raylet) node_manager.cc:532: [state-dump] NodeManager:
[state-dump] Node ID: c1ea262b142b4f436b4ebb800bfcf4f0ed354fc33623580b52d9423b
[state-dump] Node name: 10.153.51.195
[state-dump] InitialConfigResources: {accelerator_type:H100: 10000, memory: 753006766080000, node:10.153.51.195: 10000, node:__internal_head__: 10000, object_store_memory: 365574328320000, CPU: 320000, GPU: 10000}
[state-dump] ClusterTaskManager:
[state-dump] ========== Node: c1ea262b142b4f436b4ebb800bfcf4f0ed354fc33623580b52d9423b =================
[state-dump] Infeasible queue length: 0
[state-dump] Schedule queue length: 0
[state-dump] Dispatch queue length: 0
[state-dump] num_waiting_for_resource: 0
[state-dump] num_waiting_for_plasma_memory: 0
[state-dump] num_waiting_for_remote_node_resources: 0
[state-dump] num_worker_not_started_by_job_config_not_exist: 0
[state-dump] num_worker_not_started_by_registration_timeout: 0
[state-dump] num_tasks_waiting_for_workers: 0
[state-dump] num_cancelled_tasks: 0
[state-dump] cluster_resource_scheduler state: 
[state-dump] Local id: 5934901347651240042 Local resources: {"total":{memory: [753006766080000], GPU: [10000], node:__internal_head__: [10000], node:10.153.51.195: [10000], object_store_memory: [365574328320000], CPU: [320000], accelerator_type:H100: [10000]}}, "available": {memory: [753006766080000], GPU: [10000], node:__internal_head__: [10000], node:10.153.51.195: [10000], object_store_memory: [365574328320000], CPU: [320000], accelerator_type:H100: [10000]}}, "labels":{"ray.io/node_id":"c1ea262b142b4f436b4ebb800bfcf4f0ed354fc33623580b52d9423b",} is_draining: 0 is_idle: 1 Cluster resources: node id: 5934901347651240042{"total":{accelerator_type:H100: 10000, memory: 753006766080000, node:10.153.51.195: 10000, object_store_memory: 365574328320000, node:__internal_head__: 10000, CPU: 320000, GPU: 10000}}, "available": {accelerator_type:H100: 10000, memory: 753006766080000, node:10.153.51.195: 10000, object_store_memory: 365574328320000, node:__internal_head__: 10000, CPU: 320000, GPU: 10000}}, "labels":{"ray.io/node_id":"c1ea262b142b4f436b4ebb800bfcf4f0ed354fc33623580b52d9423b",}, "is_draining": 0, "draining_deadline_timestamp_ms": -1} { "placment group locations": [], "node to bundles": []}
[state-dump] Waiting tasks size: 0
[state-dump] Number of executing tasks: 0
[state-dump] Number of pinned task arguments: 0
[state-dump] Number of total spilled tasks: 0
[state-dump] Number of spilled waiting tasks: 0
[state-dump] Number of spilled unschedulable tasks: 0
[state-dump] Resource usage {
[state-dump] }
[state-dump] Backlog Size per scheduling descriptor :{workerId: num backlogs}:
[state-dump] 
[state-dump] Running tasks by scheduling class:
[state-dump] ==================================================
[state-dump] 
[state-dump] ClusterResources:
[state-dump] LocalObjectManager:
[state-dump] - num pinned objects: 0
[state-dump] - pinned objects size: 0
[state-dump] - num objects pending restore: 0
[state-dump] - num objects pending spill: 0
[state-dump] - num bytes pending spill: 0
[state-dump] - num bytes currently spilled: 0
[state-dump] - cumulative spill requests: 0
[state-dump] - cumulative restore requests: 0
[state-dump] - spilled objects pending delete: 0
[state-dump] 
[state-dump] ObjectManager:
[state-dump] - num local objects: 0
[state-dump] - num unfulfilled push requests: 0
[state-dump] - num object pull requests: 0
[state-dump] - num chunks received total: 0
[state-dump] - num chunks received failed (all): 0
[state-dump] - num chunks received failed / cancelled: 0
[state-dump] - num chunks received failed / plasma error: 0
[state-dump] Event stats:
[state-dump] Global stats: 0 total (0 active)
[state-dump] Queueing time: mean = -nan s, max = -0.000 s, min = 9223372036.855 s, total = 0.000 s
[state-dump] Execution time:  mean = -nan s, total = 0.000 s
[state-dump] Event stats:
[state-dump] PushManager:
[state-dump] - num pushes in flight: 0
[state-dump] - num chunks in flight: 0
[state-dump] - num chunks remaining: 0
[state-dump] - max chunks allowed: 409
[state-dump] OwnershipBasedObjectDirectory:
[state-dump] - num listeners: 0
[state-dump] - cumulative location updates: 0
[state-dump] - num location updates per second: 34306424858582000.000
[state-dump] - num location lookups per second: 34306424858576000.000
[state-dump] - num locations added per second: 0.000
[state-dump] - num locations removed per second: 0.000
[state-dump] BufferPool:
[state-dump] - create buffer state map size: 0
[state-dump] PullManager:
[state-dump] - num bytes available for pulled objects: 36557432832
[state-dump] - num bytes being pulled (all): 0
[state-dump] - num bytes being pulled / pinned: 0
[state-dump] - get request bundles: BundlePullRequestQueue{0 total, 0 active, 0 inactive, 0 unpullable}
[state-dump] - wait request bundles: BundlePullRequestQueue{0 total, 0 active, 0 inactive, 0 unpullable}
[state-dump] - task request bundles: BundlePullRequestQueue{0 total, 0 active, 0 inactive, 0 unpullable}
[state-dump] - first get request bundle: N/A
[state-dump] - first wait request bundle: N/A
[state-dump] - first task request bundle: N/A
[state-dump] - num objects queued: 0
[state-dump] - num objects actively pulled (all): 0
[state-dump] - num objects actively pulled / pinned: 0
[state-dump] - num bundles being pulled: 0
[state-dump] - num pull retries: 0
[state-dump] - max timeout seconds: 0
[state-dump] - max timeout request is already processed. No entry.
[state-dump] 
[state-dump] WorkerPool:
[state-dump] - registered jobs: 0
[state-dump] - process_failed_job_config_missing: 0
[state-dump] - process_failed_rate_limited: 0
[state-dump] - process_failed_pending_registration: 0
[state-dump] - process_failed_runtime_env_setup_failed: 0
[state-dump] - num PYTHON workers: 0
[state-dump] - num PYTHON drivers: 0
[state-dump] - num PYTHON pending start requests: 0
[state-dump] - num PYTHON pending registration requests: 0
[state-dump] - num object spill callbacks queued: 0
[state-dump] - num object restore queued: 0
[state-dump] - num util functions queued: 0
[state-dump] - num JAVA workers: 0
[state-dump] - num JAVA drivers: 0
[state-dump] - num JAVA pending start requests: 0
[state-dump] - num JAVA pending registration requests: 0
[state-dump] - num object spill callbacks queued: 0
[state-dump] - num object restore queued: 0
[state-dump] - num util functions queued: 0
[state-dump] - num idle workers: 0
[state-dump] TaskDependencyManager:
[state-dump] - task deps map size: 0
[state-dump] - get req map size: 0
[state-dump] - wait req map size: 0
[state-dump] - local objects map size: 0
[state-dump] WaitManager:
[state-dump] - num active wait requests: 0
[state-dump] Subscriber:
[state-dump] Channel WORKER_OBJECT_EVICTION
[state-dump] - cumulative subscribe requests: 0
[state-dump] - cumulative unsubscribe requests: 0
[state-dump] - active subscribed publishers: 0
[state-dump] - cumulative published messages: 0
[state-dump] - cumulative processed messages: 0
[state-dump] Channel WORKER_OBJECT_LOCATIONS_CHANNEL
[state-dump] - cumulative subscribe requests: 0
[state-dump] - cumulative unsubscribe requests: 0
[state-dump] - active subscribed publishers: 0
[state-dump] - cumulative published messages: 0
[state-dump] - cumulative processed messages: 0
[state-dump] Channel WORKER_REF_REMOVED_CHANNEL
[state-dump] - cumulative subscribe requests: 0
[state-dump] - cumulative unsubscribe requests: 0
[state-dump] - active subscribed publishers: 0
[state-dump] - cumulative published messages: 0
[state-dump] - cumulative processed messages: 0
[state-dump] num async plasma notifications: 0
[state-dump] Remote node managers: 
[state-dump] Event stats:
[state-dump] Global stats: 28 total (13 active)
[state-dump] Queueing time: mean = 1.851 ms, max = 11.444 ms, min = 18.546 us, total = 51.816 ms
[state-dump] Execution time:  mean = 36.741 ms, total = 1.029 s
[state-dump] Event stats:
[state-dump] 	PeriodicalRunner.RunFnPeriodically - 11 total (2 active, 1 running), Execution time: mean = 407.472 us, total = 4.482 ms, Queueing time: mean = 4.697 ms, max = 11.444 ms, min = 80.128 us, total = 51.663 ms
[state-dump] 	NodeManager.deadline_timer.debug_state_dump - 1 total (1 active), Execution time: mean = 0.000 s, total = 0.000 s, Queueing time: mean = 0.000 s, max = -0.000 s, min = 9223372036.855 s, total = 0.000 s
[state-dump] 	RayletWorkerPool.deadline_timer.kill_idle_workers - 1 total (1 active), Execution time: mean = 0.000 s, total = 0.000 s, Queueing time: mean = 0.000 s, max = -0.000 s, min = 9223372036.855 s, total = 0.000 s
[state-dump] 	ray::rpc::NodeInfoGcsService.grpc_client.RegisterNode - 1 total (0 active), Execution time: mean = 1.633 ms, total = 1.633 ms, Queueing time: mean = 0.000 s, max = -0.000 s, min = 9223372036.855 s, total = 0.000 s
[state-dump] 	ray::rpc::InternalKVGcsService.grpc_client.GetInternalConfig - 1 total (0 active), Execution time: mean = 951.970 us, total = 951.970 us, Queueing time: mean = 0.000 s, max = -0.000 s, min = 9223372036.855 s, total = 0.000 s
[state-dump] 	NodeManager.deadline_timer.spill_objects_when_over_threshold - 1 total (1 active), Execution time: mean = 0.000 s, total = 0.000 s, Queueing time: mean = 0.000 s, max = -0.000 s, min = 9223372036.855 s, total = 0.000 s
[state-dump] 	MemoryMonitor.CheckIsMemoryUsageAboveThreshold - 1 total (1 active), Execution time: mean = 0.000 s, total = 0.000 s, Queueing time: mean = 0.000 s, max = -0.000 s, min = 9223372036.855 s, total = 0.000 s
[state-dump] 	ray::rpc::InternalPubSubGcsService.grpc_client.GcsSubscriberCommandBatch.OnReplyReceived - 1 total (1 active), Execution time: mean = 0.000 s, total = 0.000 s, Queueing time: mean = 0.000 s, max = -0.000 s, min = 9223372036.855 s, total = 0.000 s
[state-dump] 	NodeManager.deadline_timer.record_metrics - 1 total (1 active), Execution time: mean = 0.000 s, total = 0.000 s, Queueing time: mean = 0.000 s, max = -0.000 s, min = 9223372036.855 s, total = 0.000 s
[state-dump] 	ObjectManager.UpdateAvailableMemory - 1 total (0 active), Execution time: mean = 3.687 us, total = 3.687 us, Queueing time: mean = 19.588 us, max = 19.588 us, min = 19.588 us, total = 19.588 us
[state-dump] 	ray::rpc::NodeInfoGcsService.grpc_client.RegisterNode.OnReplyReceived - 1 total (0 active), Execution time: mean = 828.463 us, total = 828.463 us, Queueing time: mean = 115.195 us, max = 115.195 us, min = 115.195 us, total = 115.195 us
[state-dump] 	ray::rpc::InternalKVGcsService.grpc_client.GetInternalConfig.OnReplyReceived - 1 total (0 active), Execution time: mean = 1.020 s, total = 1.020 s, Queueing time: mean = 18.546 us, max = 18.546 us, min = 18.546 us, total = 18.546 us
[state-dump] 	NodeManager.GCTaskFailureReason - 1 total (1 active), Execution time: mean = 0.000 s, total = 0.000 s, Queueing time: mean = 0.000 s, max = -0.000 s, min = 9223372036.855 s, total = 0.000 s
[state-dump] 	ray::rpc::InternalPubSubGcsService.grpc_client.GcsSubscriberCommandBatch - 1 total (0 active), Execution time: mean = 930.753 us, total = 930.753 us, Queueing time: mean = 0.000 s, max = -0.000 s, min = 9223372036.855 s, total = 0.000 s
[state-dump] 	NodeManager.ScheduleAndDispatchTasks - 1 total (1 active), Execution time: mean = 0.000 s, total = 0.000 s, Queueing time: mean = 0.000 s, max = -0.000 s, min = 9223372036.855 s, total = 0.000 s
[state-dump] 	NodeManager.deadline_timer.flush_free_objects - 1 total (1 active), Execution time: mean = 0.000 s, total = 0.000 s, Queueing time: mean = 0.000 s, max = -0.000 s, min = 9223372036.855 s, total = 0.000 s
[state-dump] 	ClusterResourceManager.ResetRemoteNodeView - 1 total (1 active), Execution time: mean = 0.000 s, total = 0.000 s, Queueing time: mean = 0.000 s, max = -0.000 s, min = 9223372036.855 s, total = 0.000 s
[state-dump] 	ray::rpc::InternalPubSubGcsService.grpc_client.GcsSubscriberPoll - 1 total (1 active), Execution time: mean = 0.000 s, total = 0.000 s, Queueing time: mean = 0.000 s, max = -0.000 s, min = 9223372036.855 s, total = 0.000 s
[state-dump] DebugString() time ms: 1
[state-dump] 
[state-dump] 
[2025-04-26 12:07:38,273 I 2896387 2896387] (raylet) accessor.cc:777: Received notification for node, IsAlive = 1 node_id=c1ea262b142b4f436b4ebb800bfcf4f0ed354fc33623580b52d9423b
[2025-04-26 12:07:38,309 I 2896387 2896387] (raylet) worker_pool.cc:729: [Eagerly] Start install runtime environment for job 01000000.
[2025-04-26 12:07:38,313 I 2896387 2896387] (raylet) worker_pool.cc:522: Started worker process with pid 2896517, the token is 0
[2025-04-26 12:07:38,316 I 2896387 2896387] (raylet) worker_pool.cc:522: Started worker process with pid 2896518, the token is 1
[2025-04-26 12:07:38,319 I 2896387 2896387] (raylet) worker_pool.cc:522: Started worker process with pid 2896519, the token is 2
[2025-04-26 12:07:38,323 I 2896387 2896387] (raylet) worker_pool.cc:522: Started worker process with pid 2896520, the token is 3
[2025-04-26 12:07:38,326 I 2896387 2896387] (raylet) worker_pool.cc:522: Started worker process with pid 2896521, the token is 4
[2025-04-26 12:07:38,330 I 2896387 2896387] (raylet) worker_pool.cc:522: Started worker process with pid 2896522, the token is 5
[2025-04-26 12:07:38,333 I 2896387 2896387] (raylet) worker_pool.cc:522: Started worker process with pid 2896523, the token is 6
[2025-04-26 12:07:38,336 I 2896387 2896387] (raylet) worker_pool.cc:522: Started worker process with pid 2896524, the token is 7
[2025-04-26 12:07:38,340 I 2896387 2896387] (raylet) worker_pool.cc:522: Started worker process with pid 2896525, the token is 8
[2025-04-26 12:07:38,343 I 2896387 2896387] (raylet) worker_pool.cc:522: Started worker process with pid 2896526, the token is 9
[2025-04-26 12:07:38,347 I 2896387 2896387] (raylet) worker_pool.cc:522: Started worker process with pid 2896527, the token is 10
[2025-04-26 12:07:38,350 I 2896387 2896387] (raylet) worker_pool.cc:522: Started worker process with pid 2896528, the token is 11
[2025-04-26 12:07:38,354 I 2896387 2896387] (raylet) worker_pool.cc:522: Started worker process with pid 2896529, the token is 12
[2025-04-26 12:07:38,357 I 2896387 2896387] (raylet) worker_pool.cc:522: Started worker process with pid 2896530, the token is 13
[2025-04-26 12:07:38,361 I 2896387 2896387] (raylet) worker_pool.cc:522: Started worker process with pid 2896531, the token is 14
[2025-04-26 12:07:38,363 I 2896387 2896387] (raylet) worker_pool.cc:522: Started worker process with pid 2896532, the token is 15
[2025-04-26 12:07:38,367 I 2896387 2896387] (raylet) worker_pool.cc:522: Started worker process with pid 2896533, the token is 16
[2025-04-26 12:07:38,372 I 2896387 2896387] (raylet) worker_pool.cc:522: Started worker process with pid 2896534, the token is 17
[2025-04-26 12:07:38,387 I 2896387 2896387] (raylet) worker_pool.cc:522: Started worker process with pid 2896535, the token is 18
[2025-04-26 12:07:38,390 I 2896387 2896387] (raylet) worker_pool.cc:522: Started worker process with pid 2896536, the token is 19
[2025-04-26 12:07:38,394 I 2896387 2896387] (raylet) worker_pool.cc:522: Started worker process with pid 2896537, the token is 20
[2025-04-26 12:07:38,397 I 2896387 2896387] (raylet) worker_pool.cc:522: Started worker process with pid 2896538, the token is 21
[2025-04-26 12:07:38,402 I 2896387 2896387] (raylet) worker_pool.cc:522: Started worker process with pid 2896539, the token is 22
[2025-04-26 12:07:38,406 I 2896387 2896387] (raylet) worker_pool.cc:522: Started worker process with pid 2896540, the token is 23
[2025-04-26 12:07:38,411 I 2896387 2896387] (raylet) worker_pool.cc:522: Started worker process with pid 2896541, the token is 24
[2025-04-26 12:07:38,415 I 2896387 2896387] (raylet) worker_pool.cc:522: Started worker process with pid 2896542, the token is 25
[2025-04-26 12:07:38,419 I 2896387 2896387] (raylet) worker_pool.cc:522: Started worker process with pid 2896543, the token is 26
[2025-04-26 12:07:38,423 I 2896387 2896387] (raylet) worker_pool.cc:522: Started worker process with pid 2896544, the token is 27
[2025-04-26 12:07:38,428 I 2896387 2896387] (raylet) worker_pool.cc:522: Started worker process with pid 2896545, the token is 28
[2025-04-26 12:07:38,433 I 2896387 2896387] (raylet) worker_pool.cc:522: Started worker process with pid 2896546, the token is 29
[2025-04-26 12:07:38,437 I 2896387 2896387] (raylet) worker_pool.cc:522: Started worker process with pid 2896547, the token is 30
[2025-04-26 12:07:38,442 I 2896387 2896387] (raylet) worker_pool.cc:522: Started worker process with pid 2896548, the token is 31
[2025-04-26 12:07:38,443 I 2896387 2896387] (raylet) runtime_env_agent_client.cc:340: Runtime Env Agent network error: NotFound: on_connect Connection refused, the server may be still starting or is already failed. Scheduling a retry in 1000ms...
[2025-04-26 12:07:39,100 I 2896387 2896415] (raylet) object_store.cc:35: Object store current usage 8e-09 / 36.5574 GB.
[2025-04-26 12:07:39,366 I 2896387 2896387] (raylet) worker_pool.cc:719: Job 01000000 already started in worker pool.
[2025-04-26 12:07:39,388 I 2896387 2896387] (raylet) runtime_env_agent_client.cc:383: Create runtime env for job 01000000
[2025-04-26 12:07:39,392 I 2896387 2896387] (raylet) worker_pool.cc:522: Started worker process with pid 2898426, the token is 32
[2025-04-26 12:07:39,447 I 2896387 2896387] (raylet) runtime_env_agent_client.cc:383: Create runtime env for job 01000000
[2025-04-26 12:07:39,447 I 2896387 2896387] (raylet) worker_pool.cc:740: [Eagerly] Create runtime env successful for job 01000000.
[2025-04-26 12:07:40,479 I 2896387 2896387] (raylet) node_manager.cc:1549: NodeManager::DisconnectClient, disconnect_type=1, has creation task exception = false
[2025-04-26 12:07:43,269 W 2896387 2896387] (raylet) memory_monitor.cc:198: Got negative used memory for cgroup -1, setting it to zero
[2025-04-26 12:07:48,276 W 2896387 2896387] (raylet) memory_monitor.cc:198: Got negative used memory for cgroup -1, setting it to zero
[2025-04-26 12:07:53,283 W 2896387 2896387] (raylet) memory_monitor.cc:198: Got negative used memory for cgroup -1, setting it to zero
[2025-04-26 12:07:53,880 I 2896387 2896387] (raylet) node_manager.cc:1549: NodeManager::DisconnectClient, disconnect_type=3, has creation task exception = false
[2025-04-26 12:07:53,881 I 2896387 2896387] (raylet) node_manager.cc:1654: Driver (pid=2896004) is disconnected. worker_id=01000000ffffffffffffffffffffffffffffffffffffffffffffffff job_id=01000000
[2025-04-26 12:07:53,884 I 2896387 2896387] (raylet) node_manager.cc:1082: The leased worker 142184e870ad115e2906c82abc613a6d90b904a9ef9e90bd0712122b is killed because the owner process 01000000ffffffffffffffffffffffffffffffffffffffffffffffff died.
[2025-04-26 12:07:53,885 I 2896387 2896387] (raylet) worker_pool.cc:719: Job 01000000 already started in worker pool.
[2025-04-26 12:07:53,885 I 2896387 2896387] (raylet) node_manager.cc:640: The leased worker  is killed because the job 01000000 finished. worker_id=142184e870ad115e2906c82abc613a6d90b904a9ef9e90bd0712122b
[2025-04-26 12:07:53,909 I 2896387 2896387] (raylet) node_manager.cc:1549: NodeManager::DisconnectClient, disconnect_type=1, has creation task exception = false
[2025-04-26 12:07:53,930 I 2896387 2896387] (raylet) main.cc:506: received SIGTERM. Existing local drain request = None
[2025-04-26 12:07:53,930 I 2896387 2896387] (raylet) main.cc:307: Raylet graceful shutdown triggered, reason = EXPECTED_TERMINATION, reason message = received SIGTERM
[2025-04-26 12:07:53,930 I 2896387 2896387] (raylet) main.cc:310: Shutting down...
[2025-04-26 12:07:53,930 I 2896387 2896387] (raylet) accessor.cc:511: Unregistering node node_id=c1ea262b142b4f436b4ebb800bfcf4f0ed354fc33623580b52d9423b
[2025-04-26 12:07:53,931 I 2896387 2896387] (raylet) accessor.cc:524: Finished unregistering node info, status = OK node_id=c1ea262b142b4f436b4ebb800bfcf4f0ed354fc33623580b52d9423b
[2025-04-26 12:07:53,935 I 2896387 2896387] (raylet) agent_manager.cc:113: Killing agent dashboard_agent/424238335, pid 2896492.
[2025-04-26 12:07:53,950 I 2896387 2896493] (raylet) agent_manager.cc:80: Agent process with name dashboard_agent/424238335 exited, exit code 0.
[2025-04-26 12:07:53,950 I 2896387 2896387] (raylet) agent_manager.cc:113: Killing agent runtime_env_agent, pid 2896494.
[2025-04-26 12:07:53,959 I 2896387 2896495] (raylet) agent_manager.cc:80: Agent process with name runtime_env_agent exited, exit code 0.
[2025-04-26 12:07:53,960 I 2896387 2896387] (raylet) io_service_pool.cc:47: IOServicePool is stopped.
[2025-04-26 12:07:53,964 I 2896387 2896387] (raylet) stats.h:120: Stats module has shutdown.
