[2025-04-26 13:14:18,837 I 2937001 2937001] (gcs_server) gcs_server_main.cc:95: Ray cluster metadata ray_version=2.43.0 ray_commit=ecdcdc6a6e63dc4bcd6ea16aae256ce4d32a7e2c
[2025-04-26 13:14:18,837 I 2937001 2937001] (gcs_server) io_service_pool.cc:35: IOServicePool is running with 1 io_service.
[2025-04-26 13:14:18,845 I 2937001 2937001] (gcs_server) event.cc:500: Ray Event initialized for GCS
[2025-04-26 13:14:18,848 I 2937001 2937001] (gcs_server) event.cc:500: Ray Event initialized for EXPORT_NODE
[2025-04-26 13:14:18,849 I 2937001 2937001] (gcs_server) event.cc:500: Ray Event initialized for EXPORT_ACTOR
[2025-04-26 13:14:18,850 I 2937001 2937001] (gcs_server) event.cc:500: Ray Event initialized for EXPORT_DRIVER_JOB
[2025-04-26 13:14:18,850 I 2937001 2937001] (gcs_server) event.cc:331: Set ray event level to warning
[2025-04-26 13:14:18,850 I 2937001 2937001] (gcs_server) gcs_server.cc:73: GCS storage type is StorageType::IN_MEMORY
[2025-04-26 13:14:18,851 I 2937001 2937001] (gcs_server) gcs_init_data.cc:42: Loading job table data.
[2025-04-26 13:14:18,851 I 2937001 2937001] (gcs_server) gcs_init_data.cc:52: Loading node table data.
[2025-04-26 13:14:18,851 I 2937001 2937001] (gcs_server) gcs_init_data.cc:74: Loading actor table data.
[2025-04-26 13:14:18,851 I 2937001 2937001] (gcs_server) gcs_init_data.cc:85: Loading actor task spec table data.
[2025-04-26 13:14:18,851 I 2937001 2937001] (gcs_server) gcs_init_data.cc:62: Loading placement group table data.
[2025-04-26 13:14:18,851 I 2937001 2937001] (gcs_server) gcs_init_data.cc:46: Finished loading job table data, size = 0
[2025-04-26 13:14:18,851 I 2937001 2937001] (gcs_server) gcs_init_data.cc:56: Finished loading node table data, size = 0
[2025-04-26 13:14:18,851 I 2937001 2937001] (gcs_server) gcs_init_data.cc:79: Finished loading actor table data, size = 0
[2025-04-26 13:14:18,851 I 2937001 2937001] (gcs_server) gcs_init_data.cc:90: Finished loading actor task spec table data, size = 0
[2025-04-26 13:14:18,851 I 2937001 2937001] (gcs_server) gcs_init_data.cc:68: Finished loading placement group table data, size = 0
[2025-04-26 13:14:18,851 I 2937001 2937001] (gcs_server) gcs_server.cc:157: No existing server cluster ID found. Generating new ID: a19b7130663e25df7984a082b8600f1ac72dcfd7c32548595d398002
[2025-04-26 13:14:18,851 I 2937001 2937001] (gcs_server) gcs_server.cc:672: Autoscaler V2 enabled: 0
[2025-04-26 13:14:18,853 I 2937001 2937001] (gcs_server) grpc_server.cc:135: GcsServer server started, listening on port 56165.
[2025-04-26 13:14:18,943 I 2937001 2937001] (gcs_server) gcs_server.cc:245: Gcs Debug state:

GcsNodeManager: 
- RegisterNode request count: 0
- DrainNode request count: 0
- GetAllNodeInfo request count: 0

GcsActorManager: 
- RegisterActor request count: 0
- CreateActor request count: 0
- GetActorInfo request count: 0
- GetNamedActorInfo request count: 0
- GetAllActorInfo request count: 0
- KillActor request count: 0
- ListNamedActors request count: 0
- Registered actors count: 0
- Destroyed actors count: 0
- Named actors count: 0
- Unresolved actors count: 0
- Pending actors count: 0
- Created actors count: 0
- owners_: 0
- actor_to_register_callbacks_: 0
- actor_to_restart_callbacks_: 0
- actor_to_create_callbacks_: 0
- sorted_destroyed_actor_list_: 0

GcsResourceManager: 
- GetAllAvailableResources request count: 0
- GetAllTotalResources request count: 0
- GetAllResourceUsage request count: 0

GcsPlacementGroupManager: 
- CreatePlacementGroup request count: 0
- RemovePlacementGroup request count: 0
- GetPlacementGroup request count: 0
- GetAllPlacementGroup request count: 0
- WaitPlacementGroupUntilReady request count: 0
- GetNamedPlacementGroup request count: 0
- Scheduling pending placement group count: 0
- Registered placement groups count: 0
- Named placement group count: 0
- Pending placement groups count: 0
- Infeasible placement groups count: 0

Publisher:

[runtime env manager] ID to URIs table:
[runtime env manager] URIs reference table:

GcsTaskManager: 
-Total num task events reported: 0
-Total num status task events dropped: 0
-Total num profile events dropped: 0
-Current num of task events stored: 0
-Total num of actor creation tasks: 0
-Total num of actor tasks: 0
-Total num of normal tasks: 0
-Total num of driver tasks: 0

GcsAutoscalerStateManager: 
- last_seen_autoscaler_state_version_: 0
- last_cluster_resource_state_version_: 0
- pending demands:



[2025-04-26 13:14:18,943 I 2937001 2937001] (gcs_server) gcs_server.cc:870: Main service Event stats:


Global stats: 24 total (4 active)
Queueing time: mean = 34.742 ms, max = 91.392 ms, min = 107.000 ns, total = 833.816 ms
Execution time:  mean = 7.623 ms, total = 182.952 ms
Event stats:
	GcsInMemoryStore.Put - 8 total (0 active), Execution time: mean = 11.428 ms, total = 91.425 ms, Queueing time: mean = 79.594 ms, max = 91.104 ms, min = 4.790 us, total = 636.754 ms
	GcsInMemoryStore.GetAll - 5 total (0 active), Execution time: mean = 9.766 us, total = 48.830 us, Queueing time: mean = 25.909 us, max = 28.061 us, min = 23.658 us, total = 129.547 us
	PeriodicalRunner.RunFnPeriodically - 4 total (2 active, 1 running), Execution time: mean = 2.867 us, total = 11.467 us, Queueing time: mean = 45.674 ms, max = 91.392 ms, min = 91.303 ms, total = 182.695 ms
	event_loop_lag_probe - 2 total (0 active), Execution time: mean = 8.178 us, total = 16.356 us, Queueing time: mean = 7.109 ms, max = 14.162 ms, min = 57.139 us, total = 14.219 ms
	GcsServer.GetOrGenerateClusterId.continuation - 1 total (0 active), Execution time: mean = 91.408 ms, total = 91.408 ms, Queueing time: mean = 107.000 ns, max = 107.000 ns, min = 107.000 ns, total = 107.000 ns
	RayletLoadPulled - 1 total (1 active), Execution time: mean = 0.000 s, total = 0.000 s, Queueing time: mean = 0.000 s, max = -0.000 s, min = 9223372036.855 s, total = 0.000 s
	GcsInitData::AsyncLoad - 1 total (0 active), Execution time: mean = 25.130 us, total = 25.130 us, Queueing time: mean = 462.000 ns, max = 462.000 ns, min = 462.000 ns, total = 462.000 ns
	GcsInMemoryStore.Get - 1 total (0 active), Execution time: mean = 17.358 us, total = 17.358 us, Queueing time: mean = 18.634 us, max = 18.634 us, min = 18.634 us, total = 18.634 us
	ClusterResourceManager.ResetRemoteNodeView - 1 total (1 active), Execution time: mean = 0.000 s, total = 0.000 s, Queueing time: mean = 0.000 s, max = -0.000 s, min = 9223372036.855 s, total = 0.000 s


[2025-04-26 13:14:18,943 I 2937001 2937001] (gcs_server) gcs_server.cc:874: task_io_context Event stats:


Global stats: 4 total (1 active)
Queueing time: mean = 67.763 us, max = 236.480 us, min = 14.339 us, total = 271.052 us
Execution time:  mean = 46.443 us, total = 185.772 us
Event stats:
	event_loop_lag_probe - 2 total (0 active), Execution time: mean = 89.026 us, total = 178.052 us, Queueing time: mean = 128.357 us, max = 236.480 us, min = 20.233 us, total = 256.713 us
	GcsTaskManager.GcJobSummary - 1 total (1 active), Execution time: mean = 0.000 s, total = 0.000 s, Queueing time: mean = 0.000 s, max = -0.000 s, min = 9223372036.855 s, total = 0.000 s
	PeriodicalRunner.RunFnPeriodically - 1 total (0 active), Execution time: mean = 7.720 us, total = 7.720 us, Queueing time: mean = 14.339 us, max = 14.339 us, min = 14.339 us, total = 14.339 us


[2025-04-26 13:14:18,943 I 2937001 2937001] (gcs_server) gcs_server.cc:874: pubsub_io_context Event stats:


Global stats: 4 total (1 active)
Queueing time: mean = 99.701 us, max = 348.037 us, min = 24.899 us, total = 398.806 us
Execution time:  mean = 45.383 us, total = 181.532 us
Event stats:
	event_loop_lag_probe - 2 total (0 active), Execution time: mean = 85.550 us, total = 171.100 us, Queueing time: mean = 186.953 us, max = 348.037 us, min = 25.870 us, total = 373.907 us
	Publisher.CheckDeadSubscribers - 1 total (1 active), Execution time: mean = 0.000 s, total = 0.000 s, Queueing time: mean = 0.000 s, max = -0.000 s, min = 9223372036.855 s, total = 0.000 s
	PeriodicalRunner.RunFnPeriodically - 1 total (0 active), Execution time: mean = 10.432 us, total = 10.432 us, Queueing time: mean = 24.899 us, max = 24.899 us, min = 24.899 us, total = 24.899 us


[2025-04-26 13:14:18,943 I 2937001 2937001] (gcs_server) gcs_server.cc:874: ray_syncer_io_context Event stats:


Global stats: 4 total (0 active)
Queueing time: mean = 356.293 us, max = 1.333 ms, min = 19.710 us, total = 1.425 ms
Execution time:  mean = 38.115 us, total = 152.460 us
Event stats:
	RaySyncerRegister - 2 total (0 active), Execution time: mean = 1.165 us, total = 2.329 us, Queueing time: mean = 36.229 us, max = 37.457 us, min = 35.001 us, total = 72.458 us
	event_loop_lag_probe - 2 total (0 active), Execution time: mean = 75.066 us, total = 150.131 us, Queueing time: mean = 676.356 us, max = 1.333 ms, min = 19.710 us, total = 1.353 ms


[2025-04-26 13:14:21,605 I 2937001 2937001] (gcs_server) gcs_node_manager.cc:88: Registering node info, address = 10.153.51.195, node name = 10.153.51.195 node_id=94211449d5f79e7408b75a911de74f807eaefba004f146d9d64b8e8d
[2025-04-26 13:14:21,605 I 2937001 2937001] (gcs_server) gcs_node_manager.cc:94: Finished registering node info, address = 10.153.51.195, node name = 10.153.51.195, is_head_node = 1 node_id=94211449d5f79e7408b75a911de74f807eaefba004f146d9d64b8e8d
[2025-04-26 13:14:21,605 I 2937001 2937001] (gcs_server) gcs_placement_group_manager.cc:830: A new node: 94211449d5f79e7408b75a911de74f807eaefba004f146d9d64b8e8d registered, will try to reschedule all the infeasible placement groups.
[2025-04-26 13:14:21,612 I 2937001 2937064] (gcs_server) ray_syncer.cc:244: Get connection node_id=94211449d5f79e7408b75a911de74f807eaefba004f146d9d64b8e8d
[2025-04-26 13:14:22,697 I 2937001 2937001] (gcs_server) gcs_job_manager.cc:90: Adding job, job id = 01000000, driver pid = 2936817
[2025-04-26 13:14:22,697 I 2937001 2937001] (gcs_server) gcs_job_manager.cc:111: Finished adding job, job id = 01000000, driver pid = 2936817
[2025-04-26 13:14:22,717 I 2937001 2937001] (gcs_server) gcs_actor_manager.cc:396: Registering actor job_id=01000000 actor_id=9780559ad2480548b787533601000000
[2025-04-26 13:14:22,718 I 2937001 2937001] (gcs_server) gcs_actor_manager.cc:401: Registered actor, job id = 01000000, actor id = 9780559ad2480548b787533601000000
[2025-04-26 13:14:22,718 I 2937001 2937001] (gcs_server) gcs_actor_manager.cc:482: Creating actor job_id=01000000 actor_id=9780559ad2480548b787533601000000
[2025-04-26 13:14:22,718 I 2937001 2937001] (gcs_server) gcs_actor_scheduler.cc:313: Start leasing worker from node 94211449d5f79e7408b75a911de74f807eaefba004f146d9d64b8e8d for actor 9780559ad2480548b787533601000000, job id = 01000000
[2025-04-26 13:14:23,671 I 2937001 2937001] (gcs_server) gcs_actor_scheduler.cc:634: Finished leasing worker from 94211449d5f79e7408b75a911de74f807eaefba004f146d9d64b8e8d for actor 9780559ad2480548b787533601000000, job id = 01000000
[2025-04-26 13:14:23,672 I 2937001 2937001] (gcs_server) gcs_actor_scheduler.cc:449: Start creating actor 9780559ad2480548b787533601000000 on worker c96f6818b42702e7737cafb6e13383dcd5d44fee2ad76104f39dcb03 at node 94211449d5f79e7408b75a911de74f807eaefba004f146d9d64b8e8d, job id = 01000000
[2025-04-26 13:14:32,578 I 2937001 2937001] (gcs_server) gcs_actor_scheduler.cc:486: Finished actor creation task for actor 9780559ad2480548b787533601000000 on worker c96f6818b42702e7737cafb6e13383dcd5d44fee2ad76104f39dcb03 at node 94211449d5f79e7408b75a911de74f807eaefba004f146d9d64b8e8d, job id = 01000000
[2025-04-26 13:14:32,579 I 2937001 2937001] (gcs_server) gcs_actor_manager.cc:1543: Actor created successfully job_id=01000000 actor_id=9780559ad2480548b787533601000000
[2025-04-26 13:14:32,579 I 2937001 2937001] (gcs_server) gcs_actor_manager.cc:497: Finished creating actor. Status: OK job_id=01000000 actor_id=9780559ad2480548b787533601000000
[2025-04-26 13:15:03,257 I 2937001 2937001] (gcs_server) gcs_actor_manager.cc:1029: Destroying actor job_id=01000000 actor_id=9780559ad2480548b787533601000000
[2025-04-26 13:15:03,258 I 2937001 2937001] (gcs_server) gcs_job_manager.cc:149: Finished marking job state, job id = 01000000
[2025-04-26 13:15:03,258 I 2937001 2937001] (gcs_server) gcs_actor_manager.cc:1004: Worker 01000000ffffffffffffffffffffffffffffffffffffffffffffffff failed, destroying actor child, job id = 01000000
[2025-04-26 13:15:03,280 W 2937001 2937001] (gcs_server) gcs_worker_manager.cc:59: Reporting worker exit, worker id = c96f6818b42702e7737cafb6e13383dcd5d44fee2ad76104f39dcb03, node id = 94211449d5f79e7408b75a911de74f807eaefba004f146d9d64b8e8d, address = 10.153.51.195, exit_type = SYSTEM_ERROR, exit_detail = Worker exits unexpectedly by a signal. SystemExit is raised (sys.exit is called). Exit code: 1. The process receives a SIGTERM.. Unintentional worker failures have been reported. If there are lots of this logs, that might indicate there are unexpected failures in the cluster.
[2025-04-26 13:15:03,280 W 2937001 2937001] (gcs_server) gcs_actor_manager.cc:1204: Worker c96f6818b42702e7737cafb6e13383dcd5d44fee2ad76104f39dcb03 on node 94211449d5f79e7408b75a911de74f807eaefba004f146d9d64b8e8d exits, type=SYSTEM_ERROR, has creation_task_exception = 0 worker_id=c96f6818b42702e7737cafb6e13383dcd5d44fee2ad76104f39dcb03
[2025-04-26 13:15:03,295 I 2937001 2937001] (gcs_server) gcs_node_manager.cc:382: Removing node, node name = 10.153.51.195, death reason = EXPECTED_TERMINATION, death message = received SIGTERM node_id=94211449d5f79e7408b75a911de74f807eaefba004f146d9d64b8e8d
[2025-04-26 13:15:03,295 I 2937001 2937001] (gcs_server) gcs_placement_group_manager.cc:800: Node failed, rescheduling the placement groups on the dead node. node_id=94211449d5f79e7408b75a911de74f807eaefba004f146d9d64b8e8d
[2025-04-26 13:15:03,295 I 2937001 2937001] (gcs_server) gcs_actor_manager.cc:1282: Node failed, reconstructing actors. node_id=94211449d5f79e7408b75a911de74f807eaefba004f146d9d64b8e8d
[2025-04-26 13:15:03,295 I 2937001 2937001] (gcs_server) gcs_job_manager.cc:467: Node failed, mark all jobs from this node as finished node_id=94211449d5f79e7408b75a911de74f807eaefba004f146d9d64b8e8d
[2025-04-26 13:15:03,681 I 2937001 2937050] (gcs_server) ray_syncer_bidi_reactor_base.h:182: Failed to read the message from: 94211449d5f79e7408b75a911de74f807eaefba004f146d9d64b8e8d
[2025-04-26 13:15:03,681 I 2937001 2937050] (gcs_server) ray_syncer.cc:241: Connection is broken. node_id=94211449d5f79e7408b75a911de74f807eaefba004f146d9d64b8e8d
[2025-04-26 13:15:03,710 I 2937001 2937001] (gcs_server) gcs_server_main.cc:175: GCS server received SIGTERM, shutting down...
[2025-04-26 13:15:03,710 I 2937001 2937001] (gcs_server) gcs_server.cc:267: Stopping GCS server.
[2025-04-26 13:15:03,738 I 2937001 2937001] (gcs_server) gcs_server.cc:284: GCS server stopped.
[2025-04-26 13:15:03,738 I 2937001 2937001] (gcs_server) io_service_pool.cc:47: IOServicePool is stopped.
[2025-04-26 13:15:03,791 I 2937001 2937001] (gcs_server) stats.h:120: Stats module has shutdown.
