[2025-04-26 13:14:20,575 I 2937211 2937211] (raylet) main.cc:226: Setting cluster ID to: a19b7130663e25df7984a082b8600f1ac72dcfd7c32548595d398002
[2025-04-26 13:14:20,583 I 2937211 2937211] (raylet) main.cc:341: Raylet is not set to kill unknown children.
[2025-04-26 13:14:20,584 I 2937211 2937211] (raylet) io_service_pool.cc:35: IOServicePool is running with 1 io_service.
[2025-04-26 13:14:20,584 I 2937211 2937211] (raylet) main.cc:471: Setting node ID node_id=94211449d5f79e7408b75a911de74f807eaefba004f146d9d64b8e8d
[2025-04-26 13:14:20,584 I 2937211 2937211] (raylet) store_runner.cc:33: Allowing the Plasma store to use up to 36.4288GB of memory.
[2025-04-26 13:14:20,584 I 2937211 2937211] (raylet) store_runner.cc:49: Starting object store with directory /dev/shm, fallback /home/stud/wxie/EasyR1/ray, and huge page support disabled
[2025-04-26 13:14:20,585 I 2937211 2937239] (raylet) dlmalloc.cc:154: create_and_mmap_buffer(36428840968, /dev/shm/plasmaXXXXXX)
[2025-04-26 13:14:20,587 I 2937211 2937239] (raylet) store.cc:564: Plasma store debug dump: 
Current usage: 0 / 36.4288 GB
- num bytes created total: 0
0 pending objects of total size 0MB
- objects spillable: 0
- bytes spillable: 0
- objects unsealed: 0
- bytes unsealed: 0
- objects in use: 0
- bytes in use: 0
- objects evictable: 0
- bytes evictable: 0

- objects created by worker: 0
- bytes created by worker: 0
- objects restored: 0
- bytes restored: 0
- objects received: 0
- bytes received: 0
- objects errored: 0
- bytes errored: 0

[2025-04-26 13:14:21,589 I 2937211 2937211] (raylet) grpc_server.cc:135: ObjectManager server started, listening on port 45033.
[2025-04-26 13:14:21,592 I 2937211 2937211] (raylet) worker_killing_policy.cc:101: Running GroupByOwner policy.
[2025-04-26 13:14:21,592 W 2937211 2937211] (raylet) memory_monitor.cc:198: Got negative used memory for cgroup -1, setting it to zero
[2025-04-26 13:14:21,593 I 2937211 2937211] (raylet) memory_monitor.cc:48: MemoryMonitor initialized with usage threshold at 128114286592 bytes (0.95 system memory), total system memory bytes: 134857150464
[2025-04-26 13:14:21,593 I 2937211 2937211] (raylet) node_manager.cc:295: Initializing NodeManager node_id=94211449d5f79e7408b75a911de74f807eaefba004f146d9d64b8e8d
[2025-04-26 13:14:21,593 I 2937211 2937211] (raylet) grpc_server.cc:135: NodeManager server started, listening on port 39785.
[2025-04-26 13:14:21,602 I 2937211 2937322] (raylet) agent_manager.cc:78: Monitor agent process with name dashboard_agent/424238335
[2025-04-26 13:14:21,603 I 2937211 2937324] (raylet) agent_manager.cc:78: Monitor agent process with name runtime_env_agent
[2025-04-26 13:14:21,604 I 2937211 2937211] (raylet) event.cc:500: Ray Event initialized for RAYLET
[2025-04-26 13:14:21,604 I 2937211 2937211] (raylet) event.cc:331: Set ray event level to warning
[2025-04-26 13:14:21,606 I 2937211 2937211] (raylet) raylet.cc:134: Raylet of id, 94211449d5f79e7408b75a911de74f807eaefba004f146d9d64b8e8d started. Raylet consists of node_manager and object_manager. node_manager address: 10.153.51.195:39785 object_manager address: 10.153.51.195:45033 hostname: marajo
[2025-04-26 13:14:21,610 I 2937211 2937211] (raylet) node_manager.cc:532: [state-dump] NodeManager:
[state-dump] Node ID: 94211449d5f79e7408b75a911de74f807eaefba004f146d9d64b8e8d
[state-dump] Node name: 10.153.51.195
[state-dump] InitialConfigResources: {node:10.153.51.195: 10000, object_store_memory: 364288401400000, node:__internal_head__: 10000, memory: 750006269960000, GPU: 10000, accelerator_type:H100: 10000, CPU: 320000}
[state-dump] ClusterTaskManager:
[state-dump] ========== Node: 94211449d5f79e7408b75a911de74f807eaefba004f146d9d64b8e8d =================
[state-dump] Infeasible queue length: 0
[state-dump] Schedule queue length: 0
[state-dump] Dispatch queue length: 0
[state-dump] num_waiting_for_resource: 0
[state-dump] num_waiting_for_plasma_memory: 0
[state-dump] num_waiting_for_remote_node_resources: 0
[state-dump] num_worker_not_started_by_job_config_not_exist: 0
[state-dump] num_worker_not_started_by_registration_timeout: 0
[state-dump] num_tasks_waiting_for_workers: 0
[state-dump] num_cancelled_tasks: 0
[state-dump] cluster_resource_scheduler state: 
[state-dump] Local id: -8695216051084483376 Local resources: {"total":{node:__internal_head__: [10000], CPU: [320000], node:10.153.51.195: [10000], memory: [750006269960000], object_store_memory: [364288401400000], GPU: [10000], accelerator_type:H100: [10000]}}, "available": {node:__internal_head__: [10000], CPU: [320000], node:10.153.51.195: [10000], memory: [750006269960000], object_store_memory: [364288401400000], GPU: [10000], accelerator_type:H100: [10000]}}, "labels":{"ray.io/node_id":"94211449d5f79e7408b75a911de74f807eaefba004f146d9d64b8e8d",} is_draining: 0 is_idle: 1 Cluster resources: node id: -8695216051084483376{"total":{node:10.153.51.195: 10000, object_store_memory: 364288401400000, node:__internal_head__: 10000, memory: 750006269960000, GPU: 10000, accelerator_type:H100: 10000, CPU: 320000}}, "available": {node:10.153.51.195: 10000, object_store_memory: 364288401400000, node:__internal_head__: 10000, memory: 750006269960000, GPU: 10000, accelerator_type:H100: 10000, CPU: 320000}}, "labels":{"ray.io/node_id":"94211449d5f79e7408b75a911de74f807eaefba004f146d9d64b8e8d",}, "is_draining": 0, "draining_deadline_timestamp_ms": -1} { "placment group locations": [], "node to bundles": []}
[state-dump] Waiting tasks size: 0
[state-dump] Number of executing tasks: 0
[state-dump] Number of pinned task arguments: 0
[state-dump] Number of total spilled tasks: 0
[state-dump] Number of spilled waiting tasks: 0
[state-dump] Number of spilled unschedulable tasks: 0
[state-dump] Resource usage {
[state-dump] }
[state-dump] Backlog Size per scheduling descriptor :{workerId: num backlogs}:
[state-dump] 
[state-dump] Running tasks by scheduling class:
[state-dump] ==================================================
[state-dump] 
[state-dump] ClusterResources:
[state-dump] LocalObjectManager:
[state-dump] - num pinned objects: 0
[state-dump] - pinned objects size: 0
[state-dump] - num objects pending restore: 0
[state-dump] - num objects pending spill: 0
[state-dump] - num bytes pending spill: 0
[state-dump] - num bytes currently spilled: 0
[state-dump] - cumulative spill requests: 0
[state-dump] - cumulative restore requests: 0
[state-dump] - spilled objects pending delete: 0
[state-dump] 
[state-dump] ObjectManager:
[state-dump] - num local objects: 0
[state-dump] - num unfulfilled push requests: 0
[state-dump] - num object pull requests: 0
[state-dump] - num chunks received total: 0
[state-dump] - num chunks received failed (all): 0
[state-dump] - num chunks received failed / cancelled: 0
[state-dump] - num chunks received failed / plasma error: 0
[state-dump] Event stats:
[state-dump] Global stats: 0 total (0 active)
[state-dump] Queueing time: mean = -nan s, max = -0.000 s, min = 9223372036.855 s, total = 0.000 s
[state-dump] Execution time:  mean = -nan s, total = 0.000 s
[state-dump] Event stats:
[state-dump] PushManager:
[state-dump] - num pushes in flight: 0
[state-dump] - num chunks in flight: 0
[state-dump] - num chunks remaining: 0
[state-dump] - max chunks allowed: 409
[state-dump] OwnershipBasedObjectDirectory:
[state-dump] - num listeners: 0
[state-dump] - cumulative location updates: 0
[state-dump] - num location updates per second: 46302239951432000.000
[state-dump] - num location lookups per second: 46302239951424000.000
[state-dump] - num locations added per second: 0.000
[state-dump] - num locations removed per second: 0.000
[state-dump] BufferPool:
[state-dump] - create buffer state map size: 0
[state-dump] PullManager:
[state-dump] - num bytes available for pulled objects: 36428840140
[state-dump] - num bytes being pulled (all): 0
[state-dump] - num bytes being pulled / pinned: 0
[state-dump] - get request bundles: BundlePullRequestQueue{0 total, 0 active, 0 inactive, 0 unpullable}
[state-dump] - wait request bundles: BundlePullRequestQueue{0 total, 0 active, 0 inactive, 0 unpullable}
[state-dump] - task request bundles: BundlePullRequestQueue{0 total, 0 active, 0 inactive, 0 unpullable}
[state-dump] - first get request bundle: N/A
[state-dump] - first wait request bundle: N/A
[state-dump] - first task request bundle: N/A
[state-dump] - num objects queued: 0
[state-dump] - num objects actively pulled (all): 0
[state-dump] - num objects actively pulled / pinned: 0
[state-dump] - num bundles being pulled: 0
[state-dump] - num pull retries: 0
[state-dump] - max timeout seconds: 0
[state-dump] - max timeout request is already processed. No entry.
[state-dump] 
[state-dump] WorkerPool:
[state-dump] - registered jobs: 0
[state-dump] - process_failed_job_config_missing: 0
[state-dump] - process_failed_rate_limited: 0
[state-dump] - process_failed_pending_registration: 0
[state-dump] - process_failed_runtime_env_setup_failed: 0
[state-dump] - num JAVA workers: 0
[state-dump] - num JAVA drivers: 0
[state-dump] - num JAVA pending start requests: 0
[state-dump] - num JAVA pending registration requests: 0
[state-dump] - num object spill callbacks queued: 0
[state-dump] - num object restore queued: 0
[state-dump] - num util functions queued: 0
[state-dump] - num PYTHON workers: 0
[state-dump] - num PYTHON drivers: 0
[state-dump] - num PYTHON pending start requests: 0
[state-dump] - num PYTHON pending registration requests: 0
[state-dump] - num object spill callbacks queued: 0
[state-dump] - num object restore queued: 0
[state-dump] - num util functions queued: 0
[state-dump] - num idle workers: 0
[state-dump] TaskDependencyManager:
[state-dump] - task deps map size: 0
[state-dump] - get req map size: 0
[state-dump] - wait req map size: 0
[state-dump] - local objects map size: 0
[state-dump] WaitManager:
[state-dump] - num active wait requests: 0
[state-dump] Subscriber:
[state-dump] Channel WORKER_REF_REMOVED_CHANNEL
[state-dump] - cumulative subscribe requests: 0
[state-dump] - cumulative unsubscribe requests: 0
[state-dump] - active subscribed publishers: 0
[state-dump] - cumulative published messages: 0
[state-dump] - cumulative processed messages: 0
[state-dump] Channel WORKER_OBJECT_EVICTION
[state-dump] - cumulative subscribe requests: 0
[state-dump] - cumulative unsubscribe requests: 0
[state-dump] - active subscribed publishers: 0
[state-dump] - cumulative published messages: 0
[state-dump] - cumulative processed messages: 0
[state-dump] Channel WORKER_OBJECT_LOCATIONS_CHANNEL
[state-dump] - cumulative subscribe requests: 0
[state-dump] - cumulative unsubscribe requests: 0
[state-dump] - active subscribed publishers: 0
[state-dump] - cumulative published messages: 0
[state-dump] - cumulative processed messages: 0
[state-dump] num async plasma notifications: 0
[state-dump] Remote node managers: 
[state-dump] Event stats:
[state-dump] Global stats: 28 total (13 active)
[state-dump] Queueing time: mean = 1.849 ms, max = 12.586 ms, min = 7.573 us, total = 51.777 ms
[state-dump] Execution time:  mean = 36.770 ms, total = 1.030 s
[state-dump] Event stats:
[state-dump] 	PeriodicalRunner.RunFnPeriodically - 11 total (2 active, 1 running), Execution time: mean = 301.376 us, total = 3.315 ms, Queueing time: mean = 4.703 ms, max = 12.586 ms, min = 31.981 us, total = 51.731 ms
[state-dump] 	NodeManager.deadline_timer.flush_free_objects - 1 total (1 active), Execution time: mean = 0.000 s, total = 0.000 s, Queueing time: mean = 0.000 s, max = -0.000 s, min = 9223372036.855 s, total = 0.000 s
[state-dump] 	ray::rpc::InternalPubSubGcsService.grpc_client.GcsSubscriberPoll - 1 total (1 active), Execution time: mean = 0.000 s, total = 0.000 s, Queueing time: mean = 0.000 s, max = -0.000 s, min = 9223372036.855 s, total = 0.000 s
[state-dump] 	NodeManager.deadline_timer.spill_objects_when_over_threshold - 1 total (1 active), Execution time: mean = 0.000 s, total = 0.000 s, Queueing time: mean = 0.000 s, max = -0.000 s, min = 9223372036.855 s, total = 0.000 s
[state-dump] 	ray::rpc::InternalKVGcsService.grpc_client.GetInternalConfig.OnReplyReceived - 1 total (0 active), Execution time: mean = 1.022 s, total = 1.022 s, Queueing time: mean = 22.689 us, max = 22.689 us, min = 22.689 us, total = 22.689 us
[state-dump] 	ray::rpc::NodeInfoGcsService.grpc_client.RegisterNode - 1 total (0 active), Execution time: mean = 1.432 ms, total = 1.432 ms, Queueing time: mean = 0.000 s, max = -0.000 s, min = 9223372036.855 s, total = 0.000 s
[state-dump] 	ray::rpc::InternalKVGcsService.grpc_client.GetInternalConfig - 1 total (0 active), Execution time: mean = 1.568 ms, total = 1.568 ms, Queueing time: mean = 0.000 s, max = -0.000 s, min = 9223372036.855 s, total = 0.000 s
[state-dump] 	NodeManager.deadline_timer.debug_state_dump - 1 total (1 active), Execution time: mean = 0.000 s, total = 0.000 s, Queueing time: mean = 0.000 s, max = -0.000 s, min = 9223372036.855 s, total = 0.000 s
[state-dump] 	NodeManager.ScheduleAndDispatchTasks - 1 total (1 active), Execution time: mean = 0.000 s, total = 0.000 s, Queueing time: mean = 0.000 s, max = -0.000 s, min = 9223372036.855 s, total = 0.000 s
[state-dump] 	ray::rpc::NodeInfoGcsService.grpc_client.RegisterNode.OnReplyReceived - 1 total (0 active), Execution time: mean = 282.025 us, total = 282.025 us, Queueing time: mean = 7.573 us, max = 7.573 us, min = 7.573 us, total = 7.573 us
[state-dump] 	NodeManager.GCTaskFailureReason - 1 total (1 active), Execution time: mean = 0.000 s, total = 0.000 s, Queueing time: mean = 0.000 s, max = -0.000 s, min = 9223372036.855 s, total = 0.000 s
[state-dump] 	NodeManager.deadline_timer.record_metrics - 1 total (1 active), Execution time: mean = 0.000 s, total = 0.000 s, Queueing time: mean = 0.000 s, max = -0.000 s, min = 9223372036.855 s, total = 0.000 s
[state-dump] 	RayletWorkerPool.deadline_timer.kill_idle_workers - 1 total (1 active), Execution time: mean = 0.000 s, total = 0.000 s, Queueing time: mean = 0.000 s, max = -0.000 s, min = 9223372036.855 s, total = 0.000 s
[state-dump] 	ray::rpc::InternalPubSubGcsService.grpc_client.GcsSubscriberCommandBatch.OnReplyReceived - 1 total (1 active), Execution time: mean = 0.000 s, total = 0.000 s, Queueing time: mean = 0.000 s, max = -0.000 s, min = 9223372036.855 s, total = 0.000 s
[state-dump] 	ClusterResourceManager.ResetRemoteNodeView - 1 total (1 active), Execution time: mean = 0.000 s, total = 0.000 s, Queueing time: mean = 0.000 s, max = -0.000 s, min = 9223372036.855 s, total = 0.000 s
[state-dump] 	MemoryMonitor.CheckIsMemoryUsageAboveThreshold - 1 total (1 active), Execution time: mean = 0.000 s, total = 0.000 s, Queueing time: mean = 0.000 s, max = -0.000 s, min = 9223372036.855 s, total = 0.000 s
[state-dump] 	ray::rpc::InternalPubSubGcsService.grpc_client.GcsSubscriberCommandBatch - 1 total (0 active), Execution time: mean = 1.207 ms, total = 1.207 ms, Queueing time: mean = 0.000 s, max = -0.000 s, min = 9223372036.855 s, total = 0.000 s
[state-dump] 	ObjectManager.UpdateAvailableMemory - 1 total (0 active), Execution time: mean = 3.540 us, total = 3.540 us, Queueing time: mean = 14.826 us, max = 14.826 us, min = 14.826 us, total = 14.826 us
[state-dump] DebugString() time ms: 0
[state-dump] 
[state-dump] 
[2025-04-26 13:14:21,612 I 2937211 2937211] (raylet) accessor.cc:777: Received notification for node, IsAlive = 1 node_id=94211449d5f79e7408b75a911de74f807eaefba004f146d9d64b8e8d
[2025-04-26 13:14:21,650 I 2937211 2937211] (raylet) worker_pool.cc:729: [Eagerly] Start install runtime environment for job 01000000.
[2025-04-26 13:14:21,654 I 2937211 2937211] (raylet) worker_pool.cc:522: Started worker process with pid 2937346, the token is 0
[2025-04-26 13:14:21,657 I 2937211 2937211] (raylet) worker_pool.cc:522: Started worker process with pid 2937347, the token is 1
[2025-04-26 13:14:21,660 I 2937211 2937211] (raylet) worker_pool.cc:522: Started worker process with pid 2937348, the token is 2
[2025-04-26 13:14:21,662 I 2937211 2937211] (raylet) worker_pool.cc:522: Started worker process with pid 2937349, the token is 3
[2025-04-26 13:14:21,665 I 2937211 2937211] (raylet) worker_pool.cc:522: Started worker process with pid 2937350, the token is 4
[2025-04-26 13:14:21,668 I 2937211 2937211] (raylet) worker_pool.cc:522: Started worker process with pid 2937351, the token is 5
[2025-04-26 13:14:21,671 I 2937211 2937211] (raylet) worker_pool.cc:522: Started worker process with pid 2937352, the token is 6
[2025-04-26 13:14:21,673 I 2937211 2937211] (raylet) worker_pool.cc:522: Started worker process with pid 2937353, the token is 7
[2025-04-26 13:14:21,676 I 2937211 2937211] (raylet) worker_pool.cc:522: Started worker process with pid 2937354, the token is 8
[2025-04-26 13:14:21,679 I 2937211 2937211] (raylet) worker_pool.cc:522: Started worker process with pid 2937355, the token is 9
[2025-04-26 13:14:21,682 I 2937211 2937211] (raylet) worker_pool.cc:522: Started worker process with pid 2937356, the token is 10
[2025-04-26 13:14:21,685 I 2937211 2937211] (raylet) worker_pool.cc:522: Started worker process with pid 2937357, the token is 11
[2025-04-26 13:14:21,688 I 2937211 2937211] (raylet) worker_pool.cc:522: Started worker process with pid 2937358, the token is 12
[2025-04-26 13:14:21,691 I 2937211 2937211] (raylet) worker_pool.cc:522: Started worker process with pid 2937359, the token is 13
[2025-04-26 13:14:21,694 I 2937211 2937211] (raylet) worker_pool.cc:522: Started worker process with pid 2937360, the token is 14
[2025-04-26 13:14:21,697 I 2937211 2937211] (raylet) worker_pool.cc:522: Started worker process with pid 2937361, the token is 15
[2025-04-26 13:14:21,700 I 2937211 2937211] (raylet) worker_pool.cc:522: Started worker process with pid 2937362, the token is 16
[2025-04-26 13:14:21,703 I 2937211 2937211] (raylet) worker_pool.cc:522: Started worker process with pid 2937363, the token is 17
[2025-04-26 13:14:21,705 I 2937211 2937211] (raylet) worker_pool.cc:522: Started worker process with pid 2937364, the token is 18
[2025-04-26 13:14:21,723 I 2937211 2937211] (raylet) worker_pool.cc:522: Started worker process with pid 2937365, the token is 19
[2025-04-26 13:14:21,728 I 2937211 2937211] (raylet) worker_pool.cc:522: Started worker process with pid 2937366, the token is 20
[2025-04-26 13:14:21,733 I 2937211 2937211] (raylet) worker_pool.cc:522: Started worker process with pid 2937367, the token is 21
[2025-04-26 13:14:21,737 I 2937211 2937211] (raylet) worker_pool.cc:522: Started worker process with pid 2937368, the token is 22
[2025-04-26 13:14:21,740 I 2937211 2937211] (raylet) worker_pool.cc:522: Started worker process with pid 2937369, the token is 23
[2025-04-26 13:14:21,744 I 2937211 2937211] (raylet) worker_pool.cc:522: Started worker process with pid 2937370, the token is 24
[2025-04-26 13:14:21,748 I 2937211 2937211] (raylet) worker_pool.cc:522: Started worker process with pid 2937371, the token is 25
[2025-04-26 13:14:21,752 I 2937211 2937211] (raylet) worker_pool.cc:522: Started worker process with pid 2937372, the token is 26
[2025-04-26 13:14:21,757 I 2937211 2937211] (raylet) worker_pool.cc:522: Started worker process with pid 2937373, the token is 27
[2025-04-26 13:14:21,760 I 2937211 2937211] (raylet) worker_pool.cc:522: Started worker process with pid 2937374, the token is 28
[2025-04-26 13:14:21,764 I 2937211 2937211] (raylet) worker_pool.cc:522: Started worker process with pid 2937375, the token is 29
[2025-04-26 13:14:21,767 I 2937211 2937211] (raylet) worker_pool.cc:522: Started worker process with pid 2937376, the token is 30
[2025-04-26 13:14:21,772 I 2937211 2937211] (raylet) worker_pool.cc:522: Started worker process with pid 2937377, the token is 31
[2025-04-26 13:14:21,773 I 2937211 2937211] (raylet) runtime_env_agent_client.cc:340: Runtime Env Agent network error: NotFound: on_connect Connection refused, the server may be still starting or is already failed. Scheduling a retry in 1000ms...
[2025-04-26 13:14:22,486 I 2937211 2937239] (raylet) object_store.cc:35: Object store current usage 8e-09 / 36.4288 GB.
[2025-04-26 13:14:22,698 I 2937211 2937211] (raylet) worker_pool.cc:719: Job 01000000 already started in worker pool.
[2025-04-26 13:14:22,722 I 2937211 2937211] (raylet) runtime_env_agent_client.cc:383: Create runtime env for job 01000000
[2025-04-26 13:14:22,726 I 2937211 2937211] (raylet) worker_pool.cc:522: Started worker process with pid 2939255, the token is 32
[2025-04-26 13:14:22,775 I 2937211 2937211] (raylet) runtime_env_agent_client.cc:383: Create runtime env for job 01000000
[2025-04-26 13:14:22,775 I 2937211 2937211] (raylet) worker_pool.cc:740: [Eagerly] Create runtime env successful for job 01000000.
[2025-04-26 13:14:23,829 I 2937211 2937211] (raylet) node_manager.cc:1549: NodeManager::DisconnectClient, disconnect_type=1, has creation task exception = false
[2025-04-26 13:14:26,616 W 2937211 2937211] (raylet) memory_monitor.cc:198: Got negative used memory for cgroup -1, setting it to zero
[2025-04-26 13:14:31,623 W 2937211 2937211] (raylet) memory_monitor.cc:198: Got negative used memory for cgroup -1, setting it to zero
[2025-04-26 13:14:36,630 W 2937211 2937211] (raylet) memory_monitor.cc:198: Got negative used memory for cgroup -1, setting it to zero
[2025-04-26 13:14:41,636 W 2937211 2937211] (raylet) memory_monitor.cc:198: Got negative used memory for cgroup -1, setting it to zero
[2025-04-26 13:14:46,643 W 2937211 2937211] (raylet) memory_monitor.cc:198: Got negative used memory for cgroup -1, setting it to zero
[2025-04-26 13:14:51,649 W 2937211 2937211] (raylet) memory_monitor.cc:198: Got negative used memory for cgroup -1, setting it to zero
[2025-04-26 13:14:56,654 W 2937211 2937211] (raylet) memory_monitor.cc:198: Got negative used memory for cgroup -1, setting it to zero
[2025-04-26 13:15:01,661 W 2937211 2937211] (raylet) memory_monitor.cc:198: Got negative used memory for cgroup -1, setting it to zero
[2025-04-26 13:15:03,256 I 2937211 2937211] (raylet) node_manager.cc:1549: NodeManager::DisconnectClient, disconnect_type=3, has creation task exception = false
[2025-04-26 13:15:03,256 I 2937211 2937211] (raylet) node_manager.cc:1654: Driver (pid=2936817) is disconnected. worker_id=01000000ffffffffffffffffffffffffffffffffffffffffffffffff job_id=01000000
[2025-04-26 13:15:03,258 I 2937211 2937211] (raylet) node_manager.cc:1082: The leased worker c96f6818b42702e7737cafb6e13383dcd5d44fee2ad76104f39dcb03 is killed because the owner process 01000000ffffffffffffffffffffffffffffffffffffffffffffffff died.
[2025-04-26 13:15:03,259 I 2937211 2937211] (raylet) worker_pool.cc:719: Job 01000000 already started in worker pool.
[2025-04-26 13:15:03,259 I 2937211 2937211] (raylet) node_manager.cc:640: The leased worker  is killed because the job 01000000 finished. worker_id=c96f6818b42702e7737cafb6e13383dcd5d44fee2ad76104f39dcb03
[2025-04-26 13:15:03,279 I 2937211 2937211] (raylet) node_manager.cc:1549: NodeManager::DisconnectClient, disconnect_type=0, has creation task exception = false
[2025-04-26 13:15:03,294 I 2937211 2937211] (raylet) main.cc:506: received SIGTERM. Existing local drain request = None
[2025-04-26 13:15:03,294 I 2937211 2937211] (raylet) main.cc:307: Raylet graceful shutdown triggered, reason = EXPECTED_TERMINATION, reason message = received SIGTERM
[2025-04-26 13:15:03,294 I 2937211 2937211] (raylet) main.cc:310: Shutting down...
[2025-04-26 13:15:03,294 I 2937211 2937211] (raylet) accessor.cc:511: Unregistering node node_id=94211449d5f79e7408b75a911de74f807eaefba004f146d9d64b8e8d
[2025-04-26 13:15:03,296 I 2937211 2937211] (raylet) accessor.cc:524: Finished unregistering node info, status = OK node_id=94211449d5f79e7408b75a911de74f807eaefba004f146d9d64b8e8d
[2025-04-26 13:15:03,300 I 2937211 2937211] (raylet) agent_manager.cc:113: Killing agent dashboard_agent/424238335, pid 2937321.
[2025-04-26 13:15:03,316 I 2937211 2937322] (raylet) agent_manager.cc:80: Agent process with name dashboard_agent/424238335 exited, exit code 0.
[2025-04-26 13:15:03,316 I 2937211 2937211] (raylet) agent_manager.cc:113: Killing agent runtime_env_agent, pid 2937323.
[2025-04-26 13:15:03,325 I 2937211 2937324] (raylet) agent_manager.cc:80: Agent process with name runtime_env_agent exited, exit code 0.
[2025-04-26 13:15:03,326 I 2937211 2937211] (raylet) io_service_pool.cc:47: IOServicePool is stopped.
[2025-04-26 13:15:03,430 I 2937211 2937211] (raylet) stats.h:120: Stats module has shutdown.
