[2025-04-26 13:01:51,173 I 2922998 2922998] (gcs_server) gcs_server_main.cc:95: Ray cluster metadata ray_version=2.43.0 ray_commit=ecdcdc6a6e63dc4bcd6ea16aae256ce4d32a7e2c
[2025-04-26 13:01:51,174 I 2922998 2922998] (gcs_server) io_service_pool.cc:35: IOServicePool is running with 1 io_service.
[2025-04-26 13:01:51,182 I 2922998 2922998] (gcs_server) event.cc:500: Ray Event initialized for GCS
[2025-04-26 13:01:51,185 I 2922998 2922998] (gcs_server) event.cc:500: Ray Event initialized for EXPORT_NODE
[2025-04-26 13:01:51,186 I 2922998 2922998] (gcs_server) event.cc:500: Ray Event initialized for EXPORT_ACTOR
[2025-04-26 13:01:51,187 I 2922998 2922998] (gcs_server) event.cc:500: Ray Event initialized for EXPORT_DRIVER_JOB
[2025-04-26 13:01:51,187 I 2922998 2922998] (gcs_server) event.cc:331: Set ray event level to warning
[2025-04-26 13:01:51,187 I 2922998 2922998] (gcs_server) gcs_server.cc:73: GCS storage type is StorageType::IN_MEMORY
[2025-04-26 13:01:51,188 I 2922998 2922998] (gcs_server) gcs_init_data.cc:42: Loading job table data.
[2025-04-26 13:01:51,188 I 2922998 2922998] (gcs_server) gcs_init_data.cc:52: Loading node table data.
[2025-04-26 13:01:51,188 I 2922998 2922998] (gcs_server) gcs_init_data.cc:74: Loading actor table data.
[2025-04-26 13:01:51,188 I 2922998 2922998] (gcs_server) gcs_init_data.cc:85: Loading actor task spec table data.
[2025-04-26 13:01:51,188 I 2922998 2922998] (gcs_server) gcs_init_data.cc:62: Loading placement group table data.
[2025-04-26 13:01:51,188 I 2922998 2922998] (gcs_server) gcs_init_data.cc:46: Finished loading job table data, size = 0
[2025-04-26 13:01:51,188 I 2922998 2922998] (gcs_server) gcs_init_data.cc:56: Finished loading node table data, size = 0
[2025-04-26 13:01:51,188 I 2922998 2922998] (gcs_server) gcs_init_data.cc:79: Finished loading actor table data, size = 0
[2025-04-26 13:01:51,188 I 2922998 2922998] (gcs_server) gcs_init_data.cc:90: Finished loading actor task spec table data, size = 0
[2025-04-26 13:01:51,188 I 2922998 2922998] (gcs_server) gcs_init_data.cc:68: Finished loading placement group table data, size = 0
[2025-04-26 13:01:51,188 I 2922998 2922998] (gcs_server) gcs_server.cc:157: No existing server cluster ID found. Generating new ID: 60c22adecaad26d1729e89d60eddaa7da916934213a5111d6850a22d
[2025-04-26 13:01:51,188 I 2922998 2922998] (gcs_server) gcs_server.cc:672: Autoscaler V2 enabled: 0
[2025-04-26 13:01:51,189 I 2922998 2922998] (gcs_server) grpc_server.cc:135: GcsServer server started, listening on port 40427.
[2025-04-26 13:01:51,261 I 2922998 2922998] (gcs_server) gcs_server.cc:245: Gcs Debug state:

GcsNodeManager: 
- RegisterNode request count: 0
- DrainNode request count: 0
- GetAllNodeInfo request count: 0

GcsActorManager: 
- RegisterActor request count: 0
- CreateActor request count: 0
- GetActorInfo request count: 0
- GetNamedActorInfo request count: 0
- GetAllActorInfo request count: 0
- KillActor request count: 0
- ListNamedActors request count: 0
- Registered actors count: 0
- Destroyed actors count: 0
- Named actors count: 0
- Unresolved actors count: 0
- Pending actors count: 0
- Created actors count: 0
- owners_: 0
- actor_to_register_callbacks_: 0
- actor_to_restart_callbacks_: 0
- actor_to_create_callbacks_: 0
- sorted_destroyed_actor_list_: 0

GcsResourceManager: 
- GetAllAvailableResources request count: 0
- GetAllTotalResources request count: 0
- GetAllResourceUsage request count: 0

GcsPlacementGroupManager: 
- CreatePlacementGroup request count: 0
- RemovePlacementGroup request count: 0
- GetPlacementGroup request count: 0
- GetAllPlacementGroup request count: 0
- WaitPlacementGroupUntilReady request count: 0
- GetNamedPlacementGroup request count: 0
- Scheduling pending placement group count: 0
- Registered placement groups count: 0
- Named placement group count: 0
- Pending placement groups count: 0
- Infeasible placement groups count: 0

Publisher:

[runtime env manager] ID to URIs table:
[runtime env manager] URIs reference table:

GcsTaskManager: 
-Total num task events reported: 0
-Total num status task events dropped: 0
-Total num profile events dropped: 0
-Current num of task events stored: 0
-Total num of actor creation tasks: 0
-Total num of actor tasks: 0
-Total num of normal tasks: 0
-Total num of driver tasks: 0

GcsAutoscalerStateManager: 
- last_seen_autoscaler_state_version_: 0
- last_cluster_resource_state_version_: 0
- pending demands:



[2025-04-26 13:01:51,261 I 2922998 2922998] (gcs_server) gcs_server.cc:870: Main service Event stats:


Global stats: 24 total (4 active)
Queueing time: mean = 28.121 ms, max = 73.646 ms, min = 55.000 ns, total = 674.905 ms
Execution time:  mean = 6.141 ms, total = 147.384 ms
Event stats:
	GcsInMemoryStore.Put - 8 total (0 active), Execution time: mean = 9.208 ms, total = 73.665 ms, Queueing time: mean = 64.196 ms, max = 73.483 ms, min = 1.824 us, total = 513.565 ms
	GcsInMemoryStore.GetAll - 5 total (0 active), Execution time: mean = 5.227 us, total = 26.135 us, Queueing time: mean = 19.712 us, max = 20.489 us, min = 18.951 us, total = 98.558 us
	PeriodicalRunner.RunFnPeriodically - 4 total (2 active, 1 running), Execution time: mean = 1.635 us, total = 6.538 us, Queueing time: mean = 36.813 ms, max = 73.646 ms, min = 73.607 ms, total = 147.254 ms
	event_loop_lag_probe - 2 total (0 active), Execution time: mean = 5.457 us, total = 10.913 us, Queueing time: mean = 6.987 ms, max = 13.943 ms, min = 31.879 us, total = 13.975 ms
	GcsServer.GetOrGenerateClusterId.continuation - 1 total (0 active), Execution time: mean = 73.656 ms, total = 73.656 ms, Queueing time: mean = 55.000 ns, max = 55.000 ns, min = 55.000 ns, total = 55.000 ns
	GcsInitData::AsyncLoad - 1 total (0 active), Execution time: mean = 8.733 us, total = 8.733 us, Queueing time: mean = 308.000 ns, max = 308.000 ns, min = 308.000 ns, total = 308.000 ns
	RayletLoadPulled - 1 total (1 active), Execution time: mean = 0.000 s, total = 0.000 s, Queueing time: mean = 0.000 s, max = -0.000 s, min = 9223372036.855 s, total = 0.000 s
	GcsInMemoryStore.Get - 1 total (0 active), Execution time: mean = 10.806 us, total = 10.806 us, Queueing time: mean = 12.761 us, max = 12.761 us, min = 12.761 us, total = 12.761 us
	ClusterResourceManager.ResetRemoteNodeView - 1 total (1 active), Execution time: mean = 0.000 s, total = 0.000 s, Queueing time: mean = 0.000 s, max = -0.000 s, min = 9223372036.855 s, total = 0.000 s


[2025-04-26 13:01:51,261 I 2922998 2922998] (gcs_server) gcs_server.cc:874: task_io_context Event stats:


Global stats: 4 total (1 active)
Queueing time: mean = 41.594 us, max = 146.707 us, min = 7.823 us, total = 166.376 us
Execution time:  mean = 24.097 us, total = 96.388 us
Event stats:
	event_loop_lag_probe - 2 total (0 active), Execution time: mean = 46.161 us, total = 92.323 us, Queueing time: mean = 79.276 us, max = 146.707 us, min = 11.846 us, total = 158.553 us
	PeriodicalRunner.RunFnPeriodically - 1 total (0 active), Execution time: mean = 4.065 us, total = 4.065 us, Queueing time: mean = 7.823 us, max = 7.823 us, min = 7.823 us, total = 7.823 us
	GcsTaskManager.GcJobSummary - 1 total (1 active), Execution time: mean = 0.000 s, total = 0.000 s, Queueing time: mean = 0.000 s, max = -0.000 s, min = 9223372036.855 s, total = 0.000 s


[2025-04-26 13:01:51,261 I 2922998 2922998] (gcs_server) gcs_server.cc:874: pubsub_io_context Event stats:


Global stats: 4 total (1 active)
Queueing time: mean = 81.654 us, max = 285.381 us, min = 16.111 us, total = 326.615 us
Execution time:  mean = 38.397 us, total = 153.588 us
Event stats:
	event_loop_lag_probe - 2 total (0 active), Execution time: mean = 74.022 us, total = 148.044 us, Queueing time: mean = 155.252 us, max = 285.381 us, min = 25.123 us, total = 310.504 us
	PeriodicalRunner.RunFnPeriodically - 1 total (0 active), Execution time: mean = 5.544 us, total = 5.544 us, Queueing time: mean = 16.111 us, max = 16.111 us, min = 16.111 us, total = 16.111 us
	Publisher.CheckDeadSubscribers - 1 total (1 active), Execution time: mean = 0.000 s, total = 0.000 s, Queueing time: mean = 0.000 s, max = -0.000 s, min = 9223372036.855 s, total = 0.000 s


[2025-04-26 13:01:51,262 I 2922998 2922998] (gcs_server) gcs_server.cc:874: ray_syncer_io_context Event stats:


Global stats: 4 total (0 active)
Queueing time: mean = 480.130 us, max = 1.195 ms, min = 35.052 us, total = 1.921 ms
Execution time:  mean = 35.718 us, total = 142.873 us
Event stats:
	event_loop_lag_probe - 2 total (0 active), Execution time: mean = 70.600 us, total = 141.200 us, Queueing time: mean = 614.933 us, max = 1.195 ms, min = 35.052 us, total = 1.230 ms
	RaySyncerRegister - 2 total (0 active), Execution time: mean = 836.500 ns, total = 1.673 us, Queueing time: mean = 345.329 us, max = 346.348 us, min = 344.309 us, total = 690.657 us


[2025-04-26 13:01:53,997 I 2922998 2922998] (gcs_server) gcs_node_manager.cc:88: Registering node info, address = 10.153.51.195, node name = 10.153.51.195 node_id=ed6b571869a94f7ac8aed1fe820fa5567fa9fa57df5bc7d5886f9a05
[2025-04-26 13:01:53,997 I 2922998 2922998] (gcs_server) gcs_node_manager.cc:94: Finished registering node info, address = 10.153.51.195, node name = 10.153.51.195, is_head_node = 1 node_id=ed6b571869a94f7ac8aed1fe820fa5567fa9fa57df5bc7d5886f9a05
[2025-04-26 13:01:53,998 I 2922998 2922998] (gcs_server) gcs_placement_group_manager.cc:830: A new node: ed6b571869a94f7ac8aed1fe820fa5567fa9fa57df5bc7d5886f9a05 registered, will try to reschedule all the infeasible placement groups.
[2025-04-26 13:01:54,006 I 2922998 2923064] (gcs_server) ray_syncer.cc:244: Get connection node_id=ed6b571869a94f7ac8aed1fe820fa5567fa9fa57df5bc7d5886f9a05
[2025-04-26 13:01:54,934 I 2922998 2922998] (gcs_server) gcs_job_manager.cc:90: Adding job, job id = 01000000, driver pid = 2922826
[2025-04-26 13:01:54,934 I 2922998 2922998] (gcs_server) gcs_job_manager.cc:111: Finished adding job, job id = 01000000, driver pid = 2922826
[2025-04-26 13:01:54,954 I 2922998 2922998] (gcs_server) gcs_actor_manager.cc:396: Registering actor job_id=01000000 actor_id=10ea4a81c78364f54c000db201000000
[2025-04-26 13:01:54,954 I 2922998 2922998] (gcs_server) gcs_actor_manager.cc:401: Registered actor, job id = 01000000, actor id = 10ea4a81c78364f54c000db201000000
[2025-04-26 13:01:54,955 I 2922998 2922998] (gcs_server) gcs_actor_manager.cc:482: Creating actor job_id=01000000 actor_id=10ea4a81c78364f54c000db201000000
[2025-04-26 13:01:54,955 I 2922998 2922998] (gcs_server) gcs_actor_scheduler.cc:313: Start leasing worker from node ed6b571869a94f7ac8aed1fe820fa5567fa9fa57df5bc7d5886f9a05 for actor 10ea4a81c78364f54c000db201000000, job id = 01000000
[2025-04-26 13:01:56,074 I 2922998 2922998] (gcs_server) gcs_actor_scheduler.cc:634: Finished leasing worker from ed6b571869a94f7ac8aed1fe820fa5567fa9fa57df5bc7d5886f9a05 for actor 10ea4a81c78364f54c000db201000000, job id = 01000000
[2025-04-26 13:01:56,075 I 2922998 2922998] (gcs_server) gcs_actor_scheduler.cc:449: Start creating actor 10ea4a81c78364f54c000db201000000 on worker c2ca0280409a3df9fb75afe3d5a412acebfd1b95c117e874dc2b2253 at node ed6b571869a94f7ac8aed1fe820fa5567fa9fa57df5bc7d5886f9a05, job id = 01000000
[2025-04-26 13:02:05,351 I 2922998 2922998] (gcs_server) gcs_actor_scheduler.cc:486: Finished actor creation task for actor 10ea4a81c78364f54c000db201000000 on worker c2ca0280409a3df9fb75afe3d5a412acebfd1b95c117e874dc2b2253 at node ed6b571869a94f7ac8aed1fe820fa5567fa9fa57df5bc7d5886f9a05, job id = 01000000
[2025-04-26 13:02:05,351 I 2922998 2922998] (gcs_server) gcs_actor_manager.cc:1543: Actor created successfully job_id=01000000 actor_id=10ea4a81c78364f54c000db201000000
[2025-04-26 13:02:05,352 I 2922998 2922998] (gcs_server) gcs_actor_manager.cc:497: Finished creating actor. Status: OK job_id=01000000 actor_id=10ea4a81c78364f54c000db201000000
[2025-04-26 13:02:34,923 I 2922998 2922998] (gcs_server) gcs_actor_manager.cc:1029: Destroying actor job_id=01000000 actor_id=10ea4a81c78364f54c000db201000000
[2025-04-26 13:02:34,924 I 2922998 2922998] (gcs_server) gcs_actor_manager.cc:1008: Actor 10ea4a81c78364f54c000db201000000 has no references, destroying actor, job id = 01000000
[2025-04-26 13:02:35,588 I 2922998 2922998] (gcs_server) gcs_job_manager.cc:149: Finished marking job state, job id = 01000000
[2025-04-26 13:02:35,783 I 2922998 2922998] (gcs_server) gcs_node_manager.cc:382: Removing node, node name = 10.153.51.195, death reason = EXPECTED_TERMINATION, death message = received SIGTERM node_id=ed6b571869a94f7ac8aed1fe820fa5567fa9fa57df5bc7d5886f9a05
[2025-04-26 13:02:35,783 I 2922998 2922998] (gcs_server) gcs_placement_group_manager.cc:800: Node failed, rescheduling the placement groups on the dead node. node_id=ed6b571869a94f7ac8aed1fe820fa5567fa9fa57df5bc7d5886f9a05
[2025-04-26 13:02:35,783 I 2922998 2922998] (gcs_server) gcs_actor_manager.cc:1282: Node failed, reconstructing actors. node_id=ed6b571869a94f7ac8aed1fe820fa5567fa9fa57df5bc7d5886f9a05
[2025-04-26 13:02:35,783 I 2922998 2922998] (gcs_server) gcs_job_manager.cc:467: Node failed, mark all jobs from this node as finished node_id=ed6b571869a94f7ac8aed1fe820fa5567fa9fa57df5bc7d5886f9a05
[2025-04-26 13:02:35,990 I 2922998 2923047] (gcs_server) ray_syncer_bidi_reactor_base.h:182: Failed to read the message from: ed6b571869a94f7ac8aed1fe820fa5567fa9fa57df5bc7d5886f9a05
[2025-04-26 13:02:35,990 I 2922998 2923047] (gcs_server) ray_syncer.cc:241: Connection is broken. node_id=ed6b571869a94f7ac8aed1fe820fa5567fa9fa57df5bc7d5886f9a05
[2025-04-26 13:02:35,997 I 2922998 2922998] (gcs_server) gcs_server_main.cc:175: GCS server received SIGTERM, shutting down...
[2025-04-26 13:02:35,997 I 2922998 2922998] (gcs_server) gcs_server.cc:267: Stopping GCS server.
[2025-04-26 13:02:36,023 I 2922998 2922998] (gcs_server) gcs_server.cc:284: GCS server stopped.
[2025-04-26 13:02:36,024 I 2922998 2922998] (gcs_server) io_service_pool.cc:47: IOServicePool is stopped.
[2025-04-26 13:02:36,127 I 2922998 2922998] (gcs_server) stats.h:120: Stats module has shutdown.
