[2025-04-26 13:01:52,968 I 2923208 2923208] (raylet) main.cc:226: Setting cluster ID to: 60c22adecaad26d1729e89d60eddaa7da916934213a5111d6850a22d
[2025-04-26 13:01:52,976 I 2923208 2923208] (raylet) main.cc:341: Raylet is not set to kill unknown children.
[2025-04-26 13:01:52,976 I 2923208 2923208] (raylet) io_service_pool.cc:35: IOServicePool is running with 1 io_service.
[2025-04-26 13:01:52,976 I 2923208 2923208] (raylet) main.cc:471: Setting node ID node_id=ed6b571869a94f7ac8aed1fe820fa5567fa9fa57df5bc7d5886f9a05
[2025-04-26 13:01:52,976 I 2923208 2923208] (raylet) store_runner.cc:33: Allowing the Plasma store to use up to 36.4604GB of memory.
[2025-04-26 13:01:52,976 I 2923208 2923208] (raylet) store_runner.cc:49: Starting object store with directory /dev/shm, fallback /home/stud/wxie/EasyR1/ray, and huge page support disabled
[2025-04-26 13:01:52,977 I 2923208 2923236] (raylet) dlmalloc.cc:154: create_and_mmap_buffer(36460429320, /dev/shm/plasmaXXXXXX)
[2025-04-26 13:01:52,979 I 2923208 2923236] (raylet) store.cc:564: Plasma store debug dump: 
Current usage: 0 / 36.4604 GB
- num bytes created total: 0
0 pending objects of total size 0MB
- objects spillable: 0
- bytes spillable: 0
- objects unsealed: 0
- bytes unsealed: 0
- objects in use: 0
- bytes in use: 0
- objects evictable: 0
- bytes evictable: 0

- objects created by worker: 0
- bytes created by worker: 0
- objects restored: 0
- bytes restored: 0
- objects received: 0
- bytes received: 0
- objects errored: 0
- bytes errored: 0

[2025-04-26 13:01:53,982 I 2923208 2923208] (raylet) grpc_server.cc:135: ObjectManager server started, listening on port 36067.
[2025-04-26 13:01:53,984 I 2923208 2923208] (raylet) worker_killing_policy.cc:101: Running GroupByOwner policy.
[2025-04-26 13:01:53,985 W 2923208 2923208] (raylet) memory_monitor.cc:198: Got negative used memory for cgroup -1, setting it to zero
[2025-04-26 13:01:53,985 I 2923208 2923208] (raylet) memory_monitor.cc:48: MemoryMonitor initialized with usage threshold at 128114286592 bytes (0.95 system memory), total system memory bytes: 134857150464
[2025-04-26 13:01:53,985 I 2923208 2923208] (raylet) node_manager.cc:295: Initializing NodeManager node_id=ed6b571869a94f7ac8aed1fe820fa5567fa9fa57df5bc7d5886f9a05
[2025-04-26 13:01:53,985 I 2923208 2923208] (raylet) grpc_server.cc:135: NodeManager server started, listening on port 36323.
[2025-04-26 13:01:53,995 I 2923208 2923313] (raylet) agent_manager.cc:78: Monitor agent process with name dashboard_agent/424238335
[2025-04-26 13:01:53,995 I 2923208 2923315] (raylet) agent_manager.cc:78: Monitor agent process with name runtime_env_agent
[2025-04-26 13:01:53,997 I 2923208 2923208] (raylet) event.cc:500: Ray Event initialized for RAYLET
[2025-04-26 13:01:53,997 I 2923208 2923208] (raylet) event.cc:331: Set ray event level to warning
[2025-04-26 13:01:53,999 I 2923208 2923208] (raylet) raylet.cc:134: Raylet of id, ed6b571869a94f7ac8aed1fe820fa5567fa9fa57df5bc7d5886f9a05 started. Raylet consists of node_manager and object_manager. node_manager address: 10.153.51.195:36323 object_manager address: 10.153.51.195:36067 hostname: marajo
[2025-04-26 13:01:54,004 I 2923208 2923208] (raylet) node_manager.cc:532: [state-dump] NodeManager:
[state-dump] Node ID: ed6b571869a94f7ac8aed1fe820fa5567fa9fa57df5bc7d5886f9a05
[state-dump] Node name: 10.153.51.195
[state-dump] InitialConfigResources: {CPU: 320000, node:__internal_head__: 10000, node:10.153.51.195: 10000, object_store_memory: 364604252160000, GPU: 10000, accelerator_type:H100: 10000, memory: 750743255040000}
[state-dump] ClusterTaskManager:
[state-dump] ========== Node: ed6b571869a94f7ac8aed1fe820fa5567fa9fa57df5bc7d5886f9a05 =================
[state-dump] Infeasible queue length: 0
[state-dump] Schedule queue length: 0
[state-dump] Dispatch queue length: 0
[state-dump] num_waiting_for_resource: 0
[state-dump] num_waiting_for_plasma_memory: 0
[state-dump] num_waiting_for_remote_node_resources: 0
[state-dump] num_worker_not_started_by_job_config_not_exist: 0
[state-dump] num_worker_not_started_by_registration_timeout: 0
[state-dump] num_tasks_waiting_for_workers: 0
[state-dump] num_cancelled_tasks: 0
[state-dump] cluster_resource_scheduler state: 
[state-dump] Local id: -4547799578527034170 Local resources: {"total":{node:10.153.51.195: [10000], CPU: [320000], node:__internal_head__: [10000], GPU: [10000], memory: [750743255040000], accelerator_type:H100: [10000], object_store_memory: [364604252160000]}}, "available": {node:10.153.51.195: [10000], CPU: [320000], node:__internal_head__: [10000], GPU: [10000], memory: [750743255040000], accelerator_type:H100: [10000], object_store_memory: [364604252160000]}}, "labels":{"ray.io/node_id":"ed6b571869a94f7ac8aed1fe820fa5567fa9fa57df5bc7d5886f9a05",} is_draining: 0 is_idle: 1 Cluster resources: node id: -4547799578527034170{"total":{node:__internal_head__: 10000, CPU: 320000, GPU: 10000, object_store_memory: 364604252160000, node:10.153.51.195: 10000, accelerator_type:H100: 10000, memory: 750743255040000}}, "available": {node:__internal_head__: 10000, CPU: 320000, GPU: 10000, object_store_memory: 364604252160000, node:10.153.51.195: 10000, accelerator_type:H100: 10000, memory: 750743255040000}}, "labels":{"ray.io/node_id":"ed6b571869a94f7ac8aed1fe820fa5567fa9fa57df5bc7d5886f9a05",}, "is_draining": 0, "draining_deadline_timestamp_ms": -1} { "placment group locations": [], "node to bundles": []}
[state-dump] Waiting tasks size: 0
[state-dump] Number of executing tasks: 0
[state-dump] Number of pinned task arguments: 0
[state-dump] Number of total spilled tasks: 0
[state-dump] Number of spilled waiting tasks: 0
[state-dump] Number of spilled unschedulable tasks: 0
[state-dump] Resource usage {
[state-dump] }
[state-dump] Backlog Size per scheduling descriptor :{workerId: num backlogs}:
[state-dump] 
[state-dump] Running tasks by scheduling class:
[state-dump] ==================================================
[state-dump] 
[state-dump] ClusterResources:
[state-dump] LocalObjectManager:
[state-dump] - num pinned objects: 0
[state-dump] - pinned objects size: 0
[state-dump] - num objects pending restore: 0
[state-dump] - num objects pending spill: 0
[state-dump] - num bytes pending spill: 0
[state-dump] - num bytes currently spilled: 0
[state-dump] - cumulative spill requests: 0
[state-dump] - cumulative restore requests: 0
[state-dump] - spilled objects pending delete: 0
[state-dump] 
[state-dump] ObjectManager:
[state-dump] - num local objects: 0
[state-dump] - num unfulfilled push requests: 0
[state-dump] - num object pull requests: 0
[state-dump] - num chunks received total: 0
[state-dump] - num chunks received failed (all): 0
[state-dump] - num chunks received failed / cancelled: 0
[state-dump] - num chunks received failed / plasma error: 0
[state-dump] Event stats:
[state-dump] Global stats: 0 total (0 active)
[state-dump] Queueing time: mean = -nan s, max = -0.000 s, min = 9223372036.855 s, total = 0.000 s
[state-dump] Execution time:  mean = -nan s, total = 0.000 s
[state-dump] Event stats:
[state-dump] PushManager:
[state-dump] - num pushes in flight: 0
[state-dump] - num chunks in flight: 0
[state-dump] - num chunks remaining: 0
[state-dump] - max chunks allowed: 409
[state-dump] OwnershipBasedObjectDirectory:
[state-dump] - num listeners: 0
[state-dump] - cumulative location updates: 0
[state-dump] - num location updates per second: 31502456088502000.000
[state-dump] - num location lookups per second: 31502456088496000.000
[state-dump] - num locations added per second: 0.000
[state-dump] - num locations removed per second: 0.000
[state-dump] BufferPool:
[state-dump] - create buffer state map size: 0
[state-dump] PullManager:
[state-dump] - num bytes available for pulled objects: 36460425216
[state-dump] - num bytes being pulled (all): 0
[state-dump] - num bytes being pulled / pinned: 0
[state-dump] - get request bundles: BundlePullRequestQueue{0 total, 0 active, 0 inactive, 0 unpullable}
[state-dump] - wait request bundles: BundlePullRequestQueue{0 total, 0 active, 0 inactive, 0 unpullable}
[state-dump] - task request bundles: BundlePullRequestQueue{0 total, 0 active, 0 inactive, 0 unpullable}
[state-dump] - first get request bundle: N/A
[state-dump] - first wait request bundle: N/A
[state-dump] - first task request bundle: N/A
[state-dump] - num objects queued: 0
[state-dump] - num objects actively pulled (all): 0
[state-dump] - num objects actively pulled / pinned: 0
[state-dump] - num bundles being pulled: 0
[state-dump] - num pull retries: 0
[state-dump] - max timeout seconds: 0
[state-dump] - max timeout request is already processed. No entry.
[state-dump] 
[state-dump] WorkerPool:
[state-dump] - registered jobs: 0
[state-dump] - process_failed_job_config_missing: 0
[state-dump] - process_failed_rate_limited: 0
[state-dump] - process_failed_pending_registration: 0
[state-dump] - process_failed_runtime_env_setup_failed: 0
[state-dump] - num JAVA workers: 0
[state-dump] - num JAVA drivers: 0
[state-dump] - num JAVA pending start requests: 0
[state-dump] - num JAVA pending registration requests: 0
[state-dump] - num object spill callbacks queued: 0
[state-dump] - num object restore queued: 0
[state-dump] - num util functions queued: 0
[state-dump] - num PYTHON workers: 0
[state-dump] - num PYTHON drivers: 0
[state-dump] - num PYTHON pending start requests: 0
[state-dump] - num PYTHON pending registration requests: 0
[state-dump] - num object spill callbacks queued: 0
[state-dump] - num object restore queued: 0
[state-dump] - num util functions queued: 0
[state-dump] - num idle workers: 0
[state-dump] TaskDependencyManager:
[state-dump] - task deps map size: 0
[state-dump] - get req map size: 0
[state-dump] - wait req map size: 0
[state-dump] - local objects map size: 0
[state-dump] WaitManager:
[state-dump] - num active wait requests: 0
[state-dump] Subscriber:
[state-dump] Channel WORKER_OBJECT_EVICTION
[state-dump] - cumulative subscribe requests: 0
[state-dump] - cumulative unsubscribe requests: 0
[state-dump] - active subscribed publishers: 0
[state-dump] - cumulative published messages: 0
[state-dump] - cumulative processed messages: 0
[state-dump] Channel WORKER_OBJECT_LOCATIONS_CHANNEL
[state-dump] - cumulative subscribe requests: 0
[state-dump] - cumulative unsubscribe requests: 0
[state-dump] - active subscribed publishers: 0
[state-dump] - cumulative published messages: 0
[state-dump] - cumulative processed messages: 0
[state-dump] Channel WORKER_REF_REMOVED_CHANNEL
[state-dump] - cumulative subscribe requests: 0
[state-dump] - cumulative unsubscribe requests: 0
[state-dump] - active subscribed publishers: 0
[state-dump] - cumulative published messages: 0
[state-dump] - cumulative processed messages: 0
[state-dump] num async plasma notifications: 0
[state-dump] Remote node managers: 
[state-dump] Event stats:
[state-dump] Global stats: 28 total (13 active)
[state-dump] Queueing time: mean = 1.964 ms, max = 12.447 ms, min = 15.402 us, total = 54.990 ms
[state-dump] Execution time:  mean = 36.842 ms, total = 1.032 s
[state-dump] Event stats:
[state-dump] 	PeriodicalRunner.RunFnPeriodically - 11 total (2 active, 1 running), Execution time: mean = 405.829 us, total = 4.464 ms, Queueing time: mean = 4.994 ms, max = 12.447 ms, min = 32.138 us, total = 54.934 ms
[state-dump] 	ray::rpc::NodeInfoGcsService.grpc_client.RegisterNode - 1 total (0 active), Execution time: mean = 2.091 ms, total = 2.091 ms, Queueing time: mean = 0.000 s, max = -0.000 s, min = 9223372036.855 s, total = 0.000 s
[state-dump] 	MemoryMonitor.CheckIsMemoryUsageAboveThreshold - 1 total (1 active), Execution time: mean = 0.000 s, total = 0.000 s, Queueing time: mean = 0.000 s, max = -0.000 s, min = 9223372036.855 s, total = 0.000 s
[state-dump] 	ClusterResourceManager.ResetRemoteNodeView - 1 total (1 active), Execution time: mean = 0.000 s, total = 0.000 s, Queueing time: mean = 0.000 s, max = -0.000 s, min = 9223372036.855 s, total = 0.000 s
[state-dump] 	NodeManager.deadline_timer.flush_free_objects - 1 total (1 active), Execution time: mean = 0.000 s, total = 0.000 s, Queueing time: mean = 0.000 s, max = -0.000 s, min = 9223372036.855 s, total = 0.000 s
[state-dump] 	ray::rpc::NodeInfoGcsService.grpc_client.RegisterNode.OnReplyReceived - 1 total (0 active), Execution time: mean = 344.646 us, total = 344.646 us, Queueing time: mean = 15.402 us, max = 15.402 us, min = 15.402 us, total = 15.402 us
[state-dump] 	ray::rpc::InternalPubSubGcsService.grpc_client.GcsSubscriberCommandBatch.OnReplyReceived - 1 total (1 active), Execution time: mean = 0.000 s, total = 0.000 s, Queueing time: mean = 0.000 s, max = -0.000 s, min = 9223372036.855 s, total = 0.000 s
[state-dump] 	ray::rpc::InternalKVGcsService.grpc_client.GetInternalConfig - 1 total (0 active), Execution time: mean = 1.474 ms, total = 1.474 ms, Queueing time: mean = 0.000 s, max = -0.000 s, min = 9223372036.855 s, total = 0.000 s
[state-dump] 	NodeManager.deadline_timer.debug_state_dump - 1 total (1 active), Execution time: mean = 0.000 s, total = 0.000 s, Queueing time: mean = 0.000 s, max = -0.000 s, min = 9223372036.855 s, total = 0.000 s
[state-dump] 	RayletWorkerPool.deadline_timer.kill_idle_workers - 1 total (1 active), Execution time: mean = 0.000 s, total = 0.000 s, Queueing time: mean = 0.000 s, max = -0.000 s, min = 9223372036.855 s, total = 0.000 s
[state-dump] 	ObjectManager.UpdateAvailableMemory - 1 total (0 active), Execution time: mean = 3.729 us, total = 3.729 us, Queueing time: mean = 21.191 us, max = 21.191 us, min = 21.191 us, total = 21.191 us
[state-dump] 	NodeManager.deadline_timer.spill_objects_when_over_threshold - 1 total (1 active), Execution time: mean = 0.000 s, total = 0.000 s, Queueing time: mean = 0.000 s, max = -0.000 s, min = 9223372036.855 s, total = 0.000 s
[state-dump] 	ray::rpc::InternalPubSubGcsService.grpc_client.GcsSubscriberCommandBatch - 1 total (0 active), Execution time: mean = 1.551 ms, total = 1.551 ms, Queueing time: mean = 0.000 s, max = -0.000 s, min = 9223372036.855 s, total = 0.000 s
[state-dump] 	NodeManager.deadline_timer.record_metrics - 1 total (1 active), Execution time: mean = 0.000 s, total = 0.000 s, Queueing time: mean = 0.000 s, max = -0.000 s, min = 9223372036.855 s, total = 0.000 s
[state-dump] 	ray::rpc::InternalKVGcsService.grpc_client.GetInternalConfig.OnReplyReceived - 1 total (0 active), Execution time: mean = 1.022 s, total = 1.022 s, Queueing time: mean = 19.716 us, max = 19.716 us, min = 19.716 us, total = 19.716 us
[state-dump] 	NodeManager.GCTaskFailureReason - 1 total (1 active), Execution time: mean = 0.000 s, total = 0.000 s, Queueing time: mean = 0.000 s, max = -0.000 s, min = 9223372036.855 s, total = 0.000 s
[state-dump] 	NodeManager.ScheduleAndDispatchTasks - 1 total (1 active), Execution time: mean = 0.000 s, total = 0.000 s, Queueing time: mean = 0.000 s, max = -0.000 s, min = 9223372036.855 s, total = 0.000 s
[state-dump] 	ray::rpc::InternalPubSubGcsService.grpc_client.GcsSubscriberPoll - 1 total (1 active), Execution time: mean = 0.000 s, total = 0.000 s, Queueing time: mean = 0.000 s, max = -0.000 s, min = 9223372036.855 s, total = 0.000 s
[state-dump] DebugString() time ms: 0
[state-dump] 
[state-dump] 
[2025-04-26 13:01:54,006 I 2923208 2923208] (raylet) accessor.cc:777: Received notification for node, IsAlive = 1 node_id=ed6b571869a94f7ac8aed1fe820fa5567fa9fa57df5bc7d5886f9a05
[2025-04-26 13:01:54,037 I 2923208 2923208] (raylet) worker_pool.cc:729: [Eagerly] Start install runtime environment for job 01000000.
[2025-04-26 13:01:54,041 I 2923208 2923208] (raylet) worker_pool.cc:522: Started worker process with pid 2923337, the token is 0
[2025-04-26 13:01:54,044 I 2923208 2923208] (raylet) worker_pool.cc:522: Started worker process with pid 2923338, the token is 1
[2025-04-26 13:01:54,047 I 2923208 2923208] (raylet) worker_pool.cc:522: Started worker process with pid 2923339, the token is 2
[2025-04-26 13:01:54,051 I 2923208 2923208] (raylet) worker_pool.cc:522: Started worker process with pid 2923340, the token is 3
[2025-04-26 13:01:54,054 I 2923208 2923208] (raylet) worker_pool.cc:522: Started worker process with pid 2923341, the token is 4
[2025-04-26 13:01:54,057 I 2923208 2923208] (raylet) worker_pool.cc:522: Started worker process with pid 2923342, the token is 5
[2025-04-26 13:01:54,060 I 2923208 2923208] (raylet) worker_pool.cc:522: Started worker process with pid 2923343, the token is 6
[2025-04-26 13:01:54,063 I 2923208 2923208] (raylet) worker_pool.cc:522: Started worker process with pid 2923344, the token is 7
[2025-04-26 13:01:54,066 I 2923208 2923208] (raylet) worker_pool.cc:522: Started worker process with pid 2923345, the token is 8
[2025-04-26 13:01:54,069 I 2923208 2923208] (raylet) worker_pool.cc:522: Started worker process with pid 2923346, the token is 9
[2025-04-26 13:01:54,074 I 2923208 2923208] (raylet) worker_pool.cc:522: Started worker process with pid 2923347, the token is 10
[2025-04-26 13:01:54,078 I 2923208 2923208] (raylet) worker_pool.cc:522: Started worker process with pid 2923348, the token is 11
[2025-04-26 13:01:54,082 I 2923208 2923208] (raylet) worker_pool.cc:522: Started worker process with pid 2923349, the token is 12
[2025-04-26 13:01:54,085 I 2923208 2923208] (raylet) worker_pool.cc:522: Started worker process with pid 2923350, the token is 13
[2025-04-26 13:01:54,089 I 2923208 2923208] (raylet) worker_pool.cc:522: Started worker process with pid 2923351, the token is 14
[2025-04-26 13:01:54,092 I 2923208 2923208] (raylet) worker_pool.cc:522: Started worker process with pid 2923352, the token is 15
[2025-04-26 13:01:54,095 I 2923208 2923208] (raylet) worker_pool.cc:522: Started worker process with pid 2923353, the token is 16
[2025-04-26 13:01:54,098 I 2923208 2923208] (raylet) worker_pool.cc:522: Started worker process with pid 2923354, the token is 17
[2025-04-26 13:01:54,101 I 2923208 2923208] (raylet) worker_pool.cc:522: Started worker process with pid 2923355, the token is 18
[2025-04-26 13:01:54,122 I 2923208 2923208] (raylet) worker_pool.cc:522: Started worker process with pid 2923356, the token is 19
[2025-04-26 13:01:54,125 I 2923208 2923208] (raylet) worker_pool.cc:522: Started worker process with pid 2923357, the token is 20
[2025-04-26 13:01:54,128 I 2923208 2923208] (raylet) worker_pool.cc:522: Started worker process with pid 2923358, the token is 21
[2025-04-26 13:01:54,132 I 2923208 2923208] (raylet) worker_pool.cc:522: Started worker process with pid 2923359, the token is 22
[2025-04-26 13:01:54,135 I 2923208 2923208] (raylet) worker_pool.cc:522: Started worker process with pid 2923360, the token is 23
[2025-04-26 13:01:54,138 I 2923208 2923208] (raylet) worker_pool.cc:522: Started worker process with pid 2923361, the token is 24
[2025-04-26 13:01:54,142 I 2923208 2923208] (raylet) worker_pool.cc:522: Started worker process with pid 2923362, the token is 25
[2025-04-26 13:01:54,146 I 2923208 2923208] (raylet) worker_pool.cc:522: Started worker process with pid 2923363, the token is 26
[2025-04-26 13:01:54,148 I 2923208 2923208] (raylet) worker_pool.cc:522: Started worker process with pid 2923364, the token is 27
[2025-04-26 13:01:54,151 I 2923208 2923208] (raylet) worker_pool.cc:522: Started worker process with pid 2923365, the token is 28
[2025-04-26 13:01:54,154 I 2923208 2923208] (raylet) worker_pool.cc:522: Started worker process with pid 2923366, the token is 29
[2025-04-26 13:01:54,157 I 2923208 2923208] (raylet) worker_pool.cc:522: Started worker process with pid 2923367, the token is 30
[2025-04-26 13:01:54,160 I 2923208 2923208] (raylet) worker_pool.cc:522: Started worker process with pid 2923368, the token is 31
[2025-04-26 13:01:54,160 I 2923208 2923208] (raylet) runtime_env_agent_client.cc:340: Runtime Env Agent network error: NotFound: on_connect Connection refused, the server may be still starting or is already failed. Scheduling a retry in 1000ms...
[2025-04-26 13:01:54,738 I 2923208 2923236] (raylet) object_store.cc:35: Object store current usage 8e-09 / 36.4604 GB.
[2025-04-26 13:01:54,935 I 2923208 2923208] (raylet) worker_pool.cc:719: Job 01000000 already started in worker pool.
[2025-04-26 13:01:54,958 I 2923208 2923208] (raylet) runtime_env_agent_client.cc:383: Create runtime env for job 01000000
[2025-04-26 13:01:54,961 I 2923208 2923208] (raylet) worker_pool.cc:522: Started worker process with pid 2925195, the token is 32
[2025-04-26 13:01:55,163 I 2923208 2923208] (raylet) runtime_env_agent_client.cc:383: Create runtime env for job 01000000
[2025-04-26 13:01:55,163 I 2923208 2923208] (raylet) worker_pool.cc:740: [Eagerly] Create runtime env successful for job 01000000.
[2025-04-26 13:01:56,027 I 2923208 2923208] (raylet) node_manager.cc:1549: NodeManager::DisconnectClient, disconnect_type=1, has creation task exception = false
[2025-04-26 13:01:59,003 W 2923208 2923208] (raylet) memory_monitor.cc:198: Got negative used memory for cgroup -1, setting it to zero
[2025-04-26 13:02:04,010 W 2923208 2923208] (raylet) memory_monitor.cc:198: Got negative used memory for cgroup -1, setting it to zero
[2025-04-26 13:02:09,017 W 2923208 2923208] (raylet) memory_monitor.cc:198: Got negative used memory for cgroup -1, setting it to zero
[2025-04-26 13:02:14,024 W 2923208 2923208] (raylet) memory_monitor.cc:198: Got negative used memory for cgroup -1, setting it to zero
[2025-04-26 13:02:19,030 W 2923208 2923208] (raylet) memory_monitor.cc:198: Got negative used memory for cgroup -1, setting it to zero
[2025-04-26 13:02:24,036 W 2923208 2923208] (raylet) memory_monitor.cc:198: Got negative used memory for cgroup -1, setting it to zero
[2025-04-26 13:02:29,042 W 2923208 2923208] (raylet) memory_monitor.cc:198: Got negative used memory for cgroup -1, setting it to zero
[2025-04-26 13:02:34,048 W 2923208 2923208] (raylet) memory_monitor.cc:198: Got negative used memory for cgroup -1, setting it to zero
[2025-04-26 13:02:34,948 I 2923208 2923208] (raylet) node_manager.cc:1549: NodeManager::DisconnectClient, disconnect_type=1, has creation task exception = false
[2025-04-26 13:02:35,587 I 2923208 2923208] (raylet) node_manager.cc:1549: NodeManager::DisconnectClient, disconnect_type=3, has creation task exception = false
[2025-04-26 13:02:35,587 I 2923208 2923208] (raylet) node_manager.cc:1654: Driver (pid=2922826) is disconnected. worker_id=01000000ffffffffffffffffffffffffffffffffffffffffffffffff job_id=01000000
[2025-04-26 13:02:35,589 I 2923208 2923208] (raylet) worker_pool.cc:719: Job 01000000 already started in worker pool.
[2025-04-26 13:02:35,782 I 2923208 2923208] (raylet) main.cc:506: received SIGTERM. Existing local drain request = None
[2025-04-26 13:02:35,782 I 2923208 2923208] (raylet) main.cc:307: Raylet graceful shutdown triggered, reason = EXPECTED_TERMINATION, reason message = received SIGTERM
[2025-04-26 13:02:35,782 I 2923208 2923208] (raylet) main.cc:310: Shutting down...
[2025-04-26 13:02:35,782 I 2923208 2923208] (raylet) accessor.cc:511: Unregistering node node_id=ed6b571869a94f7ac8aed1fe820fa5567fa9fa57df5bc7d5886f9a05
[2025-04-26 13:02:35,784 I 2923208 2923208] (raylet) accessor.cc:524: Finished unregistering node info, status = OK node_id=ed6b571869a94f7ac8aed1fe820fa5567fa9fa57df5bc7d5886f9a05
[2025-04-26 13:02:35,788 I 2923208 2923208] (raylet) agent_manager.cc:113: Killing agent dashboard_agent/424238335, pid 2923312.
[2025-04-26 13:02:35,802 I 2923208 2923313] (raylet) agent_manager.cc:80: Agent process with name dashboard_agent/424238335 exited, exit code 0.
[2025-04-26 13:02:35,802 I 2923208 2923208] (raylet) agent_manager.cc:113: Killing agent runtime_env_agent, pid 2923314.
[2025-04-26 13:02:35,815 I 2923208 2923315] (raylet) agent_manager.cc:80: Agent process with name runtime_env_agent exited, exit code 0.
[2025-04-26 13:02:35,816 I 2923208 2923208] (raylet) io_service_pool.cc:47: IOServicePool is stopped.
[2025-04-26 13:02:35,921 I 2923208 2923208] (raylet) stats.h:120: Stats module has shutdown.
