[2025-04-26 13:07:02,733 I 2928161 2928161] (raylet) main.cc:226: Setting cluster ID to: 71c2c03ccde7854e3fc10a3c8f27b447d72905a85ea27aa793b6426f
[2025-04-26 13:07:02,741 I 2928161 2928161] (raylet) main.cc:341: Raylet is not set to kill unknown children.
[2025-04-26 13:07:02,741 I 2928161 2928161] (raylet) io_service_pool.cc:35: IOServicePool is running with 1 io_service.
[2025-04-26 13:07:02,742 I 2928161 2928161] (raylet) main.cc:471: Setting node ID node_id=9db66e5ab4211087082ea18b4a5743978af6eb40e8b62749310ae3b4
[2025-04-26 13:07:02,742 I 2928161 2928161] (raylet) store_runner.cc:33: Allowing the Plasma store to use up to 36.3849GB of memory.
[2025-04-26 13:07:02,742 I 2928161 2928161] (raylet) store_runner.cc:49: Starting object store with directory /dev/shm, fallback /home/stud/wxie/EasyR1/ray, and huge page support disabled
[2025-04-26 13:07:02,742 I 2928161 2928189] (raylet) dlmalloc.cc:154: create_and_mmap_buffer(36385062920, /dev/shm/plasmaXXXXXX)
[2025-04-26 13:07:02,744 I 2928161 2928189] (raylet) store.cc:564: Plasma store debug dump: 
Current usage: 0 / 36.3849 GB
- num bytes created total: 0
0 pending objects of total size 0MB
- objects spillable: 0
- bytes spillable: 0
- objects unsealed: 0
- bytes unsealed: 0
- objects in use: 0
- bytes in use: 0
- objects evictable: 0
- bytes evictable: 0

- objects created by worker: 0
- bytes created by worker: 0
- objects restored: 0
- bytes restored: 0
- objects received: 0
- bytes received: 0
- objects errored: 0
- bytes errored: 0

[2025-04-26 13:07:03,747 I 2928161 2928161] (raylet) grpc_server.cc:135: ObjectManager server started, listening on port 44149.
[2025-04-26 13:07:03,750 I 2928161 2928161] (raylet) worker_killing_policy.cc:101: Running GroupByOwner policy.
[2025-04-26 13:07:03,751 W 2928161 2928161] (raylet) memory_monitor.cc:198: Got negative used memory for cgroup -1, setting it to zero
[2025-04-26 13:07:03,751 I 2928161 2928161] (raylet) memory_monitor.cc:48: MemoryMonitor initialized with usage threshold at 128114286592 bytes (0.95 system memory), total system memory bytes: 134857150464
[2025-04-26 13:07:03,751 I 2928161 2928161] (raylet) node_manager.cc:295: Initializing NodeManager node_id=9db66e5ab4211087082ea18b4a5743978af6eb40e8b62749310ae3b4
[2025-04-26 13:07:03,752 I 2928161 2928161] (raylet) grpc_server.cc:135: NodeManager server started, listening on port 37127.
[2025-04-26 13:07:03,761 I 2928161 2928267] (raylet) agent_manager.cc:78: Monitor agent process with name dashboard_agent/424238335
[2025-04-26 13:07:03,762 I 2928161 2928269] (raylet) agent_manager.cc:78: Monitor agent process with name runtime_env_agent
[2025-04-26 13:07:03,763 I 2928161 2928161] (raylet) event.cc:500: Ray Event initialized for RAYLET
[2025-04-26 13:07:03,763 I 2928161 2928161] (raylet) event.cc:331: Set ray event level to warning
[2025-04-26 13:07:03,765 I 2928161 2928161] (raylet) raylet.cc:134: Raylet of id, 9db66e5ab4211087082ea18b4a5743978af6eb40e8b62749310ae3b4 started. Raylet consists of node_manager and object_manager. node_manager address: 10.153.51.195:37127 object_manager address: 10.153.51.195:44149 hostname: marajo
[2025-04-26 13:07:03,770 I 2928161 2928161] (raylet) node_manager.cc:532: [state-dump] NodeManager:
[state-dump] Node ID: 9db66e5ab4211087082ea18b4a5743978af6eb40e8b62749310ae3b4
[state-dump] Node name: 10.153.51.195
[state-dump] InitialConfigResources: {node:__internal_head__: 10000, CPU: 320000, node:10.153.51.195: 10000, GPU: 10000, memory: 748981819400000, accelerator_type:H100: 10000, object_store_memory: 363849351160000}
[state-dump] ClusterTaskManager:
[state-dump] ========== Node: 9db66e5ab4211087082ea18b4a5743978af6eb40e8b62749310ae3b4 =================
[state-dump] Infeasible queue length: 0
[state-dump] Schedule queue length: 0
[state-dump] Dispatch queue length: 0
[state-dump] num_waiting_for_resource: 0
[state-dump] num_waiting_for_plasma_memory: 0
[state-dump] num_waiting_for_remote_node_resources: 0
[state-dump] num_worker_not_started_by_job_config_not_exist: 0
[state-dump] num_worker_not_started_by_registration_timeout: 0
[state-dump] num_tasks_waiting_for_workers: 0
[state-dump] num_cancelled_tasks: 0
[state-dump] cluster_resource_scheduler state: 
[state-dump] Local id: -4380025317126301854 Local resources: {"total":{CPU: [320000], node:__internal_head__: [10000], GPU: [10000], object_store_memory: [363849351160000], accelerator_type:H100: [10000], memory: [748981819400000], node:10.153.51.195: [10000]}}, "available": {CPU: [320000], node:__internal_head__: [10000], GPU: [10000], object_store_memory: [363849351160000], accelerator_type:H100: [10000], memory: [748981819400000], node:10.153.51.195: [10000]}}, "labels":{"ray.io/node_id":"9db66e5ab4211087082ea18b4a5743978af6eb40e8b62749310ae3b4",} is_draining: 0 is_idle: 1 Cluster resources: node id: -4380025317126301854{"total":{node:__internal_head__: 10000, node:10.153.51.195: 10000, CPU: 320000, GPU: 10000, accelerator_type:H100: 10000, memory: 748981819400000, object_store_memory: 363849351160000}}, "available": {node:__internal_head__: 10000, node:10.153.51.195: 10000, CPU: 320000, GPU: 10000, accelerator_type:H100: 10000, memory: 748981819400000, object_store_memory: 363849351160000}}, "labels":{"ray.io/node_id":"9db66e5ab4211087082ea18b4a5743978af6eb40e8b62749310ae3b4",}, "is_draining": 0, "draining_deadline_timestamp_ms": -1} { "placment group locations": [], "node to bundles": []}
[state-dump] Waiting tasks size: 0
[state-dump] Number of executing tasks: 0
[state-dump] Number of pinned task arguments: 0
[state-dump] Number of total spilled tasks: 0
[state-dump] Number of spilled waiting tasks: 0
[state-dump] Number of spilled unschedulable tasks: 0
[state-dump] Resource usage {
[state-dump] }
[state-dump] Backlog Size per scheduling descriptor :{workerId: num backlogs}:
[state-dump] 
[state-dump] Running tasks by scheduling class:
[state-dump] ==================================================
[state-dump] 
[state-dump] ClusterResources:
[state-dump] LocalObjectManager:
[state-dump] - num pinned objects: 0
[state-dump] - pinned objects size: 0
[state-dump] - num objects pending restore: 0
[state-dump] - num objects pending spill: 0
[state-dump] - num bytes pending spill: 0
[state-dump] - num bytes currently spilled: 0
[state-dump] - cumulative spill requests: 0
[state-dump] - cumulative restore requests: 0
[state-dump] - spilled objects pending delete: 0
[state-dump] 
[state-dump] ObjectManager:
[state-dump] - num local objects: 0
[state-dump] - num unfulfilled push requests: 0
[state-dump] - num object pull requests: 0
[state-dump] - num chunks received total: 0
[state-dump] - num chunks received failed (all): 0
[state-dump] - num chunks received failed / cancelled: 0
[state-dump] - num chunks received failed / plasma error: 0
[state-dump] Event stats:
[state-dump] Global stats: 0 total (0 active)
[state-dump] Queueing time: mean = -nan s, max = -0.000 s, min = 9223372036.855 s, total = 0.000 s
[state-dump] Execution time:  mean = -nan s, total = 0.000 s
[state-dump] Event stats:
[state-dump] PushManager:
[state-dump] - num pushes in flight: 0
[state-dump] - num chunks in flight: 0
[state-dump] - num chunks remaining: 0
[state-dump] - max chunks allowed: 409
[state-dump] OwnershipBasedObjectDirectory:
[state-dump] - num listeners: 0
[state-dump] - cumulative location updates: 0
[state-dump] - num location updates per second: 25421776599390400.000
[state-dump] - num location lookups per second: 25421776599385600.000
[state-dump] - num locations added per second: 0.000
[state-dump] - num locations removed per second: 0.000
[state-dump] BufferPool:
[state-dump] - create buffer state map size: 0
[state-dump] PullManager:
[state-dump] - num bytes available for pulled objects: 36384935116
[state-dump] - num bytes being pulled (all): 0
[state-dump] - num bytes being pulled / pinned: 0
[state-dump] - get request bundles: BundlePullRequestQueue{0 total, 0 active, 0 inactive, 0 unpullable}
[state-dump] - wait request bundles: BundlePullRequestQueue{0 total, 0 active, 0 inactive, 0 unpullable}
[state-dump] - task request bundles: BundlePullRequestQueue{0 total, 0 active, 0 inactive, 0 unpullable}
[state-dump] - first get request bundle: N/A
[state-dump] - first wait request bundle: N/A
[state-dump] - first task request bundle: N/A
[state-dump] - num objects queued: 0
[state-dump] - num objects actively pulled (all): 0
[state-dump] - num objects actively pulled / pinned: 0
[state-dump] - num bundles being pulled: 0
[state-dump] - num pull retries: 0
[state-dump] - max timeout seconds: 0
[state-dump] - max timeout request is already processed. No entry.
[state-dump] 
[state-dump] WorkerPool:
[state-dump] - registered jobs: 0
[state-dump] - process_failed_job_config_missing: 0
[state-dump] - process_failed_rate_limited: 0
[state-dump] - process_failed_pending_registration: 0
[state-dump] - process_failed_runtime_env_setup_failed: 0
[state-dump] - num JAVA workers: 0
[state-dump] - num JAVA drivers: 0
[state-dump] - num JAVA pending start requests: 0
[state-dump] - num JAVA pending registration requests: 0
[state-dump] - num object spill callbacks queued: 0
[state-dump] - num object restore queued: 0
[state-dump] - num util functions queued: 0
[state-dump] - num PYTHON workers: 0
[state-dump] - num PYTHON drivers: 0
[state-dump] - num PYTHON pending start requests: 0
[state-dump] - num PYTHON pending registration requests: 0
[state-dump] - num object spill callbacks queued: 0
[state-dump] - num object restore queued: 0
[state-dump] - num util functions queued: 0
[state-dump] - num idle workers: 0
[state-dump] TaskDependencyManager:
[state-dump] - task deps map size: 0
[state-dump] - get req map size: 0
[state-dump] - wait req map size: 0
[state-dump] - local objects map size: 0
[state-dump] WaitManager:
[state-dump] - num active wait requests: 0
[state-dump] Subscriber:
[state-dump] Channel WORKER_REF_REMOVED_CHANNEL
[state-dump] - cumulative subscribe requests: 0
[state-dump] - cumulative unsubscribe requests: 0
[state-dump] - active subscribed publishers: 0
[state-dump] - cumulative published messages: 0
[state-dump] - cumulative processed messages: 0
[state-dump] Channel WORKER_OBJECT_LOCATIONS_CHANNEL
[state-dump] - cumulative subscribe requests: 0
[state-dump] - cumulative unsubscribe requests: 0
[state-dump] - active subscribed publishers: 0
[state-dump] - cumulative published messages: 0
[state-dump] - cumulative processed messages: 0
[state-dump] Channel WORKER_OBJECT_EVICTION
[state-dump] - cumulative subscribe requests: 0
[state-dump] - cumulative unsubscribe requests: 0
[state-dump] - active subscribed publishers: 0
[state-dump] - cumulative published messages: 0
[state-dump] - cumulative processed messages: 0
[state-dump] num async plasma notifications: 0
[state-dump] Remote node managers: 
[state-dump] Event stats:
[state-dump] Global stats: 28 total (13 active)
[state-dump] Queueing time: mean = 2.014 ms, max = 12.983 ms, min = 18.876 us, total = 56.404 ms
[state-dump] Execution time:  mean = 36.883 ms, total = 1.033 s
[state-dump] Event stats:
[state-dump] 	PeriodicalRunner.RunFnPeriodically - 11 total (2 active, 1 running), Execution time: mean = 426.236 us, total = 4.689 ms, Queueing time: mean = 5.114 ms, max = 12.983 ms, min = 23.205 us, total = 56.252 ms
[state-dump] 	ray::rpc::InternalKVGcsService.grpc_client.GetInternalConfig.OnReplyReceived - 1 total (0 active), Execution time: mean = 1.023 s, total = 1.023 s, Queueing time: mean = 28.516 us, max = 28.516 us, min = 28.516 us, total = 28.516 us
[state-dump] 	MemoryMonitor.CheckIsMemoryUsageAboveThreshold - 1 total (1 active), Execution time: mean = 0.000 s, total = 0.000 s, Queueing time: mean = 0.000 s, max = -0.000 s, min = 9223372036.855 s, total = 0.000 s
[state-dump] 	NodeManager.ScheduleAndDispatchTasks - 1 total (1 active), Execution time: mean = 0.000 s, total = 0.000 s, Queueing time: mean = 0.000 s, max = -0.000 s, min = 9223372036.855 s, total = 0.000 s
[state-dump] 	ray::rpc::NodeInfoGcsService.grpc_client.RegisterNode.OnReplyReceived - 1 total (0 active), Execution time: mean = 266.516 us, total = 266.516 us, Queueing time: mean = 18.876 us, max = 18.876 us, min = 18.876 us, total = 18.876 us
[state-dump] 	ray::rpc::InternalPubSubGcsService.grpc_client.GcsSubscriberPoll - 1 total (1 active), Execution time: mean = 0.000 s, total = 0.000 s, Queueing time: mean = 0.000 s, max = -0.000 s, min = 9223372036.855 s, total = 0.000 s
[state-dump] 	ray::rpc::InternalKVGcsService.grpc_client.GetInternalConfig - 1 total (0 active), Execution time: mean = 1.324 ms, total = 1.324 ms, Queueing time: mean = 0.000 s, max = -0.000 s, min = 9223372036.855 s, total = 0.000 s
[state-dump] 	ObjectManager.UpdateAvailableMemory - 1 total (0 active), Execution time: mean = 7.967 us, total = 7.967 us, Queueing time: mean = 104.734 us, max = 104.734 us, min = 104.734 us, total = 104.734 us
[state-dump] 	ray::rpc::NodeInfoGcsService.grpc_client.RegisterNode - 1 total (0 active), Execution time: mean = 1.871 ms, total = 1.871 ms, Queueing time: mean = 0.000 s, max = -0.000 s, min = 9223372036.855 s, total = 0.000 s
[state-dump] 	NodeManager.GCTaskFailureReason - 1 total (1 active), Execution time: mean = 0.000 s, total = 0.000 s, Queueing time: mean = 0.000 s, max = -0.000 s, min = 9223372036.855 s, total = 0.000 s
[state-dump] 	ray::rpc::InternalPubSubGcsService.grpc_client.GcsSubscriberCommandBatch - 1 total (0 active), Execution time: mean = 1.717 ms, total = 1.717 ms, Queueing time: mean = 0.000 s, max = -0.000 s, min = 9223372036.855 s, total = 0.000 s
[state-dump] 	ClusterResourceManager.ResetRemoteNodeView - 1 total (1 active), Execution time: mean = 0.000 s, total = 0.000 s, Queueing time: mean = 0.000 s, max = -0.000 s, min = 9223372036.855 s, total = 0.000 s
[state-dump] 	NodeManager.deadline_timer.debug_state_dump - 1 total (1 active), Execution time: mean = 0.000 s, total = 0.000 s, Queueing time: mean = 0.000 s, max = -0.000 s, min = 9223372036.855 s, total = 0.000 s
[state-dump] 	NodeManager.deadline_timer.spill_objects_when_over_threshold - 1 total (1 active), Execution time: mean = 0.000 s, total = 0.000 s, Queueing time: mean = 0.000 s, max = -0.000 s, min = 9223372036.855 s, total = 0.000 s
[state-dump] 	NodeManager.deadline_timer.flush_free_objects - 1 total (1 active), Execution time: mean = 0.000 s, total = 0.000 s, Queueing time: mean = 0.000 s, max = -0.000 s, min = 9223372036.855 s, total = 0.000 s
[state-dump] 	NodeManager.deadline_timer.record_metrics - 1 total (1 active), Execution time: mean = 0.000 s, total = 0.000 s, Queueing time: mean = 0.000 s, max = -0.000 s, min = 9223372036.855 s, total = 0.000 s
[state-dump] 	RayletWorkerPool.deadline_timer.kill_idle_workers - 1 total (1 active), Execution time: mean = 0.000 s, total = 0.000 s, Queueing time: mean = 0.000 s, max = -0.000 s, min = 9223372036.855 s, total = 0.000 s
[state-dump] 	ray::rpc::InternalPubSubGcsService.grpc_client.GcsSubscriberCommandBatch.OnReplyReceived - 1 total (1 active), Execution time: mean = 0.000 s, total = 0.000 s, Queueing time: mean = 0.000 s, max = -0.000 s, min = 9223372036.855 s, total = 0.000 s
[state-dump] DebugString() time ms: 0
[state-dump] 
[state-dump] 
[2025-04-26 13:07:03,772 I 2928161 2928161] (raylet) accessor.cc:777: Received notification for node, IsAlive = 1 node_id=9db66e5ab4211087082ea18b4a5743978af6eb40e8b62749310ae3b4
[2025-04-26 13:07:03,827 I 2928161 2928161] (raylet) worker_pool.cc:729: [Eagerly] Start install runtime environment for job 01000000.
[2025-04-26 13:07:03,832 I 2928161 2928161] (raylet) worker_pool.cc:522: Started worker process with pid 2928291, the token is 0
[2025-04-26 13:07:03,837 I 2928161 2928161] (raylet) worker_pool.cc:522: Started worker process with pid 2928292, the token is 1
[2025-04-26 13:07:03,842 I 2928161 2928161] (raylet) worker_pool.cc:522: Started worker process with pid 2928293, the token is 2
[2025-04-26 13:07:03,848 I 2928161 2928161] (raylet) worker_pool.cc:522: Started worker process with pid 2928294, the token is 3
[2025-04-26 13:07:03,854 I 2928161 2928161] (raylet) worker_pool.cc:522: Started worker process with pid 2928295, the token is 4
[2025-04-26 13:07:03,859 I 2928161 2928161] (raylet) worker_pool.cc:522: Started worker process with pid 2928296, the token is 5
[2025-04-26 13:07:03,864 I 2928161 2928161] (raylet) worker_pool.cc:522: Started worker process with pid 2928297, the token is 6
[2025-04-26 13:07:03,870 I 2928161 2928161] (raylet) worker_pool.cc:522: Started worker process with pid 2928298, the token is 7
[2025-04-26 13:07:03,875 I 2928161 2928161] (raylet) worker_pool.cc:522: Started worker process with pid 2928299, the token is 8
[2025-04-26 13:07:03,880 I 2928161 2928161] (raylet) worker_pool.cc:522: Started worker process with pid 2928300, the token is 9
[2025-04-26 13:07:03,885 I 2928161 2928161] (raylet) worker_pool.cc:522: Started worker process with pid 2928301, the token is 10
[2025-04-26 13:07:03,890 I 2928161 2928161] (raylet) worker_pool.cc:522: Started worker process with pid 2928302, the token is 11
[2025-04-26 13:07:03,895 I 2928161 2928161] (raylet) worker_pool.cc:522: Started worker process with pid 2928303, the token is 12
[2025-04-26 13:07:03,899 I 2928161 2928161] (raylet) worker_pool.cc:522: Started worker process with pid 2928304, the token is 13
[2025-04-26 13:07:03,904 I 2928161 2928161] (raylet) worker_pool.cc:522: Started worker process with pid 2928305, the token is 14
[2025-04-26 13:07:03,910 I 2928161 2928161] (raylet) worker_pool.cc:522: Started worker process with pid 2928306, the token is 15
[2025-04-26 13:07:03,914 I 2928161 2928161] (raylet) worker_pool.cc:522: Started worker process with pid 2928307, the token is 16
[2025-04-26 13:07:03,919 I 2928161 2928161] (raylet) worker_pool.cc:522: Started worker process with pid 2928308, the token is 17
[2025-04-26 13:07:03,923 I 2928161 2928161] (raylet) worker_pool.cc:522: Started worker process with pid 2928309, the token is 18
[2025-04-26 13:07:03,938 I 2928161 2928161] (raylet) worker_pool.cc:522: Started worker process with pid 2928310, the token is 19
[2025-04-26 13:07:03,943 I 2928161 2928161] (raylet) worker_pool.cc:522: Started worker process with pid 2928311, the token is 20
[2025-04-26 13:07:03,947 I 2928161 2928161] (raylet) worker_pool.cc:522: Started worker process with pid 2928312, the token is 21
[2025-04-26 13:07:03,951 I 2928161 2928161] (raylet) worker_pool.cc:522: Started worker process with pid 2928313, the token is 22
[2025-04-26 13:07:03,956 I 2928161 2928161] (raylet) worker_pool.cc:522: Started worker process with pid 2928314, the token is 23
[2025-04-26 13:07:03,960 I 2928161 2928161] (raylet) worker_pool.cc:522: Started worker process with pid 2928315, the token is 24
[2025-04-26 13:07:03,965 I 2928161 2928161] (raylet) worker_pool.cc:522: Started worker process with pid 2928316, the token is 25
[2025-04-26 13:07:03,970 I 2928161 2928161] (raylet) worker_pool.cc:522: Started worker process with pid 2928317, the token is 26
[2025-04-26 13:07:03,974 I 2928161 2928161] (raylet) worker_pool.cc:522: Started worker process with pid 2928318, the token is 27
[2025-04-26 13:07:03,978 I 2928161 2928161] (raylet) worker_pool.cc:522: Started worker process with pid 2928319, the token is 28
[2025-04-26 13:07:03,983 I 2928161 2928161] (raylet) worker_pool.cc:522: Started worker process with pid 2928320, the token is 29
[2025-04-26 13:07:03,987 I 2928161 2928161] (raylet) worker_pool.cc:522: Started worker process with pid 2928321, the token is 30
[2025-04-26 13:07:03,990 I 2928161 2928161] (raylet) worker_pool.cc:522: Started worker process with pid 2928322, the token is 31
[2025-04-26 13:07:03,991 I 2928161 2928161] (raylet) runtime_env_agent_client.cc:340: Runtime Env Agent network error: NotFound: on_connect Connection refused, the server may be still starting or is already failed. Scheduling a retry in 1000ms...
[2025-04-26 13:07:04,671 I 2928161 2928189] (raylet) object_store.cc:35: Object store current usage 8e-09 / 36.3849 GB.
[2025-04-26 13:07:04,983 I 2928161 2928161] (raylet) worker_pool.cc:719: Job 01000000 already started in worker pool.
[2025-04-26 13:07:04,996 I 2928161 2928161] (raylet) runtime_env_agent_client.cc:383: Create runtime env for job 01000000
[2025-04-26 13:07:04,996 I 2928161 2928161] (raylet) worker_pool.cc:740: [Eagerly] Create runtime env successful for job 01000000.
[2025-04-26 13:07:05,014 I 2928161 2928161] (raylet) runtime_env_agent_client.cc:383: Create runtime env for job 01000000
[2025-04-26 13:07:05,020 I 2928161 2928161] (raylet) worker_pool.cc:522: Started worker process with pid 2930200, the token is 32
[2025-04-26 13:07:06,009 I 2928161 2928161] (raylet) node_manager.cc:1549: NodeManager::DisconnectClient, disconnect_type=1, has creation task exception = false
[2025-04-26 13:07:08,776 W 2928161 2928161] (raylet) memory_monitor.cc:198: Got negative used memory for cgroup -1, setting it to zero
[2025-04-26 13:07:13,783 W 2928161 2928161] (raylet) memory_monitor.cc:198: Got negative used memory for cgroup -1, setting it to zero
[2025-04-26 13:07:18,789 W 2928161 2928161] (raylet) memory_monitor.cc:198: Got negative used memory for cgroup -1, setting it to zero
[2025-04-26 13:07:23,796 W 2928161 2928161] (raylet) memory_monitor.cc:198: Got negative used memory for cgroup -1, setting it to zero
[2025-04-26 13:07:28,802 W 2928161 2928161] (raylet) memory_monitor.cc:198: Got negative used memory for cgroup -1, setting it to zero
[2025-04-26 13:07:33,808 W 2928161 2928161] (raylet) memory_monitor.cc:198: Got negative used memory for cgroup -1, setting it to zero
[2025-04-26 13:07:38,814 W 2928161 2928161] (raylet) memory_monitor.cc:198: Got negative used memory for cgroup -1, setting it to zero
[2025-04-26 13:07:41,253 I 2928161 2928161] (raylet) node_manager.cc:1549: NodeManager::DisconnectClient, disconnect_type=3, has creation task exception = false
[2025-04-26 13:07:41,254 I 2928161 2928161] (raylet) node_manager.cc:1654: Driver (pid=2927757) is disconnected. worker_id=01000000ffffffffffffffffffffffffffffffffffffffffffffffff job_id=01000000
[2025-04-26 13:07:41,255 I 2928161 2928161] (raylet) node_manager.cc:1082: The leased worker 32e2c9084aaa816b347cb1302229f756c89d6775c7320db75608a732 is killed because the owner process 01000000ffffffffffffffffffffffffffffffffffffffffffffffff died.
[2025-04-26 13:07:41,256 I 2928161 2928161] (raylet) worker_pool.cc:719: Job 01000000 already started in worker pool.
[2025-04-26 13:07:41,256 I 2928161 2928161] (raylet) node_manager.cc:640: The leased worker  is killed because the job 01000000 finished. worker_id=32e2c9084aaa816b347cb1302229f756c89d6775c7320db75608a732
[2025-04-26 13:07:41,275 I 2928161 2928161] (raylet) node_manager.cc:1549: NodeManager::DisconnectClient, disconnect_type=0, has creation task exception = false
[2025-04-26 13:07:41,366 I 2928161 2928161] (raylet) main.cc:506: received SIGTERM. Existing local drain request = None
[2025-04-26 13:07:41,366 I 2928161 2928161] (raylet) main.cc:307: Raylet graceful shutdown triggered, reason = EXPECTED_TERMINATION, reason message = received SIGTERM
[2025-04-26 13:07:41,366 I 2928161 2928161] (raylet) main.cc:310: Shutting down...
[2025-04-26 13:07:41,366 I 2928161 2928161] (raylet) accessor.cc:511: Unregistering node node_id=9db66e5ab4211087082ea18b4a5743978af6eb40e8b62749310ae3b4
[2025-04-26 13:07:41,368 I 2928161 2928161] (raylet) accessor.cc:524: Finished unregistering node info, status = OK node_id=9db66e5ab4211087082ea18b4a5743978af6eb40e8b62749310ae3b4
[2025-04-26 13:07:41,371 I 2928161 2928161] (raylet) agent_manager.cc:113: Killing agent dashboard_agent/424238335, pid 2928266.
[2025-04-26 13:07:41,388 I 2928161 2928267] (raylet) agent_manager.cc:80: Agent process with name dashboard_agent/424238335 exited, exit code 0.
[2025-04-26 13:07:41,388 I 2928161 2928161] (raylet) agent_manager.cc:113: Killing agent runtime_env_agent, pid 2928268.
[2025-04-26 13:07:41,397 I 2928161 2928269] (raylet) agent_manager.cc:80: Agent process with name runtime_env_agent exited, exit code 0.
[2025-04-26 13:07:41,397 I 2928161 2928161] (raylet) io_service_pool.cc:47: IOServicePool is stopped.
[2025-04-26 13:07:41,479 I 2928161 2928161] (raylet) stats.h:120: Stats module has shutdown.
