[2025-04-26 14:52:14,973 I 2997689 2997689] (gcs_server) gcs_server_main.cc:95: Ray cluster metadata ray_version=2.43.0 ray_commit=ecdcdc6a6e63dc4bcd6ea16aae256ce4d32a7e2c
[2025-04-26 14:52:14,974 I 2997689 2997689] (gcs_server) io_service_pool.cc:35: IOServicePool is running with 1 io_service.
[2025-04-26 14:52:14,982 I 2997689 2997689] (gcs_server) event.cc:500: Ray Event initialized for GCS
[2025-04-26 14:52:14,985 I 2997689 2997689] (gcs_server) event.cc:500: Ray Event initialized for EXPORT_NODE
[2025-04-26 14:52:14,986 I 2997689 2997689] (gcs_server) event.cc:500: Ray Event initialized for EXPORT_ACTOR
[2025-04-26 14:52:14,986 I 2997689 2997689] (gcs_server) event.cc:500: Ray Event initialized for EXPORT_DRIVER_JOB
[2025-04-26 14:52:14,986 I 2997689 2997689] (gcs_server) event.cc:331: Set ray event level to warning
[2025-04-26 14:52:14,987 I 2997689 2997689] (gcs_server) gcs_server.cc:73: GCS storage type is StorageType::IN_MEMORY
[2025-04-26 14:52:14,988 I 2997689 2997689] (gcs_server) gcs_init_data.cc:42: Loading job table data.
[2025-04-26 14:52:14,988 I 2997689 2997689] (gcs_server) gcs_init_data.cc:52: Loading node table data.
[2025-04-26 14:52:14,988 I 2997689 2997689] (gcs_server) gcs_init_data.cc:74: Loading actor table data.
[2025-04-26 14:52:14,988 I 2997689 2997689] (gcs_server) gcs_init_data.cc:85: Loading actor task spec table data.
[2025-04-26 14:52:14,988 I 2997689 2997689] (gcs_server) gcs_init_data.cc:62: Loading placement group table data.
[2025-04-26 14:52:14,988 I 2997689 2997689] (gcs_server) gcs_init_data.cc:46: Finished loading job table data, size = 0
[2025-04-26 14:52:14,988 I 2997689 2997689] (gcs_server) gcs_init_data.cc:56: Finished loading node table data, size = 0
[2025-04-26 14:52:14,988 I 2997689 2997689] (gcs_server) gcs_init_data.cc:79: Finished loading actor table data, size = 0
[2025-04-26 14:52:14,988 I 2997689 2997689] (gcs_server) gcs_init_data.cc:90: Finished loading actor task spec table data, size = 0
[2025-04-26 14:52:14,988 I 2997689 2997689] (gcs_server) gcs_init_data.cc:68: Finished loading placement group table data, size = 0
[2025-04-26 14:52:14,988 I 2997689 2997689] (gcs_server) gcs_server.cc:157: No existing server cluster ID found. Generating new ID: 952b4481a3a8c73cc0ec07730476e45b6bccbbb1be724f4200042142
[2025-04-26 14:52:14,988 I 2997689 2997689] (gcs_server) gcs_server.cc:672: Autoscaler V2 enabled: 0
[2025-04-26 14:52:14,990 I 2997689 2997689] (gcs_server) grpc_server.cc:135: GcsServer server started, listening on port 63685.
[2025-04-26 14:52:15,079 I 2997689 2997689] (gcs_server) gcs_server.cc:245: Gcs Debug state:

GcsNodeManager: 
- RegisterNode request count: 0
- DrainNode request count: 0
- GetAllNodeInfo request count: 0

GcsActorManager: 
- RegisterActor request count: 0
- CreateActor request count: 0
- GetActorInfo request count: 0
- GetNamedActorInfo request count: 0
- GetAllActorInfo request count: 0
- KillActor request count: 0
- ListNamedActors request count: 0
- Registered actors count: 0
- Destroyed actors count: 0
- Named actors count: 0
- Unresolved actors count: 0
- Pending actors count: 0
- Created actors count: 0
- owners_: 0
- actor_to_register_callbacks_: 0
- actor_to_restart_callbacks_: 0
- actor_to_create_callbacks_: 0
- sorted_destroyed_actor_list_: 0

GcsResourceManager: 
- GetAllAvailableResources request count: 0
- GetAllTotalResources request count: 0
- GetAllResourceUsage request count: 0

GcsPlacementGroupManager: 
- CreatePlacementGroup request count: 0
- RemovePlacementGroup request count: 0
- GetPlacementGroup request count: 0
- GetAllPlacementGroup request count: 0
- WaitPlacementGroupUntilReady request count: 0
- GetNamedPlacementGroup request count: 0
- Scheduling pending placement group count: 0
- Registered placement groups count: 0
- Named placement group count: 0
- Pending placement groups count: 0
- Infeasible placement groups count: 0

Publisher:

[runtime env manager] ID to URIs table:
[runtime env manager] URIs reference table:

GcsTaskManager: 
-Total num task events reported: 0
-Total num status task events dropped: 0
-Total num profile events dropped: 0
-Current num of task events stored: 0
-Total num of actor creation tasks: 0
-Total num of actor tasks: 0
-Total num of normal tasks: 0
-Total num of driver tasks: 0

GcsAutoscalerStateManager: 
- last_seen_autoscaler_state_version_: 0
- last_cluster_resource_state_version_: 0
- pending demands:



[2025-04-26 14:52:15,079 I 2997689 2997689] (gcs_server) gcs_server.cc:870: Main service Event stats:


Global stats: 24 total (4 active)
Queueing time: mean = 34.538 ms, max = 90.839 ms, min = 53.000 ns, total = 828.918 ms
Execution time:  mean = 7.576 ms, total = 181.816 ms
Event stats:
	GcsInMemoryStore.Put - 8 total (0 active), Execution time: mean = 11.358 ms, total = 90.865 ms, Queueing time: mean = 79.117 ms, max = 90.567 ms, min = 2.548 us, total = 632.935 ms
	GcsInMemoryStore.GetAll - 5 total (0 active), Execution time: mean = 8.094 us, total = 40.469 us, Queueing time: mean = 26.123 us, max = 29.656 us, min = 21.871 us, total = 130.617 us
	PeriodicalRunner.RunFnPeriodically - 4 total (2 active, 1 running), Execution time: mean = 2.618 us, total = 10.471 us, Queueing time: mean = 45.397 ms, max = 90.839 ms, min = 90.749 ms, total = 181.588 ms
	event_loop_lag_probe - 2 total (0 active), Execution time: mean = 9.408 us, total = 18.815 us, Queueing time: mean = 7.121 ms, max = 14.194 ms, min = 48.747 us, total = 14.242 ms
	RayletLoadPulled - 1 total (1 active), Execution time: mean = 0.000 s, total = 0.000 s, Queueing time: mean = 0.000 s, max = -0.000 s, min = 9223372036.855 s, total = 0.000 s
	GcsServer.GetOrGenerateClusterId.continuation - 1 total (0 active), Execution time: mean = 90.851 ms, total = 90.851 ms, Queueing time: mean = 53.000 ns, max = 53.000 ns, min = 53.000 ns, total = 53.000 ns
	GcsInMemoryStore.Get - 1 total (0 active), Execution time: mean = 15.542 us, total = 15.542 us, Queueing time: mean = 21.171 us, max = 21.171 us, min = 21.171 us, total = 21.171 us
	ClusterResourceManager.ResetRemoteNodeView - 1 total (1 active), Execution time: mean = 0.000 s, total = 0.000 s, Queueing time: mean = 0.000 s, max = -0.000 s, min = 9223372036.855 s, total = 0.000 s
	GcsInitData::AsyncLoad - 1 total (0 active), Execution time: mean = 15.625 us, total = 15.625 us, Queueing time: mean = 408.000 ns, max = 408.000 ns, min = 408.000 ns, total = 408.000 ns


[2025-04-26 14:52:15,079 I 2997689 2997689] (gcs_server) gcs_server.cc:874: task_io_context Event stats:


Global stats: 4 total (1 active)
Queueing time: mean = 81.305 us, max = 291.369 us, min = 15.101 us, total = 325.218 us
Execution time:  mean = 55.219 us, total = 220.875 us
Event stats:
	event_loop_lag_probe - 2 total (0 active), Execution time: mean = 107.067 us, total = 214.135 us, Queueing time: mean = 155.059 us, max = 291.369 us, min = 18.748 us, total = 310.117 us
	PeriodicalRunner.RunFnPeriodically - 1 total (0 active), Execution time: mean = 6.740 us, total = 6.740 us, Queueing time: mean = 15.101 us, max = 15.101 us, min = 15.101 us, total = 15.101 us
	GcsTaskManager.GcJobSummary - 1 total (1 active), Execution time: mean = 0.000 s, total = 0.000 s, Queueing time: mean = 0.000 s, max = -0.000 s, min = 9223372036.855 s, total = 0.000 s


[2025-04-26 14:52:15,079 I 2997689 2997689] (gcs_server) gcs_server.cc:874: pubsub_io_context Event stats:


Global stats: 4 total (1 active)
Queueing time: mean = 417.608 us, max = 1.248 ms, min = 155.400 us, total = 1.670 ms
Execution time:  mean = 63.208 us, total = 252.830 us
Event stats:
	event_loop_lag_probe - 2 total (0 active), Execution time: mean = 93.394 us, total = 186.787 us, Queueing time: mean = 701.947 us, max = 1.248 ms, min = 155.400 us, total = 1.404 ms
	PeriodicalRunner.RunFnPeriodically - 1 total (0 active), Execution time: mean = 66.043 us, total = 66.043 us, Queueing time: mean = 266.538 us, max = 266.538 us, min = 266.538 us, total = 266.538 us
	Publisher.CheckDeadSubscribers - 1 total (1 active), Execution time: mean = 0.000 s, total = 0.000 s, Queueing time: mean = 0.000 s, max = -0.000 s, min = 9223372036.855 s, total = 0.000 s


[2025-04-26 14:52:15,079 I 2997689 2997689] (gcs_server) gcs_server.cc:874: ray_syncer_io_context Event stats:


Global stats: 4 total (0 active)
Queueing time: mean = 280.204 us, max = 908.866 us, min = 22.967 us, total = 1.121 ms
Execution time:  mean = 38.968 us, total = 155.870 us
Event stats:
	RaySyncerRegister - 2 total (0 active), Execution time: mean = 1.490 us, total = 2.980 us, Queueing time: mean = 94.493 us, max = 94.839 us, min = 94.146 us, total = 188.985 us
	event_loop_lag_probe - 2 total (0 active), Execution time: mean = 76.445 us, total = 152.890 us, Queueing time: mean = 465.916 us, max = 908.866 us, min = 22.967 us, total = 931.833 us


[2025-04-26 14:52:17,882 I 2997689 2997689] (gcs_server) gcs_node_manager.cc:88: Registering node info, address = 10.153.51.195, node name = 10.153.51.195 node_id=2396bc60dac1e110c41dcae43e3de0b92ab76571bc680033e3e3d04e
[2025-04-26 14:52:17,883 I 2997689 2997689] (gcs_server) gcs_node_manager.cc:94: Finished registering node info, address = 10.153.51.195, node name = 10.153.51.195, is_head_node = 1 node_id=2396bc60dac1e110c41dcae43e3de0b92ab76571bc680033e3e3d04e
[2025-04-26 14:52:17,883 I 2997689 2997689] (gcs_server) gcs_placement_group_manager.cc:830: A new node: 2396bc60dac1e110c41dcae43e3de0b92ab76571bc680033e3e3d04e registered, will try to reschedule all the infeasible placement groups.
[2025-04-26 14:52:17,889 I 2997689 2997748] (gcs_server) ray_syncer.cc:244: Get connection node_id=2396bc60dac1e110c41dcae43e3de0b92ab76571bc680033e3e3d04e
[2025-04-26 14:52:19,074 I 2997689 2997689] (gcs_server) gcs_job_manager.cc:90: Adding job, job id = 01000000, driver pid = 2997510
[2025-04-26 14:52:19,074 I 2997689 2997689] (gcs_server) gcs_job_manager.cc:111: Finished adding job, job id = 01000000, driver pid = 2997510
[2025-04-26 14:52:19,091 I 2997689 2997689] (gcs_server) gcs_actor_manager.cc:396: Registering actor job_id=01000000 actor_id=c4a12055840776d759cbcd2e01000000
[2025-04-26 14:52:19,093 I 2997689 2997689] (gcs_server) gcs_actor_manager.cc:401: Registered actor, job id = 01000000, actor id = c4a12055840776d759cbcd2e01000000
[2025-04-26 14:52:19,093 I 2997689 2997689] (gcs_server) gcs_actor_manager.cc:482: Creating actor job_id=01000000 actor_id=c4a12055840776d759cbcd2e01000000
[2025-04-26 14:52:19,093 I 2997689 2997689] (gcs_server) gcs_actor_scheduler.cc:313: Start leasing worker from node 2396bc60dac1e110c41dcae43e3de0b92ab76571bc680033e3e3d04e for actor c4a12055840776d759cbcd2e01000000, job id = 01000000
[2025-04-26 14:52:20,105 I 2997689 2997689] (gcs_server) gcs_actor_scheduler.cc:634: Finished leasing worker from 2396bc60dac1e110c41dcae43e3de0b92ab76571bc680033e3e3d04e for actor c4a12055840776d759cbcd2e01000000, job id = 01000000
[2025-04-26 14:52:20,105 I 2997689 2997689] (gcs_server) gcs_actor_scheduler.cc:449: Start creating actor c4a12055840776d759cbcd2e01000000 on worker 611f4329de792e678c074a5699b12dd96128b0c7462609a531f2e160 at node 2396bc60dac1e110c41dcae43e3de0b92ab76571bc680033e3e3d04e, job id = 01000000
[2025-04-26 14:52:29,603 I 2997689 2997689] (gcs_server) gcs_actor_scheduler.cc:486: Finished actor creation task for actor c4a12055840776d759cbcd2e01000000 on worker 611f4329de792e678c074a5699b12dd96128b0c7462609a531f2e160 at node 2396bc60dac1e110c41dcae43e3de0b92ab76571bc680033e3e3d04e, job id = 01000000
[2025-04-26 14:52:29,603 I 2997689 2997689] (gcs_server) gcs_actor_manager.cc:1543: Actor created successfully job_id=01000000 actor_id=c4a12055840776d759cbcd2e01000000
[2025-04-26 14:52:29,603 I 2997689 2997689] (gcs_server) gcs_actor_manager.cc:497: Finished creating actor. Status: OK job_id=01000000 actor_id=c4a12055840776d759cbcd2e01000000
[2025-04-26 14:52:36,169 I 2997689 2997689] (gcs_server) gcs_actor_manager.cc:1029: Destroying actor job_id=01000000 actor_id=c4a12055840776d759cbcd2e01000000
[2025-04-26 14:52:36,171 I 2997689 2997689] (gcs_server) gcs_job_manager.cc:149: Finished marking job state, job id = 01000000
[2025-04-26 14:52:36,171 I 2997689 2997689] (gcs_server) gcs_actor_manager.cc:1004: Worker 01000000ffffffffffffffffffffffffffffffffffffffffffffffff failed, destroying actor child, job id = 01000000
[2025-04-26 14:52:36,255 I 2997689 2997689] (gcs_server) gcs_node_manager.cc:382: Removing node, node name = 10.153.51.195, death reason = EXPECTED_TERMINATION, death message = received SIGTERM node_id=2396bc60dac1e110c41dcae43e3de0b92ab76571bc680033e3e3d04e
[2025-04-26 14:52:36,255 I 2997689 2997689] (gcs_server) gcs_placement_group_manager.cc:800: Node failed, rescheduling the placement groups on the dead node. node_id=2396bc60dac1e110c41dcae43e3de0b92ab76571bc680033e3e3d04e
[2025-04-26 14:52:36,255 I 2997689 2997689] (gcs_server) gcs_actor_manager.cc:1282: Node failed, reconstructing actors. node_id=2396bc60dac1e110c41dcae43e3de0b92ab76571bc680033e3e3d04e
[2025-04-26 14:52:36,255 I 2997689 2997689] (gcs_server) gcs_job_manager.cc:467: Node failed, mark all jobs from this node as finished node_id=2396bc60dac1e110c41dcae43e3de0b92ab76571bc680033e3e3d04e
[2025-04-26 14:52:36,548 I 2997689 2997738] (gcs_server) ray_syncer_bidi_reactor_base.h:182: Failed to read the message from: 2396bc60dac1e110c41dcae43e3de0b92ab76571bc680033e3e3d04e
[2025-04-26 14:52:36,548 I 2997689 2997738] (gcs_server) ray_syncer.cc:241: Connection is broken. node_id=2396bc60dac1e110c41dcae43e3de0b92ab76571bc680033e3e3d04e
[2025-04-26 14:52:36,569 I 2997689 2997689] (gcs_server) gcs_server_main.cc:175: GCS server received SIGTERM, shutting down...
[2025-04-26 14:52:36,569 I 2997689 2997689] (gcs_server) gcs_server.cc:267: Stopping GCS server.
[2025-04-26 14:52:36,586 I 2997689 2997689] (gcs_server) gcs_server.cc:284: GCS server stopped.
[2025-04-26 14:52:36,587 I 2997689 2997689] (gcs_server) io_service_pool.cc:47: IOServicePool is stopped.
[2025-04-26 14:52:36,611 I 2997689 2997689] (gcs_server) stats.h:120: Stats module has shutdown.
