[2025-04-26 14:52:16,856 I 2997899 2997899] (raylet) main.cc:226: Setting cluster ID to: 952b4481a3a8c73cc0ec07730476e45b6bccbbb1be724f4200042142
[2025-04-26 14:52:16,863 I 2997899 2997899] (raylet) main.cc:341: Raylet is not set to kill unknown children.
[2025-04-26 14:52:16,863 I 2997899 2997899] (raylet) io_service_pool.cc:35: IOServicePool is running with 1 io_service.
[2025-04-26 14:52:16,864 I 2997899 2997899] (raylet) main.cc:471: Setting node ID node_id=2396bc60dac1e110c41dcae43e3de0b92ab76571bc680033e3e3d04e
[2025-04-26 14:52:16,864 I 2997899 2997899] (raylet) store_runner.cc:33: Allowing the Plasma store to use up to 36.2785GB of memory.
[2025-04-26 14:52:16,864 I 2997899 2997899] (raylet) store_runner.cc:49: Starting object store with directory /dev/shm, fallback /home/stud/wxie/EasyR1/ray, and huge page support disabled
[2025-04-26 14:52:16,864 I 2997899 2997927] (raylet) dlmalloc.cc:154: create_and_mmap_buffer(36278501384, /dev/shm/plasmaXXXXXX)
[2025-04-26 14:52:16,867 I 2997899 2997927] (raylet) store.cc:564: Plasma store debug dump: 
Current usage: 0 / 36.2785 GB
- num bytes created total: 0
0 pending objects of total size 0MB
- objects spillable: 0
- bytes spillable: 0
- objects unsealed: 0
- bytes unsealed: 0
- objects in use: 0
- bytes in use: 0
- objects evictable: 0
- bytes evictable: 0

- objects created by worker: 0
- bytes created by worker: 0
- objects restored: 0
- bytes restored: 0
- objects received: 0
- bytes received: 0
- objects errored: 0
- bytes errored: 0

[2025-04-26 14:52:17,868 I 2997899 2997899] (raylet) grpc_server.cc:135: ObjectManager server started, listening on port 33375.
[2025-04-26 14:52:17,871 I 2997899 2997899] (raylet) worker_killing_policy.cc:101: Running GroupByOwner policy.
[2025-04-26 14:52:17,871 W 2997899 2997899] (raylet) memory_monitor.cc:198: Got negative used memory for cgroup -1, setting it to zero
[2025-04-26 14:52:17,871 I 2997899 2997899] (raylet) memory_monitor.cc:48: MemoryMonitor initialized with usage threshold at 128114286592 bytes (0.95 system memory), total system memory bytes: 134857150464
[2025-04-26 14:52:17,871 I 2997899 2997899] (raylet) node_manager.cc:295: Initializing NodeManager node_id=2396bc60dac1e110c41dcae43e3de0b92ab76571bc680033e3e3d04e
[2025-04-26 14:52:17,872 I 2997899 2997899] (raylet) grpc_server.cc:135: NodeManager server started, listening on port 42931.
[2025-04-26 14:52:17,880 I 2997899 2998004] (raylet) agent_manager.cc:78: Monitor agent process with name dashboard_agent/424238335
[2025-04-26 14:52:17,880 I 2997899 2998006] (raylet) agent_manager.cc:78: Monitor agent process with name runtime_env_agent
[2025-04-26 14:52:17,882 I 2997899 2997899] (raylet) event.cc:500: Ray Event initialized for RAYLET
[2025-04-26 14:52:17,882 I 2997899 2997899] (raylet) event.cc:331: Set ray event level to warning
[2025-04-26 14:52:17,884 I 2997899 2997899] (raylet) raylet.cc:134: Raylet of id, 2396bc60dac1e110c41dcae43e3de0b92ab76571bc680033e3e3d04e started. Raylet consists of node_manager and object_manager. node_manager address: 10.153.51.195:42931 object_manager address: 10.153.51.195:33375 hostname: marajo
[2025-04-26 14:52:17,888 I 2997899 2997899] (raylet) node_manager.cc:532: [state-dump] NodeManager:
[state-dump] Node ID: 2396bc60dac1e110c41dcae43e3de0b92ab76571bc680033e3e3d04e
[state-dump] Node name: 10.153.51.195
[state-dump] InitialConfigResources: {memory: 746498193410000, accelerator_type:H100: 10000, object_store_memory: 362784940030000, GPU: 10000, node:10.153.51.195: 10000, CPU: 320000, node:__internal_head__: 10000}
[state-dump] ClusterTaskManager:
[state-dump] ========== Node: 2396bc60dac1e110c41dcae43e3de0b92ab76571bc680033e3e3d04e =================
[state-dump] Infeasible queue length: 0
[state-dump] Schedule queue length: 0
[state-dump] Dispatch queue length: 0
[state-dump] num_waiting_for_resource: 0
[state-dump] num_waiting_for_plasma_memory: 0
[state-dump] num_waiting_for_remote_node_resources: 0
[state-dump] num_worker_not_started_by_job_config_not_exist: 0
[state-dump] num_worker_not_started_by_registration_timeout: 0
[state-dump] num_tasks_waiting_for_workers: 0
[state-dump] num_cancelled_tasks: 0
[state-dump] cluster_resource_scheduler state: 
[state-dump] Local id: -7158529497148452387 Local resources: {"total":{accelerator_type:H100: [10000], memory: [746498193410000], node:10.153.51.195: [10000], object_store_memory: [362784940030000], node:__internal_head__: [10000], CPU: [320000], GPU: [10000]}}, "available": {accelerator_type:H100: [10000], memory: [746498193410000], node:10.153.51.195: [10000], object_store_memory: [362784940030000], node:__internal_head__: [10000], CPU: [320000], GPU: [10000]}}, "labels":{"ray.io/node_id":"2396bc60dac1e110c41dcae43e3de0b92ab76571bc680033e3e3d04e",} is_draining: 0 is_idle: 1 Cluster resources: node id: -7158529497148452387{"total":{memory: 746498193410000, accelerator_type:H100: 10000, object_store_memory: 362784940030000, GPU: 10000, node:10.153.51.195: 10000, CPU: 320000, node:__internal_head__: 10000}}, "available": {memory: 746498193410000, accelerator_type:H100: 10000, object_store_memory: 362784940030000, GPU: 10000, node:10.153.51.195: 10000, CPU: 320000, node:__internal_head__: 10000}}, "labels":{"ray.io/node_id":"2396bc60dac1e110c41dcae43e3de0b92ab76571bc680033e3e3d04e",}, "is_draining": 0, "draining_deadline_timestamp_ms": -1} { "placment group locations": [], "node to bundles": []}
[state-dump] Waiting tasks size: 0
[state-dump] Number of executing tasks: 0
[state-dump] Number of pinned task arguments: 0
[state-dump] Number of total spilled tasks: 0
[state-dump] Number of spilled waiting tasks: 0
[state-dump] Number of spilled unschedulable tasks: 0
[state-dump] Resource usage {
[state-dump] }
[state-dump] Backlog Size per scheduling descriptor :{workerId: num backlogs}:
[state-dump] 
[state-dump] Running tasks by scheduling class:
[state-dump] ==================================================
[state-dump] 
[state-dump] ClusterResources:
[state-dump] LocalObjectManager:
[state-dump] - num pinned objects: 0
[state-dump] - pinned objects size: 0
[state-dump] - num objects pending restore: 0
[state-dump] - num objects pending spill: 0
[state-dump] - num bytes pending spill: 0
[state-dump] - num bytes currently spilled: 0
[state-dump] - cumulative spill requests: 0
[state-dump] - cumulative restore requests: 0
[state-dump] - spilled objects pending delete: 0
[state-dump] 
[state-dump] ObjectManager:
[state-dump] - num local objects: 0
[state-dump] - num unfulfilled push requests: 0
[state-dump] - num object pull requests: 0
[state-dump] - num chunks received total: 0
[state-dump] - num chunks received failed (all): 0
[state-dump] - num chunks received failed / cancelled: 0
[state-dump] - num chunks received failed / plasma error: 0
[state-dump] Event stats:
[state-dump] Global stats: 0 total (0 active)
[state-dump] Queueing time: mean = -nan s, max = -0.000 s, min = 9223372036.855 s, total = 0.000 s
[state-dump] Execution time:  mean = -nan s, total = 0.000 s
[state-dump] Event stats:
[state-dump] PushManager:
[state-dump] - num pushes in flight: 0
[state-dump] - num chunks in flight: 0
[state-dump] - num chunks remaining: 0
[state-dump] - max chunks allowed: 409
[state-dump] OwnershipBasedObjectDirectory:
[state-dump] - num listeners: 0
[state-dump] - cumulative location updates: 0
[state-dump] - num location updates per second: 46440009555869328.000
[state-dump] - num location lookups per second: 46440009555861328.000
[state-dump] - num locations added per second: 0.000
[state-dump] - num locations removed per second: 0.000
[state-dump] BufferPool:
[state-dump] - create buffer state map size: 0
[state-dump] PullManager:
[state-dump] - num bytes available for pulled objects: 36278494003
[state-dump] - num bytes being pulled (all): 0
[state-dump] - num bytes being pulled / pinned: 0
[state-dump] - get request bundles: BundlePullRequestQueue{0 total, 0 active, 0 inactive, 0 unpullable}
[state-dump] - wait request bundles: BundlePullRequestQueue{0 total, 0 active, 0 inactive, 0 unpullable}
[state-dump] - task request bundles: BundlePullRequestQueue{0 total, 0 active, 0 inactive, 0 unpullable}
[state-dump] - first get request bundle: N/A
[state-dump] - first wait request bundle: N/A
[state-dump] - first task request bundle: N/A
[state-dump] - num objects queued: 0
[state-dump] - num objects actively pulled (all): 0
[state-dump] - num objects actively pulled / pinned: 0
[state-dump] - num bundles being pulled: 0
[state-dump] - num pull retries: 0
[state-dump] - max timeout seconds: 0
[state-dump] - max timeout request is already processed. No entry.
[state-dump] 
[state-dump] WorkerPool:
[state-dump] - registered jobs: 0
[state-dump] - process_failed_job_config_missing: 0
[state-dump] - process_failed_rate_limited: 0
[state-dump] - process_failed_pending_registration: 0
[state-dump] - process_failed_runtime_env_setup_failed: 0
[state-dump] - num JAVA workers: 0
[state-dump] - num JAVA drivers: 0
[state-dump] - num JAVA pending start requests: 0
[state-dump] - num JAVA pending registration requests: 0
[state-dump] - num object spill callbacks queued: 0
[state-dump] - num object restore queued: 0
[state-dump] - num util functions queued: 0
[state-dump] - num PYTHON workers: 0
[state-dump] - num PYTHON drivers: 0
[state-dump] - num PYTHON pending start requests: 0
[state-dump] - num PYTHON pending registration requests: 0
[state-dump] - num object spill callbacks queued: 0
[state-dump] - num object restore queued: 0
[state-dump] - num util functions queued: 0
[state-dump] - num idle workers: 0
[state-dump] TaskDependencyManager:
[state-dump] - task deps map size: 0
[state-dump] - get req map size: 0
[state-dump] - wait req map size: 0
[state-dump] - local objects map size: 0
[state-dump] WaitManager:
[state-dump] - num active wait requests: 0
[state-dump] Subscriber:
[state-dump] Channel WORKER_REF_REMOVED_CHANNEL
[state-dump] - cumulative subscribe requests: 0
[state-dump] - cumulative unsubscribe requests: 0
[state-dump] - active subscribed publishers: 0
[state-dump] - cumulative published messages: 0
[state-dump] - cumulative processed messages: 0
[state-dump] Channel WORKER_OBJECT_LOCATIONS_CHANNEL
[state-dump] - cumulative subscribe requests: 0
[state-dump] - cumulative unsubscribe requests: 0
[state-dump] - active subscribed publishers: 0
[state-dump] - cumulative published messages: 0
[state-dump] - cumulative processed messages: 0
[state-dump] Channel WORKER_OBJECT_EVICTION
[state-dump] - cumulative subscribe requests: 0
[state-dump] - cumulative unsubscribe requests: 0
[state-dump] - active subscribed publishers: 0
[state-dump] - cumulative published messages: 0
[state-dump] - cumulative processed messages: 0
[state-dump] num async plasma notifications: 0
[state-dump] Remote node managers: 
[state-dump] Event stats:
[state-dump] Global stats: 28 total (13 active)
[state-dump] Queueing time: mean = 1.684 ms, max = 11.154 ms, min = 14.615 us, total = 47.139 ms
[state-dump] Execution time:  mean = 36.703 ms, total = 1.028 s
[state-dump] Event stats:
[state-dump] 	PeriodicalRunner.RunFnPeriodically - 11 total (2 active, 1 running), Execution time: mean = 291.968 us, total = 3.212 ms, Queueing time: mean = 4.280 ms, max = 11.154 ms, min = 19.978 us, total = 47.084 ms
[state-dump] 	ray::rpc::InternalKVGcsService.grpc_client.GetInternalConfig - 1 total (0 active), Execution time: mean = 1.085 ms, total = 1.085 ms, Queueing time: mean = 0.000 s, max = -0.000 s, min = 9223372036.855 s, total = 0.000 s
[state-dump] 	ClusterResourceManager.ResetRemoteNodeView - 1 total (1 active), Execution time: mean = 0.000 s, total = 0.000 s, Queueing time: mean = 0.000 s, max = -0.000 s, min = 9223372036.855 s, total = 0.000 s
[state-dump] 	ObjectManager.UpdateAvailableMemory - 1 total (0 active), Execution time: mean = 3.192 us, total = 3.192 us, Queueing time: mean = 17.385 us, max = 17.385 us, min = 17.385 us, total = 17.385 us
[state-dump] 	NodeManager.ScheduleAndDispatchTasks - 1 total (1 active), Execution time: mean = 0.000 s, total = 0.000 s, Queueing time: mean = 0.000 s, max = -0.000 s, min = 9223372036.855 s, total = 0.000 s
[state-dump] 	RayletWorkerPool.deadline_timer.kill_idle_workers - 1 total (1 active), Execution time: mean = 0.000 s, total = 0.000 s, Queueing time: mean = 0.000 s, max = -0.000 s, min = 9223372036.855 s, total = 0.000 s
[state-dump] 	ray::rpc::InternalPubSubGcsService.grpc_client.GcsSubscriberCommandBatch.OnReplyReceived - 1 total (1 active), Execution time: mean = 0.000 s, total = 0.000 s, Queueing time: mean = 0.000 s, max = -0.000 s, min = 9223372036.855 s, total = 0.000 s
[state-dump] 	NodeManager.deadline_timer.record_metrics - 1 total (1 active), Execution time: mean = 0.000 s, total = 0.000 s, Queueing time: mean = 0.000 s, max = -0.000 s, min = 9223372036.855 s, total = 0.000 s
[state-dump] 	ray::rpc::InternalPubSubGcsService.grpc_client.GcsSubscriberPoll - 1 total (1 active), Execution time: mean = 0.000 s, total = 0.000 s, Queueing time: mean = 0.000 s, max = -0.000 s, min = 9223372036.855 s, total = 0.000 s
[state-dump] 	ray::rpc::InternalPubSubGcsService.grpc_client.GcsSubscriberCommandBatch - 1 total (0 active), Execution time: mean = 1.948 ms, total = 1.948 ms, Queueing time: mean = 0.000 s, max = -0.000 s, min = 9223372036.855 s, total = 0.000 s
[state-dump] 	ray::rpc::NodeInfoGcsService.grpc_client.RegisterNode.OnReplyReceived - 1 total (0 active), Execution time: mean = 195.731 us, total = 195.731 us, Queueing time: mean = 22.585 us, max = 22.585 us, min = 22.585 us, total = 22.585 us
[state-dump] 	MemoryMonitor.CheckIsMemoryUsageAboveThreshold - 1 total (1 active), Execution time: mean = 0.000 s, total = 0.000 s, Queueing time: mean = 0.000 s, max = -0.000 s, min = 9223372036.855 s, total = 0.000 s
[state-dump] 	ray::rpc::InternalKVGcsService.grpc_client.GetInternalConfig.OnReplyReceived - 1 total (0 active), Execution time: mean = 1.019 s, total = 1.019 s, Queueing time: mean = 14.615 us, max = 14.615 us, min = 14.615 us, total = 14.615 us
[state-dump] 	NodeManager.GCTaskFailureReason - 1 total (1 active), Execution time: mean = 0.000 s, total = 0.000 s, Queueing time: mean = 0.000 s, max = -0.000 s, min = 9223372036.855 s, total = 0.000 s
[state-dump] 	ray::rpc::NodeInfoGcsService.grpc_client.RegisterNode - 1 total (0 active), Execution time: mean = 2.055 ms, total = 2.055 ms, Queueing time: mean = 0.000 s, max = -0.000 s, min = 9223372036.855 s, total = 0.000 s
[state-dump] 	NodeManager.deadline_timer.spill_objects_when_over_threshold - 1 total (1 active), Execution time: mean = 0.000 s, total = 0.000 s, Queueing time: mean = 0.000 s, max = -0.000 s, min = 9223372036.855 s, total = 0.000 s
[state-dump] 	NodeManager.deadline_timer.flush_free_objects - 1 total (1 active), Execution time: mean = 0.000 s, total = 0.000 s, Queueing time: mean = 0.000 s, max = -0.000 s, min = 9223372036.855 s, total = 0.000 s
[state-dump] 	NodeManager.deadline_timer.debug_state_dump - 1 total (1 active), Execution time: mean = 0.000 s, total = 0.000 s, Queueing time: mean = 0.000 s, max = -0.000 s, min = 9223372036.855 s, total = 0.000 s
[state-dump] DebugString() time ms: 0
[state-dump] 
[state-dump] 
[2025-04-26 14:52:17,889 I 2997899 2997899] (raylet) accessor.cc:777: Received notification for node, IsAlive = 1 node_id=2396bc60dac1e110c41dcae43e3de0b92ab76571bc680033e3e3d04e
[2025-04-26 14:52:17,932 I 2997899 2997899] (raylet) worker_pool.cc:729: [Eagerly] Start install runtime environment for job 01000000.
[2025-04-26 14:52:17,938 I 2997899 2997899] (raylet) worker_pool.cc:522: Started worker process with pid 2998028, the token is 0
[2025-04-26 14:52:17,942 I 2997899 2997899] (raylet) worker_pool.cc:522: Started worker process with pid 2998029, the token is 1
[2025-04-26 14:52:17,947 I 2997899 2997899] (raylet) worker_pool.cc:522: Started worker process with pid 2998030, the token is 2
[2025-04-26 14:52:17,952 I 2997899 2997899] (raylet) worker_pool.cc:522: Started worker process with pid 2998031, the token is 3
[2025-04-26 14:52:17,956 I 2997899 2997899] (raylet) worker_pool.cc:522: Started worker process with pid 2998032, the token is 4
[2025-04-26 14:52:17,960 I 2997899 2997899] (raylet) worker_pool.cc:522: Started worker process with pid 2998033, the token is 5
[2025-04-26 14:52:17,965 I 2997899 2997899] (raylet) worker_pool.cc:522: Started worker process with pid 2998034, the token is 6
[2025-04-26 14:52:17,969 I 2997899 2997899] (raylet) worker_pool.cc:522: Started worker process with pid 2998035, the token is 7
[2025-04-26 14:52:17,973 I 2997899 2997899] (raylet) worker_pool.cc:522: Started worker process with pid 2998036, the token is 8
[2025-04-26 14:52:17,976 I 2997899 2997899] (raylet) worker_pool.cc:522: Started worker process with pid 2998037, the token is 9
[2025-04-26 14:52:17,980 I 2997899 2997899] (raylet) worker_pool.cc:522: Started worker process with pid 2998038, the token is 10
[2025-04-26 14:52:17,985 I 2997899 2997899] (raylet) worker_pool.cc:522: Started worker process with pid 2998039, the token is 11
[2025-04-26 14:52:17,988 I 2997899 2997899] (raylet) worker_pool.cc:522: Started worker process with pid 2998040, the token is 12
[2025-04-26 14:52:17,992 I 2997899 2997899] (raylet) worker_pool.cc:522: Started worker process with pid 2998041, the token is 13
[2025-04-26 14:52:17,998 I 2997899 2997899] (raylet) worker_pool.cc:522: Started worker process with pid 2998042, the token is 14
[2025-04-26 14:52:18,002 I 2997899 2997899] (raylet) worker_pool.cc:522: Started worker process with pid 2998043, the token is 15
[2025-04-26 14:52:18,005 I 2997899 2997899] (raylet) worker_pool.cc:522: Started worker process with pid 2998044, the token is 16
[2025-04-26 14:52:18,009 I 2997899 2997899] (raylet) worker_pool.cc:522: Started worker process with pid 2998045, the token is 17
[2025-04-26 14:52:18,012 I 2997899 2997899] (raylet) worker_pool.cc:522: Started worker process with pid 2998046, the token is 18
[2025-04-26 14:52:18,037 I 2997899 2997899] (raylet) worker_pool.cc:522: Started worker process with pid 2998047, the token is 19
[2025-04-26 14:52:18,042 I 2997899 2997899] (raylet) worker_pool.cc:522: Started worker process with pid 2998048, the token is 20
[2025-04-26 14:52:18,046 I 2997899 2997899] (raylet) worker_pool.cc:522: Started worker process with pid 2998049, the token is 21
[2025-04-26 14:52:18,051 I 2997899 2997899] (raylet) worker_pool.cc:522: Started worker process with pid 2998050, the token is 22
[2025-04-26 14:52:18,055 I 2997899 2997899] (raylet) worker_pool.cc:522: Started worker process with pid 2998051, the token is 23
[2025-04-26 14:52:18,059 I 2997899 2997899] (raylet) worker_pool.cc:522: Started worker process with pid 2998052, the token is 24
[2025-04-26 14:52:18,063 I 2997899 2997899] (raylet) worker_pool.cc:522: Started worker process with pid 2998053, the token is 25
[2025-04-26 14:52:18,068 I 2997899 2997899] (raylet) worker_pool.cc:522: Started worker process with pid 2998054, the token is 26
[2025-04-26 14:52:18,073 I 2997899 2997899] (raylet) worker_pool.cc:522: Started worker process with pid 2998055, the token is 27
[2025-04-26 14:52:18,077 I 2997899 2997899] (raylet) worker_pool.cc:522: Started worker process with pid 2998056, the token is 28
[2025-04-26 14:52:18,082 I 2997899 2997899] (raylet) worker_pool.cc:522: Started worker process with pid 2998057, the token is 29
[2025-04-26 14:52:18,086 I 2997899 2997899] (raylet) worker_pool.cc:522: Started worker process with pid 2998058, the token is 30
[2025-04-26 14:52:18,091 I 2997899 2997899] (raylet) worker_pool.cc:522: Started worker process with pid 2998059, the token is 31
[2025-04-26 14:52:18,092 I 2997899 2997899] (raylet) runtime_env_agent_client.cc:340: Runtime Env Agent network error: NotFound: on_connect Connection refused, the server may be still starting or is already failed. Scheduling a retry in 1000ms...
[2025-04-26 14:52:18,702 I 2997899 2997927] (raylet) object_store.cc:35: Object store current usage 8e-09 / 36.2785 GB.
[2025-04-26 14:52:19,075 I 2997899 2997899] (raylet) worker_pool.cc:719: Job 01000000 already started in worker pool.
[2025-04-26 14:52:19,096 I 2997899 2997899] (raylet) runtime_env_agent_client.cc:383: Create runtime env for job 01000000
[2025-04-26 14:52:19,096 I 2997899 2997899] (raylet) worker_pool.cc:740: [Eagerly] Create runtime env successful for job 01000000.
[2025-04-26 14:52:19,097 I 2997899 2997899] (raylet) runtime_env_agent_client.cc:383: Create runtime env for job 01000000
[2025-04-26 14:52:19,101 I 2997899 2997899] (raylet) worker_pool.cc:522: Started worker process with pid 2999937, the token is 32
[2025-04-26 14:52:20,107 I 2997899 2997899] (raylet) node_manager.cc:1549: NodeManager::DisconnectClient, disconnect_type=1, has creation task exception = false
[2025-04-26 14:52:22,889 W 2997899 2997899] (raylet) memory_monitor.cc:198: Got negative used memory for cgroup -1, setting it to zero
[2025-04-26 14:52:27,895 W 2997899 2997899] (raylet) memory_monitor.cc:198: Got negative used memory for cgroup -1, setting it to zero
[2025-04-26 14:52:32,902 W 2997899 2997899] (raylet) memory_monitor.cc:198: Got negative used memory for cgroup -1, setting it to zero
[2025-04-26 14:52:36,168 I 2997899 2997899] (raylet) node_manager.cc:1549: NodeManager::DisconnectClient, disconnect_type=3, has creation task exception = false
[2025-04-26 14:52:36,168 I 2997899 2997899] (raylet) node_manager.cc:1654: Driver (pid=2997510) is disconnected. worker_id=01000000ffffffffffffffffffffffffffffffffffffffffffffffff job_id=01000000
[2025-04-26 14:52:36,172 I 2997899 2997899] (raylet) node_manager.cc:1082: The leased worker 611f4329de792e678c074a5699b12dd96128b0c7462609a531f2e160 is killed because the owner process 01000000ffffffffffffffffffffffffffffffffffffffffffffffff died.
[2025-04-26 14:52:36,173 I 2997899 2997899] (raylet) worker_pool.cc:719: Job 01000000 already started in worker pool.
[2025-04-26 14:52:36,173 I 2997899 2997899] (raylet) node_manager.cc:640: The leased worker  is killed because the job 01000000 finished. worker_id=611f4329de792e678c074a5699b12dd96128b0c7462609a531f2e160
[2025-04-26 14:52:36,197 I 2997899 2997899] (raylet) node_manager.cc:1549: NodeManager::DisconnectClient, disconnect_type=1, has creation task exception = false
[2025-04-26 14:52:36,254 I 2997899 2997899] (raylet) main.cc:506: received SIGTERM. Existing local drain request = None
[2025-04-26 14:52:36,254 I 2997899 2997899] (raylet) main.cc:307: Raylet graceful shutdown triggered, reason = EXPECTED_TERMINATION, reason message = received SIGTERM
[2025-04-26 14:52:36,254 I 2997899 2997899] (raylet) main.cc:310: Shutting down...
[2025-04-26 14:52:36,254 I 2997899 2997899] (raylet) accessor.cc:511: Unregistering node node_id=2396bc60dac1e110c41dcae43e3de0b92ab76571bc680033e3e3d04e
[2025-04-26 14:52:36,256 I 2997899 2997899] (raylet) accessor.cc:524: Finished unregistering node info, status = OK node_id=2396bc60dac1e110c41dcae43e3de0b92ab76571bc680033e3e3d04e
[2025-04-26 14:52:36,262 I 2997899 2997899] (raylet) agent_manager.cc:113: Killing agent dashboard_agent/424238335, pid 2998003.
[2025-04-26 14:52:36,278 I 2997899 2998004] (raylet) agent_manager.cc:80: Agent process with name dashboard_agent/424238335 exited, exit code 0.
[2025-04-26 14:52:36,279 I 2997899 2997899] (raylet) agent_manager.cc:113: Killing agent runtime_env_agent, pid 2998005.
[2025-04-26 14:52:36,289 I 2997899 2998006] (raylet) agent_manager.cc:80: Agent process with name runtime_env_agent exited, exit code 0.
[2025-04-26 14:52:36,289 I 2997899 2997899] (raylet) io_service_pool.cc:47: IOServicePool is stopped.
[2025-04-26 14:52:36,486 I 2997899 2997899] (raylet) stats.h:120: Stats module has shutdown.
