[2025-05-04 18:26:52,985 I 1819736 1819736] (gcs_server) gcs_server_main.cc:95: Ray cluster metadata ray_version=2.43.0 ray_commit=ecdcdc6a6e63dc4bcd6ea16aae256ce4d32a7e2c
[2025-05-04 18:26:52,986 I 1819736 1819736] (gcs_server) io_service_pool.cc:35: IOServicePool is running with 1 io_service.
[2025-05-04 18:26:52,995 I 1819736 1819736] (gcs_server) event.cc:500: Ray Event initialized for GCS
[2025-05-04 18:26:52,999 I 1819736 1819736] (gcs_server) event.cc:500: Ray Event initialized for EXPORT_NODE
[2025-05-04 18:26:53,000 I 1819736 1819736] (gcs_server) event.cc:500: Ray Event initialized for EXPORT_ACTOR
[2025-05-04 18:26:53,001 I 1819736 1819736] (gcs_server) event.cc:500: Ray Event initialized for EXPORT_DRIVER_JOB
[2025-05-04 18:26:53,001 I 1819736 1819736] (gcs_server) event.cc:331: Set ray event level to warning
[2025-05-04 18:26:53,001 I 1819736 1819736] (gcs_server) gcs_server.cc:73: GCS storage type is StorageType::IN_MEMORY
[2025-05-04 18:26:53,002 I 1819736 1819736] (gcs_server) gcs_init_data.cc:42: Loading job table data.
[2025-05-04 18:26:53,002 I 1819736 1819736] (gcs_server) gcs_init_data.cc:52: Loading node table data.
[2025-05-04 18:26:53,002 I 1819736 1819736] (gcs_server) gcs_init_data.cc:74: Loading actor table data.
[2025-05-04 18:26:53,002 I 1819736 1819736] (gcs_server) gcs_init_data.cc:85: Loading actor task spec table data.
[2025-05-04 18:26:53,002 I 1819736 1819736] (gcs_server) gcs_init_data.cc:62: Loading placement group table data.
[2025-05-04 18:26:53,002 I 1819736 1819736] (gcs_server) gcs_init_data.cc:46: Finished loading job table data, size = 0
[2025-05-04 18:26:53,002 I 1819736 1819736] (gcs_server) gcs_init_data.cc:56: Finished loading node table data, size = 0
[2025-05-04 18:26:53,002 I 1819736 1819736] (gcs_server) gcs_init_data.cc:79: Finished loading actor table data, size = 0
[2025-05-04 18:26:53,002 I 1819736 1819736] (gcs_server) gcs_init_data.cc:90: Finished loading actor task spec table data, size = 0
[2025-05-04 18:26:53,002 I 1819736 1819736] (gcs_server) gcs_init_data.cc:68: Finished loading placement group table data, size = 0
[2025-05-04 18:26:53,002 I 1819736 1819736] (gcs_server) gcs_server.cc:157: No existing server cluster ID found. Generating new ID: 903f4e7649736c02c07462837cfc948fd7d6e4fdeae8fc573b2c2a2c
[2025-05-04 18:26:53,002 I 1819736 1819736] (gcs_server) gcs_server.cc:672: Autoscaler V2 enabled: 0
[2025-05-04 18:26:53,004 I 1819736 1819736] (gcs_server) grpc_server.cc:135: GcsServer server started, listening on port 53668.
[2025-05-04 18:26:53,088 I 1819736 1819736] (gcs_server) gcs_server.cc:245: Gcs Debug state:

GcsNodeManager: 
- RegisterNode request count: 0
- DrainNode request count: 0
- GetAllNodeInfo request count: 0

GcsActorManager: 
- RegisterActor request count: 0
- CreateActor request count: 0
- GetActorInfo request count: 0
- GetNamedActorInfo request count: 0
- GetAllActorInfo request count: 0
- KillActor request count: 0
- ListNamedActors request count: 0
- Registered actors count: 0
- Destroyed actors count: 0
- Named actors count: 0
- Unresolved actors count: 0
- Pending actors count: 0
- Created actors count: 0
- owners_: 0
- actor_to_register_callbacks_: 0
- actor_to_restart_callbacks_: 0
- actor_to_create_callbacks_: 0
- sorted_destroyed_actor_list_: 0

GcsResourceManager: 
- GetAllAvailableResources request count: 0
- GetAllTotalResources request count: 0
- GetAllResourceUsage request count: 0

GcsPlacementGroupManager: 
- CreatePlacementGroup request count: 0
- RemovePlacementGroup request count: 0
- GetPlacementGroup request count: 0
- GetAllPlacementGroup request count: 0
- WaitPlacementGroupUntilReady request count: 0
- GetNamedPlacementGroup request count: 0
- Scheduling pending placement group count: 0
- Registered placement groups count: 0
- Named placement group count: 0
- Pending placement groups count: 0
- Infeasible placement groups count: 0

Publisher:

[runtime env manager] ID to URIs table:
[runtime env manager] URIs reference table:

GcsTaskManager: 
-Total num task events reported: 0
-Total num status task events dropped: 0
-Total num profile events dropped: 0
-Current num of task events stored: 0
-Total num of actor creation tasks: 0
-Total num of actor tasks: 0
-Total num of normal tasks: 0
-Total num of driver tasks: 0

GcsAutoscalerStateManager: 
- last_seen_autoscaler_state_version_: 0
- last_cluster_resource_state_version_: 0
- pending demands:



[2025-05-04 18:26:53,089 I 1819736 1819736] (gcs_server) gcs_server.cc:870: Main service Event stats:


Global stats: 24 total (4 active)
Queueing time: mean = 32.891 ms, max = 86.178 ms, min = 64.000 ns, total = 789.388 ms
Execution time:  mean = 7.186 ms, total = 172.475 ms
Event stats:
	GcsInMemoryStore.Put - 8 total (0 active), Execution time: mean = 10.775 ms, total = 86.199 ms, Queueing time: mean = 75.064 ms, max = 85.939 ms, min = 2.637 us, total = 600.513 ms
	GcsInMemoryStore.GetAll - 5 total (0 active), Execution time: mean = 8.218 us, total = 41.089 us, Queueing time: mean = 31.507 us, max = 35.444 us, min = 25.260 us, total = 157.534 us
	PeriodicalRunner.RunFnPeriodically - 4 total (2 active, 1 running), Execution time: mean = 2.936 us, total = 11.745 us, Queueing time: mean = 43.076 ms, max = 86.178 ms, min = 86.125 ms, total = 172.303 ms
	event_loop_lag_probe - 2 total (0 active), Execution time: mean = 8.950 us, total = 17.899 us, Queueing time: mean = 8.198 ms, max = 16.346 ms, min = 49.088 us, total = 16.395 ms
	GcsServer.GetOrGenerateClusterId.continuation - 1 total (0 active), Execution time: mean = 86.176 ms, total = 86.176 ms, Queueing time: mean = 64.000 ns, max = 64.000 ns, min = 64.000 ns, total = 64.000 ns
	GcsInitData::AsyncLoad - 1 total (0 active), Execution time: mean = 11.845 us, total = 11.845 us, Queueing time: mean = 409.000 ns, max = 409.000 ns, min = 409.000 ns, total = 409.000 ns
	ClusterResourceManager.ResetRemoteNodeView - 1 total (1 active), Execution time: mean = 0.000 s, total = 0.000 s, Queueing time: mean = 0.000 s, max = -0.000 s, min = 9223372036.855 s, total = 0.000 s
	GcsInMemoryStore.Get - 1 total (0 active), Execution time: mean = 17.440 us, total = 17.440 us, Queueing time: mean = 19.141 us, max = 19.141 us, min = 19.141 us, total = 19.141 us
	RayletLoadPulled - 1 total (1 active), Execution time: mean = 0.000 s, total = 0.000 s, Queueing time: mean = 0.000 s, max = -0.000 s, min = 9223372036.855 s, total = 0.000 s


[2025-05-04 18:26:53,089 I 1819736 1819736] (gcs_server) gcs_server.cc:874: task_io_context Event stats:


Global stats: 4 total (1 active)
Queueing time: mean = 129.272 us, max = 454.909 us, min = 22.359 us, total = 517.088 us
Execution time:  mean = 50.193 us, total = 200.772 us
Event stats:
	event_loop_lag_probe - 2 total (0 active), Execution time: mean = 96.933 us, total = 193.865 us, Queueing time: mean = 247.364 us, max = 454.909 us, min = 39.820 us, total = 494.729 us
	PeriodicalRunner.RunFnPeriodically - 1 total (0 active), Execution time: mean = 6.907 us, total = 6.907 us, Queueing time: mean = 22.359 us, max = 22.359 us, min = 22.359 us, total = 22.359 us
	GcsTaskManager.GcJobSummary - 1 total (1 active), Execution time: mean = 0.000 s, total = 0.000 s, Queueing time: mean = 0.000 s, max = -0.000 s, min = 9223372036.855 s, total = 0.000 s


[2025-05-04 18:26:53,089 I 1819736 1819736] (gcs_server) gcs_server.cc:874: pubsub_io_context Event stats:


Global stats: 4 total (1 active)
Queueing time: mean = 247.258 us, max = 864.108 us, min = 19.364 us, total = 989.034 us
Execution time:  mean = 57.928 us, total = 231.714 us
Event stats:
	event_loop_lag_probe - 2 total (0 active), Execution time: mean = 101.903 us, total = 203.806 us, Queueing time: mean = 441.736 us, max = 864.108 us, min = 19.364 us, total = 883.472 us
	PeriodicalRunner.RunFnPeriodically - 1 total (0 active), Execution time: mean = 27.908 us, total = 27.908 us, Queueing time: mean = 105.562 us, max = 105.562 us, min = 105.562 us, total = 105.562 us
	Publisher.CheckDeadSubscribers - 1 total (1 active), Execution time: mean = 0.000 s, total = 0.000 s, Queueing time: mean = 0.000 s, max = -0.000 s, min = 9223372036.855 s, total = 0.000 s


[2025-05-04 18:26:53,089 I 1819736 1819736] (gcs_server) gcs_server.cc:874: ray_syncer_io_context Event stats:


Global stats: 4 total (0 active)
Queueing time: mean = 171.134 us, max = 604.520 us, min = 17.375 us, total = 684.537 us
Execution time:  mean = 88.781 us, total = 355.126 us
Event stats:
	RaySyncerRegister - 2 total (0 active), Execution time: mean = 992.500 ns, total = 1.985 us, Queueing time: mean = 17.665 us, max = 17.954 us, min = 17.375 us, total = 35.329 us
	event_loop_lag_probe - 2 total (0 active), Execution time: mean = 176.571 us, total = 353.141 us, Queueing time: mean = 324.604 us, max = 604.520 us, min = 44.688 us, total = 649.208 us


[2025-05-04 18:26:55,886 I 1819736 1819736] (gcs_server) gcs_node_manager.cc:88: Registering node info, address = 10.153.51.195, node name = 10.153.51.195 node_id=59b56b4a92553c18f0b714e0a13a93855400cdaf7ffe5973b59f206a
[2025-05-04 18:26:55,886 I 1819736 1819736] (gcs_server) gcs_node_manager.cc:94: Finished registering node info, address = 10.153.51.195, node name = 10.153.51.195, is_head_node = 1 node_id=59b56b4a92553c18f0b714e0a13a93855400cdaf7ffe5973b59f206a
[2025-05-04 18:26:55,886 I 1819736 1819736] (gcs_server) gcs_placement_group_manager.cc:830: A new node: 59b56b4a92553c18f0b714e0a13a93855400cdaf7ffe5973b59f206a registered, will try to reschedule all the infeasible placement groups.
[2025-05-04 18:26:55,894 I 1819736 1819796] (gcs_server) ray_syncer.cc:244: Get connection node_id=59b56b4a92553c18f0b714e0a13a93855400cdaf7ffe5973b59f206a
[2025-05-04 18:26:57,029 I 1819736 1819736] (gcs_server) gcs_job_manager.cc:90: Adding job, job id = 01000000, driver pid = 1819538
[2025-05-04 18:26:57,029 I 1819736 1819736] (gcs_server) gcs_job_manager.cc:111: Finished adding job, job id = 01000000, driver pid = 1819538
[2025-05-04 18:26:57,058 I 1819736 1819736] (gcs_server) gcs_actor_manager.cc:396: Registering actor job_id=01000000 actor_id=4658df361c1528017912bd5a01000000
[2025-05-04 18:26:57,059 I 1819736 1819736] (gcs_server) gcs_actor_manager.cc:401: Registered actor, job id = 01000000, actor id = 4658df361c1528017912bd5a01000000
[2025-05-04 18:26:57,059 I 1819736 1819736] (gcs_server) gcs_actor_manager.cc:482: Creating actor job_id=01000000 actor_id=4658df361c1528017912bd5a01000000
[2025-05-04 18:26:57,060 I 1819736 1819736] (gcs_server) gcs_actor_scheduler.cc:313: Start leasing worker from node 59b56b4a92553c18f0b714e0a13a93855400cdaf7ffe5973b59f206a for actor 4658df361c1528017912bd5a01000000, job id = 01000000
[2025-05-04 18:26:57,061 I 1819736 1819736] (gcs_server) gcs_actor_scheduler.cc:634: Finished leasing worker from 59b56b4a92553c18f0b714e0a13a93855400cdaf7ffe5973b59f206a for actor 4658df361c1528017912bd5a01000000, job id = 01000000
[2025-05-04 18:26:57,061 I 1819736 1819736] (gcs_server) gcs_actor_scheduler.cc:449: Start creating actor 4658df361c1528017912bd5a01000000 on worker 07f22f753ab6ad2acf6eb286ab55a82a6eb4db48aa1a6da7981eb014 at node 59b56b4a92553c18f0b714e0a13a93855400cdaf7ffe5973b59f206a, job id = 01000000
[2025-05-04 18:27:05,878 I 1819736 1819736] (gcs_server) gcs_actor_scheduler.cc:486: Finished actor creation task for actor 4658df361c1528017912bd5a01000000 on worker 07f22f753ab6ad2acf6eb286ab55a82a6eb4db48aa1a6da7981eb014 at node 59b56b4a92553c18f0b714e0a13a93855400cdaf7ffe5973b59f206a, job id = 01000000
[2025-05-04 18:27:05,878 I 1819736 1819736] (gcs_server) gcs_actor_manager.cc:1543: Actor created successfully job_id=01000000 actor_id=4658df361c1528017912bd5a01000000
[2025-05-04 18:27:05,879 I 1819736 1819736] (gcs_server) gcs_actor_manager.cc:497: Finished creating actor. Status: OK job_id=01000000 actor_id=4658df361c1528017912bd5a01000000
[2025-05-04 18:27:08,971 I 1819736 1819736] (gcs_server) gcs_actor_manager.cc:396: Registering actor job_id=01000000 actor_id=c20192e2c12802c3c04cb17401000000
[2025-05-04 18:27:08,972 I 1819736 1819736] (gcs_server) gcs_actor_manager.cc:401: Registered actor, job id = 01000000, actor id = c20192e2c12802c3c04cb17401000000
[2025-05-04 18:27:08,974 I 1819736 1819736] (gcs_server) gcs_actor_manager.cc:482: Creating actor job_id=01000000 actor_id=c20192e2c12802c3c04cb17401000000
[2025-05-04 18:27:08,974 I 1819736 1819736] (gcs_server) gcs_actor_scheduler.cc:313: Start leasing worker from node 59b56b4a92553c18f0b714e0a13a93855400cdaf7ffe5973b59f206a for actor c20192e2c12802c3c04cb17401000000, job id = 01000000
[2025-05-04 18:27:08,976 I 1819736 1819736] (gcs_server) gcs_actor_scheduler.cc:634: Finished leasing worker from 59b56b4a92553c18f0b714e0a13a93855400cdaf7ffe5973b59f206a for actor c20192e2c12802c3c04cb17401000000, job id = 01000000
[2025-05-04 18:27:08,976 I 1819736 1819736] (gcs_server) gcs_actor_scheduler.cc:449: Start creating actor c20192e2c12802c3c04cb17401000000 on worker 705a5b7889234adb233e5b3e3a8f37f55bfd44683833beefddf756ca at node 59b56b4a92553c18f0b714e0a13a93855400cdaf7ffe5973b59f206a, job id = 01000000
[2025-05-04 18:27:09,106 I 1819736 1819736] (gcs_server) gcs_actor_manager.cc:396: Registering actor job_id=01000000 actor_id=96d6c0f988511984196d1dc701000000
[2025-05-04 18:27:09,106 I 1819736 1819736] (gcs_server) gcs_actor_manager.cc:401: Registered actor, job id = 01000000, actor id = 96d6c0f988511984196d1dc701000000
[2025-05-04 18:27:09,107 I 1819736 1819736] (gcs_server) gcs_actor_manager.cc:482: Creating actor job_id=01000000 actor_id=96d6c0f988511984196d1dc701000000
[2025-05-04 18:27:09,107 I 1819736 1819736] (gcs_server) gcs_actor_scheduler.cc:313: Start leasing worker from node 59b56b4a92553c18f0b714e0a13a93855400cdaf7ffe5973b59f206a for actor 96d6c0f988511984196d1dc701000000, job id = 01000000
[2025-05-04 18:27:09,109 I 1819736 1819736] (gcs_server) gcs_actor_scheduler.cc:634: Finished leasing worker from 59b56b4a92553c18f0b714e0a13a93855400cdaf7ffe5973b59f206a for actor 96d6c0f988511984196d1dc701000000, job id = 01000000
[2025-05-04 18:27:09,109 I 1819736 1819736] (gcs_server) gcs_actor_scheduler.cc:449: Start creating actor 96d6c0f988511984196d1dc701000000 on worker 974a94652c91332af72e5638a93d0cc63b29891a6cd598ec485cabdc at node 59b56b4a92553c18f0b714e0a13a93855400cdaf7ffe5973b59f206a, job id = 01000000
[2025-05-04 18:27:12,200 I 1819736 1819736] (gcs_server) gcs_actor_manager.cc:1029: Destroying actor job_id=01000000 actor_id=c20192e2c12802c3c04cb17401000000
[2025-05-04 18:27:12,201 I 1819736 1819736] (gcs_server) gcs_actor_manager.cc:497: Finished creating actor. Status: SchedulingCancelled: Actor creation cancelled. job_id=01000000 actor_id=c20192e2c12802c3c04cb17401000000
[2025-05-04 18:27:12,201 I 1819736 1819736] (gcs_server) gcs_actor_manager.cc:1029: Destroying actor job_id=01000000 actor_id=96d6c0f988511984196d1dc701000000
[2025-05-04 18:27:12,202 I 1819736 1819736] (gcs_server) gcs_actor_manager.cc:497: Finished creating actor. Status: SchedulingCancelled: Actor creation cancelled. job_id=01000000 actor_id=96d6c0f988511984196d1dc701000000
[2025-05-04 18:27:12,202 I 1819736 1819736] (gcs_server) gcs_actor_manager.cc:1008: Actor c20192e2c12802c3c04cb17401000000 has no references, destroying actor, job id = 01000000
[2025-05-04 18:27:12,202 I 1819736 1819736] (gcs_server) gcs_actor_manager.cc:1008: Actor 96d6c0f988511984196d1dc701000000 has no references, destroying actor, job id = 01000000
[2025-05-04 18:27:12,804 I 1819736 1819736] (gcs_server) gcs_actor_manager.cc:1029: Destroying actor job_id=01000000 actor_id=4658df361c1528017912bd5a01000000
[2025-05-04 18:27:12,806 I 1819736 1819736] (gcs_server) gcs_job_manager.cc:149: Finished marking job state, job id = 01000000
[2025-05-04 18:27:12,815 I 1819736 1819736] (gcs_server) gcs_actor_manager.cc:1004: Worker 01000000ffffffffffffffffffffffffffffffffffffffffffffffff failed, destroying actor child, job id = 01000000
[2025-05-04 18:27:12,875 I 1819736 1819736] (gcs_server) gcs_node_manager.cc:382: Removing node, node name = 10.153.51.195, death reason = EXPECTED_TERMINATION, death message = received SIGTERM node_id=59b56b4a92553c18f0b714e0a13a93855400cdaf7ffe5973b59f206a
[2025-05-04 18:27:12,876 I 1819736 1819736] (gcs_server) gcs_placement_group_manager.cc:800: Node failed, rescheduling the placement groups on the dead node. node_id=59b56b4a92553c18f0b714e0a13a93855400cdaf7ffe5973b59f206a
[2025-05-04 18:27:12,876 I 1819736 1819736] (gcs_server) gcs_actor_manager.cc:1282: Node failed, reconstructing actors. node_id=59b56b4a92553c18f0b714e0a13a93855400cdaf7ffe5973b59f206a
[2025-05-04 18:27:12,876 I 1819736 1819736] (gcs_server) gcs_job_manager.cc:467: Node failed, mark all jobs from this node as finished node_id=59b56b4a92553c18f0b714e0a13a93855400cdaf7ffe5973b59f206a
[2025-05-04 18:27:13,017 W 1819736 1819759] (gcs_server) metric_exporter.cc:105: [1] Export metrics to agent failed: RpcError: RPC Error message: failed to connect to all addresses; last error: UNKNOWN: ipv4:127.0.0.1:51141: Failed to connect to remote host: Connection refused; RPC Error details: . This won't affect Ray, but you can lose metrics from the cluster.
[2025-05-04 18:27:13,044 I 1819736 1819785] (gcs_server) ray_syncer_bidi_reactor_base.h:182: Failed to read the message from: 59b56b4a92553c18f0b714e0a13a93855400cdaf7ffe5973b59f206a
[2025-05-04 18:27:13,045 I 1819736 1819785] (gcs_server) ray_syncer.cc:241: Connection is broken. node_id=59b56b4a92553c18f0b714e0a13a93855400cdaf7ffe5973b59f206a
[2025-05-04 18:27:13,089 I 1819736 1819736] (gcs_server) gcs_server_main.cc:175: GCS server received SIGTERM, shutting down...
[2025-05-04 18:27:13,090 I 1819736 1819736] (gcs_server) gcs_server.cc:267: Stopping GCS server.
[2025-05-04 18:27:13,126 I 1819736 1819736] (gcs_server) gcs_server.cc:284: GCS server stopped.
[2025-05-04 18:27:13,127 I 1819736 1819736] (gcs_server) io_service_pool.cc:47: IOServicePool is stopped.
[2025-05-04 18:27:13,215 I 1819736 1819736] (gcs_server) stats.h:120: Stats module has shutdown.
