[2025-05-04 18:26:54,855 I 1819946 1819946] (raylet) main.cc:226: Setting cluster ID to: 903f4e7649736c02c07462837cfc948fd7d6e4fdeae8fc573b2c2a2c
[2025-05-04 18:26:54,862 I 1819946 1819946] (raylet) main.cc:341: Raylet is not set to kill unknown children.
[2025-05-04 18:26:54,862 I 1819946 1819946] (raylet) io_service_pool.cc:35: IOServicePool is running with 1 io_service.
[2025-05-04 18:26:54,863 I 1819946 1819946] (raylet) main.cc:471: Setting node ID node_id=59b56b4a92553c18f0b714e0a13a93855400cdaf7ffe5973b59f206a
[2025-05-04 18:26:54,863 I 1819946 1819946] (raylet) store_runner.cc:33: Allowing the Plasma store to use up to 31.8098GB of memory.
[2025-05-04 18:26:54,863 I 1819946 1819946] (raylet) store_runner.cc:49: Starting object store with directory /dev/shm, fallback /home/stud/wxie/EasyR1/ray, and huge page support disabled
[2025-05-04 18:26:54,864 I 1819946 1819974] (raylet) dlmalloc.cc:154: create_and_mmap_buffer(31809863688, /dev/shm/plasmaXXXXXX)
[2025-05-04 18:26:54,866 I 1819946 1819974] (raylet) store.cc:564: Plasma store debug dump: 
Current usage: 0 / 31.8098 GB
- num bytes created total: 0
0 pending objects of total size 0MB
- objects spillable: 0
- bytes spillable: 0
- objects unsealed: 0
- bytes unsealed: 0
- objects in use: 0
- bytes in use: 0
- objects evictable: 0
- bytes evictable: 0

- objects created by worker: 0
- bytes created by worker: 0
- objects restored: 0
- bytes restored: 0
- objects received: 0
- bytes received: 0
- objects errored: 0
- bytes errored: 0

[2025-05-04 18:26:55,869 I 1819946 1819946] (raylet) grpc_server.cc:135: ObjectManager server started, listening on port 42419.
[2025-05-04 18:26:55,872 I 1819946 1819946] (raylet) worker_killing_policy.cc:101: Running GroupByOwner policy.
[2025-05-04 18:26:55,872 W 1819946 1819946] (raylet) memory_monitor.cc:198: Got negative used memory for cgroup -1, setting it to zero
[2025-05-04 18:26:55,872 I 1819946 1819946] (raylet) memory_monitor.cc:48: MemoryMonitor initialized with usage threshold at 128114286592 bytes (0.95 system memory), total system memory bytes: 134857150464
[2025-05-04 18:26:55,872 I 1819946 1819946] (raylet) node_manager.cc:295: Initializing NodeManager node_id=59b56b4a92553c18f0b714e0a13a93855400cdaf7ffe5973b59f206a
[2025-05-04 18:26:55,873 I 1819946 1819946] (raylet) grpc_server.cc:135: NodeManager server started, listening on port 37267.
[2025-05-04 18:26:55,883 I 1819946 1820057] (raylet) agent_manager.cc:78: Monitor agent process with name dashboard_agent/424238335
[2025-05-04 18:26:55,883 I 1819946 1820059] (raylet) agent_manager.cc:78: Monitor agent process with name runtime_env_agent
[2025-05-04 18:26:55,885 I 1819946 1819946] (raylet) event.cc:500: Ray Event initialized for RAYLET
[2025-05-04 18:26:55,885 I 1819946 1819946] (raylet) event.cc:331: Set ray event level to warning
[2025-05-04 18:26:55,888 I 1819946 1819946] (raylet) raylet.cc:134: Raylet of id, 59b56b4a92553c18f0b714e0a13a93855400cdaf7ffe5973b59f206a started. Raylet consists of node_manager and object_manager. node_manager address: 10.153.51.195:37267 object_manager address: 10.153.51.195:42419 hostname: marajo
[2025-05-04 18:26:55,892 I 1819946 1819946] (raylet) node_manager.cc:532: [state-dump] NodeManager:
[state-dump] Node ID: 59b56b4a92553c18f0b714e0a13a93855400cdaf7ffe5973b59f206a
[state-dump] Node name: 10.153.51.195
[state-dump] InitialConfigResources: {memory: 642229655560000, accelerator_type:H100: 10000, object_store_memory: 318098423800000, node:10.153.51.195: 10000, GPU: 10000, CPU: 320000, node:__internal_head__: 10000}
[state-dump] ClusterTaskManager:
[state-dump] ========== Node: 59b56b4a92553c18f0b714e0a13a93855400cdaf7ffe5973b59f206a =================
[state-dump] Infeasible queue length: 0
[state-dump] Schedule queue length: 0
[state-dump] Dispatch queue length: 0
[state-dump] num_waiting_for_resource: 0
[state-dump] num_waiting_for_plasma_memory: 0
[state-dump] num_waiting_for_remote_node_resources: 0
[state-dump] num_worker_not_started_by_job_config_not_exist: 0
[state-dump] num_worker_not_started_by_registration_timeout: 0
[state-dump] num_tasks_waiting_for_workers: 0
[state-dump] num_cancelled_tasks: 0
[state-dump] cluster_resource_scheduler state: 
[state-dump] Local id: 3086402478160529337 Local resources: {"total":{accelerator_type:H100: [10000], memory: [642229655560000], node:10.153.51.195: [10000], object_store_memory: [318098423800000], CPU: [320000], node:__internal_head__: [10000], GPU: [10000]}}, "available": {accelerator_type:H100: [10000], memory: [642229655560000], node:10.153.51.195: [10000], object_store_memory: [318098423800000], CPU: [320000], node:__internal_head__: [10000], GPU: [10000]}}, "labels":{"ray.io/node_id":"59b56b4a92553c18f0b714e0a13a93855400cdaf7ffe5973b59f206a",} is_draining: 0 is_idle: 1 Cluster resources: node id: 3086402478160529337{"total":{memory: 642229655560000, accelerator_type:H100: 10000, object_store_memory: 318098423800000, GPU: 10000, node:10.153.51.195: 10000, CPU: 320000, node:__internal_head__: 10000}}, "available": {memory: 642229655560000, accelerator_type:H100: 10000, object_store_memory: 318098423800000, GPU: 10000, node:10.153.51.195: 10000, CPU: 320000, node:__internal_head__: 10000}}, "labels":{"ray.io/node_id":"59b56b4a92553c18f0b714e0a13a93855400cdaf7ffe5973b59f206a",}, "is_draining": 0, "draining_deadline_timestamp_ms": -1} { "placment group locations": [], "node to bundles": []}
[state-dump] Waiting tasks size: 0
[state-dump] Number of executing tasks: 0
[state-dump] Number of pinned task arguments: 0
[state-dump] Number of total spilled tasks: 0
[state-dump] Number of spilled waiting tasks: 0
[state-dump] Number of spilled unschedulable tasks: 0
[state-dump] Resource usage {
[state-dump] }
[state-dump] Backlog Size per scheduling descriptor :{workerId: num backlogs}:
[state-dump] 
[state-dump] Running tasks by scheduling class:
[state-dump] ==================================================
[state-dump] 
[state-dump] ClusterResources:
[state-dump] LocalObjectManager:
[state-dump] - num pinned objects: 0
[state-dump] - pinned objects size: 0
[state-dump] - num objects pending restore: 0
[state-dump] - num objects pending spill: 0
[state-dump] - num bytes pending spill: 0
[state-dump] - num bytes currently spilled: 0
[state-dump] - cumulative spill requests: 0
[state-dump] - cumulative restore requests: 0
[state-dump] - spilled objects pending delete: 0
[state-dump] 
[state-dump] ObjectManager:
[state-dump] - num local objects: 0
[state-dump] - num unfulfilled push requests: 0
[state-dump] - num object pull requests: 0
[state-dump] - num chunks received total: 0
[state-dump] - num chunks received failed (all): 0
[state-dump] - num chunks received failed / cancelled: 0
[state-dump] - num chunks received failed / plasma error: 0
[state-dump] Event stats:
[state-dump] Global stats: 0 total (0 active)
[state-dump] Queueing time: mean = -nan s, max = -0.000 s, min = 9223372036.855 s, total = 0.000 s
[state-dump] Execution time:  mean = -nan s, total = 0.000 s
[state-dump] Event stats:
[state-dump] PushManager:
[state-dump] - num pushes in flight: 0
[state-dump] - num chunks in flight: 0
[state-dump] - num chunks remaining: 0
[state-dump] - max chunks allowed: 409
[state-dump] OwnershipBasedObjectDirectory:
[state-dump] - num listeners: 0
[state-dump] - cumulative location updates: 0
[state-dump] - num location updates per second: 45509617857778664.000
[state-dump] - num location lookups per second: 45509617857770664.000
[state-dump] - num locations added per second: 0.000
[state-dump] - num locations removed per second: 0.000
[state-dump] BufferPool:
[state-dump] - create buffer state map size: 0
[state-dump] PullManager:
[state-dump] - num bytes available for pulled objects: 31809842380
[state-dump] - num bytes being pulled (all): 0
[state-dump] - num bytes being pulled / pinned: 0
[state-dump] - get request bundles: BundlePullRequestQueue{0 total, 0 active, 0 inactive, 0 unpullable}
[state-dump] - wait request bundles: BundlePullRequestQueue{0 total, 0 active, 0 inactive, 0 unpullable}
[state-dump] - task request bundles: BundlePullRequestQueue{0 total, 0 active, 0 inactive, 0 unpullable}
[state-dump] - first get request bundle: N/A
[state-dump] - first wait request bundle: N/A
[state-dump] - first task request bundle: N/A
[state-dump] - num objects queued: 0
[state-dump] - num objects actively pulled (all): 0
[state-dump] - num objects actively pulled / pinned: 0
[state-dump] - num bundles being pulled: 0
[state-dump] - num pull retries: 0
[state-dump] - max timeout seconds: 0
[state-dump] - max timeout request is already processed. No entry.
[state-dump] 
[state-dump] WorkerPool:
[state-dump] - registered jobs: 0
[state-dump] - process_failed_job_config_missing: 0
[state-dump] - process_failed_rate_limited: 0
[state-dump] - process_failed_pending_registration: 0
[state-dump] - process_failed_runtime_env_setup_failed: 0
[state-dump] - num JAVA workers: 0
[state-dump] - num JAVA drivers: 0
[state-dump] - num JAVA pending start requests: 0
[state-dump] - num JAVA pending registration requests: 0
[state-dump] - num object spill callbacks queued: 0
[state-dump] - num object restore queued: 0
[state-dump] - num util functions queued: 0
[state-dump] - num PYTHON workers: 0
[state-dump] - num PYTHON drivers: 0
[state-dump] - num PYTHON pending start requests: 0
[state-dump] - num PYTHON pending registration requests: 0
[state-dump] - num object spill callbacks queued: 0
[state-dump] - num object restore queued: 0
[state-dump] - num util functions queued: 0
[state-dump] - num idle workers: 0
[state-dump] TaskDependencyManager:
[state-dump] - task deps map size: 0
[state-dump] - get req map size: 0
[state-dump] - wait req map size: 0
[state-dump] - local objects map size: 0
[state-dump] WaitManager:
[state-dump] - num active wait requests: 0
[state-dump] Subscriber:
[state-dump] Channel WORKER_REF_REMOVED_CHANNEL
[state-dump] - cumulative subscribe requests: 0
[state-dump] - cumulative unsubscribe requests: 0
[state-dump] - active subscribed publishers: 0
[state-dump] - cumulative published messages: 0
[state-dump] - cumulative processed messages: 0
[state-dump] Channel WORKER_OBJECT_LOCATIONS_CHANNEL
[state-dump] - cumulative subscribe requests: 0
[state-dump] - cumulative unsubscribe requests: 0
[state-dump] - active subscribed publishers: 0
[state-dump] - cumulative published messages: 0
[state-dump] - cumulative processed messages: 0
[state-dump] Channel WORKER_OBJECT_EVICTION
[state-dump] - cumulative subscribe requests: 0
[state-dump] - cumulative unsubscribe requests: 0
[state-dump] - active subscribed publishers: 0
[state-dump] - cumulative published messages: 0
[state-dump] - cumulative processed messages: 0
[state-dump] num async plasma notifications: 0
[state-dump] Remote node managers: 
[state-dump] Event stats:
[state-dump] Global stats: 28 total (13 active)
[state-dump] Queueing time: mean = 1.991 ms, max = 13.307 ms, min = 19.011 us, total = 55.753 ms
[state-dump] Execution time:  mean = 36.871 ms, total = 1.032 s
[state-dump] Event stats:
[state-dump] 	PeriodicalRunner.RunFnPeriodically - 11 total (2 active, 1 running), Execution time: mean = 359.800 us, total = 3.958 ms, Queueing time: mean = 5.052 ms, max = 13.307 ms, min = 38.642 us, total = 55.574 ms
[state-dump] 	ray::rpc::InternalPubSubGcsService.grpc_client.GcsSubscriberCommandBatch - 1 total (0 active), Execution time: mean = 793.346 us, total = 793.346 us, Queueing time: mean = 0.000 s, max = -0.000 s, min = 9223372036.855 s, total = 0.000 s
[state-dump] 	NodeManager.deadline_timer.spill_objects_when_over_threshold - 1 total (1 active), Execution time: mean = 0.000 s, total = 0.000 s, Queueing time: mean = 0.000 s, max = -0.000 s, min = 9223372036.855 s, total = 0.000 s
[state-dump] 	NodeManager.GCTaskFailureReason - 1 total (1 active), Execution time: mean = 0.000 s, total = 0.000 s, Queueing time: mean = 0.000 s, max = -0.000 s, min = 9223372036.855 s, total = 0.000 s
[state-dump] 	MemoryMonitor.CheckIsMemoryUsageAboveThreshold - 1 total (1 active), Execution time: mean = 0.000 s, total = 0.000 s, Queueing time: mean = 0.000 s, max = -0.000 s, min = 9223372036.855 s, total = 0.000 s
[state-dump] 	NodeManager.deadline_timer.debug_state_dump - 1 total (1 active), Execution time: mean = 0.000 s, total = 0.000 s, Queueing time: mean = 0.000 s, max = -0.000 s, min = 9223372036.855 s, total = 0.000 s
[state-dump] 	NodeManager.deadline_timer.flush_free_objects - 1 total (1 active), Execution time: mean = 0.000 s, total = 0.000 s, Queueing time: mean = 0.000 s, max = -0.000 s, min = 9223372036.855 s, total = 0.000 s
[state-dump] 	ray::rpc::NodeInfoGcsService.grpc_client.RegisterNode.OnReplyReceived - 1 total (0 active), Execution time: mean = 375.494 us, total = 375.494 us, Queueing time: mean = 25.120 us, max = 25.120 us, min = 25.120 us, total = 25.120 us
[state-dump] 	NodeManager.ScheduleAndDispatchTasks - 1 total (1 active), Execution time: mean = 0.000 s, total = 0.000 s, Queueing time: mean = 0.000 s, max = -0.000 s, min = 9223372036.855 s, total = 0.000 s
[state-dump] 	ObjectManager.UpdateAvailableMemory - 1 total (0 active), Execution time: mean = 3.619 us, total = 3.619 us, Queueing time: mean = 19.011 us, max = 19.011 us, min = 19.011 us, total = 19.011 us
[state-dump] 	ray::rpc::InternalKVGcsService.grpc_client.GetInternalConfig - 1 total (0 active), Execution time: mean = 1.084 ms, total = 1.084 ms, Queueing time: mean = 0.000 s, max = -0.000 s, min = 9223372036.855 s, total = 0.000 s
[state-dump] 	ClusterResourceManager.ResetRemoteNodeView - 1 total (1 active), Execution time: mean = 0.000 s, total = 0.000 s, Queueing time: mean = 0.000 s, max = -0.000 s, min = 9223372036.855 s, total = 0.000 s
[state-dump] 	ray::rpc::InternalPubSubGcsService.grpc_client.GcsSubscriberPoll - 1 total (1 active), Execution time: mean = 0.000 s, total = 0.000 s, Queueing time: mean = 0.000 s, max = -0.000 s, min = 9223372036.855 s, total = 0.000 s
[state-dump] 	ray::rpc::InternalKVGcsService.grpc_client.GetInternalConfig.OnReplyReceived - 1 total (0 active), Execution time: mean = 1.024 s, total = 1.024 s, Queueing time: mean = 134.435 us, max = 134.435 us, min = 134.435 us, total = 134.435 us
[state-dump] 	RayletWorkerPool.deadline_timer.kill_idle_workers - 1 total (1 active), Execution time: mean = 0.000 s, total = 0.000 s, Queueing time: mean = 0.000 s, max = -0.000 s, min = 9223372036.855 s, total = 0.000 s
[state-dump] 	ray::rpc::InternalPubSubGcsService.grpc_client.GcsSubscriberCommandBatch.OnReplyReceived - 1 total (1 active), Execution time: mean = 0.000 s, total = 0.000 s, Queueing time: mean = 0.000 s, max = -0.000 s, min = 9223372036.855 s, total = 0.000 s
[state-dump] 	ray::rpc::NodeInfoGcsService.grpc_client.RegisterNode - 1 total (0 active), Execution time: mean = 2.459 ms, total = 2.459 ms, Queueing time: mean = 0.000 s, max = -0.000 s, min = 9223372036.855 s, total = 0.000 s
[state-dump] 	NodeManager.deadline_timer.record_metrics - 1 total (1 active), Execution time: mean = 0.000 s, total = 0.000 s, Queueing time: mean = 0.000 s, max = -0.000 s, min = 9223372036.855 s, total = 0.000 s
[state-dump] DebugString() time ms: 0
[state-dump] 
[state-dump] 
[2025-05-04 18:26:55,893 I 1819946 1819946] (raylet) accessor.cc:777: Received notification for node, IsAlive = 1 node_id=59b56b4a92553c18f0b714e0a13a93855400cdaf7ffe5973b59f206a
[2025-05-04 18:26:55,946 I 1819946 1819946] (raylet) worker_pool.cc:522: Started worker process with pid 1820080, the token is 0
[2025-05-04 18:26:55,950 I 1819946 1819946] (raylet) worker_pool.cc:522: Started worker process with pid 1820081, the token is 1
[2025-05-04 18:26:55,954 I 1819946 1819946] (raylet) worker_pool.cc:522: Started worker process with pid 1820082, the token is 2
[2025-05-04 18:26:55,958 I 1819946 1819946] (raylet) worker_pool.cc:522: Started worker process with pid 1820083, the token is 3
[2025-05-04 18:26:55,961 I 1819946 1819946] (raylet) worker_pool.cc:522: Started worker process with pid 1820084, the token is 4
[2025-05-04 18:26:55,964 I 1819946 1819946] (raylet) worker_pool.cc:522: Started worker process with pid 1820085, the token is 5
[2025-05-04 18:26:55,968 I 1819946 1819946] (raylet) worker_pool.cc:522: Started worker process with pid 1820086, the token is 6
[2025-05-04 18:26:55,972 I 1819946 1819946] (raylet) worker_pool.cc:522: Started worker process with pid 1820087, the token is 7
[2025-05-04 18:26:55,975 I 1819946 1819946] (raylet) worker_pool.cc:522: Started worker process with pid 1820088, the token is 8
[2025-05-04 18:26:55,978 I 1819946 1819946] (raylet) worker_pool.cc:522: Started worker process with pid 1820089, the token is 9
[2025-05-04 18:26:55,982 I 1819946 1819946] (raylet) worker_pool.cc:522: Started worker process with pid 1820090, the token is 10
[2025-05-04 18:26:55,985 I 1819946 1819946] (raylet) worker_pool.cc:522: Started worker process with pid 1820091, the token is 11
[2025-05-04 18:26:55,988 I 1819946 1819946] (raylet) worker_pool.cc:522: Started worker process with pid 1820092, the token is 12
[2025-05-04 18:26:55,991 I 1819946 1819946] (raylet) worker_pool.cc:522: Started worker process with pid 1820093, the token is 13
[2025-05-04 18:26:55,994 I 1819946 1819946] (raylet) worker_pool.cc:522: Started worker process with pid 1820094, the token is 14
[2025-05-04 18:26:55,998 I 1819946 1819946] (raylet) worker_pool.cc:522: Started worker process with pid 1820095, the token is 15
[2025-05-04 18:26:56,001 I 1819946 1819946] (raylet) worker_pool.cc:522: Started worker process with pid 1820096, the token is 16
[2025-05-04 18:26:56,004 I 1819946 1819946] (raylet) worker_pool.cc:522: Started worker process with pid 1820097, the token is 17
[2025-05-04 18:26:56,007 I 1819946 1819946] (raylet) worker_pool.cc:522: Started worker process with pid 1820098, the token is 18
[2025-05-04 18:26:56,023 I 1819946 1819946] (raylet) worker_pool.cc:522: Started worker process with pid 1820099, the token is 19
[2025-05-04 18:26:56,027 I 1819946 1819946] (raylet) worker_pool.cc:522: Started worker process with pid 1820100, the token is 20
[2025-05-04 18:26:56,030 I 1819946 1819946] (raylet) worker_pool.cc:522: Started worker process with pid 1820101, the token is 21
[2025-05-04 18:26:56,034 I 1819946 1819946] (raylet) worker_pool.cc:522: Started worker process with pid 1820102, the token is 22
[2025-05-04 18:26:56,038 I 1819946 1819946] (raylet) worker_pool.cc:522: Started worker process with pid 1820103, the token is 23
[2025-05-04 18:26:56,043 I 1819946 1819946] (raylet) worker_pool.cc:522: Started worker process with pid 1820104, the token is 24
[2025-05-04 18:26:56,047 I 1819946 1819946] (raylet) worker_pool.cc:522: Started worker process with pid 1820105, the token is 25
[2025-05-04 18:26:56,051 I 1819946 1819946] (raylet) worker_pool.cc:522: Started worker process with pid 1820106, the token is 26
[2025-05-04 18:26:56,054 I 1819946 1819946] (raylet) worker_pool.cc:522: Started worker process with pid 1820107, the token is 27
[2025-05-04 18:26:56,059 I 1819946 1819946] (raylet) worker_pool.cc:522: Started worker process with pid 1820108, the token is 28
[2025-05-04 18:26:56,063 I 1819946 1819946] (raylet) worker_pool.cc:522: Started worker process with pid 1820109, the token is 29
[2025-05-04 18:26:56,067 I 1819946 1819946] (raylet) worker_pool.cc:522: Started worker process with pid 1820110, the token is 30
[2025-05-04 18:26:56,070 I 1819946 1819946] (raylet) worker_pool.cc:522: Started worker process with pid 1820111, the token is 31
[2025-05-04 18:26:56,808 I 1819946 1819974] (raylet) object_store.cc:35: Object store current usage 8e-09 / 31.8098 GB.
[2025-05-04 18:26:57,030 I 1819946 1819946] (raylet) worker_pool.cc:719: Job 01000000 already started in worker pool.
[2025-05-04 18:27:00,891 W 1819946 1819946] (raylet) memory_monitor.cc:198: Got negative used memory for cgroup -1, setting it to zero
[2025-05-04 18:27:05,898 W 1819946 1819946] (raylet) memory_monitor.cc:198: Got negative used memory for cgroup -1, setting it to zero
[2025-05-04 18:27:08,982 I 1819946 1819946] (raylet) local_resource_manager.cc:292: Object store memory is not idle.
[2025-05-04 18:27:09,182 I 1819946 1819946] (raylet) local_resource_manager.cc:292: Object store memory is not idle.
[2025-05-04 18:27:10,904 W 1819946 1819946] (raylet) memory_monitor.cc:198: Got negative used memory for cgroup -1, setting it to zero
[2025-05-04 18:27:12,227 I 1819946 1819946] (raylet) node_manager.cc:1549: NodeManager::DisconnectClient, disconnect_type=1, has creation task exception = false
[2025-05-04 18:27:12,228 I 1819946 1819946] (raylet) node_manager.cc:1549: NodeManager::DisconnectClient, disconnect_type=1, has creation task exception = false
[2025-05-04 18:27:12,285 I 1819946 1819946] (raylet) local_resource_manager.cc:288: Object store memory is idle.
[2025-05-04 18:27:12,803 I 1819946 1819946] (raylet) node_manager.cc:1549: NodeManager::DisconnectClient, disconnect_type=3, has creation task exception = false
[2025-05-04 18:27:12,803 I 1819946 1819946] (raylet) node_manager.cc:1654: Driver (pid=1819538) is disconnected. worker_id=01000000ffffffffffffffffffffffffffffffffffffffffffffffff job_id=01000000
[2025-05-04 18:27:12,807 I 1819946 1819946] (raylet) node_manager.cc:1082: The leased worker 07f22f753ab6ad2acf6eb286ab55a82a6eb4db48aa1a6da7981eb014 is killed because the owner process 01000000ffffffffffffffffffffffffffffffffffffffffffffffff died.
[2025-05-04 18:27:12,808 I 1819946 1819946] (raylet) worker_pool.cc:719: Job 01000000 already started in worker pool.
[2025-05-04 18:27:12,808 I 1819946 1819946] (raylet) node_manager.cc:640: The leased worker  is killed because the job 01000000 finished. worker_id=07f22f753ab6ad2acf6eb286ab55a82a6eb4db48aa1a6da7981eb014
[2025-05-04 18:27:12,832 I 1819946 1819946] (raylet) node_manager.cc:1549: NodeManager::DisconnectClient, disconnect_type=1, has creation task exception = false
[2025-05-04 18:27:12,874 I 1819946 1819946] (raylet) main.cc:506: received SIGTERM. Existing local drain request = None
[2025-05-04 18:27:12,874 I 1819946 1819946] (raylet) main.cc:307: Raylet graceful shutdown triggered, reason = EXPECTED_TERMINATION, reason message = received SIGTERM
[2025-05-04 18:27:12,874 I 1819946 1819946] (raylet) main.cc:310: Shutting down...
[2025-05-04 18:27:12,874 I 1819946 1819946] (raylet) accessor.cc:511: Unregistering node node_id=59b56b4a92553c18f0b714e0a13a93855400cdaf7ffe5973b59f206a
[2025-05-04 18:27:12,876 I 1819946 1819946] (raylet) accessor.cc:524: Finished unregistering node info, status = OK node_id=59b56b4a92553c18f0b714e0a13a93855400cdaf7ffe5973b59f206a
[2025-05-04 18:27:12,880 I 1819946 1819946] (raylet) agent_manager.cc:113: Killing agent dashboard_agent/424238335, pid 1820056.
[2025-05-04 18:27:12,914 I 1819946 1820057] (raylet) agent_manager.cc:80: Agent process with name dashboard_agent/424238335 exited, exit code 0.
[2025-05-04 18:27:12,915 I 1819946 1819946] (raylet) agent_manager.cc:113: Killing agent runtime_env_agent, pid 1820058.
[2025-05-04 18:27:12,921 I 1819946 1820059] (raylet) agent_manager.cc:80: Agent process with name runtime_env_agent exited, exit code 0.
[2025-05-04 18:27:12,921 I 1819946 1819946] (raylet) io_service_pool.cc:47: IOServicePool is stopped.
[2025-05-04 18:27:12,984 I 1819946 1819946] (raylet) stats.h:120: Stats module has shutdown.
