[2025-04-26 14:36:36,880 I 2973651 2973651] (gcs_server) gcs_server_main.cc:95: Ray cluster metadata ray_version=2.43.0 ray_commit=ecdcdc6a6e63dc4bcd6ea16aae256ce4d32a7e2c
[2025-04-26 14:36:36,881 I 2973651 2973651] (gcs_server) io_service_pool.cc:35: IOServicePool is running with 1 io_service.
[2025-04-26 14:36:36,889 I 2973651 2973651] (gcs_server) event.cc:500: Ray Event initialized for GCS
[2025-04-26 14:36:36,891 I 2973651 2973651] (gcs_server) event.cc:500: Ray Event initialized for EXPORT_NODE
[2025-04-26 14:36:36,891 I 2973651 2973651] (gcs_server) event.cc:500: Ray Event initialized for EXPORT_ACTOR
[2025-04-26 14:36:36,892 I 2973651 2973651] (gcs_server) event.cc:500: Ray Event initialized for EXPORT_DRIVER_JOB
[2025-04-26 14:36:36,892 I 2973651 2973651] (gcs_server) event.cc:331: Set ray event level to warning
[2025-04-26 14:36:36,892 I 2973651 2973651] (gcs_server) gcs_server.cc:73: GCS storage type is StorageType::IN_MEMORY
[2025-04-26 14:36:36,893 I 2973651 2973651] (gcs_server) gcs_init_data.cc:42: Loading job table data.
[2025-04-26 14:36:36,893 I 2973651 2973651] (gcs_server) gcs_init_data.cc:52: Loading node table data.
[2025-04-26 14:36:36,893 I 2973651 2973651] (gcs_server) gcs_init_data.cc:74: Loading actor table data.
[2025-04-26 14:36:36,893 I 2973651 2973651] (gcs_server) gcs_init_data.cc:85: Loading actor task spec table data.
[2025-04-26 14:36:36,893 I 2973651 2973651] (gcs_server) gcs_init_data.cc:62: Loading placement group table data.
[2025-04-26 14:36:36,893 I 2973651 2973651] (gcs_server) gcs_init_data.cc:46: Finished loading job table data, size = 0
[2025-04-26 14:36:36,893 I 2973651 2973651] (gcs_server) gcs_init_data.cc:56: Finished loading node table data, size = 0
[2025-04-26 14:36:36,893 I 2973651 2973651] (gcs_server) gcs_init_data.cc:79: Finished loading actor table data, size = 0
[2025-04-26 14:36:36,893 I 2973651 2973651] (gcs_server) gcs_init_data.cc:90: Finished loading actor task spec table data, size = 0
[2025-04-26 14:36:36,893 I 2973651 2973651] (gcs_server) gcs_init_data.cc:68: Finished loading placement group table data, size = 0
[2025-04-26 14:36:36,893 I 2973651 2973651] (gcs_server) gcs_server.cc:157: No existing server cluster ID found. Generating new ID: f26f7127bf3ffda004f8e0cf86dd147de5988f1d8e2bc131d7645be2
[2025-04-26 14:36:36,893 I 2973651 2973651] (gcs_server) gcs_server.cc:672: Autoscaler V2 enabled: 0
[2025-04-26 14:36:36,894 I 2973651 2973651] (gcs_server) grpc_server.cc:135: GcsServer server started, listening on port 60608.
[2025-04-26 14:36:36,966 I 2973651 2973651] (gcs_server) gcs_server.cc:245: Gcs Debug state:

GcsNodeManager: 
- RegisterNode request count: 0
- DrainNode request count: 0
- GetAllNodeInfo request count: 0

GcsActorManager: 
- RegisterActor request count: 0
- CreateActor request count: 0
- GetActorInfo request count: 0
- GetNamedActorInfo request count: 0
- GetAllActorInfo request count: 0
- KillActor request count: 0
- ListNamedActors request count: 0
- Registered actors count: 0
- Destroyed actors count: 0
- Named actors count: 0
- Unresolved actors count: 0
- Pending actors count: 0
- Created actors count: 0
- owners_: 0
- actor_to_register_callbacks_: 0
- actor_to_restart_callbacks_: 0
- actor_to_create_callbacks_: 0
- sorted_destroyed_actor_list_: 0

GcsResourceManager: 
- GetAllAvailableResources request count: 0
- GetAllTotalResources request count: 0
- GetAllResourceUsage request count: 0

GcsPlacementGroupManager: 
- CreatePlacementGroup request count: 0
- RemovePlacementGroup request count: 0
- GetPlacementGroup request count: 0
- GetAllPlacementGroup request count: 0
- WaitPlacementGroupUntilReady request count: 0
- GetNamedPlacementGroup request count: 0
- Scheduling pending placement group count: 0
- Registered placement groups count: 0
- Named placement group count: 0
- Pending placement groups count: 0
- Infeasible placement groups count: 0

Publisher:

[runtime env manager] ID to URIs table:
[runtime env manager] URIs reference table:

GcsTaskManager: 
-Total num task events reported: 0
-Total num status task events dropped: 0
-Total num profile events dropped: 0
-Current num of task events stored: 0
-Total num of actor creation tasks: 0
-Total num of actor tasks: 0
-Total num of normal tasks: 0
-Total num of driver tasks: 0

GcsAutoscalerStateManager: 
- last_seen_autoscaler_state_version_: 0
- last_cluster_resource_state_version_: 0
- pending demands:



[2025-04-26 14:36:36,966 I 2973651 2973651] (gcs_server) gcs_server.cc:870: Main service Event stats:


Global stats: 24 total (4 active)
Queueing time: mean = 27.871 ms, max = 73.215 ms, min = 54.000 ns, total = 668.914 ms
Execution time:  mean = 6.107 ms, total = 146.575 ms
Event stats:
	GcsInMemoryStore.Put - 8 total (0 active), Execution time: mean = 9.153 ms, total = 73.227 ms, Queueing time: mean = 63.797 ms, max = 73.037 ms, min = 2.132 us, total = 510.378 ms
	GcsInMemoryStore.GetAll - 5 total (0 active), Execution time: mean = 6.059 us, total = 30.297 us, Queueing time: mean = 23.631 us, max = 25.522 us, min = 21.047 us, total = 118.156 us
	PeriodicalRunner.RunFnPeriodically - 4 total (2 active, 1 running), Execution time: mean = 1.776 us, total = 7.102 us, Queueing time: mean = 36.594 ms, max = 73.215 ms, min = 73.162 ms, total = 146.376 ms
	event_loop_lag_probe - 2 total (0 active), Execution time: mean = 6.445 us, total = 12.890 us, Queueing time: mean = 6.013 ms, max = 11.989 ms, min = 37.116 us, total = 12.026 ms
	GcsServer.GetOrGenerateClusterId.continuation - 1 total (0 active), Execution time: mean = 73.217 ms, total = 73.217 ms, Queueing time: mean = 54.000 ns, max = 54.000 ns, min = 54.000 ns, total = 54.000 ns
	ClusterResourceManager.ResetRemoteNodeView - 1 total (1 active), Execution time: mean = 0.000 s, total = 0.000 s, Queueing time: mean = 0.000 s, max = -0.000 s, min = 9223372036.855 s, total = 0.000 s
	GcsInMemoryStore.Get - 1 total (0 active), Execution time: mean = 70.433 us, total = 70.433 us, Queueing time: mean = 14.730 us, max = 14.730 us, min = 14.730 us, total = 14.730 us
	GcsInitData::AsyncLoad - 1 total (0 active), Execution time: mean = 9.514 us, total = 9.514 us, Queueing time: mean = 459.000 ns, max = 459.000 ns, min = 459.000 ns, total = 459.000 ns
	RayletLoadPulled - 1 total (1 active), Execution time: mean = 0.000 s, total = 0.000 s, Queueing time: mean = 0.000 s, max = -0.000 s, min = 9223372036.855 s, total = 0.000 s


[2025-04-26 14:36:36,966 I 2973651 2973651] (gcs_server) gcs_server.cc:874: task_io_context Event stats:


Global stats: 4 total (1 active)
Queueing time: mean = 138.683 us, max = 439.999 us, min = 40.571 us, total = 554.730 us
Execution time:  mean = 59.165 us, total = 236.661 us
Event stats:
	event_loop_lag_probe - 2 total (0 active), Execution time: mean = 113.127 us, total = 226.255 us, Queueing time: mean = 240.285 us, max = 439.999 us, min = 40.571 us, total = 480.570 us
	PeriodicalRunner.RunFnPeriodically - 1 total (0 active), Execution time: mean = 10.406 us, total = 10.406 us, Queueing time: mean = 74.160 us, max = 74.160 us, min = 74.160 us, total = 74.160 us
	GcsTaskManager.GcJobSummary - 1 total (1 active), Execution time: mean = 0.000 s, total = 0.000 s, Queueing time: mean = 0.000 s, max = -0.000 s, min = 9223372036.855 s, total = 0.000 s


[2025-04-26 14:36:36,966 I 2973651 2973651] (gcs_server) gcs_server.cc:874: pubsub_io_context Event stats:


Global stats: 4 total (1 active)
Queueing time: mean = 215.084 us, max = 718.332 us, min = 51.197 us, total = 860.337 us
Execution time:  mean = 44.062 us, total = 176.246 us
Event stats:
	event_loop_lag_probe - 2 total (0 active), Execution time: mean = 65.397 us, total = 130.793 us, Queueing time: mean = 404.570 us, max = 718.332 us, min = 90.808 us, total = 809.140 us
	PeriodicalRunner.RunFnPeriodically - 1 total (0 active), Execution time: mean = 45.453 us, total = 45.453 us, Queueing time: mean = 51.197 us, max = 51.197 us, min = 51.197 us, total = 51.197 us
	Publisher.CheckDeadSubscribers - 1 total (1 active), Execution time: mean = 0.000 s, total = 0.000 s, Queueing time: mean = 0.000 s, max = -0.000 s, min = 9223372036.855 s, total = 0.000 s


[2025-04-26 14:36:36,966 I 2973651 2973651] (gcs_server) gcs_server.cc:874: ray_syncer_io_context Event stats:


Global stats: 4 total (0 active)
Queueing time: mean = 36.381 us, max = 109.695 us, min = 8.978 us, total = 145.525 us
Execution time:  mean = 27.177 us, total = 108.710 us
Event stats:
	event_loop_lag_probe - 2 total (0 active), Execution time: mean = 53.941 us, total = 107.881 us, Queueing time: mean = 62.731 us, max = 109.695 us, min = 15.768 us, total = 125.463 us
	RaySyncerRegister - 2 total (0 active), Execution time: mean = 414.500 ns, total = 829.000 ns, Queueing time: mean = 10.031 us, max = 11.084 us, min = 8.978 us, total = 20.062 us


[2025-04-26 14:36:39,170 I 2973651 2973651] (gcs_server) gcs_node_manager.cc:88: Registering node info, address = 10.153.51.195, node name = 10.153.51.195 node_id=10cc54a06deaa1a68b1164953c9b46d55f957d02f0d6dcf3fe929eb7
[2025-04-26 14:36:39,170 I 2973651 2973651] (gcs_server) gcs_node_manager.cc:94: Finished registering node info, address = 10.153.51.195, node name = 10.153.51.195, is_head_node = 1 node_id=10cc54a06deaa1a68b1164953c9b46d55f957d02f0d6dcf3fe929eb7
[2025-04-26 14:36:39,170 I 2973651 2973651] (gcs_server) gcs_placement_group_manager.cc:830: A new node: 10cc54a06deaa1a68b1164953c9b46d55f957d02f0d6dcf3fe929eb7 registered, will try to reschedule all the infeasible placement groups.
[2025-04-26 14:36:39,178 I 2973651 2973711] (gcs_server) ray_syncer.cc:244: Get connection node_id=10cc54a06deaa1a68b1164953c9b46d55f957d02f0d6dcf3fe929eb7
[2025-04-26 14:36:40,122 I 2973651 2973651] (gcs_server) gcs_job_manager.cc:90: Adding job, job id = 01000000, driver pid = 2973469
[2025-04-26 14:36:40,122 I 2973651 2973651] (gcs_server) gcs_job_manager.cc:111: Finished adding job, job id = 01000000, driver pid = 2973469
[2025-04-26 14:36:40,138 I 2973651 2973651] (gcs_server) gcs_actor_manager.cc:396: Registering actor job_id=01000000 actor_id=b81983ba344d082c3ec5144401000000
[2025-04-26 14:36:40,138 I 2973651 2973651] (gcs_server) gcs_actor_manager.cc:401: Registered actor, job id = 01000000, actor id = b81983ba344d082c3ec5144401000000
[2025-04-26 14:36:40,139 I 2973651 2973651] (gcs_server) gcs_actor_manager.cc:482: Creating actor job_id=01000000 actor_id=b81983ba344d082c3ec5144401000000
[2025-04-26 14:36:40,139 I 2973651 2973651] (gcs_server) gcs_actor_scheduler.cc:313: Start leasing worker from node 10cc54a06deaa1a68b1164953c9b46d55f957d02f0d6dcf3fe929eb7 for actor b81983ba344d082c3ec5144401000000, job id = 01000000
[2025-04-26 14:36:41,065 I 2973651 2973651] (gcs_server) gcs_actor_scheduler.cc:634: Finished leasing worker from 10cc54a06deaa1a68b1164953c9b46d55f957d02f0d6dcf3fe929eb7 for actor b81983ba344d082c3ec5144401000000, job id = 01000000
[2025-04-26 14:36:41,065 I 2973651 2973651] (gcs_server) gcs_actor_scheduler.cc:449: Start creating actor b81983ba344d082c3ec5144401000000 on worker b87bd7b8baca287bd40946cf1a555af832e2aae997e947377355a907 at node 10cc54a06deaa1a68b1164953c9b46d55f957d02f0d6dcf3fe929eb7, job id = 01000000
[2025-04-26 14:36:49,744 I 2973651 2973651] (gcs_server) gcs_actor_scheduler.cc:486: Finished actor creation task for actor b81983ba344d082c3ec5144401000000 on worker b87bd7b8baca287bd40946cf1a555af832e2aae997e947377355a907 at node 10cc54a06deaa1a68b1164953c9b46d55f957d02f0d6dcf3fe929eb7, job id = 01000000
[2025-04-26 14:36:49,744 I 2973651 2973651] (gcs_server) gcs_actor_manager.cc:1543: Actor created successfully job_id=01000000 actor_id=b81983ba344d082c3ec5144401000000
[2025-04-26 14:36:49,745 I 2973651 2973651] (gcs_server) gcs_actor_manager.cc:497: Finished creating actor. Status: OK job_id=01000000 actor_id=b81983ba344d082c3ec5144401000000
[2025-04-26 14:37:28,320 I 2973651 2973651] (gcs_server) gcs_actor_manager.cc:1029: Destroying actor job_id=01000000 actor_id=b81983ba344d082c3ec5144401000000
[2025-04-26 14:37:28,322 I 2973651 2973651] (gcs_server) gcs_actor_manager.cc:1008: Actor b81983ba344d082c3ec5144401000000 has no references, destroying actor, job id = 01000000
[2025-04-26 14:37:28,888 I 2973651 2973651] (gcs_server) gcs_job_manager.cc:149: Finished marking job state, job id = 01000000
[2025-04-26 14:37:28,960 I 2973651 2973651] (gcs_server) gcs_node_manager.cc:382: Removing node, node name = 10.153.51.195, death reason = EXPECTED_TERMINATION, death message = received SIGTERM node_id=10cc54a06deaa1a68b1164953c9b46d55f957d02f0d6dcf3fe929eb7
[2025-04-26 14:37:28,961 I 2973651 2973651] (gcs_server) gcs_placement_group_manager.cc:800: Node failed, rescheduling the placement groups on the dead node. node_id=10cc54a06deaa1a68b1164953c9b46d55f957d02f0d6dcf3fe929eb7
[2025-04-26 14:37:28,961 I 2973651 2973651] (gcs_server) gcs_actor_manager.cc:1282: Node failed, reconstructing actors. node_id=10cc54a06deaa1a68b1164953c9b46d55f957d02f0d6dcf3fe929eb7
[2025-04-26 14:37:28,961 I 2973651 2973651] (gcs_server) gcs_job_manager.cc:467: Node failed, mark all jobs from this node as finished node_id=10cc54a06deaa1a68b1164953c9b46d55f957d02f0d6dcf3fe929eb7
[2025-04-26 14:37:29,063 I 2973651 2973700] (gcs_server) ray_syncer_bidi_reactor_base.h:182: Failed to read the message from: 10cc54a06deaa1a68b1164953c9b46d55f957d02f0d6dcf3fe929eb7
[2025-04-26 14:37:29,064 I 2973651 2973700] (gcs_server) ray_syncer.cc:241: Connection is broken. node_id=10cc54a06deaa1a68b1164953c9b46d55f957d02f0d6dcf3fe929eb7
[2025-04-26 14:37:29,079 I 2973651 2973651] (gcs_server) gcs_server_main.cc:175: GCS server received SIGTERM, shutting down...
[2025-04-26 14:37:29,080 I 2973651 2973651] (gcs_server) gcs_server.cc:267: Stopping GCS server.
[2025-04-26 14:37:29,105 I 2973651 2973651] (gcs_server) gcs_server.cc:284: GCS server stopped.
[2025-04-26 14:37:29,105 I 2973651 2973651] (gcs_server) io_service_pool.cc:47: IOServicePool is stopped.
[2025-04-26 14:37:29,141 I 2973651 2973651] (gcs_server) stats.h:120: Stats module has shutdown.
