[2025-04-26 14:36:38,141 I 2973868 2973868] (raylet) main.cc:226: Setting cluster ID to: f26f7127bf3ffda004f8e0cf86dd147de5988f1d8e2bc131d7645be2
[2025-04-26 14:36:38,148 I 2973868 2973868] (raylet) main.cc:341: Raylet is not set to kill unknown children.
[2025-04-26 14:36:38,148 I 2973868 2973868] (raylet) io_service_pool.cc:35: IOServicePool is running with 1 io_service.
[2025-04-26 14:36:38,148 I 2973868 2973868] (raylet) main.cc:471: Setting node ID node_id=10cc54a06deaa1a68b1164953c9b46d55f957d02f0d6dcf3fe929eb7
[2025-04-26 14:36:38,148 I 2973868 2973868] (raylet) store_runner.cc:33: Allowing the Plasma store to use up to 36.306GB of memory.
[2025-04-26 14:36:38,148 I 2973868 2973868] (raylet) store_runner.cc:49: Starting object store with directory /dev/shm, fallback /home/stud/wxie/EasyR1/ray, and huge page support disabled
[2025-04-26 14:36:38,149 I 2973868 2973896] (raylet) dlmalloc.cc:154: create_and_mmap_buffer(36306157576, /dev/shm/plasmaXXXXXX)
[2025-04-26 14:36:38,151 I 2973868 2973896] (raylet) store.cc:564: Plasma store debug dump: 
Current usage: 0 / 36.306 GB
- num bytes created total: 0
0 pending objects of total size 0MB
- objects spillable: 0
- bytes spillable: 0
- objects unsealed: 0
- bytes unsealed: 0
- objects in use: 0
- bytes in use: 0
- objects evictable: 0
- bytes evictable: 0

- objects created by worker: 0
- bytes created by worker: 0
- objects restored: 0
- bytes restored: 0
- objects received: 0
- bytes received: 0
- objects errored: 0
- bytes errored: 0

[2025-04-26 14:36:39,153 I 2973868 2973868] (raylet) grpc_server.cc:135: ObjectManager server started, listening on port 36147.
[2025-04-26 14:36:39,157 I 2973868 2973868] (raylet) worker_killing_policy.cc:101: Running GroupByOwner policy.
[2025-04-26 14:36:39,157 W 2973868 2973868] (raylet) memory_monitor.cc:198: Got negative used memory for cgroup -1, setting it to zero
[2025-04-26 14:36:39,157 I 2973868 2973868] (raylet) memory_monitor.cc:48: MemoryMonitor initialized with usage threshold at 128114286592 bytes (0.95 system memory), total system memory bytes: 134857150464
[2025-04-26 14:36:39,157 I 2973868 2973868] (raylet) node_manager.cc:295: Initializing NodeManager node_id=10cc54a06deaa1a68b1164953c9b46d55f957d02f0d6dcf3fe929eb7
[2025-04-26 14:36:39,158 I 2973868 2973868] (raylet) grpc_server.cc:135: NodeManager server started, listening on port 36867.
[2025-04-26 14:36:39,168 I 2973868 2973976] (raylet) agent_manager.cc:78: Monitor agent process with name dashboard_agent/424238335
[2025-04-26 14:36:39,168 I 2973868 2973980] (raylet) agent_manager.cc:78: Monitor agent process with name runtime_env_agent
[2025-04-26 14:36:39,169 I 2973868 2973868] (raylet) event.cc:500: Ray Event initialized for RAYLET
[2025-04-26 14:36:39,169 I 2973868 2973868] (raylet) event.cc:331: Set ray event level to warning
[2025-04-26 14:36:39,171 I 2973868 2973868] (raylet) raylet.cc:134: Raylet of id, 10cc54a06deaa1a68b1164953c9b46d55f957d02f0d6dcf3fe929eb7 started. Raylet consists of node_manager and object_manager. node_manager address: 10.153.51.195:36867 object_manager address: 10.153.51.195:36147 hostname: marajo
[2025-04-26 14:36:39,176 I 2973868 2973868] (raylet) node_manager.cc:532: [state-dump] NodeManager:
[state-dump] Node ID: 10cc54a06deaa1a68b1164953c9b46d55f957d02f0d6dcf3fe929eb7
[state-dump] Node name: 10.153.51.195
[state-dump] InitialConfigResources: {node:__internal_head__: 10000, CPU: 320000, GPU: 10000, memory: 747141163010000, object_store_memory: 363060498430000, accelerator_type:H100: 10000, node:10.153.51.195: 10000}
[state-dump] ClusterTaskManager:
[state-dump] ========== Node: 10cc54a06deaa1a68b1164953c9b46d55f957d02f0d6dcf3fe929eb7 =================
[state-dump] Infeasible queue length: 0
[state-dump] Schedule queue length: 0
[state-dump] Dispatch queue length: 0
[state-dump] num_waiting_for_resource: 0
[state-dump] num_waiting_for_plasma_memory: 0
[state-dump] num_waiting_for_remote_node_resources: 0
[state-dump] num_worker_not_started_by_job_config_not_exist: 0
[state-dump] num_worker_not_started_by_registration_timeout: 0
[state-dump] num_tasks_waiting_for_workers: 0
[state-dump] num_cancelled_tasks: 0
[state-dump] cluster_resource_scheduler state: 
[state-dump] Local id: -6882896408452740007 Local resources: {"total":{node:10.153.51.195: [10000], CPU: [320000], node:__internal_head__: [10000], GPU: [10000], memory: [747141163010000], accelerator_type:H100: [10000], object_store_memory: [363060498430000]}}, "available": {node:10.153.51.195: [10000], CPU: [320000], node:__internal_head__: [10000], GPU: [10000], memory: [747141163010000], accelerator_type:H100: [10000], object_store_memory: [363060498430000]}}, "labels":{"ray.io/node_id":"10cc54a06deaa1a68b1164953c9b46d55f957d02f0d6dcf3fe929eb7",} is_draining: 0 is_idle: 1 Cluster resources: node id: -6882896408452740007{"total":{node:__internal_head__: 10000, CPU: 320000, GPU: 10000, object_store_memory: 363060498430000, node:10.153.51.195: 10000, memory: 747141163010000, accelerator_type:H100: 10000}}, "available": {node:__internal_head__: 10000, CPU: 320000, GPU: 10000, object_store_memory: 363060498430000, node:10.153.51.195: 10000, memory: 747141163010000, accelerator_type:H100: 10000}}, "labels":{"ray.io/node_id":"10cc54a06deaa1a68b1164953c9b46d55f957d02f0d6dcf3fe929eb7",}, "is_draining": 0, "draining_deadline_timestamp_ms": -1} { "placment group locations": [], "node to bundles": []}
[state-dump] Waiting tasks size: 0
[state-dump] Number of executing tasks: 0
[state-dump] Number of pinned task arguments: 0
[state-dump] Number of total spilled tasks: 0
[state-dump] Number of spilled waiting tasks: 0
[state-dump] Number of spilled unschedulable tasks: 0
[state-dump] Resource usage {
[state-dump] }
[state-dump] Backlog Size per scheduling descriptor :{workerId: num backlogs}:
[state-dump] 
[state-dump] Running tasks by scheduling class:
[state-dump] ==================================================
[state-dump] 
[state-dump] ClusterResources:
[state-dump] LocalObjectManager:
[state-dump] - num pinned objects: 0
[state-dump] - pinned objects size: 0
[state-dump] - num objects pending restore: 0
[state-dump] - num objects pending spill: 0
[state-dump] - num bytes pending spill: 0
[state-dump] - num bytes currently spilled: 0
[state-dump] - cumulative spill requests: 0
[state-dump] - cumulative restore requests: 0
[state-dump] - spilled objects pending delete: 0
[state-dump] 
[state-dump] ObjectManager:
[state-dump] - num local objects: 0
[state-dump] - num unfulfilled push requests: 0
[state-dump] - num object pull requests: 0
[state-dump] - num chunks received total: 0
[state-dump] - num chunks received failed (all): 0
[state-dump] - num chunks received failed / cancelled: 0
[state-dump] - num chunks received failed / plasma error: 0
[state-dump] Event stats:
[state-dump] Global stats: 0 total (0 active)
[state-dump] Queueing time: mean = -nan s, max = -0.000 s, min = 9223372036.855 s, total = 0.000 s
[state-dump] Execution time:  mean = -nan s, total = 0.000 s
[state-dump] Event stats:
[state-dump] PushManager:
[state-dump] - num pushes in flight: 0
[state-dump] - num chunks in flight: 0
[state-dump] - num chunks remaining: 0
[state-dump] - max chunks allowed: 409
[state-dump] OwnershipBasedObjectDirectory:
[state-dump] - num listeners: 0
[state-dump] - cumulative location updates: 0
[state-dump] - num location updates per second: 34369410721718000.000
[state-dump] - num location lookups per second: 34369410721712000.000
[state-dump] - num locations added per second: 0.000
[state-dump] - num locations removed per second: 0.000
[state-dump] BufferPool:
[state-dump] - create buffer state map size: 0
[state-dump] PullManager:
[state-dump] - num bytes available for pulled objects: 36306049843
[state-dump] - num bytes being pulled (all): 0
[state-dump] - num bytes being pulled / pinned: 0
[state-dump] - get request bundles: BundlePullRequestQueue{0 total, 0 active, 0 inactive, 0 unpullable}
[state-dump] - wait request bundles: BundlePullRequestQueue{0 total, 0 active, 0 inactive, 0 unpullable}
[state-dump] - task request bundles: BundlePullRequestQueue{0 total, 0 active, 0 inactive, 0 unpullable}
[state-dump] - first get request bundle: N/A
[state-dump] - first wait request bundle: N/A
[state-dump] - first task request bundle: N/A
[state-dump] - num objects queued: 0
[state-dump] - num objects actively pulled (all): 0
[state-dump] - num objects actively pulled / pinned: 0
[state-dump] - num bundles being pulled: 0
[state-dump] - num pull retries: 0
[state-dump] - max timeout seconds: 0
[state-dump] - max timeout request is already processed. No entry.
[state-dump] 
[state-dump] WorkerPool:
[state-dump] - registered jobs: 0
[state-dump] - process_failed_job_config_missing: 0
[state-dump] - process_failed_rate_limited: 0
[state-dump] - process_failed_pending_registration: 0
[state-dump] - process_failed_runtime_env_setup_failed: 0
[state-dump] - num JAVA workers: 0
[state-dump] - num JAVA drivers: 0
[state-dump] - num JAVA pending start requests: 0
[state-dump] - num JAVA pending registration requests: 0
[state-dump] - num object spill callbacks queued: 0
[state-dump] - num object restore queued: 0
[state-dump] - num util functions queued: 0
[state-dump] - num PYTHON workers: 0
[state-dump] - num PYTHON drivers: 0
[state-dump] - num PYTHON pending start requests: 0
[state-dump] - num PYTHON pending registration requests: 0
[state-dump] - num object spill callbacks queued: 0
[state-dump] - num object restore queued: 0
[state-dump] - num util functions queued: 0
[state-dump] - num idle workers: 0
[state-dump] TaskDependencyManager:
[state-dump] - task deps map size: 0
[state-dump] - get req map size: 0
[state-dump] - wait req map size: 0
[state-dump] - local objects map size: 0
[state-dump] WaitManager:
[state-dump] - num active wait requests: 0
[state-dump] Subscriber:
[state-dump] Channel WORKER_OBJECT_EVICTION
[state-dump] - cumulative subscribe requests: 0
[state-dump] - cumulative unsubscribe requests: 0
[state-dump] - active subscribed publishers: 0
[state-dump] - cumulative published messages: 0
[state-dump] - cumulative processed messages: 0
[state-dump] Channel WORKER_OBJECT_LOCATIONS_CHANNEL
[state-dump] - cumulative subscribe requests: 0
[state-dump] - cumulative unsubscribe requests: 0
[state-dump] - active subscribed publishers: 0
[state-dump] - cumulative published messages: 0
[state-dump] - cumulative processed messages: 0
[state-dump] Channel WORKER_REF_REMOVED_CHANNEL
[state-dump] - cumulative subscribe requests: 0
[state-dump] - cumulative unsubscribe requests: 0
[state-dump] - active subscribed publishers: 0
[state-dump] - cumulative published messages: 0
[state-dump] - cumulative processed messages: 0
[state-dump] num async plasma notifications: 0
[state-dump] Remote node managers: 
[state-dump] Event stats:
[state-dump] Global stats: 28 total (13 active)
[state-dump] Queueing time: mean = 1.900 ms, max = 12.851 ms, min = 16.709 us, total = 53.200 ms
[state-dump] Execution time:  mean = 36.781 ms, total = 1.030 s
[state-dump] Event stats:
[state-dump] 	PeriodicalRunner.RunFnPeriodically - 11 total (2 active, 1 running), Execution time: mean = 346.698 us, total = 3.814 ms, Queueing time: mean = 4.825 ms, max = 12.851 ms, min = 33.342 us, total = 53.073 ms
[state-dump] 	ray::rpc::InternalPubSubGcsService.grpc_client.GcsSubscriberCommandBatch - 1 total (0 active), Execution time: mean = 787.248 us, total = 787.248 us, Queueing time: mean = 0.000 s, max = -0.000 s, min = 9223372036.855 s, total = 0.000 s
[state-dump] 	NodeManager.ScheduleAndDispatchTasks - 1 total (1 active), Execution time: mean = 0.000 s, total = 0.000 s, Queueing time: mean = 0.000 s, max = -0.000 s, min = 9223372036.855 s, total = 0.000 s
[state-dump] 	NodeManager.deadline_timer.flush_free_objects - 1 total (1 active), Execution time: mean = 0.000 s, total = 0.000 s, Queueing time: mean = 0.000 s, max = -0.000 s, min = 9223372036.855 s, total = 0.000 s
[state-dump] 	NodeManager.GCTaskFailureReason - 1 total (1 active), Execution time: mean = 0.000 s, total = 0.000 s, Queueing time: mean = 0.000 s, max = -0.000 s, min = 9223372036.855 s, total = 0.000 s
[state-dump] 	ObjectManager.UpdateAvailableMemory - 1 total (0 active), Execution time: mean = 5.062 us, total = 5.062 us, Queueing time: mean = 21.260 us, max = 21.260 us, min = 21.260 us, total = 21.260 us
[state-dump] 	ClusterResourceManager.ResetRemoteNodeView - 1 total (1 active), Execution time: mean = 0.000 s, total = 0.000 s, Queueing time: mean = 0.000 s, max = -0.000 s, min = 9223372036.855 s, total = 0.000 s
[state-dump] 	ray::rpc::InternalKVGcsService.grpc_client.GetInternalConfig - 1 total (0 active), Execution time: mean = 840.562 us, total = 840.562 us, Queueing time: mean = 0.000 s, max = -0.000 s, min = 9223372036.855 s, total = 0.000 s
[state-dump] 	ray::rpc::InternalPubSubGcsService.grpc_client.GcsSubscriberPoll - 1 total (1 active), Execution time: mean = 0.000 s, total = 0.000 s, Queueing time: mean = 0.000 s, max = -0.000 s, min = 9223372036.855 s, total = 0.000 s
[state-dump] 	ray::rpc::NodeInfoGcsService.grpc_client.RegisterNode.OnReplyReceived - 1 total (0 active), Execution time: mean = 296.338 us, total = 296.338 us, Queueing time: mean = 16.709 us, max = 16.709 us, min = 16.709 us, total = 16.709 us
[state-dump] 	RayletWorkerPool.deadline_timer.kill_idle_workers - 1 total (1 active), Execution time: mean = 0.000 s, total = 0.000 s, Queueing time: mean = 0.000 s, max = -0.000 s, min = 9223372036.855 s, total = 0.000 s
[state-dump] 	ray::rpc::InternalPubSubGcsService.grpc_client.GcsSubscriberCommandBatch.OnReplyReceived - 1 total (1 active), Execution time: mean = 0.000 s, total = 0.000 s, Queueing time: mean = 0.000 s, max = -0.000 s, min = 9223372036.855 s, total = 0.000 s
[state-dump] 	NodeManager.deadline_timer.debug_state_dump - 1 total (1 active), Execution time: mean = 0.000 s, total = 0.000 s, Queueing time: mean = 0.000 s, max = -0.000 s, min = 9223372036.855 s, total = 0.000 s
[state-dump] 	MemoryMonitor.CheckIsMemoryUsageAboveThreshold - 1 total (1 active), Execution time: mean = 0.000 s, total = 0.000 s, Queueing time: mean = 0.000 s, max = -0.000 s, min = 9223372036.855 s, total = 0.000 s
[state-dump] 	NodeManager.deadline_timer.spill_objects_when_over_threshold - 1 total (1 active), Execution time: mean = 0.000 s, total = 0.000 s, Queueing time: mean = 0.000 s, max = -0.000 s, min = 9223372036.855 s, total = 0.000 s
[state-dump] 	NodeManager.deadline_timer.record_metrics - 1 total (1 active), Execution time: mean = 0.000 s, total = 0.000 s, Queueing time: mean = 0.000 s, max = -0.000 s, min = 9223372036.855 s, total = 0.000 s
[state-dump] 	ray::rpc::NodeInfoGcsService.grpc_client.RegisterNode - 1 total (0 active), Execution time: mean = 1.671 ms, total = 1.671 ms, Queueing time: mean = 0.000 s, max = -0.000 s, min = 9223372036.855 s, total = 0.000 s
[state-dump] 	ray::rpc::InternalKVGcsService.grpc_client.GetInternalConfig.OnReplyReceived - 1 total (0 active), Execution time: mean = 1.022 s, total = 1.022 s, Queueing time: mean = 88.925 us, max = 88.925 us, min = 88.925 us, total = 88.925 us
[state-dump] DebugString() time ms: 0
[state-dump] 
[state-dump] 
[2025-04-26 14:36:39,177 I 2973868 2973868] (raylet) accessor.cc:777: Received notification for node, IsAlive = 1 node_id=10cc54a06deaa1a68b1164953c9b46d55f957d02f0d6dcf3fe929eb7
[2025-04-26 14:36:39,209 I 2973868 2973868] (raylet) worker_pool.cc:729: [Eagerly] Start install runtime environment for job 01000000.
[2025-04-26 14:36:39,213 I 2973868 2973868] (raylet) worker_pool.cc:522: Started worker process with pid 2974005, the token is 0
[2025-04-26 14:36:39,215 I 2973868 2973868] (raylet) worker_pool.cc:522: Started worker process with pid 2974006, the token is 1
[2025-04-26 14:36:39,218 I 2973868 2973868] (raylet) worker_pool.cc:522: Started worker process with pid 2974007, the token is 2
[2025-04-26 14:36:39,220 I 2973868 2973868] (raylet) worker_pool.cc:522: Started worker process with pid 2974008, the token is 3
[2025-04-26 14:36:39,223 I 2973868 2973868] (raylet) worker_pool.cc:522: Started worker process with pid 2974009, the token is 4
[2025-04-26 14:36:39,227 I 2973868 2973868] (raylet) worker_pool.cc:522: Started worker process with pid 2974010, the token is 5
[2025-04-26 14:36:39,229 I 2973868 2973868] (raylet) worker_pool.cc:522: Started worker process with pid 2974011, the token is 6
[2025-04-26 14:36:39,233 I 2973868 2973868] (raylet) worker_pool.cc:522: Started worker process with pid 2974012, the token is 7
[2025-04-26 14:36:39,235 I 2973868 2973868] (raylet) worker_pool.cc:522: Started worker process with pid 2974013, the token is 8
[2025-04-26 14:36:39,238 I 2973868 2973868] (raylet) worker_pool.cc:522: Started worker process with pid 2974014, the token is 9
[2025-04-26 14:36:39,240 I 2973868 2973868] (raylet) worker_pool.cc:522: Started worker process with pid 2974015, the token is 10
[2025-04-26 14:36:39,243 I 2973868 2973868] (raylet) worker_pool.cc:522: Started worker process with pid 2974016, the token is 11
[2025-04-26 14:36:39,246 I 2973868 2973868] (raylet) worker_pool.cc:522: Started worker process with pid 2974017, the token is 12
[2025-04-26 14:36:39,249 I 2973868 2973868] (raylet) worker_pool.cc:522: Started worker process with pid 2974018, the token is 13
[2025-04-26 14:36:39,251 I 2973868 2973868] (raylet) worker_pool.cc:522: Started worker process with pid 2974019, the token is 14
[2025-04-26 14:36:39,254 I 2973868 2973868] (raylet) worker_pool.cc:522: Started worker process with pid 2974020, the token is 15
[2025-04-26 14:36:39,256 I 2973868 2973868] (raylet) worker_pool.cc:522: Started worker process with pid 2974021, the token is 16
[2025-04-26 14:36:39,259 I 2973868 2973868] (raylet) worker_pool.cc:522: Started worker process with pid 2974023, the token is 17
[2025-04-26 14:36:39,262 I 2973868 2973868] (raylet) worker_pool.cc:522: Started worker process with pid 2974024, the token is 18
[2025-04-26 14:36:39,280 I 2973868 2973868] (raylet) worker_pool.cc:522: Started worker process with pid 2974025, the token is 19
[2025-04-26 14:36:39,283 I 2973868 2973868] (raylet) worker_pool.cc:522: Started worker process with pid 2974027, the token is 20
[2025-04-26 14:36:39,286 I 2973868 2973868] (raylet) worker_pool.cc:522: Started worker process with pid 2974029, the token is 21
[2025-04-26 14:36:39,288 I 2973868 2973868] (raylet) worker_pool.cc:522: Started worker process with pid 2974030, the token is 22
[2025-04-26 14:36:39,291 I 2973868 2973868] (raylet) worker_pool.cc:522: Started worker process with pid 2974031, the token is 23
[2025-04-26 14:36:39,294 I 2973868 2973868] (raylet) worker_pool.cc:522: Started worker process with pid 2974032, the token is 24
[2025-04-26 14:36:39,297 I 2973868 2973868] (raylet) worker_pool.cc:522: Started worker process with pid 2974033, the token is 25
[2025-04-26 14:36:39,301 I 2973868 2973868] (raylet) worker_pool.cc:522: Started worker process with pid 2974034, the token is 26
[2025-04-26 14:36:39,304 I 2973868 2973868] (raylet) worker_pool.cc:522: Started worker process with pid 2974038, the token is 27
[2025-04-26 14:36:39,307 I 2973868 2973868] (raylet) worker_pool.cc:522: Started worker process with pid 2974039, the token is 28
[2025-04-26 14:36:39,310 I 2973868 2973868] (raylet) worker_pool.cc:522: Started worker process with pid 2974040, the token is 29
[2025-04-26 14:36:39,313 I 2973868 2973868] (raylet) worker_pool.cc:522: Started worker process with pid 2974041, the token is 30
[2025-04-26 14:36:39,316 I 2973868 2973868] (raylet) worker_pool.cc:522: Started worker process with pid 2974042, the token is 31
[2025-04-26 14:36:39,317 I 2973868 2973868] (raylet) runtime_env_agent_client.cc:340: Runtime Env Agent network error: NotFound: on_connect Connection refused, the server may be still starting or is already failed. Scheduling a retry in 1000ms...
[2025-04-26 14:36:39,910 I 2973868 2973896] (raylet) object_store.cc:35: Object store current usage 8e-09 / 36.306 GB.
[2025-04-26 14:36:40,122 I 2973868 2973868] (raylet) worker_pool.cc:719: Job 01000000 already started in worker pool.
[2025-04-26 14:36:40,143 I 2973868 2973868] (raylet) runtime_env_agent_client.cc:383: Create runtime env for job 01000000
[2025-04-26 14:36:40,146 I 2973868 2973868] (raylet) worker_pool.cc:522: Started worker process with pid 2975870, the token is 32
[2025-04-26 14:36:40,319 I 2973868 2973868] (raylet) runtime_env_agent_client.cc:383: Create runtime env for job 01000000
[2025-04-26 14:36:40,319 I 2973868 2973868] (raylet) worker_pool.cc:740: [Eagerly] Create runtime env successful for job 01000000.
[2025-04-26 14:36:41,190 I 2973868 2973868] (raylet) node_manager.cc:1549: NodeManager::DisconnectClient, disconnect_type=1, has creation task exception = false
[2025-04-26 14:36:44,176 W 2973868 2973868] (raylet) memory_monitor.cc:198: Got negative used memory for cgroup -1, setting it to zero
[2025-04-26 14:36:49,182 W 2973868 2973868] (raylet) memory_monitor.cc:198: Got negative used memory for cgroup -1, setting it to zero
[2025-04-26 14:36:54,189 W 2973868 2973868] (raylet) memory_monitor.cc:198: Got negative used memory for cgroup -1, setting it to zero
[2025-04-26 14:36:59,196 W 2973868 2973868] (raylet) memory_monitor.cc:198: Got negative used memory for cgroup -1, setting it to zero
[2025-04-26 14:37:04,201 W 2973868 2973868] (raylet) memory_monitor.cc:198: Got negative used memory for cgroup -1, setting it to zero
[2025-04-26 14:37:09,208 W 2973868 2973868] (raylet) memory_monitor.cc:198: Got negative used memory for cgroup -1, setting it to zero
[2025-04-26 14:37:14,213 W 2973868 2973868] (raylet) memory_monitor.cc:198: Got negative used memory for cgroup -1, setting it to zero
[2025-04-26 14:37:19,219 W 2973868 2973868] (raylet) memory_monitor.cc:198: Got negative used memory for cgroup -1, setting it to zero
[2025-04-26 14:37:24,225 W 2973868 2973868] (raylet) memory_monitor.cc:198: Got negative used memory for cgroup -1, setting it to zero
[2025-04-26 14:37:28,347 I 2973868 2973868] (raylet) node_manager.cc:1549: NodeManager::DisconnectClient, disconnect_type=1, has creation task exception = false
[2025-04-26 14:37:28,886 I 2973868 2973868] (raylet) node_manager.cc:1549: NodeManager::DisconnectClient, disconnect_type=3, has creation task exception = false
[2025-04-26 14:37:28,887 I 2973868 2973868] (raylet) node_manager.cc:1654: Driver (pid=2973469) is disconnected. worker_id=01000000ffffffffffffffffffffffffffffffffffffffffffffffff job_id=01000000
[2025-04-26 14:37:28,890 I 2973868 2973868] (raylet) worker_pool.cc:719: Job 01000000 already started in worker pool.
[2025-04-26 14:37:28,959 I 2973868 2973868] (raylet) main.cc:506: received SIGTERM. Existing local drain request = None
[2025-04-26 14:37:28,960 I 2973868 2973868] (raylet) main.cc:307: Raylet graceful shutdown triggered, reason = EXPECTED_TERMINATION, reason message = received SIGTERM
[2025-04-26 14:37:28,960 I 2973868 2973868] (raylet) main.cc:310: Shutting down...
[2025-04-26 14:37:28,960 I 2973868 2973868] (raylet) accessor.cc:511: Unregistering node node_id=10cc54a06deaa1a68b1164953c9b46d55f957d02f0d6dcf3fe929eb7
[2025-04-26 14:37:28,962 I 2973868 2973868] (raylet) accessor.cc:524: Finished unregistering node info, status = OK node_id=10cc54a06deaa1a68b1164953c9b46d55f957d02f0d6dcf3fe929eb7
[2025-04-26 14:37:28,967 I 2973868 2973868] (raylet) agent_manager.cc:113: Killing agent dashboard_agent/424238335, pid 2973975.
[2025-04-26 14:37:28,983 I 2973868 2973976] (raylet) agent_manager.cc:80: Agent process with name dashboard_agent/424238335 exited, exit code 0.
[2025-04-26 14:37:28,983 I 2973868 2973868] (raylet) agent_manager.cc:113: Killing agent runtime_env_agent, pid 2973977.
[2025-04-26 14:37:28,992 I 2973868 2973980] (raylet) agent_manager.cc:80: Agent process with name runtime_env_agent exited, exit code 0.
[2025-04-26 14:37:28,992 I 2973868 2973868] (raylet) io_service_pool.cc:47: IOServicePool is stopped.
[2025-04-26 14:37:29,004 I 2973868 2973868] (raylet) stats.h:120: Stats module has shutdown.
