[2025-04-26 14:50:02,457 I 2993988 2993988] (gcs_server) gcs_server_main.cc:95: Ray cluster metadata ray_version=2.43.0 ray_commit=ecdcdc6a6e63dc4bcd6ea16aae256ce4d32a7e2c
[2025-04-26 14:50:02,458 I 2993988 2993988] (gcs_server) io_service_pool.cc:35: IOServicePool is running with 1 io_service.
[2025-04-26 14:50:02,465 I 2993988 2993988] (gcs_server) event.cc:500: Ray Event initialized for GCS
[2025-04-26 14:50:02,468 I 2993988 2993988] (gcs_server) event.cc:500: Ray Event initialized for EXPORT_NODE
[2025-04-26 14:50:02,469 I 2993988 2993988] (gcs_server) event.cc:500: Ray Event initialized for EXPORT_ACTOR
[2025-04-26 14:50:02,470 I 2993988 2993988] (gcs_server) event.cc:500: Ray Event initialized for EXPORT_DRIVER_JOB
[2025-04-26 14:50:02,470 I 2993988 2993988] (gcs_server) event.cc:331: Set ray event level to warning
[2025-04-26 14:50:02,471 I 2993988 2993988] (gcs_server) gcs_server.cc:73: GCS storage type is StorageType::IN_MEMORY
[2025-04-26 14:50:02,471 I 2993988 2993988] (gcs_server) gcs_init_data.cc:42: Loading job table data.
[2025-04-26 14:50:02,471 I 2993988 2993988] (gcs_server) gcs_init_data.cc:52: Loading node table data.
[2025-04-26 14:50:02,471 I 2993988 2993988] (gcs_server) gcs_init_data.cc:74: Loading actor table data.
[2025-04-26 14:50:02,471 I 2993988 2993988] (gcs_server) gcs_init_data.cc:85: Loading actor task spec table data.
[2025-04-26 14:50:02,471 I 2993988 2993988] (gcs_server) gcs_init_data.cc:62: Loading placement group table data.
[2025-04-26 14:50:02,471 I 2993988 2993988] (gcs_server) gcs_init_data.cc:46: Finished loading job table data, size = 0
[2025-04-26 14:50:02,471 I 2993988 2993988] (gcs_server) gcs_init_data.cc:56: Finished loading node table data, size = 0
[2025-04-26 14:50:02,471 I 2993988 2993988] (gcs_server) gcs_init_data.cc:79: Finished loading actor table data, size = 0
[2025-04-26 14:50:02,471 I 2993988 2993988] (gcs_server) gcs_init_data.cc:90: Finished loading actor task spec table data, size = 0
[2025-04-26 14:50:02,471 I 2993988 2993988] (gcs_server) gcs_init_data.cc:68: Finished loading placement group table data, size = 0
[2025-04-26 14:50:02,471 I 2993988 2993988] (gcs_server) gcs_server.cc:157: No existing server cluster ID found. Generating new ID: f2194cdfadefcf8394b4de79c7c39767a2a0b899d9a6c35104e20c2f
[2025-04-26 14:50:02,472 I 2993988 2993988] (gcs_server) gcs_server.cc:672: Autoscaler V2 enabled: 0
[2025-04-26 14:50:02,473 I 2993988 2993988] (gcs_server) grpc_server.cc:135: GcsServer server started, listening on port 55476.
[2025-04-26 14:50:02,563 I 2993988 2993988] (gcs_server) gcs_server.cc:245: Gcs Debug state:

GcsNodeManager: 
- RegisterNode request count: 0
- DrainNode request count: 0
- GetAllNodeInfo request count: 0

GcsActorManager: 
- RegisterActor request count: 0
- CreateActor request count: 0
- GetActorInfo request count: 0
- GetNamedActorInfo request count: 0
- GetAllActorInfo request count: 0
- KillActor request count: 0
- ListNamedActors request count: 0
- Registered actors count: 0
- Destroyed actors count: 0
- Named actors count: 0
- Unresolved actors count: 0
- Pending actors count: 0
- Created actors count: 0
- owners_: 0
- actor_to_register_callbacks_: 0
- actor_to_restart_callbacks_: 0
- actor_to_create_callbacks_: 0
- sorted_destroyed_actor_list_: 0

GcsResourceManager: 
- GetAllAvailableResources request count: 0
- GetAllTotalResources request count: 0
- GetAllResourceUsage request count: 0

GcsPlacementGroupManager: 
- CreatePlacementGroup request count: 0
- RemovePlacementGroup request count: 0
- GetPlacementGroup request count: 0
- GetAllPlacementGroup request count: 0
- WaitPlacementGroupUntilReady request count: 0
- GetNamedPlacementGroup request count: 0
- Scheduling pending placement group count: 0
- Registered placement groups count: 0
- Named placement group count: 0
- Pending placement groups count: 0
- Infeasible placement groups count: 0

Publisher:

[runtime env manager] ID to URIs table:
[runtime env manager] URIs reference table:

GcsTaskManager: 
-Total num task events reported: 0
-Total num status task events dropped: 0
-Total num profile events dropped: 0
-Current num of task events stored: 0
-Total num of actor creation tasks: 0
-Total num of actor tasks: 0
-Total num of normal tasks: 0
-Total num of driver tasks: 0

GcsAutoscalerStateManager: 
- last_seen_autoscaler_state_version_: 0
- last_cluster_resource_state_version_: 0
- pending demands:



[2025-04-26 14:50:02,563 I 2993988 2993988] (gcs_server) gcs_server.cc:870: Main service Event stats:


Global stats: 24 total (4 active)
Queueing time: mean = 34.644 ms, max = 91.145 ms, min = 71.000 ns, total = 831.461 ms
Execution time:  mean = 7.601 ms, total = 182.418 ms
Event stats:
	GcsInMemoryStore.Put - 8 total (0 active), Execution time: mean = 11.396 ms, total = 91.171 ms, Queueing time: mean = 79.409 ms, max = 90.920 ms, min = 2.376 us, total = 635.273 ms
	GcsInMemoryStore.GetAll - 5 total (0 active), Execution time: mean = 6.795 us, total = 33.975 us, Queueing time: mean = 26.863 us, max = 28.172 us, min = 25.678 us, total = 134.314 us
	PeriodicalRunner.RunFnPeriodically - 4 total (2 active, 1 running), Execution time: mean = 3.024 us, total = 12.097 us, Queueing time: mean = 45.558 ms, max = 91.145 ms, min = 91.089 ms, total = 182.233 ms
	event_loop_lag_probe - 2 total (0 active), Execution time: mean = 8.491 us, total = 16.981 us, Queueing time: mean = 6.900 ms, max = 13.758 ms, min = 42.538 us, total = 13.800 ms
	GcsServer.GetOrGenerateClusterId.continuation - 1 total (0 active), Execution time: mean = 91.156 ms, total = 91.156 ms, Queueing time: mean = 71.000 ns, max = 71.000 ns, min = 71.000 ns, total = 71.000 ns
	RayletLoadPulled - 1 total (1 active), Execution time: mean = 0.000 s, total = 0.000 s, Queueing time: mean = 0.000 s, max = -0.000 s, min = 9223372036.855 s, total = 0.000 s
	ClusterResourceManager.ResetRemoteNodeView - 1 total (1 active), Execution time: mean = 0.000 s, total = 0.000 s, Queueing time: mean = 0.000 s, max = -0.000 s, min = 9223372036.855 s, total = 0.000 s
	GcsInitData::AsyncLoad - 1 total (0 active), Execution time: mean = 11.986 us, total = 11.986 us, Queueing time: mean = 437.000 ns, max = 437.000 ns, min = 437.000 ns, total = 437.000 ns
	GcsInMemoryStore.Get - 1 total (0 active), Execution time: mean = 15.645 us, total = 15.645 us, Queueing time: mean = 19.356 us, max = 19.356 us, min = 19.356 us, total = 19.356 us


[2025-04-26 14:50:02,563 I 2993988 2993988] (gcs_server) gcs_server.cc:874: task_io_context Event stats:


Global stats: 4 total (1 active)
Queueing time: mean = 62.412 us, max = 213.301 us, min = 15.330 us, total = 249.648 us
Execution time:  mean = 39.048 us, total = 156.194 us
Event stats:
	event_loop_lag_probe - 2 total (0 active), Execution time: mean = 74.460 us, total = 148.919 us, Queueing time: mean = 117.159 us, max = 213.301 us, min = 21.017 us, total = 234.318 us
	GcsTaskManager.GcJobSummary - 1 total (1 active), Execution time: mean = 0.000 s, total = 0.000 s, Queueing time: mean = 0.000 s, max = -0.000 s, min = 9223372036.855 s, total = 0.000 s
	PeriodicalRunner.RunFnPeriodically - 1 total (0 active), Execution time: mean = 7.275 us, total = 7.275 us, Queueing time: mean = 15.330 us, max = 15.330 us, min = 15.330 us, total = 15.330 us


[2025-04-26 14:50:02,563 I 2993988 2993988] (gcs_server) gcs_server.cc:874: pubsub_io_context Event stats:


Global stats: 4 total (1 active)
Queueing time: mean = 117.135 us, max = 420.172 us, min = 21.404 us, total = 468.540 us
Execution time:  mean = 40.691 us, total = 162.766 us
Event stats:
	event_loop_lag_probe - 2 total (0 active), Execution time: mean = 78.303 us, total = 156.606 us, Queueing time: mean = 223.568 us, max = 420.172 us, min = 26.964 us, total = 447.136 us
	Publisher.CheckDeadSubscribers - 1 total (1 active), Execution time: mean = 0.000 s, total = 0.000 s, Queueing time: mean = 0.000 s, max = -0.000 s, min = 9223372036.855 s, total = 0.000 s
	PeriodicalRunner.RunFnPeriodically - 1 total (0 active), Execution time: mean = 6.160 us, total = 6.160 us, Queueing time: mean = 21.404 us, max = 21.404 us, min = 21.404 us, total = 21.404 us


[2025-04-26 14:50:02,563 I 2993988 2993988] (gcs_server) gcs_server.cc:874: ray_syncer_io_context Event stats:


Global stats: 4 total (0 active)
Queueing time: mean = 444.307 us, max = 1.359 ms, min = 48.060 us, total = 1.777 ms
Execution time:  mean = 74.804 us, total = 299.216 us
Event stats:
	event_loop_lag_probe - 2 total (0 active), Execution time: mean = 148.126 us, total = 296.252 us, Queueing time: mean = 703.551 us, max = 1.359 ms, min = 48.060 us, total = 1.407 ms
	RaySyncerRegister - 2 total (0 active), Execution time: mean = 1.482 us, total = 2.964 us, Queueing time: mean = 185.062 us, max = 187.241 us, min = 182.884 us, total = 370.125 us


[2025-04-26 14:50:05,340 I 2993988 2993988] (gcs_server) gcs_node_manager.cc:88: Registering node info, address = 10.153.51.195, node name = 10.153.51.195 node_id=5b13881d883fc332bdef1312d7d0e5fc6d423f836587b38975feeb90
[2025-04-26 14:50:05,340 I 2993988 2993988] (gcs_server) gcs_node_manager.cc:94: Finished registering node info, address = 10.153.51.195, node name = 10.153.51.195, is_head_node = 1 node_id=5b13881d883fc332bdef1312d7d0e5fc6d423f836587b38975feeb90
[2025-04-26 14:50:05,340 I 2993988 2993988] (gcs_server) gcs_placement_group_manager.cc:830: A new node: 5b13881d883fc332bdef1312d7d0e5fc6d423f836587b38975feeb90 registered, will try to reschedule all the infeasible placement groups.
[2025-04-26 14:50:05,347 I 2993988 2994061] (gcs_server) ray_syncer.cc:244: Get connection node_id=5b13881d883fc332bdef1312d7d0e5fc6d423f836587b38975feeb90
[2025-04-26 14:50:06,465 I 2993988 2993988] (gcs_server) gcs_job_manager.cc:90: Adding job, job id = 01000000, driver pid = 2993790
[2025-04-26 14:50:06,465 I 2993988 2993988] (gcs_server) gcs_job_manager.cc:111: Finished adding job, job id = 01000000, driver pid = 2993790
[2025-04-26 14:50:06,482 I 2993988 2993988] (gcs_server) gcs_actor_manager.cc:396: Registering actor job_id=01000000 actor_id=f9d2cf2579b5a7db0f3ebbd601000000
[2025-04-26 14:50:06,482 I 2993988 2993988] (gcs_server) gcs_actor_manager.cc:401: Registered actor, job id = 01000000, actor id = f9d2cf2579b5a7db0f3ebbd601000000
[2025-04-26 14:50:06,483 I 2993988 2993988] (gcs_server) gcs_actor_manager.cc:482: Creating actor job_id=01000000 actor_id=f9d2cf2579b5a7db0f3ebbd601000000
[2025-04-26 14:50:06,483 I 2993988 2993988] (gcs_server) gcs_actor_scheduler.cc:313: Start leasing worker from node 5b13881d883fc332bdef1312d7d0e5fc6d423f836587b38975feeb90 for actor f9d2cf2579b5a7db0f3ebbd601000000, job id = 01000000
[2025-04-26 14:50:07,540 I 2993988 2993988] (gcs_server) gcs_actor_scheduler.cc:634: Finished leasing worker from 5b13881d883fc332bdef1312d7d0e5fc6d423f836587b38975feeb90 for actor f9d2cf2579b5a7db0f3ebbd601000000, job id = 01000000
[2025-04-26 14:50:07,540 I 2993988 2993988] (gcs_server) gcs_actor_scheduler.cc:449: Start creating actor f9d2cf2579b5a7db0f3ebbd601000000 on worker af6caf30a61d6a6a1e9062f55b122ce8ee10fa35caab508dbfe4cc3b at node 5b13881d883fc332bdef1312d7d0e5fc6d423f836587b38975feeb90, job id = 01000000
[2025-04-26 14:50:16,023 I 2993988 2993988] (gcs_server) gcs_actor_scheduler.cc:486: Finished actor creation task for actor f9d2cf2579b5a7db0f3ebbd601000000 on worker af6caf30a61d6a6a1e9062f55b122ce8ee10fa35caab508dbfe4cc3b at node 5b13881d883fc332bdef1312d7d0e5fc6d423f836587b38975feeb90, job id = 01000000
[2025-04-26 14:50:16,023 I 2993988 2993988] (gcs_server) gcs_actor_manager.cc:1543: Actor created successfully job_id=01000000 actor_id=f9d2cf2579b5a7db0f3ebbd601000000
[2025-04-26 14:50:16,024 I 2993988 2993988] (gcs_server) gcs_actor_manager.cc:497: Finished creating actor. Status: OK job_id=01000000 actor_id=f9d2cf2579b5a7db0f3ebbd601000000
[2025-04-26 14:50:23,118 I 2993988 2993988] (gcs_server) gcs_actor_manager.cc:1029: Destroying actor job_id=01000000 actor_id=f9d2cf2579b5a7db0f3ebbd601000000
[2025-04-26 14:50:23,120 I 2993988 2993988] (gcs_server) gcs_job_manager.cc:149: Finished marking job state, job id = 01000000
[2025-04-26 14:50:23,121 I 2993988 2993988] (gcs_server) gcs_actor_manager.cc:1004: Worker 01000000ffffffffffffffffffffffffffffffffffffffffffffffff failed, destroying actor child, job id = 01000000
[2025-04-26 14:50:23,358 I 2993988 2993988] (gcs_server) gcs_node_manager.cc:382: Removing node, node name = 10.153.51.195, death reason = EXPECTED_TERMINATION, death message = received SIGTERM node_id=5b13881d883fc332bdef1312d7d0e5fc6d423f836587b38975feeb90
[2025-04-26 14:50:23,359 I 2993988 2993988] (gcs_server) gcs_placement_group_manager.cc:800: Node failed, rescheduling the placement groups on the dead node. node_id=5b13881d883fc332bdef1312d7d0e5fc6d423f836587b38975feeb90
[2025-04-26 14:50:23,359 I 2993988 2993988] (gcs_server) gcs_actor_manager.cc:1282: Node failed, reconstructing actors. node_id=5b13881d883fc332bdef1312d7d0e5fc6d423f836587b38975feeb90
[2025-04-26 14:50:23,359 I 2993988 2993988] (gcs_server) gcs_job_manager.cc:467: Node failed, mark all jobs from this node as finished node_id=5b13881d883fc332bdef1312d7d0e5fc6d423f836587b38975feeb90
[2025-04-26 14:50:23,507 I 2993988 2994037] (gcs_server) ray_syncer_bidi_reactor_base.h:182: Failed to read the message from: 5b13881d883fc332bdef1312d7d0e5fc6d423f836587b38975feeb90
[2025-04-26 14:50:23,508 I 2993988 2994037] (gcs_server) ray_syncer.cc:241: Connection is broken. node_id=5b13881d883fc332bdef1312d7d0e5fc6d423f836587b38975feeb90
[2025-04-26 14:50:23,526 I 2993988 2993988] (gcs_server) gcs_server_main.cc:175: GCS server received SIGTERM, shutting down...
[2025-04-26 14:50:23,527 I 2993988 2993988] (gcs_server) gcs_server.cc:267: Stopping GCS server.
[2025-04-26 14:50:23,555 I 2993988 2993988] (gcs_server) gcs_server.cc:284: GCS server stopped.
[2025-04-26 14:50:23,555 I 2993988 2993988] (gcs_server) io_service_pool.cc:47: IOServicePool is stopped.
[2025-04-26 14:50:23,587 I 2993988 2993988] (gcs_server) stats.h:120: Stats module has shutdown.
