[2025-04-26 14:50:04,311 I 2994195 2994195] (raylet) main.cc:226: Setting cluster ID to: f2194cdfadefcf8394b4de79c7c39767a2a0b899d9a6c35104e20c2f
[2025-04-26 14:50:04,318 I 2994195 2994195] (raylet) main.cc:341: Raylet is not set to kill unknown children.
[2025-04-26 14:50:04,318 I 2994195 2994195] (raylet) io_service_pool.cc:35: IOServicePool is running with 1 io_service.
[2025-04-26 14:50:04,319 I 2994195 2994195] (raylet) main.cc:471: Setting node ID node_id=5b13881d883fc332bdef1312d7d0e5fc6d423f836587b38975feeb90
[2025-04-26 14:50:04,319 I 2994195 2994195] (raylet) store_runner.cc:33: Allowing the Plasma store to use up to 36.2905GB of memory.
[2025-04-26 14:50:04,319 I 2994195 2994195] (raylet) store_runner.cc:49: Starting object store with directory /dev/shm, fallback /home/stud/wxie/EasyR1/ray, and huge page support disabled
[2025-04-26 14:50:04,319 I 2994195 2994223] (raylet) dlmalloc.cc:154: create_and_mmap_buffer(36290560008, /dev/shm/plasmaXXXXXX)
[2025-04-26 14:50:04,322 I 2994195 2994223] (raylet) store.cc:564: Plasma store debug dump: 
Current usage: 0 / 36.2905 GB
- num bytes created total: 0
0 pending objects of total size 0MB
- objects spillable: 0
- bytes spillable: 0
- objects unsealed: 0
- bytes unsealed: 0
- objects in use: 0
- bytes in use: 0
- objects evictable: 0
- bytes evictable: 0

- objects created by worker: 0
- bytes created by worker: 0
- objects restored: 0
- bytes restored: 0
- objects received: 0
- bytes received: 0
- objects errored: 0
- bytes errored: 0

[2025-04-26 14:50:05,324 I 2994195 2994195] (raylet) grpc_server.cc:135: ObjectManager server started, listening on port 33819.
[2025-04-26 14:50:05,327 I 2994195 2994195] (raylet) worker_killing_policy.cc:101: Running GroupByOwner policy.
[2025-04-26 14:50:05,327 W 2994195 2994195] (raylet) memory_monitor.cc:198: Got negative used memory for cgroup -1, setting it to zero
[2025-04-26 14:50:05,327 I 2994195 2994195] (raylet) memory_monitor.cc:48: MemoryMonitor initialized with usage threshold at 128114286592 bytes (0.95 system memory), total system memory bytes: 134857150464
[2025-04-26 14:50:05,327 I 2994195 2994195] (raylet) node_manager.cc:295: Initializing NodeManager node_id=5b13881d883fc332bdef1312d7d0e5fc6d423f836587b38975feeb90
[2025-04-26 14:50:05,328 I 2994195 2994195] (raylet) grpc_server.cc:135: NodeManager server started, listening on port 37505.
[2025-04-26 14:50:05,337 I 2994195 2994301] (raylet) agent_manager.cc:78: Monitor agent process with name dashboard_agent/424238335
[2025-04-26 14:50:05,337 I 2994195 2994303] (raylet) agent_manager.cc:78: Monitor agent process with name runtime_env_agent
[2025-04-26 14:50:05,339 I 2994195 2994195] (raylet) event.cc:500: Ray Event initialized for RAYLET
[2025-04-26 14:50:05,339 I 2994195 2994195] (raylet) event.cc:331: Set ray event level to warning
[2025-04-26 14:50:05,341 I 2994195 2994195] (raylet) raylet.cc:134: Raylet of id, 5b13881d883fc332bdef1312d7d0e5fc6d423f836587b38975feeb90 started. Raylet consists of node_manager and object_manager. node_manager address: 10.153.51.195:37505 object_manager address: 10.153.51.195:33819 hostname: marajo
[2025-04-26 14:50:05,345 I 2994195 2994195] (raylet) node_manager.cc:532: [state-dump] NodeManager:
[state-dump] Node ID: 5b13881d883fc332bdef1312d7d0e5fc6d423f836587b38975feeb90
[state-dump] Node name: 10.153.51.195
[state-dump] InitialConfigResources: {accelerator_type:H100: 10000, memory: 746778376200000, object_store_memory: 362905018360000, node:10.153.51.195: 10000, GPU: 10000, CPU: 320000, node:__internal_head__: 10000}
[state-dump] ClusterTaskManager:
[state-dump] ========== Node: 5b13881d883fc332bdef1312d7d0e5fc6d423f836587b38975feeb90 =================
[state-dump] Infeasible queue length: 0
[state-dump] Schedule queue length: 0
[state-dump] Dispatch queue length: 0
[state-dump] num_waiting_for_resource: 0
[state-dump] num_waiting_for_plasma_memory: 0
[state-dump] num_waiting_for_remote_node_resources: 0
[state-dump] num_worker_not_started_by_job_config_not_exist: 0
[state-dump] num_worker_not_started_by_registration_timeout: 0
[state-dump] num_tasks_waiting_for_workers: 0
[state-dump] num_cancelled_tasks: 0
[state-dump] cluster_resource_scheduler state: 
[state-dump] Local id: -9085658401727517439 Local resources: {"total":{accelerator_type:H100: [10000], memory: [746778376200000], node:10.153.51.195: [10000], object_store_memory: [362905018360000], CPU: [320000], node:__internal_head__: [10000], GPU: [10000]}}, "available": {accelerator_type:H100: [10000], memory: [746778376200000], node:10.153.51.195: [10000], object_store_memory: [362905018360000], CPU: [320000], node:__internal_head__: [10000], GPU: [10000]}}, "labels":{"ray.io/node_id":"5b13881d883fc332bdef1312d7d0e5fc6d423f836587b38975feeb90",} is_draining: 0 is_idle: 1 Cluster resources: node id: -9085658401727517439{"total":{GPU: 10000, memory: 746778376200000, accelerator_type:H100: 10000, node:10.153.51.195: 10000, node:__internal_head__: 10000, CPU: 320000, object_store_memory: 362905018360000}}, "available": {GPU: 10000, memory: 746778376200000, accelerator_type:H100: 10000, node:10.153.51.195: 10000, node:__internal_head__: 10000, CPU: 320000, object_store_memory: 362905018360000}}, "labels":{"ray.io/node_id":"5b13881d883fc332bdef1312d7d0e5fc6d423f836587b38975feeb90",}, "is_draining": 0, "draining_deadline_timestamp_ms": -1} { "placment group locations": [], "node to bundles": []}
[state-dump] Waiting tasks size: 0
[state-dump] Number of executing tasks: 0
[state-dump] Number of pinned task arguments: 0
[state-dump] Number of total spilled tasks: 0
[state-dump] Number of spilled waiting tasks: 0
[state-dump] Number of spilled unschedulable tasks: 0
[state-dump] Resource usage {
[state-dump] }
[state-dump] Backlog Size per scheduling descriptor :{workerId: num backlogs}:
[state-dump] 
[state-dump] Running tasks by scheduling class:
[state-dump] ==================================================
[state-dump] 
[state-dump] ClusterResources:
[state-dump] LocalObjectManager:
[state-dump] - num pinned objects: 0
[state-dump] - pinned objects size: 0
[state-dump] - num objects pending restore: 0
[state-dump] - num objects pending spill: 0
[state-dump] - num bytes pending spill: 0
[state-dump] - num bytes currently spilled: 0
[state-dump] - cumulative spill requests: 0
[state-dump] - cumulative restore requests: 0
[state-dump] - spilled objects pending delete: 0
[state-dump] 
[state-dump] ObjectManager:
[state-dump] - num local objects: 0
[state-dump] - num unfulfilled push requests: 0
[state-dump] - num object pull requests: 0
[state-dump] - num chunks received total: 0
[state-dump] - num chunks received failed (all): 0
[state-dump] - num chunks received failed / cancelled: 0
[state-dump] - num chunks received failed / plasma error: 0
[state-dump] Event stats:
[state-dump] Global stats: 0 total (0 active)
[state-dump] Queueing time: mean = -nan s, max = -0.000 s, min = 9223372036.855 s, total = 0.000 s
[state-dump] Execution time:  mean = -nan s, total = 0.000 s
[state-dump] Event stats:
[state-dump] PushManager:
[state-dump] - num pushes in flight: 0
[state-dump] - num chunks in flight: 0
[state-dump] - num chunks remaining: 0
[state-dump] - max chunks allowed: 409
[state-dump] OwnershipBasedObjectDirectory:
[state-dump] - num listeners: 0
[state-dump] - cumulative location updates: 0
[state-dump] - num location updates per second: 46153570049949328.000
[state-dump] - num location lookups per second: 46153570049941328.000
[state-dump] - num locations added per second: 0.000
[state-dump] - num locations removed per second: 0.000
[state-dump] BufferPool:
[state-dump] - create buffer state map size: 0
[state-dump] PullManager:
[state-dump] - num bytes available for pulled objects: 36290501836
[state-dump] - num bytes being pulled (all): 0
[state-dump] - num bytes being pulled / pinned: 0
[state-dump] - get request bundles: BundlePullRequestQueue{0 total, 0 active, 0 inactive, 0 unpullable}
[state-dump] - wait request bundles: BundlePullRequestQueue{0 total, 0 active, 0 inactive, 0 unpullable}
[state-dump] - task request bundles: BundlePullRequestQueue{0 total, 0 active, 0 inactive, 0 unpullable}
[state-dump] - first get request bundle: N/A
[state-dump] - first wait request bundle: N/A
[state-dump] - first task request bundle: N/A
[state-dump] - num objects queued: 0
[state-dump] - num objects actively pulled (all): 0
[state-dump] - num objects actively pulled / pinned: 0
[state-dump] - num bundles being pulled: 0
[state-dump] - num pull retries: 0
[state-dump] - max timeout seconds: 0
[state-dump] - max timeout request is already processed. No entry.
[state-dump] 
[state-dump] WorkerPool:
[state-dump] - registered jobs: 0
[state-dump] - process_failed_job_config_missing: 0
[state-dump] - process_failed_rate_limited: 0
[state-dump] - process_failed_pending_registration: 0
[state-dump] - process_failed_runtime_env_setup_failed: 0
[state-dump] - num JAVA workers: 0
[state-dump] - num JAVA drivers: 0
[state-dump] - num JAVA pending start requests: 0
[state-dump] - num JAVA pending registration requests: 0
[state-dump] - num object spill callbacks queued: 0
[state-dump] - num object restore queued: 0
[state-dump] - num util functions queued: 0
[state-dump] - num PYTHON workers: 0
[state-dump] - num PYTHON drivers: 0
[state-dump] - num PYTHON pending start requests: 0
[state-dump] - num PYTHON pending registration requests: 0
[state-dump] - num object spill callbacks queued: 0
[state-dump] - num object restore queued: 0
[state-dump] - num util functions queued: 0
[state-dump] - num idle workers: 0
[state-dump] TaskDependencyManager:
[state-dump] - task deps map size: 0
[state-dump] - get req map size: 0
[state-dump] - wait req map size: 0
[state-dump] - local objects map size: 0
[state-dump] WaitManager:
[state-dump] - num active wait requests: 0
[state-dump] Subscriber:
[state-dump] Channel WORKER_REF_REMOVED_CHANNEL
[state-dump] - cumulative subscribe requests: 0
[state-dump] - cumulative unsubscribe requests: 0
[state-dump] - active subscribed publishers: 0
[state-dump] - cumulative published messages: 0
[state-dump] - cumulative processed messages: 0
[state-dump] Channel WORKER_OBJECT_LOCATIONS_CHANNEL
[state-dump] - cumulative subscribe requests: 0
[state-dump] - cumulative unsubscribe requests: 0
[state-dump] - active subscribed publishers: 0
[state-dump] - cumulative published messages: 0
[state-dump] - cumulative processed messages: 0
[state-dump] Channel WORKER_OBJECT_EVICTION
[state-dump] - cumulative subscribe requests: 0
[state-dump] - cumulative unsubscribe requests: 0
[state-dump] - active subscribed publishers: 0
[state-dump] - cumulative published messages: 0
[state-dump] - cumulative processed messages: 0
[state-dump] num async plasma notifications: 0
[state-dump] Remote node managers: 
[state-dump] Event stats:
[state-dump] Global stats: 28 total (13 active)
[state-dump] Queueing time: mean = 1.906 ms, max = 12.693 ms, min = 21.417 us, total = 53.362 ms
[state-dump] Execution time:  mean = 36.782 ms, total = 1.030 s
[state-dump] Event stats:
[state-dump] 	PeriodicalRunner.RunFnPeriodically - 11 total (2 active, 1 running), Execution time: mean = 338.291 us, total = 3.721 ms, Queueing time: mean = 4.843 ms, max = 12.693 ms, min = 35.354 us, total = 53.272 ms
[state-dump] 	ray::rpc::InternalKVGcsService.grpc_client.GetInternalConfig - 1 total (0 active), Execution time: mean = 1.128 ms, total = 1.128 ms, Queueing time: mean = 0.000 s, max = -0.000 s, min = 9223372036.855 s, total = 0.000 s
[state-dump] 	ray::rpc::NodeInfoGcsService.grpc_client.RegisterNode.OnReplyReceived - 1 total (0 active), Execution time: mean = 320.782 us, total = 320.782 us, Queueing time: mean = 21.417 us, max = 21.417 us, min = 21.417 us, total = 21.417 us
[state-dump] 	ObjectManager.UpdateAvailableMemory - 1 total (0 active), Execution time: mean = 5.057 us, total = 5.057 us, Queueing time: mean = 46.364 us, max = 46.364 us, min = 46.364 us, total = 46.364 us
[state-dump] 	ray::rpc::InternalPubSubGcsService.grpc_client.GcsSubscriberCommandBatch - 1 total (0 active), Execution time: mean = 1.380 ms, total = 1.380 ms, Queueing time: mean = 0.000 s, max = -0.000 s, min = 9223372036.855 s, total = 0.000 s
[state-dump] 	RayletWorkerPool.deadline_timer.kill_idle_workers - 1 total (1 active), Execution time: mean = 0.000 s, total = 0.000 s, Queueing time: mean = 0.000 s, max = -0.000 s, min = 9223372036.855 s, total = 0.000 s
[state-dump] 	NodeManager.deadline_timer.spill_objects_when_over_threshold - 1 total (1 active), Execution time: mean = 0.000 s, total = 0.000 s, Queueing time: mean = 0.000 s, max = -0.000 s, min = 9223372036.855 s, total = 0.000 s
[state-dump] 	ray::rpc::InternalPubSubGcsService.grpc_client.GcsSubscriberPoll - 1 total (1 active), Execution time: mean = 0.000 s, total = 0.000 s, Queueing time: mean = 0.000 s, max = -0.000 s, min = 9223372036.855 s, total = 0.000 s
[state-dump] 	NodeManager.GCTaskFailureReason - 1 total (1 active), Execution time: mean = 0.000 s, total = 0.000 s, Queueing time: mean = 0.000 s, max = -0.000 s, min = 9223372036.855 s, total = 0.000 s
[state-dump] 	ray::rpc::InternalKVGcsService.grpc_client.GetInternalConfig.OnReplyReceived - 1 total (0 active), Execution time: mean = 1.021 s, total = 1.021 s, Queueing time: mean = 21.461 us, max = 21.461 us, min = 21.461 us, total = 21.461 us
[state-dump] 	ClusterResourceManager.ResetRemoteNodeView - 1 total (1 active), Execution time: mean = 0.000 s, total = 0.000 s, Queueing time: mean = 0.000 s, max = -0.000 s, min = 9223372036.855 s, total = 0.000 s
[state-dump] 	MemoryMonitor.CheckIsMemoryUsageAboveThreshold - 1 total (1 active), Execution time: mean = 0.000 s, total = 0.000 s, Queueing time: mean = 0.000 s, max = -0.000 s, min = 9223372036.855 s, total = 0.000 s
[state-dump] 	NodeManager.deadline_timer.record_metrics - 1 total (1 active), Execution time: mean = 0.000 s, total = 0.000 s, Queueing time: mean = 0.000 s, max = -0.000 s, min = 9223372036.855 s, total = 0.000 s
[state-dump] 	NodeManager.ScheduleAndDispatchTasks - 1 total (1 active), Execution time: mean = 0.000 s, total = 0.000 s, Queueing time: mean = 0.000 s, max = -0.000 s, min = 9223372036.855 s, total = 0.000 s
[state-dump] 	NodeManager.deadline_timer.debug_state_dump - 1 total (1 active), Execution time: mean = 0.000 s, total = 0.000 s, Queueing time: mean = 0.000 s, max = -0.000 s, min = 9223372036.855 s, total = 0.000 s
[state-dump] 	ray::rpc::InternalPubSubGcsService.grpc_client.GcsSubscriberCommandBatch.OnReplyReceived - 1 total (1 active), Execution time: mean = 0.000 s, total = 0.000 s, Queueing time: mean = 0.000 s, max = -0.000 s, min = 9223372036.855 s, total = 0.000 s
[state-dump] 	NodeManager.deadline_timer.flush_free_objects - 1 total (1 active), Execution time: mean = 0.000 s, total = 0.000 s, Queueing time: mean = 0.000 s, max = -0.000 s, min = 9223372036.855 s, total = 0.000 s
[state-dump] 	ray::rpc::NodeInfoGcsService.grpc_client.RegisterNode - 1 total (0 active), Execution time: mean = 1.880 ms, total = 1.880 ms, Queueing time: mean = 0.000 s, max = -0.000 s, min = 9223372036.855 s, total = 0.000 s
[state-dump] DebugString() time ms: 0
[state-dump] 
[state-dump] 
[2025-04-26 14:50:05,347 I 2994195 2994195] (raylet) accessor.cc:777: Received notification for node, IsAlive = 1 node_id=5b13881d883fc332bdef1312d7d0e5fc6d423f836587b38975feeb90
[2025-04-26 14:50:05,387 I 2994195 2994195] (raylet) worker_pool.cc:729: [Eagerly] Start install runtime environment for job 01000000.
[2025-04-26 14:50:05,391 I 2994195 2994195] (raylet) worker_pool.cc:522: Started worker process with pid 2994325, the token is 0
[2025-04-26 14:50:05,394 I 2994195 2994195] (raylet) worker_pool.cc:522: Started worker process with pid 2994326, the token is 1
[2025-04-26 14:50:05,397 I 2994195 2994195] (raylet) worker_pool.cc:522: Started worker process with pid 2994327, the token is 2
[2025-04-26 14:50:05,400 I 2994195 2994195] (raylet) worker_pool.cc:522: Started worker process with pid 2994328, the token is 3
[2025-04-26 14:50:05,403 I 2994195 2994195] (raylet) worker_pool.cc:522: Started worker process with pid 2994329, the token is 4
[2025-04-26 14:50:05,406 I 2994195 2994195] (raylet) worker_pool.cc:522: Started worker process with pid 2994330, the token is 5
[2025-04-26 14:50:05,409 I 2994195 2994195] (raylet) worker_pool.cc:522: Started worker process with pid 2994331, the token is 6
[2025-04-26 14:50:05,413 I 2994195 2994195] (raylet) worker_pool.cc:522: Started worker process with pid 2994332, the token is 7
[2025-04-26 14:50:05,416 I 2994195 2994195] (raylet) worker_pool.cc:522: Started worker process with pid 2994333, the token is 8
[2025-04-26 14:50:05,419 I 2994195 2994195] (raylet) worker_pool.cc:522: Started worker process with pid 2994334, the token is 9
[2025-04-26 14:50:05,422 I 2994195 2994195] (raylet) worker_pool.cc:522: Started worker process with pid 2994335, the token is 10
[2025-04-26 14:50:05,425 I 2994195 2994195] (raylet) worker_pool.cc:522: Started worker process with pid 2994336, the token is 11
[2025-04-26 14:50:05,429 I 2994195 2994195] (raylet) worker_pool.cc:522: Started worker process with pid 2994337, the token is 12
[2025-04-26 14:50:05,432 I 2994195 2994195] (raylet) worker_pool.cc:522: Started worker process with pid 2994338, the token is 13
[2025-04-26 14:50:05,435 I 2994195 2994195] (raylet) worker_pool.cc:522: Started worker process with pid 2994339, the token is 14
[2025-04-26 14:50:05,439 I 2994195 2994195] (raylet) worker_pool.cc:522: Started worker process with pid 2994340, the token is 15
[2025-04-26 14:50:05,443 I 2994195 2994195] (raylet) worker_pool.cc:522: Started worker process with pid 2994341, the token is 16
[2025-04-26 14:50:05,446 I 2994195 2994195] (raylet) worker_pool.cc:522: Started worker process with pid 2994342, the token is 17
[2025-04-26 14:50:05,450 I 2994195 2994195] (raylet) worker_pool.cc:522: Started worker process with pid 2994343, the token is 18
[2025-04-26 14:50:05,469 I 2994195 2994195] (raylet) worker_pool.cc:522: Started worker process with pid 2994344, the token is 19
[2025-04-26 14:50:05,473 I 2994195 2994195] (raylet) worker_pool.cc:522: Started worker process with pid 2994345, the token is 20
[2025-04-26 14:50:05,477 I 2994195 2994195] (raylet) worker_pool.cc:522: Started worker process with pid 2994346, the token is 21
[2025-04-26 14:50:05,481 I 2994195 2994195] (raylet) worker_pool.cc:522: Started worker process with pid 2994347, the token is 22
[2025-04-26 14:50:05,484 I 2994195 2994195] (raylet) worker_pool.cc:522: Started worker process with pid 2994348, the token is 23
[2025-04-26 14:50:05,488 I 2994195 2994195] (raylet) worker_pool.cc:522: Started worker process with pid 2994349, the token is 24
[2025-04-26 14:50:05,492 I 2994195 2994195] (raylet) worker_pool.cc:522: Started worker process with pid 2994350, the token is 25
[2025-04-26 14:50:05,496 I 2994195 2994195] (raylet) worker_pool.cc:522: Started worker process with pid 2994351, the token is 26
[2025-04-26 14:50:05,500 I 2994195 2994195] (raylet) worker_pool.cc:522: Started worker process with pid 2994352, the token is 27
[2025-04-26 14:50:05,503 I 2994195 2994195] (raylet) worker_pool.cc:522: Started worker process with pid 2994353, the token is 28
[2025-04-26 14:50:05,507 I 2994195 2994195] (raylet) worker_pool.cc:522: Started worker process with pid 2994354, the token is 29
[2025-04-26 14:50:05,512 I 2994195 2994195] (raylet) worker_pool.cc:522: Started worker process with pid 2994355, the token is 30
[2025-04-26 14:50:05,515 I 2994195 2994195] (raylet) worker_pool.cc:522: Started worker process with pid 2994356, the token is 31
[2025-04-26 14:50:05,516 I 2994195 2994195] (raylet) runtime_env_agent_client.cc:340: Runtime Env Agent network error: NotFound: on_connect Connection refused, the server may be still starting or is already failed. Scheduling a retry in 1000ms...
[2025-04-26 14:50:06,186 I 2994195 2994223] (raylet) object_store.cc:35: Object store current usage 8e-09 / 36.2905 GB.
[2025-04-26 14:50:06,466 I 2994195 2994195] (raylet) worker_pool.cc:719: Job 01000000 already started in worker pool.
[2025-04-26 14:50:06,488 I 2994195 2994195] (raylet) runtime_env_agent_client.cc:383: Create runtime env for job 01000000
[2025-04-26 14:50:06,490 I 2994195 2994195] (raylet) worker_pool.cc:522: Started worker process with pid 2996234, the token is 32
[2025-04-26 14:50:06,518 I 2994195 2994195] (raylet) runtime_env_agent_client.cc:383: Create runtime env for job 01000000
[2025-04-26 14:50:06,518 I 2994195 2994195] (raylet) worker_pool.cc:740: [Eagerly] Create runtime env successful for job 01000000.
[2025-04-26 14:50:07,551 I 2994195 2994195] (raylet) node_manager.cc:1549: NodeManager::DisconnectClient, disconnect_type=1, has creation task exception = false
[2025-04-26 14:50:10,345 W 2994195 2994195] (raylet) memory_monitor.cc:198: Got negative used memory for cgroup -1, setting it to zero
[2025-04-26 14:50:15,351 W 2994195 2994195] (raylet) memory_monitor.cc:198: Got negative used memory for cgroup -1, setting it to zero
[2025-04-26 14:50:20,358 W 2994195 2994195] (raylet) memory_monitor.cc:198: Got negative used memory for cgroup -1, setting it to zero
[2025-04-26 14:50:23,118 I 2994195 2994195] (raylet) node_manager.cc:1549: NodeManager::DisconnectClient, disconnect_type=3, has creation task exception = false
[2025-04-26 14:50:23,118 I 2994195 2994195] (raylet) node_manager.cc:1654: Driver (pid=2993790) is disconnected. worker_id=01000000ffffffffffffffffffffffffffffffffffffffffffffffff job_id=01000000
[2025-04-26 14:50:23,121 I 2994195 2994195] (raylet) node_manager.cc:1082: The leased worker af6caf30a61d6a6a1e9062f55b122ce8ee10fa35caab508dbfe4cc3b is killed because the owner process 01000000ffffffffffffffffffffffffffffffffffffffffffffffff died.
[2025-04-26 14:50:23,121 I 2994195 2994195] (raylet) worker_pool.cc:719: Job 01000000 already started in worker pool.
[2025-04-26 14:50:23,121 I 2994195 2994195] (raylet) node_manager.cc:640: The leased worker  is killed because the job 01000000 finished. worker_id=af6caf30a61d6a6a1e9062f55b122ce8ee10fa35caab508dbfe4cc3b
[2025-04-26 14:50:23,132 I 2994195 2994195] (raylet) node_manager.cc:1549: NodeManager::DisconnectClient, disconnect_type=1, has creation task exception = false
[2025-04-26 14:50:23,354 W 2994195 2994195] (raylet) node_manager.cc:648: Failed to send exit request to worker : RpcError: RPC Error message: Socket closed; RPC Error details: . Killing it using SIGKILL instead. worker_id=af6caf30a61d6a6a1e9062f55b122ce8ee10fa35caab508dbfe4cc3b
[2025-04-26 14:50:23,358 I 2994195 2994195] (raylet) main.cc:506: received SIGTERM. Existing local drain request = None
[2025-04-26 14:50:23,358 I 2994195 2994195] (raylet) main.cc:307: Raylet graceful shutdown triggered, reason = EXPECTED_TERMINATION, reason message = received SIGTERM
[2025-04-26 14:50:23,358 I 2994195 2994195] (raylet) main.cc:310: Shutting down...
[2025-04-26 14:50:23,358 I 2994195 2994195] (raylet) accessor.cc:511: Unregistering node node_id=5b13881d883fc332bdef1312d7d0e5fc6d423f836587b38975feeb90
[2025-04-26 14:50:23,359 I 2994195 2994195] (raylet) accessor.cc:524: Finished unregistering node info, status = OK node_id=5b13881d883fc332bdef1312d7d0e5fc6d423f836587b38975feeb90
[2025-04-26 14:50:23,364 I 2994195 2994195] (raylet) agent_manager.cc:113: Killing agent dashboard_agent/424238335, pid 2994300.
[2025-04-26 14:50:23,409 I 2994195 2994301] (raylet) agent_manager.cc:80: Agent process with name dashboard_agent/424238335 exited, exit code 0.
[2025-04-26 14:50:23,409 I 2994195 2994195] (raylet) agent_manager.cc:113: Killing agent runtime_env_agent, pid 2994302.
[2025-04-26 14:50:23,420 I 2994195 2994303] (raylet) agent_manager.cc:80: Agent process with name runtime_env_agent exited, exit code 0.
[2025-04-26 14:50:23,421 I 2994195 2994195] (raylet) io_service_pool.cc:47: IOServicePool is stopped.
[2025-04-26 14:50:23,441 I 2994195 2994195] (raylet) stats.h:120: Stats module has shutdown.
