[2025-04-26 14:54:03,774 I 3001318 3001318] (gcs_server) gcs_server_main.cc:95: Ray cluster metadata ray_version=2.43.0 ray_commit=ecdcdc6a6e63dc4bcd6ea16aae256ce4d32a7e2c
[2025-04-26 14:54:03,775 I 3001318 3001318] (gcs_server) io_service_pool.cc:35: IOServicePool is running with 1 io_service.
[2025-04-26 14:54:03,783 I 3001318 3001318] (gcs_server) event.cc:500: Ray Event initialized for GCS
[2025-04-26 14:54:03,786 I 3001318 3001318] (gcs_server) event.cc:500: Ray Event initialized for EXPORT_NODE
[2025-04-26 14:54:03,787 I 3001318 3001318] (gcs_server) event.cc:500: Ray Event initialized for EXPORT_ACTOR
[2025-04-26 14:54:03,788 I 3001318 3001318] (gcs_server) event.cc:500: Ray Event initialized for EXPORT_DRIVER_JOB
[2025-04-26 14:54:03,788 I 3001318 3001318] (gcs_server) event.cc:331: Set ray event level to warning
[2025-04-26 14:54:03,789 I 3001318 3001318] (gcs_server) gcs_server.cc:73: GCS storage type is StorageType::IN_MEMORY
[2025-04-26 14:54:03,790 I 3001318 3001318] (gcs_server) gcs_init_data.cc:42: Loading job table data.
[2025-04-26 14:54:03,790 I 3001318 3001318] (gcs_server) gcs_init_data.cc:52: Loading node table data.
[2025-04-26 14:54:03,790 I 3001318 3001318] (gcs_server) gcs_init_data.cc:74: Loading actor table data.
[2025-04-26 14:54:03,790 I 3001318 3001318] (gcs_server) gcs_init_data.cc:85: Loading actor task spec table data.
[2025-04-26 14:54:03,790 I 3001318 3001318] (gcs_server) gcs_init_data.cc:62: Loading placement group table data.
[2025-04-26 14:54:03,790 I 3001318 3001318] (gcs_server) gcs_init_data.cc:46: Finished loading job table data, size = 0
[2025-04-26 14:54:03,790 I 3001318 3001318] (gcs_server) gcs_init_data.cc:56: Finished loading node table data, size = 0
[2025-04-26 14:54:03,790 I 3001318 3001318] (gcs_server) gcs_init_data.cc:79: Finished loading actor table data, size = 0
[2025-04-26 14:54:03,790 I 3001318 3001318] (gcs_server) gcs_init_data.cc:90: Finished loading actor task spec table data, size = 0
[2025-04-26 14:54:03,790 I 3001318 3001318] (gcs_server) gcs_init_data.cc:68: Finished loading placement group table data, size = 0
[2025-04-26 14:54:03,790 I 3001318 3001318] (gcs_server) gcs_server.cc:157: No existing server cluster ID found. Generating new ID: d97141e86a47ebfbe0b721e480b5112cb09d4f4a77a2b69caf4fc976
[2025-04-26 14:54:03,790 I 3001318 3001318] (gcs_server) gcs_server.cc:672: Autoscaler V2 enabled: 0
[2025-04-26 14:54:03,791 I 3001318 3001318] (gcs_server) grpc_server.cc:135: GcsServer server started, listening on port 41867.
[2025-04-26 14:54:03,880 I 3001318 3001318] (gcs_server) gcs_server.cc:245: Gcs Debug state:

GcsNodeManager: 
- RegisterNode request count: 0
- DrainNode request count: 0
- GetAllNodeInfo request count: 0

GcsActorManager: 
- RegisterActor request count: 0
- CreateActor request count: 0
- GetActorInfo request count: 0
- GetNamedActorInfo request count: 0
- GetAllActorInfo request count: 0
- KillActor request count: 0
- ListNamedActors request count: 0
- Registered actors count: 0
- Destroyed actors count: 0
- Named actors count: 0
- Unresolved actors count: 0
- Pending actors count: 0
- Created actors count: 0
- owners_: 0
- actor_to_register_callbacks_: 0
- actor_to_restart_callbacks_: 0
- actor_to_create_callbacks_: 0
- sorted_destroyed_actor_list_: 0

GcsResourceManager: 
- GetAllAvailableResources request count: 0
- GetAllTotalResources request count: 0
- GetAllResourceUsage request count: 0

GcsPlacementGroupManager: 
- CreatePlacementGroup request count: 0
- RemovePlacementGroup request count: 0
- GetPlacementGroup request count: 0
- GetAllPlacementGroup request count: 0
- WaitPlacementGroupUntilReady request count: 0
- GetNamedPlacementGroup request count: 0
- Scheduling pending placement group count: 0
- Registered placement groups count: 0
- Named placement group count: 0
- Pending placement groups count: 0
- Infeasible placement groups count: 0

Publisher:

[runtime env manager] ID to URIs table:
[runtime env manager] URIs reference table:

GcsTaskManager: 
-Total num task events reported: 0
-Total num status task events dropped: 0
-Total num profile events dropped: 0
-Current num of task events stored: 0
-Total num of actor creation tasks: 0
-Total num of actor tasks: 0
-Total num of normal tasks: 0
-Total num of driver tasks: 0

GcsAutoscalerStateManager: 
- last_seen_autoscaler_state_version_: 0
- last_cluster_resource_state_version_: 0
- pending demands:



[2025-04-26 14:54:03,880 I 3001318 3001318] (gcs_server) gcs_server.cc:870: Main service Event stats:


Global stats: 24 total (4 active)
Queueing time: mean = 34.385 ms, max = 90.314 ms, min = 61.000 ns, total = 825.249 ms
Execution time:  mean = 7.531 ms, total = 180.744 ms
Event stats:
	GcsInMemoryStore.Put - 8 total (0 active), Execution time: mean = 11.292 ms, total = 90.337 ms, Queueing time: mean = 78.680 ms, max = 90.063 ms, min = 2.187 us, total = 629.441 ms
	GcsInMemoryStore.GetAll - 5 total (0 active), Execution time: mean = 6.152 us, total = 30.759 us, Queueing time: mean = 24.382 us, max = 24.959 us, min = 23.049 us, total = 121.910 us
	PeriodicalRunner.RunFnPeriodically - 4 total (2 active, 1 running), Execution time: mean = 2.406 us, total = 9.624 us, Queueing time: mean = 45.142 ms, max = 90.314 ms, min = 90.255 ms, total = 180.570 ms
	event_loop_lag_probe - 2 total (0 active), Execution time: mean = 7.938 us, total = 15.876 us, Queueing time: mean = 7.549 ms, max = 15.061 ms, min = 37.936 us, total = 15.099 ms
	RayletLoadPulled - 1 total (1 active), Execution time: mean = 0.000 s, total = 0.000 s, Queueing time: mean = 0.000 s, max = -0.000 s, min = 9223372036.855 s, total = 0.000 s
	GcsServer.GetOrGenerateClusterId.continuation - 1 total (0 active), Execution time: mean = 90.324 ms, total = 90.324 ms, Queueing time: mean = 61.000 ns, max = 61.000 ns, min = 61.000 ns, total = 61.000 ns
	GcsInMemoryStore.Get - 1 total (0 active), Execution time: mean = 15.171 us, total = 15.171 us, Queueing time: mean = 17.616 us, max = 17.616 us, min = 17.616 us, total = 17.616 us
	ClusterResourceManager.ResetRemoteNodeView - 1 total (1 active), Execution time: mean = 0.000 s, total = 0.000 s, Queueing time: mean = 0.000 s, max = -0.000 s, min = 9223372036.855 s, total = 0.000 s
	GcsInitData::AsyncLoad - 1 total (0 active), Execution time: mean = 10.870 us, total = 10.870 us, Queueing time: mean = 408.000 ns, max = 408.000 ns, min = 408.000 ns, total = 408.000 ns


[2025-04-26 14:54:03,880 I 3001318 3001318] (gcs_server) gcs_server.cc:874: task_io_context Event stats:


Global stats: 4 total (1 active)
Queueing time: mean = 577.220 us, max = 1.973 ms, min = 53.979 us, total = 2.309 ms
Execution time:  mean = 26.301 us, total = 105.203 us
Event stats:
	event_loop_lag_probe - 2 total (0 active), Execution time: mean = 37.025 us, total = 74.049 us, Queueing time: mean = 1.013 ms, max = 1.973 ms, min = 53.979 us, total = 2.027 ms
	GcsTaskManager.GcJobSummary - 1 total (1 active), Execution time: mean = 0.000 s, total = 0.000 s, Queueing time: mean = 0.000 s, max = -0.000 s, min = 9223372036.855 s, total = 0.000 s
	PeriodicalRunner.RunFnPeriodically - 1 total (0 active), Execution time: mean = 31.154 us, total = 31.154 us, Queueing time: mean = 281.966 us, max = 281.966 us, min = 281.966 us, total = 281.966 us


[2025-04-26 14:54:03,880 I 3001318 3001318] (gcs_server) gcs_server.cc:874: pubsub_io_context Event stats:


Global stats: 4 total (1 active)
Queueing time: mean = 102.374 us, max = 281.808 us, min = 21.206 us, total = 409.497 us
Execution time:  mean = 73.730 us, total = 294.919 us
Event stats:
	event_loop_lag_probe - 2 total (0 active), Execution time: mean = 143.714 us, total = 287.429 us, Queueing time: mean = 194.145 us, max = 281.808 us, min = 106.483 us, total = 388.291 us
	Publisher.CheckDeadSubscribers - 1 total (1 active), Execution time: mean = 0.000 s, total = 0.000 s, Queueing time: mean = 0.000 s, max = -0.000 s, min = 9223372036.855 s, total = 0.000 s
	PeriodicalRunner.RunFnPeriodically - 1 total (0 active), Execution time: mean = 7.490 us, total = 7.490 us, Queueing time: mean = 21.206 us, max = 21.206 us, min = 21.206 us, total = 21.206 us


[2025-04-26 14:54:03,880 I 3001318 3001318] (gcs_server) gcs_server.cc:874: ray_syncer_io_context Event stats:


Global stats: 4 total (0 active)
Queueing time: mean = 142.563 us, max = 496.322 us, min = 17.276 us, total = 570.251 us
Execution time:  mean = 37.761 us, total = 151.044 us
Event stats:
	event_loop_lag_probe - 2 total (0 active), Execution time: mean = 74.606 us, total = 149.211 us, Queueing time: mean = 261.430 us, max = 496.322 us, min = 26.538 us, total = 522.860 us
	RaySyncerRegister - 2 total (0 active), Execution time: mean = 916.500 ns, total = 1.833 us, Queueing time: mean = 23.695 us, max = 30.115 us, min = 17.276 us, total = 47.391 us


[2025-04-26 14:54:06,598 I 3001318 3001318] (gcs_server) gcs_node_manager.cc:88: Registering node info, address = 10.153.51.195, node name = 10.153.51.195 node_id=d77263e48706e6117785421f8d26ad876bdedb35cfab5dbca0ab3adf
[2025-04-26 14:54:06,598 I 3001318 3001318] (gcs_server) gcs_node_manager.cc:94: Finished registering node info, address = 10.153.51.195, node name = 10.153.51.195, is_head_node = 1 node_id=d77263e48706e6117785421f8d26ad876bdedb35cfab5dbca0ab3adf
[2025-04-26 14:54:06,599 I 3001318 3001318] (gcs_server) gcs_placement_group_manager.cc:830: A new node: d77263e48706e6117785421f8d26ad876bdedb35cfab5dbca0ab3adf registered, will try to reschedule all the infeasible placement groups.
[2025-04-26 14:54:06,605 I 3001318 3001389] (gcs_server) ray_syncer.cc:244: Get connection node_id=d77263e48706e6117785421f8d26ad876bdedb35cfab5dbca0ab3adf
[2025-04-26 14:54:07,551 I 3001318 3001318] (gcs_server) gcs_job_manager.cc:90: Adding job, job id = 01000000, driver pid = 3001135
[2025-04-26 14:54:07,551 I 3001318 3001318] (gcs_server) gcs_job_manager.cc:111: Finished adding job, job id = 01000000, driver pid = 3001135
[2025-04-26 14:54:07,571 I 3001318 3001318] (gcs_server) gcs_actor_manager.cc:396: Registering actor job_id=01000000 actor_id=0d4d238af55092db234363ac01000000
[2025-04-26 14:54:07,571 I 3001318 3001318] (gcs_server) gcs_actor_manager.cc:401: Registered actor, job id = 01000000, actor id = 0d4d238af55092db234363ac01000000
[2025-04-26 14:54:07,572 I 3001318 3001318] (gcs_server) gcs_actor_manager.cc:482: Creating actor job_id=01000000 actor_id=0d4d238af55092db234363ac01000000
[2025-04-26 14:54:07,572 I 3001318 3001318] (gcs_server) gcs_actor_scheduler.cc:313: Start leasing worker from node d77263e48706e6117785421f8d26ad876bdedb35cfab5dbca0ab3adf for actor 0d4d238af55092db234363ac01000000, job id = 01000000
[2025-04-26 14:54:08,552 I 3001318 3001318] (gcs_server) gcs_actor_scheduler.cc:634: Finished leasing worker from d77263e48706e6117785421f8d26ad876bdedb35cfab5dbca0ab3adf for actor 0d4d238af55092db234363ac01000000, job id = 01000000
[2025-04-26 14:54:08,553 I 3001318 3001318] (gcs_server) gcs_actor_scheduler.cc:449: Start creating actor 0d4d238af55092db234363ac01000000 on worker bc7d305d5002da5e9a5a24eb8e8c8cc64e65c764c0dcfc9e6b476b53 at node d77263e48706e6117785421f8d26ad876bdedb35cfab5dbca0ab3adf, job id = 01000000
[2025-04-26 14:54:17,143 I 3001318 3001318] (gcs_server) gcs_actor_scheduler.cc:486: Finished actor creation task for actor 0d4d238af55092db234363ac01000000 on worker bc7d305d5002da5e9a5a24eb8e8c8cc64e65c764c0dcfc9e6b476b53 at node d77263e48706e6117785421f8d26ad876bdedb35cfab5dbca0ab3adf, job id = 01000000
[2025-04-26 14:54:17,143 I 3001318 3001318] (gcs_server) gcs_actor_manager.cc:1543: Actor created successfully job_id=01000000 actor_id=0d4d238af55092db234363ac01000000
[2025-04-26 14:54:17,143 I 3001318 3001318] (gcs_server) gcs_actor_manager.cc:497: Finished creating actor. Status: OK job_id=01000000 actor_id=0d4d238af55092db234363ac01000000
[2025-04-26 14:54:25,540 I 3001318 3001318] (gcs_server) gcs_actor_manager.cc:1029: Destroying actor job_id=01000000 actor_id=0d4d238af55092db234363ac01000000
[2025-04-26 14:54:25,542 I 3001318 3001318] (gcs_server) gcs_job_manager.cc:149: Finished marking job state, job id = 01000000
[2025-04-26 14:54:25,542 I 3001318 3001318] (gcs_server) gcs_actor_manager.cc:1004: Worker 01000000ffffffffffffffffffffffffffffffffffffffffffffffff failed, destroying actor child, job id = 01000000
[2025-04-26 14:54:25,564 W 3001318 3001318] (gcs_server) gcs_worker_manager.cc:59: Reporting worker exit, worker id = bc7d305d5002da5e9a5a24eb8e8c8cc64e65c764c0dcfc9e6b476b53, node id = d77263e48706e6117785421f8d26ad876bdedb35cfab5dbca0ab3adf, address = 10.153.51.195, exit_type = SYSTEM_ERROR, exit_detail = Worker exits unexpectedly by a signal. SystemExit is raised (sys.exit is called). Exit code: 1. The process receives a SIGTERM.. Unintentional worker failures have been reported. If there are lots of this logs, that might indicate there are unexpected failures in the cluster.
[2025-04-26 14:54:25,564 W 3001318 3001318] (gcs_server) gcs_actor_manager.cc:1204: Worker bc7d305d5002da5e9a5a24eb8e8c8cc64e65c764c0dcfc9e6b476b53 on node d77263e48706e6117785421f8d26ad876bdedb35cfab5dbca0ab3adf exits, type=SYSTEM_ERROR, has creation_task_exception = 0 worker_id=bc7d305d5002da5e9a5a24eb8e8c8cc64e65c764c0dcfc9e6b476b53
[2025-04-26 14:54:25,566 I 3001318 3001318] (gcs_server) gcs_node_manager.cc:382: Removing node, node name = 10.153.51.195, death reason = EXPECTED_TERMINATION, death message = received SIGTERM node_id=d77263e48706e6117785421f8d26ad876bdedb35cfab5dbca0ab3adf
[2025-04-26 14:54:25,566 I 3001318 3001318] (gcs_server) gcs_placement_group_manager.cc:800: Node failed, rescheduling the placement groups on the dead node. node_id=d77263e48706e6117785421f8d26ad876bdedb35cfab5dbca0ab3adf
[2025-04-26 14:54:25,566 I 3001318 3001318] (gcs_server) gcs_actor_manager.cc:1282: Node failed, reconstructing actors. node_id=d77263e48706e6117785421f8d26ad876bdedb35cfab5dbca0ab3adf
[2025-04-26 14:54:25,566 I 3001318 3001318] (gcs_server) gcs_job_manager.cc:467: Node failed, mark all jobs from this node as finished node_id=d77263e48706e6117785421f8d26ad876bdedb35cfab5dbca0ab3adf
[2025-04-26 14:54:25,797 I 3001318 3001367] (gcs_server) ray_syncer_bidi_reactor_base.h:182: Failed to read the message from: d77263e48706e6117785421f8d26ad876bdedb35cfab5dbca0ab3adf
[2025-04-26 14:54:25,797 I 3001318 3001367] (gcs_server) ray_syncer.cc:241: Connection is broken. node_id=d77263e48706e6117785421f8d26ad876bdedb35cfab5dbca0ab3adf
[2025-04-26 14:54:25,830 I 3001318 3001318] (gcs_server) gcs_server_main.cc:175: GCS server received SIGTERM, shutting down...
[2025-04-26 14:54:25,831 I 3001318 3001318] (gcs_server) gcs_server.cc:267: Stopping GCS server.
[2025-04-26 14:54:25,856 I 3001318 3001318] (gcs_server) gcs_server.cc:284: GCS server stopped.
[2025-04-26 14:54:25,856 I 3001318 3001318] (gcs_server) io_service_pool.cc:47: IOServicePool is stopped.
[2025-04-26 14:54:25,904 I 3001318 3001318] (gcs_server) stats.h:120: Stats module has shutdown.
