[2025-04-26 14:54:05,569 I 3001529 3001529] (raylet) main.cc:226: Setting cluster ID to: d97141e86a47ebfbe0b721e480b5112cb09d4f4a77a2b69caf4fc976
[2025-04-26 14:54:05,577 I 3001529 3001529] (raylet) main.cc:341: Raylet is not set to kill unknown children.
[2025-04-26 14:54:05,577 I 3001529 3001529] (raylet) io_service_pool.cc:35: IOServicePool is running with 1 io_service.
[2025-04-26 14:54:05,578 I 3001529 3001529] (raylet) main.cc:471: Setting node ID node_id=d77263e48706e6117785421f8d26ad876bdedb35cfab5dbca0ab3adf
[2025-04-26 14:54:05,578 I 3001529 3001529] (raylet) store_runner.cc:33: Allowing the Plasma store to use up to 36.3489GB of memory.
[2025-04-26 14:54:05,578 I 3001529 3001529] (raylet) store_runner.cc:49: Starting object store with directory /dev/shm, fallback /home/stud/wxie/EasyR1/ray, and huge page support disabled
[2025-04-26 14:54:05,578 I 3001529 3001557] (raylet) dlmalloc.cc:154: create_and_mmap_buffer(36349018120, /dev/shm/plasmaXXXXXX)
[2025-04-26 14:54:05,581 I 3001529 3001557] (raylet) store.cc:564: Plasma store debug dump: 
Current usage: 0 / 36.3489 GB
- num bytes created total: 0
0 pending objects of total size 0MB
- objects spillable: 0
- bytes spillable: 0
- objects unsealed: 0
- bytes unsealed: 0
- objects in use: 0
- bytes in use: 0
- objects evictable: 0
- bytes evictable: 0

- objects created by worker: 0
- bytes created by worker: 0
- objects restored: 0
- bytes restored: 0
- objects received: 0
- bytes received: 0
- objects errored: 0
- bytes errored: 0

[2025-04-26 14:54:06,583 I 3001529 3001529] (raylet) grpc_server.cc:135: ObjectManager server started, listening on port 42159.
[2025-04-26 14:54:06,586 I 3001529 3001529] (raylet) worker_killing_policy.cc:101: Running GroupByOwner policy.
[2025-04-26 14:54:06,586 W 3001529 3001529] (raylet) memory_monitor.cc:198: Got negative used memory for cgroup -1, setting it to zero
[2025-04-26 14:54:06,586 I 3001529 3001529] (raylet) memory_monitor.cc:48: MemoryMonitor initialized with usage threshold at 128114286592 bytes (0.95 system memory), total system memory bytes: 134857150464
[2025-04-26 14:54:06,586 I 3001529 3001529] (raylet) node_manager.cc:295: Initializing NodeManager node_id=d77263e48706e6117785421f8d26ad876bdedb35cfab5dbca0ab3adf
[2025-04-26 14:54:06,586 I 3001529 3001529] (raylet) grpc_server.cc:135: NodeManager server started, listening on port 34369.
[2025-04-26 14:54:06,595 I 3001529 3001634] (raylet) agent_manager.cc:78: Monitor agent process with name dashboard_agent/424238335
[2025-04-26 14:54:06,595 I 3001529 3001636] (raylet) agent_manager.cc:78: Monitor agent process with name runtime_env_agent
[2025-04-26 14:54:06,597 I 3001529 3001529] (raylet) event.cc:500: Ray Event initialized for RAYLET
[2025-04-26 14:54:06,597 I 3001529 3001529] (raylet) event.cc:331: Set ray event level to warning
[2025-04-26 14:54:06,599 I 3001529 3001529] (raylet) raylet.cc:134: Raylet of id, d77263e48706e6117785421f8d26ad876bdedb35cfab5dbca0ab3adf started. Raylet consists of node_manager and object_manager. node_manager address: 10.153.51.195:34369 object_manager address: 10.153.51.195:42159 hostname: marajo
[2025-04-26 14:54:06,603 I 3001529 3001529] (raylet) node_manager.cc:532: [state-dump] NodeManager:
[state-dump] Node ID: d77263e48706e6117785421f8d26ad876bdedb35cfab5dbca0ab3adf
[state-dump] Node name: 10.153.51.195
[state-dump] InitialConfigResources: {GPU: 10000, memory: 748141414400000, CPU: 320000, accelerator_type:H100: 10000, node:10.153.51.195: 10000, node:__internal_head__: 10000, object_store_memory: 363489177600000}
[state-dump] ClusterTaskManager:
[state-dump] ========== Node: d77263e48706e6117785421f8d26ad876bdedb35cfab5dbca0ab3adf =================
[state-dump] Infeasible queue length: 0
[state-dump] Schedule queue length: 0
[state-dump] Dispatch queue length: 0
[state-dump] num_waiting_for_resource: 0
[state-dump] num_waiting_for_plasma_memory: 0
[state-dump] num_waiting_for_remote_node_resources: 0
[state-dump] num_worker_not_started_by_job_config_not_exist: 0
[state-dump] num_worker_not_started_by_registration_timeout: 0
[state-dump] num_tasks_waiting_for_workers: 0
[state-dump] num_cancelled_tasks: 0
[state-dump] cluster_resource_scheduler state: 
[state-dump] Local id: 6127083873892678545 Local resources: {"total":{object_store_memory: [363489177600000], GPU: [10000], accelerator_type:H100: [10000], CPU: [320000], node:__internal_head__: [10000], node:10.153.51.195: [10000], memory: [748141414400000]}}, "available": {object_store_memory: [363489177600000], GPU: [10000], accelerator_type:H100: [10000], CPU: [320000], node:__internal_head__: [10000], node:10.153.51.195: [10000], memory: [748141414400000]}}, "labels":{"ray.io/node_id":"d77263e48706e6117785421f8d26ad876bdedb35cfab5dbca0ab3adf",} is_draining: 0 is_idle: 1 Cluster resources: node id: 6127083873892678545{"total":{memory: 748141414400000, GPU: 10000, CPU: 320000, accelerator_type:H100: 10000, node:10.153.51.195: 10000, node:__internal_head__: 10000, object_store_memory: 363489177600000}}, "available": {memory: 748141414400000, GPU: 10000, CPU: 320000, accelerator_type:H100: 10000, node:10.153.51.195: 10000, node:__internal_head__: 10000, object_store_memory: 363489177600000}}, "labels":{"ray.io/node_id":"d77263e48706e6117785421f8d26ad876bdedb35cfab5dbca0ab3adf",}, "is_draining": 0, "draining_deadline_timestamp_ms": -1} { "placment group locations": [], "node to bundles": []}
[state-dump] Waiting tasks size: 0
[state-dump] Number of executing tasks: 0
[state-dump] Number of pinned task arguments: 0
[state-dump] Number of total spilled tasks: 0
[state-dump] Number of spilled waiting tasks: 0
[state-dump] Number of spilled unschedulable tasks: 0
[state-dump] Resource usage {
[state-dump] }
[state-dump] Backlog Size per scheduling descriptor :{workerId: num backlogs}:
[state-dump] 
[state-dump] Running tasks by scheduling class:
[state-dump] ==================================================
[state-dump] 
[state-dump] ClusterResources:
[state-dump] LocalObjectManager:
[state-dump] - num pinned objects: 0
[state-dump] - pinned objects size: 0
[state-dump] - num objects pending restore: 0
[state-dump] - num objects pending spill: 0
[state-dump] - num bytes pending spill: 0
[state-dump] - num bytes currently spilled: 0
[state-dump] - cumulative spill requests: 0
[state-dump] - cumulative restore requests: 0
[state-dump] - spilled objects pending delete: 0
[state-dump] 
[state-dump] ObjectManager:
[state-dump] - num local objects: 0
[state-dump] - num unfulfilled push requests: 0
[state-dump] - num object pull requests: 0
[state-dump] - num chunks received total: 0
[state-dump] - num chunks received failed (all): 0
[state-dump] - num chunks received failed / cancelled: 0
[state-dump] - num chunks received failed / plasma error: 0
[state-dump] Event stats:
[state-dump] Global stats: 0 total (0 active)
[state-dump] Queueing time: mean = -nan s, max = -0.000 s, min = 9223372036.855 s, total = 0.000 s
[state-dump] Execution time:  mean = -nan s, total = 0.000 s
[state-dump] Event stats:
[state-dump] PushManager:
[state-dump] - num pushes in flight: 0
[state-dump] - num chunks in flight: 0
[state-dump] - num chunks remaining: 0
[state-dump] - max chunks allowed: 409
[state-dump] OwnershipBasedObjectDirectory:
[state-dump] - num listeners: 0
[state-dump] - cumulative location updates: 0
[state-dump] - num location updates per second: 33559087966134000.000
[state-dump] - num location lookups per second: 33559087966128000.000
[state-dump] - num locations added per second: 0.000
[state-dump] - num locations removed per second: 0.000
[state-dump] BufferPool:
[state-dump] - create buffer state map size: 0
[state-dump] PullManager:
[state-dump] - num bytes available for pulled objects: 36348917760
[state-dump] - num bytes being pulled (all): 0
[state-dump] - num bytes being pulled / pinned: 0
[state-dump] - get request bundles: BundlePullRequestQueue{0 total, 0 active, 0 inactive, 0 unpullable}
[state-dump] - wait request bundles: BundlePullRequestQueue{0 total, 0 active, 0 inactive, 0 unpullable}
[state-dump] - task request bundles: BundlePullRequestQueue{0 total, 0 active, 0 inactive, 0 unpullable}
[state-dump] - first get request bundle: N/A
[state-dump] - first wait request bundle: N/A
[state-dump] - first task request bundle: N/A
[state-dump] - num objects queued: 0
[state-dump] - num objects actively pulled (all): 0
[state-dump] - num objects actively pulled / pinned: 0
[state-dump] - num bundles being pulled: 0
[state-dump] - num pull retries: 0
[state-dump] - max timeout seconds: 0
[state-dump] - max timeout request is already processed. No entry.
[state-dump] 
[state-dump] WorkerPool:
[state-dump] - registered jobs: 0
[state-dump] - process_failed_job_config_missing: 0
[state-dump] - process_failed_rate_limited: 0
[state-dump] - process_failed_pending_registration: 0
[state-dump] - process_failed_runtime_env_setup_failed: 0
[state-dump] - num JAVA workers: 0
[state-dump] - num JAVA drivers: 0
[state-dump] - num JAVA pending start requests: 0
[state-dump] - num JAVA pending registration requests: 0
[state-dump] - num object spill callbacks queued: 0
[state-dump] - num object restore queued: 0
[state-dump] - num util functions queued: 0
[state-dump] - num PYTHON workers: 0
[state-dump] - num PYTHON drivers: 0
[state-dump] - num PYTHON pending start requests: 0
[state-dump] - num PYTHON pending registration requests: 0
[state-dump] - num object spill callbacks queued: 0
[state-dump] - num object restore queued: 0
[state-dump] - num util functions queued: 0
[state-dump] - num idle workers: 0
[state-dump] TaskDependencyManager:
[state-dump] - task deps map size: 0
[state-dump] - get req map size: 0
[state-dump] - wait req map size: 0
[state-dump] - local objects map size: 0
[state-dump] WaitManager:
[state-dump] - num active wait requests: 0
[state-dump] Subscriber:
[state-dump] Channel WORKER_REF_REMOVED_CHANNEL
[state-dump] - cumulative subscribe requests: 0
[state-dump] - cumulative unsubscribe requests: 0
[state-dump] - active subscribed publishers: 0
[state-dump] - cumulative published messages: 0
[state-dump] - cumulative processed messages: 0
[state-dump] Channel WORKER_OBJECT_EVICTION
[state-dump] - cumulative subscribe requests: 0
[state-dump] - cumulative unsubscribe requests: 0
[state-dump] - active subscribed publishers: 0
[state-dump] - cumulative published messages: 0
[state-dump] - cumulative processed messages: 0
[state-dump] Channel WORKER_OBJECT_LOCATIONS_CHANNEL
[state-dump] - cumulative subscribe requests: 0
[state-dump] - cumulative unsubscribe requests: 0
[state-dump] - active subscribed publishers: 0
[state-dump] - cumulative published messages: 0
[state-dump] - cumulative processed messages: 0
[state-dump] num async plasma notifications: 0
[state-dump] Remote node managers: 
[state-dump] Event stats:
[state-dump] Global stats: 28 total (13 active)
[state-dump] Queueing time: mean = 1.832 ms, max = 12.086 ms, min = 18.438 us, total = 51.286 ms
[state-dump] Execution time:  mean = 36.746 ms, total = 1.029 s
[state-dump] Event stats:
[state-dump] 	PeriodicalRunner.RunFnPeriodically - 11 total (2 active, 1 running), Execution time: mean = 329.304 us, total = 3.622 ms, Queueing time: mean = 4.657 ms, max = 12.086 ms, min = 34.530 us, total = 51.225 ms
[state-dump] 	ObjectManager.UpdateAvailableMemory - 1 total (0 active), Execution time: mean = 3.576 us, total = 3.576 us, Queueing time: mean = 18.438 us, max = 18.438 us, min = 18.438 us, total = 18.438 us
[state-dump] 	NodeManager.GCTaskFailureReason - 1 total (1 active), Execution time: mean = 0.000 s, total = 0.000 s, Queueing time: mean = 0.000 s, max = -0.000 s, min = 9223372036.855 s, total = 0.000 s
[state-dump] 	MemoryMonitor.CheckIsMemoryUsageAboveThreshold - 1 total (1 active), Execution time: mean = 0.000 s, total = 0.000 s, Queueing time: mean = 0.000 s, max = -0.000 s, min = 9223372036.855 s, total = 0.000 s
[state-dump] 	ray::rpc::InternalPubSubGcsService.grpc_client.GcsSubscriberCommandBatch.OnReplyReceived - 1 total (1 active), Execution time: mean = 0.000 s, total = 0.000 s, Queueing time: mean = 0.000 s, max = -0.000 s, min = 9223372036.855 s, total = 0.000 s
[state-dump] 	ray::rpc::InternalKVGcsService.grpc_client.GetInternalConfig.OnReplyReceived - 1 total (0 active), Execution time: mean = 1.021 s, total = 1.021 s, Queueing time: mean = 21.322 us, max = 21.322 us, min = 21.322 us, total = 21.322 us
[state-dump] 	ray::rpc::InternalKVGcsService.grpc_client.GetInternalConfig - 1 total (0 active), Execution time: mean = 1.316 ms, total = 1.316 ms, Queueing time: mean = 0.000 s, max = -0.000 s, min = 9223372036.855 s, total = 0.000 s
[state-dump] 	NodeManager.deadline_timer.flush_free_objects - 1 total (1 active), Execution time: mean = 0.000 s, total = 0.000 s, Queueing time: mean = 0.000 s, max = -0.000 s, min = 9223372036.855 s, total = 0.000 s
[state-dump] 	ray::rpc::InternalPubSubGcsService.grpc_client.GcsSubscriberPoll - 1 total (1 active), Execution time: mean = 0.000 s, total = 0.000 s, Queueing time: mean = 0.000 s, max = -0.000 s, min = 9223372036.855 s, total = 0.000 s
[state-dump] 	ray::rpc::InternalPubSubGcsService.grpc_client.GcsSubscriberCommandBatch - 1 total (0 active), Execution time: mean = 1.041 ms, total = 1.041 ms, Queueing time: mean = 0.000 s, max = -0.000 s, min = 9223372036.855 s, total = 0.000 s
[state-dump] 	ray::rpc::NodeInfoGcsService.grpc_client.RegisterNode - 1 total (0 active), Execution time: mean = 1.797 ms, total = 1.797 ms, Queueing time: mean = 0.000 s, max = -0.000 s, min = 9223372036.855 s, total = 0.000 s
[state-dump] 	RayletWorkerPool.deadline_timer.kill_idle_workers - 1 total (1 active), Execution time: mean = 0.000 s, total = 0.000 s, Queueing time: mean = 0.000 s, max = -0.000 s, min = 9223372036.855 s, total = 0.000 s
[state-dump] 	ray::rpc::NodeInfoGcsService.grpc_client.RegisterNode.OnReplyReceived - 1 total (0 active), Execution time: mean = 277.493 us, total = 277.493 us, Queueing time: mean = 20.606 us, max = 20.606 us, min = 20.606 us, total = 20.606 us
[state-dump] 	ClusterResourceManager.ResetRemoteNodeView - 1 total (1 active), Execution time: mean = 0.000 s, total = 0.000 s, Queueing time: mean = 0.000 s, max = -0.000 s, min = 9223372036.855 s, total = 0.000 s
[state-dump] 	NodeManager.deadline_timer.record_metrics - 1 total (1 active), Execution time: mean = 0.000 s, total = 0.000 s, Queueing time: mean = 0.000 s, max = -0.000 s, min = 9223372036.855 s, total = 0.000 s
[state-dump] 	NodeManager.deadline_timer.spill_objects_when_over_threshold - 1 total (1 active), Execution time: mean = 0.000 s, total = 0.000 s, Queueing time: mean = 0.000 s, max = -0.000 s, min = 9223372036.855 s, total = 0.000 s
[state-dump] 	NodeManager.deadline_timer.debug_state_dump - 1 total (1 active), Execution time: mean = 0.000 s, total = 0.000 s, Queueing time: mean = 0.000 s, max = -0.000 s, min = 9223372036.855 s, total = 0.000 s
[state-dump] 	NodeManager.ScheduleAndDispatchTasks - 1 total (1 active), Execution time: mean = 0.000 s, total = 0.000 s, Queueing time: mean = 0.000 s, max = -0.000 s, min = 9223372036.855 s, total = 0.000 s
[state-dump] DebugString() time ms: 0
[state-dump] 
[state-dump] 
[2025-04-26 14:54:06,605 I 3001529 3001529] (raylet) accessor.cc:777: Received notification for node, IsAlive = 1 node_id=d77263e48706e6117785421f8d26ad876bdedb35cfab5dbca0ab3adf
[2025-04-26 14:54:06,642 I 3001529 3001529] (raylet) worker_pool.cc:729: [Eagerly] Start install runtime environment for job 01000000.
[2025-04-26 14:54:06,646 I 3001529 3001529] (raylet) worker_pool.cc:522: Started worker process with pid 3001658, the token is 0
[2025-04-26 14:54:06,649 I 3001529 3001529] (raylet) worker_pool.cc:522: Started worker process with pid 3001659, the token is 1
[2025-04-26 14:54:06,652 I 3001529 3001529] (raylet) worker_pool.cc:522: Started worker process with pid 3001660, the token is 2
[2025-04-26 14:54:06,654 I 3001529 3001529] (raylet) worker_pool.cc:522: Started worker process with pid 3001661, the token is 3
[2025-04-26 14:54:06,656 I 3001529 3001529] (raylet) worker_pool.cc:522: Started worker process with pid 3001662, the token is 4
[2025-04-26 14:54:06,659 I 3001529 3001529] (raylet) worker_pool.cc:522: Started worker process with pid 3001663, the token is 5
[2025-04-26 14:54:06,662 I 3001529 3001529] (raylet) worker_pool.cc:522: Started worker process with pid 3001664, the token is 6
[2025-04-26 14:54:06,664 I 3001529 3001529] (raylet) worker_pool.cc:522: Started worker process with pid 3001665, the token is 7
[2025-04-26 14:54:06,666 I 3001529 3001529] (raylet) worker_pool.cc:522: Started worker process with pid 3001666, the token is 8
[2025-04-26 14:54:06,669 I 3001529 3001529] (raylet) worker_pool.cc:522: Started worker process with pid 3001667, the token is 9
[2025-04-26 14:54:06,671 I 3001529 3001529] (raylet) worker_pool.cc:522: Started worker process with pid 3001668, the token is 10
[2025-04-26 14:54:06,674 I 3001529 3001529] (raylet) worker_pool.cc:522: Started worker process with pid 3001669, the token is 11
[2025-04-26 14:54:06,677 I 3001529 3001529] (raylet) worker_pool.cc:522: Started worker process with pid 3001670, the token is 12
[2025-04-26 14:54:06,679 I 3001529 3001529] (raylet) worker_pool.cc:522: Started worker process with pid 3001671, the token is 13
[2025-04-26 14:54:06,682 I 3001529 3001529] (raylet) worker_pool.cc:522: Started worker process with pid 3001672, the token is 14
[2025-04-26 14:54:06,684 I 3001529 3001529] (raylet) worker_pool.cc:522: Started worker process with pid 3001673, the token is 15
[2025-04-26 14:54:06,687 I 3001529 3001529] (raylet) worker_pool.cc:522: Started worker process with pid 3001674, the token is 16
[2025-04-26 14:54:06,689 I 3001529 3001529] (raylet) worker_pool.cc:522: Started worker process with pid 3001675, the token is 17
[2025-04-26 14:54:06,691 I 3001529 3001529] (raylet) worker_pool.cc:522: Started worker process with pid 3001676, the token is 18
[2025-04-26 14:54:06,705 I 3001529 3001529] (raylet) worker_pool.cc:522: Started worker process with pid 3001677, the token is 19
[2025-04-26 14:54:06,708 I 3001529 3001529] (raylet) worker_pool.cc:522: Started worker process with pid 3001678, the token is 20
[2025-04-26 14:54:06,710 I 3001529 3001529] (raylet) worker_pool.cc:522: Started worker process with pid 3001679, the token is 21
[2025-04-26 14:54:06,713 I 3001529 3001529] (raylet) worker_pool.cc:522: Started worker process with pid 3001680, the token is 22
[2025-04-26 14:54:06,715 I 3001529 3001529] (raylet) worker_pool.cc:522: Started worker process with pid 3001681, the token is 23
[2025-04-26 14:54:06,718 I 3001529 3001529] (raylet) worker_pool.cc:522: Started worker process with pid 3001682, the token is 24
[2025-04-26 14:54:06,721 I 3001529 3001529] (raylet) worker_pool.cc:522: Started worker process with pid 3001683, the token is 25
[2025-04-26 14:54:06,724 I 3001529 3001529] (raylet) worker_pool.cc:522: Started worker process with pid 3001684, the token is 26
[2025-04-26 14:54:06,727 I 3001529 3001529] (raylet) worker_pool.cc:522: Started worker process with pid 3001685, the token is 27
[2025-04-26 14:54:06,730 I 3001529 3001529] (raylet) worker_pool.cc:522: Started worker process with pid 3001686, the token is 28
[2025-04-26 14:54:06,733 I 3001529 3001529] (raylet) worker_pool.cc:522: Started worker process with pid 3001687, the token is 29
[2025-04-26 14:54:06,737 I 3001529 3001529] (raylet) worker_pool.cc:522: Started worker process with pid 3001688, the token is 30
[2025-04-26 14:54:06,739 I 3001529 3001529] (raylet) worker_pool.cc:522: Started worker process with pid 3001689, the token is 31
[2025-04-26 14:54:06,740 I 3001529 3001529] (raylet) runtime_env_agent_client.cc:340: Runtime Env Agent network error: NotFound: on_connect Connection refused, the server may be still starting or is already failed. Scheduling a retry in 1000ms...
[2025-04-26 14:54:07,341 I 3001529 3001557] (raylet) object_store.cc:35: Object store current usage 8e-09 / 36.3489 GB.
[2025-04-26 14:54:07,551 I 3001529 3001529] (raylet) worker_pool.cc:719: Job 01000000 already started in worker pool.
[2025-04-26 14:54:07,575 I 3001529 3001529] (raylet) runtime_env_agent_client.cc:383: Create runtime env for job 01000000
[2025-04-26 14:54:07,578 I 3001529 3001529] (raylet) worker_pool.cc:522: Started worker process with pid 3003513, the token is 32
[2025-04-26 14:54:07,742 I 3001529 3001529] (raylet) runtime_env_agent_client.cc:383: Create runtime env for job 01000000
[2025-04-26 14:54:07,742 I 3001529 3001529] (raylet) worker_pool.cc:740: [Eagerly] Create runtime env successful for job 01000000.
[2025-04-26 14:54:08,610 I 3001529 3001529] (raylet) node_manager.cc:1549: NodeManager::DisconnectClient, disconnect_type=1, has creation task exception = false
[2025-04-26 14:54:11,603 W 3001529 3001529] (raylet) memory_monitor.cc:198: Got negative used memory for cgroup -1, setting it to zero
[2025-04-26 14:54:16,610 W 3001529 3001529] (raylet) memory_monitor.cc:198: Got negative used memory for cgroup -1, setting it to zero
[2025-04-26 14:54:21,616 W 3001529 3001529] (raylet) memory_monitor.cc:198: Got negative used memory for cgroup -1, setting it to zero
[2025-04-26 14:54:25,539 I 3001529 3001529] (raylet) node_manager.cc:1549: NodeManager::DisconnectClient, disconnect_type=3, has creation task exception = false
[2025-04-26 14:54:25,539 I 3001529 3001529] (raylet) node_manager.cc:1654: Driver (pid=3001135) is disconnected. worker_id=01000000ffffffffffffffffffffffffffffffffffffffffffffffff job_id=01000000
[2025-04-26 14:54:25,543 I 3001529 3001529] (raylet) node_manager.cc:1082: The leased worker bc7d305d5002da5e9a5a24eb8e8c8cc64e65c764c0dcfc9e6b476b53 is killed because the owner process 01000000ffffffffffffffffffffffffffffffffffffffffffffffff died.
[2025-04-26 14:54:25,543 I 3001529 3001529] (raylet) worker_pool.cc:719: Job 01000000 already started in worker pool.
[2025-04-26 14:54:25,543 I 3001529 3001529] (raylet) node_manager.cc:640: The leased worker  is killed because the job 01000000 finished. worker_id=bc7d305d5002da5e9a5a24eb8e8c8cc64e65c764c0dcfc9e6b476b53
[2025-04-26 14:54:25,563 I 3001529 3001529] (raylet) node_manager.cc:1549: NodeManager::DisconnectClient, disconnect_type=0, has creation task exception = false
[2025-04-26 14:54:25,565 I 3001529 3001529] (raylet) main.cc:506: received SIGTERM. Existing local drain request = None
[2025-04-26 14:54:25,565 I 3001529 3001529] (raylet) main.cc:307: Raylet graceful shutdown triggered, reason = EXPECTED_TERMINATION, reason message = received SIGTERM
[2025-04-26 14:54:25,565 I 3001529 3001529] (raylet) main.cc:310: Shutting down...
[2025-04-26 14:54:25,565 I 3001529 3001529] (raylet) accessor.cc:511: Unregistering node node_id=d77263e48706e6117785421f8d26ad876bdedb35cfab5dbca0ab3adf
[2025-04-26 14:54:25,567 I 3001529 3001529] (raylet) accessor.cc:524: Finished unregistering node info, status = OK node_id=d77263e48706e6117785421f8d26ad876bdedb35cfab5dbca0ab3adf
[2025-04-26 14:54:25,571 I 3001529 3001529] (raylet) agent_manager.cc:113: Killing agent dashboard_agent/424238335, pid 3001633.
[2025-04-26 14:54:25,586 I 3001529 3001634] (raylet) agent_manager.cc:80: Agent process with name dashboard_agent/424238335 exited, exit code 0.
[2025-04-26 14:54:25,587 I 3001529 3001529] (raylet) agent_manager.cc:113: Killing agent runtime_env_agent, pid 3001635.
[2025-04-26 14:54:25,597 I 3001529 3001636] (raylet) agent_manager.cc:80: Agent process with name runtime_env_agent exited, exit code 0.
[2025-04-26 14:54:25,597 I 3001529 3001529] (raylet) io_service_pool.cc:47: IOServicePool is stopped.
[2025-04-26 14:54:25,702 I 3001529 3001529] (raylet) stats.h:120: Stats module has shutdown.
