[2025-04-26 13:19:37,891 I 2945712 2945712] (gcs_server) gcs_server_main.cc:95: Ray cluster metadata ray_version=2.43.0 ray_commit=ecdcdc6a6e63dc4bcd6ea16aae256ce4d32a7e2c
[2025-04-26 13:19:37,891 I 2945712 2945712] (gcs_server) io_service_pool.cc:35: IOServicePool is running with 1 io_service.
[2025-04-26 13:19:37,900 I 2945712 2945712] (gcs_server) event.cc:500: Ray Event initialized for GCS
[2025-04-26 13:19:37,903 I 2945712 2945712] (gcs_server) event.cc:500: Ray Event initialized for EXPORT_NODE
[2025-04-26 13:19:37,904 I 2945712 2945712] (gcs_server) event.cc:500: Ray Event initialized for EXPORT_ACTOR
[2025-04-26 13:19:37,904 I 2945712 2945712] (gcs_server) event.cc:500: Ray Event initialized for EXPORT_DRIVER_JOB
[2025-04-26 13:19:37,905 I 2945712 2945712] (gcs_server) event.cc:331: Set ray event level to warning
[2025-04-26 13:19:37,905 I 2945712 2945712] (gcs_server) gcs_server.cc:73: GCS storage type is StorageType::IN_MEMORY
[2025-04-26 13:19:37,906 I 2945712 2945712] (gcs_server) gcs_init_data.cc:42: Loading job table data.
[2025-04-26 13:19:37,906 I 2945712 2945712] (gcs_server) gcs_init_data.cc:52: Loading node table data.
[2025-04-26 13:19:37,906 I 2945712 2945712] (gcs_server) gcs_init_data.cc:74: Loading actor table data.
[2025-04-26 13:19:37,906 I 2945712 2945712] (gcs_server) gcs_init_data.cc:85: Loading actor task spec table data.
[2025-04-26 13:19:37,906 I 2945712 2945712] (gcs_server) gcs_init_data.cc:62: Loading placement group table data.
[2025-04-26 13:19:37,906 I 2945712 2945712] (gcs_server) gcs_init_data.cc:46: Finished loading job table data, size = 0
[2025-04-26 13:19:37,906 I 2945712 2945712] (gcs_server) gcs_init_data.cc:56: Finished loading node table data, size = 0
[2025-04-26 13:19:37,906 I 2945712 2945712] (gcs_server) gcs_init_data.cc:79: Finished loading actor table data, size = 0
[2025-04-26 13:19:37,906 I 2945712 2945712] (gcs_server) gcs_init_data.cc:90: Finished loading actor task spec table data, size = 0
[2025-04-26 13:19:37,906 I 2945712 2945712] (gcs_server) gcs_init_data.cc:68: Finished loading placement group table data, size = 0
[2025-04-26 13:19:37,906 I 2945712 2945712] (gcs_server) gcs_server.cc:157: No existing server cluster ID found. Generating new ID: 634ba8f4d00195162ed4aa46e94f0b1eea0734769c9bf9cb6a5dde63
[2025-04-26 13:19:37,906 I 2945712 2945712] (gcs_server) gcs_server.cc:672: Autoscaler V2 enabled: 0
[2025-04-26 13:19:37,907 I 2945712 2945712] (gcs_server) grpc_server.cc:135: GcsServer server started, listening on port 49922.
[2025-04-26 13:19:37,995 I 2945712 2945712] (gcs_server) gcs_server.cc:245: Gcs Debug state:

GcsNodeManager: 
- RegisterNode request count: 0
- DrainNode request count: 0
- GetAllNodeInfo request count: 0

GcsActorManager: 
- RegisterActor request count: 0
- CreateActor request count: 0
- GetActorInfo request count: 0
- GetNamedActorInfo request count: 0
- GetAllActorInfo request count: 0
- KillActor request count: 0
- ListNamedActors request count: 0
- Registered actors count: 0
- Destroyed actors count: 0
- Named actors count: 0
- Unresolved actors count: 0
- Pending actors count: 0
- Created actors count: 0
- owners_: 0
- actor_to_register_callbacks_: 0
- actor_to_restart_callbacks_: 0
- actor_to_create_callbacks_: 0
- sorted_destroyed_actor_list_: 0

GcsResourceManager: 
- GetAllAvailableResources request count: 0
- GetAllTotalResources request count: 0
- GetAllResourceUsage request count: 0

GcsPlacementGroupManager: 
- CreatePlacementGroup request count: 0
- RemovePlacementGroup request count: 0
- GetPlacementGroup request count: 0
- GetAllPlacementGroup request count: 0
- WaitPlacementGroupUntilReady request count: 0
- GetNamedPlacementGroup request count: 0
- Scheduling pending placement group count: 0
- Registered placement groups count: 0
- Named placement group count: 0
- Pending placement groups count: 0
- Infeasible placement groups count: 0

Publisher:

[runtime env manager] ID to URIs table:
[runtime env manager] URIs reference table:

GcsTaskManager: 
-Total num task events reported: 0
-Total num status task events dropped: 0
-Total num profile events dropped: 0
-Current num of task events stored: 0
-Total num of actor creation tasks: 0
-Total num of actor tasks: 0
-Total num of normal tasks: 0
-Total num of driver tasks: 0

GcsAutoscalerStateManager: 
- last_seen_autoscaler_state_version_: 0
- last_cluster_resource_state_version_: 0
- pending demands:



[2025-04-26 13:19:37,996 I 2945712 2945712] (gcs_server) gcs_server.cc:870: Main service Event stats:


Global stats: 24 total (4 active)
Queueing time: mean = 34.126 ms, max = 89.639 ms, min = 51.000 ns, total = 819.034 ms
Execution time:  mean = 7.474 ms, total = 179.386 ms
Event stats:
	GcsInMemoryStore.Put - 8 total (0 active), Execution time: mean = 11.207 ms, total = 89.658 ms, Queueing time: mean = 78.124 ms, max = 89.420 ms, min = 1.920 us, total = 624.992 ms
	GcsInMemoryStore.GetAll - 5 total (0 active), Execution time: mean = 6.814 us, total = 34.069 us, Queueing time: mean = 23.329 us, max = 24.321 us, min = 22.128 us, total = 116.643 us
	PeriodicalRunner.RunFnPeriodically - 4 total (2 active, 1 running), Execution time: mean = 2.154 us, total = 8.617 us, Queueing time: mean = 44.806 ms, max = 89.639 ms, min = 89.584 ms, total = 179.223 ms
	event_loop_lag_probe - 2 total (0 active), Execution time: mean = 6.487 us, total = 12.973 us, Queueing time: mean = 7.344 ms, max = 14.647 ms, min = 40.544 us, total = 14.688 ms
	GcsInitData::AsyncLoad - 1 total (0 active), Execution time: mean = 12.996 us, total = 12.996 us, Queueing time: mean = 340.000 ns, max = 340.000 ns, min = 340.000 ns, total = 340.000 ns
	ClusterResourceManager.ResetRemoteNodeView - 1 total (1 active), Execution time: mean = 0.000 s, total = 0.000 s, Queueing time: mean = 0.000 s, max = -0.000 s, min = 9223372036.855 s, total = 0.000 s
	RayletLoadPulled - 1 total (1 active), Execution time: mean = 0.000 s, total = 0.000 s, Queueing time: mean = 0.000 s, max = -0.000 s, min = 9223372036.855 s, total = 0.000 s
	GcsInMemoryStore.Get - 1 total (0 active), Execution time: mean = 13.019 us, total = 13.019 us, Queueing time: mean = 14.880 us, max = 14.880 us, min = 14.880 us, total = 14.880 us
	GcsServer.GetOrGenerateClusterId.continuation - 1 total (0 active), Execution time: mean = 89.646 ms, total = 89.646 ms, Queueing time: mean = 51.000 ns, max = 51.000 ns, min = 51.000 ns, total = 51.000 ns


[2025-04-26 13:19:37,996 I 2945712 2945712] (gcs_server) gcs_server.cc:874: task_io_context Event stats:


Global stats: 4 total (1 active)
Queueing time: mean = 97.885 us, max = 265.574 us, min = 27.385 us, total = 391.541 us
Execution time:  mean = 43.941 us, total = 175.762 us
Event stats:
	event_loop_lag_probe - 2 total (0 active), Execution time: mean = 82.829 us, total = 165.659 us, Queueing time: mean = 146.480 us, max = 265.574 us, min = 27.385 us, total = 292.959 us
	GcsTaskManager.GcJobSummary - 1 total (1 active), Execution time: mean = 0.000 s, total = 0.000 s, Queueing time: mean = 0.000 s, max = -0.000 s, min = 9223372036.855 s, total = 0.000 s
	PeriodicalRunner.RunFnPeriodically - 1 total (0 active), Execution time: mean = 10.103 us, total = 10.103 us, Queueing time: mean = 98.582 us, max = 98.582 us, min = 98.582 us, total = 98.582 us


[2025-04-26 13:19:37,996 I 2945712 2945712] (gcs_server) gcs_server.cc:874: pubsub_io_context Event stats:


Global stats: 4 total (1 active)
Queueing time: mean = 183.587 us, max = 606.341 us, min = 41.816 us, total = 734.347 us
Execution time:  mean = 78.580 us, total = 314.321 us
Event stats:
	event_loop_lag_probe - 2 total (0 active), Execution time: mean = 150.716 us, total = 301.433 us, Queueing time: mean = 324.079 us, max = 606.341 us, min = 41.816 us, total = 648.157 us
	Publisher.CheckDeadSubscribers - 1 total (1 active), Execution time: mean = 0.000 s, total = 0.000 s, Queueing time: mean = 0.000 s, max = -0.000 s, min = 9223372036.855 s, total = 0.000 s
	PeriodicalRunner.RunFnPeriodically - 1 total (0 active), Execution time: mean = 12.888 us, total = 12.888 us, Queueing time: mean = 86.190 us, max = 86.190 us, min = 86.190 us, total = 86.190 us


[2025-04-26 13:19:37,996 I 2945712 2945712] (gcs_server) gcs_server.cc:874: ray_syncer_io_context Event stats:


Global stats: 4 total (0 active)
Queueing time: mean = 127.744 us, max = 334.062 us, min = 23.563 us, total = 510.976 us
Execution time:  mean = 43.550 us, total = 174.200 us
Event stats:
	event_loop_lag_probe - 2 total (0 active), Execution time: mean = 86.275 us, total = 172.550 us, Queueing time: mean = 178.812 us, max = 334.062 us, min = 23.563 us, total = 357.625 us
	RaySyncerRegister - 2 total (0 active), Execution time: mean = 825.000 ns, total = 1.650 us, Queueing time: mean = 76.675 us, max = 77.469 us, min = 75.882 us, total = 153.351 us


[2025-04-26 13:19:40,890 I 2945712 2945712] (gcs_server) gcs_node_manager.cc:88: Registering node info, address = 10.153.51.195, node name = 10.153.51.195 node_id=6a5edf5dd3fa294e5d2fdb1d673e2c8f1ca2b9de9375037ceb9f30ba
[2025-04-26 13:19:40,891 I 2945712 2945712] (gcs_server) gcs_node_manager.cc:94: Finished registering node info, address = 10.153.51.195, node name = 10.153.51.195, is_head_node = 1 node_id=6a5edf5dd3fa294e5d2fdb1d673e2c8f1ca2b9de9375037ceb9f30ba
[2025-04-26 13:19:40,891 I 2945712 2945712] (gcs_server) gcs_placement_group_manager.cc:830: A new node: 6a5edf5dd3fa294e5d2fdb1d673e2c8f1ca2b9de9375037ceb9f30ba registered, will try to reschedule all the infeasible placement groups.
[2025-04-26 13:19:40,899 I 2945712 2945773] (gcs_server) ray_syncer.cc:244: Get connection node_id=6a5edf5dd3fa294e5d2fdb1d673e2c8f1ca2b9de9375037ceb9f30ba
[2025-04-26 13:19:42,068 I 2945712 2945712] (gcs_server) gcs_job_manager.cc:90: Adding job, job id = 01000000, driver pid = 2945520
[2025-04-26 13:19:42,068 I 2945712 2945712] (gcs_server) gcs_job_manager.cc:111: Finished adding job, job id = 01000000, driver pid = 2945520
[2025-04-26 13:19:42,104 I 2945712 2945712] (gcs_server) gcs_actor_manager.cc:396: Registering actor job_id=01000000 actor_id=6cf60d924d52098f701d048d01000000
[2025-04-26 13:19:42,104 I 2945712 2945712] (gcs_server) gcs_actor_manager.cc:401: Registered actor, job id = 01000000, actor id = 6cf60d924d52098f701d048d01000000
[2025-04-26 13:19:42,105 I 2945712 2945712] (gcs_server) gcs_actor_manager.cc:482: Creating actor job_id=01000000 actor_id=6cf60d924d52098f701d048d01000000
[2025-04-26 13:19:42,105 I 2945712 2945712] (gcs_server) gcs_actor_scheduler.cc:313: Start leasing worker from node 6a5edf5dd3fa294e5d2fdb1d673e2c8f1ca2b9de9375037ceb9f30ba for actor 6cf60d924d52098f701d048d01000000, job id = 01000000
[2025-04-26 13:19:43,245 I 2945712 2945712] (gcs_server) gcs_actor_scheduler.cc:634: Finished leasing worker from 6a5edf5dd3fa294e5d2fdb1d673e2c8f1ca2b9de9375037ceb9f30ba for actor 6cf60d924d52098f701d048d01000000, job id = 01000000
[2025-04-26 13:19:43,246 I 2945712 2945712] (gcs_server) gcs_actor_scheduler.cc:449: Start creating actor 6cf60d924d52098f701d048d01000000 on worker 92e1095ab968283a38652cf08c08473e18d60fd93d64cc576d812549 at node 6a5edf5dd3fa294e5d2fdb1d673e2c8f1ca2b9de9375037ceb9f30ba, job id = 01000000
[2025-04-26 13:19:52,740 I 2945712 2945712] (gcs_server) gcs_actor_scheduler.cc:486: Finished actor creation task for actor 6cf60d924d52098f701d048d01000000 on worker 92e1095ab968283a38652cf08c08473e18d60fd93d64cc576d812549 at node 6a5edf5dd3fa294e5d2fdb1d673e2c8f1ca2b9de9375037ceb9f30ba, job id = 01000000
[2025-04-26 13:19:52,740 I 2945712 2945712] (gcs_server) gcs_actor_manager.cc:1543: Actor created successfully job_id=01000000 actor_id=6cf60d924d52098f701d048d01000000
[2025-04-26 13:19:52,741 I 2945712 2945712] (gcs_server) gcs_actor_manager.cc:497: Finished creating actor. Status: OK job_id=01000000 actor_id=6cf60d924d52098f701d048d01000000
[2025-04-26 13:20:19,713 I 2945712 2945712] (gcs_server) gcs_actor_manager.cc:1029: Destroying actor job_id=01000000 actor_id=6cf60d924d52098f701d048d01000000
[2025-04-26 13:20:19,714 I 2945712 2945712] (gcs_server) gcs_job_manager.cc:149: Finished marking job state, job id = 01000000
[2025-04-26 13:20:19,715 I 2945712 2945712] (gcs_server) gcs_actor_manager.cc:1004: Worker 01000000ffffffffffffffffffffffffffffffffffffffffffffffff failed, destroying actor child, job id = 01000000
[2025-04-26 13:20:19,788 I 2945712 2945712] (gcs_server) gcs_node_manager.cc:382: Removing node, node name = 10.153.51.195, death reason = EXPECTED_TERMINATION, death message = received SIGTERM node_id=6a5edf5dd3fa294e5d2fdb1d673e2c8f1ca2b9de9375037ceb9f30ba
[2025-04-26 13:20:19,788 I 2945712 2945712] (gcs_server) gcs_placement_group_manager.cc:800: Node failed, rescheduling the placement groups on the dead node. node_id=6a5edf5dd3fa294e5d2fdb1d673e2c8f1ca2b9de9375037ceb9f30ba
[2025-04-26 13:20:19,788 I 2945712 2945712] (gcs_server) gcs_actor_manager.cc:1282: Node failed, reconstructing actors. node_id=6a5edf5dd3fa294e5d2fdb1d673e2c8f1ca2b9de9375037ceb9f30ba
[2025-04-26 13:20:19,788 I 2945712 2945712] (gcs_server) gcs_job_manager.cc:467: Node failed, mark all jobs from this node as finished node_id=6a5edf5dd3fa294e5d2fdb1d673e2c8f1ca2b9de9375037ceb9f30ba
[2025-04-26 13:20:19,974 I 2945712 2945761] (gcs_server) ray_syncer_bidi_reactor_base.h:182: Failed to read the message from: 6a5edf5dd3fa294e5d2fdb1d673e2c8f1ca2b9de9375037ceb9f30ba
[2025-04-26 13:20:19,974 I 2945712 2945761] (gcs_server) ray_syncer.cc:241: Connection is broken. node_id=6a5edf5dd3fa294e5d2fdb1d673e2c8f1ca2b9de9375037ceb9f30ba
[2025-04-26 13:20:20,010 I 2945712 2945712] (gcs_server) gcs_server_main.cc:175: GCS server received SIGTERM, shutting down...
[2025-04-26 13:20:20,011 I 2945712 2945712] (gcs_server) gcs_server.cc:267: Stopping GCS server.
[2025-04-26 13:20:20,038 I 2945712 2945712] (gcs_server) gcs_server.cc:284: GCS server stopped.
[2025-04-26 13:20:20,038 I 2945712 2945712] (gcs_server) io_service_pool.cc:47: IOServicePool is stopped.
[2025-04-26 13:20:20,142 I 2945712 2945712] (gcs_server) stats.h:120: Stats module has shutdown.
