[2025-04-26 13:19:39,861 I 2945925 2945925] (raylet) main.cc:226: Setting cluster ID to: 634ba8f4d00195162ed4aa46e94f0b1eea0734769c9bf9cb6a5dde63
[2025-04-26 13:19:39,869 I 2945925 2945925] (raylet) main.cc:341: Raylet is not set to kill unknown children.
[2025-04-26 13:19:39,869 I 2945925 2945925] (raylet) io_service_pool.cc:35: IOServicePool is running with 1 io_service.
[2025-04-26 13:19:39,870 I 2945925 2945925] (raylet) main.cc:471: Setting node ID node_id=6a5edf5dd3fa294e5d2fdb1d673e2c8f1ca2b9de9375037ceb9f30ba
[2025-04-26 13:19:39,870 I 2945925 2945925] (raylet) store_runner.cc:33: Allowing the Plasma store to use up to 36.4412GB of memory.
[2025-04-26 13:19:39,870 I 2945925 2945925] (raylet) store_runner.cc:49: Starting object store with directory /dev/shm, fallback /home/stud/wxie/EasyR1/ray, and huge page support disabled
[2025-04-26 13:19:39,870 I 2945925 2945953] (raylet) dlmalloc.cc:154: create_and_mmap_buffer(36441292808, /dev/shm/plasmaXXXXXX)
[2025-04-26 13:19:39,872 I 2945925 2945953] (raylet) store.cc:564: Plasma store debug dump: 
Current usage: 0 / 36.4412 GB
- num bytes created total: 0
0 pending objects of total size 0MB
- objects spillable: 0
- bytes spillable: 0
- objects unsealed: 0
- bytes unsealed: 0
- objects in use: 0
- bytes in use: 0
- objects evictable: 0
- bytes evictable: 0

- objects created by worker: 0
- bytes created by worker: 0
- objects restored: 0
- bytes restored: 0
- objects received: 0
- bytes received: 0
- objects errored: 0
- bytes errored: 0

[2025-04-26 13:19:40,875 I 2945925 2945925] (raylet) grpc_server.cc:135: ObjectManager server started, listening on port 37133.
[2025-04-26 13:19:40,878 I 2945925 2945925] (raylet) worker_killing_policy.cc:101: Running GroupByOwner policy.
[2025-04-26 13:19:40,878 W 2945925 2945925] (raylet) memory_monitor.cc:198: Got negative used memory for cgroup -1, setting it to zero
[2025-04-26 13:19:40,878 I 2945925 2945925] (raylet) memory_monitor.cc:48: MemoryMonitor initialized with usage threshold at 128114286592 bytes (0.95 system memory), total system memory bytes: 134857150464
[2025-04-26 13:19:40,878 I 2945925 2945925] (raylet) node_manager.cc:295: Initializing NodeManager node_id=6a5edf5dd3fa294e5d2fdb1d673e2c8f1ca2b9de9375037ceb9f30ba
[2025-04-26 13:19:40,879 I 2945925 2945925] (raylet) grpc_server.cc:135: NodeManager server started, listening on port 36093.
[2025-04-26 13:19:40,888 I 2945925 2946030] (raylet) agent_manager.cc:78: Monitor agent process with name dashboard_agent/424238335
[2025-04-26 13:19:40,888 I 2945925 2946032] (raylet) agent_manager.cc:78: Monitor agent process with name runtime_env_agent
[2025-04-26 13:19:40,890 I 2945925 2945925] (raylet) event.cc:500: Ray Event initialized for RAYLET
[2025-04-26 13:19:40,890 I 2945925 2945925] (raylet) event.cc:331: Set ray event level to warning
[2025-04-26 13:19:40,892 I 2945925 2945925] (raylet) raylet.cc:134: Raylet of id, 6a5edf5dd3fa294e5d2fdb1d673e2c8f1ca2b9de9375037ceb9f30ba started. Raylet consists of node_manager and object_manager. node_manager address: 10.153.51.195:36093 object_manager address: 10.153.51.195:37133 hostname: marajo
[2025-04-26 13:19:40,896 I 2945925 2945925] (raylet) node_manager.cc:532: [state-dump] NodeManager:
[state-dump] Node ID: 6a5edf5dd3fa294e5d2fdb1d673e2c8f1ca2b9de9375037ceb9f30ba
[state-dump] Node name: 10.153.51.195
[state-dump] InitialConfigResources: {memory: 750295283720000, GPU: 10000, object_store_memory: 364412264440000, accelerator_type:H100: 10000, CPU: 320000, node:10.153.51.195: 10000, node:__internal_head__: 10000}
[state-dump] ClusterTaskManager:
[state-dump] ========== Node: 6a5edf5dd3fa294e5d2fdb1d673e2c8f1ca2b9de9375037ceb9f30ba =================
[state-dump] Infeasible queue length: 0
[state-dump] Schedule queue length: 0
[state-dump] Dispatch queue length: 0
[state-dump] num_waiting_for_resource: 0
[state-dump] num_waiting_for_plasma_memory: 0
[state-dump] num_waiting_for_remote_node_resources: 0
[state-dump] num_worker_not_started_by_job_config_not_exist: 0
[state-dump] num_worker_not_started_by_registration_timeout: 0
[state-dump] num_tasks_waiting_for_workers: 0
[state-dump] num_cancelled_tasks: 0
[state-dump] cluster_resource_scheduler state: 
[state-dump] Local id: 6257444483236633146 Local resources: {"total":{node:__internal_head__: [10000], memory: [750295283720000], CPU: [320000], GPU: [10000], node:10.153.51.195: [10000], object_store_memory: [364412264440000], accelerator_type:H100: [10000]}}, "available": {node:__internal_head__: [10000], memory: [750295283720000], CPU: [320000], GPU: [10000], node:10.153.51.195: [10000], object_store_memory: [364412264440000], accelerator_type:H100: [10000]}}, "labels":{"ray.io/node_id":"6a5edf5dd3fa294e5d2fdb1d673e2c8f1ca2b9de9375037ceb9f30ba",} is_draining: 0 is_idle: 1 Cluster resources: node id: 6257444483236633146{"total":{node:10.153.51.195: 10000, GPU: 10000, node:__internal_head__: 10000, CPU: 320000, object_store_memory: 364412264440000, accelerator_type:H100: 10000, memory: 750295283720000}}, "available": {node:10.153.51.195: 10000, GPU: 10000, node:__internal_head__: 10000, CPU: 320000, object_store_memory: 364412264440000, accelerator_type:H100: 10000, memory: 750295283720000}}, "labels":{"ray.io/node_id":"6a5edf5dd3fa294e5d2fdb1d673e2c8f1ca2b9de9375037ceb9f30ba",}, "is_draining": 0, "draining_deadline_timestamp_ms": -1} { "placment group locations": [], "node to bundles": []}
[state-dump] Waiting tasks size: 0
[state-dump] Number of executing tasks: 0
[state-dump] Number of pinned task arguments: 0
[state-dump] Number of total spilled tasks: 0
[state-dump] Number of spilled waiting tasks: 0
[state-dump] Number of spilled unschedulable tasks: 0
[state-dump] Resource usage {
[state-dump] }
[state-dump] Backlog Size per scheduling descriptor :{workerId: num backlogs}:
[state-dump] 
[state-dump] Running tasks by scheduling class:
[state-dump] ==================================================
[state-dump] 
[state-dump] ClusterResources:
[state-dump] LocalObjectManager:
[state-dump] - num pinned objects: 0
[state-dump] - pinned objects size: 0
[state-dump] - num objects pending restore: 0
[state-dump] - num objects pending spill: 0
[state-dump] - num bytes pending spill: 0
[state-dump] - num bytes currently spilled: 0
[state-dump] - cumulative spill requests: 0
[state-dump] - cumulative restore requests: 0
[state-dump] - spilled objects pending delete: 0
[state-dump] 
[state-dump] ObjectManager:
[state-dump] - num local objects: 0
[state-dump] - num unfulfilled push requests: 0
[state-dump] - num object pull requests: 0
[state-dump] - num chunks received total: 0
[state-dump] - num chunks received failed (all): 0
[state-dump] - num chunks received failed / cancelled: 0
[state-dump] - num chunks received failed / plasma error: 0
[state-dump] Event stats:
[state-dump] Global stats: 0 total (0 active)
[state-dump] Queueing time: mean = -nan s, max = -0.000 s, min = 9223372036.855 s, total = 0.000 s
[state-dump] Execution time:  mean = -nan s, total = 0.000 s
[state-dump] Event stats:
[state-dump] PushManager:
[state-dump] - num pushes in flight: 0
[state-dump] - num chunks in flight: 0
[state-dump] - num chunks remaining: 0
[state-dump] - max chunks allowed: 409
[state-dump] OwnershipBasedObjectDirectory:
[state-dump] - num listeners: 0
[state-dump] - cumulative location updates: 0
[state-dump] - num location updates per second: 42878700128882664.000
[state-dump] - num location lookups per second: 42878700128874664.000
[state-dump] - num locations added per second: 0.000
[state-dump] - num locations removed per second: 0.000
[state-dump] BufferPool:
[state-dump] - create buffer state map size: 0
[state-dump] PullManager:
[state-dump] - num bytes available for pulled objects: 36441226444
[state-dump] - num bytes being pulled (all): 0
[state-dump] - num bytes being pulled / pinned: 0
[state-dump] - get request bundles: BundlePullRequestQueue{0 total, 0 active, 0 inactive, 0 unpullable}
[state-dump] - wait request bundles: BundlePullRequestQueue{0 total, 0 active, 0 inactive, 0 unpullable}
[state-dump] - task request bundles: BundlePullRequestQueue{0 total, 0 active, 0 inactive, 0 unpullable}
[state-dump] - first get request bundle: N/A
[state-dump] - first wait request bundle: N/A
[state-dump] - first task request bundle: N/A
[state-dump] - num objects queued: 0
[state-dump] - num objects actively pulled (all): 0
[state-dump] - num objects actively pulled / pinned: 0
[state-dump] - num bundles being pulled: 0
[state-dump] - num pull retries: 0
[state-dump] - max timeout seconds: 0
[state-dump] - max timeout request is already processed. No entry.
[state-dump] 
[state-dump] WorkerPool:
[state-dump] - registered jobs: 0
[state-dump] - process_failed_job_config_missing: 0
[state-dump] - process_failed_rate_limited: 0
[state-dump] - process_failed_pending_registration: 0
[state-dump] - process_failed_runtime_env_setup_failed: 0
[state-dump] - num PYTHON workers: 0
[state-dump] - num PYTHON drivers: 0
[state-dump] - num PYTHON pending start requests: 0
[state-dump] - num PYTHON pending registration requests: 0
[state-dump] - num object spill callbacks queued: 0
[state-dump] - num object restore queued: 0
[state-dump] - num util functions queued: 0
[state-dump] - num JAVA workers: 0
[state-dump] - num JAVA drivers: 0
[state-dump] - num JAVA pending start requests: 0
[state-dump] - num JAVA pending registration requests: 0
[state-dump] - num object spill callbacks queued: 0
[state-dump] - num object restore queued: 0
[state-dump] - num util functions queued: 0
[state-dump] - num idle workers: 0
[state-dump] TaskDependencyManager:
[state-dump] - task deps map size: 0
[state-dump] - get req map size: 0
[state-dump] - wait req map size: 0
[state-dump] - local objects map size: 0
[state-dump] WaitManager:
[state-dump] - num active wait requests: 0
[state-dump] Subscriber:
[state-dump] Channel WORKER_OBJECT_EVICTION
[state-dump] - cumulative subscribe requests: 0
[state-dump] - cumulative unsubscribe requests: 0
[state-dump] - active subscribed publishers: 0
[state-dump] - cumulative published messages: 0
[state-dump] - cumulative processed messages: 0
[state-dump] Channel WORKER_REF_REMOVED_CHANNEL
[state-dump] - cumulative subscribe requests: 0
[state-dump] - cumulative unsubscribe requests: 0
[state-dump] - active subscribed publishers: 0
[state-dump] - cumulative published messages: 0
[state-dump] - cumulative processed messages: 0
[state-dump] Channel WORKER_OBJECT_LOCATIONS_CHANNEL
[state-dump] - cumulative subscribe requests: 0
[state-dump] - cumulative unsubscribe requests: 0
[state-dump] - active subscribed publishers: 0
[state-dump] - cumulative published messages: 0
[state-dump] - cumulative processed messages: 0
[state-dump] num async plasma notifications: 0
[state-dump] Remote node managers: 
[state-dump] Event stats:
[state-dump] Global stats: 28 total (13 active)
[state-dump] Queueing time: mean = 1.779 ms, max = 11.943 ms, min = 16.655 us, total = 49.812 ms
[state-dump] Execution time:  mean = 36.780 ms, total = 1.030 s
[state-dump] Event stats:
[state-dump] 	PeriodicalRunner.RunFnPeriodically - 11 total (2 active, 1 running), Execution time: mean = 307.226 us, total = 3.379 ms, Queueing time: mean = 4.522 ms, max = 11.943 ms, min = 32.742 us, total = 49.746 ms
[state-dump] 	ray::rpc::NodeInfoGcsService.grpc_client.RegisterNode.OnReplyReceived - 1 total (0 active), Execution time: mean = 266.223 us, total = 266.223 us, Queueing time: mean = 26.281 us, max = 26.281 us, min = 26.281 us, total = 26.281 us
[state-dump] 	NodeManager.GCTaskFailureReason - 1 total (1 active), Execution time: mean = 0.000 s, total = 0.000 s, Queueing time: mean = 0.000 s, max = -0.000 s, min = 9223372036.855 s, total = 0.000 s
[state-dump] 	ClusterResourceManager.ResetRemoteNodeView - 1 total (1 active), Execution time: mean = 0.000 s, total = 0.000 s, Queueing time: mean = 0.000 s, max = -0.000 s, min = 9223372036.855 s, total = 0.000 s
[state-dump] 	ray::rpc::NodeInfoGcsService.grpc_client.RegisterNode - 1 total (0 active), Execution time: mean = 2.270 ms, total = 2.270 ms, Queueing time: mean = 0.000 s, max = -0.000 s, min = 9223372036.855 s, total = 0.000 s
[state-dump] 	ray::rpc::InternalKVGcsService.grpc_client.GetInternalConfig.OnReplyReceived - 1 total (0 active), Execution time: mean = 1.021 s, total = 1.021 s, Queueing time: mean = 23.256 us, max = 23.256 us, min = 23.256 us, total = 23.256 us
[state-dump] 	NodeManager.deadline_timer.spill_objects_when_over_threshold - 1 total (1 active), Execution time: mean = 0.000 s, total = 0.000 s, Queueing time: mean = 0.000 s, max = -0.000 s, min = 9223372036.855 s, total = 0.000 s
[state-dump] 	RayletWorkerPool.deadline_timer.kill_idle_workers - 1 total (1 active), Execution time: mean = 0.000 s, total = 0.000 s, Queueing time: mean = 0.000 s, max = -0.000 s, min = 9223372036.855 s, total = 0.000 s
[state-dump] 	NodeManager.deadline_timer.debug_state_dump - 1 total (1 active), Execution time: mean = 0.000 s, total = 0.000 s, Queueing time: mean = 0.000 s, max = -0.000 s, min = 9223372036.855 s, total = 0.000 s
[state-dump] 	ObjectManager.UpdateAvailableMemory - 1 total (0 active), Execution time: mean = 3.633 us, total = 3.633 us, Queueing time: mean = 16.655 us, max = 16.655 us, min = 16.655 us, total = 16.655 us
[state-dump] 	ray::rpc::InternalPubSubGcsService.grpc_client.GcsSubscriberPoll - 1 total (1 active), Execution time: mean = 0.000 s, total = 0.000 s, Queueing time: mean = 0.000 s, max = -0.000 s, min = 9223372036.855 s, total = 0.000 s
[state-dump] 	NodeManager.deadline_timer.record_metrics - 1 total (1 active), Execution time: mean = 0.000 s, total = 0.000 s, Queueing time: mean = 0.000 s, max = -0.000 s, min = 9223372036.855 s, total = 0.000 s
[state-dump] 	ray::rpc::InternalPubSubGcsService.grpc_client.GcsSubscriberCommandBatch - 1 total (0 active), Execution time: mean = 1.214 ms, total = 1.214 ms, Queueing time: mean = 0.000 s, max = -0.000 s, min = 9223372036.855 s, total = 0.000 s
[state-dump] 	NodeManager.deadline_timer.flush_free_objects - 1 total (1 active), Execution time: mean = 0.000 s, total = 0.000 s, Queueing time: mean = 0.000 s, max = -0.000 s, min = 9223372036.855 s, total = 0.000 s
[state-dump] 	ray::rpc::InternalKVGcsService.grpc_client.GetInternalConfig - 1 total (0 active), Execution time: mean = 1.453 ms, total = 1.453 ms, Queueing time: mean = 0.000 s, max = -0.000 s, min = 9223372036.855 s, total = 0.000 s
[state-dump] 	NodeManager.ScheduleAndDispatchTasks - 1 total (1 active), Execution time: mean = 0.000 s, total = 0.000 s, Queueing time: mean = 0.000 s, max = -0.000 s, min = 9223372036.855 s, total = 0.000 s
[state-dump] 	MemoryMonitor.CheckIsMemoryUsageAboveThreshold - 1 total (1 active), Execution time: mean = 0.000 s, total = 0.000 s, Queueing time: mean = 0.000 s, max = -0.000 s, min = 9223372036.855 s, total = 0.000 s
[state-dump] 	ray::rpc::InternalPubSubGcsService.grpc_client.GcsSubscriberCommandBatch.OnReplyReceived - 1 total (1 active), Execution time: mean = 0.000 s, total = 0.000 s, Queueing time: mean = 0.000 s, max = -0.000 s, min = 9223372036.855 s, total = 0.000 s
[state-dump] DebugString() time ms: 1
[state-dump] 
[state-dump] 
[2025-04-26 13:19:40,898 I 2945925 2945925] (raylet) accessor.cc:777: Received notification for node, IsAlive = 1 node_id=6a5edf5dd3fa294e5d2fdb1d673e2c8f1ca2b9de9375037ceb9f30ba
[2025-04-26 13:19:40,946 I 2945925 2945925] (raylet) worker_pool.cc:729: [Eagerly] Start install runtime environment for job 01000000.
[2025-04-26 13:19:40,950 I 2945925 2945925] (raylet) worker_pool.cc:522: Started worker process with pid 2946054, the token is 0
[2025-04-26 13:19:40,953 I 2945925 2945925] (raylet) worker_pool.cc:522: Started worker process with pid 2946058, the token is 1
[2025-04-26 13:19:40,956 I 2945925 2945925] (raylet) worker_pool.cc:522: Started worker process with pid 2946059, the token is 2
[2025-04-26 13:19:40,959 I 2945925 2945925] (raylet) worker_pool.cc:522: Started worker process with pid 2946060, the token is 3
[2025-04-26 13:19:40,961 I 2945925 2945925] (raylet) worker_pool.cc:522: Started worker process with pid 2946061, the token is 4
[2025-04-26 13:19:40,964 I 2945925 2945925] (raylet) worker_pool.cc:522: Started worker process with pid 2946063, the token is 5
[2025-04-26 13:19:40,967 I 2945925 2945925] (raylet) worker_pool.cc:522: Started worker process with pid 2946064, the token is 6
[2025-04-26 13:19:40,969 I 2945925 2945925] (raylet) worker_pool.cc:522: Started worker process with pid 2946065, the token is 7
[2025-04-26 13:19:40,972 I 2945925 2945925] (raylet) worker_pool.cc:522: Started worker process with pid 2946066, the token is 8
[2025-04-26 13:19:40,975 I 2945925 2945925] (raylet) worker_pool.cc:522: Started worker process with pid 2946067, the token is 9
[2025-04-26 13:19:40,978 I 2945925 2945925] (raylet) worker_pool.cc:522: Started worker process with pid 2946068, the token is 10
[2025-04-26 13:19:40,981 I 2945925 2945925] (raylet) worker_pool.cc:522: Started worker process with pid 2946069, the token is 11
[2025-04-26 13:19:40,984 I 2945925 2945925] (raylet) worker_pool.cc:522: Started worker process with pid 2946070, the token is 12
[2025-04-26 13:19:40,986 I 2945925 2945925] (raylet) worker_pool.cc:522: Started worker process with pid 2946071, the token is 13
[2025-04-26 13:19:40,989 I 2945925 2945925] (raylet) worker_pool.cc:522: Started worker process with pid 2946072, the token is 14
[2025-04-26 13:19:40,991 I 2945925 2945925] (raylet) worker_pool.cc:522: Started worker process with pid 2946073, the token is 15
[2025-04-26 13:19:40,995 I 2945925 2945925] (raylet) worker_pool.cc:522: Started worker process with pid 2946074, the token is 16
[2025-04-26 13:19:40,998 I 2945925 2945925] (raylet) worker_pool.cc:522: Started worker process with pid 2946075, the token is 17
[2025-04-26 13:19:41,023 I 2945925 2945925] (raylet) worker_pool.cc:522: Started worker process with pid 2946076, the token is 18
[2025-04-26 13:19:41,028 I 2945925 2945925] (raylet) worker_pool.cc:522: Started worker process with pid 2946077, the token is 19
[2025-04-26 13:19:41,032 I 2945925 2945925] (raylet) worker_pool.cc:522: Started worker process with pid 2946078, the token is 20
[2025-04-26 13:19:41,036 I 2945925 2945925] (raylet) worker_pool.cc:522: Started worker process with pid 2946079, the token is 21
[2025-04-26 13:19:41,040 I 2945925 2945925] (raylet) worker_pool.cc:522: Started worker process with pid 2946080, the token is 22
[2025-04-26 13:19:41,044 I 2945925 2945925] (raylet) worker_pool.cc:522: Started worker process with pid 2946081, the token is 23
[2025-04-26 13:19:41,048 I 2945925 2945925] (raylet) worker_pool.cc:522: Started worker process with pid 2946082, the token is 24
[2025-04-26 13:19:41,052 I 2945925 2945925] (raylet) worker_pool.cc:522: Started worker process with pid 2946083, the token is 25
[2025-04-26 13:19:41,056 I 2945925 2945925] (raylet) worker_pool.cc:522: Started worker process with pid 2946084, the token is 26
[2025-04-26 13:19:41,060 I 2945925 2945925] (raylet) worker_pool.cc:522: Started worker process with pid 2946085, the token is 27
[2025-04-26 13:19:41,064 I 2945925 2945925] (raylet) worker_pool.cc:522: Started worker process with pid 2946086, the token is 28
[2025-04-26 13:19:41,068 I 2945925 2945925] (raylet) worker_pool.cc:522: Started worker process with pid 2946087, the token is 29
[2025-04-26 13:19:41,071 I 2945925 2945925] (raylet) worker_pool.cc:522: Started worker process with pid 2946088, the token is 30
[2025-04-26 13:19:41,075 I 2945925 2945925] (raylet) worker_pool.cc:522: Started worker process with pid 2946089, the token is 31
[2025-04-26 13:19:41,076 I 2945925 2945925] (raylet) runtime_env_agent_client.cc:340: Runtime Env Agent network error: NotFound: on_connect Connection refused, the server may be still starting or is already failed. Scheduling a retry in 1000ms...
[2025-04-26 13:19:41,777 I 2945925 2945953] (raylet) object_store.cc:35: Object store current usage 8e-09 / 36.4412 GB.
[2025-04-26 13:19:42,069 I 2945925 2945925] (raylet) worker_pool.cc:719: Job 01000000 already started in worker pool.
[2025-04-26 13:19:42,080 I 2945925 2945925] (raylet) runtime_env_agent_client.cc:383: Create runtime env for job 01000000
[2025-04-26 13:19:42,080 I 2945925 2945925] (raylet) worker_pool.cc:740: [Eagerly] Create runtime env successful for job 01000000.
[2025-04-26 13:19:42,107 I 2945925 2945925] (raylet) runtime_env_agent_client.cc:383: Create runtime env for job 01000000
[2025-04-26 13:19:42,114 I 2945925 2945925] (raylet) worker_pool.cc:522: Started worker process with pid 2947967, the token is 32
[2025-04-26 13:19:43,123 I 2945925 2945925] (raylet) node_manager.cc:1549: NodeManager::DisconnectClient, disconnect_type=1, has creation task exception = false
[2025-04-26 13:19:45,900 W 2945925 2945925] (raylet) memory_monitor.cc:198: Got negative used memory for cgroup -1, setting it to zero
[2025-04-26 13:19:50,907 W 2945925 2945925] (raylet) memory_monitor.cc:198: Got negative used memory for cgroup -1, setting it to zero
[2025-04-26 13:19:55,913 W 2945925 2945925] (raylet) memory_monitor.cc:198: Got negative used memory for cgroup -1, setting it to zero
[2025-04-26 13:20:00,920 W 2945925 2945925] (raylet) memory_monitor.cc:198: Got negative used memory for cgroup -1, setting it to zero
[2025-04-26 13:20:05,927 W 2945925 2945925] (raylet) memory_monitor.cc:198: Got negative used memory for cgroup -1, setting it to zero
[2025-04-26 13:20:10,932 W 2945925 2945925] (raylet) memory_monitor.cc:198: Got negative used memory for cgroup -1, setting it to zero
[2025-04-26 13:20:15,938 W 2945925 2945925] (raylet) memory_monitor.cc:198: Got negative used memory for cgroup -1, setting it to zero
[2025-04-26 13:20:19,711 I 2945925 2945925] (raylet) node_manager.cc:1549: NodeManager::DisconnectClient, disconnect_type=3, has creation task exception = false
[2025-04-26 13:20:19,712 I 2945925 2945925] (raylet) node_manager.cc:1654: Driver (pid=2945520) is disconnected. worker_id=01000000ffffffffffffffffffffffffffffffffffffffffffffffff job_id=01000000
[2025-04-26 13:20:19,715 I 2945925 2945925] (raylet) node_manager.cc:1082: The leased worker 92e1095ab968283a38652cf08c08473e18d60fd93d64cc576d812549 is killed because the owner process 01000000ffffffffffffffffffffffffffffffffffffffffffffffff died.
[2025-04-26 13:20:19,716 I 2945925 2945925] (raylet) worker_pool.cc:719: Job 01000000 already started in worker pool.
[2025-04-26 13:20:19,716 I 2945925 2945925] (raylet) node_manager.cc:640: The leased worker  is killed because the job 01000000 finished. worker_id=92e1095ab968283a38652cf08c08473e18d60fd93d64cc576d812549
[2025-04-26 13:20:19,731 I 2945925 2945925] (raylet) node_manager.cc:1549: NodeManager::DisconnectClient, disconnect_type=1, has creation task exception = false
[2025-04-26 13:20:19,787 I 2945925 2945925] (raylet) main.cc:506: received SIGTERM. Existing local drain request = None
[2025-04-26 13:20:19,787 I 2945925 2945925] (raylet) main.cc:307: Raylet graceful shutdown triggered, reason = EXPECTED_TERMINATION, reason message = received SIGTERM
[2025-04-26 13:20:19,787 I 2945925 2945925] (raylet) main.cc:310: Shutting down...
[2025-04-26 13:20:19,787 I 2945925 2945925] (raylet) accessor.cc:511: Unregistering node node_id=6a5edf5dd3fa294e5d2fdb1d673e2c8f1ca2b9de9375037ceb9f30ba
[2025-04-26 13:20:19,789 I 2945925 2945925] (raylet) accessor.cc:524: Finished unregistering node info, status = OK node_id=6a5edf5dd3fa294e5d2fdb1d673e2c8f1ca2b9de9375037ceb9f30ba
[2025-04-26 13:20:19,793 I 2945925 2945925] (raylet) agent_manager.cc:113: Killing agent dashboard_agent/424238335, pid 2946029.
[2025-04-26 13:20:19,809 I 2945925 2946030] (raylet) agent_manager.cc:80: Agent process with name dashboard_agent/424238335 exited, exit code 0.
[2025-04-26 13:20:19,809 I 2945925 2945925] (raylet) agent_manager.cc:113: Killing agent runtime_env_agent, pid 2946031.
[2025-04-26 13:20:19,822 I 2945925 2946032] (raylet) agent_manager.cc:80: Agent process with name runtime_env_agent exited, exit code 0.
[2025-04-26 13:20:19,822 I 2945925 2945925] (raylet) io_service_pool.cc:47: IOServicePool is stopped.
[2025-04-26 13:20:19,914 I 2945925 2945925] (raylet) stats.h:120: Stats module has shutdown.
