[2025-04-26 12:06:27,734 I 2893577 2893577] (gcs_server) gcs_server_main.cc:95: Ray cluster metadata ray_version=2.43.0 ray_commit=ecdcdc6a6e63dc4bcd6ea16aae256ce4d32a7e2c
[2025-04-26 12:06:27,734 I 2893577 2893577] (gcs_server) io_service_pool.cc:35: IOServicePool is running with 1 io_service.
[2025-04-26 12:06:27,741 I 2893577 2893577] (gcs_server) event.cc:500: Ray Event initialized for GCS
[2025-04-26 12:06:27,743 I 2893577 2893577] (gcs_server) event.cc:500: Ray Event initialized for EXPORT_NODE
[2025-04-26 12:06:27,744 I 2893577 2893577] (gcs_server) event.cc:500: Ray Event initialized for EXPORT_ACTOR
[2025-04-26 12:06:27,744 I 2893577 2893577] (gcs_server) event.cc:500: Ray Event initialized for EXPORT_DRIVER_JOB
[2025-04-26 12:06:27,744 I 2893577 2893577] (gcs_server) event.cc:331: Set ray event level to warning
[2025-04-26 12:06:27,745 I 2893577 2893577] (gcs_server) gcs_server.cc:73: GCS storage type is StorageType::IN_MEMORY
[2025-04-26 12:06:27,745 I 2893577 2893577] (gcs_server) gcs_init_data.cc:42: Loading job table data.
[2025-04-26 12:06:27,745 I 2893577 2893577] (gcs_server) gcs_init_data.cc:52: Loading node table data.
[2025-04-26 12:06:27,745 I 2893577 2893577] (gcs_server) gcs_init_data.cc:74: Loading actor table data.
[2025-04-26 12:06:27,745 I 2893577 2893577] (gcs_server) gcs_init_data.cc:85: Loading actor task spec table data.
[2025-04-26 12:06:27,745 I 2893577 2893577] (gcs_server) gcs_init_data.cc:62: Loading placement group table data.
[2025-04-26 12:06:27,745 I 2893577 2893577] (gcs_server) gcs_init_data.cc:46: Finished loading job table data, size = 0
[2025-04-26 12:06:27,745 I 2893577 2893577] (gcs_server) gcs_init_data.cc:56: Finished loading node table data, size = 0
[2025-04-26 12:06:27,745 I 2893577 2893577] (gcs_server) gcs_init_data.cc:79: Finished loading actor table data, size = 0
[2025-04-26 12:06:27,745 I 2893577 2893577] (gcs_server) gcs_init_data.cc:90: Finished loading actor task spec table data, size = 0
[2025-04-26 12:06:27,745 I 2893577 2893577] (gcs_server) gcs_init_data.cc:68: Finished loading placement group table data, size = 0
[2025-04-26 12:06:27,745 I 2893577 2893577] (gcs_server) gcs_server.cc:157: No existing server cluster ID found. Generating new ID: 72c411b577b091f6aefcedae7328006ee364714b23d17f37d7460a8f
[2025-04-26 12:06:27,745 I 2893577 2893577] (gcs_server) gcs_server.cc:672: Autoscaler V2 enabled: 0
[2025-04-26 12:06:27,746 I 2893577 2893577] (gcs_server) grpc_server.cc:135: GcsServer server started, listening on port 60054.
[2025-04-26 12:06:27,815 I 2893577 2893577] (gcs_server) gcs_server.cc:245: Gcs Debug state:

GcsNodeManager: 
- RegisterNode request count: 0
- DrainNode request count: 0
- GetAllNodeInfo request count: 0

GcsActorManager: 
- RegisterActor request count: 0
- CreateActor request count: 0
- GetActorInfo request count: 0
- GetNamedActorInfo request count: 0
- GetAllActorInfo request count: 0
- KillActor request count: 0
- ListNamedActors request count: 0
- Registered actors count: 0
- Destroyed actors count: 0
- Named actors count: 0
- Unresolved actors count: 0
- Pending actors count: 0
- Created actors count: 0
- owners_: 0
- actor_to_register_callbacks_: 0
- actor_to_restart_callbacks_: 0
- actor_to_create_callbacks_: 0
- sorted_destroyed_actor_list_: 0

GcsResourceManager: 
- GetAllAvailableResources request count: 0
- GetAllTotalResources request count: 0
- GetAllResourceUsage request count: 0

GcsPlacementGroupManager: 
- CreatePlacementGroup request count: 0
- RemovePlacementGroup request count: 0
- GetPlacementGroup request count: 0
- GetAllPlacementGroup request count: 0
- WaitPlacementGroupUntilReady request count: 0
- GetNamedPlacementGroup request count: 0
- Scheduling pending placement group count: 0
- Registered placement groups count: 0
- Named placement group count: 0
- Pending placement groups count: 0
- Infeasible placement groups count: 0

Publisher:

[runtime env manager] ID to URIs table:
[runtime env manager] URIs reference table:

GcsTaskManager: 
-Total num task events reported: 0
-Total num status task events dropped: 0
-Total num profile events dropped: 0
-Current num of task events stored: 0
-Total num of actor creation tasks: 0
-Total num of actor tasks: 0
-Total num of normal tasks: 0
-Total num of driver tasks: 0

GcsAutoscalerStateManager: 
- last_seen_autoscaler_state_version_: 0
- last_cluster_resource_state_version_: 0
- pending demands:



[2025-04-26 12:06:27,815 I 2893577 2893577] (gcs_server) gcs_server.cc:870: Main service Event stats:


Global stats: 24 total (4 active)
Queueing time: mean = 26.536 ms, max = 69.723 ms, min = 110.000 ns, total = 636.866 ms
Execution time:  mean = 5.814 ms, total = 139.544 ms
Event stats:
	GcsInMemoryStore.Put - 8 total (0 active), Execution time: mean = 8.718 ms, total = 69.740 ms, Queueing time: mean = 60.759 ms, max = 69.556 ms, min = 1.878 us, total = 486.068 ms
	GcsInMemoryStore.GetAll - 5 total (0 active), Execution time: mean = 6.194 us, total = 30.970 us, Queueing time: mean = 20.760 us, max = 22.283 us, min = 19.334 us, total = 103.801 us
	PeriodicalRunner.RunFnPeriodically - 4 total (2 active, 1 running), Execution time: mean = 1.710 us, total = 6.839 us, Queueing time: mean = 34.850 ms, max = 69.723 ms, min = 69.676 ms, total = 139.399 ms
	event_loop_lag_probe - 2 total (0 active), Execution time: mean = 5.867 us, total = 11.734 us, Queueing time: mean = 5.640 ms, max = 11.244 ms, min = 36.973 us, total = 11.281 ms
	ClusterResourceManager.ResetRemoteNodeView - 1 total (1 active), Execution time: mean = 0.000 s, total = 0.000 s, Queueing time: mean = 0.000 s, max = -0.000 s, min = 9223372036.855 s, total = 0.000 s
	GcsInitData::AsyncLoad - 1 total (0 active), Execution time: mean = 12.455 us, total = 12.455 us, Queueing time: mean = 339.000 ns, max = 339.000 ns, min = 339.000 ns, total = 339.000 ns
	GcsInMemoryStore.Get - 1 total (0 active), Execution time: mean = 11.925 us, total = 11.925 us, Queueing time: mean = 13.652 us, max = 13.652 us, min = 13.652 us, total = 13.652 us
	GcsServer.GetOrGenerateClusterId.continuation - 1 total (0 active), Execution time: mean = 69.730 ms, total = 69.730 ms, Queueing time: mean = 110.000 ns, max = 110.000 ns, min = 110.000 ns, total = 110.000 ns
	RayletLoadPulled - 1 total (1 active), Execution time: mean = 0.000 s, total = 0.000 s, Queueing time: mean = 0.000 s, max = -0.000 s, min = 9223372036.855 s, total = 0.000 s


[2025-04-26 12:06:27,815 I 2893577 2893577] (gcs_server) gcs_server.cc:874: task_io_context Event stats:


Global stats: 4 total (1 active)
Queueing time: mean = 44.400 us, max = 152.806 us, min = 10.936 us, total = 177.599 us
Execution time:  mean = 28.675 us, total = 114.701 us
Event stats:
	event_loop_lag_probe - 2 total (0 active), Execution time: mean = 55.024 us, total = 110.048 us, Queueing time: mean = 83.332 us, max = 152.806 us, min = 13.857 us, total = 166.663 us
	PeriodicalRunner.RunFnPeriodically - 1 total (0 active), Execution time: mean = 4.653 us, total = 4.653 us, Queueing time: mean = 10.936 us, max = 10.936 us, min = 10.936 us, total = 10.936 us
	GcsTaskManager.GcJobSummary - 1 total (1 active), Execution time: mean = 0.000 s, total = 0.000 s, Queueing time: mean = 0.000 s, max = -0.000 s, min = 9223372036.855 s, total = 0.000 s


[2025-04-26 12:06:27,815 I 2893577 2893577] (gcs_server) gcs_server.cc:874: pubsub_io_context Event stats:


Global stats: 4 total (1 active)
Queueing time: mean = 58.902 us, max = 208.085 us, min = 12.988 us, total = 235.607 us
Execution time:  mean = 28.900 us, total = 115.600 us
Event stats:
	event_loop_lag_probe - 2 total (0 active), Execution time: mean = 55.404 us, total = 110.807 us, Queueing time: mean = 111.309 us, max = 208.085 us, min = 14.534 us, total = 222.619 us
	PeriodicalRunner.RunFnPeriodically - 1 total (0 active), Execution time: mean = 4.793 us, total = 4.793 us, Queueing time: mean = 12.988 us, max = 12.988 us, min = 12.988 us, total = 12.988 us
	Publisher.CheckDeadSubscribers - 1 total (1 active), Execution time: mean = 0.000 s, total = 0.000 s, Queueing time: mean = 0.000 s, max = -0.000 s, min = 9223372036.855 s, total = 0.000 s


[2025-04-26 12:06:27,815 I 2893577 2893577] (gcs_server) gcs_server.cc:874: ray_syncer_io_context Event stats:


Global stats: 4 total (0 active)
Queueing time: mean = 135.216 us, max = 440.931 us, min = 20.207 us, total = 540.864 us
Execution time:  mean = 70.659 us, total = 282.637 us
Event stats:
	RaySyncerRegister - 2 total (0 active), Execution time: mean = 1.002 us, total = 2.003 us, Queueing time: mean = 20.351 us, max = 20.495 us, min = 20.207 us, total = 40.702 us
	event_loop_lag_probe - 2 total (0 active), Execution time: mean = 140.317 us, total = 280.634 us, Queueing time: mean = 250.081 us, max = 440.931 us, min = 59.231 us, total = 500.162 us


[2025-04-26 12:06:30,369 I 2893577 2893577] (gcs_server) gcs_node_manager.cc:88: Registering node info, address = 10.153.51.195, node name = 10.153.51.195 node_id=be88810011f2156cf137ca3f02f753bcaf40afcaeb129c0ad3a20bd8
[2025-04-26 12:06:30,369 I 2893577 2893577] (gcs_server) gcs_node_manager.cc:94: Finished registering node info, address = 10.153.51.195, node name = 10.153.51.195, is_head_node = 1 node_id=be88810011f2156cf137ca3f02f753bcaf40afcaeb129c0ad3a20bd8
[2025-04-26 12:06:30,369 I 2893577 2893577] (gcs_server) gcs_placement_group_manager.cc:830: A new node: be88810011f2156cf137ca3f02f753bcaf40afcaeb129c0ad3a20bd8 registered, will try to reschedule all the infeasible placement groups.
[2025-04-26 12:06:30,376 I 2893577 2893640] (gcs_server) ray_syncer.cc:244: Get connection node_id=be88810011f2156cf137ca3f02f753bcaf40afcaeb129c0ad3a20bd8
[2025-04-26 12:06:31,320 I 2893577 2893577] (gcs_server) gcs_job_manager.cc:90: Adding job, job id = 01000000, driver pid = 2893427
[2025-04-26 12:06:31,320 I 2893577 2893577] (gcs_server) gcs_job_manager.cc:111: Finished adding job, job id = 01000000, driver pid = 2893427
[2025-04-26 12:06:31,352 I 2893577 2893577] (gcs_server) gcs_job_manager.cc:149: Finished marking job state, job id = 01000000
[2025-04-26 12:06:31,411 I 2893577 2893577] (gcs_server) gcs_node_manager.cc:382: Removing node, node name = 10.153.51.195, death reason = EXPECTED_TERMINATION, death message = received SIGTERM node_id=be88810011f2156cf137ca3f02f753bcaf40afcaeb129c0ad3a20bd8
[2025-04-26 12:06:31,412 I 2893577 2893577] (gcs_server) gcs_placement_group_manager.cc:800: Node failed, rescheduling the placement groups on the dead node. node_id=be88810011f2156cf137ca3f02f753bcaf40afcaeb129c0ad3a20bd8
[2025-04-26 12:06:31,412 I 2893577 2893577] (gcs_server) gcs_actor_manager.cc:1282: Node failed, reconstructing actors. node_id=be88810011f2156cf137ca3f02f753bcaf40afcaeb129c0ad3a20bd8
[2025-04-26 12:06:31,412 I 2893577 2893577] (gcs_server) gcs_job_manager.cc:467: Node failed, mark all jobs from this node as finished node_id=be88810011f2156cf137ca3f02f753bcaf40afcaeb129c0ad3a20bd8
[2025-04-26 12:06:31,601 I 2893577 2893626] (gcs_server) ray_syncer_bidi_reactor_base.h:182: Failed to read the message from: be88810011f2156cf137ca3f02f753bcaf40afcaeb129c0ad3a20bd8
[2025-04-26 12:06:31,601 I 2893577 2893626] (gcs_server) ray_syncer.cc:241: Connection is broken. node_id=be88810011f2156cf137ca3f02f753bcaf40afcaeb129c0ad3a20bd8
[2025-04-26 12:06:31,625 I 2893577 2893577] (gcs_server) gcs_server_main.cc:175: GCS server received SIGTERM, shutting down...
[2025-04-26 12:06:31,625 I 2893577 2893577] (gcs_server) gcs_server.cc:267: Stopping GCS server.
[2025-04-26 12:06:31,643 I 2893577 2893577] (gcs_server) gcs_server.cc:284: GCS server stopped.
[2025-04-26 12:06:31,643 I 2893577 2893577] (gcs_server) io_service_pool.cc:47: IOServicePool is stopped.
[2025-04-26 12:06:31,742 I 2893577 2893577] (gcs_server) stats.h:120: Stats module has shutdown.
