[2025-05-04 18:28:17,686 I 1823228 1823228] (gcs_server) gcs_server_main.cc:95: Ray cluster metadata ray_version=2.43.0 ray_commit=ecdcdc6a6e63dc4bcd6ea16aae256ce4d32a7e2c
[2025-05-04 18:28:17,686 I 1823228 1823228] (gcs_server) io_service_pool.cc:35: IOServicePool is running with 1 io_service.
[2025-05-04 18:28:17,695 I 1823228 1823228] (gcs_server) event.cc:500: Ray Event initialized for GCS
[2025-05-04 18:28:17,699 I 1823228 1823228] (gcs_server) event.cc:500: Ray Event initialized for EXPORT_NODE
[2025-05-04 18:28:17,700 I 1823228 1823228] (gcs_server) event.cc:500: Ray Event initialized for EXPORT_ACTOR
[2025-05-04 18:28:17,701 I 1823228 1823228] (gcs_server) event.cc:500: Ray Event initialized for EXPORT_DRIVER_JOB
[2025-05-04 18:28:17,701 I 1823228 1823228] (gcs_server) event.cc:331: Set ray event level to warning
[2025-05-04 18:28:17,701 I 1823228 1823228] (gcs_server) gcs_server.cc:73: GCS storage type is StorageType::IN_MEMORY
[2025-05-04 18:28:17,702 I 1823228 1823228] (gcs_server) gcs_init_data.cc:42: Loading job table data.
[2025-05-04 18:28:17,702 I 1823228 1823228] (gcs_server) gcs_init_data.cc:52: Loading node table data.
[2025-05-04 18:28:17,702 I 1823228 1823228] (gcs_server) gcs_init_data.cc:74: Loading actor table data.
[2025-05-04 18:28:17,702 I 1823228 1823228] (gcs_server) gcs_init_data.cc:85: Loading actor task spec table data.
[2025-05-04 18:28:17,702 I 1823228 1823228] (gcs_server) gcs_init_data.cc:62: Loading placement group table data.
[2025-05-04 18:28:17,702 I 1823228 1823228] (gcs_server) gcs_init_data.cc:46: Finished loading job table data, size = 0
[2025-05-04 18:28:17,702 I 1823228 1823228] (gcs_server) gcs_init_data.cc:56: Finished loading node table data, size = 0
[2025-05-04 18:28:17,702 I 1823228 1823228] (gcs_server) gcs_init_data.cc:79: Finished loading actor table data, size = 0
[2025-05-04 18:28:17,702 I 1823228 1823228] (gcs_server) gcs_init_data.cc:90: Finished loading actor task spec table data, size = 0
[2025-05-04 18:28:17,702 I 1823228 1823228] (gcs_server) gcs_init_data.cc:68: Finished loading placement group table data, size = 0
[2025-05-04 18:28:17,702 I 1823228 1823228] (gcs_server) gcs_server.cc:157: No existing server cluster ID found. Generating new ID: df2de315d121c03d7e111adb954096b52d6669d205ad69502a58aabd
[2025-05-04 18:28:17,702 I 1823228 1823228] (gcs_server) gcs_server.cc:672: Autoscaler V2 enabled: 0
[2025-05-04 18:28:17,704 I 1823228 1823228] (gcs_server) grpc_server.cc:135: GcsServer server started, listening on port 65034.
[2025-05-04 18:28:17,785 I 1823228 1823228] (gcs_server) gcs_server.cc:245: Gcs Debug state:

GcsNodeManager: 
- RegisterNode request count: 0
- DrainNode request count: 0
- GetAllNodeInfo request count: 0

GcsActorManager: 
- RegisterActor request count: 0
- CreateActor request count: 0
- GetActorInfo request count: 0
- GetNamedActorInfo request count: 0
- GetAllActorInfo request count: 0
- KillActor request count: 0
- ListNamedActors request count: 0
- Registered actors count: 0
- Destroyed actors count: 0
- Named actors count: 0
- Unresolved actors count: 0
- Pending actors count: 0
- Created actors count: 0
- owners_: 0
- actor_to_register_callbacks_: 0
- actor_to_restart_callbacks_: 0
- actor_to_create_callbacks_: 0
- sorted_destroyed_actor_list_: 0

GcsResourceManager: 
- GetAllAvailableResources request count: 0
- GetAllTotalResources request count: 0
- GetAllResourceUsage request count: 0

GcsPlacementGroupManager: 
- CreatePlacementGroup request count: 0
- RemovePlacementGroup request count: 0
- GetPlacementGroup request count: 0
- GetAllPlacementGroup request count: 0
- WaitPlacementGroupUntilReady request count: 0
- GetNamedPlacementGroup request count: 0
- Scheduling pending placement group count: 0
- Registered placement groups count: 0
- Named placement group count: 0
- Pending placement groups count: 0
- Infeasible placement groups count: 0

Publisher:

[runtime env manager] ID to URIs table:
[runtime env manager] URIs reference table:

GcsTaskManager: 
-Total num task events reported: 0
-Total num status task events dropped: 0
-Total num profile events dropped: 0
-Current num of task events stored: 0
-Total num of actor creation tasks: 0
-Total num of actor tasks: 0
-Total num of normal tasks: 0
-Total num of driver tasks: 0

GcsAutoscalerStateManager: 
- last_seen_autoscaler_state_version_: 0
- last_cluster_resource_state_version_: 0
- pending demands:



[2025-05-04 18:28:17,785 I 1823228 1823228] (gcs_server) gcs_server.cc:870: Main service Event stats:


Global stats: 24 total (4 active)
Queueing time: mean = 31.520 ms, max = 82.523 ms, min = 109.000 ns, total = 756.473 ms
Execution time:  mean = 6.882 ms, total = 165.156 ms
Event stats:
	GcsInMemoryStore.Put - 8 total (0 active), Execution time: mean = 10.318 ms, total = 82.541 ms, Queueing time: mean = 71.917 ms, max = 82.333 ms, min = 1.986 us, total = 575.332 ms
	GcsInMemoryStore.GetAll - 5 total (0 active), Execution time: mean = 7.297 us, total = 36.484 us, Queueing time: mean = 24.511 us, max = 25.387 us, min = 23.968 us, total = 122.557 us
	PeriodicalRunner.RunFnPeriodically - 4 total (2 active, 1 running), Execution time: mean = 2.380 us, total = 9.518 us, Queueing time: mean = 41.249 ms, max = 82.523 ms, min = 82.472 ms, total = 164.995 ms
	event_loop_lag_probe - 2 total (0 active), Execution time: mean = 5.838 us, total = 11.677 us, Queueing time: mean = 8.005 ms, max = 15.967 ms, min = 42.901 us, total = 16.010 ms
	ClusterResourceManager.ResetRemoteNodeView - 1 total (1 active), Execution time: mean = 0.000 s, total = 0.000 s, Queueing time: mean = 0.000 s, max = -0.000 s, min = 9223372036.855 s, total = 0.000 s
	GcsServer.GetOrGenerateClusterId.continuation - 1 total (0 active), Execution time: mean = 82.528 ms, total = 82.528 ms, Queueing time: mean = 109.000 ns, max = 109.000 ns, min = 109.000 ns, total = 109.000 ns
	GcsInitData::AsyncLoad - 1 total (0 active), Execution time: mean = 15.733 us, total = 15.733 us, Queueing time: mean = 297.000 ns, max = 297.000 ns, min = 297.000 ns, total = 297.000 ns
	RayletLoadPulled - 1 total (1 active), Execution time: mean = 0.000 s, total = 0.000 s, Queueing time: mean = 0.000 s, max = -0.000 s, min = 9223372036.855 s, total = 0.000 s
	GcsInMemoryStore.Get - 1 total (0 active), Execution time: mean = 14.348 us, total = 14.348 us, Queueing time: mean = 13.712 us, max = 13.712 us, min = 13.712 us, total = 13.712 us


[2025-05-04 18:28:17,785 I 1823228 1823228] (gcs_server) gcs_server.cc:874: task_io_context Event stats:


Global stats: 4 total (1 active)
Queueing time: mean = 111.965 us, max = 413.601 us, min = 13.528 us, total = 447.858 us
Execution time:  mean = 39.588 us, total = 158.352 us
Event stats:
	event_loop_lag_probe - 2 total (0 active), Execution time: mean = 76.496 us, total = 152.993 us, Queueing time: mean = 217.165 us, max = 413.601 us, min = 20.729 us, total = 434.330 us
	PeriodicalRunner.RunFnPeriodically - 1 total (0 active), Execution time: mean = 5.359 us, total = 5.359 us, Queueing time: mean = 13.528 us, max = 13.528 us, min = 13.528 us, total = 13.528 us
	GcsTaskManager.GcJobSummary - 1 total (1 active), Execution time: mean = 0.000 s, total = 0.000 s, Queueing time: mean = 0.000 s, max = -0.000 s, min = 9223372036.855 s, total = 0.000 s


[2025-05-04 18:28:17,785 I 1823228 1823228] (gcs_server) gcs_server.cc:874: pubsub_io_context Event stats:


Global stats: 4 total (1 active)
Queueing time: mean = 652.424 us, max = 1.739 ms, min = 68.242 us, total = 2.610 ms
Execution time:  mean = 29.762 us, total = 119.050 us
Event stats:
	event_loop_lag_probe - 2 total (0 active), Execution time: mean = 41.431 us, total = 82.862 us, Queueing time: mean = 903.792 us, max = 1.739 ms, min = 68.242 us, total = 1.808 ms
	PeriodicalRunner.RunFnPeriodically - 1 total (0 active), Execution time: mean = 36.188 us, total = 36.188 us, Queueing time: mean = 802.113 us, max = 802.113 us, min = 802.113 us, total = 802.113 us
	Publisher.CheckDeadSubscribers - 1 total (1 active), Execution time: mean = 0.000 s, total = 0.000 s, Queueing time: mean = 0.000 s, max = -0.000 s, min = 9223372036.855 s, total = 0.000 s


[2025-05-04 18:28:17,785 I 1823228 1823228] (gcs_server) gcs_server.cc:874: ray_syncer_io_context Event stats:


Global stats: 4 total (0 active)
Queueing time: mean = 262.735 us, max = 860.346 us, min = 18.450 us, total = 1.051 ms
Execution time:  mean = 38.508 us, total = 154.032 us
Event stats:
	event_loop_lag_probe - 2 total (0 active), Execution time: mean = 76.163 us, total = 152.326 us, Queueing time: mean = 439.398 us, max = 860.346 us, min = 18.450 us, total = 878.796 us
	RaySyncerRegister - 2 total (0 active), Execution time: mean = 853.000 ns, total = 1.706 us, Queueing time: mean = 86.072 us, max = 86.547 us, min = 85.597 us, total = 172.144 us


[2025-05-04 18:28:20,376 I 1823228 1823228] (gcs_server) gcs_node_manager.cc:88: Registering node info, address = 10.153.51.195, node name = 10.153.51.195 node_id=2e72669e0ccf6548c0b53b6bb293daa9fb5cac731baa094413e4fd2f
[2025-05-04 18:28:20,376 I 1823228 1823228] (gcs_server) gcs_node_manager.cc:94: Finished registering node info, address = 10.153.51.195, node name = 10.153.51.195, is_head_node = 1 node_id=2e72669e0ccf6548c0b53b6bb293daa9fb5cac731baa094413e4fd2f
[2025-05-04 18:28:20,376 I 1823228 1823228] (gcs_server) gcs_placement_group_manager.cc:830: A new node: 2e72669e0ccf6548c0b53b6bb293daa9fb5cac731baa094413e4fd2f registered, will try to reschedule all the infeasible placement groups.
[2025-05-04 18:28:20,382 I 1823228 1823291] (gcs_server) ray_syncer.cc:244: Get connection node_id=2e72669e0ccf6548c0b53b6bb293daa9fb5cac731baa094413e4fd2f
[2025-05-04 18:28:21,555 I 1823228 1823228] (gcs_server) gcs_job_manager.cc:90: Adding job, job id = 01000000, driver pid = 1822949
[2025-05-04 18:28:21,556 I 1823228 1823228] (gcs_server) gcs_job_manager.cc:111: Finished adding job, job id = 01000000, driver pid = 1822949
[2025-05-04 18:28:21,572 I 1823228 1823228] (gcs_server) gcs_actor_manager.cc:396: Registering actor job_id=01000000 actor_id=3e6c1ff74db2f9bb43ba281c01000000
[2025-05-04 18:28:21,573 I 1823228 1823228] (gcs_server) gcs_actor_manager.cc:401: Registered actor, job id = 01000000, actor id = 3e6c1ff74db2f9bb43ba281c01000000
[2025-05-04 18:28:21,573 I 1823228 1823228] (gcs_server) gcs_actor_manager.cc:482: Creating actor job_id=01000000 actor_id=3e6c1ff74db2f9bb43ba281c01000000
[2025-05-04 18:28:21,573 I 1823228 1823228] (gcs_server) gcs_actor_scheduler.cc:313: Start leasing worker from node 2e72669e0ccf6548c0b53b6bb293daa9fb5cac731baa094413e4fd2f for actor 3e6c1ff74db2f9bb43ba281c01000000, job id = 01000000
[2025-05-04 18:28:21,574 I 1823228 1823228] (gcs_server) gcs_actor_scheduler.cc:634: Finished leasing worker from 2e72669e0ccf6548c0b53b6bb293daa9fb5cac731baa094413e4fd2f for actor 3e6c1ff74db2f9bb43ba281c01000000, job id = 01000000
[2025-05-04 18:28:21,574 I 1823228 1823228] (gcs_server) gcs_actor_scheduler.cc:449: Start creating actor 3e6c1ff74db2f9bb43ba281c01000000 on worker 302618a898f07b1a3c1790c8c0781433149436b489596480785d7ab1 at node 2e72669e0ccf6548c0b53b6bb293daa9fb5cac731baa094413e4fd2f, job id = 01000000
[2025-05-04 18:28:30,642 I 1823228 1823228] (gcs_server) gcs_actor_scheduler.cc:486: Finished actor creation task for actor 3e6c1ff74db2f9bb43ba281c01000000 on worker 302618a898f07b1a3c1790c8c0781433149436b489596480785d7ab1 at node 2e72669e0ccf6548c0b53b6bb293daa9fb5cac731baa094413e4fd2f, job id = 01000000
[2025-05-04 18:28:30,642 I 1823228 1823228] (gcs_server) gcs_actor_manager.cc:1543: Actor created successfully job_id=01000000 actor_id=3e6c1ff74db2f9bb43ba281c01000000
[2025-05-04 18:28:30,643 I 1823228 1823228] (gcs_server) gcs_actor_manager.cc:497: Finished creating actor. Status: OK job_id=01000000 actor_id=3e6c1ff74db2f9bb43ba281c01000000
[2025-05-04 18:28:33,786 I 1823228 1823228] (gcs_server) gcs_actor_manager.cc:396: Registering actor job_id=01000000 actor_id=e7dd624f87f35d11251e944101000000
[2025-05-04 18:28:33,788 I 1823228 1823228] (gcs_server) gcs_actor_manager.cc:401: Registered actor, job id = 01000000, actor id = e7dd624f87f35d11251e944101000000
[2025-05-04 18:28:33,789 I 1823228 1823228] (gcs_server) gcs_actor_manager.cc:482: Creating actor job_id=01000000 actor_id=e7dd624f87f35d11251e944101000000
[2025-05-04 18:28:33,789 I 1823228 1823228] (gcs_server) gcs_actor_scheduler.cc:313: Start leasing worker from node 2e72669e0ccf6548c0b53b6bb293daa9fb5cac731baa094413e4fd2f for actor e7dd624f87f35d11251e944101000000, job id = 01000000
[2025-05-04 18:28:33,791 I 1823228 1823228] (gcs_server) gcs_actor_scheduler.cc:634: Finished leasing worker from 2e72669e0ccf6548c0b53b6bb293daa9fb5cac731baa094413e4fd2f for actor e7dd624f87f35d11251e944101000000, job id = 01000000
[2025-05-04 18:28:33,792 I 1823228 1823228] (gcs_server) gcs_actor_scheduler.cc:449: Start creating actor e7dd624f87f35d11251e944101000000 on worker 6bb628573684261986c41e5b47b43ae0511d4915ee4fd72307047415 at node 2e72669e0ccf6548c0b53b6bb293daa9fb5cac731baa094413e4fd2f, job id = 01000000
[2025-05-04 18:28:33,920 I 1823228 1823228] (gcs_server) gcs_actor_manager.cc:396: Registering actor job_id=01000000 actor_id=1087fd4906d5a0dec548dcd301000000
[2025-05-04 18:28:33,921 I 1823228 1823228] (gcs_server) gcs_actor_manager.cc:401: Registered actor, job id = 01000000, actor id = 1087fd4906d5a0dec548dcd301000000
[2025-05-04 18:28:33,923 I 1823228 1823228] (gcs_server) gcs_actor_manager.cc:482: Creating actor job_id=01000000 actor_id=1087fd4906d5a0dec548dcd301000000
[2025-05-04 18:28:33,923 I 1823228 1823228] (gcs_server) gcs_actor_scheduler.cc:313: Start leasing worker from node 2e72669e0ccf6548c0b53b6bb293daa9fb5cac731baa094413e4fd2f for actor 1087fd4906d5a0dec548dcd301000000, job id = 01000000
[2025-05-04 18:28:33,926 I 1823228 1823228] (gcs_server) gcs_actor_scheduler.cc:634: Finished leasing worker from 2e72669e0ccf6548c0b53b6bb293daa9fb5cac731baa094413e4fd2f for actor 1087fd4906d5a0dec548dcd301000000, job id = 01000000
[2025-05-04 18:28:33,927 I 1823228 1823228] (gcs_server) gcs_actor_scheduler.cc:449: Start creating actor 1087fd4906d5a0dec548dcd301000000 on worker 61b8b1cd2124604c82f795fe835ade2c055774e722a42352d72de5bf at node 2e72669e0ccf6548c0b53b6bb293daa9fb5cac731baa094413e4fd2f, job id = 01000000
[2025-05-04 18:28:38,867 I 1823228 1823228] (gcs_server) gcs_actor_scheduler.cc:486: Finished actor creation task for actor e7dd624f87f35d11251e944101000000 on worker 6bb628573684261986c41e5b47b43ae0511d4915ee4fd72307047415 at node 2e72669e0ccf6548c0b53b6bb293daa9fb5cac731baa094413e4fd2f, job id = 01000000
[2025-05-04 18:28:38,867 I 1823228 1823228] (gcs_server) gcs_actor_manager.cc:1543: Actor created successfully job_id=01000000 actor_id=e7dd624f87f35d11251e944101000000
[2025-05-04 18:28:38,867 I 1823228 1823228] (gcs_server) gcs_actor_manager.cc:497: Finished creating actor. Status: OK job_id=01000000 actor_id=e7dd624f87f35d11251e944101000000
[2025-05-04 18:28:38,880 I 1823228 1823228] (gcs_server) gcs_actor_scheduler.cc:486: Finished actor creation task for actor 1087fd4906d5a0dec548dcd301000000 on worker 61b8b1cd2124604c82f795fe835ade2c055774e722a42352d72de5bf at node 2e72669e0ccf6548c0b53b6bb293daa9fb5cac731baa094413e4fd2f, job id = 01000000
[2025-05-04 18:28:38,880 I 1823228 1823228] (gcs_server) gcs_actor_manager.cc:1543: Actor created successfully job_id=01000000 actor_id=1087fd4906d5a0dec548dcd301000000
[2025-05-04 18:28:38,881 I 1823228 1823228] (gcs_server) gcs_actor_manager.cc:497: Finished creating actor. Status: OK job_id=01000000 actor_id=1087fd4906d5a0dec548dcd301000000
[2025-05-04 18:28:39,180 I 1823228 1823228] (gcs_server) gcs_actor_manager.cc:1029: Destroying actor job_id=01000000 actor_id=e7dd624f87f35d11251e944101000000
[2025-05-04 18:28:39,181 I 1823228 1823228] (gcs_server) gcs_actor_manager.cc:1029: Destroying actor job_id=01000000 actor_id=1087fd4906d5a0dec548dcd301000000
[2025-05-04 18:28:39,182 I 1823228 1823228] (gcs_server) gcs_actor_manager.cc:1008: Actor 1087fd4906d5a0dec548dcd301000000 has no references, destroying actor, job id = 01000000
[2025-05-04 18:28:39,182 I 1823228 1823228] (gcs_server) gcs_actor_manager.cc:1008: Actor e7dd624f87f35d11251e944101000000 has no references, destroying actor, job id = 01000000
[2025-05-04 18:28:39,421 I 1823228 1823228] (gcs_server) gcs_actor_manager.cc:1029: Destroying actor job_id=01000000 actor_id=3e6c1ff74db2f9bb43ba281c01000000
[2025-05-04 18:28:39,422 I 1823228 1823228] (gcs_server) gcs_actor_manager.cc:1008: Actor 3e6c1ff74db2f9bb43ba281c01000000 has no references, destroying actor, job id = 01000000
[2025-05-04 18:28:40,013 I 1823228 1823228] (gcs_server) gcs_job_manager.cc:149: Finished marking job state, job id = 01000000
[2025-05-04 18:28:40,064 I 1823228 1823228] (gcs_server) gcs_node_manager.cc:382: Removing node, node name = 10.153.51.195, death reason = EXPECTED_TERMINATION, death message = received SIGTERM node_id=2e72669e0ccf6548c0b53b6bb293daa9fb5cac731baa094413e4fd2f
[2025-05-04 18:28:40,064 I 1823228 1823228] (gcs_server) gcs_placement_group_manager.cc:800: Node failed, rescheduling the placement groups on the dead node. node_id=2e72669e0ccf6548c0b53b6bb293daa9fb5cac731baa094413e4fd2f
[2025-05-04 18:28:40,064 I 1823228 1823228] (gcs_server) gcs_actor_manager.cc:1282: Node failed, reconstructing actors. node_id=2e72669e0ccf6548c0b53b6bb293daa9fb5cac731baa094413e4fd2f
[2025-05-04 18:28:40,064 I 1823228 1823228] (gcs_server) gcs_job_manager.cc:467: Node failed, mark all jobs from this node as finished node_id=2e72669e0ccf6548c0b53b6bb293daa9fb5cac731baa094413e4fd2f
[2025-05-04 18:28:40,244 I 1823228 1823277] (gcs_server) ray_syncer_bidi_reactor_base.h:182: Failed to read the message from: 2e72669e0ccf6548c0b53b6bb293daa9fb5cac731baa094413e4fd2f
[2025-05-04 18:28:40,244 I 1823228 1823277] (gcs_server) ray_syncer.cc:241: Connection is broken. node_id=2e72669e0ccf6548c0b53b6bb293daa9fb5cac731baa094413e4fd2f
[2025-05-04 18:28:40,278 I 1823228 1823228] (gcs_server) gcs_server_main.cc:175: GCS server received SIGTERM, shutting down...
[2025-05-04 18:28:40,279 I 1823228 1823228] (gcs_server) gcs_server.cc:267: Stopping GCS server.
[2025-05-04 18:28:40,306 I 1823228 1823228] (gcs_server) gcs_server.cc:284: GCS server stopped.
[2025-05-04 18:28:40,307 I 1823228 1823228] (gcs_server) io_service_pool.cc:47: IOServicePool is stopped.
[2025-05-04 18:28:40,318 I 1823228 1823228] (gcs_server) stats.h:120: Stats module has shutdown.
