[2025-05-04 15:31:52,477 I 1715721 1715721] (gcs_server) gcs_server_main.cc:95: Ray cluster metadata ray_version=2.43.0 ray_commit=ecdcdc6a6e63dc4bcd6ea16aae256ce4d32a7e2c
[2025-05-04 15:31:52,477 I 1715721 1715721] (gcs_server) io_service_pool.cc:35: IOServicePool is running with 1 io_service.
[2025-05-04 15:31:52,486 I 1715721 1715721] (gcs_server) event.cc:500: Ray Event initialized for GCS
[2025-05-04 15:31:52,490 I 1715721 1715721] (gcs_server) event.cc:500: Ray Event initialized for EXPORT_NODE
[2025-05-04 15:31:52,491 I 1715721 1715721] (gcs_server) event.cc:500: Ray Event initialized for EXPORT_ACTOR
[2025-05-04 15:31:52,492 I 1715721 1715721] (gcs_server) event.cc:500: Ray Event initialized for EXPORT_DRIVER_JOB
[2025-05-04 15:31:52,492 I 1715721 1715721] (gcs_server) event.cc:331: Set ray event level to warning
[2025-05-04 15:31:52,493 I 1715721 1715721] (gcs_server) gcs_server.cc:73: GCS storage type is StorageType::IN_MEMORY
[2025-05-04 15:31:52,493 I 1715721 1715721] (gcs_server) gcs_init_data.cc:42: Loading job table data.
[2025-05-04 15:31:52,493 I 1715721 1715721] (gcs_server) gcs_init_data.cc:52: Loading node table data.
[2025-05-04 15:31:52,493 I 1715721 1715721] (gcs_server) gcs_init_data.cc:74: Loading actor table data.
[2025-05-04 15:31:52,493 I 1715721 1715721] (gcs_server) gcs_init_data.cc:85: Loading actor task spec table data.
[2025-05-04 15:31:52,493 I 1715721 1715721] (gcs_server) gcs_init_data.cc:62: Loading placement group table data.
[2025-05-04 15:31:52,493 I 1715721 1715721] (gcs_server) gcs_init_data.cc:46: Finished loading job table data, size = 0
[2025-05-04 15:31:52,493 I 1715721 1715721] (gcs_server) gcs_init_data.cc:56: Finished loading node table data, size = 0
[2025-05-04 15:31:52,493 I 1715721 1715721] (gcs_server) gcs_init_data.cc:79: Finished loading actor table data, size = 0
[2025-05-04 15:31:52,493 I 1715721 1715721] (gcs_server) gcs_init_data.cc:90: Finished loading actor task spec table data, size = 0
[2025-05-04 15:31:52,493 I 1715721 1715721] (gcs_server) gcs_init_data.cc:68: Finished loading placement group table data, size = 0
[2025-05-04 15:31:52,493 I 1715721 1715721] (gcs_server) gcs_server.cc:157: No existing server cluster ID found. Generating new ID: 18ee7356c36074ced58d9d6a464a7d22c17a997d386d1f6677b76054
[2025-05-04 15:31:52,494 I 1715721 1715721] (gcs_server) gcs_server.cc:672: Autoscaler V2 enabled: 0
[2025-05-04 15:31:52,495 I 1715721 1715721] (gcs_server) grpc_server.cc:135: GcsServer server started, listening on port 62839.
[2025-05-04 15:31:52,589 I 1715721 1715721] (gcs_server) gcs_server.cc:245: Gcs Debug state:

GcsNodeManager: 
- RegisterNode request count: 0
- DrainNode request count: 0
- GetAllNodeInfo request count: 0

GcsActorManager: 
- RegisterActor request count: 0
- CreateActor request count: 0
- GetActorInfo request count: 0
- GetNamedActorInfo request count: 0
- GetAllActorInfo request count: 0
- KillActor request count: 0
- ListNamedActors request count: 0
- Registered actors count: 0
- Destroyed actors count: 0
- Named actors count: 0
- Unresolved actors count: 0
- Pending actors count: 0
- Created actors count: 0
- owners_: 0
- actor_to_register_callbacks_: 0
- actor_to_restart_callbacks_: 0
- actor_to_create_callbacks_: 0
- sorted_destroyed_actor_list_: 0

GcsResourceManager: 
- GetAllAvailableResources request count: 0
- GetAllTotalResources request count: 0
- GetAllResourceUsage request count: 0

GcsPlacementGroupManager: 
- CreatePlacementGroup request count: 0
- RemovePlacementGroup request count: 0
- GetPlacementGroup request count: 0
- GetAllPlacementGroup request count: 0
- WaitPlacementGroupUntilReady request count: 0
- GetNamedPlacementGroup request count: 0
- Scheduling pending placement group count: 0
- Registered placement groups count: 0
- Named placement group count: 0
- Pending placement groups count: 0
- Infeasible placement groups count: 0

Publisher:

[runtime env manager] ID to URIs table:
[runtime env manager] URIs reference table:

GcsTaskManager: 
-Total num task events reported: 0
-Total num status task events dropped: 0
-Total num profile events dropped: 0
-Current num of task events stored: 0
-Total num of actor creation tasks: 0
-Total num of actor tasks: 0
-Total num of normal tasks: 0
-Total num of driver tasks: 0

GcsAutoscalerStateManager: 
- last_seen_autoscaler_state_version_: 0
- last_cluster_resource_state_version_: 0
- pending demands:



[2025-05-04 15:31:52,590 I 1715721 1715721] (gcs_server) gcs_server.cc:870: Main service Event stats:


Global stats: 26 total (6 active)
Queueing time: mean = 33.662 ms, max = 95.767 ms, min = 67.000 ns, total = 875.219 ms
Execution time:  mean = 7.371 ms, total = 191.655 ms
Event stats:
	GcsInMemoryStore.Put - 8 total (0 active), Execution time: mean = 11.973 ms, total = 95.782 ms, Queueing time: mean = 83.390 ms, max = 95.452 ms, min = 2.658 us, total = 667.119 ms
	GcsInMemoryStore.GetAll - 5 total (0 active), Execution time: mean = 7.794 us, total = 38.971 us, Queueing time: mean = 27.673 us, max = 29.610 us, min = 25.666 us, total = 138.365 us
	PeriodicalRunner.RunFnPeriodically - 4 total (2 active, 1 running), Execution time: mean = 3.506 us, total = 14.023 us, Queueing time: mean = 47.867 ms, max = 95.767 ms, min = 95.700 ms, total = 191.467 ms
	event_loop_lag_probe - 2 total (0 active), Execution time: mean = 10.284 us, total = 20.569 us, Queueing time: mean = 8.236 ms, max = 16.424 ms, min = 47.722 us, total = 16.471 ms
	GcsServer.GetOrGenerateClusterId.continuation - 1 total (0 active), Execution time: mean = 95.763 ms, total = 95.763 ms, Queueing time: mean = 67.000 ns, max = 67.000 ns, min = 67.000 ns, total = 67.000 ns
	NodeInfoGcsService.grpc_server.GetClusterId.HandleRequestImpl - 1 total (1 active), Execution time: mean = 0.000 s, total = 0.000 s, Queueing time: mean = 0.000 s, max = -0.000 s, min = 9223372036.855 s, total = 0.000 s
	GcsInitData::AsyncLoad - 1 total (0 active), Execution time: mean = 15.500 us, total = 15.500 us, Queueing time: mean = 689.000 ns, max = 689.000 ns, min = 689.000 ns, total = 689.000 ns
	RayletLoadPulled - 1 total (1 active), Execution time: mean = 0.000 s, total = 0.000 s, Queueing time: mean = 0.000 s, max = -0.000 s, min = 9223372036.855 s, total = 0.000 s
	ClusterResourceManager.ResetRemoteNodeView - 1 total (1 active), Execution time: mean = 0.000 s, total = 0.000 s, Queueing time: mean = 0.000 s, max = -0.000 s, min = 9223372036.855 s, total = 0.000 s
	NodeInfoGcsService.grpc_server.GetClusterId - 1 total (1 active), Execution time: mean = 0.000 s, total = 0.000 s, Queueing time: mean = 0.000 s, max = -0.000 s, min = 9223372036.855 s, total = 0.000 s
	GcsInMemoryStore.Get - 1 total (0 active), Execution time: mean = 20.872 us, total = 20.872 us, Queueing time: mean = 22.470 us, max = 22.470 us, min = 22.470 us, total = 22.470 us


[2025-05-04 15:31:52,590 I 1715721 1715721] (gcs_server) gcs_server.cc:874: task_io_context Event stats:


Global stats: 4 total (1 active)
Queueing time: mean = 76.962 us, max = 265.570 us, min = 17.799 us, total = 307.848 us
Execution time:  mean = 48.429 us, total = 193.718 us
Event stats:
	event_loop_lag_probe - 2 total (0 active), Execution time: mean = 90.586 us, total = 181.172 us, Queueing time: mean = 145.024 us, max = 265.570 us, min = 24.479 us, total = 290.049 us
	PeriodicalRunner.RunFnPeriodically - 1 total (0 active), Execution time: mean = 12.546 us, total = 12.546 us, Queueing time: mean = 17.799 us, max = 17.799 us, min = 17.799 us, total = 17.799 us
	GcsTaskManager.GcJobSummary - 1 total (1 active), Execution time: mean = 0.000 s, total = 0.000 s, Queueing time: mean = 0.000 s, max = -0.000 s, min = 9223372036.855 s, total = 0.000 s


[2025-05-04 15:31:52,590 I 1715721 1715721] (gcs_server) gcs_server.cc:874: pubsub_io_context Event stats:


Global stats: 4 total (1 active)
Queueing time: mean = 392.145 us, max = 1.292 ms, min = 80.629 us, total = 1.569 ms
Execution time:  mean = 31.349 us, total = 125.395 us
Event stats:
	event_loop_lag_probe - 2 total (0 active), Execution time: mean = 36.174 us, total = 72.348 us, Queueing time: mean = 686.544 us, max = 1.292 ms, min = 80.629 us, total = 1.373 ms
	PeriodicalRunner.RunFnPeriodically - 1 total (0 active), Execution time: mean = 53.047 us, total = 53.047 us, Queueing time: mean = 195.492 us, max = 195.492 us, min = 195.492 us, total = 195.492 us
	Publisher.CheckDeadSubscribers - 1 total (1 active), Execution time: mean = 0.000 s, total = 0.000 s, Queueing time: mean = 0.000 s, max = -0.000 s, min = 9223372036.855 s, total = 0.000 s


[2025-05-04 15:31:52,590 I 1715721 1715721] (gcs_server) gcs_server.cc:874: ray_syncer_io_context Event stats:


Global stats: 4 total (0 active)
Queueing time: mean = 90.181 us, max = 299.433 us, min = 17.609 us, total = 360.725 us
Execution time:  mean = 39.992 us, total = 159.966 us
Event stats:
	event_loop_lag_probe - 2 total (0 active), Execution time: mean = 78.996 us, total = 157.993 us, Queueing time: mean = 159.973 us, max = 299.433 us, min = 20.513 us, total = 319.946 us
	RaySyncerRegister - 2 total (0 active), Execution time: mean = 986.500 ns, total = 1.973 us, Queueing time: mean = 20.390 us, max = 23.170 us, min = 17.609 us, total = 40.779 us


[2025-05-04 15:31:55,503 I 1715721 1715721] (gcs_server) gcs_node_manager.cc:88: Registering node info, address = 10.153.51.195, node name = 10.153.51.195 node_id=2f7fe2ddd5762cc8a1e7f9da2223784bc20b97bbad230ae86f24f062
[2025-05-04 15:31:55,503 I 1715721 1715721] (gcs_server) gcs_node_manager.cc:94: Finished registering node info, address = 10.153.51.195, node name = 10.153.51.195, is_head_node = 1 node_id=2f7fe2ddd5762cc8a1e7f9da2223784bc20b97bbad230ae86f24f062
[2025-05-04 15:31:55,503 I 1715721 1715721] (gcs_server) gcs_placement_group_manager.cc:830: A new node: 2f7fe2ddd5762cc8a1e7f9da2223784bc20b97bbad230ae86f24f062 registered, will try to reschedule all the infeasible placement groups.
[2025-05-04 15:31:55,513 I 1715721 1715783] (gcs_server) ray_syncer.cc:244: Get connection node_id=2f7fe2ddd5762cc8a1e7f9da2223784bc20b97bbad230ae86f24f062
[2025-05-04 15:31:56,820 I 1715721 1715721] (gcs_server) gcs_job_manager.cc:90: Adding job, job id = 01000000, driver pid = 1715319
[2025-05-04 15:31:56,820 I 1715721 1715721] (gcs_server) gcs_job_manager.cc:111: Finished adding job, job id = 01000000, driver pid = 1715319
[2025-05-04 15:31:56,851 I 1715721 1715721] (gcs_server) gcs_actor_manager.cc:396: Registering actor job_id=01000000 actor_id=e5674e1be8a189456293afad01000000
[2025-05-04 15:31:56,852 I 1715721 1715721] (gcs_server) gcs_actor_manager.cc:401: Registered actor, job id = 01000000, actor id = e5674e1be8a189456293afad01000000
[2025-05-04 15:31:56,853 I 1715721 1715721] (gcs_server) gcs_actor_manager.cc:482: Creating actor job_id=01000000 actor_id=e5674e1be8a189456293afad01000000
[2025-05-04 15:31:56,853 I 1715721 1715721] (gcs_server) gcs_actor_scheduler.cc:313: Start leasing worker from node 2f7fe2ddd5762cc8a1e7f9da2223784bc20b97bbad230ae86f24f062 for actor e5674e1be8a189456293afad01000000, job id = 01000000
[2025-05-04 15:31:56,855 I 1715721 1715721] (gcs_server) gcs_actor_scheduler.cc:634: Finished leasing worker from 2f7fe2ddd5762cc8a1e7f9da2223784bc20b97bbad230ae86f24f062 for actor e5674e1be8a189456293afad01000000, job id = 01000000
[2025-05-04 15:31:56,856 I 1715721 1715721] (gcs_server) gcs_actor_scheduler.cc:449: Start creating actor e5674e1be8a189456293afad01000000 on worker d344b057f1e2b8cff73c968d18f12ee1b33cf4ab6e3f5f9daa9728c4 at node 2f7fe2ddd5762cc8a1e7f9da2223784bc20b97bbad230ae86f24f062, job id = 01000000
[2025-05-04 15:32:07,437 I 1715721 1715721] (gcs_server) gcs_actor_scheduler.cc:486: Finished actor creation task for actor e5674e1be8a189456293afad01000000 on worker d344b057f1e2b8cff73c968d18f12ee1b33cf4ab6e3f5f9daa9728c4 at node 2f7fe2ddd5762cc8a1e7f9da2223784bc20b97bbad230ae86f24f062, job id = 01000000
[2025-05-04 15:32:07,437 I 1715721 1715721] (gcs_server) gcs_actor_manager.cc:1543: Actor created successfully job_id=01000000 actor_id=e5674e1be8a189456293afad01000000
[2025-05-04 15:32:07,438 I 1715721 1715721] (gcs_server) gcs_actor_manager.cc:497: Finished creating actor. Status: OK job_id=01000000 actor_id=e5674e1be8a189456293afad01000000
[2025-05-04 15:32:10,480 I 1715721 1715721] (gcs_server) gcs_actor_manager.cc:396: Registering actor job_id=01000000 actor_id=19d4bf340a1382882baded6e01000000
[2025-05-04 15:32:10,482 I 1715721 1715721] (gcs_server) gcs_actor_manager.cc:401: Registered actor, job id = 01000000, actor id = 19d4bf340a1382882baded6e01000000
[2025-05-04 15:32:10,483 I 1715721 1715721] (gcs_server) gcs_actor_manager.cc:482: Creating actor job_id=01000000 actor_id=19d4bf340a1382882baded6e01000000
[2025-05-04 15:32:10,483 I 1715721 1715721] (gcs_server) gcs_actor_scheduler.cc:313: Start leasing worker from node 2f7fe2ddd5762cc8a1e7f9da2223784bc20b97bbad230ae86f24f062 for actor 19d4bf340a1382882baded6e01000000, job id = 01000000
[2025-05-04 15:32:10,486 I 1715721 1715721] (gcs_server) gcs_actor_scheduler.cc:634: Finished leasing worker from 2f7fe2ddd5762cc8a1e7f9da2223784bc20b97bbad230ae86f24f062 for actor 19d4bf340a1382882baded6e01000000, job id = 01000000
[2025-05-04 15:32:10,486 I 1715721 1715721] (gcs_server) gcs_actor_scheduler.cc:449: Start creating actor 19d4bf340a1382882baded6e01000000 on worker 08aded8513595681463030e9985191de1eeec1f97f08656093538157 at node 2f7fe2ddd5762cc8a1e7f9da2223784bc20b97bbad230ae86f24f062, job id = 01000000
[2025-05-04 15:32:10,626 I 1715721 1715721] (gcs_server) gcs_actor_manager.cc:396: Registering actor job_id=01000000 actor_id=fc68fbbab262b157c59789b601000000
[2025-05-04 15:32:10,627 I 1715721 1715721] (gcs_server) gcs_actor_manager.cc:401: Registered actor, job id = 01000000, actor id = fc68fbbab262b157c59789b601000000
[2025-05-04 15:32:10,629 I 1715721 1715721] (gcs_server) gcs_actor_manager.cc:482: Creating actor job_id=01000000 actor_id=fc68fbbab262b157c59789b601000000
[2025-05-04 15:32:10,629 I 1715721 1715721] (gcs_server) gcs_actor_scheduler.cc:313: Start leasing worker from node 2f7fe2ddd5762cc8a1e7f9da2223784bc20b97bbad230ae86f24f062 for actor fc68fbbab262b157c59789b601000000, job id = 01000000
[2025-05-04 15:32:10,631 I 1715721 1715721] (gcs_server) gcs_actor_scheduler.cc:634: Finished leasing worker from 2f7fe2ddd5762cc8a1e7f9da2223784bc20b97bbad230ae86f24f062 for actor fc68fbbab262b157c59789b601000000, job id = 01000000
[2025-05-04 15:32:10,631 I 1715721 1715721] (gcs_server) gcs_actor_scheduler.cc:449: Start creating actor fc68fbbab262b157c59789b601000000 on worker f629c375a5e454573f3c37946f46f7da788b518dae56c867966e88b3 at node 2f7fe2ddd5762cc8a1e7f9da2223784bc20b97bbad230ae86f24f062, job id = 01000000
[2025-05-04 15:32:15,940 I 1715721 1715721] (gcs_server) gcs_actor_scheduler.cc:486: Finished actor creation task for actor 19d4bf340a1382882baded6e01000000 on worker 08aded8513595681463030e9985191de1eeec1f97f08656093538157 at node 2f7fe2ddd5762cc8a1e7f9da2223784bc20b97bbad230ae86f24f062, job id = 01000000
[2025-05-04 15:32:15,940 I 1715721 1715721] (gcs_server) gcs_actor_manager.cc:1535: Failed to create an actor due to the application failure job_id=01000000 actor_id=19d4bf340a1382882baded6e01000000
[2025-05-04 15:32:15,940 I 1715721 1715721] (gcs_server) gcs_actor_manager.cc:497: Finished creating actor. Status: CreationTaskError: User exception:
[36mray::BatchFunctionRewardManager.__init__()[39m (pid=1716111, ip=10.153.51.195, actor_id=19d4bf340a1382882baded6e01000000, repr=<verl.workers.reward.function.BatchFunctionRewardManager object at 0x700654759fd0>)
           ^^^^^^^^^^^^^^^^^^^^^^^^^^^^^^^^^^^^
           ^^^^^^^^^^^^^^^^^^^^^^^^^^^^^^^
  File "/home/stud/wxie/EasyR1/verl/workers/reward/function.py", line 46, in __init__
    raise ValueError("Reward function is not provided.")
ValueError: Reward function is not provided.

System error:
CreationTaskError: Exception raised from an actor init method. Traceback: The actor died because of an error raised in its creation task, [36mray::BatchFunctionRewardManager.__init__()[39m (pid=1716111, ip=10.153.51.195, actor_id=19d4bf340a1382882baded6e01000000, repr=<verl.workers.reward.function.BatchFunctionRewardManager object at 0x700654759fd0>)
           ^^^^^^^^^^^^^^^^^^^^^^^^^^^^^^^^^^^^
           ^^^^^^^^^^^^^^^^^^^^^^^^^^^^^^^
  File "/home/stud/wxie/EasyR1/verl/workers/reward/function.py", line 46, in __init__
    raise ValueError("Reward function is not provided.")
ValueError: Reward function is not provided. job_id=01000000 actor_id=19d4bf340a1382882baded6e01000000
[2025-05-04 15:32:15,955 W 1715721 1715721] (gcs_server) gcs_worker_manager.cc:59: Reporting worker exit, worker id = 08aded8513595681463030e9985191de1eeec1f97f08656093538157, node id = 2f7fe2ddd5762cc8a1e7f9da2223784bc20b97bbad230ae86f24f062, address = 10.153.51.195, exit_type = USER_ERROR, exit_detail = Worker exits because there was an exception in the initialization method (e.g., __init__). Fix the exceptions from the initialization to resolve the issue. Exception raised from an actor init method. Traceback: The actor died because of an error raised in its creation task, [36mray::BatchFunctionRewardManager.__init__()[39m (pid=1716111, ip=10.153.51.195, actor_id=19d4bf340a1382882baded6e01000000, repr=<verl.workers.reward.function.BatchFunctionRewardManager object at 0x700654759fd0>)
           ^^^^^^^^^^^^^^^^^^^^^^^^^^^^^^^^^^^^
           ^^^^^^^^^^^^^^^^^^^^^^^^^^^^^^^
  File "/home/stud/wxie/EasyR1/verl/workers/reward/function.py", line 46, in __init__
    raise ValueError("Reward function is not provided.")
ValueError: Reward function is not provided.. Unintentional worker failures have been reported. If there are lots of this logs, that might indicate there are unexpected failures in the cluster.
[2025-05-04 15:32:15,955 W 1715721 1715721] (gcs_server) gcs_actor_manager.cc:1204: Worker 08aded8513595681463030e9985191de1eeec1f97f08656093538157 on node 2f7fe2ddd5762cc8a1e7f9da2223784bc20b97bbad230ae86f24f062 exits, type=USER_ERROR, has creation_task_exception = 1 worker_id=08aded8513595681463030e9985191de1eeec1f97f08656093538157
[2025-05-04 15:32:15,955 I 1715721 1715721] (gcs_server) gcs_actor_manager.cc:1408: Actor is failed on worker 08aded8513595681463030e9985191de1eeec1f97f08656093538157 at node 2f7fe2ddd5762cc8a1e7f9da2223784bc20b97bbad230ae86f24f062, need_reschedule = 0, death context type = CreationTaskFailureContext, remaining_restarts = 0 job_id=01000000 actor_id=19d4bf340a1382882baded6e01000000
[2025-05-04 15:32:16,317 I 1715721 1715721] (gcs_server) gcs_actor_scheduler.cc:486: Finished actor creation task for actor fc68fbbab262b157c59789b601000000 on worker f629c375a5e454573f3c37946f46f7da788b518dae56c867966e88b3 at node 2f7fe2ddd5762cc8a1e7f9da2223784bc20b97bbad230ae86f24f062, job id = 01000000
[2025-05-04 15:32:16,317 I 1715721 1715721] (gcs_server) gcs_actor_manager.cc:1535: Failed to create an actor due to the application failure job_id=01000000 actor_id=fc68fbbab262b157c59789b601000000
[2025-05-04 15:32:16,317 I 1715721 1715721] (gcs_server) gcs_actor_manager.cc:497: Finished creating actor. Status: CreationTaskError: User exception:
[36mray::BatchFunctionRewardManager.__init__()[39m (pid=1716104, ip=10.153.51.195, actor_id=fc68fbbab262b157c59789b601000000, repr=<verl.workers.reward.function.BatchFunctionRewardManager object at 0x7dd19c2b20d0>)
           ^^^^^^^^^^^^^^^^^^^^^^^^^^^^^^^^^^^^
           ^^^^^^^^^^^^^^^^^^^^^^^^^^^^^^^
  File "/home/stud/wxie/EasyR1/verl/workers/reward/function.py", line 46, in __init__
    raise ValueError("Reward function is not provided.")
ValueError: Reward function is not provided.

System error:
CreationTaskError: Exception raised from an actor init method. Traceback: The actor died because of an error raised in its creation task, [36mray::BatchFunctionRewardManager.__init__()[39m (pid=1716104, ip=10.153.51.195, actor_id=fc68fbbab262b157c59789b601000000, repr=<verl.workers.reward.function.BatchFunctionRewardManager object at 0x7dd19c2b20d0>)
           ^^^^^^^^^^^^^^^^^^^^^^^^^^^^^^^^^^^^
           ^^^^^^^^^^^^^^^^^^^^^^^^^^^^^^^
  File "/home/stud/wxie/EasyR1/verl/workers/reward/function.py", line 46, in __init__
    raise ValueError("Reward function is not provided.")
ValueError: Reward function is not provided. job_id=01000000 actor_id=fc68fbbab262b157c59789b601000000
[2025-05-04 15:32:16,330 W 1715721 1715721] (gcs_server) gcs_worker_manager.cc:59: Reporting worker exit, worker id = f629c375a5e454573f3c37946f46f7da788b518dae56c867966e88b3, node id = 2f7fe2ddd5762cc8a1e7f9da2223784bc20b97bbad230ae86f24f062, address = 10.153.51.195, exit_type = USER_ERROR, exit_detail = Worker exits because there was an exception in the initialization method (e.g., __init__). Fix the exceptions from the initialization to resolve the issue. Exception raised from an actor init method. Traceback: The actor died because of an error raised in its creation task, [36mray::BatchFunctionRewardManager.__init__()[39m (pid=1716104, ip=10.153.51.195, actor_id=fc68fbbab262b157c59789b601000000, repr=<verl.workers.reward.function.BatchFunctionRewardManager object at 0x7dd19c2b20d0>)
           ^^^^^^^^^^^^^^^^^^^^^^^^^^^^^^^^^^^^
           ^^^^^^^^^^^^^^^^^^^^^^^^^^^^^^^
  File "/home/stud/wxie/EasyR1/verl/workers/reward/function.py", line 46, in __init__
    raise ValueError("Reward function is not provided.")
ValueError: Reward function is not provided.. Unintentional worker failures have been reported. If there are lots of this logs, that might indicate there are unexpected failures in the cluster.
[2025-05-04 15:32:16,330 W 1715721 1715721] (gcs_server) gcs_actor_manager.cc:1204: Worker f629c375a5e454573f3c37946f46f7da788b518dae56c867966e88b3 on node 2f7fe2ddd5762cc8a1e7f9da2223784bc20b97bbad230ae86f24f062 exits, type=USER_ERROR, has creation_task_exception = 1 worker_id=f629c375a5e454573f3c37946f46f7da788b518dae56c867966e88b3
[2025-05-04 15:32:16,330 I 1715721 1715721] (gcs_server) gcs_actor_manager.cc:1408: Actor is failed on worker f629c375a5e454573f3c37946f46f7da788b518dae56c867966e88b3 at node 2f7fe2ddd5762cc8a1e7f9da2223784bc20b97bbad230ae86f24f062, need_reschedule = 0, death context type = CreationTaskFailureContext, remaining_restarts = 0 job_id=01000000 actor_id=fc68fbbab262b157c59789b601000000
[2025-05-04 15:32:18,552 I 1715721 1715721] (gcs_server) gcs_actor_manager.cc:1029: Destroying actor job_id=01000000 actor_id=19d4bf340a1382882baded6e01000000
[2025-05-04 15:32:18,553 I 1715721 1715721] (gcs_server) gcs_actor_manager.cc:1008: Actor 19d4bf340a1382882baded6e01000000 has no references, destroying actor, job id = 01000000
[2025-05-04 15:32:18,553 I 1715721 1715721] (gcs_server) gcs_actor_manager.cc:1029: Destroying actor job_id=01000000 actor_id=19d4bf340a1382882baded6e01000000
[2025-05-04 15:32:18,553 I 1715721 1715721] (gcs_server) gcs_actor_manager.cc:1034: Tried to destroy actor that does not exist actor_id=19d4bf340a1382882baded6e01000000
[2025-05-04 15:32:18,555 I 1715721 1715721] (gcs_server) gcs_actor_manager.cc:1029: Destroying actor job_id=01000000 actor_id=fc68fbbab262b157c59789b601000000
[2025-05-04 15:32:18,555 I 1715721 1715721] (gcs_server) gcs_actor_manager.cc:1008: Actor fc68fbbab262b157c59789b601000000 has no references, destroying actor, job id = 01000000
[2025-05-04 15:32:18,737 I 1715721 1715721] (gcs_server) gcs_actor_manager.cc:1029: Destroying actor job_id=01000000 actor_id=e5674e1be8a189456293afad01000000
[2025-05-04 15:32:18,739 I 1715721 1715721] (gcs_server) gcs_actor_manager.cc:1008: Actor e5674e1be8a189456293afad01000000 has no references, destroying actor, job id = 01000000
[2025-05-04 15:32:19,327 I 1715721 1715721] (gcs_server) gcs_job_manager.cc:149: Finished marking job state, job id = 01000000
[2025-05-04 15:32:19,383 I 1715721 1715721] (gcs_server) gcs_node_manager.cc:382: Removing node, node name = 10.153.51.195, death reason = EXPECTED_TERMINATION, death message = received SIGTERM node_id=2f7fe2ddd5762cc8a1e7f9da2223784bc20b97bbad230ae86f24f062
[2025-05-04 15:32:19,383 I 1715721 1715721] (gcs_server) gcs_placement_group_manager.cc:800: Node failed, rescheduling the placement groups on the dead node. node_id=2f7fe2ddd5762cc8a1e7f9da2223784bc20b97bbad230ae86f24f062
[2025-05-04 15:32:19,383 I 1715721 1715721] (gcs_server) gcs_actor_manager.cc:1282: Node failed, reconstructing actors. node_id=2f7fe2ddd5762cc8a1e7f9da2223784bc20b97bbad230ae86f24f062
[2025-05-04 15:32:19,383 I 1715721 1715721] (gcs_server) gcs_job_manager.cc:467: Node failed, mark all jobs from this node as finished node_id=2f7fe2ddd5762cc8a1e7f9da2223784bc20b97bbad230ae86f24f062
[2025-05-04 15:32:19,564 I 1715721 1715770] (gcs_server) ray_syncer_bidi_reactor_base.h:182: Failed to read the message from: 2f7fe2ddd5762cc8a1e7f9da2223784bc20b97bbad230ae86f24f062
[2025-05-04 15:32:19,564 I 1715721 1715770] (gcs_server) ray_syncer.cc:241: Connection is broken. node_id=2f7fe2ddd5762cc8a1e7f9da2223784bc20b97bbad230ae86f24f062
[2025-05-04 15:32:19,597 I 1715721 1715721] (gcs_server) gcs_server_main.cc:175: GCS server received SIGTERM, shutting down...
[2025-05-04 15:32:19,598 I 1715721 1715721] (gcs_server) gcs_server.cc:267: Stopping GCS server.
[2025-05-04 15:32:19,725 I 1715721 1715721] (gcs_server) gcs_server.cc:284: GCS server stopped.
[2025-05-04 15:32:19,725 I 1715721 1715721] (gcs_server) io_service_pool.cc:47: IOServicePool is stopped.
[2025-05-04 15:32:19,812 I 1715721 1715721] (gcs_server) stats.h:120: Stats module has shutdown.
