[2025-04-26 14:46:26,793 I 2989906 2989906] (gcs_server) gcs_server_main.cc:95: Ray cluster metadata ray_version=2.43.0 ray_commit=ecdcdc6a6e63dc4bcd6ea16aae256ce4d32a7e2c
[2025-04-26 14:46:26,793 I 2989906 2989906] (gcs_server) io_service_pool.cc:35: IOServicePool is running with 1 io_service.
[2025-04-26 14:46:26,801 I 2989906 2989906] (gcs_server) event.cc:500: Ray Event initialized for GCS
[2025-04-26 14:46:26,804 I 2989906 2989906] (gcs_server) event.cc:500: Ray Event initialized for EXPORT_NODE
[2025-04-26 14:46:26,805 I 2989906 2989906] (gcs_server) event.cc:500: Ray Event initialized for EXPORT_ACTOR
[2025-04-26 14:46:26,806 I 2989906 2989906] (gcs_server) event.cc:500: Ray Event initialized for EXPORT_DRIVER_JOB
[2025-04-26 14:46:26,806 I 2989906 2989906] (gcs_server) event.cc:331: Set ray event level to warning
[2025-04-26 14:46:26,807 I 2989906 2989906] (gcs_server) gcs_server.cc:73: GCS storage type is StorageType::IN_MEMORY
[2025-04-26 14:46:26,807 I 2989906 2989906] (gcs_server) gcs_init_data.cc:42: Loading job table data.
[2025-04-26 14:46:26,807 I 2989906 2989906] (gcs_server) gcs_init_data.cc:52: Loading node table data.
[2025-04-26 14:46:26,807 I 2989906 2989906] (gcs_server) gcs_init_data.cc:74: Loading actor table data.
[2025-04-26 14:46:26,807 I 2989906 2989906] (gcs_server) gcs_init_data.cc:85: Loading actor task spec table data.
[2025-04-26 14:46:26,807 I 2989906 2989906] (gcs_server) gcs_init_data.cc:62: Loading placement group table data.
[2025-04-26 14:46:26,807 I 2989906 2989906] (gcs_server) gcs_init_data.cc:46: Finished loading job table data, size = 0
[2025-04-26 14:46:26,807 I 2989906 2989906] (gcs_server) gcs_init_data.cc:56: Finished loading node table data, size = 0
[2025-04-26 14:46:26,807 I 2989906 2989906] (gcs_server) gcs_init_data.cc:79: Finished loading actor table data, size = 0
[2025-04-26 14:46:26,807 I 2989906 2989906] (gcs_server) gcs_init_data.cc:90: Finished loading actor task spec table data, size = 0
[2025-04-26 14:46:26,807 I 2989906 2989906] (gcs_server) gcs_init_data.cc:68: Finished loading placement group table data, size = 0
[2025-04-26 14:46:26,807 I 2989906 2989906] (gcs_server) gcs_server.cc:157: No existing server cluster ID found. Generating new ID: f0ac95157ddea2ab4d26da1512883c5a32bfd4fbdf574318596bc371
[2025-04-26 14:46:26,808 I 2989906 2989906] (gcs_server) gcs_server.cc:672: Autoscaler V2 enabled: 0
[2025-04-26 14:46:26,809 I 2989906 2989906] (gcs_server) grpc_server.cc:135: GcsServer server started, listening on port 63430.
[2025-04-26 14:46:26,899 I 2989906 2989906] (gcs_server) gcs_server.cc:245: Gcs Debug state:

GcsNodeManager: 
- RegisterNode request count: 0
- DrainNode request count: 0
- GetAllNodeInfo request count: 0

GcsActorManager: 
- RegisterActor request count: 0
- CreateActor request count: 0
- GetActorInfo request count: 0
- GetNamedActorInfo request count: 0
- GetAllActorInfo request count: 0
- KillActor request count: 0
- ListNamedActors request count: 0
- Registered actors count: 0
- Destroyed actors count: 0
- Named actors count: 0
- Unresolved actors count: 0
- Pending actors count: 0
- Created actors count: 0
- owners_: 0
- actor_to_register_callbacks_: 0
- actor_to_restart_callbacks_: 0
- actor_to_create_callbacks_: 0
- sorted_destroyed_actor_list_: 0

GcsResourceManager: 
- GetAllAvailableResources request count: 0
- GetAllTotalResources request count: 0
- GetAllResourceUsage request count: 0

GcsPlacementGroupManager: 
- CreatePlacementGroup request count: 0
- RemovePlacementGroup request count: 0
- GetPlacementGroup request count: 0
- GetAllPlacementGroup request count: 0
- WaitPlacementGroupUntilReady request count: 0
- GetNamedPlacementGroup request count: 0
- Scheduling pending placement group count: 0
- Registered placement groups count: 0
- Named placement group count: 0
- Pending placement groups count: 0
- Infeasible placement groups count: 0

Publisher:

[runtime env manager] ID to URIs table:
[runtime env manager] URIs reference table:

GcsTaskManager: 
-Total num task events reported: 0
-Total num status task events dropped: 0
-Total num profile events dropped: 0
-Current num of task events stored: 0
-Total num of actor creation tasks: 0
-Total num of actor tasks: 0
-Total num of normal tasks: 0
-Total num of driver tasks: 0

GcsAutoscalerStateManager: 
- last_seen_autoscaler_state_version_: 0
- last_cluster_resource_state_version_: 0
- pending demands:



[2025-04-26 14:46:26,899 I 2989906 2989906] (gcs_server) gcs_server.cc:870: Main service Event stats:


Global stats: 24 total (4 active)
Queueing time: mean = 34.911 ms, max = 91.810 ms, min = 54.000 ns, total = 837.857 ms
Execution time:  mean = 7.655 ms, total = 183.722 ms
Event stats:
	GcsInMemoryStore.Put - 8 total (0 active), Execution time: mean = 11.478 ms, total = 91.828 ms, Queueing time: mean = 79.977 ms, max = 91.558 ms, min = 2.098 us, total = 639.818 ms
	GcsInMemoryStore.GetAll - 5 total (0 active), Execution time: mean = 6.029 us, total = 30.145 us, Queueing time: mean = 22.988 us, max = 23.587 us, min = 22.191 us, total = 114.942 us
	PeriodicalRunner.RunFnPeriodically - 4 total (2 active, 1 running), Execution time: mean = 2.153 us, total = 8.612 us, Queueing time: mean = 45.887 ms, max = 91.810 ms, min = 91.739 ms, total = 183.549 ms
	event_loop_lag_probe - 2 total (0 active), Execution time: mean = 7.676 us, total = 15.352 us, Queueing time: mean = 7.179 ms, max = 14.321 ms, min = 36.590 us, total = 14.358 ms
	GcsInitData::AsyncLoad - 1 total (0 active), Execution time: mean = 10.550 us, total = 10.550 us, Queueing time: mean = 304.000 ns, max = 304.000 ns, min = 304.000 ns, total = 304.000 ns
	GcsInMemoryStore.Get - 1 total (0 active), Execution time: mean = 14.423 us, total = 14.423 us, Queueing time: mean = 17.030 us, max = 17.030 us, min = 17.030 us, total = 17.030 us
	GcsServer.GetOrGenerateClusterId.continuation - 1 total (0 active), Execution time: mean = 91.815 ms, total = 91.815 ms, Queueing time: mean = 54.000 ns, max = 54.000 ns, min = 54.000 ns, total = 54.000 ns
	ClusterResourceManager.ResetRemoteNodeView - 1 total (1 active), Execution time: mean = 0.000 s, total = 0.000 s, Queueing time: mean = 0.000 s, max = -0.000 s, min = 9223372036.855 s, total = 0.000 s
	RayletLoadPulled - 1 total (1 active), Execution time: mean = 0.000 s, total = 0.000 s, Queueing time: mean = 0.000 s, max = -0.000 s, min = 9223372036.855 s, total = 0.000 s


[2025-04-26 14:46:26,899 I 2989906 2989906] (gcs_server) gcs_server.cc:874: task_io_context Event stats:


Global stats: 4 total (1 active)
Queueing time: mean = 89.142 us, max = 319.305 us, min = 14.027 us, total = 356.570 us
Execution time:  mean = 40.289 us, total = 161.157 us
Event stats:
	event_loop_lag_probe - 2 total (0 active), Execution time: mean = 77.438 us, total = 154.876 us, Queueing time: mean = 171.272 us, max = 319.305 us, min = 23.238 us, total = 342.543 us
	PeriodicalRunner.RunFnPeriodically - 1 total (0 active), Execution time: mean = 6.281 us, total = 6.281 us, Queueing time: mean = 14.027 us, max = 14.027 us, min = 14.027 us, total = 14.027 us
	GcsTaskManager.GcJobSummary - 1 total (1 active), Execution time: mean = 0.000 s, total = 0.000 s, Queueing time: mean = 0.000 s, max = -0.000 s, min = 9223372036.855 s, total = 0.000 s


[2025-04-26 14:46:26,899 I 2989906 2989906] (gcs_server) gcs_server.cc:874: pubsub_io_context Event stats:


Global stats: 4 total (1 active)
Queueing time: mean = 112.754 us, max = 402.417 us, min = 21.836 us, total = 451.017 us
Execution time:  mean = 47.886 us, total = 191.545 us
Event stats:
	event_loop_lag_probe - 2 total (0 active), Execution time: mean = 92.007 us, total = 184.015 us, Queueing time: mean = 214.590 us, max = 402.417 us, min = 26.764 us, total = 429.181 us
	PeriodicalRunner.RunFnPeriodically - 1 total (0 active), Execution time: mean = 7.530 us, total = 7.530 us, Queueing time: mean = 21.836 us, max = 21.836 us, min = 21.836 us, total = 21.836 us
	Publisher.CheckDeadSubscribers - 1 total (1 active), Execution time: mean = 0.000 s, total = 0.000 s, Queueing time: mean = 0.000 s, max = -0.000 s, min = 9223372036.855 s, total = 0.000 s


[2025-04-26 14:46:26,899 I 2989906 2989906] (gcs_server) gcs_server.cc:874: ray_syncer_io_context Event stats:


Global stats: 4 total (0 active)
Queueing time: mean = 218.123 us, max = 805.311 us, min = 20.674 us, total = 872.493 us
Execution time:  mean = 41.596 us, total = 166.385 us
Event stats:
	event_loop_lag_probe - 2 total (0 active), Execution time: mean = 81.879 us, total = 163.758 us, Queueing time: mean = 413.796 us, max = 805.311 us, min = 22.280 us, total = 827.591 us
	RaySyncerRegister - 2 total (0 active), Execution time: mean = 1.313 us, total = 2.627 us, Queueing time: mean = 22.451 us, max = 24.228 us, min = 20.674 us, total = 44.902 us


[2025-04-26 14:46:29,673 I 2989906 2989906] (gcs_server) gcs_node_manager.cc:88: Registering node info, address = 10.153.51.195, node name = 10.153.51.195 node_id=1dacfc9e096f240615a427c83ebf022cfd9419d23a5470946459035c
[2025-04-26 14:46:29,673 I 2989906 2989906] (gcs_server) gcs_node_manager.cc:94: Finished registering node info, address = 10.153.51.195, node name = 10.153.51.195, is_head_node = 1 node_id=1dacfc9e096f240615a427c83ebf022cfd9419d23a5470946459035c
[2025-04-26 14:46:29,673 I 2989906 2989906] (gcs_server) gcs_placement_group_manager.cc:830: A new node: 1dacfc9e096f240615a427c83ebf022cfd9419d23a5470946459035c registered, will try to reschedule all the infeasible placement groups.
[2025-04-26 14:46:29,683 I 2989906 2989974] (gcs_server) ray_syncer.cc:244: Get connection node_id=1dacfc9e096f240615a427c83ebf022cfd9419d23a5470946459035c
[2025-04-26 14:46:30,804 I 2989906 2989906] (gcs_server) gcs_job_manager.cc:90: Adding job, job id = 01000000, driver pid = 2989710
[2025-04-26 14:46:30,804 I 2989906 2989906] (gcs_server) gcs_job_manager.cc:111: Finished adding job, job id = 01000000, driver pid = 2989710
[2025-04-26 14:46:30,824 I 2989906 2989906] (gcs_server) gcs_actor_manager.cc:396: Registering actor job_id=01000000 actor_id=358f8d6d086531a33820318901000000
[2025-04-26 14:46:30,824 I 2989906 2989906] (gcs_server) gcs_actor_manager.cc:401: Registered actor, job id = 01000000, actor id = 358f8d6d086531a33820318901000000
[2025-04-26 14:46:30,825 I 2989906 2989906] (gcs_server) gcs_actor_manager.cc:482: Creating actor job_id=01000000 actor_id=358f8d6d086531a33820318901000000
[2025-04-26 14:46:30,825 I 2989906 2989906] (gcs_server) gcs_actor_scheduler.cc:313: Start leasing worker from node 1dacfc9e096f240615a427c83ebf022cfd9419d23a5470946459035c for actor 358f8d6d086531a33820318901000000, job id = 01000000
[2025-04-26 14:46:31,729 I 2989906 2989906] (gcs_server) gcs_actor_scheduler.cc:634: Finished leasing worker from 1dacfc9e096f240615a427c83ebf022cfd9419d23a5470946459035c for actor 358f8d6d086531a33820318901000000, job id = 01000000
[2025-04-26 14:46:31,729 I 2989906 2989906] (gcs_server) gcs_actor_scheduler.cc:449: Start creating actor 358f8d6d086531a33820318901000000 on worker eaa3d8f0f6ea50a014f55ebbf8050e3ec87f47a8835f9a42aa70dd34 at node 1dacfc9e096f240615a427c83ebf022cfd9419d23a5470946459035c, job id = 01000000
[2025-04-26 14:46:41,061 I 2989906 2989906] (gcs_server) gcs_actor_scheduler.cc:486: Finished actor creation task for actor 358f8d6d086531a33820318901000000 on worker eaa3d8f0f6ea50a014f55ebbf8050e3ec87f47a8835f9a42aa70dd34 at node 1dacfc9e096f240615a427c83ebf022cfd9419d23a5470946459035c, job id = 01000000
[2025-04-26 14:46:41,061 I 2989906 2989906] (gcs_server) gcs_actor_manager.cc:1543: Actor created successfully job_id=01000000 actor_id=358f8d6d086531a33820318901000000
[2025-04-26 14:46:41,062 I 2989906 2989906] (gcs_server) gcs_actor_manager.cc:497: Finished creating actor. Status: OK job_id=01000000 actor_id=358f8d6d086531a33820318901000000
[2025-04-26 14:46:46,994 I 2989906 2989906] (gcs_server) gcs_actor_manager.cc:1029: Destroying actor job_id=01000000 actor_id=358f8d6d086531a33820318901000000
[2025-04-26 14:46:46,996 I 2989906 2989906] (gcs_server) gcs_job_manager.cc:149: Finished marking job state, job id = 01000000
[2025-04-26 14:46:47,010 I 2989906 2989906] (gcs_server) gcs_actor_manager.cc:1004: Worker 01000000ffffffffffffffffffffffffffffffffffffffffffffffff failed, destroying actor child, job id = 01000000
[2025-04-26 14:46:47,017 W 2989906 2989906] (gcs_server) gcs_worker_manager.cc:59: Reporting worker exit, worker id = eaa3d8f0f6ea50a014f55ebbf8050e3ec87f47a8835f9a42aa70dd34, node id = 1dacfc9e096f240615a427c83ebf022cfd9419d23a5470946459035c, address = 10.153.51.195, exit_type = SYSTEM_ERROR, exit_detail = Worker exits unexpectedly by a signal. SystemExit is raised (sys.exit is called). Exit code: 1. The process receives a SIGTERM.. Unintentional worker failures have been reported. If there are lots of this logs, that might indicate there are unexpected failures in the cluster.
[2025-04-26 14:46:47,017 W 2989906 2989906] (gcs_server) gcs_actor_manager.cc:1204: Worker eaa3d8f0f6ea50a014f55ebbf8050e3ec87f47a8835f9a42aa70dd34 on node 1dacfc9e096f240615a427c83ebf022cfd9419d23a5470946459035c exits, type=SYSTEM_ERROR, has creation_task_exception = 0 worker_id=eaa3d8f0f6ea50a014f55ebbf8050e3ec87f47a8835f9a42aa70dd34
[2025-04-26 14:46:47,045 I 2989906 2989906] (gcs_server) gcs_node_manager.cc:382: Removing node, node name = 10.153.51.195, death reason = EXPECTED_TERMINATION, death message = received SIGTERM node_id=1dacfc9e096f240615a427c83ebf022cfd9419d23a5470946459035c
[2025-04-26 14:46:47,045 I 2989906 2989906] (gcs_server) gcs_placement_group_manager.cc:800: Node failed, rescheduling the placement groups on the dead node. node_id=1dacfc9e096f240615a427c83ebf022cfd9419d23a5470946459035c
[2025-04-26 14:46:47,045 I 2989906 2989906] (gcs_server) gcs_actor_manager.cc:1282: Node failed, reconstructing actors. node_id=1dacfc9e096f240615a427c83ebf022cfd9419d23a5470946459035c
[2025-04-26 14:46:47,045 I 2989906 2989906] (gcs_server) gcs_job_manager.cc:467: Node failed, mark all jobs from this node as finished node_id=1dacfc9e096f240615a427c83ebf022cfd9419d23a5470946459035c
[2025-04-26 14:46:47,371 I 2989906 2989955] (gcs_server) ray_syncer_bidi_reactor_base.h:182: Failed to read the message from: 1dacfc9e096f240615a427c83ebf022cfd9419d23a5470946459035c
[2025-04-26 14:46:47,372 I 2989906 2989955] (gcs_server) ray_syncer.cc:241: Connection is broken. node_id=1dacfc9e096f240615a427c83ebf022cfd9419d23a5470946459035c
[2025-04-26 14:46:47,409 I 2989906 2989906] (gcs_server) gcs_server_main.cc:175: GCS server received SIGTERM, shutting down...
[2025-04-26 14:46:47,409 I 2989906 2989906] (gcs_server) gcs_server.cc:267: Stopping GCS server.
[2025-04-26 14:46:47,438 I 2989906 2989906] (gcs_server) gcs_server.cc:284: GCS server stopped.
[2025-04-26 14:46:47,438 I 2989906 2989906] (gcs_server) io_service_pool.cc:47: IOServicePool is stopped.
[2025-04-26 14:46:47,523 I 2989906 2989906] (gcs_server) stats.h:120: Stats module has shutdown.
