[2025-04-26 14:46:28,638 I 2990113 2990113] (raylet) main.cc:226: Setting cluster ID to: f0ac95157ddea2ab4d26da1512883c5a32bfd4fbdf574318596bc371
[2025-04-26 14:46:28,646 I 2990113 2990113] (raylet) main.cc:341: Raylet is not set to kill unknown children.
[2025-04-26 14:46:28,646 I 2990113 2990113] (raylet) io_service_pool.cc:35: IOServicePool is running with 1 io_service.
[2025-04-26 14:46:28,647 I 2990113 2990113] (raylet) main.cc:471: Setting node ID node_id=1dacfc9e096f240615a427c83ebf022cfd9419d23a5470946459035c
[2025-04-26 14:46:28,647 I 2990113 2990113] (raylet) store_runner.cc:33: Allowing the Plasma store to use up to 36.2531GB of memory.
[2025-04-26 14:46:28,647 I 2990113 2990113] (raylet) store_runner.cc:49: Starting object store with directory /dev/shm, fallback /home/stud/wxie/EasyR1/ray, and huge page support disabled
[2025-04-26 14:46:28,647 I 2990113 2990144] (raylet) dlmalloc.cc:154: create_and_mmap_buffer(36253204488, /dev/shm/plasmaXXXXXX)
[2025-04-26 14:46:28,649 I 2990113 2990144] (raylet) store.cc:564: Plasma store debug dump: 
Current usage: 0 / 36.2531 GB
- num bytes created total: 0
0 pending objects of total size 0MB
- objects spillable: 0
- bytes spillable: 0
- objects unsealed: 0
- bytes unsealed: 0
- objects in use: 0
- bytes in use: 0
- objects evictable: 0
- bytes evictable: 0

- objects created by worker: 0
- bytes created by worker: 0
- objects restored: 0
- bytes restored: 0
- objects received: 0
- bytes received: 0
- objects errored: 0
- bytes errored: 0

[2025-04-26 14:46:29,653 I 2990113 2990113] (raylet) grpc_server.cc:135: ObjectManager server started, listening on port 43925.
[2025-04-26 14:46:29,657 I 2990113 2990113] (raylet) worker_killing_policy.cc:101: Running GroupByOwner policy.
[2025-04-26 14:46:29,657 W 2990113 2990113] (raylet) memory_monitor.cc:198: Got negative used memory for cgroup -1, setting it to zero
[2025-04-26 14:46:29,657 I 2990113 2990113] (raylet) memory_monitor.cc:48: MemoryMonitor initialized with usage threshold at 128114286592 bytes (0.95 system memory), total system memory bytes: 134857150464
[2025-04-26 14:46:29,657 I 2990113 2990113] (raylet) node_manager.cc:295: Initializing NodeManager node_id=1dacfc9e096f240615a427c83ebf022cfd9419d23a5470946459035c
[2025-04-26 14:46:29,658 I 2990113 2990113] (raylet) grpc_server.cc:135: NodeManager server started, listening on port 35571.
[2025-04-26 14:46:29,669 I 2990113 2990224] (raylet) agent_manager.cc:78: Monitor agent process with name dashboard_agent/424238335
[2025-04-26 14:46:29,670 I 2990113 2990226] (raylet) agent_manager.cc:78: Monitor agent process with name runtime_env_agent
[2025-04-26 14:46:29,671 I 2990113 2990113] (raylet) event.cc:500: Ray Event initialized for RAYLET
[2025-04-26 14:46:29,671 I 2990113 2990113] (raylet) event.cc:331: Set ray event level to warning
[2025-04-26 14:46:29,674 I 2990113 2990113] (raylet) raylet.cc:134: Raylet of id, 1dacfc9e096f240615a427c83ebf022cfd9419d23a5470946459035c started. Raylet consists of node_manager and object_manager. node_manager address: 10.153.51.195:35571 object_manager address: 10.153.51.195:43925 hostname: marajo
[2025-04-26 14:46:29,681 I 2990113 2990113] (raylet) node_manager.cc:532: [state-dump] NodeManager:
[state-dump] Node ID: 1dacfc9e096f240615a427c83ebf022cfd9419d23a5470946459035c
[state-dump] Node name: 10.153.51.195
[state-dump] InitialConfigResources: {CPU: 320000, node:10.153.51.195: 10000, GPU: 10000, object_store_memory: 362530861050000, node:__internal_head__: 10000, accelerator_type:H100: 10000, memory: 745905342470000}
[state-dump] ClusterTaskManager:
[state-dump] ========== Node: 1dacfc9e096f240615a427c83ebf022cfd9419d23a5470946459035c =================
[state-dump] Infeasible queue length: 0
[state-dump] Schedule queue length: 0
[state-dump] Dispatch queue length: 0
[state-dump] num_waiting_for_resource: 0
[state-dump] num_waiting_for_plasma_memory: 0
[state-dump] num_waiting_for_remote_node_resources: 0
[state-dump] num_worker_not_started_by_job_config_not_exist: 0
[state-dump] num_worker_not_started_by_registration_timeout: 0
[state-dump] num_tasks_waiting_for_workers: 0
[state-dump] num_cancelled_tasks: 0
[state-dump] cluster_resource_scheduler state: 
[state-dump] Local id: -1545802375205772234 Local resources: {"total":{node:10.153.51.195: [10000], CPU: [320000], object_store_memory: [362530861050000], GPU: [10000], memory: [745905342470000], accelerator_type:H100: [10000], node:__internal_head__: [10000]}}, "available": {node:10.153.51.195: [10000], CPU: [320000], object_store_memory: [362530861050000], GPU: [10000], memory: [745905342470000], accelerator_type:H100: [10000], node:__internal_head__: [10000]}}, "labels":{"ray.io/node_id":"1dacfc9e096f240615a427c83ebf022cfd9419d23a5470946459035c",} is_draining: 0 is_idle: 1 Cluster resources: node id: -1545802375205772234{"total":{node:__internal_head__: 10000, CPU: 320000, GPU: 10000, object_store_memory: 362530861050000, node:10.153.51.195: 10000, accelerator_type:H100: 10000, memory: 745905342470000}}, "available": {node:__internal_head__: 10000, CPU: 320000, GPU: 10000, object_store_memory: 362530861050000, node:10.153.51.195: 10000, accelerator_type:H100: 10000, memory: 745905342470000}}, "labels":{"ray.io/node_id":"1dacfc9e096f240615a427c83ebf022cfd9419d23a5470946459035c",}, "is_draining": 0, "draining_deadline_timestamp_ms": -1} { "placment group locations": [], "node to bundles": []}
[state-dump] Waiting tasks size: 0
[state-dump] Number of executing tasks: 0
[state-dump] Number of pinned task arguments: 0
[state-dump] Number of total spilled tasks: 0
[state-dump] Number of spilled waiting tasks: 0
[state-dump] Number of spilled unschedulable tasks: 0
[state-dump] Resource usage {
[state-dump] }
[state-dump] Backlog Size per scheduling descriptor :{workerId: num backlogs}:
[state-dump] 
[state-dump] Running tasks by scheduling class:
[state-dump] ==================================================
[state-dump] 
[state-dump] ClusterResources:
[state-dump] LocalObjectManager:
[state-dump] - num pinned objects: 0
[state-dump] - pinned objects size: 0
[state-dump] - num objects pending restore: 0
[state-dump] - num objects pending spill: 0
[state-dump] - num bytes pending spill: 0
[state-dump] - num bytes currently spilled: 0
[state-dump] - cumulative spill requests: 0
[state-dump] - cumulative restore requests: 0
[state-dump] - spilled objects pending delete: 0
[state-dump] 
[state-dump] ObjectManager:
[state-dump] - num local objects: 0
[state-dump] - num unfulfilled push requests: 0
[state-dump] - num object pull requests: 0
[state-dump] - num chunks received total: 0
[state-dump] - num chunks received failed (all): 0
[state-dump] - num chunks received failed / cancelled: 0
[state-dump] - num chunks received failed / plasma error: 0
[state-dump] Event stats:
[state-dump] Global stats: 0 total (0 active)
[state-dump] Queueing time: mean = -nan s, max = -0.000 s, min = 9223372036.855 s, total = 0.000 s
[state-dump] Execution time:  mean = -nan s, total = 0.000 s
[state-dump] Event stats:
[state-dump] PushManager:
[state-dump] - num pushes in flight: 0
[state-dump] - num chunks in flight: 0
[state-dump] - num chunks remaining: 0
[state-dump] - max chunks allowed: 409
[state-dump] OwnershipBasedObjectDirectory:
[state-dump] - num listeners: 0
[state-dump] - cumulative location updates: 0
[state-dump] - num location updates per second: 20665935785934664.000
[state-dump] - num location lookups per second: 20665935785930664.000
[state-dump] - num locations added per second: 0.000
[state-dump] - num locations removed per second: 0.000
[state-dump] BufferPool:
[state-dump] - create buffer state map size: 0
[state-dump] PullManager:
[state-dump] - num bytes available for pulled objects: 36253086105
[state-dump] - num bytes being pulled (all): 0
[state-dump] - num bytes being pulled / pinned: 0
[state-dump] - get request bundles: BundlePullRequestQueue{0 total, 0 active, 0 inactive, 0 unpullable}
[state-dump] - wait request bundles: BundlePullRequestQueue{0 total, 0 active, 0 inactive, 0 unpullable}
[state-dump] - task request bundles: BundlePullRequestQueue{0 total, 0 active, 0 inactive, 0 unpullable}
[state-dump] - first get request bundle: N/A
[state-dump] - first wait request bundle: N/A
[state-dump] - first task request bundle: N/A
[state-dump] - num objects queued: 0
[state-dump] - num objects actively pulled (all): 0
[state-dump] - num objects actively pulled / pinned: 0
[state-dump] - num bundles being pulled: 0
[state-dump] - num pull retries: 0
[state-dump] - max timeout seconds: 0
[state-dump] - max timeout request is already processed. No entry.
[state-dump] 
[state-dump] WorkerPool:
[state-dump] - registered jobs: 0
[state-dump] - process_failed_job_config_missing: 0
[state-dump] - process_failed_rate_limited: 0
[state-dump] - process_failed_pending_registration: 0
[state-dump] - process_failed_runtime_env_setup_failed: 0
[state-dump] - num JAVA workers: 0
[state-dump] - num JAVA drivers: 0
[state-dump] - num JAVA pending start requests: 0
[state-dump] - num JAVA pending registration requests: 0
[state-dump] - num object spill callbacks queued: 0
[state-dump] - num object restore queued: 0
[state-dump] - num util functions queued: 0
[state-dump] - num PYTHON workers: 0
[state-dump] - num PYTHON drivers: 0
[state-dump] - num PYTHON pending start requests: 0
[state-dump] - num PYTHON pending registration requests: 0
[state-dump] - num object spill callbacks queued: 0
[state-dump] - num object restore queued: 0
[state-dump] - num util functions queued: 0
[state-dump] - num idle workers: 0
[state-dump] TaskDependencyManager:
[state-dump] - task deps map size: 0
[state-dump] - get req map size: 0
[state-dump] - wait req map size: 0
[state-dump] - local objects map size: 0
[state-dump] WaitManager:
[state-dump] - num active wait requests: 0
[state-dump] Subscriber:
[state-dump] Channel WORKER_OBJECT_EVICTION
[state-dump] - cumulative subscribe requests: 0
[state-dump] - cumulative unsubscribe requests: 0
[state-dump] - active subscribed publishers: 0
[state-dump] - cumulative published messages: 0
[state-dump] - cumulative processed messages: 0
[state-dump] Channel WORKER_OBJECT_LOCATIONS_CHANNEL
[state-dump] - cumulative subscribe requests: 0
[state-dump] - cumulative unsubscribe requests: 0
[state-dump] - active subscribed publishers: 0
[state-dump] - cumulative published messages: 0
[state-dump] - cumulative processed messages: 0
[state-dump] Channel WORKER_REF_REMOVED_CHANNEL
[state-dump] - cumulative subscribe requests: 0
[state-dump] - cumulative unsubscribe requests: 0
[state-dump] - active subscribed publishers: 0
[state-dump] - cumulative published messages: 0
[state-dump] - cumulative processed messages: 0
[state-dump] num async plasma notifications: 0
[state-dump] Remote node managers: 
[state-dump] Event stats:
[state-dump] Global stats: 28 total (13 active)
[state-dump] Queueing time: mean = 2.387 ms, max = 15.122 ms, min = 16.557 us, total = 66.838 ms
[state-dump] Execution time:  mean = 37.063 ms, total = 1.038 s
[state-dump] Event stats:
[state-dump] 	PeriodicalRunner.RunFnPeriodically - 11 total (2 active, 1 running), Execution time: mean = 557.187 us, total = 6.129 ms, Queueing time: mean = 6.063 ms, max = 15.122 ms, min = 39.783 us, total = 66.698 ms
[state-dump] 	ray::rpc::InternalKVGcsService.grpc_client.GetInternalConfig - 1 total (0 active), Execution time: mean = 1.584 ms, total = 1.584 ms, Queueing time: mean = 0.000 s, max = -0.000 s, min = 9223372036.855 s, total = 0.000 s
[state-dump] 	ray::rpc::NodeInfoGcsService.grpc_client.RegisterNode - 1 total (0 active), Execution time: mean = 2.116 ms, total = 2.116 ms, Queueing time: mean = 0.000 s, max = -0.000 s, min = 9223372036.855 s, total = 0.000 s
[state-dump] 	NodeManager.deadline_timer.flush_free_objects - 1 total (1 active), Execution time: mean = 0.000 s, total = 0.000 s, Queueing time: mean = 0.000 s, max = -0.000 s, min = 9223372036.855 s, total = 0.000 s
[state-dump] 	NodeManager.deadline_timer.record_metrics - 1 total (1 active), Execution time: mean = 0.000 s, total = 0.000 s, Queueing time: mean = 0.000 s, max = -0.000 s, min = 9223372036.855 s, total = 0.000 s
[state-dump] 	ClusterResourceManager.ResetRemoteNodeView - 1 total (1 active), Execution time: mean = 0.000 s, total = 0.000 s, Queueing time: mean = 0.000 s, max = -0.000 s, min = 9223372036.855 s, total = 0.000 s
[state-dump] 	ray::rpc::InternalPubSubGcsService.grpc_client.GcsSubscriberCommandBatch - 1 total (0 active), Execution time: mean = 1.261 ms, total = 1.261 ms, Queueing time: mean = 0.000 s, max = -0.000 s, min = 9223372036.855 s, total = 0.000 s
[state-dump] 	ray::rpc::NodeInfoGcsService.grpc_client.RegisterNode.OnReplyReceived - 1 total (0 active), Execution time: mean = 329.946 us, total = 329.946 us, Queueing time: mean = 90.051 us, max = 90.051 us, min = 90.051 us, total = 90.051 us
[state-dump] 	NodeManager.ScheduleAndDispatchTasks - 1 total (1 active), Execution time: mean = 0.000 s, total = 0.000 s, Queueing time: mean = 0.000 s, max = -0.000 s, min = 9223372036.855 s, total = 0.000 s
[state-dump] 	MemoryMonitor.CheckIsMemoryUsageAboveThreshold - 1 total (1 active), Execution time: mean = 0.000 s, total = 0.000 s, Queueing time: mean = 0.000 s, max = -0.000 s, min = 9223372036.855 s, total = 0.000 s
[state-dump] 	NodeManager.deadline_timer.debug_state_dump - 1 total (1 active), Execution time: mean = 0.000 s, total = 0.000 s, Queueing time: mean = 0.000 s, max = -0.000 s, min = 9223372036.855 s, total = 0.000 s
[state-dump] 	ray::rpc::InternalPubSubGcsService.grpc_client.GcsSubscriberPoll - 1 total (1 active), Execution time: mean = 0.000 s, total = 0.000 s, Queueing time: mean = 0.000 s, max = -0.000 s, min = 9223372036.855 s, total = 0.000 s
[state-dump] 	ray::rpc::InternalKVGcsService.grpc_client.GetInternalConfig.OnReplyReceived - 1 total (0 active), Execution time: mean = 1.026 s, total = 1.026 s, Queueing time: mean = 32.508 us, max = 32.508 us, min = 32.508 us, total = 32.508 us
[state-dump] 	NodeManager.deadline_timer.spill_objects_when_over_threshold - 1 total (1 active), Execution time: mean = 0.000 s, total = 0.000 s, Queueing time: mean = 0.000 s, max = -0.000 s, min = 9223372036.855 s, total = 0.000 s
[state-dump] 	ray::rpc::InternalPubSubGcsService.grpc_client.GcsSubscriberCommandBatch.OnReplyReceived - 1 total (1 active), Execution time: mean = 0.000 s, total = 0.000 s, Queueing time: mean = 0.000 s, max = -0.000 s, min = 9223372036.855 s, total = 0.000 s
[state-dump] 	RayletWorkerPool.deadline_timer.kill_idle_workers - 1 total (1 active), Execution time: mean = 0.000 s, total = 0.000 s, Queueing time: mean = 0.000 s, max = -0.000 s, min = 9223372036.855 s, total = 0.000 s
[state-dump] 	NodeManager.GCTaskFailureReason - 1 total (1 active), Execution time: mean = 0.000 s, total = 0.000 s, Queueing time: mean = 0.000 s, max = -0.000 s, min = 9223372036.855 s, total = 0.000 s
[state-dump] 	ObjectManager.UpdateAvailableMemory - 1 total (0 active), Execution time: mean = 4.389 us, total = 4.389 us, Queueing time: mean = 16.557 us, max = 16.557 us, min = 16.557 us, total = 16.557 us
[state-dump] DebugString() time ms: 0
[state-dump] 
[state-dump] 
[2025-04-26 14:46:29,683 I 2990113 2990113] (raylet) accessor.cc:777: Received notification for node, IsAlive = 1 node_id=1dacfc9e096f240615a427c83ebf022cfd9419d23a5470946459035c
[2025-04-26 14:46:29,720 I 2990113 2990113] (raylet) worker_pool.cc:729: [Eagerly] Start install runtime environment for job 01000000.
[2025-04-26 14:46:29,725 I 2990113 2990113] (raylet) worker_pool.cc:522: Started worker process with pid 2990248, the token is 0
[2025-04-26 14:46:29,730 I 2990113 2990113] (raylet) worker_pool.cc:522: Started worker process with pid 2990249, the token is 1
[2025-04-26 14:46:29,735 I 2990113 2990113] (raylet) worker_pool.cc:522: Started worker process with pid 2990250, the token is 2
[2025-04-26 14:46:29,740 I 2990113 2990113] (raylet) worker_pool.cc:522: Started worker process with pid 2990251, the token is 3
[2025-04-26 14:46:29,745 I 2990113 2990113] (raylet) worker_pool.cc:522: Started worker process with pid 2990252, the token is 4
[2025-04-26 14:46:29,750 I 2990113 2990113] (raylet) worker_pool.cc:522: Started worker process with pid 2990253, the token is 5
[2025-04-26 14:46:29,754 I 2990113 2990113] (raylet) worker_pool.cc:522: Started worker process with pid 2990254, the token is 6
[2025-04-26 14:46:29,758 I 2990113 2990113] (raylet) worker_pool.cc:522: Started worker process with pid 2990255, the token is 7
[2025-04-26 14:46:29,762 I 2990113 2990113] (raylet) worker_pool.cc:522: Started worker process with pid 2990256, the token is 8
[2025-04-26 14:46:29,766 I 2990113 2990113] (raylet) worker_pool.cc:522: Started worker process with pid 2990257, the token is 9
[2025-04-26 14:46:29,770 I 2990113 2990113] (raylet) worker_pool.cc:522: Started worker process with pid 2990258, the token is 10
[2025-04-26 14:46:29,774 I 2990113 2990113] (raylet) worker_pool.cc:522: Started worker process with pid 2990259, the token is 11
[2025-04-26 14:46:29,777 I 2990113 2990113] (raylet) worker_pool.cc:522: Started worker process with pid 2990260, the token is 12
[2025-04-26 14:46:29,781 I 2990113 2990113] (raylet) worker_pool.cc:522: Started worker process with pid 2990261, the token is 13
[2025-04-26 14:46:29,784 I 2990113 2990113] (raylet) worker_pool.cc:522: Started worker process with pid 2990262, the token is 14
[2025-04-26 14:46:29,787 I 2990113 2990113] (raylet) worker_pool.cc:522: Started worker process with pid 2990263, the token is 15
[2025-04-26 14:46:29,790 I 2990113 2990113] (raylet) worker_pool.cc:522: Started worker process with pid 2990264, the token is 16
[2025-04-26 14:46:29,793 I 2990113 2990113] (raylet) worker_pool.cc:522: Started worker process with pid 2990268, the token is 17
[2025-04-26 14:46:29,797 I 2990113 2990113] (raylet) worker_pool.cc:522: Started worker process with pid 2990269, the token is 18
[2025-04-26 14:46:29,824 I 2990113 2990113] (raylet) worker_pool.cc:522: Started worker process with pid 2990270, the token is 19
[2025-04-26 14:46:29,829 I 2990113 2990113] (raylet) worker_pool.cc:522: Started worker process with pid 2990271, the token is 20
[2025-04-26 14:46:29,833 I 2990113 2990113] (raylet) worker_pool.cc:522: Started worker process with pid 2990272, the token is 21
[2025-04-26 14:46:29,838 I 2990113 2990113] (raylet) worker_pool.cc:522: Started worker process with pid 2990273, the token is 22
[2025-04-26 14:46:29,842 I 2990113 2990113] (raylet) worker_pool.cc:522: Started worker process with pid 2990274, the token is 23
[2025-04-26 14:46:29,846 I 2990113 2990113] (raylet) worker_pool.cc:522: Started worker process with pid 2990275, the token is 24
[2025-04-26 14:46:29,851 I 2990113 2990113] (raylet) worker_pool.cc:522: Started worker process with pid 2990276, the token is 25
[2025-04-26 14:46:29,856 I 2990113 2990113] (raylet) worker_pool.cc:522: Started worker process with pid 2990277, the token is 26
[2025-04-26 14:46:29,859 I 2990113 2990113] (raylet) worker_pool.cc:522: Started worker process with pid 2990278, the token is 27
[2025-04-26 14:46:29,863 I 2990113 2990113] (raylet) worker_pool.cc:522: Started worker process with pid 2990279, the token is 28
[2025-04-26 14:46:29,867 I 2990113 2990113] (raylet) worker_pool.cc:522: Started worker process with pid 2990280, the token is 29
[2025-04-26 14:46:29,871 I 2990113 2990113] (raylet) worker_pool.cc:522: Started worker process with pid 2990281, the token is 30
[2025-04-26 14:46:29,875 I 2990113 2990113] (raylet) worker_pool.cc:522: Started worker process with pid 2990282, the token is 31
[2025-04-26 14:46:29,876 I 2990113 2990113] (raylet) runtime_env_agent_client.cc:340: Runtime Env Agent network error: NotFound: on_connect Connection refused, the server may be still starting or is already failed. Scheduling a retry in 1000ms...
[2025-04-26 14:46:30,527 I 2990113 2990144] (raylet) object_store.cc:35: Object store current usage 8e-09 / 36.2531 GB.
[2025-04-26 14:46:30,804 I 2990113 2990113] (raylet) worker_pool.cc:719: Job 01000000 already started in worker pool.
[2025-04-26 14:46:30,830 I 2990113 2990113] (raylet) runtime_env_agent_client.cc:383: Create runtime env for job 01000000
[2025-04-26 14:46:30,833 I 2990113 2990113] (raylet) worker_pool.cc:522: Started worker process with pid 2992157, the token is 32
[2025-04-26 14:46:30,879 I 2990113 2990113] (raylet) runtime_env_agent_client.cc:383: Create runtime env for job 01000000
[2025-04-26 14:46:30,879 I 2990113 2990113] (raylet) worker_pool.cc:740: [Eagerly] Create runtime env successful for job 01000000.
[2025-04-26 14:46:31,897 I 2990113 2990113] (raylet) node_manager.cc:1549: NodeManager::DisconnectClient, disconnect_type=1, has creation task exception = false
[2025-04-26 14:46:34,678 W 2990113 2990113] (raylet) memory_monitor.cc:198: Got negative used memory for cgroup -1, setting it to zero
[2025-04-26 14:46:39,684 W 2990113 2990113] (raylet) memory_monitor.cc:198: Got negative used memory for cgroup -1, setting it to zero
[2025-04-26 14:46:44,691 W 2990113 2990113] (raylet) memory_monitor.cc:198: Got negative used memory for cgroup -1, setting it to zero
[2025-04-26 14:46:46,993 I 2990113 2990113] (raylet) node_manager.cc:1549: NodeManager::DisconnectClient, disconnect_type=3, has creation task exception = false
[2025-04-26 14:46:46,994 I 2990113 2990113] (raylet) node_manager.cc:1654: Driver (pid=2989710) is disconnected. worker_id=01000000ffffffffffffffffffffffffffffffffffffffffffffffff job_id=01000000
[2025-04-26 14:46:46,997 I 2990113 2990113] (raylet) node_manager.cc:1082: The leased worker eaa3d8f0f6ea50a014f55ebbf8050e3ec87f47a8835f9a42aa70dd34 is killed because the owner process 01000000ffffffffffffffffffffffffffffffffffffffffffffffff died.
[2025-04-26 14:46:46,998 I 2990113 2990113] (raylet) worker_pool.cc:719: Job 01000000 already started in worker pool.
[2025-04-26 14:46:46,998 I 2990113 2990113] (raylet) node_manager.cc:640: The leased worker  is killed because the job 01000000 finished. worker_id=eaa3d8f0f6ea50a014f55ebbf8050e3ec87f47a8835f9a42aa70dd34
[2025-04-26 14:46:47,016 I 2990113 2990113] (raylet) node_manager.cc:1549: NodeManager::DisconnectClient, disconnect_type=0, has creation task exception = false
[2025-04-26 14:46:47,044 I 2990113 2990113] (raylet) main.cc:506: received SIGTERM. Existing local drain request = None
[2025-04-26 14:46:47,044 I 2990113 2990113] (raylet) main.cc:307: Raylet graceful shutdown triggered, reason = EXPECTED_TERMINATION, reason message = received SIGTERM
[2025-04-26 14:46:47,044 I 2990113 2990113] (raylet) main.cc:310: Shutting down...
[2025-04-26 14:46:47,044 I 2990113 2990113] (raylet) accessor.cc:511: Unregistering node node_id=1dacfc9e096f240615a427c83ebf022cfd9419d23a5470946459035c
[2025-04-26 14:46:47,045 I 2990113 2990113] (raylet) accessor.cc:524: Finished unregistering node info, status = OK node_id=1dacfc9e096f240615a427c83ebf022cfd9419d23a5470946459035c
[2025-04-26 14:46:47,049 I 2990113 2990113] (raylet) agent_manager.cc:113: Killing agent dashboard_agent/424238335, pid 2990223.
[2025-04-26 14:46:47,065 I 2990113 2990224] (raylet) agent_manager.cc:80: Agent process with name dashboard_agent/424238335 exited, exit code 0.
[2025-04-26 14:46:47,065 I 2990113 2990113] (raylet) agent_manager.cc:113: Killing agent runtime_env_agent, pid 2990225.
[2025-04-26 14:46:47,075 I 2990113 2990226] (raylet) agent_manager.cc:80: Agent process with name runtime_env_agent exited, exit code 0.
[2025-04-26 14:46:47,076 I 2990113 2990113] (raylet) io_service_pool.cc:47: IOServicePool is stopped.
[2025-04-26 14:46:47,169 I 2990113 2990113] (raylet) stats.h:120: Stats module has shutdown.
