:job_id:01000000
:actor_name:Runner
*** SIGSEGV received at time=1745671607 on cpu 3 ***
PC: @     0x73a0f62308fe  (unknown)  ray::gcs::TaskInfoAccessor::AsyncAddTaskEventData()
    @     0x73a0f7845330       3792  (unknown)
    @     0x73a0f6111ab5       1392  ray::core::worker::TaskEventBufferImpl::FlushEvents()
    @     0x73a0f609a82c       1488  ray::core::CoreWorker::Disconnect()
    @     0x73a0f609abdd       1152  ray::core::CoreWorker::ForceExit()
    @     0x73a0f609b00f       1680  ray::core::CoreWorker::HandleKillActor()
    @     0x73a0f6092514        192  ray::rpc::ServerCallImpl<>::HandleRequestImpl()
    @     0x73a0f641fd08       1168  EventTracker::RecordExecution()
    @     0x73a0f640413e         48  std::_Function_handler<>::_M_invoke()
    @     0x73a0f64045b6        112  boost::asio::detail::completion_handler<>::do_complete()
    @     0x73a0f6acaa5b        128  boost::asio::detail::scheduler::do_run_one()
    @     0x73a0f6acc3d9        288  boost::asio::detail::scheduler::run()
    @     0x73a0f6accae2         96  boost::asio::io_context::run()
    @     0x73a0f5ff31f1       1280  ray::core::CoreWorker::RunIOService()
    @     0x73a0f6511620         64  thread_proxy
    @     0x73a0f789caa4        176  (unknown)
    @     0x73a0f7929c3c  (unknown)  (unknown)
[2025-04-26 14:46:47,073 E 2992157 2992200] logging.cc:484: *** SIGSEGV received at time=1745671607 on cpu 3 ***
[2025-04-26 14:46:47,073 E 2992157 2992200] logging.cc:484: PC: @     0x73a0f62308fe  (unknown)  ray::gcs::TaskInfoAccessor::AsyncAddTaskEventData()
[2025-04-26 14:46:47,074 E 2992157 2992200] logging.cc:484:     @     0x73a0f7845330       3792  (unknown)
[2025-04-26 14:46:47,074 E 2992157 2992200] logging.cc:484:     @     0x73a0f6111ab5       1392  ray::core::worker::TaskEventBufferImpl::FlushEvents()
[2025-04-26 14:46:47,074 E 2992157 2992200] logging.cc:484:     @     0x73a0f609a82c       1488  ray::core::CoreWorker::Disconnect()
[2025-04-26 14:46:47,074 E 2992157 2992200] logging.cc:484:     @     0x73a0f609abdd       1152  ray::core::CoreWorker::ForceExit()
[2025-04-26 14:46:47,074 E 2992157 2992200] logging.cc:484:     @     0x73a0f609b00f       1680  ray::core::CoreWorker::HandleKillActor()
[2025-04-26 14:46:47,074 E 2992157 2992200] logging.cc:484:     @     0x73a0f6092514        192  ray::rpc::ServerCallImpl<>::HandleRequestImpl()
[2025-04-26 14:46:47,074 E 2992157 2992200] logging.cc:484:     @     0x73a0f641fd08       1168  EventTracker::RecordExecution()
[2025-04-26 14:46:47,074 E 2992157 2992200] logging.cc:484:     @     0x73a0f640413e         48  std::_Function_handler<>::_M_invoke()
[2025-04-26 14:46:47,074 E 2992157 2992200] logging.cc:484:     @     0x73a0f64045b6        112  boost::asio::detail::completion_handler<>::do_complete()
[2025-04-26 14:46:47,074 E 2992157 2992200] logging.cc:484:     @     0x73a0f6acaa5b        128  boost::asio::detail::scheduler::do_run_one()
[2025-04-26 14:46:47,074 E 2992157 2992200] logging.cc:484:     @     0x73a0f6acc3d9        288  boost::asio::detail::scheduler::run()
[2025-04-26 14:46:47,074 E 2992157 2992200] logging.cc:484:     @     0x73a0f6accae2         96  boost::asio::io_context::run()
[2025-04-26 14:46:47,074 E 2992157 2992200] logging.cc:484:     @     0x73a0f5ff31f1       1280  ray::core::CoreWorker::RunIOService()
[2025-04-26 14:46:47,074 E 2992157 2992200] logging.cc:484:     @     0x73a0f6511620         64  thread_proxy
[2025-04-26 14:46:47,074 E 2992157 2992200] logging.cc:484:     @     0x73a0f789caa4        176  (unknown)
[2025-04-26 14:46:47,074 E 2992157 2992200] logging.cc:484:     @     0x73a0f7929c3c  (unknown)  (unknown)
Fatal Python error: Segmentation fault


Extension modules: msgpack._cmsgpack, google._upb._message, psutil._psutil_linux, psutil._psutil_posix, setproctitle, yaml._yaml, charset_normalizer.md, requests.packages.charset_normalizer.md, requests.packages.chardet.md, uvloop.loop, ray._raylet, numpy._core._multiarray_umath, numpy.linalg._umath_linalg, torch._C, torch._C._dynamo.autograd_compiler, torch._C._dynamo.eval_frame, torch._C._dynamo.guards, torch._C._dynamo.utils, torch._C._fft, torch._C._linalg, torch._C._nested, torch._C._nn, torch._C._sparse, torch._C._special, markupsafe._speedups, PIL._imaging, numpy.random._common, numpy.random.bit_generator, numpy.random._bounded_integers, numpy.random._mt19937, numpy.random.mtrand, numpy.random._philox, numpy.random._pcg64, numpy.random._sfc64, numpy.random._generator, zmq.backend.cython._zmq, msgspec._core, PIL._imagingft, av._core, av.logging, av.bytesource, av.buffer, av.audio.format, av.error, av.dictionary, av.container.pyio, av.utils, av.option, av.descriptor, av.format, av.stream, av.container.streams, av.sidedata.motionvectors, av.sidedata.sidedata, av.opaque, av.packet, av.container.input, av.container.output, av.container.core, av.codec.context, av.video.format, av.video.reformatter, av.plane, av.video.plane, av.video.frame, av.video.stream, av.codec.hwaccel, av.codec.codec, av.frame, av.audio.layout, av.audio.plane, av.audio.frame, av.audio.stream, av.filter.pad, av.filter.link, av.filter.context, av.filter.graph, av.filter.filter, av.filter.loudnorm, av.audio.resampler, av.audio.codeccontext, av.audio.fifo, av.bitstream, av.video.codeccontext, multidict._multidict, yarl._quoting_c, propcache._helpers_c, aiohttp._http_writer, aiohttp._http_parser, aiohttp._websocket.mask, aiohttp._websocket.reader_c, scipy._lib._ccallback_c, scipy.linalg._fblas, scipy.linalg._flapack, scipy.linalg.cython_lapack, scipy.linalg._cythonized_array_utils, scipy.linalg._solve_toeplitz, scipy.linalg._decomp_lu_cython, scipy.linalg._matfuncs_sqrtm_triu, scipy.linalg._matfuncs_expm, scipy.linalg._linalg_pythran, scipy.linalg.cython_blas, scipy.linalg._decomp_update, scipy.sparse._sparsetools, _csparsetools, scipy.sparse._csparsetools, scipy.sparse.linalg._dsolve._superlu, scipy.sparse.linalg._eigen.arpack._arpack, scipy.sparse.linalg._propack._spropack, scipy.sparse.linalg._propack._dpropack, scipy.sparse.linalg._propack._cpropack, scipy.sparse.linalg._propack._zpropack, scipy.sparse.csgraph._tools, scipy.sparse.csgraph._shortest_path, scipy.sparse.csgraph._traversal, scipy.sparse.csgraph._min_spanning_tree, scipy.sparse.csgraph._flow, scipy.sparse.csgraph._matching, scipy.sparse.csgraph._reordering, scipy.optimize._group_columns, scipy._lib.messagestream, scipy.optimize._trlib._trlib, scipy.optimize._lbfgsb, _moduleTNC, scipy.optimize._moduleTNC, scipy.optimize._cobyla, scipy.optimize._slsqp, scipy.optimize._minpack, scipy.optimize._lsq.givens_elimination, scipy.optimize._zeros, scipy.optimize._cython_nnls, scipy._lib._uarray._uarray, scipy.special._ufuncs_cxx, scipy.special._ufuncs, scipy.special._specfun, scipy.special._comb, scipy.special._ellip_harm_2, scipy.linalg._decomp_interpolative, scipy.optimize._bglu_dense, scipy.optimize._lsap, scipy.spatial._ckdtree, scipy.spatial._qhull, scipy.spatial._voronoi, scipy.spatial._distance_wrap, scipy.spatial._hausdorff, scipy.spatial.transform._rotation, scipy.optimize._direct, pyarrow.lib, pandas._libs.tslibs.ccalendar, pandas._libs.tslibs.np_datetime, pandas._libs.tslibs.dtypes, pandas._libs.tslibs.base, pandas._libs.tslibs.nattype, pandas._libs.tslibs.timezones, pandas._libs.tslibs.fields, pandas._libs.tslibs.timedeltas, pandas._libs.tslibs.tzconversion, pandas._libs.tslibs.timestamps, pandas._libs.properties, pandas._libs.tslibs.offsets, pandas._libs.tslibs.strptime, pandas._libs.tslibs.parsing, pandas._libs.tslibs.conversion, pandas._libs.tslibs.period, pandas._libs.tslibs.vectorized, pandas._libs.ops_dispatch, pandas._libs.missing, pandas._libs.hashtable, pandas._libs.algos, pandas._libs.interval, pandas._libs.lib, pyarrow._compute, pandas._libs.ops, pandas._libs.hashing, pandas._libs.arrays, pandas._libs.tslib, pandas._libs.sparse, pandas._libs.internals, pandas._libs.indexing, pandas._libs.index, pandas._libs.writers, pandas._libs.join, pandas._libs.window.aggregations, pandas._libs.window.indexers, pandas._libs.reshape, pandas._libs.groupby, pandas._libs.json, pandas._libs.parsers, pandas._libs.testing, pyarrow._parquet, pyarrow._fs, pyarrow._azurefs, pyarrow._hdfs, pyarrow._gcsfs, pyarrow._s3fs, xxhash._xxhash, pyarrow._acero, pyarrow._csv, pyarrow._json, pyarrow._substrait, pyarrow._dataset, pyarrow._dataset_orc, pyarrow._parquet_encryption, pyarrow._dataset_parquet_encryption, pyarrow._dataset_parquet, regex._regex (total: 206)
