[2025-04-26 14:55:14,633 I 3004866 3004866] (gcs_server) gcs_server_main.cc:95: Ray cluster metadata ray_version=2.43.0 ray_commit=ecdcdc6a6e63dc4bcd6ea16aae256ce4d32a7e2c
[2025-04-26 14:55:14,633 I 3004866 3004866] (gcs_server) io_service_pool.cc:35: IOServicePool is running with 1 io_service.
[2025-04-26 14:55:14,641 I 3004866 3004866] (gcs_server) event.cc:500: Ray Event initialized for GCS
[2025-04-26 14:55:14,644 I 3004866 3004866] (gcs_server) event.cc:500: Ray Event initialized for EXPORT_NODE
[2025-04-26 14:55:14,645 I 3004866 3004866] (gcs_server) event.cc:500: Ray Event initialized for EXPORT_ACTOR
[2025-04-26 14:55:14,646 I 3004866 3004866] (gcs_server) event.cc:500: Ray Event initialized for EXPORT_DRIVER_JOB
[2025-04-26 14:55:14,646 I 3004866 3004866] (gcs_server) event.cc:331: Set ray event level to warning
[2025-04-26 14:55:14,646 I 3004866 3004866] (gcs_server) gcs_server.cc:73: GCS storage type is StorageType::IN_MEMORY
[2025-04-26 14:55:14,647 I 3004866 3004866] (gcs_server) gcs_init_data.cc:42: Loading job table data.
[2025-04-26 14:55:14,647 I 3004866 3004866] (gcs_server) gcs_init_data.cc:52: Loading node table data.
[2025-04-26 14:55:14,647 I 3004866 3004866] (gcs_server) gcs_init_data.cc:74: Loading actor table data.
[2025-04-26 14:55:14,647 I 3004866 3004866] (gcs_server) gcs_init_data.cc:85: Loading actor task spec table data.
[2025-04-26 14:55:14,647 I 3004866 3004866] (gcs_server) gcs_init_data.cc:62: Loading placement group table data.
[2025-04-26 14:55:14,647 I 3004866 3004866] (gcs_server) gcs_init_data.cc:46: Finished loading job table data, size = 0
[2025-04-26 14:55:14,647 I 3004866 3004866] (gcs_server) gcs_init_data.cc:56: Finished loading node table data, size = 0
[2025-04-26 14:55:14,647 I 3004866 3004866] (gcs_server) gcs_init_data.cc:79: Finished loading actor table data, size = 0
[2025-04-26 14:55:14,647 I 3004866 3004866] (gcs_server) gcs_init_data.cc:90: Finished loading actor task spec table data, size = 0
[2025-04-26 14:55:14,647 I 3004866 3004866] (gcs_server) gcs_init_data.cc:68: Finished loading placement group table data, size = 0
[2025-04-26 14:55:14,647 I 3004866 3004866] (gcs_server) gcs_server.cc:157: No existing server cluster ID found. Generating new ID: b26e464c73ba8d40ad3921357eeb46b2d43f47dd161819f30907c311
[2025-04-26 14:55:14,647 I 3004866 3004866] (gcs_server) gcs_server.cc:672: Autoscaler V2 enabled: 0
[2025-04-26 14:55:14,649 I 3004866 3004866] (gcs_server) grpc_server.cc:135: GcsServer server started, listening on port 36078.
[2025-04-26 14:55:14,739 I 3004866 3004866] (gcs_server) gcs_server.cc:245: Gcs Debug state:

GcsNodeManager: 
- RegisterNode request count: 0
- DrainNode request count: 0
- GetAllNodeInfo request count: 0

GcsActorManager: 
- RegisterActor request count: 0
- CreateActor request count: 0
- GetActorInfo request count: 0
- GetNamedActorInfo request count: 0
- GetAllActorInfo request count: 0
- KillActor request count: 0
- ListNamedActors request count: 0
- Registered actors count: 0
- Destroyed actors count: 0
- Named actors count: 0
- Unresolved actors count: 0
- Pending actors count: 0
- Created actors count: 0
- owners_: 0
- actor_to_register_callbacks_: 0
- actor_to_restart_callbacks_: 0
- actor_to_create_callbacks_: 0
- sorted_destroyed_actor_list_: 0

GcsResourceManager: 
- GetAllAvailableResources request count: 0
- GetAllTotalResources request count: 0
- GetAllResourceUsage request count: 0

GcsPlacementGroupManager: 
- CreatePlacementGroup request count: 0
- RemovePlacementGroup request count: 0
- GetPlacementGroup request count: 0
- GetAllPlacementGroup request count: 0
- WaitPlacementGroupUntilReady request count: 0
- GetNamedPlacementGroup request count: 0
- Scheduling pending placement group count: 0
- Registered placement groups count: 0
- Named placement group count: 0
- Pending placement groups count: 0
- Infeasible placement groups count: 0

Publisher:

[runtime env manager] ID to URIs table:
[runtime env manager] URIs reference table:

GcsTaskManager: 
-Total num task events reported: 0
-Total num status task events dropped: 0
-Total num profile events dropped: 0
-Current num of task events stored: 0
-Total num of actor creation tasks: 0
-Total num of actor tasks: 0
-Total num of normal tasks: 0
-Total num of driver tasks: 0

GcsAutoscalerStateManager: 
- last_seen_autoscaler_state_version_: 0
- last_cluster_resource_state_version_: 0
- pending demands:



[2025-04-26 14:55:14,739 I 3004866 3004866] (gcs_server) gcs_server.cc:870: Main service Event stats:


Global stats: 24 total (4 active)
Queueing time: mean = 35.012 ms, max = 92.092 ms, min = 79.000 ns, total = 840.285 ms
Execution time:  mean = 7.680 ms, total = 184.331 ms
Event stats:
	GcsInMemoryStore.Put - 8 total (0 active), Execution time: mean = 11.515 ms, total = 92.117 ms, Queueing time: mean = 80.249 ms, max = 91.853 ms, min = 2.404 us, total = 641.994 ms
	GcsInMemoryStore.GetAll - 5 total (0 active), Execution time: mean = 9.214 us, total = 46.072 us, Queueing time: mean = 27.694 us, max = 29.980 us, min = 25.710 us, total = 138.469 us
	PeriodicalRunner.RunFnPeriodically - 4 total (2 active, 1 running), Execution time: mean = 3.094 us, total = 12.374 us, Queueing time: mean = 46.030 ms, max = 92.092 ms, min = 92.030 ms, total = 184.122 ms
	event_loop_lag_probe - 2 total (0 active), Execution time: mean = 8.059 us, total = 16.118 us, Queueing time: mean = 7.006 ms, max = 13.957 ms, min = 54.882 us, total = 14.012 ms
	GcsInitData::AsyncLoad - 1 total (0 active), Execution time: mean = 21.463 us, total = 21.463 us, Queueing time: mean = 418.000 ns, max = 418.000 ns, min = 418.000 ns, total = 418.000 ns
	ClusterResourceManager.ResetRemoteNodeView - 1 total (1 active), Execution time: mean = 0.000 s, total = 0.000 s, Queueing time: mean = 0.000 s, max = -0.000 s, min = 9223372036.855 s, total = 0.000 s
	GcsServer.GetOrGenerateClusterId.continuation - 1 total (0 active), Execution time: mean = 92.101 ms, total = 92.101 ms, Queueing time: mean = 79.000 ns, max = 79.000 ns, min = 79.000 ns, total = 79.000 ns
	RayletLoadPulled - 1 total (1 active), Execution time: mean = 0.000 s, total = 0.000 s, Queueing time: mean = 0.000 s, max = -0.000 s, min = 9223372036.855 s, total = 0.000 s
	GcsInMemoryStore.Get - 1 total (0 active), Execution time: mean = 16.530 us, total = 16.530 us, Queueing time: mean = 18.431 us, max = 18.431 us, min = 18.431 us, total = 18.431 us


[2025-04-26 14:55:14,739 I 3004866 3004866] (gcs_server) gcs_server.cc:874: task_io_context Event stats:


Global stats: 4 total (1 active)
Queueing time: mean = 277.906 us, max = 981.677 us, min = 41.256 us, total = 1.112 ms
Execution time:  mean = 75.230 us, total = 300.918 us
Event stats:
	event_loop_lag_probe - 2 total (0 active), Execution time: mean = 143.283 us, total = 286.566 us, Queueing time: mean = 511.466 us, max = 981.677 us, min = 41.256 us, total = 1.023 ms
	PeriodicalRunner.RunFnPeriodically - 1 total (0 active), Execution time: mean = 14.352 us, total = 14.352 us, Queueing time: mean = 88.690 us, max = 88.690 us, min = 88.690 us, total = 88.690 us
	GcsTaskManager.GcJobSummary - 1 total (1 active), Execution time: mean = 0.000 s, total = 0.000 s, Queueing time: mean = 0.000 s, max = -0.000 s, min = 9223372036.855 s, total = 0.000 s


[2025-04-26 14:55:14,739 I 3004866 3004866] (gcs_server) gcs_server.cc:874: pubsub_io_context Event stats:


Global stats: 4 total (1 active)
Queueing time: mean = 94.344 us, max = 333.880 us, min = 21.482 us, total = 377.374 us
Execution time:  mean = 47.190 us, total = 188.759 us
Event stats:
	event_loop_lag_probe - 2 total (0 active), Execution time: mean = 90.489 us, total = 180.977 us, Queueing time: mean = 177.681 us, max = 333.880 us, min = 21.482 us, total = 355.362 us
	PeriodicalRunner.RunFnPeriodically - 1 total (0 active), Execution time: mean = 7.782 us, total = 7.782 us, Queueing time: mean = 22.012 us, max = 22.012 us, min = 22.012 us, total = 22.012 us
	Publisher.CheckDeadSubscribers - 1 total (1 active), Execution time: mean = 0.000 s, total = 0.000 s, Queueing time: mean = 0.000 s, max = -0.000 s, min = 9223372036.855 s, total = 0.000 s


[2025-04-26 14:55:14,739 I 3004866 3004866] (gcs_server) gcs_server.cc:874: ray_syncer_io_context Event stats:


Global stats: 4 total (0 active)
Queueing time: mean = 109.188 us, max = 386.791 us, min = 12.561 us, total = 436.753 us
Execution time:  mean = 39.440 us, total = 157.760 us
Event stats:
	event_loop_lag_probe - 2 total (0 active), Execution time: mean = 78.182 us, total = 156.364 us, Queueing time: mean = 204.416 us, max = 386.791 us, min = 22.041 us, total = 408.832 us
	RaySyncerRegister - 2 total (0 active), Execution time: mean = 698.000 ns, total = 1.396 us, Queueing time: mean = 13.960 us, max = 15.360 us, min = 12.561 us, total = 27.921 us


[2025-04-26 14:55:17,428 I 3004866 3004866] (gcs_server) gcs_node_manager.cc:88: Registering node info, address = 10.153.51.195, node name = 10.153.51.195 node_id=4f463ea083f43d96eb472b58ee3a7110579c272e742af18a9909acf4
[2025-04-26 14:55:17,428 I 3004866 3004866] (gcs_server) gcs_node_manager.cc:94: Finished registering node info, address = 10.153.51.195, node name = 10.153.51.195, is_head_node = 1 node_id=4f463ea083f43d96eb472b58ee3a7110579c272e742af18a9909acf4
[2025-04-26 14:55:17,428 I 3004866 3004866] (gcs_server) gcs_placement_group_manager.cc:830: A new node: 4f463ea083f43d96eb472b58ee3a7110579c272e742af18a9909acf4 registered, will try to reschedule all the infeasible placement groups.
[2025-04-26 14:55:17,435 I 3004866 3004925] (gcs_server) ray_syncer.cc:244: Get connection node_id=4f463ea083f43d96eb472b58ee3a7110579c272e742af18a9909acf4
[2025-04-26 14:55:18,481 I 3004866 3004866] (gcs_server) gcs_job_manager.cc:90: Adding job, job id = 01000000, driver pid = 3004690
[2025-04-26 14:55:18,481 I 3004866 3004866] (gcs_server) gcs_job_manager.cc:111: Finished adding job, job id = 01000000, driver pid = 3004690
[2025-04-26 14:55:18,497 I 3004866 3004866] (gcs_server) gcs_actor_manager.cc:396: Registering actor job_id=01000000 actor_id=0e74f2c9908663d080c6bf1001000000
[2025-04-26 14:55:18,497 I 3004866 3004866] (gcs_server) gcs_actor_manager.cc:401: Registered actor, job id = 01000000, actor id = 0e74f2c9908663d080c6bf1001000000
[2025-04-26 14:55:18,498 I 3004866 3004866] (gcs_server) gcs_actor_manager.cc:482: Creating actor job_id=01000000 actor_id=0e74f2c9908663d080c6bf1001000000
[2025-04-26 14:55:18,498 I 3004866 3004866] (gcs_server) gcs_actor_scheduler.cc:313: Start leasing worker from node 4f463ea083f43d96eb472b58ee3a7110579c272e742af18a9909acf4 for actor 0e74f2c9908663d080c6bf1001000000, job id = 01000000
[2025-04-26 14:55:19,588 I 3004866 3004866] (gcs_server) gcs_actor_scheduler.cc:634: Finished leasing worker from 4f463ea083f43d96eb472b58ee3a7110579c272e742af18a9909acf4 for actor 0e74f2c9908663d080c6bf1001000000, job id = 01000000
[2025-04-26 14:55:19,588 I 3004866 3004866] (gcs_server) gcs_actor_scheduler.cc:449: Start creating actor 0e74f2c9908663d080c6bf1001000000 on worker 26aaf52ef609f0b2012f4a7eaf725f3505e461e5c6b4f2ea78f4f3fc at node 4f463ea083f43d96eb472b58ee3a7110579c272e742af18a9909acf4, job id = 01000000
[2025-04-26 14:55:29,333 I 3004866 3004866] (gcs_server) gcs_actor_scheduler.cc:486: Finished actor creation task for actor 0e74f2c9908663d080c6bf1001000000 on worker 26aaf52ef609f0b2012f4a7eaf725f3505e461e5c6b4f2ea78f4f3fc at node 4f463ea083f43d96eb472b58ee3a7110579c272e742af18a9909acf4, job id = 01000000
[2025-04-26 14:55:29,333 I 3004866 3004866] (gcs_server) gcs_actor_manager.cc:1543: Actor created successfully job_id=01000000 actor_id=0e74f2c9908663d080c6bf1001000000
[2025-04-26 14:55:29,333 I 3004866 3004866] (gcs_server) gcs_actor_manager.cc:497: Finished creating actor. Status: OK job_id=01000000 actor_id=0e74f2c9908663d080c6bf1001000000
[2025-04-26 14:55:38,411 I 3004866 3004866] (gcs_server) gcs_actor_manager.cc:1029: Destroying actor job_id=01000000 actor_id=0e74f2c9908663d080c6bf1001000000
[2025-04-26 14:55:38,412 I 3004866 3004866] (gcs_server) gcs_actor_manager.cc:1008: Actor 0e74f2c9908663d080c6bf1001000000 has no references, destroying actor, job id = 01000000
[2025-04-26 14:55:38,989 I 3004866 3004866] (gcs_server) gcs_job_manager.cc:149: Finished marking job state, job id = 01000000
[2025-04-26 14:55:39,098 I 3004866 3004866] (gcs_server) gcs_node_manager.cc:382: Removing node, node name = 10.153.51.195, death reason = EXPECTED_TERMINATION, death message = received SIGTERM node_id=4f463ea083f43d96eb472b58ee3a7110579c272e742af18a9909acf4
[2025-04-26 14:55:39,099 I 3004866 3004866] (gcs_server) gcs_placement_group_manager.cc:800: Node failed, rescheduling the placement groups on the dead node. node_id=4f463ea083f43d96eb472b58ee3a7110579c272e742af18a9909acf4
[2025-04-26 14:55:39,099 I 3004866 3004866] (gcs_server) gcs_actor_manager.cc:1282: Node failed, reconstructing actors. node_id=4f463ea083f43d96eb472b58ee3a7110579c272e742af18a9909acf4
[2025-04-26 14:55:39,099 I 3004866 3004866] (gcs_server) gcs_job_manager.cc:467: Node failed, mark all jobs from this node as finished node_id=4f463ea083f43d96eb472b58ee3a7110579c272e742af18a9909acf4
[2025-04-26 14:55:39,192 I 3004866 3004915] (gcs_server) ray_syncer_bidi_reactor_base.h:182: Failed to read the message from: 4f463ea083f43d96eb472b58ee3a7110579c272e742af18a9909acf4
[2025-04-26 14:55:39,192 I 3004866 3004915] (gcs_server) ray_syncer.cc:241: Connection is broken. node_id=4f463ea083f43d96eb472b58ee3a7110579c272e742af18a9909acf4
[2025-04-26 14:55:39,214 I 3004866 3004866] (gcs_server) gcs_server_main.cc:175: GCS server received SIGTERM, shutting down...
[2025-04-26 14:55:39,215 I 3004866 3004866] (gcs_server) gcs_server.cc:267: Stopping GCS server.
[2025-04-26 14:55:39,246 I 3004866 3004866] (gcs_server) gcs_server.cc:284: GCS server stopped.
[2025-04-26 14:55:39,246 I 3004866 3004866] (gcs_server) io_service_pool.cc:47: IOServicePool is stopped.
[2025-04-26 14:55:39,266 I 3004866 3004866] (gcs_server) stats.h:120: Stats module has shutdown.
