[2025-04-26 14:55:16,396 I 3005076 3005076] (raylet) main.cc:226: Setting cluster ID to: b26e464c73ba8d40ad3921357eeb46b2d43f47dd161819f30907c311
[2025-04-26 14:55:16,403 I 3005076 3005076] (raylet) main.cc:341: Raylet is not set to kill unknown children.
[2025-04-26 14:55:16,403 I 3005076 3005076] (raylet) io_service_pool.cc:35: IOServicePool is running with 1 io_service.
[2025-04-26 14:55:16,404 I 3005076 3005076] (raylet) main.cc:471: Setting node ID node_id=4f463ea083f43d96eb472b58ee3a7110579c272e742af18a9909acf4
[2025-04-26 14:55:16,404 I 3005076 3005076] (raylet) store_runner.cc:33: Allowing the Plasma store to use up to 36.3005GB of memory.
[2025-04-26 14:55:16,404 I 3005076 3005076] (raylet) store_runner.cc:49: Starting object store with directory /dev/shm, fallback /home/stud/wxie/EasyR1/ray, and huge page support disabled
[2025-04-26 14:55:16,404 I 3005076 3005104] (raylet) dlmalloc.cc:154: create_and_mmap_buffer(36300652552, /dev/shm/plasmaXXXXXX)
[2025-04-26 14:55:16,406 I 3005076 3005104] (raylet) store.cc:564: Plasma store debug dump: 
Current usage: 0 / 36.3005 GB
- num bytes created total: 0
0 pending objects of total size 0MB
- objects spillable: 0
- bytes spillable: 0
- objects unsealed: 0
- bytes unsealed: 0
- objects in use: 0
- bytes in use: 0
- objects evictable: 0
- bytes evictable: 0

- objects created by worker: 0
- bytes created by worker: 0
- objects restored: 0
- bytes restored: 0
- objects received: 0
- bytes received: 0
- objects errored: 0
- bytes errored: 0

[2025-04-26 14:55:17,409 I 3005076 3005076] (raylet) grpc_server.cc:135: ObjectManager server started, listening on port 36625.
[2025-04-26 14:55:17,413 I 3005076 3005076] (raylet) worker_killing_policy.cc:101: Running GroupByOwner policy.
[2025-04-26 14:55:17,413 W 3005076 3005076] (raylet) memory_monitor.cc:198: Got negative used memory for cgroup -1, setting it to zero
[2025-04-26 14:55:17,413 I 3005076 3005076] (raylet) memory_monitor.cc:48: MemoryMonitor initialized with usage threshold at 128114286592 bytes (0.95 system memory), total system memory bytes: 134857150464
[2025-04-26 14:55:17,413 I 3005076 3005076] (raylet) node_manager.cc:295: Initializing NodeManager node_id=4f463ea083f43d96eb472b58ee3a7110579c272e742af18a9909acf4
[2025-04-26 14:55:17,414 I 3005076 3005076] (raylet) grpc_server.cc:135: NodeManager server started, listening on port 38257.
[2025-04-26 14:55:17,424 I 3005076 3005181] (raylet) agent_manager.cc:78: Monitor agent process with name dashboard_agent/424238335
[2025-04-26 14:55:17,425 I 3005076 3005183] (raylet) agent_manager.cc:78: Monitor agent process with name runtime_env_agent
[2025-04-26 14:55:17,427 I 3005076 3005076] (raylet) event.cc:500: Ray Event initialized for RAYLET
[2025-04-26 14:55:17,427 I 3005076 3005076] (raylet) event.cc:331: Set ray event level to warning
[2025-04-26 14:55:17,429 I 3005076 3005076] (raylet) raylet.cc:134: Raylet of id, 4f463ea083f43d96eb472b58ee3a7110579c272e742af18a9909acf4 started. Raylet consists of node_manager and object_manager. node_manager address: 10.153.51.195:38257 object_manager address: 10.153.51.195:36625 hostname: marajo
[2025-04-26 14:55:17,434 I 3005076 3005076] (raylet) node_manager.cc:532: [state-dump] NodeManager:
[state-dump] Node ID: 4f463ea083f43d96eb472b58ee3a7110579c272e742af18a9909acf4
[state-dump] Node name: 10.153.51.195
[state-dump] InitialConfigResources: {node:10.153.51.195: 10000, node:__internal_head__: 10000, object_store_memory: 363005497340000, memory: 747012827140000, accelerator_type:H100: 10000, GPU: 10000, CPU: 320000}
[state-dump] ClusterTaskManager:
[state-dump] ========== Node: 4f463ea083f43d96eb472b58ee3a7110579c272e742af18a9909acf4 =================
[state-dump] Infeasible queue length: 0
[state-dump] Schedule queue length: 0
[state-dump] Dispatch queue length: 0
[state-dump] num_waiting_for_resource: 0
[state-dump] num_waiting_for_plasma_memory: 0
[state-dump] num_waiting_for_remote_node_resources: 0
[state-dump] num_worker_not_started_by_job_config_not_exist: 0
[state-dump] num_worker_not_started_by_registration_timeout: 0
[state-dump] num_tasks_waiting_for_workers: 0
[state-dump] num_cancelled_tasks: 0
[state-dump] cluster_resource_scheduler state: 
[state-dump] Local id: 1895624909886293029 Local resources: {"total":{node:__internal_head__: [10000], CPU: [320000], node:10.153.51.195: [10000], memory: [747012827140000], object_store_memory: [363005497340000], GPU: [10000], accelerator_type:H100: [10000]}}, "available": {node:__internal_head__: [10000], CPU: [320000], node:10.153.51.195: [10000], memory: [747012827140000], object_store_memory: [363005497340000], GPU: [10000], accelerator_type:H100: [10000]}}, "labels":{"ray.io/node_id":"4f463ea083f43d96eb472b58ee3a7110579c272e742af18a9909acf4",} is_draining: 0 is_idle: 1 Cluster resources: node id: 1895624909886293029{"total":{node:10.153.51.195: 10000, object_store_memory: 363005497340000, node:__internal_head__: 10000, memory: 747012827140000, accelerator_type:H100: 10000, GPU: 10000, CPU: 320000}}, "available": {node:10.153.51.195: 10000, object_store_memory: 363005497340000, node:__internal_head__: 10000, memory: 747012827140000, accelerator_type:H100: 10000, GPU: 10000, CPU: 320000}}, "labels":{"ray.io/node_id":"4f463ea083f43d96eb472b58ee3a7110579c272e742af18a9909acf4",}, "is_draining": 0, "draining_deadline_timestamp_ms": -1} { "placment group locations": [], "node to bundles": []}
[state-dump] Waiting tasks size: 0
[state-dump] Number of executing tasks: 0
[state-dump] Number of pinned task arguments: 0
[state-dump] Number of total spilled tasks: 0
[state-dump] Number of spilled waiting tasks: 0
[state-dump] Number of spilled unschedulable tasks: 0
[state-dump] Resource usage {
[state-dump] }
[state-dump] Backlog Size per scheduling descriptor :{workerId: num backlogs}:
[state-dump] 
[state-dump] Running tasks by scheduling class:
[state-dump] ==================================================
[state-dump] 
[state-dump] ClusterResources:
[state-dump] LocalObjectManager:
[state-dump] - num pinned objects: 0
[state-dump] - pinned objects size: 0
[state-dump] - num objects pending restore: 0
[state-dump] - num objects pending spill: 0
[state-dump] - num bytes pending spill: 0
[state-dump] - num bytes currently spilled: 0
[state-dump] - cumulative spill requests: 0
[state-dump] - cumulative restore requests: 0
[state-dump] - spilled objects pending delete: 0
[state-dump] 
[state-dump] ObjectManager:
[state-dump] - num local objects: 0
[state-dump] - num unfulfilled push requests: 0
[state-dump] - num object pull requests: 0
[state-dump] - num chunks received total: 0
[state-dump] - num chunks received failed (all): 0
[state-dump] - num chunks received failed / cancelled: 0
[state-dump] - num chunks received failed / plasma error: 0
[state-dump] Event stats:
[state-dump] Global stats: 0 total (0 active)
[state-dump] Queueing time: mean = -nan s, max = -0.000 s, min = 9223372036.855 s, total = 0.000 s
[state-dump] Execution time:  mean = -nan s, total = 0.000 s
[state-dump] Event stats:
[state-dump] PushManager:
[state-dump] - num pushes in flight: 0
[state-dump] - num chunks in flight: 0
[state-dump] - num chunks remaining: 0
[state-dump] - max chunks allowed: 409
[state-dump] OwnershipBasedObjectDirectory:
[state-dump] - num listeners: 0
[state-dump] - cumulative location updates: 0
[state-dump] - num location updates per second: 34769507477430000.000
[state-dump] - num location lookups per second: 34769507477424000.000
[state-dump] - num locations added per second: 0.000
[state-dump] - num locations removed per second: 0.000
[state-dump] BufferPool:
[state-dump] - create buffer state map size: 0
[state-dump] PullManager:
[state-dump] - num bytes available for pulled objects: 36300549734
[state-dump] - num bytes being pulled (all): 0
[state-dump] - num bytes being pulled / pinned: 0
[state-dump] - get request bundles: BundlePullRequestQueue{0 total, 0 active, 0 inactive, 0 unpullable}
[state-dump] - wait request bundles: BundlePullRequestQueue{0 total, 0 active, 0 inactive, 0 unpullable}
[state-dump] - task request bundles: BundlePullRequestQueue{0 total, 0 active, 0 inactive, 0 unpullable}
[state-dump] - first get request bundle: N/A
[state-dump] - first wait request bundle: N/A
[state-dump] - first task request bundle: N/A
[state-dump] - num objects queued: 0
[state-dump] - num objects actively pulled (all): 0
[state-dump] - num objects actively pulled / pinned: 0
[state-dump] - num bundles being pulled: 0
[state-dump] - num pull retries: 0
[state-dump] - max timeout seconds: 0
[state-dump] - max timeout request is already processed. No entry.
[state-dump] 
[state-dump] WorkerPool:
[state-dump] - registered jobs: 0
[state-dump] - process_failed_job_config_missing: 0
[state-dump] - process_failed_rate_limited: 0
[state-dump] - process_failed_pending_registration: 0
[state-dump] - process_failed_runtime_env_setup_failed: 0
[state-dump] - num JAVA workers: 0
[state-dump] - num JAVA drivers: 0
[state-dump] - num JAVA pending start requests: 0
[state-dump] - num JAVA pending registration requests: 0
[state-dump] - num object spill callbacks queued: 0
[state-dump] - num object restore queued: 0
[state-dump] - num util functions queued: 0
[state-dump] - num PYTHON workers: 0
[state-dump] - num PYTHON drivers: 0
[state-dump] - num PYTHON pending start requests: 0
[state-dump] - num PYTHON pending registration requests: 0
[state-dump] - num object spill callbacks queued: 0
[state-dump] - num object restore queued: 0
[state-dump] - num util functions queued: 0
[state-dump] - num idle workers: 0
[state-dump] TaskDependencyManager:
[state-dump] - task deps map size: 0
[state-dump] - get req map size: 0
[state-dump] - wait req map size: 0
[state-dump] - local objects map size: 0
[state-dump] WaitManager:
[state-dump] - num active wait requests: 0
[state-dump] Subscriber:
[state-dump] Channel WORKER_REF_REMOVED_CHANNEL
[state-dump] - cumulative subscribe requests: 0
[state-dump] - cumulative unsubscribe requests: 0
[state-dump] - active subscribed publishers: 0
[state-dump] - cumulative published messages: 0
[state-dump] - cumulative processed messages: 0
[state-dump] Channel WORKER_OBJECT_EVICTION
[state-dump] - cumulative subscribe requests: 0
[state-dump] - cumulative unsubscribe requests: 0
[state-dump] - active subscribed publishers: 0
[state-dump] - cumulative published messages: 0
[state-dump] - cumulative processed messages: 0
[state-dump] Channel WORKER_OBJECT_LOCATIONS_CHANNEL
[state-dump] - cumulative subscribe requests: 0
[state-dump] - cumulative unsubscribe requests: 0
[state-dump] - active subscribed publishers: 0
[state-dump] - cumulative published messages: 0
[state-dump] - cumulative processed messages: 0
[state-dump] num async plasma notifications: 0
[state-dump] Remote node managers: 
[state-dump] Event stats:
[state-dump] Global stats: 28 total (13 active)
[state-dump] Queueing time: mean = 2.131 ms, max = 14.216 ms, min = 21.778 us, total = 59.662 ms
[state-dump] Execution time:  mean = 36.901 ms, total = 1.033 s
[state-dump] Event stats:
[state-dump] 	PeriodicalRunner.RunFnPeriodically - 11 total (2 active, 1 running), Execution time: mean = 392.625 us, total = 4.319 ms, Queueing time: mean = 5.411 ms, max = 14.216 ms, min = 51.976 us, total = 59.522 ms
[state-dump] 	NodeManager.ScheduleAndDispatchTasks - 1 total (1 active), Execution time: mean = 0.000 s, total = 0.000 s, Queueing time: mean = 0.000 s, max = -0.000 s, min = 9223372036.855 s, total = 0.000 s
[state-dump] 	ClusterResourceManager.ResetRemoteNodeView - 1 total (1 active), Execution time: mean = 0.000 s, total = 0.000 s, Queueing time: mean = 0.000 s, max = -0.000 s, min = 9223372036.855 s, total = 0.000 s
[state-dump] 	ObjectManager.UpdateAvailableMemory - 1 total (0 active), Execution time: mean = 3.994 us, total = 3.994 us, Queueing time: mean = 21.778 us, max = 21.778 us, min = 21.778 us, total = 21.778 us
[state-dump] 	NodeManager.GCTaskFailureReason - 1 total (1 active), Execution time: mean = 0.000 s, total = 0.000 s, Queueing time: mean = 0.000 s, max = -0.000 s, min = 9223372036.855 s, total = 0.000 s
[state-dump] 	ray::rpc::InternalPubSubGcsService.grpc_client.GcsSubscriberCommandBatch - 1 total (0 active), Execution time: mean = 867.864 us, total = 867.864 us, Queueing time: mean = 0.000 s, max = -0.000 s, min = 9223372036.855 s, total = 0.000 s
[state-dump] 	NodeManager.deadline_timer.spill_objects_when_over_threshold - 1 total (1 active), Execution time: mean = 0.000 s, total = 0.000 s, Queueing time: mean = 0.000 s, max = -0.000 s, min = 9223372036.855 s, total = 0.000 s
[state-dump] 	ray::rpc::InternalPubSubGcsService.grpc_client.GcsSubscriberCommandBatch.OnReplyReceived - 1 total (1 active), Execution time: mean = 0.000 s, total = 0.000 s, Queueing time: mean = 0.000 s, max = -0.000 s, min = 9223372036.855 s, total = 0.000 s
[state-dump] 	ray::rpc::NodeInfoGcsService.grpc_client.RegisterNode - 1 total (0 active), Execution time: mean = 2.009 ms, total = 2.009 ms, Queueing time: mean = 0.000 s, max = -0.000 s, min = 9223372036.855 s, total = 0.000 s
[state-dump] 	NodeManager.deadline_timer.record_metrics - 1 total (1 active), Execution time: mean = 0.000 s, total = 0.000 s, Queueing time: mean = 0.000 s, max = -0.000 s, min = 9223372036.855 s, total = 0.000 s
[state-dump] 	ray::rpc::InternalPubSubGcsService.grpc_client.GcsSubscriberPoll - 1 total (1 active), Execution time: mean = 0.000 s, total = 0.000 s, Queueing time: mean = 0.000 s, max = -0.000 s, min = 9223372036.855 s, total = 0.000 s
[state-dump] 	NodeManager.deadline_timer.flush_free_objects - 1 total (1 active), Execution time: mean = 0.000 s, total = 0.000 s, Queueing time: mean = 0.000 s, max = -0.000 s, min = 9223372036.855 s, total = 0.000 s
[state-dump] 	ray::rpc::InternalKVGcsService.grpc_client.GetInternalConfig.OnReplyReceived - 1 total (0 active), Execution time: mean = 1.024 s, total = 1.024 s, Queueing time: mean = 21.785 us, max = 21.785 us, min = 21.785 us, total = 21.785 us
[state-dump] 	NodeManager.deadline_timer.debug_state_dump - 1 total (1 active), Execution time: mean = 0.000 s, total = 0.000 s, Queueing time: mean = 0.000 s, max = -0.000 s, min = 9223372036.855 s, total = 0.000 s
[state-dump] 	MemoryMonitor.CheckIsMemoryUsageAboveThreshold - 1 total (1 active), Execution time: mean = 0.000 s, total = 0.000 s, Queueing time: mean = 0.000 s, max = -0.000 s, min = 9223372036.855 s, total = 0.000 s
[state-dump] 	ray::rpc::InternalKVGcsService.grpc_client.GetInternalConfig - 1 total (0 active), Execution time: mean = 1.263 ms, total = 1.263 ms, Queueing time: mean = 0.000 s, max = -0.000 s, min = 9223372036.855 s, total = 0.000 s
[state-dump] 	RayletWorkerPool.deadline_timer.kill_idle_workers - 1 total (1 active), Execution time: mean = 0.000 s, total = 0.000 s, Queueing time: mean = 0.000 s, max = -0.000 s, min = 9223372036.855 s, total = 0.000 s
[state-dump] 	ray::rpc::NodeInfoGcsService.grpc_client.RegisterNode.OnReplyReceived - 1 total (0 active), Execution time: mean = 450.949 us, total = 450.949 us, Queueing time: mean = 97.269 us, max = 97.269 us, min = 97.269 us, total = 97.269 us
[state-dump] DebugString() time ms: 0
[state-dump] 
[state-dump] 
[2025-04-26 14:55:17,435 I 3005076 3005076] (raylet) accessor.cc:777: Received notification for node, IsAlive = 1 node_id=4f463ea083f43d96eb472b58ee3a7110579c272e742af18a9909acf4
[2025-04-26 14:55:17,470 I 3005076 3005076] (raylet) worker_pool.cc:729: [Eagerly] Start install runtime environment for job 01000000.
[2025-04-26 14:55:17,473 I 3005076 3005076] (raylet) worker_pool.cc:522: Started worker process with pid 3005205, the token is 0
[2025-04-26 14:55:17,476 I 3005076 3005076] (raylet) worker_pool.cc:522: Started worker process with pid 3005206, the token is 1
[2025-04-26 14:55:17,481 I 3005076 3005076] (raylet) worker_pool.cc:522: Started worker process with pid 3005207, the token is 2
[2025-04-26 14:55:17,484 I 3005076 3005076] (raylet) worker_pool.cc:522: Started worker process with pid 3005208, the token is 3
[2025-04-26 14:55:17,487 I 3005076 3005076] (raylet) worker_pool.cc:522: Started worker process with pid 3005209, the token is 4
[2025-04-26 14:55:17,490 I 3005076 3005076] (raylet) worker_pool.cc:522: Started worker process with pid 3005210, the token is 5
[2025-04-26 14:55:17,493 I 3005076 3005076] (raylet) worker_pool.cc:522: Started worker process with pid 3005211, the token is 6
[2025-04-26 14:55:17,496 I 3005076 3005076] (raylet) worker_pool.cc:522: Started worker process with pid 3005212, the token is 7
[2025-04-26 14:55:17,500 I 3005076 3005076] (raylet) worker_pool.cc:522: Started worker process with pid 3005213, the token is 8
[2025-04-26 14:55:17,503 I 3005076 3005076] (raylet) worker_pool.cc:522: Started worker process with pid 3005214, the token is 9
[2025-04-26 14:55:17,506 I 3005076 3005076] (raylet) worker_pool.cc:522: Started worker process with pid 3005215, the token is 10
[2025-04-26 14:55:17,509 I 3005076 3005076] (raylet) worker_pool.cc:522: Started worker process with pid 3005216, the token is 11
[2025-04-26 14:55:17,512 I 3005076 3005076] (raylet) worker_pool.cc:522: Started worker process with pid 3005217, the token is 12
[2025-04-26 14:55:17,514 I 3005076 3005076] (raylet) worker_pool.cc:522: Started worker process with pid 3005218, the token is 13
[2025-04-26 14:55:17,517 I 3005076 3005076] (raylet) worker_pool.cc:522: Started worker process with pid 3005219, the token is 14
[2025-04-26 14:55:17,520 I 3005076 3005076] (raylet) worker_pool.cc:522: Started worker process with pid 3005220, the token is 15
[2025-04-26 14:55:17,524 I 3005076 3005076] (raylet) worker_pool.cc:522: Started worker process with pid 3005221, the token is 16
[2025-04-26 14:55:17,529 I 3005076 3005076] (raylet) worker_pool.cc:522: Started worker process with pid 3005222, the token is 17
[2025-04-26 14:55:17,533 I 3005076 3005076] (raylet) worker_pool.cc:522: Started worker process with pid 3005223, the token is 18
[2025-04-26 14:55:17,557 I 3005076 3005076] (raylet) worker_pool.cc:522: Started worker process with pid 3005224, the token is 19
[2025-04-26 14:55:17,562 I 3005076 3005076] (raylet) worker_pool.cc:522: Started worker process with pid 3005225, the token is 20
[2025-04-26 14:55:17,566 I 3005076 3005076] (raylet) worker_pool.cc:522: Started worker process with pid 3005226, the token is 21
[2025-04-26 14:55:17,570 I 3005076 3005076] (raylet) worker_pool.cc:522: Started worker process with pid 3005227, the token is 22
[2025-04-26 14:55:17,575 I 3005076 3005076] (raylet) worker_pool.cc:522: Started worker process with pid 3005228, the token is 23
[2025-04-26 14:55:17,578 I 3005076 3005076] (raylet) worker_pool.cc:522: Started worker process with pid 3005229, the token is 24
[2025-04-26 14:55:17,583 I 3005076 3005076] (raylet) worker_pool.cc:522: Started worker process with pid 3005230, the token is 25
[2025-04-26 14:55:17,587 I 3005076 3005076] (raylet) worker_pool.cc:522: Started worker process with pid 3005231, the token is 26
[2025-04-26 14:55:17,591 I 3005076 3005076] (raylet) worker_pool.cc:522: Started worker process with pid 3005232, the token is 27
[2025-04-26 14:55:17,596 I 3005076 3005076] (raylet) worker_pool.cc:522: Started worker process with pid 3005233, the token is 28
[2025-04-26 14:55:17,600 I 3005076 3005076] (raylet) worker_pool.cc:522: Started worker process with pid 3005234, the token is 29
[2025-04-26 14:55:17,604 I 3005076 3005076] (raylet) worker_pool.cc:522: Started worker process with pid 3005235, the token is 30
[2025-04-26 14:55:17,608 I 3005076 3005076] (raylet) worker_pool.cc:522: Started worker process with pid 3005236, the token is 31
[2025-04-26 14:55:17,609 I 3005076 3005076] (raylet) runtime_env_agent_client.cc:340: Runtime Env Agent network error: NotFound: on_connect Connection refused, the server may be still starting or is already failed. Scheduling a retry in 1000ms...
[2025-04-26 14:55:18,206 I 3005076 3005104] (raylet) object_store.cc:35: Object store current usage 8e-09 / 36.3005 GB.
[2025-04-26 14:55:18,482 I 3005076 3005076] (raylet) worker_pool.cc:719: Job 01000000 already started in worker pool.
[2025-04-26 14:55:18,502 I 3005076 3005076] (raylet) runtime_env_agent_client.cc:383: Create runtime env for job 01000000
[2025-04-26 14:55:18,505 I 3005076 3005076] (raylet) worker_pool.cc:522: Started worker process with pid 3007085, the token is 32
[2025-04-26 14:55:18,612 I 3005076 3005076] (raylet) runtime_env_agent_client.cc:383: Create runtime env for job 01000000
[2025-04-26 14:55:18,612 I 3005076 3005076] (raylet) worker_pool.cc:740: [Eagerly] Create runtime env successful for job 01000000.
[2025-04-26 14:55:19,642 I 3005076 3005076] (raylet) node_manager.cc:1549: NodeManager::DisconnectClient, disconnect_type=1, has creation task exception = false
[2025-04-26 14:55:22,433 W 3005076 3005076] (raylet) memory_monitor.cc:198: Got negative used memory for cgroup -1, setting it to zero
[2025-04-26 14:55:27,440 W 3005076 3005076] (raylet) memory_monitor.cc:198: Got negative used memory for cgroup -1, setting it to zero
[2025-04-26 14:55:32,446 W 3005076 3005076] (raylet) memory_monitor.cc:198: Got negative used memory for cgroup -1, setting it to zero
[2025-04-26 14:55:37,453 W 3005076 3005076] (raylet) memory_monitor.cc:198: Got negative used memory for cgroup -1, setting it to zero
[2025-04-26 14:55:38,438 I 3005076 3005076] (raylet) node_manager.cc:1549: NodeManager::DisconnectClient, disconnect_type=1, has creation task exception = false
[2025-04-26 14:55:38,988 I 3005076 3005076] (raylet) node_manager.cc:1549: NodeManager::DisconnectClient, disconnect_type=3, has creation task exception = false
[2025-04-26 14:55:38,988 I 3005076 3005076] (raylet) node_manager.cc:1654: Driver (pid=3004690) is disconnected. worker_id=01000000ffffffffffffffffffffffffffffffffffffffffffffffff job_id=01000000
[2025-04-26 14:55:38,991 I 3005076 3005076] (raylet) worker_pool.cc:719: Job 01000000 already started in worker pool.
[2025-04-26 14:55:39,097 I 3005076 3005076] (raylet) main.cc:506: received SIGTERM. Existing local drain request = None
[2025-04-26 14:55:39,097 I 3005076 3005076] (raylet) main.cc:307: Raylet graceful shutdown triggered, reason = EXPECTED_TERMINATION, reason message = received SIGTERM
[2025-04-26 14:55:39,097 I 3005076 3005076] (raylet) main.cc:310: Shutting down...
[2025-04-26 14:55:39,097 I 3005076 3005076] (raylet) accessor.cc:511: Unregistering node node_id=4f463ea083f43d96eb472b58ee3a7110579c272e742af18a9909acf4
[2025-04-26 14:55:39,100 I 3005076 3005076] (raylet) accessor.cc:524: Finished unregistering node info, status = OK node_id=4f463ea083f43d96eb472b58ee3a7110579c272e742af18a9909acf4
[2025-04-26 14:55:39,103 I 3005076 3005076] (raylet) agent_manager.cc:113: Killing agent dashboard_agent/424238335, pid 3005180.
[2025-04-26 14:55:39,119 I 3005076 3005181] (raylet) agent_manager.cc:80: Agent process with name dashboard_agent/424238335 exited, exit code 0.
[2025-04-26 14:55:39,119 I 3005076 3005076] (raylet) agent_manager.cc:113: Killing agent runtime_env_agent, pid 3005182.
[2025-04-26 14:55:39,128 I 3005076 3005183] (raylet) agent_manager.cc:80: Agent process with name runtime_env_agent exited, exit code 0.
[2025-04-26 14:55:39,129 I 3005076 3005076] (raylet) io_service_pool.cc:47: IOServicePool is stopped.
[2025-04-26 14:55:39,133 I 3005076 3005076] (raylet) stats.h:120: Stats module has shutdown.
