[2025-04-26 17:56:12,633 I 3061084 3061084] (raylet) main.cc:226: Setting cluster ID to: 84637f7a155902658c9d2719f335a4d13bfdc2fef0d66cb520ab2f1d
[2025-04-26 17:56:12,641 I 3061084 3061084] (raylet) main.cc:341: Raylet is not set to kill unknown children.
[2025-04-26 17:56:12,642 I 3061084 3061084] (raylet) io_service_pool.cc:35: IOServicePool is running with 1 io_service.
[2025-04-26 17:56:12,642 I 3061084 3061084] (raylet) main.cc:471: Setting node ID node_id=14eb9285fe7be566a533e54c765ccb6258fa394bf1e44b8b3dfbf77a
[2025-04-26 17:56:12,642 I 3061084 3061084] (raylet) store_runner.cc:33: Allowing the Plasma store to use up to 36.2806GB of memory.
[2025-04-26 17:56:12,642 I 3061084 3061084] (raylet) store_runner.cc:49: Starting object store with directory /dev/shm, fallback /home/stud/wxie/EasyR1/ray, and huge page support disabled
[2025-04-26 17:56:12,643 I 3061084 3061112] (raylet) dlmalloc.cc:154: create_and_mmap_buffer(36280729608, /dev/shm/plasmaXXXXXX)
[2025-04-26 17:56:12,645 I 3061084 3061112] (raylet) store.cc:564: Plasma store debug dump: 
Current usage: 0 / 36.2806 GB
- num bytes created total: 0
0 pending objects of total size 0MB
- objects spillable: 0
- bytes spillable: 0
- objects unsealed: 0
- bytes unsealed: 0
- objects in use: 0
- bytes in use: 0
- objects evictable: 0
- bytes evictable: 0

- objects created by worker: 0
- bytes created by worker: 0
- objects restored: 0
- bytes restored: 0
- objects received: 0
- bytes received: 0
- objects errored: 0
- bytes errored: 0

[2025-04-26 17:56:13,648 I 3061084 3061084] (raylet) grpc_server.cc:135: ObjectManager server started, listening on port 35751.
[2025-04-26 17:56:13,652 I 3061084 3061084] (raylet) worker_killing_policy.cc:101: Running GroupByOwner policy.
[2025-04-26 17:56:13,652 W 3061084 3061084] (raylet) memory_monitor.cc:198: Got negative used memory for cgroup -1, setting it to zero
[2025-04-26 17:56:13,652 I 3061084 3061084] (raylet) memory_monitor.cc:48: MemoryMonitor initialized with usage threshold at 128114286592 bytes (0.95 system memory), total system memory bytes: 134857150464
[2025-04-26 17:56:13,652 I 3061084 3061084] (raylet) node_manager.cc:295: Initializing NodeManager node_id=14eb9285fe7be566a533e54c765ccb6258fa394bf1e44b8b3dfbf77a
[2025-04-26 17:56:13,653 I 3061084 3061084] (raylet) grpc_server.cc:135: NodeManager server started, listening on port 41337.
[2025-04-26 17:56:13,663 I 3061084 3061193] (raylet) agent_manager.cc:78: Monitor agent process with name dashboard_agent/424238335
[2025-04-26 17:56:13,664 I 3061084 3061195] (raylet) agent_manager.cc:78: Monitor agent process with name runtime_env_agent
[2025-04-26 17:56:13,666 I 3061084 3061084] (raylet) event.cc:500: Ray Event initialized for RAYLET
[2025-04-26 17:56:13,666 I 3061084 3061084] (raylet) event.cc:331: Set ray event level to warning
[2025-04-26 17:56:13,669 I 3061084 3061084] (raylet) raylet.cc:134: Raylet of id, 14eb9285fe7be566a533e54c765ccb6258fa394bf1e44b8b3dfbf77a started. Raylet consists of node_manager and object_manager. node_manager address: 10.153.51.195:41337 object_manager address: 10.153.51.195:35751 hostname: marajo
[2025-04-26 17:56:13,674 I 3061084 3061084] (raylet) node_manager.cc:532: [state-dump] NodeManager:
[state-dump] Node ID: 14eb9285fe7be566a533e54c765ccb6258fa394bf1e44b8b3dfbf77a
[state-dump] Node name: 10.153.51.195
[state-dump] InitialConfigResources: {object_store_memory: 362806419450000, node:10.153.51.195: 10000, node:__internal_head__: 10000, memory: 746548312070000, CPU: 320000, GPU: 10000, accelerator_type:H100: 10000}
[state-dump] ClusterTaskManager:
[state-dump] ========== Node: 14eb9285fe7be566a533e54c765ccb6258fa394bf1e44b8b3dfbf77a =================
[state-dump] Infeasible queue length: 0
[state-dump] Schedule queue length: 0
[state-dump] Dispatch queue length: 0
[state-dump] num_waiting_for_resource: 0
[state-dump] num_waiting_for_plasma_memory: 0
[state-dump] num_waiting_for_remote_node_resources: 0
[state-dump] num_worker_not_started_by_job_config_not_exist: 0
[state-dump] num_worker_not_started_by_registration_timeout: 0
[state-dump] num_tasks_waiting_for_workers: 0
[state-dump] num_cancelled_tasks: 0
[state-dump] cluster_resource_scheduler state: 
[state-dump] Local id: 4245037372120239261 Local resources: {"total":{node:10.153.51.195: [10000], object_store_memory: [362806419450000], accelerator_type:H100: [10000], node:__internal_head__: [10000], memory: [746548312070000], GPU: [10000], CPU: [320000]}}, "available": {node:10.153.51.195: [10000], object_store_memory: [362806419450000], accelerator_type:H100: [10000], node:__internal_head__: [10000], memory: [746548312070000], GPU: [10000], CPU: [320000]}}, "labels":{"ray.io/node_id":"14eb9285fe7be566a533e54c765ccb6258fa394bf1e44b8b3dfbf77a",} is_draining: 0 is_idle: 1 Cluster resources: node id: 4245037372120239261{"total":{CPU: 320000, node:10.153.51.195: 10000, node:__internal_head__: 10000, memory: 746548312070000, object_store_memory: 362806419450000, GPU: 10000, accelerator_type:H100: 10000}}, "available": {CPU: 320000, node:10.153.51.195: 10000, node:__internal_head__: 10000, memory: 746548312070000, object_store_memory: 362806419450000, GPU: 10000, accelerator_type:H100: 10000}}, "labels":{"ray.io/node_id":"14eb9285fe7be566a533e54c765ccb6258fa394bf1e44b8b3dfbf77a",}, "is_draining": 0, "draining_deadline_timestamp_ms": -1} { "placment group locations": [], "node to bundles": []}
[state-dump] Waiting tasks size: 0
[state-dump] Number of executing tasks: 0
[state-dump] Number of pinned task arguments: 0
[state-dump] Number of total spilled tasks: 0
[state-dump] Number of spilled waiting tasks: 0
[state-dump] Number of spilled unschedulable tasks: 0
[state-dump] Resource usage {
[state-dump] }
[state-dump] Backlog Size per scheduling descriptor :{workerId: num backlogs}:
[state-dump] 
[state-dump] Running tasks by scheduling class:
[state-dump] ==================================================
[state-dump] 
[state-dump] ClusterResources:
[state-dump] LocalObjectManager:
[state-dump] - num pinned objects: 0
[state-dump] - pinned objects size: 0
[state-dump] - num objects pending restore: 0
[state-dump] - num objects pending spill: 0
[state-dump] - num bytes pending spill: 0
[state-dump] - num bytes currently spilled: 0
[state-dump] - cumulative spill requests: 0
[state-dump] - cumulative restore requests: 0
[state-dump] - spilled objects pending delete: 0
[state-dump] 
[state-dump] ObjectManager:
[state-dump] - num local objects: 0
[state-dump] - num unfulfilled push requests: 0
[state-dump] - num object pull requests: 0
[state-dump] - num chunks received total: 0
[state-dump] - num chunks received failed (all): 0
[state-dump] - num chunks received failed / cancelled: 0
[state-dump] - num chunks received failed / plasma error: 0
[state-dump] Event stats:
[state-dump] Global stats: 0 total (0 active)
[state-dump] Queueing time: mean = -nan s, max = -0.000 s, min = 9223372036.855 s, total = 0.000 s
[state-dump] Execution time:  mean = -nan s, total = 0.000 s
[state-dump] Event stats:
[state-dump] PushManager:
[state-dump] - num pushes in flight: 0
[state-dump] - num chunks in flight: 0
[state-dump] - num chunks remaining: 0
[state-dump] - max chunks allowed: 409
[state-dump] OwnershipBasedObjectDirectory:
[state-dump] - num listeners: 0
[state-dump] - cumulative location updates: 0
[state-dump] - num location updates per second: 33009456932790000.000
[state-dump] - num location lookups per second: 33009456932784000.000
[state-dump] - num locations added per second: 0.000
[state-dump] - num locations removed per second: 0.000
[state-dump] BufferPool:
[state-dump] - create buffer state map size: 0
[state-dump] PullManager:
[state-dump] - num bytes available for pulled objects: 36280641945
[state-dump] - num bytes being pulled (all): 0
[state-dump] - num bytes being pulled / pinned: 0
[state-dump] - get request bundles: BundlePullRequestQueue{0 total, 0 active, 0 inactive, 0 unpullable}
[state-dump] - wait request bundles: BundlePullRequestQueue{0 total, 0 active, 0 inactive, 0 unpullable}
[state-dump] - task request bundles: BundlePullRequestQueue{0 total, 0 active, 0 inactive, 0 unpullable}
[state-dump] - first get request bundle: N/A
[state-dump] - first wait request bundle: N/A
[state-dump] - first task request bundle: N/A
[state-dump] - num objects queued: 0
[state-dump] - num objects actively pulled (all): 0
[state-dump] - num objects actively pulled / pinned: 0
[state-dump] - num bundles being pulled: 0
[state-dump] - num pull retries: 0
[state-dump] - max timeout seconds: 0
[state-dump] - max timeout request is already processed. No entry.
[state-dump] 
[state-dump] WorkerPool:
[state-dump] - registered jobs: 0
[state-dump] - process_failed_job_config_missing: 0
[state-dump] - process_failed_rate_limited: 0
[state-dump] - process_failed_pending_registration: 0
[state-dump] - process_failed_runtime_env_setup_failed: 0
[state-dump] - num JAVA workers: 0
[state-dump] - num JAVA drivers: 0
[state-dump] - num JAVA pending start requests: 0
[state-dump] - num JAVA pending registration requests: 0
[state-dump] - num object spill callbacks queued: 0
[state-dump] - num object restore queued: 0
[state-dump] - num util functions queued: 0
[state-dump] - num PYTHON workers: 0
[state-dump] - num PYTHON drivers: 0
[state-dump] - num PYTHON pending start requests: 0
[state-dump] - num PYTHON pending registration requests: 0
[state-dump] - num object spill callbacks queued: 0
[state-dump] - num object restore queued: 0
[state-dump] - num util functions queued: 0
[state-dump] - num idle workers: 0
[state-dump] TaskDependencyManager:
[state-dump] - task deps map size: 0
[state-dump] - get req map size: 0
[state-dump] - wait req map size: 0
[state-dump] - local objects map size: 0
[state-dump] WaitManager:
[state-dump] - num active wait requests: 0
[state-dump] Subscriber:
[state-dump] Channel WORKER_OBJECT_EVICTION
[state-dump] - cumulative subscribe requests: 0
[state-dump] - cumulative unsubscribe requests: 0
[state-dump] - active subscribed publishers: 0
[state-dump] - cumulative published messages: 0
[state-dump] - cumulative processed messages: 0
[state-dump] Channel WORKER_REF_REMOVED_CHANNEL
[state-dump] - cumulative subscribe requests: 0
[state-dump] - cumulative unsubscribe requests: 0
[state-dump] - active subscribed publishers: 0
[state-dump] - cumulative published messages: 0
[state-dump] - cumulative processed messages: 0
[state-dump] Channel WORKER_OBJECT_LOCATIONS_CHANNEL
[state-dump] - cumulative subscribe requests: 0
[state-dump] - cumulative unsubscribe requests: 0
[state-dump] - active subscribed publishers: 0
[state-dump] - cumulative published messages: 0
[state-dump] - cumulative processed messages: 0
[state-dump] num async plasma notifications: 0
[state-dump] Remote node managers: 
[state-dump] Event stats:
[state-dump] Global stats: 28 total (13 active)
[state-dump] Queueing time: mean = 2.304 ms, max = 15.058 ms, min = 16.819 us, total = 64.524 ms
[state-dump] Execution time:  mean = 36.991 ms, total = 1.036 s
[state-dump] Event stats:
[state-dump] 	PeriodicalRunner.RunFnPeriodically - 11 total (2 active, 1 running), Execution time: mean = 429.648 us, total = 4.726 ms, Queueing time: mean = 5.861 ms, max = 15.058 ms, min = 41.621 us, total = 64.466 ms
[state-dump] 	ray::rpc::InternalPubSubGcsService.grpc_client.GcsSubscriberPoll - 1 total (1 active), Execution time: mean = 0.000 s, total = 0.000 s, Queueing time: mean = 0.000 s, max = -0.000 s, min = 9223372036.855 s, total = 0.000 s
[state-dump] 	NodeManager.deadline_timer.debug_state_dump - 1 total (1 active), Execution time: mean = 0.000 s, total = 0.000 s, Queueing time: mean = 0.000 s, max = -0.000 s, min = 9223372036.855 s, total = 0.000 s
[state-dump] 	ray::rpc::InternalKVGcsService.grpc_client.GetInternalConfig.OnReplyReceived - 1 total (0 active), Execution time: mean = 1.026 s, total = 1.026 s, Queueing time: mean = 21.481 us, max = 21.481 us, min = 21.481 us, total = 21.481 us
[state-dump] 	NodeManager.deadline_timer.spill_objects_when_over_threshold - 1 total (1 active), Execution time: mean = 0.000 s, total = 0.000 s, Queueing time: mean = 0.000 s, max = -0.000 s, min = 9223372036.855 s, total = 0.000 s
[state-dump] 	ClusterResourceManager.ResetRemoteNodeView - 1 total (1 active), Execution time: mean = 0.000 s, total = 0.000 s, Queueing time: mean = 0.000 s, max = -0.000 s, min = 9223372036.855 s, total = 0.000 s
[state-dump] 	ObjectManager.UpdateAvailableMemory - 1 total (0 active), Execution time: mean = 4.136 us, total = 4.136 us, Queueing time: mean = 19.593 us, max = 19.593 us, min = 19.593 us, total = 19.593 us
[state-dump] 	ray::rpc::NodeInfoGcsService.grpc_client.RegisterNode - 1 total (0 active), Execution time: mean = 2.104 ms, total = 2.104 ms, Queueing time: mean = 0.000 s, max = -0.000 s, min = 9223372036.855 s, total = 0.000 s
[state-dump] 	NodeManager.ScheduleAndDispatchTasks - 1 total (1 active), Execution time: mean = 0.000 s, total = 0.000 s, Queueing time: mean = 0.000 s, max = -0.000 s, min = 9223372036.855 s, total = 0.000 s
[state-dump] 	ray::rpc::InternalPubSubGcsService.grpc_client.GcsSubscriberCommandBatch.OnReplyReceived - 1 total (1 active), Execution time: mean = 0.000 s, total = 0.000 s, Queueing time: mean = 0.000 s, max = -0.000 s, min = 9223372036.855 s, total = 0.000 s
[state-dump] 	ray::rpc::InternalPubSubGcsService.grpc_client.GcsSubscriberCommandBatch - 1 total (0 active), Execution time: mean = 1.122 ms, total = 1.122 ms, Queueing time: mean = 0.000 s, max = -0.000 s, min = 9223372036.855 s, total = 0.000 s
[state-dump] 	ray::rpc::NodeInfoGcsService.grpc_client.RegisterNode.OnReplyReceived - 1 total (0 active), Execution time: mean = 515.403 us, total = 515.403 us, Queueing time: mean = 16.819 us, max = 16.819 us, min = 16.819 us, total = 16.819 us
[state-dump] 	NodeManager.deadline_timer.record_metrics - 1 total (1 active), Execution time: mean = 0.000 s, total = 0.000 s, Queueing time: mean = 0.000 s, max = -0.000 s, min = 9223372036.855 s, total = 0.000 s
[state-dump] 	NodeManager.deadline_timer.flush_free_objects - 1 total (1 active), Execution time: mean = 0.000 s, total = 0.000 s, Queueing time: mean = 0.000 s, max = -0.000 s, min = 9223372036.855 s, total = 0.000 s
[state-dump] 	RayletWorkerPool.deadline_timer.kill_idle_workers - 1 total (1 active), Execution time: mean = 0.000 s, total = 0.000 s, Queueing time: mean = 0.000 s, max = -0.000 s, min = 9223372036.855 s, total = 0.000 s
[state-dump] 	ray::rpc::InternalKVGcsService.grpc_client.GetInternalConfig - 1 total (0 active), Execution time: mean = 1.660 ms, total = 1.660 ms, Queueing time: mean = 0.000 s, max = -0.000 s, min = 9223372036.855 s, total = 0.000 s
[state-dump] 	MemoryMonitor.CheckIsMemoryUsageAboveThreshold - 1 total (1 active), Execution time: mean = 0.000 s, total = 0.000 s, Queueing time: mean = 0.000 s, max = -0.000 s, min = 9223372036.855 s, total = 0.000 s
[state-dump] 	NodeManager.GCTaskFailureReason - 1 total (1 active), Execution time: mean = 0.000 s, total = 0.000 s, Queueing time: mean = 0.000 s, max = -0.000 s, min = 9223372036.855 s, total = 0.000 s
[state-dump] DebugString() time ms: 1
[state-dump] 
[state-dump] 
[2025-04-26 17:56:13,676 I 3061084 3061084] (raylet) accessor.cc:777: Received notification for node, IsAlive = 1 node_id=14eb9285fe7be566a533e54c765ccb6258fa394bf1e44b8b3dfbf77a
[2025-04-26 17:56:13,709 I 3061084 3061084] (raylet) worker_pool.cc:729: [Eagerly] Start install runtime environment for job 01000000.
[2025-04-26 17:56:13,713 I 3061084 3061084] (raylet) worker_pool.cc:522: Started worker process with pid 3061217, the token is 0
[2025-04-26 17:56:13,716 I 3061084 3061084] (raylet) worker_pool.cc:522: Started worker process with pid 3061218, the token is 1
[2025-04-26 17:56:13,719 I 3061084 3061084] (raylet) worker_pool.cc:522: Started worker process with pid 3061219, the token is 2
[2025-04-26 17:56:13,721 I 3061084 3061084] (raylet) worker_pool.cc:522: Started worker process with pid 3061220, the token is 3
[2025-04-26 17:56:13,724 I 3061084 3061084] (raylet) worker_pool.cc:522: Started worker process with pid 3061221, the token is 4
[2025-04-26 17:56:13,727 I 3061084 3061084] (raylet) worker_pool.cc:522: Started worker process with pid 3061222, the token is 5
[2025-04-26 17:56:13,730 I 3061084 3061084] (raylet) worker_pool.cc:522: Started worker process with pid 3061223, the token is 6
[2025-04-26 17:56:13,734 I 3061084 3061084] (raylet) worker_pool.cc:522: Started worker process with pid 3061224, the token is 7
[2025-04-26 17:56:13,737 I 3061084 3061084] (raylet) worker_pool.cc:522: Started worker process with pid 3061225, the token is 8
[2025-04-26 17:56:13,740 I 3061084 3061084] (raylet) worker_pool.cc:522: Started worker process with pid 3061226, the token is 9
[2025-04-26 17:56:13,744 I 3061084 3061084] (raylet) worker_pool.cc:522: Started worker process with pid 3061227, the token is 10
[2025-04-26 17:56:13,746 I 3061084 3061084] (raylet) worker_pool.cc:522: Started worker process with pid 3061228, the token is 11
[2025-04-26 17:56:13,749 I 3061084 3061084] (raylet) worker_pool.cc:522: Started worker process with pid 3061229, the token is 12
[2025-04-26 17:56:13,752 I 3061084 3061084] (raylet) worker_pool.cc:522: Started worker process with pid 3061230, the token is 13
[2025-04-26 17:56:13,757 I 3061084 3061084] (raylet) worker_pool.cc:522: Started worker process with pid 3061231, the token is 14
[2025-04-26 17:56:13,760 I 3061084 3061084] (raylet) worker_pool.cc:522: Started worker process with pid 3061232, the token is 15
[2025-04-26 17:56:13,764 I 3061084 3061084] (raylet) worker_pool.cc:522: Started worker process with pid 3061233, the token is 16
[2025-04-26 17:56:13,768 I 3061084 3061084] (raylet) worker_pool.cc:522: Started worker process with pid 3061234, the token is 17
[2025-04-26 17:56:13,772 I 3061084 3061084] (raylet) worker_pool.cc:522: Started worker process with pid 3061235, the token is 18
[2025-04-26 17:56:13,789 I 3061084 3061084] (raylet) worker_pool.cc:522: Started worker process with pid 3061236, the token is 19
[2025-04-26 17:56:13,793 I 3061084 3061084] (raylet) worker_pool.cc:522: Started worker process with pid 3061237, the token is 20
[2025-04-26 17:56:13,799 I 3061084 3061084] (raylet) worker_pool.cc:522: Started worker process with pid 3061238, the token is 21
[2025-04-26 17:56:13,803 I 3061084 3061084] (raylet) worker_pool.cc:522: Started worker process with pid 3061239, the token is 22
[2025-04-26 17:56:13,807 I 3061084 3061084] (raylet) worker_pool.cc:522: Started worker process with pid 3061240, the token is 23
[2025-04-26 17:56:13,811 I 3061084 3061084] (raylet) worker_pool.cc:522: Started worker process with pid 3061241, the token is 24
[2025-04-26 17:56:13,815 I 3061084 3061084] (raylet) worker_pool.cc:522: Started worker process with pid 3061242, the token is 25
[2025-04-26 17:56:13,819 I 3061084 3061084] (raylet) worker_pool.cc:522: Started worker process with pid 3061243, the token is 26
[2025-04-26 17:56:13,823 I 3061084 3061084] (raylet) worker_pool.cc:522: Started worker process with pid 3061244, the token is 27
[2025-04-26 17:56:13,827 I 3061084 3061084] (raylet) worker_pool.cc:522: Started worker process with pid 3061245, the token is 28
[2025-04-26 17:56:13,831 I 3061084 3061084] (raylet) worker_pool.cc:522: Started worker process with pid 3061246, the token is 29
[2025-04-26 17:56:13,835 I 3061084 3061084] (raylet) worker_pool.cc:522: Started worker process with pid 3061247, the token is 30
[2025-04-26 17:56:13,839 I 3061084 3061084] (raylet) worker_pool.cc:522: Started worker process with pid 3061248, the token is 31
[2025-04-26 17:56:13,840 I 3061084 3061084] (raylet) runtime_env_agent_client.cc:340: Runtime Env Agent network error: NotFound: on_connect Connection refused, the server may be still starting or is already failed. Scheduling a retry in 1000ms...
[2025-04-26 17:56:14,430 I 3061084 3061112] (raylet) object_store.cc:35: Object store current usage 8e-09 / 36.2806 GB.
[2025-04-26 17:56:14,693 I 3061084 3061084] (raylet) worker_pool.cc:719: Job 01000000 already started in worker pool.
[2025-04-26 17:56:14,717 I 3061084 3061084] (raylet) runtime_env_agent_client.cc:383: Create runtime env for job 01000000
[2025-04-26 17:56:14,720 I 3061084 3061084] (raylet) worker_pool.cc:522: Started worker process with pid 3063080, the token is 32
[2025-04-26 17:56:14,842 I 3061084 3061084] (raylet) runtime_env_agent_client.cc:383: Create runtime env for job 01000000
[2025-04-26 17:56:14,842 I 3061084 3061084] (raylet) worker_pool.cc:740: [Eagerly] Create runtime env successful for job 01000000.
[2025-04-26 17:56:15,897 I 3061084 3061084] (raylet) node_manager.cc:1549: NodeManager::DisconnectClient, disconnect_type=1, has creation task exception = false
[2025-04-26 17:56:18,673 W 3061084 3061084] (raylet) memory_monitor.cc:198: Got negative used memory for cgroup -1, setting it to zero
[2025-04-26 17:56:23,679 W 3061084 3061084] (raylet) memory_monitor.cc:198: Got negative used memory for cgroup -1, setting it to zero
[2025-04-26 17:56:28,069 I 3061084 3061084] (raylet) node_manager.cc:1549: NodeManager::DisconnectClient, disconnect_type=3, has creation task exception = false
[2025-04-26 17:56:28,070 I 3061084 3061084] (raylet) node_manager.cc:1654: Driver (pid=3060700) is disconnected. worker_id=01000000ffffffffffffffffffffffffffffffffffffffffffffffff job_id=01000000
[2025-04-26 17:56:28,073 I 3061084 3061084] (raylet) node_manager.cc:1082: The leased worker 971ba376f9874c4640d4bc94d4eaaf3bbc94e723adae76b38615b208 is killed because the owner process 01000000ffffffffffffffffffffffffffffffffffffffffffffffff died.
[2025-04-26 17:56:28,074 I 3061084 3061084] (raylet) worker_pool.cc:719: Job 01000000 already started in worker pool.
[2025-04-26 17:56:28,074 I 3061084 3061084] (raylet) node_manager.cc:640: The leased worker  is killed because the job 01000000 finished. worker_id=971ba376f9874c4640d4bc94d4eaaf3bbc94e723adae76b38615b208
[2025-04-26 17:56:28,099 I 3061084 3061084] (raylet) node_manager.cc:1549: NodeManager::DisconnectClient, disconnect_type=1, has creation task exception = false
[2025-04-26 17:56:28,128 I 3061084 3061084] (raylet) main.cc:506: received SIGTERM. Existing local drain request = None
[2025-04-26 17:56:28,128 I 3061084 3061084] (raylet) main.cc:307: Raylet graceful shutdown triggered, reason = EXPECTED_TERMINATION, reason message = received SIGTERM
[2025-04-26 17:56:28,128 I 3061084 3061084] (raylet) main.cc:310: Shutting down...
[2025-04-26 17:56:28,128 I 3061084 3061084] (raylet) accessor.cc:511: Unregistering node node_id=14eb9285fe7be566a533e54c765ccb6258fa394bf1e44b8b3dfbf77a
[2025-04-26 17:56:28,129 I 3061084 3061084] (raylet) accessor.cc:524: Finished unregistering node info, status = OK node_id=14eb9285fe7be566a533e54c765ccb6258fa394bf1e44b8b3dfbf77a
[2025-04-26 17:56:28,134 I 3061084 3061084] (raylet) agent_manager.cc:113: Killing agent dashboard_agent/424238335, pid 3061192.
[2025-04-26 17:56:28,150 I 3061084 3061193] (raylet) agent_manager.cc:80: Agent process with name dashboard_agent/424238335 exited, exit code 0.
[2025-04-26 17:56:28,150 I 3061084 3061084] (raylet) agent_manager.cc:113: Killing agent runtime_env_agent, pid 3061194.
[2025-04-26 17:56:28,165 I 3061084 3061195] (raylet) agent_manager.cc:80: Agent process with name runtime_env_agent exited, exit code 0.
[2025-04-26 17:56:28,166 I 3061084 3061084] (raylet) io_service_pool.cc:47: IOServicePool is stopped.
[2025-04-26 17:56:28,358 I 3061084 3061084] (raylet) stats.h:120: Stats module has shutdown.
