[2025-05-04 18:16:48,254 I 1810770 1810770] (gcs_server) gcs_server_main.cc:95: Ray cluster metadata ray_version=2.43.0 ray_commit=ecdcdc6a6e63dc4bcd6ea16aae256ce4d32a7e2c
[2025-05-04 18:16:48,254 I 1810770 1810770] (gcs_server) io_service_pool.cc:35: IOServicePool is running with 1 io_service.
[2025-05-04 18:16:48,264 I 1810770 1810770] (gcs_server) event.cc:500: Ray Event initialized for GCS
[2025-05-04 18:16:48,267 I 1810770 1810770] (gcs_server) event.cc:500: Ray Event initialized for EXPORT_NODE
[2025-05-04 18:16:48,268 I 1810770 1810770] (gcs_server) event.cc:500: Ray Event initialized for EXPORT_ACTOR
[2025-05-04 18:16:48,269 I 1810770 1810770] (gcs_server) event.cc:500: Ray Event initialized for EXPORT_DRIVER_JOB
[2025-05-04 18:16:48,269 I 1810770 1810770] (gcs_server) event.cc:331: Set ray event level to warning
[2025-05-04 18:16:48,270 I 1810770 1810770] (gcs_server) gcs_server.cc:73: GCS storage type is StorageType::IN_MEMORY
[2025-05-04 18:16:48,270 I 1810770 1810770] (gcs_server) gcs_init_data.cc:42: Loading job table data.
[2025-05-04 18:16:48,270 I 1810770 1810770] (gcs_server) gcs_init_data.cc:52: Loading node table data.
[2025-05-04 18:16:48,270 I 1810770 1810770] (gcs_server) gcs_init_data.cc:74: Loading actor table data.
[2025-05-04 18:16:48,270 I 1810770 1810770] (gcs_server) gcs_init_data.cc:85: Loading actor task spec table data.
[2025-05-04 18:16:48,270 I 1810770 1810770] (gcs_server) gcs_init_data.cc:62: Loading placement group table data.
[2025-05-04 18:16:48,270 I 1810770 1810770] (gcs_server) gcs_init_data.cc:46: Finished loading job table data, size = 0
[2025-05-04 18:16:48,270 I 1810770 1810770] (gcs_server) gcs_init_data.cc:56: Finished loading node table data, size = 0
[2025-05-04 18:16:48,270 I 1810770 1810770] (gcs_server) gcs_init_data.cc:79: Finished loading actor table data, size = 0
[2025-05-04 18:16:48,270 I 1810770 1810770] (gcs_server) gcs_init_data.cc:90: Finished loading actor task spec table data, size = 0
[2025-05-04 18:16:48,270 I 1810770 1810770] (gcs_server) gcs_init_data.cc:68: Finished loading placement group table data, size = 0
[2025-05-04 18:16:48,271 I 1810770 1810770] (gcs_server) gcs_server.cc:157: No existing server cluster ID found. Generating new ID: 5bbf8681e667710ba0fe548de1bbc70146fdb1a7bf66a405b7826b6b
[2025-05-04 18:16:48,271 I 1810770 1810770] (gcs_server) gcs_server.cc:672: Autoscaler V2 enabled: 0
[2025-05-04 18:16:48,272 I 1810770 1810770] (gcs_server) grpc_server.cc:135: GcsServer server started, listening on port 56802.
[2025-05-04 18:16:48,350 I 1810770 1810770] (gcs_server) gcs_server.cc:245: Gcs Debug state:

GcsNodeManager: 
- RegisterNode request count: 0
- DrainNode request count: 0
- GetAllNodeInfo request count: 0

GcsActorManager: 
- RegisterActor request count: 0
- CreateActor request count: 0
- GetActorInfo request count: 0
- GetNamedActorInfo request count: 0
- GetAllActorInfo request count: 0
- KillActor request count: 0
- ListNamedActors request count: 0
- Registered actors count: 0
- Destroyed actors count: 0
- Named actors count: 0
- Unresolved actors count: 0
- Pending actors count: 0
- Created actors count: 0
- owners_: 0
- actor_to_register_callbacks_: 0
- actor_to_restart_callbacks_: 0
- actor_to_create_callbacks_: 0
- sorted_destroyed_actor_list_: 0

GcsResourceManager: 
- GetAllAvailableResources request count: 0
- GetAllTotalResources request count: 0
- GetAllResourceUsage request count: 0

GcsPlacementGroupManager: 
- CreatePlacementGroup request count: 0
- RemovePlacementGroup request count: 0
- GetPlacementGroup request count: 0
- GetAllPlacementGroup request count: 0
- WaitPlacementGroupUntilReady request count: 0
- GetNamedPlacementGroup request count: 0
- Scheduling pending placement group count: 0
- Registered placement groups count: 0
- Named placement group count: 0
- Pending placement groups count: 0
- Infeasible placement groups count: 0

Publisher:

[runtime env manager] ID to URIs table:
[runtime env manager] URIs reference table:

GcsTaskManager: 
-Total num task events reported: 0
-Total num status task events dropped: 0
-Total num profile events dropped: 0
-Current num of task events stored: 0
-Total num of actor creation tasks: 0
-Total num of actor tasks: 0
-Total num of normal tasks: 0
-Total num of driver tasks: 0

GcsAutoscalerStateManager: 
- last_seen_autoscaler_state_version_: 0
- last_cluster_resource_state_version_: 0
- pending demands:



[2025-05-04 18:16:48,350 I 1810770 1810770] (gcs_server) gcs_server.cc:870: Main service Event stats:


Global stats: 24 total (4 active)
Queueing time: mean = 30.274 ms, max = 79.234 ms, min = 60.000 ns, total = 726.574 ms
Execution time:  mean = 6.607 ms, total = 158.567 ms
Event stats:
	GcsInMemoryStore.Put - 8 total (0 active), Execution time: mean = 9.906 ms, total = 79.248 ms, Queueing time: mean = 68.917 ms, max = 79.007 ms, min = 2.031 us, total = 551.334 ms
	GcsInMemoryStore.GetAll - 5 total (0 active), Execution time: mean = 6.315 us, total = 31.577 us, Queueing time: mean = 22.620 us, max = 24.030 us, min = 21.594 us, total = 113.100 us
	PeriodicalRunner.RunFnPeriodically - 4 total (2 active, 1 running), Execution time: mean = 1.646 us, total = 6.585 us, Queueing time: mean = 39.604 ms, max = 79.234 ms, min = 79.181 ms, total = 158.415 ms
	event_loop_lag_probe - 2 total (0 active), Execution time: mean = 7.454 us, total = 14.907 us, Queueing time: mean = 8.347 ms, max = 16.656 ms, min = 37.902 us, total = 16.694 ms
	GcsInitData::AsyncLoad - 1 total (0 active), Execution time: mean = 10.536 us, total = 10.536 us, Queueing time: mean = 336.000 ns, max = 336.000 ns, min = 336.000 ns, total = 336.000 ns
	GcsInMemoryStore.Get - 1 total (0 active), Execution time: mean = 15.961 us, total = 15.961 us, Queueing time: mean = 16.725 us, max = 16.725 us, min = 16.725 us, total = 16.725 us
	GcsServer.GetOrGenerateClusterId.continuation - 1 total (0 active), Execution time: mean = 79.239 ms, total = 79.239 ms, Queueing time: mean = 60.000 ns, max = 60.000 ns, min = 60.000 ns, total = 60.000 ns
	ClusterResourceManager.ResetRemoteNodeView - 1 total (1 active), Execution time: mean = 0.000 s, total = 0.000 s, Queueing time: mean = 0.000 s, max = -0.000 s, min = 9223372036.855 s, total = 0.000 s
	RayletLoadPulled - 1 total (1 active), Execution time: mean = 0.000 s, total = 0.000 s, Queueing time: mean = 0.000 s, max = -0.000 s, min = 9223372036.855 s, total = 0.000 s


[2025-05-04 18:16:48,350 I 1810770 1810770] (gcs_server) gcs_server.cc:874: task_io_context Event stats:


Global stats: 4 total (1 active)
Queueing time: mean = 77.764 us, max = 273.461 us, min = 18.532 us, total = 311.058 us
Execution time:  mean = 38.117 us, total = 152.466 us
Event stats:
	event_loop_lag_probe - 2 total (0 active), Execution time: mean = 73.334 us, total = 146.668 us, Queueing time: mean = 146.263 us, max = 273.461 us, min = 19.065 us, total = 292.526 us
	PeriodicalRunner.RunFnPeriodically - 1 total (0 active), Execution time: mean = 5.798 us, total = 5.798 us, Queueing time: mean = 18.532 us, max = 18.532 us, min = 18.532 us, total = 18.532 us
	GcsTaskManager.GcJobSummary - 1 total (1 active), Execution time: mean = 0.000 s, total = 0.000 s, Queueing time: mean = 0.000 s, max = -0.000 s, min = 9223372036.855 s, total = 0.000 s


[2025-05-04 18:16:48,350 I 1810770 1810770] (gcs_server) gcs_server.cc:874: pubsub_io_context Event stats:


Global stats: 4 total (1 active)
Queueing time: mean = 136.108 us, max = 470.214 us, min = 32.393 us, total = 544.433 us
Execution time:  mean = 70.835 us, total = 283.340 us
Event stats:
	event_loop_lag_probe - 2 total (0 active), Execution time: mean = 136.023 us, total = 272.045 us, Queueing time: mean = 256.020 us, max = 470.214 us, min = 41.826 us, total = 512.040 us
	PeriodicalRunner.RunFnPeriodically - 1 total (0 active), Execution time: mean = 11.295 us, total = 11.295 us, Queueing time: mean = 32.393 us, max = 32.393 us, min = 32.393 us, total = 32.393 us
	Publisher.CheckDeadSubscribers - 1 total (1 active), Execution time: mean = 0.000 s, total = 0.000 s, Queueing time: mean = 0.000 s, max = -0.000 s, min = 9223372036.855 s, total = 0.000 s


[2025-05-04 18:16:48,350 I 1810770 1810770] (gcs_server) gcs_server.cc:874: ray_syncer_io_context Event stats:


Global stats: 4 total (0 active)
Queueing time: mean = 404.866 us, max = 1.329 ms, min = 44.810 us, total = 1.619 ms
Execution time:  mean = 82.174 us, total = 328.695 us
Event stats:
	event_loop_lag_probe - 2 total (0 active), Execution time: mean = 162.883 us, total = 325.766 us, Queueing time: mean = 686.800 us, max = 1.329 ms, min = 44.810 us, total = 1.374 ms
	RaySyncerRegister - 2 total (0 active), Execution time: mean = 1.464 us, total = 2.929 us, Queueing time: mean = 122.933 us, max = 124.845 us, min = 121.021 us, total = 245.866 us


[2025-05-04 18:16:51,088 I 1810770 1810770] (gcs_server) gcs_node_manager.cc:88: Registering node info, address = 10.153.51.195, node name = 10.153.51.195 node_id=5271d0724aad35b1cab1c87ff12f9589ce46d00b945ff5e63e5d1f98
[2025-05-04 18:16:51,088 I 1810770 1810770] (gcs_server) gcs_node_manager.cc:94: Finished registering node info, address = 10.153.51.195, node name = 10.153.51.195, is_head_node = 1 node_id=5271d0724aad35b1cab1c87ff12f9589ce46d00b945ff5e63e5d1f98
[2025-05-04 18:16:51,089 I 1810770 1810770] (gcs_server) gcs_placement_group_manager.cc:830: A new node: 5271d0724aad35b1cab1c87ff12f9589ce46d00b945ff5e63e5d1f98 registered, will try to reschedule all the infeasible placement groups.
[2025-05-04 18:16:51,095 I 1810770 1810840] (gcs_server) ray_syncer.cc:244: Get connection node_id=5271d0724aad35b1cab1c87ff12f9589ce46d00b945ff5e63e5d1f98
[2025-05-04 18:16:52,295 I 1810770 1810770] (gcs_server) gcs_job_manager.cc:90: Adding job, job id = 01000000, driver pid = 1810571
[2025-05-04 18:16:52,295 I 1810770 1810770] (gcs_server) gcs_job_manager.cc:111: Finished adding job, job id = 01000000, driver pid = 1810571
[2025-05-04 18:16:52,319 I 1810770 1810770] (gcs_server) gcs_actor_manager.cc:396: Registering actor job_id=01000000 actor_id=73fb02dbc586d323a2a39e5d01000000
[2025-05-04 18:16:52,320 I 1810770 1810770] (gcs_server) gcs_actor_manager.cc:401: Registered actor, job id = 01000000, actor id = 73fb02dbc586d323a2a39e5d01000000
[2025-05-04 18:16:52,321 I 1810770 1810770] (gcs_server) gcs_actor_manager.cc:482: Creating actor job_id=01000000 actor_id=73fb02dbc586d323a2a39e5d01000000
[2025-05-04 18:16:52,321 I 1810770 1810770] (gcs_server) gcs_actor_scheduler.cc:313: Start leasing worker from node 5271d0724aad35b1cab1c87ff12f9589ce46d00b945ff5e63e5d1f98 for actor 73fb02dbc586d323a2a39e5d01000000, job id = 01000000
[2025-05-04 18:16:52,322 I 1810770 1810770] (gcs_server) gcs_actor_scheduler.cc:634: Finished leasing worker from 5271d0724aad35b1cab1c87ff12f9589ce46d00b945ff5e63e5d1f98 for actor 73fb02dbc586d323a2a39e5d01000000, job id = 01000000
[2025-05-04 18:16:52,323 I 1810770 1810770] (gcs_server) gcs_actor_scheduler.cc:449: Start creating actor 73fb02dbc586d323a2a39e5d01000000 on worker 5c8a8029fdd133bd548c7cfab36c1b42f64087ba33a043305b2f6f9a at node 5271d0724aad35b1cab1c87ff12f9589ce46d00b945ff5e63e5d1f98, job id = 01000000
[2025-05-04 18:17:01,588 I 1810770 1810770] (gcs_server) gcs_actor_scheduler.cc:486: Finished actor creation task for actor 73fb02dbc586d323a2a39e5d01000000 on worker 5c8a8029fdd133bd548c7cfab36c1b42f64087ba33a043305b2f6f9a at node 5271d0724aad35b1cab1c87ff12f9589ce46d00b945ff5e63e5d1f98, job id = 01000000
[2025-05-04 18:17:01,588 I 1810770 1810770] (gcs_server) gcs_actor_manager.cc:1543: Actor created successfully job_id=01000000 actor_id=73fb02dbc586d323a2a39e5d01000000
[2025-05-04 18:17:01,589 I 1810770 1810770] (gcs_server) gcs_actor_manager.cc:497: Finished creating actor. Status: OK job_id=01000000 actor_id=73fb02dbc586d323a2a39e5d01000000
[2025-05-04 18:17:04,634 I 1810770 1810770] (gcs_server) gcs_actor_manager.cc:396: Registering actor job_id=01000000 actor_id=4c521d33966b17cc13cce70d01000000
[2025-05-04 18:17:04,636 I 1810770 1810770] (gcs_server) gcs_actor_manager.cc:401: Registered actor, job id = 01000000, actor id = 4c521d33966b17cc13cce70d01000000
[2025-05-04 18:17:04,637 I 1810770 1810770] (gcs_server) gcs_actor_manager.cc:482: Creating actor job_id=01000000 actor_id=4c521d33966b17cc13cce70d01000000
[2025-05-04 18:17:04,638 I 1810770 1810770] (gcs_server) gcs_actor_scheduler.cc:313: Start leasing worker from node 5271d0724aad35b1cab1c87ff12f9589ce46d00b945ff5e63e5d1f98 for actor 4c521d33966b17cc13cce70d01000000, job id = 01000000
[2025-05-04 18:17:04,639 I 1810770 1810770] (gcs_server) gcs_actor_scheduler.cc:634: Finished leasing worker from 5271d0724aad35b1cab1c87ff12f9589ce46d00b945ff5e63e5d1f98 for actor 4c521d33966b17cc13cce70d01000000, job id = 01000000
[2025-05-04 18:17:04,640 I 1810770 1810770] (gcs_server) gcs_actor_scheduler.cc:449: Start creating actor 4c521d33966b17cc13cce70d01000000 on worker 143024565977c6733dd4f1c8e3807945947bdd127702a1217bac45c0 at node 5271d0724aad35b1cab1c87ff12f9589ce46d00b945ff5e63e5d1f98, job id = 01000000
[2025-05-04 18:17:04,785 I 1810770 1810770] (gcs_server) gcs_actor_manager.cc:396: Registering actor job_id=01000000 actor_id=0cc3276e52e89b6b677b898e01000000
[2025-05-04 18:17:04,786 I 1810770 1810770] (gcs_server) gcs_actor_manager.cc:401: Registered actor, job id = 01000000, actor id = 0cc3276e52e89b6b677b898e01000000
[2025-05-04 18:17:04,787 I 1810770 1810770] (gcs_server) gcs_actor_manager.cc:482: Creating actor job_id=01000000 actor_id=0cc3276e52e89b6b677b898e01000000
[2025-05-04 18:17:04,787 I 1810770 1810770] (gcs_server) gcs_actor_scheduler.cc:313: Start leasing worker from node 5271d0724aad35b1cab1c87ff12f9589ce46d00b945ff5e63e5d1f98 for actor 0cc3276e52e89b6b677b898e01000000, job id = 01000000
[2025-05-04 18:17:04,789 I 1810770 1810770] (gcs_server) gcs_actor_scheduler.cc:634: Finished leasing worker from 5271d0724aad35b1cab1c87ff12f9589ce46d00b945ff5e63e5d1f98 for actor 0cc3276e52e89b6b677b898e01000000, job id = 01000000
[2025-05-04 18:17:04,789 I 1810770 1810770] (gcs_server) gcs_actor_scheduler.cc:449: Start creating actor 0cc3276e52e89b6b677b898e01000000 on worker 501ecb5a37177f3f9fddb6b53f65063b65eb9210a107868c8170f7fe at node 5271d0724aad35b1cab1c87ff12f9589ce46d00b945ff5e63e5d1f98, job id = 01000000
[2025-05-04 18:17:04,880 I 1810770 1810770] (gcs_server) gcs_actor_manager.cc:1029: Destroying actor job_id=01000000 actor_id=4c521d33966b17cc13cce70d01000000
[2025-05-04 18:17:04,881 I 1810770 1810770] (gcs_server) gcs_actor_manager.cc:497: Finished creating actor. Status: SchedulingCancelled: Actor creation cancelled. job_id=01000000 actor_id=4c521d33966b17cc13cce70d01000000
[2025-05-04 18:17:04,882 I 1810770 1810770] (gcs_server) gcs_actor_manager.cc:1008: Actor 4c521d33966b17cc13cce70d01000000 has no references, destroying actor, job id = 01000000
[2025-05-04 18:17:04,882 I 1810770 1810770] (gcs_server) gcs_actor_manager.cc:1029: Destroying actor job_id=01000000 actor_id=4c521d33966b17cc13cce70d01000000
[2025-05-04 18:17:04,882 I 1810770 1810770] (gcs_server) gcs_actor_manager.cc:1034: Tried to destroy actor that does not exist actor_id=4c521d33966b17cc13cce70d01000000
[2025-05-04 18:17:04,882 I 1810770 1810770] (gcs_server) gcs_actor_manager.cc:1029: Destroying actor job_id=01000000 actor_id=0cc3276e52e89b6b677b898e01000000
[2025-05-04 18:17:04,883 I 1810770 1810770] (gcs_server) gcs_actor_manager.cc:497: Finished creating actor. Status: SchedulingCancelled: Actor creation cancelled. job_id=01000000 actor_id=0cc3276e52e89b6b677b898e01000000
[2025-05-04 18:17:04,883 I 1810770 1810770] (gcs_server) gcs_actor_manager.cc:1008: Actor 0cc3276e52e89b6b677b898e01000000 has no references, destroying actor, job id = 01000000
[2025-05-04 18:17:05,460 I 1810770 1810770] (gcs_server) gcs_actor_manager.cc:1029: Destroying actor job_id=01000000 actor_id=73fb02dbc586d323a2a39e5d01000000
[2025-05-04 18:17:05,462 I 1810770 1810770] (gcs_server) gcs_job_manager.cc:149: Finished marking job state, job id = 01000000
[2025-05-04 18:17:05,462 I 1810770 1810770] (gcs_server) gcs_actor_manager.cc:1004: Worker 01000000ffffffffffffffffffffffffffffffffffffffffffffffff failed, destroying actor child, job id = 01000000
[2025-05-04 18:17:05,661 I 1810770 1810770] (gcs_server) gcs_node_manager.cc:382: Removing node, node name = 10.153.51.195, death reason = EXPECTED_TERMINATION, death message = received SIGTERM node_id=5271d0724aad35b1cab1c87ff12f9589ce46d00b945ff5e63e5d1f98
[2025-05-04 18:17:05,662 I 1810770 1810770] (gcs_server) gcs_placement_group_manager.cc:800: Node failed, rescheduling the placement groups on the dead node. node_id=5271d0724aad35b1cab1c87ff12f9589ce46d00b945ff5e63e5d1f98
[2025-05-04 18:17:05,662 I 1810770 1810770] (gcs_server) gcs_actor_manager.cc:1282: Node failed, reconstructing actors. node_id=5271d0724aad35b1cab1c87ff12f9589ce46d00b945ff5e63e5d1f98
[2025-05-04 18:17:05,662 I 1810770 1810770] (gcs_server) gcs_job_manager.cc:467: Node failed, mark all jobs from this node as finished node_id=5271d0724aad35b1cab1c87ff12f9589ce46d00b945ff5e63e5d1f98
[2025-05-04 18:17:05,848 I 1810770 1810819] (gcs_server) ray_syncer_bidi_reactor_base.h:182: Failed to read the message from: 5271d0724aad35b1cab1c87ff12f9589ce46d00b945ff5e63e5d1f98
[2025-05-04 18:17:05,848 I 1810770 1810819] (gcs_server) ray_syncer.cc:241: Connection is broken. node_id=5271d0724aad35b1cab1c87ff12f9589ce46d00b945ff5e63e5d1f98
[2025-05-04 18:17:05,876 I 1810770 1810770] (gcs_server) gcs_server_main.cc:175: GCS server received SIGTERM, shutting down...
[2025-05-04 18:17:05,876 I 1810770 1810770] (gcs_server) gcs_server.cc:267: Stopping GCS server.
[2025-05-04 18:17:05,912 I 1810770 1810770] (gcs_server) gcs_server.cc:284: GCS server stopped.
[2025-05-04 18:17:05,912 I 1810770 1810770] (gcs_server) io_service_pool.cc:47: IOServicePool is stopped.
[2025-05-04 18:17:05,979 I 1810770 1810770] (gcs_server) stats.h:120: Stats module has shutdown.
