[2025-05-04 18:16:50,057 I 1810997 1810997] (raylet) main.cc:226: Setting cluster ID to: 5bbf8681e667710ba0fe548de1bbc70146fdb1a7bf66a405b7826b6b
[2025-05-04 18:16:50,065 I 1810997 1810997] (raylet) main.cc:341: Raylet is not set to kill unknown children.
[2025-05-04 18:16:50,065 I 1810997 1810997] (raylet) io_service_pool.cc:35: IOServicePool is running with 1 io_service.
[2025-05-04 18:16:50,066 I 1810997 1810997] (raylet) main.cc:471: Setting node ID node_id=5271d0724aad35b1cab1c87ff12f9589ce46d00b945ff5e63e5d1f98
[2025-05-04 18:16:50,066 I 1810997 1810997] (raylet) store_runner.cc:33: Allowing the Plasma store to use up to 31.8502GB of memory.
[2025-05-04 18:16:50,067 I 1810997 1810997] (raylet) store_runner.cc:49: Starting object store with directory /dev/shm, fallback /home/stud/wxie/EasyR1/ray, and huge page support disabled
[2025-05-04 18:16:50,067 I 1810997 1811025] (raylet) dlmalloc.cc:154: create_and_mmap_buffer(31850233864, /dev/shm/plasmaXXXXXX)
[2025-05-04 18:16:50,070 I 1810997 1811025] (raylet) store.cc:564: Plasma store debug dump: 
Current usage: 0 / 31.8502 GB
- num bytes created total: 0
0 pending objects of total size 0MB
- objects spillable: 0
- bytes spillable: 0
- objects unsealed: 0
- bytes unsealed: 0
- objects in use: 0
- bytes in use: 0
- objects evictable: 0
- bytes evictable: 0

- objects created by worker: 0
- bytes created by worker: 0
- objects restored: 0
- bytes restored: 0
- objects received: 0
- bytes received: 0
- objects errored: 0
- bytes errored: 0

[2025-05-04 18:16:51,072 I 1810997 1810997] (raylet) grpc_server.cc:135: ObjectManager server started, listening on port 41141.
[2025-05-04 18:16:51,075 I 1810997 1810997] (raylet) worker_killing_policy.cc:101: Running GroupByOwner policy.
[2025-05-04 18:16:51,075 W 1810997 1810997] (raylet) memory_monitor.cc:198: Got negative used memory for cgroup -1, setting it to zero
[2025-05-04 18:16:51,075 I 1810997 1810997] (raylet) memory_monitor.cc:48: MemoryMonitor initialized with usage threshold at 128114286592 bytes (0.95 system memory), total system memory bytes: 134857150464
[2025-05-04 18:16:51,076 I 1810997 1810997] (raylet) node_manager.cc:295: Initializing NodeManager node_id=5271d0724aad35b1cab1c87ff12f9589ce46d00b945ff5e63e5d1f98
[2025-05-04 18:16:51,077 I 1810997 1810997] (raylet) grpc_server.cc:135: NodeManager server started, listening on port 34395.
[2025-05-04 18:16:51,085 I 1810997 1811102] (raylet) agent_manager.cc:78: Monitor agent process with name dashboard_agent/424238335
[2025-05-04 18:16:51,086 I 1810997 1811104] (raylet) agent_manager.cc:78: Monitor agent process with name runtime_env_agent
[2025-05-04 18:16:51,088 I 1810997 1810997] (raylet) event.cc:500: Ray Event initialized for RAYLET
[2025-05-04 18:16:51,088 I 1810997 1810997] (raylet) event.cc:331: Set ray event level to warning
[2025-05-04 18:16:51,089 I 1810997 1810997] (raylet) raylet.cc:134: Raylet of id, 5271d0724aad35b1cab1c87ff12f9589ce46d00b945ff5e63e5d1f98 started. Raylet consists of node_manager and object_manager. node_manager address: 10.153.51.195:34395 object_manager address: 10.153.51.195:41141 hostname: marajo
[2025-05-04 18:16:51,093 I 1810997 1810997] (raylet) node_manager.cc:532: [state-dump] NodeManager:
[state-dump] Node ID: 5271d0724aad35b1cab1c87ff12f9589ce46d00b945ff5e63e5d1f98
[state-dump] Node name: 10.153.51.195
[state-dump] InitialConfigResources: {node:__internal_head__: 10000, GPU: 10000, accelerator_type:H100: 10000, CPU: 320000, object_store_memory: 318502268920000, node:10.153.51.195: 10000, memory: 643171960840000}
[state-dump] ClusterTaskManager:
[state-dump] ========== Node: 5271d0724aad35b1cab1c87ff12f9589ce46d00b945ff5e63e5d1f98 =================
[state-dump] Infeasible queue length: 0
[state-dump] Schedule queue length: 0
[state-dump] Dispatch queue length: 0
[state-dump] num_waiting_for_resource: 0
[state-dump] num_waiting_for_plasma_memory: 0
[state-dump] num_waiting_for_remote_node_resources: 0
[state-dump] num_worker_not_started_by_job_config_not_exist: 0
[state-dump] num_worker_not_started_by_registration_timeout: 0
[state-dump] num_tasks_waiting_for_workers: 0
[state-dump] num_cancelled_tasks: 0
[state-dump] cluster_resource_scheduler state: 
[state-dump] Local id: -3525543290143966148 Local resources: {"total":{memory: [643171960840000], GPU: [10000], CPU: [320000], accelerator_type:H100: [10000], node:10.153.51.195: [10000], object_store_memory: [318502268920000], node:__internal_head__: [10000]}}, "available": {memory: [643171960840000], GPU: [10000], CPU: [320000], accelerator_type:H100: [10000], node:10.153.51.195: [10000], object_store_memory: [318502268920000], node:__internal_head__: [10000]}}, "labels":{"ray.io/node_id":"5271d0724aad35b1cab1c87ff12f9589ce46d00b945ff5e63e5d1f98",} is_draining: 0 is_idle: 1 Cluster resources: node id: -3525543290143966148{"total":{node:__internal_head__: 10000, GPU: 10000, accelerator_type:H100: 10000, CPU: 320000, object_store_memory: 318502268920000, node:10.153.51.195: 10000, memory: 643171960840000}}, "available": {node:__internal_head__: 10000, GPU: 10000, accelerator_type:H100: 10000, CPU: 320000, object_store_memory: 318502268920000, node:10.153.51.195: 10000, memory: 643171960840000}}, "labels":{"ray.io/node_id":"5271d0724aad35b1cab1c87ff12f9589ce46d00b945ff5e63e5d1f98",}, "is_draining": 0, "draining_deadline_timestamp_ms": -1} { "placment group locations": [], "node to bundles": []}
[state-dump] Waiting tasks size: 0
[state-dump] Number of executing tasks: 0
[state-dump] Number of pinned task arguments: 0
[state-dump] Number of total spilled tasks: 0
[state-dump] Number of spilled waiting tasks: 0
[state-dump] Number of spilled unschedulable tasks: 0
[state-dump] Resource usage {
[state-dump] }
[state-dump] Backlog Size per scheduling descriptor :{workerId: num backlogs}:
[state-dump] 
[state-dump] Running tasks by scheduling class:
[state-dump] ==================================================
[state-dump] 
[state-dump] ClusterResources:
[state-dump] LocalObjectManager:
[state-dump] - num pinned objects: 0
[state-dump] - pinned objects size: 0
[state-dump] - num objects pending restore: 0
[state-dump] - num objects pending spill: 0
[state-dump] - num bytes pending spill: 0
[state-dump] - num bytes currently spilled: 0
[state-dump] - cumulative spill requests: 0
[state-dump] - cumulative restore requests: 0
[state-dump] - spilled objects pending delete: 0
[state-dump] 
[state-dump] ObjectManager:
[state-dump] - num local objects: 0
[state-dump] - num unfulfilled push requests: 0
[state-dump] - num object pull requests: 0
[state-dump] - num chunks received total: 0
[state-dump] - num chunks received failed (all): 0
[state-dump] - num chunks received failed / cancelled: 0
[state-dump] - num chunks received failed / plasma error: 0
[state-dump] Event stats:
[state-dump] Global stats: 0 total (0 active)
[state-dump] Queueing time: mean = -nan s, max = -0.000 s, min = 9223372036.855 s, total = 0.000 s
[state-dump] Execution time:  mean = -nan s, total = 0.000 s
[state-dump] Event stats:
[state-dump] PushManager:
[state-dump] - num pushes in flight: 0
[state-dump] - num chunks in flight: 0
[state-dump] - num chunks remaining: 0
[state-dump] - max chunks allowed: 409
[state-dump] OwnershipBasedObjectDirectory:
[state-dump] - num listeners: 0
[state-dump] - cumulative location updates: 0
[state-dump] - num location updates per second: 43915818688413328.000
[state-dump] - num location lookups per second: 43915818688405328.000
[state-dump] - num locations added per second: 0.000
[state-dump] - num locations removed per second: 0.000
[state-dump] BufferPool:
[state-dump] - create buffer state map size: 0
[state-dump] PullManager:
[state-dump] - num bytes available for pulled objects: 31850226892
[state-dump] - num bytes being pulled (all): 0
[state-dump] - num bytes being pulled / pinned: 0
[state-dump] - get request bundles: BundlePullRequestQueue{0 total, 0 active, 0 inactive, 0 unpullable}
[state-dump] - wait request bundles: BundlePullRequestQueue{0 total, 0 active, 0 inactive, 0 unpullable}
[state-dump] - task request bundles: BundlePullRequestQueue{0 total, 0 active, 0 inactive, 0 unpullable}
[state-dump] - first get request bundle: N/A
[state-dump] - first wait request bundle: N/A
[state-dump] - first task request bundle: N/A
[state-dump] - num objects queued: 0
[state-dump] - num objects actively pulled (all): 0
[state-dump] - num objects actively pulled / pinned: 0
[state-dump] - num bundles being pulled: 0
[state-dump] - num pull retries: 0
[state-dump] - max timeout seconds: 0
[state-dump] - max timeout request is already processed. No entry.
[state-dump] 
[state-dump] WorkerPool:
[state-dump] - registered jobs: 0
[state-dump] - process_failed_job_config_missing: 0
[state-dump] - process_failed_rate_limited: 0
[state-dump] - process_failed_pending_registration: 0
[state-dump] - process_failed_runtime_env_setup_failed: 0
[state-dump] - num JAVA workers: 0
[state-dump] - num JAVA drivers: 0
[state-dump] - num JAVA pending start requests: 0
[state-dump] - num JAVA pending registration requests: 0
[state-dump] - num object spill callbacks queued: 0
[state-dump] - num object restore queued: 0
[state-dump] - num util functions queued: 0
[state-dump] - num PYTHON workers: 0
[state-dump] - num PYTHON drivers: 0
[state-dump] - num PYTHON pending start requests: 0
[state-dump] - num PYTHON pending registration requests: 0
[state-dump] - num object spill callbacks queued: 0
[state-dump] - num object restore queued: 0
[state-dump] - num util functions queued: 0
[state-dump] - num idle workers: 0
[state-dump] TaskDependencyManager:
[state-dump] - task deps map size: 0
[state-dump] - get req map size: 0
[state-dump] - wait req map size: 0
[state-dump] - local objects map size: 0
[state-dump] WaitManager:
[state-dump] - num active wait requests: 0
[state-dump] Subscriber:
[state-dump] Channel WORKER_OBJECT_EVICTION
[state-dump] - cumulative subscribe requests: 0
[state-dump] - cumulative unsubscribe requests: 0
[state-dump] - active subscribed publishers: 0
[state-dump] - cumulative published messages: 0
[state-dump] - cumulative processed messages: 0
[state-dump] Channel WORKER_REF_REMOVED_CHANNEL
[state-dump] - cumulative subscribe requests: 0
[state-dump] - cumulative unsubscribe requests: 0
[state-dump] - active subscribed publishers: 0
[state-dump] - cumulative published messages: 0
[state-dump] - cumulative processed messages: 0
[state-dump] Channel WORKER_OBJECT_LOCATIONS_CHANNEL
[state-dump] - cumulative subscribe requests: 0
[state-dump] - cumulative unsubscribe requests: 0
[state-dump] - active subscribed publishers: 0
[state-dump] - cumulative published messages: 0
[state-dump] - cumulative processed messages: 0
[state-dump] num async plasma notifications: 0
[state-dump] Remote node managers: 
[state-dump] Event stats:
[state-dump] Global stats: 28 total (13 active)
[state-dump] Queueing time: mean = 1.800 ms, max = 12.102 ms, min = 19.067 us, total = 50.388 ms
[state-dump] Execution time:  mean = 36.815 ms, total = 1.031 s
[state-dump] Event stats:
[state-dump] 	PeriodicalRunner.RunFnPeriodically - 11 total (2 active, 1 running), Execution time: mean = 295.423 us, total = 3.250 ms, Queueing time: mean = 4.575 ms, max = 12.102 ms, min = 34.820 us, total = 50.323 ms
[state-dump] 	ray::rpc::NodeInfoGcsService.grpc_client.RegisterNode - 1 total (0 active), Execution time: mean = 1.703 ms, total = 1.703 ms, Queueing time: mean = 0.000 s, max = -0.000 s, min = 9223372036.855 s, total = 0.000 s
[state-dump] 	ClusterResourceManager.ResetRemoteNodeView - 1 total (1 active), Execution time: mean = 0.000 s, total = 0.000 s, Queueing time: mean = 0.000 s, max = -0.000 s, min = 9223372036.855 s, total = 0.000 s
[state-dump] 	ray::rpc::InternalKVGcsService.grpc_client.GetInternalConfig - 1 total (0 active), Execution time: mean = 1.408 ms, total = 1.408 ms, Queueing time: mean = 0.000 s, max = -0.000 s, min = 9223372036.855 s, total = 0.000 s
[state-dump] 	NodeManager.ScheduleAndDispatchTasks - 1 total (1 active), Execution time: mean = 0.000 s, total = 0.000 s, Queueing time: mean = 0.000 s, max = -0.000 s, min = 9223372036.855 s, total = 0.000 s
[state-dump] 	ray::rpc::InternalPubSubGcsService.grpc_client.GcsSubscriberCommandBatch - 1 total (0 active), Execution time: mean = 918.226 us, total = 918.226 us, Queueing time: mean = 0.000 s, max = -0.000 s, min = 9223372036.855 s, total = 0.000 s
[state-dump] 	RayletWorkerPool.deadline_timer.kill_idle_workers - 1 total (1 active), Execution time: mean = 0.000 s, total = 0.000 s, Queueing time: mean = 0.000 s, max = -0.000 s, min = 9223372036.855 s, total = 0.000 s
[state-dump] 	ray::rpc::InternalPubSubGcsService.grpc_client.GcsSubscriberPoll - 1 total (1 active), Execution time: mean = 0.000 s, total = 0.000 s, Queueing time: mean = 0.000 s, max = -0.000 s, min = 9223372036.855 s, total = 0.000 s
[state-dump] 	NodeManager.GCTaskFailureReason - 1 total (1 active), Execution time: mean = 0.000 s, total = 0.000 s, Queueing time: mean = 0.000 s, max = -0.000 s, min = 9223372036.855 s, total = 0.000 s
[state-dump] 	ray::rpc::NodeInfoGcsService.grpc_client.RegisterNode.OnReplyReceived - 1 total (0 active), Execution time: mean = 317.451 us, total = 317.451 us, Queueing time: mean = 19.511 us, max = 19.511 us, min = 19.511 us, total = 19.511 us
[state-dump] 	ray::rpc::InternalKVGcsService.grpc_client.GetInternalConfig.OnReplyReceived - 1 total (0 active), Execution time: mean = 1.023 s, total = 1.023 s, Queueing time: mean = 19.067 us, max = 19.067 us, min = 19.067 us, total = 19.067 us
[state-dump] 	ray::rpc::InternalPubSubGcsService.grpc_client.GcsSubscriberCommandBatch.OnReplyReceived - 1 total (1 active), Execution time: mean = 0.000 s, total = 0.000 s, Queueing time: mean = 0.000 s, max = -0.000 s, min = 9223372036.855 s, total = 0.000 s
[state-dump] 	NodeManager.deadline_timer.debug_state_dump - 1 total (1 active), Execution time: mean = 0.000 s, total = 0.000 s, Queueing time: mean = 0.000 s, max = -0.000 s, min = 9223372036.855 s, total = 0.000 s
[state-dump] 	NodeManager.deadline_timer.spill_objects_when_over_threshold - 1 total (1 active), Execution time: mean = 0.000 s, total = 0.000 s, Queueing time: mean = 0.000 s, max = -0.000 s, min = 9223372036.855 s, total = 0.000 s
[state-dump] 	NodeManager.deadline_timer.record_metrics - 1 total (1 active), Execution time: mean = 0.000 s, total = 0.000 s, Queueing time: mean = 0.000 s, max = -0.000 s, min = 9223372036.855 s, total = 0.000 s
[state-dump] 	NodeManager.deadline_timer.flush_free_objects - 1 total (1 active), Execution time: mean = 0.000 s, total = 0.000 s, Queueing time: mean = 0.000 s, max = -0.000 s, min = 9223372036.855 s, total = 0.000 s
[state-dump] 	ObjectManager.UpdateAvailableMemory - 1 total (0 active), Execution time: mean = 5.732 us, total = 5.732 us, Queueing time: mean = 25.713 us, max = 25.713 us, min = 25.713 us, total = 25.713 us
[state-dump] 	MemoryMonitor.CheckIsMemoryUsageAboveThreshold - 1 total (1 active), Execution time: mean = 0.000 s, total = 0.000 s, Queueing time: mean = 0.000 s, max = -0.000 s, min = 9223372036.855 s, total = 0.000 s
[state-dump] DebugString() time ms: 0
[state-dump] 
[state-dump] 
[2025-05-04 18:16:51,095 I 1810997 1810997] (raylet) accessor.cc:777: Received notification for node, IsAlive = 1 node_id=5271d0724aad35b1cab1c87ff12f9589ce46d00b945ff5e63e5d1f98
[2025-05-04 18:16:51,143 I 1810997 1810997] (raylet) worker_pool.cc:522: Started worker process with pid 1811125, the token is 0
[2025-05-04 18:16:51,146 I 1810997 1810997] (raylet) worker_pool.cc:522: Started worker process with pid 1811126, the token is 1
[2025-05-04 18:16:51,149 I 1810997 1810997] (raylet) worker_pool.cc:522: Started worker process with pid 1811127, the token is 2
[2025-05-04 18:16:51,152 I 1810997 1810997] (raylet) worker_pool.cc:522: Started worker process with pid 1811128, the token is 3
[2025-05-04 18:16:51,155 I 1810997 1810997] (raylet) worker_pool.cc:522: Started worker process with pid 1811129, the token is 4
[2025-05-04 18:16:51,158 I 1810997 1810997] (raylet) worker_pool.cc:522: Started worker process with pid 1811130, the token is 5
[2025-05-04 18:16:51,161 I 1810997 1810997] (raylet) worker_pool.cc:522: Started worker process with pid 1811131, the token is 6
[2025-05-04 18:16:51,164 I 1810997 1810997] (raylet) worker_pool.cc:522: Started worker process with pid 1811132, the token is 7
[2025-05-04 18:16:51,167 I 1810997 1810997] (raylet) worker_pool.cc:522: Started worker process with pid 1811133, the token is 8
[2025-05-04 18:16:51,170 I 1810997 1810997] (raylet) worker_pool.cc:522: Started worker process with pid 1811134, the token is 9
[2025-05-04 18:16:51,173 I 1810997 1810997] (raylet) worker_pool.cc:522: Started worker process with pid 1811135, the token is 10
[2025-05-04 18:16:51,176 I 1810997 1810997] (raylet) worker_pool.cc:522: Started worker process with pid 1811136, the token is 11
[2025-05-04 18:16:51,179 I 1810997 1810997] (raylet) worker_pool.cc:522: Started worker process with pid 1811137, the token is 12
[2025-05-04 18:16:51,182 I 1810997 1810997] (raylet) worker_pool.cc:522: Started worker process with pid 1811138, the token is 13
[2025-05-04 18:16:51,186 I 1810997 1810997] (raylet) worker_pool.cc:522: Started worker process with pid 1811139, the token is 14
[2025-05-04 18:16:51,189 I 1810997 1810997] (raylet) worker_pool.cc:522: Started worker process with pid 1811140, the token is 15
[2025-05-04 18:16:51,192 I 1810997 1810997] (raylet) worker_pool.cc:522: Started worker process with pid 1811141, the token is 16
[2025-05-04 18:16:51,195 I 1810997 1810997] (raylet) worker_pool.cc:522: Started worker process with pid 1811142, the token is 17
[2025-05-04 18:16:51,198 I 1810997 1810997] (raylet) worker_pool.cc:522: Started worker process with pid 1811143, the token is 18
[2025-05-04 18:16:51,224 I 1810997 1810997] (raylet) worker_pool.cc:522: Started worker process with pid 1811144, the token is 19
[2025-05-04 18:16:51,229 I 1810997 1810997] (raylet) worker_pool.cc:522: Started worker process with pid 1811145, the token is 20
[2025-05-04 18:16:51,232 I 1810997 1810997] (raylet) worker_pool.cc:522: Started worker process with pid 1811146, the token is 21
[2025-05-04 18:16:51,236 I 1810997 1810997] (raylet) worker_pool.cc:522: Started worker process with pid 1811147, the token is 22
[2025-05-04 18:16:51,240 I 1810997 1810997] (raylet) worker_pool.cc:522: Started worker process with pid 1811148, the token is 23
[2025-05-04 18:16:51,244 I 1810997 1810997] (raylet) worker_pool.cc:522: Started worker process with pid 1811149, the token is 24
[2025-05-04 18:16:51,248 I 1810997 1810997] (raylet) worker_pool.cc:522: Started worker process with pid 1811150, the token is 25
[2025-05-04 18:16:51,251 I 1810997 1810997] (raylet) worker_pool.cc:522: Started worker process with pid 1811151, the token is 26
[2025-05-04 18:16:51,255 I 1810997 1810997] (raylet) worker_pool.cc:522: Started worker process with pid 1811152, the token is 27
[2025-05-04 18:16:51,259 I 1810997 1810997] (raylet) worker_pool.cc:522: Started worker process with pid 1811153, the token is 28
[2025-05-04 18:16:51,263 I 1810997 1810997] (raylet) worker_pool.cc:522: Started worker process with pid 1811154, the token is 29
[2025-05-04 18:16:51,268 I 1810997 1810997] (raylet) worker_pool.cc:522: Started worker process with pid 1811155, the token is 30
[2025-05-04 18:16:51,272 I 1810997 1810997] (raylet) worker_pool.cc:522: Started worker process with pid 1811156, the token is 31
[2025-05-04 18:16:52,009 I 1810997 1811025] (raylet) object_store.cc:35: Object store current usage 8e-09 / 31.8502 GB.
[2025-05-04 18:16:52,296 I 1810997 1810997] (raylet) worker_pool.cc:719: Job 01000000 already started in worker pool.
[2025-05-04 18:16:56,095 W 1810997 1810997] (raylet) memory_monitor.cc:198: Got negative used memory for cgroup -1, setting it to zero
[2025-05-04 18:17:01,101 W 1810997 1810997] (raylet) memory_monitor.cc:198: Got negative used memory for cgroup -1, setting it to zero
[2025-05-04 18:17:04,685 I 1810997 1810997] (raylet) local_resource_manager.cc:292: Object store memory is not idle.
[2025-05-04 18:17:04,786 I 1810997 1810997] (raylet) local_resource_manager.cc:292: Object store memory is not idle.
[2025-05-04 18:17:04,886 I 1810997 1810997] (raylet) local_resource_manager.cc:288: Object store memory is idle.
[2025-05-04 18:17:04,903 I 1810997 1810997] (raylet) node_manager.cc:1549: NodeManager::DisconnectClient, disconnect_type=1, has creation task exception = false
[2025-05-04 18:17:04,910 I 1810997 1810997] (raylet) node_manager.cc:1549: NodeManager::DisconnectClient, disconnect_type=1, has creation task exception = false
[2025-05-04 18:17:05,459 I 1810997 1810997] (raylet) node_manager.cc:1549: NodeManager::DisconnectClient, disconnect_type=3, has creation task exception = false
[2025-05-04 18:17:05,459 I 1810997 1810997] (raylet) node_manager.cc:1654: Driver (pid=1810571) is disconnected. worker_id=01000000ffffffffffffffffffffffffffffffffffffffffffffffff job_id=01000000
[2025-05-04 18:17:05,462 I 1810997 1810997] (raylet) node_manager.cc:1082: The leased worker 5c8a8029fdd133bd548c7cfab36c1b42f64087ba33a043305b2f6f9a is killed because the owner process 01000000ffffffffffffffffffffffffffffffffffffffffffffffff died.
[2025-05-04 18:17:05,463 I 1810997 1810997] (raylet) worker_pool.cc:719: Job 01000000 already started in worker pool.
[2025-05-04 18:17:05,464 I 1810997 1810997] (raylet) node_manager.cc:640: The leased worker  is killed because the job 01000000 finished. worker_id=5c8a8029fdd133bd548c7cfab36c1b42f64087ba33a043305b2f6f9a
[2025-05-04 18:17:05,488 I 1810997 1810997] (raylet) node_manager.cc:1549: NodeManager::DisconnectClient, disconnect_type=1, has creation task exception = false
[2025-05-04 18:17:05,568 W 1810997 1810997] (raylet) node_manager.cc:648: Failed to send exit request to worker : RpcError: RPC Error message: Socket closed; RPC Error details: . Killing it using SIGKILL instead. worker_id=5c8a8029fdd133bd548c7cfab36c1b42f64087ba33a043305b2f6f9a
[2025-05-04 18:17:05,660 I 1810997 1810997] (raylet) main.cc:506: received SIGTERM. Existing local drain request = None
[2025-05-04 18:17:05,660 I 1810997 1810997] (raylet) main.cc:307: Raylet graceful shutdown triggered, reason = EXPECTED_TERMINATION, reason message = received SIGTERM
[2025-05-04 18:17:05,660 I 1810997 1810997] (raylet) main.cc:310: Shutting down...
[2025-05-04 18:17:05,660 I 1810997 1810997] (raylet) accessor.cc:511: Unregistering node node_id=5271d0724aad35b1cab1c87ff12f9589ce46d00b945ff5e63e5d1f98
[2025-05-04 18:17:05,662 I 1810997 1810997] (raylet) accessor.cc:524: Finished unregistering node info, status = OK node_id=5271d0724aad35b1cab1c87ff12f9589ce46d00b945ff5e63e5d1f98
[2025-05-04 18:17:05,667 I 1810997 1810997] (raylet) agent_manager.cc:113: Killing agent dashboard_agent/424238335, pid 1811101.
[2025-05-04 18:17:05,678 I 1810997 1811102] (raylet) agent_manager.cc:80: Agent process with name dashboard_agent/424238335 exited, exit code 0.
[2025-05-04 18:17:05,678 I 1810997 1810997] (raylet) agent_manager.cc:113: Killing agent runtime_env_agent, pid 1811103.
[2025-05-04 18:17:05,686 I 1810997 1811104] (raylet) agent_manager.cc:80: Agent process with name runtime_env_agent exited, exit code 0.
[2025-05-04 18:17:05,687 I 1810997 1810997] (raylet) io_service_pool.cc:47: IOServicePool is stopped.
[2025-05-04 18:17:05,785 I 1810997 1810997] (raylet) stats.h:120: Stats module has shutdown.
