[2025-05-04 19:02:10,204 I 1866148 1866148] (gcs_server) gcs_server_main.cc:95: Ray cluster metadata ray_version=2.43.0 ray_commit=ecdcdc6a6e63dc4bcd6ea16aae256ce4d32a7e2c
[2025-05-04 19:02:10,205 I 1866148 1866148] (gcs_server) io_service_pool.cc:35: IOServicePool is running with 1 io_service.
[2025-05-04 19:02:10,213 I 1866148 1866148] (gcs_server) event.cc:500: Ray Event initialized for GCS
[2025-05-04 19:02:10,216 I 1866148 1866148] (gcs_server) event.cc:500: Ray Event initialized for EXPORT_NODE
[2025-05-04 19:02:10,217 I 1866148 1866148] (gcs_server) event.cc:500: Ray Event initialized for EXPORT_ACTOR
[2025-05-04 19:02:10,218 I 1866148 1866148] (gcs_server) event.cc:500: Ray Event initialized for EXPORT_DRIVER_JOB
[2025-05-04 19:02:10,218 I 1866148 1866148] (gcs_server) event.cc:331: Set ray event level to warning
[2025-05-04 19:02:10,219 I 1866148 1866148] (gcs_server) gcs_server.cc:73: GCS storage type is StorageType::IN_MEMORY
[2025-05-04 19:02:10,219 I 1866148 1866148] (gcs_server) gcs_init_data.cc:42: Loading job table data.
[2025-05-04 19:02:10,219 I 1866148 1866148] (gcs_server) gcs_init_data.cc:52: Loading node table data.
[2025-05-04 19:02:10,219 I 1866148 1866148] (gcs_server) gcs_init_data.cc:74: Loading actor table data.
[2025-05-04 19:02:10,219 I 1866148 1866148] (gcs_server) gcs_init_data.cc:85: Loading actor task spec table data.
[2025-05-04 19:02:10,219 I 1866148 1866148] (gcs_server) gcs_init_data.cc:62: Loading placement group table data.
[2025-05-04 19:02:10,219 I 1866148 1866148] (gcs_server) gcs_init_data.cc:46: Finished loading job table data, size = 0
[2025-05-04 19:02:10,219 I 1866148 1866148] (gcs_server) gcs_init_data.cc:56: Finished loading node table data, size = 0
[2025-05-04 19:02:10,219 I 1866148 1866148] (gcs_server) gcs_init_data.cc:79: Finished loading actor table data, size = 0
[2025-05-04 19:02:10,219 I 1866148 1866148] (gcs_server) gcs_init_data.cc:90: Finished loading actor task spec table data, size = 0
[2025-05-04 19:02:10,219 I 1866148 1866148] (gcs_server) gcs_init_data.cc:68: Finished loading placement group table data, size = 0
[2025-05-04 19:02:10,220 I 1866148 1866148] (gcs_server) gcs_server.cc:157: No existing server cluster ID found. Generating new ID: 159f7af96be589f2bc82acea07365c7bcaeeaca773b6282f6a10905a
[2025-05-04 19:02:10,220 I 1866148 1866148] (gcs_server) gcs_server.cc:672: Autoscaler V2 enabled: 0
[2025-05-04 19:02:10,222 I 1866148 1866148] (gcs_server) grpc_server.cc:135: GcsServer server started, listening on port 53213.
[2025-05-04 19:02:10,302 I 1866148 1866148] (gcs_server) gcs_server.cc:245: Gcs Debug state:

GcsNodeManager: 
- RegisterNode request count: 0
- DrainNode request count: 0
- GetAllNodeInfo request count: 0

GcsActorManager: 
- RegisterActor request count: 0
- CreateActor request count: 0
- GetActorInfo request count: 0
- GetNamedActorInfo request count: 0
- GetAllActorInfo request count: 0
- KillActor request count: 0
- ListNamedActors request count: 0
- Registered actors count: 0
- Destroyed actors count: 0
- Named actors count: 0
- Unresolved actors count: 0
- Pending actors count: 0
- Created actors count: 0
- owners_: 0
- actor_to_register_callbacks_: 0
- actor_to_restart_callbacks_: 0
- actor_to_create_callbacks_: 0
- sorted_destroyed_actor_list_: 0

GcsResourceManager: 
- GetAllAvailableResources request count: 0
- GetAllTotalResources request count: 0
- GetAllResourceUsage request count: 0

GcsPlacementGroupManager: 
- CreatePlacementGroup request count: 0
- RemovePlacementGroup request count: 0
- GetPlacementGroup request count: 0
- GetAllPlacementGroup request count: 0
- WaitPlacementGroupUntilReady request count: 0
- GetNamedPlacementGroup request count: 0
- Scheduling pending placement group count: 0
- Registered placement groups count: 0
- Named placement group count: 0
- Pending placement groups count: 0
- Infeasible placement groups count: 0

Publisher:

[runtime env manager] ID to URIs table:
[runtime env manager] URIs reference table:

GcsTaskManager: 
-Total num task events reported: 0
-Total num status task events dropped: 0
-Total num profile events dropped: 0
-Current num of task events stored: 0
-Total num of actor creation tasks: 0
-Total num of actor tasks: 0
-Total num of normal tasks: 0
-Total num of driver tasks: 0

GcsAutoscalerStateManager: 
- last_seen_autoscaler_state_version_: 0
- last_cluster_resource_state_version_: 0
- pending demands:



[2025-05-04 19:02:10,302 I 1866148 1866148] (gcs_server) gcs_server.cc:870: Main service Event stats:


Global stats: 24 total (4 active)
Queueing time: mean = 31.280 ms, max = 82.028 ms, min = 51.000 ns, total = 750.712 ms
Execution time:  mean = 6.842 ms, total = 164.200 ms
Event stats:
	GcsInMemoryStore.Put - 8 total (0 active), Execution time: mean = 10.257 ms, total = 82.053 ms, Queueing time: mean = 71.445 ms, max = 81.803 ms, min = 2.475 us, total = 571.561 ms
	GcsInMemoryStore.GetAll - 5 total (0 active), Execution time: mean = 8.317 us, total = 41.584 us, Queueing time: mean = 26.669 us, max = 28.608 us, min = 24.865 us, total = 133.345 us
	PeriodicalRunner.RunFnPeriodically - 4 total (2 active, 1 running), Execution time: mean = 3.371 us, total = 13.484 us, Queueing time: mean = 40.997 ms, max = 82.028 ms, min = 81.960 ms, total = 163.989 ms
	event_loop_lag_probe - 2 total (0 active), Execution time: mean = 9.514 us, total = 19.027 us, Queueing time: mean = 7.503 ms, max = 14.957 ms, min = 49.707 us, total = 15.007 ms
	ClusterResourceManager.ResetRemoteNodeView - 1 total (1 active), Execution time: mean = 0.000 s, total = 0.000 s, Queueing time: mean = 0.000 s, max = -0.000 s, min = 9223372036.855 s, total = 0.000 s
	GcsInitData::AsyncLoad - 1 total (0 active), Execution time: mean = 18.658 us, total = 18.658 us, Queueing time: mean = 422.000 ns, max = 422.000 ns, min = 422.000 ns, total = 422.000 ns
	RayletLoadPulled - 1 total (1 active), Execution time: mean = 0.000 s, total = 0.000 s, Queueing time: mean = 0.000 s, max = -0.000 s, min = 9223372036.855 s, total = 0.000 s
	GcsServer.GetOrGenerateClusterId.continuation - 1 total (0 active), Execution time: mean = 82.037 ms, total = 82.037 ms, Queueing time: mean = 51.000 ns, max = 51.000 ns, min = 51.000 ns, total = 51.000 ns
	GcsInMemoryStore.Get - 1 total (0 active), Execution time: mean = 17.416 us, total = 17.416 us, Queueing time: mean = 21.622 us, max = 21.622 us, min = 21.622 us, total = 21.622 us


[2025-05-04 19:02:10,302 I 1866148 1866148] (gcs_server) gcs_server.cc:874: task_io_context Event stats:


Global stats: 4 total (1 active)
Queueing time: mean = 86.376 us, max = 294.621 us, min = 24.318 us, total = 345.503 us
Execution time:  mean = 47.070 us, total = 188.281 us
Event stats:
	event_loop_lag_probe - 2 total (0 active), Execution time: mean = 90.817 us, total = 181.635 us, Queueing time: mean = 159.470 us, max = 294.621 us, min = 24.318 us, total = 318.939 us
	PeriodicalRunner.RunFnPeriodically - 1 total (0 active), Execution time: mean = 6.646 us, total = 6.646 us, Queueing time: mean = 26.564 us, max = 26.564 us, min = 26.564 us, total = 26.564 us
	GcsTaskManager.GcJobSummary - 1 total (1 active), Execution time: mean = 0.000 s, total = 0.000 s, Queueing time: mean = 0.000 s, max = -0.000 s, min = 9223372036.855 s, total = 0.000 s


[2025-05-04 19:02:10,302 I 1866148 1866148] (gcs_server) gcs_server.cc:874: pubsub_io_context Event stats:


Global stats: 4 total (1 active)
Queueing time: mean = 82.511 us, max = 294.986 us, min = 13.483 us, total = 330.045 us
Execution time:  mean = 39.258 us, total = 157.031 us
Event stats:
	event_loop_lag_probe - 2 total (0 active), Execution time: mean = 75.427 us, total = 150.855 us, Queueing time: mean = 158.281 us, max = 294.986 us, min = 21.576 us, total = 316.562 us
	PeriodicalRunner.RunFnPeriodically - 1 total (0 active), Execution time: mean = 6.176 us, total = 6.176 us, Queueing time: mean = 13.483 us, max = 13.483 us, min = 13.483 us, total = 13.483 us
	Publisher.CheckDeadSubscribers - 1 total (1 active), Execution time: mean = 0.000 s, total = 0.000 s, Queueing time: mean = 0.000 s, max = -0.000 s, min = 9223372036.855 s, total = 0.000 s


[2025-05-04 19:02:10,302 I 1866148 1866148] (gcs_server) gcs_server.cc:874: ray_syncer_io_context Event stats:


Global stats: 4 total (0 active)
Queueing time: mean = 268.806 us, max = 840.669 us, min = 41.073 us, total = 1.075 ms
Execution time:  mean = 65.462 us, total = 261.849 us
Event stats:
	RaySyncerRegister - 2 total (0 active), Execution time: mean = 1.188 us, total = 2.375 us, Queueing time: mean = 96.740 us, max = 96.867 us, min = 96.614 us, total = 193.481 us
	event_loop_lag_probe - 2 total (0 active), Execution time: mean = 129.737 us, total = 259.474 us, Queueing time: mean = 440.871 us, max = 840.669 us, min = 41.073 us, total = 881.742 us


[2025-05-04 19:02:12,986 I 1866148 1866148] (gcs_server) gcs_node_manager.cc:88: Registering node info, address = 10.153.51.195, node name = 10.153.51.195 node_id=939fcc35c02728dd4716ba00d194da88b7a078d862bf8453bf66c38e
[2025-05-04 19:02:12,986 I 1866148 1866148] (gcs_server) gcs_node_manager.cc:94: Finished registering node info, address = 10.153.51.195, node name = 10.153.51.195, is_head_node = 1 node_id=939fcc35c02728dd4716ba00d194da88b7a078d862bf8453bf66c38e
[2025-05-04 19:02:12,986 I 1866148 1866148] (gcs_server) gcs_placement_group_manager.cc:830: A new node: 939fcc35c02728dd4716ba00d194da88b7a078d862bf8453bf66c38e registered, will try to reschedule all the infeasible placement groups.
[2025-05-04 19:02:12,992 I 1866148 1866209] (gcs_server) ray_syncer.cc:244: Get connection node_id=939fcc35c02728dd4716ba00d194da88b7a078d862bf8453bf66c38e
[2025-05-04 19:02:14,193 I 1866148 1866148] (gcs_server) gcs_job_manager.cc:90: Adding job, job id = 01000000, driver pid = 1865836
[2025-05-04 19:02:14,193 I 1866148 1866148] (gcs_server) gcs_job_manager.cc:111: Finished adding job, job id = 01000000, driver pid = 1865836
[2025-05-04 19:02:14,216 I 1866148 1866148] (gcs_server) gcs_actor_manager.cc:396: Registering actor job_id=01000000 actor_id=aac54285715329ab4a3d2a4c01000000
[2025-05-04 19:02:14,217 I 1866148 1866148] (gcs_server) gcs_actor_manager.cc:401: Registered actor, job id = 01000000, actor id = aac54285715329ab4a3d2a4c01000000
[2025-05-04 19:02:14,218 I 1866148 1866148] (gcs_server) gcs_actor_manager.cc:482: Creating actor job_id=01000000 actor_id=aac54285715329ab4a3d2a4c01000000
[2025-05-04 19:02:14,218 I 1866148 1866148] (gcs_server) gcs_actor_scheduler.cc:313: Start leasing worker from node 939fcc35c02728dd4716ba00d194da88b7a078d862bf8453bf66c38e for actor aac54285715329ab4a3d2a4c01000000, job id = 01000000
[2025-05-04 19:02:14,220 I 1866148 1866148] (gcs_server) gcs_actor_scheduler.cc:634: Finished leasing worker from 939fcc35c02728dd4716ba00d194da88b7a078d862bf8453bf66c38e for actor aac54285715329ab4a3d2a4c01000000, job id = 01000000
[2025-05-04 19:02:14,220 I 1866148 1866148] (gcs_server) gcs_actor_scheduler.cc:449: Start creating actor aac54285715329ab4a3d2a4c01000000 on worker f592b5c4a529c25856e7d81cece27d5501adb7ac2ed885507817b2d5 at node 939fcc35c02728dd4716ba00d194da88b7a078d862bf8453bf66c38e, job id = 01000000
[2025-05-04 19:02:23,727 I 1866148 1866148] (gcs_server) gcs_actor_scheduler.cc:486: Finished actor creation task for actor aac54285715329ab4a3d2a4c01000000 on worker f592b5c4a529c25856e7d81cece27d5501adb7ac2ed885507817b2d5 at node 939fcc35c02728dd4716ba00d194da88b7a078d862bf8453bf66c38e, job id = 01000000
[2025-05-04 19:02:23,727 I 1866148 1866148] (gcs_server) gcs_actor_manager.cc:1543: Actor created successfully job_id=01000000 actor_id=aac54285715329ab4a3d2a4c01000000
[2025-05-04 19:02:23,728 I 1866148 1866148] (gcs_server) gcs_actor_manager.cc:497: Finished creating actor. Status: OK job_id=01000000 actor_id=aac54285715329ab4a3d2a4c01000000
[2025-05-04 19:02:26,763 I 1866148 1866148] (gcs_server) gcs_actor_manager.cc:396: Registering actor job_id=01000000 actor_id=f17271c939c769aacbf0ad8801000000
[2025-05-04 19:02:26,764 I 1866148 1866148] (gcs_server) gcs_actor_manager.cc:401: Registered actor, job id = 01000000, actor id = f17271c939c769aacbf0ad8801000000
[2025-05-04 19:02:26,766 I 1866148 1866148] (gcs_server) gcs_actor_manager.cc:482: Creating actor job_id=01000000 actor_id=f17271c939c769aacbf0ad8801000000
[2025-05-04 19:02:26,767 I 1866148 1866148] (gcs_server) gcs_actor_scheduler.cc:313: Start leasing worker from node 939fcc35c02728dd4716ba00d194da88b7a078d862bf8453bf66c38e for actor f17271c939c769aacbf0ad8801000000, job id = 01000000
[2025-05-04 19:02:26,769 I 1866148 1866148] (gcs_server) gcs_actor_scheduler.cc:634: Finished leasing worker from 939fcc35c02728dd4716ba00d194da88b7a078d862bf8453bf66c38e for actor f17271c939c769aacbf0ad8801000000, job id = 01000000
[2025-05-04 19:02:26,769 I 1866148 1866148] (gcs_server) gcs_actor_scheduler.cc:449: Start creating actor f17271c939c769aacbf0ad8801000000 on worker 2c96aba3353e6f645021421cac0a0ab51c6fe54933effea08971398e at node 939fcc35c02728dd4716ba00d194da88b7a078d862bf8453bf66c38e, job id = 01000000
[2025-05-04 19:02:26,906 I 1866148 1866148] (gcs_server) gcs_actor_manager.cc:396: Registering actor job_id=01000000 actor_id=f882dfbee61951c9f3b9ce2301000000
[2025-05-04 19:02:26,906 I 1866148 1866148] (gcs_server) gcs_actor_manager.cc:401: Registered actor, job id = 01000000, actor id = f882dfbee61951c9f3b9ce2301000000
[2025-05-04 19:02:26,908 I 1866148 1866148] (gcs_server) gcs_actor_manager.cc:482: Creating actor job_id=01000000 actor_id=f882dfbee61951c9f3b9ce2301000000
[2025-05-04 19:02:26,908 I 1866148 1866148] (gcs_server) gcs_actor_scheduler.cc:313: Start leasing worker from node 939fcc35c02728dd4716ba00d194da88b7a078d862bf8453bf66c38e for actor f882dfbee61951c9f3b9ce2301000000, job id = 01000000
[2025-05-04 19:02:32,412 I 1866148 1866148] (gcs_server) gcs_actor_manager.cc:1029: Destroying actor job_id=01000000 actor_id=f882dfbee61951c9f3b9ce2301000000
[2025-05-04 19:02:32,412 I 1866148 1866148] (gcs_server) gcs_actor_manager.cc:497: Finished creating actor. Status: SchedulingCancelled: Actor creation cancelled. job_id=01000000 actor_id=f882dfbee61951c9f3b9ce2301000000
[2025-05-04 19:02:32,413 I 1866148 1866148] (gcs_server) gcs_actor_manager.cc:1008: Actor f882dfbee61951c9f3b9ce2301000000 has no references, destroying actor, job id = 01000000
[2025-05-04 19:02:32,413 I 1866148 1866148] (gcs_server) gcs_actor_manager.cc:1029: Destroying actor job_id=01000000 actor_id=f882dfbee61951c9f3b9ce2301000000
[2025-05-04 19:02:32,413 I 1866148 1866148] (gcs_server) gcs_actor_manager.cc:1034: Tried to destroy actor that does not exist actor_id=f882dfbee61951c9f3b9ce2301000000
[2025-05-04 19:02:32,678 I 1866148 1866148] (gcs_server) gcs_actor_manager.cc:1029: Destroying actor job_id=01000000 actor_id=f17271c939c769aacbf0ad8801000000
[2025-05-04 19:02:32,679 I 1866148 1866148] (gcs_server) gcs_actor_manager.cc:497: Finished creating actor. Status: SchedulingCancelled: Actor creation cancelled. job_id=01000000 actor_id=f17271c939c769aacbf0ad8801000000
[2025-05-04 19:02:32,679 I 1866148 1866148] (gcs_server) gcs_actor_manager.cc:1008: Actor f17271c939c769aacbf0ad8801000000 has no references, destroying actor, job id = 01000000
[2025-05-04 19:02:33,251 I 1866148 1866148] (gcs_server) gcs_actor_manager.cc:1029: Destroying actor job_id=01000000 actor_id=aac54285715329ab4a3d2a4c01000000
[2025-05-04 19:02:33,252 I 1866148 1866148] (gcs_server) gcs_actor_manager.cc:1004: Worker 01000000ffffffffffffffffffffffffffffffffffffffffffffffff failed, destroying actor child, job id = 01000000
[2025-05-04 19:02:33,253 I 1866148 1866148] (gcs_server) gcs_job_manager.cc:149: Finished marking job state, job id = 01000000
[2025-05-04 19:02:33,264 I 1866148 1866148] (gcs_server) gcs_node_manager.cc:382: Removing node, node name = 10.153.51.195, death reason = EXPECTED_TERMINATION, death message = received SIGTERM node_id=939fcc35c02728dd4716ba00d194da88b7a078d862bf8453bf66c38e
[2025-05-04 19:02:33,264 I 1866148 1866148] (gcs_server) gcs_placement_group_manager.cc:800: Node failed, rescheduling the placement groups on the dead node. node_id=939fcc35c02728dd4716ba00d194da88b7a078d862bf8453bf66c38e
[2025-05-04 19:02:33,264 I 1866148 1866148] (gcs_server) gcs_actor_manager.cc:1282: Node failed, reconstructing actors. node_id=939fcc35c02728dd4716ba00d194da88b7a078d862bf8453bf66c38e
[2025-05-04 19:02:33,264 I 1866148 1866148] (gcs_server) gcs_job_manager.cc:467: Node failed, mark all jobs from this node as finished node_id=939fcc35c02728dd4716ba00d194da88b7a078d862bf8453bf66c38e
[2025-05-04 19:02:33,497 I 1866148 1866200] (gcs_server) ray_syncer_bidi_reactor_base.h:182: Failed to read the message from: 939fcc35c02728dd4716ba00d194da88b7a078d862bf8453bf66c38e
[2025-05-04 19:02:33,498 I 1866148 1866200] (gcs_server) ray_syncer.cc:241: Connection is broken. node_id=939fcc35c02728dd4716ba00d194da88b7a078d862bf8453bf66c38e
[2025-05-04 19:02:33,528 I 1866148 1866148] (gcs_server) gcs_server_main.cc:175: GCS server received SIGTERM, shutting down...
[2025-05-04 19:02:33,529 I 1866148 1866148] (gcs_server) gcs_server.cc:267: Stopping GCS server.
[2025-05-04 19:02:33,556 I 1866148 1866148] (gcs_server) gcs_server.cc:284: GCS server stopped.
[2025-05-04 19:02:33,556 I 1866148 1866148] (gcs_server) io_service_pool.cc:47: IOServicePool is stopped.
[2025-05-04 19:02:33,636 I 1866148 1866148] (gcs_server) stats.h:120: Stats module has shutdown.
