[2025-05-04 19:02:11,956 I 1866396 1866396] (raylet) main.cc:226: Setting cluster ID to: 159f7af96be589f2bc82acea07365c7bcaeeaca773b6282f6a10905a
[2025-05-04 19:02:11,963 I 1866396 1866396] (raylet) main.cc:341: Raylet is not set to kill unknown children.
[2025-05-04 19:02:11,963 I 1866396 1866396] (raylet) io_service_pool.cc:35: IOServicePool is running with 1 io_service.
[2025-05-04 19:02:11,964 I 1866396 1866396] (raylet) main.cc:471: Setting node ID node_id=939fcc35c02728dd4716ba00d194da88b7a078d862bf8453bf66c38e
[2025-05-04 19:02:11,964 I 1866396 1866396] (raylet) store_runner.cc:33: Allowing the Plasma store to use up to 31.7979GB of memory.
[2025-05-04 19:02:11,965 I 1866396 1866396] (raylet) store_runner.cc:49: Starting object store with directory /dev/shm, fallback /home/stud/wxie/EasyR1/ray, and huge page support disabled
[2025-05-04 19:02:11,965 I 1866396 1866430] (raylet) dlmalloc.cc:154: create_and_mmap_buffer(31797936136, /dev/shm/plasmaXXXXXX)
[2025-05-04 19:02:11,967 I 1866396 1866430] (raylet) store.cc:564: Plasma store debug dump: 
Current usage: 0 / 31.7979 GB
- num bytes created total: 0
0 pending objects of total size 0MB
- objects spillable: 0
- bytes spillable: 0
- objects unsealed: 0
- bytes unsealed: 0
- objects in use: 0
- bytes in use: 0
- objects evictable: 0
- bytes evictable: 0

- objects created by worker: 0
- bytes created by worker: 0
- objects restored: 0
- bytes restored: 0
- objects received: 0
- bytes received: 0
- objects errored: 0
- bytes errored: 0

[2025-05-04 19:02:12,969 I 1866396 1866396] (raylet) grpc_server.cc:135: ObjectManager server started, listening on port 33039.
[2025-05-04 19:02:12,972 I 1866396 1866396] (raylet) worker_killing_policy.cc:101: Running GroupByOwner policy.
[2025-05-04 19:02:12,972 W 1866396 1866396] (raylet) memory_monitor.cc:198: Got negative used memory for cgroup -1, setting it to zero
[2025-05-04 19:02:12,973 I 1866396 1866396] (raylet) memory_monitor.cc:48: MemoryMonitor initialized with usage threshold at 128114286592 bytes (0.95 system memory), total system memory bytes: 134857150464
[2025-05-04 19:02:12,973 I 1866396 1866396] (raylet) node_manager.cc:295: Initializing NodeManager node_id=939fcc35c02728dd4716ba00d194da88b7a078d862bf8453bf66c38e
[2025-05-04 19:02:12,973 I 1866396 1866396] (raylet) grpc_server.cc:135: NodeManager server started, listening on port 45077.
[2025-05-04 19:02:12,982 I 1866396 1866515] (raylet) agent_manager.cc:78: Monitor agent process with name dashboard_agent/424238335
[2025-05-04 19:02:12,983 I 1866396 1866517] (raylet) agent_manager.cc:78: Monitor agent process with name runtime_env_agent
[2025-05-04 19:02:12,985 I 1866396 1866396] (raylet) event.cc:500: Ray Event initialized for RAYLET
[2025-05-04 19:02:12,985 I 1866396 1866396] (raylet) event.cc:331: Set ray event level to warning
[2025-05-04 19:02:12,987 I 1866396 1866396] (raylet) raylet.cc:134: Raylet of id, 939fcc35c02728dd4716ba00d194da88b7a078d862bf8453bf66c38e started. Raylet consists of node_manager and object_manager. node_manager address: 10.153.51.195:45077 object_manager address: 10.153.51.195:33039 hostname: marajo
[2025-05-04 19:02:12,991 I 1866396 1866396] (raylet) node_manager.cc:532: [state-dump] NodeManager:
[state-dump] Node ID: 939fcc35c02728dd4716ba00d194da88b7a078d862bf8453bf66c38e
[state-dump] Node name: 10.153.51.195
[state-dump] InitialConfigResources: {GPU: 10000, memory: 641950418950000, CPU: 320000, accelerator_type:H100: 10000, node:10.153.51.195: 10000, node:__internal_head__: 10000, object_store_memory: 317978750970000}
[state-dump] ClusterTaskManager:
[state-dump] ========== Node: 939fcc35c02728dd4716ba00d194da88b7a078d862bf8453bf66c38e =================
[state-dump] Infeasible queue length: 0
[state-dump] Schedule queue length: 0
[state-dump] Dispatch queue length: 0
[state-dump] num_waiting_for_resource: 0
[state-dump] num_waiting_for_plasma_memory: 0
[state-dump] num_waiting_for_remote_node_resources: 0
[state-dump] num_worker_not_started_by_job_config_not_exist: 0
[state-dump] num_worker_not_started_by_registration_timeout: 0
[state-dump] num_tasks_waiting_for_workers: 0
[state-dump] num_cancelled_tasks: 0
[state-dump] cluster_resource_scheduler state: 
[state-dump] Local id: 6533237647664263116 Local resources: {"total":{object_store_memory: [317978750970000], GPU: [10000], accelerator_type:H100: [10000], CPU: [320000], node:__internal_head__: [10000], node:10.153.51.195: [10000], memory: [641950418950000]}}, "available": {object_store_memory: [317978750970000], GPU: [10000], accelerator_type:H100: [10000], CPU: [320000], node:__internal_head__: [10000], node:10.153.51.195: [10000], memory: [641950418950000]}}, "labels":{"ray.io/node_id":"939fcc35c02728dd4716ba00d194da88b7a078d862bf8453bf66c38e",} is_draining: 0 is_idle: 1 Cluster resources: node id: 6533237647664263116{"total":{GPU: 10000, memory: 641950418950000, CPU: 320000, accelerator_type:H100: 10000, node:10.153.51.195: 10000, object_store_memory: 317978750970000, node:__internal_head__: 10000}}, "available": {GPU: 10000, memory: 641950418950000, CPU: 320000, accelerator_type:H100: 10000, node:10.153.51.195: 10000, object_store_memory: 317978750970000, node:__internal_head__: 10000}}, "labels":{"ray.io/node_id":"939fcc35c02728dd4716ba00d194da88b7a078d862bf8453bf66c38e",}, "is_draining": 0, "draining_deadline_timestamp_ms": -1} { "placment group locations": [], "node to bundles": []}
[state-dump] Waiting tasks size: 0
[state-dump] Number of executing tasks: 0
[state-dump] Number of pinned task arguments: 0
[state-dump] Number of total spilled tasks: 0
[state-dump] Number of spilled waiting tasks: 0
[state-dump] Number of spilled unschedulable tasks: 0
[state-dump] Resource usage {
[state-dump] }
[state-dump] Backlog Size per scheduling descriptor :{workerId: num backlogs}:
[state-dump] 
[state-dump] Running tasks by scheduling class:
[state-dump] ==================================================
[state-dump] 
[state-dump] ClusterResources:
[state-dump] LocalObjectManager:
[state-dump] - num pinned objects: 0
[state-dump] - pinned objects size: 0
[state-dump] - num objects pending restore: 0
[state-dump] - num objects pending spill: 0
[state-dump] - num bytes pending spill: 0
[state-dump] - num bytes currently spilled: 0
[state-dump] - cumulative spill requests: 0
[state-dump] - cumulative restore requests: 0
[state-dump] - spilled objects pending delete: 0
[state-dump] 
[state-dump] ObjectManager:
[state-dump] - num local objects: 0
[state-dump] - num unfulfilled push requests: 0
[state-dump] - num object pull requests: 0
[state-dump] - num chunks received total: 0
[state-dump] - num chunks received failed (all): 0
[state-dump] - num chunks received failed / cancelled: 0
[state-dump] - num chunks received failed / plasma error: 0
[state-dump] Event stats:
[state-dump] Global stats: 0 total (0 active)
[state-dump] Queueing time: mean = -nan s, max = -0.000 s, min = 9223372036.855 s, total = 0.000 s
[state-dump] Execution time:  mean = -nan s, total = 0.000 s
[state-dump] Event stats:
[state-dump] PushManager:
[state-dump] - num pushes in flight: 0
[state-dump] - num chunks in flight: 0
[state-dump] - num chunks remaining: 0
[state-dump] - max chunks allowed: 409
[state-dump] OwnershipBasedObjectDirectory:
[state-dump] - num listeners: 0
[state-dump] - cumulative location updates: 0
[state-dump] - num location updates per second: 41232818888605328.000
[state-dump] - num location lookups per second: 41232818888597328.000
[state-dump] - num locations added per second: 0.000
[state-dump] - num locations removed per second: 0.000
[state-dump] BufferPool:
[state-dump] - create buffer state map size: 0
[state-dump] PullManager:
[state-dump] - num bytes available for pulled objects: 31797875097
[state-dump] - num bytes being pulled (all): 0
[state-dump] - num bytes being pulled / pinned: 0
[state-dump] - get request bundles: BundlePullRequestQueue{0 total, 0 active, 0 inactive, 0 unpullable}
[state-dump] - wait request bundles: BundlePullRequestQueue{0 total, 0 active, 0 inactive, 0 unpullable}
[state-dump] - task request bundles: BundlePullRequestQueue{0 total, 0 active, 0 inactive, 0 unpullable}
[state-dump] - first get request bundle: N/A
[state-dump] - first wait request bundle: N/A
[state-dump] - first task request bundle: N/A
[state-dump] - num objects queued: 0
[state-dump] - num objects actively pulled (all): 0
[state-dump] - num objects actively pulled / pinned: 0
[state-dump] - num bundles being pulled: 0
[state-dump] - num pull retries: 0
[state-dump] - max timeout seconds: 0
[state-dump] - max timeout request is already processed. No entry.
[state-dump] 
[state-dump] WorkerPool:
[state-dump] - registered jobs: 0
[state-dump] - process_failed_job_config_missing: 0
[state-dump] - process_failed_rate_limited: 0
[state-dump] - process_failed_pending_registration: 0
[state-dump] - process_failed_runtime_env_setup_failed: 0
[state-dump] - num JAVA workers: 0
[state-dump] - num JAVA drivers: 0
[state-dump] - num JAVA pending start requests: 0
[state-dump] - num JAVA pending registration requests: 0
[state-dump] - num object spill callbacks queued: 0
[state-dump] - num object restore queued: 0
[state-dump] - num util functions queued: 0
[state-dump] - num PYTHON workers: 0
[state-dump] - num PYTHON drivers: 0
[state-dump] - num PYTHON pending start requests: 0
[state-dump] - num PYTHON pending registration requests: 0
[state-dump] - num object spill callbacks queued: 0
[state-dump] - num object restore queued: 0
[state-dump] - num util functions queued: 0
[state-dump] - num idle workers: 0
[state-dump] TaskDependencyManager:
[state-dump] - task deps map size: 0
[state-dump] - get req map size: 0
[state-dump] - wait req map size: 0
[state-dump] - local objects map size: 0
[state-dump] WaitManager:
[state-dump] - num active wait requests: 0
[state-dump] Subscriber:
[state-dump] Channel WORKER_REF_REMOVED_CHANNEL
[state-dump] - cumulative subscribe requests: 0
[state-dump] - cumulative unsubscribe requests: 0
[state-dump] - active subscribed publishers: 0
[state-dump] - cumulative published messages: 0
[state-dump] - cumulative processed messages: 0
[state-dump] Channel WORKER_OBJECT_EVICTION
[state-dump] - cumulative subscribe requests: 0
[state-dump] - cumulative unsubscribe requests: 0
[state-dump] - active subscribed publishers: 0
[state-dump] - cumulative published messages: 0
[state-dump] - cumulative processed messages: 0
[state-dump] Channel WORKER_OBJECT_LOCATIONS_CHANNEL
[state-dump] - cumulative subscribe requests: 0
[state-dump] - cumulative unsubscribe requests: 0
[state-dump] - active subscribed publishers: 0
[state-dump] - cumulative published messages: 0
[state-dump] - cumulative processed messages: 0
[state-dump] num async plasma notifications: 0
[state-dump] Remote node managers: 
[state-dump] Event stats:
[state-dump] Global stats: 28 total (13 active)
[state-dump] Queueing time: mean = 1.909 ms, max = 12.785 ms, min = 15.640 us, total = 53.455 ms
[state-dump] Execution time:  mean = 36.809 ms, total = 1.031 s
[state-dump] Event stats:
[state-dump] 	PeriodicalRunner.RunFnPeriodically - 11 total (2 active, 1 running), Execution time: mean = 322.279 us, total = 3.545 ms, Queueing time: mean = 4.854 ms, max = 12.785 ms, min = 30.749 us, total = 53.398 ms
[state-dump] 	ray::rpc::InternalPubSubGcsService.grpc_client.GcsSubscriberPoll - 1 total (1 active), Execution time: mean = 0.000 s, total = 0.000 s, Queueing time: mean = 0.000 s, max = -0.000 s, min = 9223372036.855 s, total = 0.000 s
[state-dump] 	NodeManager.ScheduleAndDispatchTasks - 1 total (1 active), Execution time: mean = 0.000 s, total = 0.000 s, Queueing time: mean = 0.000 s, max = -0.000 s, min = 9223372036.855 s, total = 0.000 s
[state-dump] 	ray::rpc::InternalKVGcsService.grpc_client.GetInternalConfig - 1 total (0 active), Execution time: mean = 1.274 ms, total = 1.274 ms, Queueing time: mean = 0.000 s, max = -0.000 s, min = 9223372036.855 s, total = 0.000 s
[state-dump] 	ClusterResourceManager.ResetRemoteNodeView - 1 total (1 active), Execution time: mean = 0.000 s, total = 0.000 s, Queueing time: mean = 0.000 s, max = -0.000 s, min = 9223372036.855 s, total = 0.000 s
[state-dump] 	MemoryMonitor.CheckIsMemoryUsageAboveThreshold - 1 total (1 active), Execution time: mean = 0.000 s, total = 0.000 s, Queueing time: mean = 0.000 s, max = -0.000 s, min = 9223372036.855 s, total = 0.000 s
[state-dump] 	ray::rpc::InternalPubSubGcsService.grpc_client.GcsSubscriberCommandBatch.OnReplyReceived - 1 total (1 active), Execution time: mean = 0.000 s, total = 0.000 s, Queueing time: mean = 0.000 s, max = -0.000 s, min = 9223372036.855 s, total = 0.000 s
[state-dump] 	NodeManager.deadline_timer.spill_objects_when_over_threshold - 1 total (1 active), Execution time: mean = 0.000 s, total = 0.000 s, Queueing time: mean = 0.000 s, max = -0.000 s, min = 9223372036.855 s, total = 0.000 s
[state-dump] 	NodeManager.GCTaskFailureReason - 1 total (1 active), Execution time: mean = 0.000 s, total = 0.000 s, Queueing time: mean = 0.000 s, max = -0.000 s, min = 9223372036.855 s, total = 0.000 s
[state-dump] 	NodeManager.deadline_timer.flush_free_objects - 1 total (1 active), Execution time: mean = 0.000 s, total = 0.000 s, Queueing time: mean = 0.000 s, max = -0.000 s, min = 9223372036.855 s, total = 0.000 s
[state-dump] 	ray::rpc::NodeInfoGcsService.grpc_client.RegisterNode - 1 total (0 active), Execution time: mean = 1.619 ms, total = 1.619 ms, Queueing time: mean = 0.000 s, max = -0.000 s, min = 9223372036.855 s, total = 0.000 s
[state-dump] 	ray::rpc::InternalPubSubGcsService.grpc_client.GcsSubscriberCommandBatch - 1 total (0 active), Execution time: mean = 1.228 ms, total = 1.228 ms, Queueing time: mean = 0.000 s, max = -0.000 s, min = 9223372036.855 s, total = 0.000 s
[state-dump] 	ray::rpc::NodeInfoGcsService.grpc_client.RegisterNode.OnReplyReceived - 1 total (0 active), Execution time: mean = 302.746 us, total = 302.746 us, Queueing time: mean = 18.167 us, max = 18.167 us, min = 18.167 us, total = 18.167 us
[state-dump] 	ray::rpc::InternalKVGcsService.grpc_client.GetInternalConfig.OnReplyReceived - 1 total (0 active), Execution time: mean = 1.023 s, total = 1.023 s, Queueing time: mean = 23.723 us, max = 23.723 us, min = 23.723 us, total = 23.723 us
[state-dump] 	NodeManager.deadline_timer.record_metrics - 1 total (1 active), Execution time: mean = 0.000 s, total = 0.000 s, Queueing time: mean = 0.000 s, max = -0.000 s, min = 9223372036.855 s, total = 0.000 s
[state-dump] 	NodeManager.deadline_timer.debug_state_dump - 1 total (1 active), Execution time: mean = 0.000 s, total = 0.000 s, Queueing time: mean = 0.000 s, max = -0.000 s, min = 9223372036.855 s, total = 0.000 s
[state-dump] 	ObjectManager.UpdateAvailableMemory - 1 total (0 active), Execution time: mean = 2.516 us, total = 2.516 us, Queueing time: mean = 15.640 us, max = 15.640 us, min = 15.640 us, total = 15.640 us
[state-dump] 	RayletWorkerPool.deadline_timer.kill_idle_workers - 1 total (1 active), Execution time: mean = 0.000 s, total = 0.000 s, Queueing time: mean = 0.000 s, max = -0.000 s, min = 9223372036.855 s, total = 0.000 s
[state-dump] DebugString() time ms: 0
[state-dump] 
[state-dump] 
[2025-05-04 19:02:12,992 I 1866396 1866396] (raylet) accessor.cc:777: Received notification for node, IsAlive = 1 node_id=939fcc35c02728dd4716ba00d194da88b7a078d862bf8453bf66c38e
[2025-05-04 19:02:13,044 I 1866396 1866396] (raylet) worker_pool.cc:522: Started worker process with pid 1866538, the token is 0
[2025-05-04 19:02:13,049 I 1866396 1866396] (raylet) worker_pool.cc:522: Started worker process with pid 1866539, the token is 1
[2025-05-04 19:02:13,054 I 1866396 1866396] (raylet) worker_pool.cc:522: Started worker process with pid 1866540, the token is 2
[2025-05-04 19:02:13,059 I 1866396 1866396] (raylet) worker_pool.cc:522: Started worker process with pid 1866541, the token is 3
[2025-05-04 19:02:13,064 I 1866396 1866396] (raylet) worker_pool.cc:522: Started worker process with pid 1866542, the token is 4
[2025-05-04 19:02:13,069 I 1866396 1866396] (raylet) worker_pool.cc:522: Started worker process with pid 1866543, the token is 5
[2025-05-04 19:02:13,073 I 1866396 1866396] (raylet) worker_pool.cc:522: Started worker process with pid 1866544, the token is 6
[2025-05-04 19:02:13,077 I 1866396 1866396] (raylet) worker_pool.cc:522: Started worker process with pid 1866545, the token is 7
[2025-05-04 19:02:13,082 I 1866396 1866396] (raylet) worker_pool.cc:522: Started worker process with pid 1866546, the token is 8
[2025-05-04 19:02:13,086 I 1866396 1866396] (raylet) worker_pool.cc:522: Started worker process with pid 1866547, the token is 9
[2025-05-04 19:02:13,089 I 1866396 1866396] (raylet) worker_pool.cc:522: Started worker process with pid 1866548, the token is 10
[2025-05-04 19:02:13,093 I 1866396 1866396] (raylet) worker_pool.cc:522: Started worker process with pid 1866549, the token is 11
[2025-05-04 19:02:13,096 I 1866396 1866396] (raylet) worker_pool.cc:522: Started worker process with pid 1866550, the token is 12
[2025-05-04 19:02:13,100 I 1866396 1866396] (raylet) worker_pool.cc:522: Started worker process with pid 1866551, the token is 13
[2025-05-04 19:02:13,103 I 1866396 1866396] (raylet) worker_pool.cc:522: Started worker process with pid 1866552, the token is 14
[2025-05-04 19:02:13,106 I 1866396 1866396] (raylet) worker_pool.cc:522: Started worker process with pid 1866553, the token is 15
[2025-05-04 19:02:13,109 I 1866396 1866396] (raylet) worker_pool.cc:522: Started worker process with pid 1866554, the token is 16
[2025-05-04 19:02:13,112 I 1866396 1866396] (raylet) worker_pool.cc:522: Started worker process with pid 1866555, the token is 17
[2025-05-04 19:02:13,116 I 1866396 1866396] (raylet) worker_pool.cc:522: Started worker process with pid 1866556, the token is 18
[2025-05-04 19:02:13,138 I 1866396 1866396] (raylet) worker_pool.cc:522: Started worker process with pid 1866561, the token is 19
[2025-05-04 19:02:13,142 I 1866396 1866396] (raylet) worker_pool.cc:522: Started worker process with pid 1866562, the token is 20
[2025-05-04 19:02:13,146 I 1866396 1866396] (raylet) worker_pool.cc:522: Started worker process with pid 1866563, the token is 21
[2025-05-04 19:02:13,150 I 1866396 1866396] (raylet) worker_pool.cc:522: Started worker process with pid 1866564, the token is 22
[2025-05-04 19:02:13,154 I 1866396 1866396] (raylet) worker_pool.cc:522: Started worker process with pid 1866565, the token is 23
[2025-05-04 19:02:13,159 I 1866396 1866396] (raylet) worker_pool.cc:522: Started worker process with pid 1866566, the token is 24
[2025-05-04 19:02:13,164 I 1866396 1866396] (raylet) worker_pool.cc:522: Started worker process with pid 1866567, the token is 25
[2025-05-04 19:02:13,168 I 1866396 1866396] (raylet) worker_pool.cc:522: Started worker process with pid 1866568, the token is 26
[2025-05-04 19:02:13,172 I 1866396 1866396] (raylet) worker_pool.cc:522: Started worker process with pid 1866570, the token is 27
[2025-05-04 19:02:13,176 I 1866396 1866396] (raylet) worker_pool.cc:522: Started worker process with pid 1866573, the token is 28
[2025-05-04 19:02:13,180 I 1866396 1866396] (raylet) worker_pool.cc:522: Started worker process with pid 1866575, the token is 29
[2025-05-04 19:02:13,184 I 1866396 1866396] (raylet) worker_pool.cc:522: Started worker process with pid 1866576, the token is 30
[2025-05-04 19:02:13,188 I 1866396 1866396] (raylet) worker_pool.cc:522: Started worker process with pid 1866579, the token is 31
[2025-05-04 19:02:13,910 I 1866396 1866430] (raylet) object_store.cc:35: Object store current usage 8e-09 / 31.7979 GB.
[2025-05-04 19:02:14,194 I 1866396 1866396] (raylet) worker_pool.cc:719: Job 01000000 already started in worker pool.
[2025-05-04 19:02:17,992 W 1866396 1866396] (raylet) memory_monitor.cc:198: Got negative used memory for cgroup -1, setting it to zero
[2025-05-04 19:02:22,998 W 1866396 1866396] (raylet) memory_monitor.cc:198: Got negative used memory for cgroup -1, setting it to zero
[2025-05-04 19:02:26,800 I 1866396 1866396] (raylet) local_resource_manager.cc:292: Object store memory is not idle.
[2025-05-04 19:02:27,000 I 1866396 1866396] (raylet) local_resource_manager.cc:292: Object store memory is not idle.
[2025-05-04 19:02:28,005 W 1866396 1866396] (raylet) memory_monitor.cc:198: Got negative used memory for cgroup -1, setting it to zero
[2025-05-04 19:02:32,504 I 1866396 1866396] (raylet) local_resource_manager.cc:292: Object store memory is not idle.
[2025-05-04 19:02:32,696 I 1866396 1866396] (raylet) node_manager.cc:1549: NodeManager::DisconnectClient, disconnect_type=1, has creation task exception = false
[2025-05-04 19:02:32,705 I 1866396 1866396] (raylet) local_resource_manager.cc:288: Object store memory is idle.
[2025-05-04 19:02:33,012 W 1866396 1866396] (raylet) memory_monitor.cc:198: Got negative used memory for cgroup -1, setting it to zero
[2025-05-04 19:02:33,250 I 1866396 1866396] (raylet) node_manager.cc:1549: NodeManager::DisconnectClient, disconnect_type=3, has creation task exception = false
[2025-05-04 19:02:33,250 I 1866396 1866396] (raylet) node_manager.cc:1654: Driver (pid=1865836) is disconnected. worker_id=01000000ffffffffffffffffffffffffffffffffffffffffffffffff job_id=01000000
[2025-05-04 19:02:33,253 I 1866396 1866396] (raylet) node_manager.cc:1082: The leased worker f592b5c4a529c25856e7d81cece27d5501adb7ac2ed885507817b2d5 is killed because the owner process 01000000ffffffffffffffffffffffffffffffffffffffffffffffff died.
[2025-05-04 19:02:33,254 I 1866396 1866396] (raylet) worker_pool.cc:719: Job 01000000 already started in worker pool.
[2025-05-04 19:02:33,254 I 1866396 1866396] (raylet) node_manager.cc:640: The leased worker  is killed because the job 01000000 finished. worker_id=f592b5c4a529c25856e7d81cece27d5501adb7ac2ed885507817b2d5
[2025-05-04 19:02:33,263 I 1866396 1866396] (raylet) main.cc:506: received SIGTERM. Existing local drain request = None
[2025-05-04 19:02:33,263 I 1866396 1866396] (raylet) main.cc:307: Raylet graceful shutdown triggered, reason = EXPECTED_TERMINATION, reason message = received SIGTERM
[2025-05-04 19:02:33,263 I 1866396 1866396] (raylet) main.cc:310: Shutting down...
[2025-05-04 19:02:33,263 I 1866396 1866396] (raylet) accessor.cc:511: Unregistering node node_id=939fcc35c02728dd4716ba00d194da88b7a078d862bf8453bf66c38e
[2025-05-04 19:02:33,265 I 1866396 1866396] (raylet) accessor.cc:524: Finished unregistering node info, status = OK node_id=939fcc35c02728dd4716ba00d194da88b7a078d862bf8453bf66c38e
[2025-05-04 19:02:33,269 I 1866396 1866396] (raylet) agent_manager.cc:113: Killing agent dashboard_agent/424238335, pid 1866514.
[2025-05-04 19:02:33,282 I 1866396 1866515] (raylet) agent_manager.cc:80: Agent process with name dashboard_agent/424238335 exited, exit code 0.
[2025-05-04 19:02:33,282 I 1866396 1866396] (raylet) agent_manager.cc:113: Killing agent runtime_env_agent, pid 1866516.
[2025-05-04 19:02:33,289 I 1866396 1866517] (raylet) agent_manager.cc:80: Agent process with name runtime_env_agent exited, exit code 0.
[2025-05-04 19:02:33,289 I 1866396 1866396] (raylet) io_service_pool.cc:47: IOServicePool is stopped.
[2025-05-04 19:02:33,391 I 1866396 1866396] (raylet) stats.h:120: Stats module has shutdown.
