[2025-04-26 15:02:51,709 I 3014206 3014206] (gcs_server) gcs_server_main.cc:95: Ray cluster metadata ray_version=2.43.0 ray_commit=ecdcdc6a6e63dc4bcd6ea16aae256ce4d32a7e2c
[2025-04-26 15:02:51,710 I 3014206 3014206] (gcs_server) io_service_pool.cc:35: IOServicePool is running with 1 io_service.
[2025-04-26 15:02:51,717 I 3014206 3014206] (gcs_server) event.cc:500: Ray Event initialized for GCS
[2025-04-26 15:02:51,719 I 3014206 3014206] (gcs_server) event.cc:500: Ray Event initialized for EXPORT_NODE
[2025-04-26 15:02:51,720 I 3014206 3014206] (gcs_server) event.cc:500: Ray Event initialized for EXPORT_ACTOR
[2025-04-26 15:02:51,721 I 3014206 3014206] (gcs_server) event.cc:500: Ray Event initialized for EXPORT_DRIVER_JOB
[2025-04-26 15:02:51,721 I 3014206 3014206] (gcs_server) event.cc:331: Set ray event level to warning
[2025-04-26 15:02:51,721 I 3014206 3014206] (gcs_server) gcs_server.cc:73: GCS storage type is StorageType::IN_MEMORY
[2025-04-26 15:02:51,722 I 3014206 3014206] (gcs_server) gcs_init_data.cc:42: Loading job table data.
[2025-04-26 15:02:51,722 I 3014206 3014206] (gcs_server) gcs_init_data.cc:52: Loading node table data.
[2025-04-26 15:02:51,722 I 3014206 3014206] (gcs_server) gcs_init_data.cc:74: Loading actor table data.
[2025-04-26 15:02:51,722 I 3014206 3014206] (gcs_server) gcs_init_data.cc:85: Loading actor task spec table data.
[2025-04-26 15:02:51,722 I 3014206 3014206] (gcs_server) gcs_init_data.cc:62: Loading placement group table data.
[2025-04-26 15:02:51,722 I 3014206 3014206] (gcs_server) gcs_init_data.cc:46: Finished loading job table data, size = 0
[2025-04-26 15:02:51,722 I 3014206 3014206] (gcs_server) gcs_init_data.cc:56: Finished loading node table data, size = 0
[2025-04-26 15:02:51,722 I 3014206 3014206] (gcs_server) gcs_init_data.cc:79: Finished loading actor table data, size = 0
[2025-04-26 15:02:51,722 I 3014206 3014206] (gcs_server) gcs_init_data.cc:90: Finished loading actor task spec table data, size = 0
[2025-04-26 15:02:51,722 I 3014206 3014206] (gcs_server) gcs_init_data.cc:68: Finished loading placement group table data, size = 0
[2025-04-26 15:02:51,722 I 3014206 3014206] (gcs_server) gcs_server.cc:157: No existing server cluster ID found. Generating new ID: 62f45377b9305d08442c2a44644620f8a1ce36e901347ce9c3fa3ef9
[2025-04-26 15:02:51,722 I 3014206 3014206] (gcs_server) gcs_server.cc:672: Autoscaler V2 enabled: 0
[2025-04-26 15:02:51,724 I 3014206 3014206] (gcs_server) grpc_server.cc:135: GcsServer server started, listening on port 45790.
[2025-04-26 15:02:51,815 I 3014206 3014206] (gcs_server) gcs_server.cc:245: Gcs Debug state:

GcsNodeManager: 
- RegisterNode request count: 0
- DrainNode request count: 0
- GetAllNodeInfo request count: 0

GcsActorManager: 
- RegisterActor request count: 0
- CreateActor request count: 0
- GetActorInfo request count: 0
- GetNamedActorInfo request count: 0
- GetAllActorInfo request count: 0
- KillActor request count: 0
- ListNamedActors request count: 0
- Registered actors count: 0
- Destroyed actors count: 0
- Named actors count: 0
- Unresolved actors count: 0
- Pending actors count: 0
- Created actors count: 0
- owners_: 0
- actor_to_register_callbacks_: 0
- actor_to_restart_callbacks_: 0
- actor_to_create_callbacks_: 0
- sorted_destroyed_actor_list_: 0

GcsResourceManager: 
- GetAllAvailableResources request count: 0
- GetAllTotalResources request count: 0
- GetAllResourceUsage request count: 0

GcsPlacementGroupManager: 
- CreatePlacementGroup request count: 0
- RemovePlacementGroup request count: 0
- GetPlacementGroup request count: 0
- GetAllPlacementGroup request count: 0
- WaitPlacementGroupUntilReady request count: 0
- GetNamedPlacementGroup request count: 0
- Scheduling pending placement group count: 0
- Registered placement groups count: 0
- Named placement group count: 0
- Pending placement groups count: 0
- Infeasible placement groups count: 0

Publisher:

[runtime env manager] ID to URIs table:
[runtime env manager] URIs reference table:

GcsTaskManager: 
-Total num task events reported: 0
-Total num status task events dropped: 0
-Total num profile events dropped: 0
-Current num of task events stored: 0
-Total num of actor creation tasks: 0
-Total num of actor tasks: 0
-Total num of normal tasks: 0
-Total num of driver tasks: 0

GcsAutoscalerStateManager: 
- last_seen_autoscaler_state_version_: 0
- last_cluster_resource_state_version_: 0
- pending demands:



[2025-04-26 15:02:51,815 I 3014206 3014206] (gcs_server) gcs_server.cc:870: Main service Event stats:


Global stats: 26 total (6 active)
Queueing time: mean = 32.353 ms, max = 92.348 ms, min = 73.000 ns, total = 841.184 ms
Execution time:  mean = 7.109 ms, total = 184.837 ms
Event stats:
	GcsInMemoryStore.Put - 8 total (0 active), Execution time: mean = 11.547 ms, total = 92.374 ms, Queueing time: mean = 80.466 ms, max = 92.112 ms, min = 2.386 us, total = 643.732 ms
	GcsInMemoryStore.GetAll - 5 total (0 active), Execution time: mean = 7.310 us, total = 36.550 us, Queueing time: mean = 25.136 us, max = 27.330 us, min = 22.830 us, total = 125.682 us
	PeriodicalRunner.RunFnPeriodically - 4 total (2 active, 1 running), Execution time: mean = 2.708 us, total = 10.832 us, Queueing time: mean = 46.159 ms, max = 92.348 ms, min = 92.290 ms, total = 184.638 ms
	event_loop_lag_probe - 2 total (0 active), Execution time: mean = 8.384 us, total = 16.768 us, Queueing time: mean = 6.335 ms, max = 12.625 ms, min = 44.575 us, total = 12.669 ms
	GcsInitData::AsyncLoad - 1 total (0 active), Execution time: mean = 14.341 us, total = 14.341 us, Queueing time: mean = 462.000 ns, max = 462.000 ns, min = 462.000 ns, total = 462.000 ns
	NodeInfoGcsService.grpc_server.GetClusterId - 1 total (1 active), Execution time: mean = 0.000 s, total = 0.000 s, Queueing time: mean = 0.000 s, max = -0.000 s, min = 9223372036.855 s, total = 0.000 s
	GcsServer.GetOrGenerateClusterId.continuation - 1 total (0 active), Execution time: mean = 92.359 ms, total = 92.359 ms, Queueing time: mean = 73.000 ns, max = 73.000 ns, min = 73.000 ns, total = 73.000 ns
	ClusterResourceManager.ResetRemoteNodeView - 1 total (1 active), Execution time: mean = 0.000 s, total = 0.000 s, Queueing time: mean = 0.000 s, max = -0.000 s, min = 9223372036.855 s, total = 0.000 s
	GcsInMemoryStore.Get - 1 total (0 active), Execution time: mean = 25.966 us, total = 25.966 us, Queueing time: mean = 18.874 us, max = 18.874 us, min = 18.874 us, total = 18.874 us
	RayletLoadPulled - 1 total (1 active), Execution time: mean = 0.000 s, total = 0.000 s, Queueing time: mean = 0.000 s, max = -0.000 s, min = 9223372036.855 s, total = 0.000 s
	NodeInfoGcsService.grpc_server.GetClusterId.HandleRequestImpl - 1 total (1 active), Execution time: mean = 0.000 s, total = 0.000 s, Queueing time: mean = 0.000 s, max = -0.000 s, min = 9223372036.855 s, total = 0.000 s


[2025-04-26 15:02:51,815 I 3014206 3014206] (gcs_server) gcs_server.cc:874: task_io_context Event stats:


Global stats: 4 total (1 active)
Queueing time: mean = 68.845 us, max = 240.030 us, min = 15.809 us, total = 275.381 us
Execution time:  mean = 42.542 us, total = 170.169 us
Event stats:
	event_loop_lag_probe - 2 total (0 active), Execution time: mean = 81.999 us, total = 163.998 us, Queueing time: mean = 129.786 us, max = 240.030 us, min = 19.542 us, total = 259.572 us
	GcsTaskManager.GcJobSummary - 1 total (1 active), Execution time: mean = 0.000 s, total = 0.000 s, Queueing time: mean = 0.000 s, max = -0.000 s, min = 9223372036.855 s, total = 0.000 s
	PeriodicalRunner.RunFnPeriodically - 1 total (0 active), Execution time: mean = 6.171 us, total = 6.171 us, Queueing time: mean = 15.809 us, max = 15.809 us, min = 15.809 us, total = 15.809 us


[2025-04-26 15:02:51,815 I 3014206 3014206] (gcs_server) gcs_server.cc:874: pubsub_io_context Event stats:


Global stats: 4 total (1 active)
Queueing time: mean = 211.084 us, max = 768.862 us, min = 31.135 us, total = 844.338 us
Execution time:  mean = 80.478 us, total = 321.913 us
Event stats:
	event_loop_lag_probe - 2 total (0 active), Execution time: mean = 152.274 us, total = 304.548 us, Queueing time: mean = 406.601 us, max = 768.862 us, min = 44.341 us, total = 813.203 us
	Publisher.CheckDeadSubscribers - 1 total (1 active), Execution time: mean = 0.000 s, total = 0.000 s, Queueing time: mean = 0.000 s, max = -0.000 s, min = 9223372036.855 s, total = 0.000 s
	PeriodicalRunner.RunFnPeriodically - 1 total (0 active), Execution time: mean = 17.365 us, total = 17.365 us, Queueing time: mean = 31.135 us, max = 31.135 us, min = 31.135 us, total = 31.135 us


[2025-04-26 15:02:51,815 I 3014206 3014206] (gcs_server) gcs_server.cc:874: ray_syncer_io_context Event stats:


Global stats: 4 total (0 active)
Queueing time: mean = 157.547 us, max = 538.068 us, min = 20.992 us, total = 630.187 us
Execution time:  mean = 79.713 us, total = 318.851 us
Event stats:
	RaySyncerRegister - 2 total (0 active), Execution time: mean = 1.141 us, total = 2.282 us, Queueing time: mean = 22.899 us, max = 24.807 us, min = 20.992 us, total = 45.799 us
	event_loop_lag_probe - 2 total (0 active), Execution time: mean = 158.285 us, total = 316.569 us, Queueing time: mean = 292.194 us, max = 538.068 us, min = 46.320 us, total = 584.388 us


[2025-04-26 15:02:54,466 I 3014206 3014206] (gcs_server) gcs_node_manager.cc:88: Registering node info, address = 10.153.51.195, node name = 10.153.51.195 node_id=a427485e8a13a90ae47b977b70109a7f552931e83f5f658eec7e8cac
[2025-04-26 15:02:54,466 I 3014206 3014206] (gcs_server) gcs_node_manager.cc:94: Finished registering node info, address = 10.153.51.195, node name = 10.153.51.195, is_head_node = 1 node_id=a427485e8a13a90ae47b977b70109a7f552931e83f5f658eec7e8cac
[2025-04-26 15:02:54,466 I 3014206 3014206] (gcs_server) gcs_placement_group_manager.cc:830: A new node: a427485e8a13a90ae47b977b70109a7f552931e83f5f658eec7e8cac registered, will try to reschedule all the infeasible placement groups.
[2025-04-26 15:02:54,473 I 3014206 3014279] (gcs_server) ray_syncer.cc:244: Get connection node_id=a427485e8a13a90ae47b977b70109a7f552931e83f5f658eec7e8cac
[2025-04-26 15:02:55,551 I 3014206 3014206] (gcs_server) gcs_job_manager.cc:90: Adding job, job id = 01000000, driver pid = 3014012
[2025-04-26 15:02:55,551 I 3014206 3014206] (gcs_server) gcs_job_manager.cc:111: Finished adding job, job id = 01000000, driver pid = 3014012
[2025-04-26 15:02:55,575 I 3014206 3014206] (gcs_server) gcs_actor_manager.cc:396: Registering actor job_id=01000000 actor_id=91afc9cc3413d0e593aa571a01000000
[2025-04-26 15:02:55,576 I 3014206 3014206] (gcs_server) gcs_actor_manager.cc:401: Registered actor, job id = 01000000, actor id = 91afc9cc3413d0e593aa571a01000000
[2025-04-26 15:02:55,576 I 3014206 3014206] (gcs_server) gcs_actor_manager.cc:482: Creating actor job_id=01000000 actor_id=91afc9cc3413d0e593aa571a01000000
[2025-04-26 15:02:55,576 I 3014206 3014206] (gcs_server) gcs_actor_scheduler.cc:313: Start leasing worker from node a427485e8a13a90ae47b977b70109a7f552931e83f5f658eec7e8cac for actor 91afc9cc3413d0e593aa571a01000000, job id = 01000000
[2025-04-26 15:02:56,764 I 3014206 3014206] (gcs_server) gcs_actor_scheduler.cc:634: Finished leasing worker from a427485e8a13a90ae47b977b70109a7f552931e83f5f658eec7e8cac for actor 91afc9cc3413d0e593aa571a01000000, job id = 01000000
[2025-04-26 15:02:56,764 I 3014206 3014206] (gcs_server) gcs_actor_scheduler.cc:449: Start creating actor 91afc9cc3413d0e593aa571a01000000 on worker a43348b7d09c355666fecf9e37f70b6a661103ccae748f6876fb59a8 at node a427485e8a13a90ae47b977b70109a7f552931e83f5f658eec7e8cac, job id = 01000000
[2025-04-26 15:03:05,675 I 3014206 3014206] (gcs_server) gcs_actor_scheduler.cc:486: Finished actor creation task for actor 91afc9cc3413d0e593aa571a01000000 on worker a43348b7d09c355666fecf9e37f70b6a661103ccae748f6876fb59a8 at node a427485e8a13a90ae47b977b70109a7f552931e83f5f658eec7e8cac, job id = 01000000
[2025-04-26 15:03:05,675 I 3014206 3014206] (gcs_server) gcs_actor_manager.cc:1543: Actor created successfully job_id=01000000 actor_id=91afc9cc3413d0e593aa571a01000000
[2025-04-26 15:03:05,676 I 3014206 3014206] (gcs_server) gcs_actor_manager.cc:497: Finished creating actor. Status: OK job_id=01000000 actor_id=91afc9cc3413d0e593aa571a01000000
[2025-04-26 15:03:39,279 I 3014206 3014206] (gcs_server) gcs_actor_manager.cc:1029: Destroying actor job_id=01000000 actor_id=91afc9cc3413d0e593aa571a01000000
[2025-04-26 15:03:39,281 I 3014206 3014206] (gcs_server) gcs_actor_manager.cc:1008: Actor 91afc9cc3413d0e593aa571a01000000 has no references, destroying actor, job id = 01000000
[2025-04-26 15:03:39,822 I 3014206 3014206] (gcs_server) gcs_job_manager.cc:149: Finished marking job state, job id = 01000000
[2025-04-26 15:03:39,871 I 3014206 3014206] (gcs_server) gcs_node_manager.cc:382: Removing node, node name = 10.153.51.195, death reason = EXPECTED_TERMINATION, death message = received SIGTERM node_id=a427485e8a13a90ae47b977b70109a7f552931e83f5f658eec7e8cac
[2025-04-26 15:03:39,871 I 3014206 3014206] (gcs_server) gcs_placement_group_manager.cc:800: Node failed, rescheduling the placement groups on the dead node. node_id=a427485e8a13a90ae47b977b70109a7f552931e83f5f658eec7e8cac
[2025-04-26 15:03:39,871 I 3014206 3014206] (gcs_server) gcs_actor_manager.cc:1282: Node failed, reconstructing actors. node_id=a427485e8a13a90ae47b977b70109a7f552931e83f5f658eec7e8cac
[2025-04-26 15:03:39,871 I 3014206 3014206] (gcs_server) gcs_job_manager.cc:467: Node failed, mark all jobs from this node as finished node_id=a427485e8a13a90ae47b977b70109a7f552931e83f5f658eec7e8cac
[2025-04-26 15:03:40,054 I 3014206 3014255] (gcs_server) ray_syncer_bidi_reactor_base.h:182: Failed to read the message from: a427485e8a13a90ae47b977b70109a7f552931e83f5f658eec7e8cac
[2025-04-26 15:03:40,054 I 3014206 3014255] (gcs_server) ray_syncer.cc:241: Connection is broken. node_id=a427485e8a13a90ae47b977b70109a7f552931e83f5f658eec7e8cac
[2025-04-26 15:03:40,085 I 3014206 3014206] (gcs_server) gcs_server_main.cc:175: GCS server received SIGTERM, shutting down...
[2025-04-26 15:03:40,086 I 3014206 3014206] (gcs_server) gcs_server.cc:267: Stopping GCS server.
[2025-04-26 15:03:40,124 I 3014206 3014206] (gcs_server) gcs_server.cc:284: GCS server stopped.
[2025-04-26 15:03:40,124 I 3014206 3014206] (gcs_server) io_service_pool.cc:47: IOServicePool is stopped.
[2025-04-26 15:03:40,165 I 3014206 3014206] (gcs_server) stats.h:120: Stats module has shutdown.
