[2025-04-26 15:02:53,436 I 3014416 3014416] (raylet) main.cc:226: Setting cluster ID to: 62f45377b9305d08442c2a44644620f8a1ce36e901347ce9c3fa3ef9
[2025-04-26 15:02:53,444 I 3014416 3014416] (raylet) main.cc:341: Raylet is not set to kill unknown children.
[2025-04-26 15:02:53,444 I 3014416 3014416] (raylet) io_service_pool.cc:35: IOServicePool is running with 1 io_service.
[2025-04-26 15:02:53,444 I 3014416 3014416] (raylet) main.cc:471: Setting node ID node_id=a427485e8a13a90ae47b977b70109a7f552931e83f5f658eec7e8cac
[2025-04-26 15:02:53,445 I 3014416 3014416] (raylet) store_runner.cc:33: Allowing the Plasma store to use up to 36.3117GB of memory.
[2025-04-26 15:02:53,445 I 3014416 3014416] (raylet) store_runner.cc:49: Starting object store with directory /dev/shm, fallback /home/stud/wxie/EasyR1/ray, and huge page support disabled
[2025-04-26 15:02:53,445 I 3014416 3014444] (raylet) dlmalloc.cc:154: create_and_mmap_buffer(36311662600, /dev/shm/plasmaXXXXXX)
[2025-04-26 15:02:53,448 I 3014416 3014444] (raylet) store.cc:564: Plasma store debug dump: 
Current usage: 0 / 36.3117 GB
- num bytes created total: 0
0 pending objects of total size 0MB
- objects spillable: 0
- bytes spillable: 0
- objects unsealed: 0
- bytes unsealed: 0
- objects in use: 0
- bytes in use: 0
- objects evictable: 0
- bytes evictable: 0

- objects created by worker: 0
- bytes created by worker: 0
- objects restored: 0
- bytes restored: 0
- objects received: 0
- bytes received: 0
- objects errored: 0
- bytes errored: 0

[2025-04-26 15:02:54,450 I 3014416 3014416] (raylet) grpc_server.cc:135: ObjectManager server started, listening on port 40811.
[2025-04-26 15:02:54,453 I 3014416 3014416] (raylet) worker_killing_policy.cc:101: Running GroupByOwner policy.
[2025-04-26 15:02:54,453 W 3014416 3014416] (raylet) memory_monitor.cc:198: Got negative used memory for cgroup -1, setting it to zero
[2025-04-26 15:02:54,453 I 3014416 3014416] (raylet) memory_monitor.cc:48: MemoryMonitor initialized with usage threshold at 128114286592 bytes (0.95 system memory), total system memory bytes: 134857150464
[2025-04-26 15:02:54,453 I 3014416 3014416] (raylet) node_manager.cc:295: Initializing NodeManager node_id=a427485e8a13a90ae47b977b70109a7f552931e83f5f658eec7e8cac
[2025-04-26 15:02:54,453 I 3014416 3014416] (raylet) grpc_server.cc:135: NodeManager server started, listening on port 34777.
[2025-04-26 15:02:54,463 I 3014416 3014521] (raylet) agent_manager.cc:78: Monitor agent process with name dashboard_agent/424238335
[2025-04-26 15:02:54,463 I 3014416 3014523] (raylet) agent_manager.cc:78: Monitor agent process with name runtime_env_agent
[2025-04-26 15:02:54,465 I 3014416 3014416] (raylet) event.cc:500: Ray Event initialized for RAYLET
[2025-04-26 15:02:54,465 I 3014416 3014416] (raylet) event.cc:331: Set ray event level to warning
[2025-04-26 15:02:54,467 I 3014416 3014416] (raylet) raylet.cc:134: Raylet of id, a427485e8a13a90ae47b977b70109a7f552931e83f5f658eec7e8cac started. Raylet consists of node_manager and object_manager. node_manager address: 10.153.51.195:34777 object_manager address: 10.153.51.195:40811 hostname: marajo
[2025-04-26 15:02:54,471 I 3014416 3014416] (raylet) node_manager.cc:532: [state-dump] NodeManager:
[state-dump] Node ID: a427485e8a13a90ae47b977b70109a7f552931e83f5f658eec7e8cac
[state-dump] Node name: 10.153.51.195
[state-dump] InitialConfigResources: {memory: 747271936000000, accelerator_type:H100: 10000, object_store_memory: 363116544000000, node:10.153.51.195: 10000, GPU: 10000, CPU: 320000, node:__internal_head__: 10000}
[state-dump] ClusterTaskManager:
[state-dump] ========== Node: a427485e8a13a90ae47b977b70109a7f552931e83f5f658eec7e8cac =================
[state-dump] Infeasible queue length: 0
[state-dump] Schedule queue length: 0
[state-dump] Dispatch queue length: 0
[state-dump] num_waiting_for_resource: 0
[state-dump] num_waiting_for_plasma_memory: 0
[state-dump] num_waiting_for_remote_node_resources: 0
[state-dump] num_worker_not_started_by_job_config_not_exist: 0
[state-dump] num_worker_not_started_by_registration_timeout: 0
[state-dump] num_tasks_waiting_for_workers: 0
[state-dump] num_cancelled_tasks: 0
[state-dump] cluster_resource_scheduler state: 
[state-dump] Local id: 8001498402043173525 Local resources: {"total":{accelerator_type:H100: [10000], memory: [747271936000000], node:10.153.51.195: [10000], object_store_memory: [363116544000000], CPU: [320000], node:__internal_head__: [10000], GPU: [10000]}}, "available": {accelerator_type:H100: [10000], memory: [747271936000000], node:10.153.51.195: [10000], object_store_memory: [363116544000000], CPU: [320000], node:__internal_head__: [10000], GPU: [10000]}}, "labels":{"ray.io/node_id":"a427485e8a13a90ae47b977b70109a7f552931e83f5f658eec7e8cac",} is_draining: 0 is_idle: 1 Cluster resources: node id: 8001498402043173525{"total":{memory: 747271936000000, accelerator_type:H100: 10000, object_store_memory: 363116544000000, node:10.153.51.195: 10000, node:__internal_head__: 10000, GPU: 10000, CPU: 320000}}, "available": {memory: 747271936000000, accelerator_type:H100: 10000, object_store_memory: 363116544000000, node:10.153.51.195: 10000, node:__internal_head__: 10000, GPU: 10000, CPU: 320000}}, "labels":{"ray.io/node_id":"a427485e8a13a90ae47b977b70109a7f552931e83f5f658eec7e8cac",}, "is_draining": 0, "draining_deadline_timestamp_ms": -1} { "placment group locations": [], "node to bundles": []}
[state-dump] Waiting tasks size: 0
[state-dump] Number of executing tasks: 0
[state-dump] Number of pinned task arguments: 0
[state-dump] Number of total spilled tasks: 0
[state-dump] Number of spilled waiting tasks: 0
[state-dump] Number of spilled unschedulable tasks: 0
[state-dump] Resource usage {
[state-dump] }
[state-dump] Backlog Size per scheduling descriptor :{workerId: num backlogs}:
[state-dump] 
[state-dump] Running tasks by scheduling class:
[state-dump] ==================================================
[state-dump] 
[state-dump] ClusterResources:
[state-dump] LocalObjectManager:
[state-dump] - num pinned objects: 0
[state-dump] - pinned objects size: 0
[state-dump] - num objects pending restore: 0
[state-dump] - num objects pending spill: 0
[state-dump] - num bytes pending spill: 0
[state-dump] - num bytes currently spilled: 0
[state-dump] - cumulative spill requests: 0
[state-dump] - cumulative restore requests: 0
[state-dump] - spilled objects pending delete: 0
[state-dump] 
[state-dump] ObjectManager:
[state-dump] - num local objects: 0
[state-dump] - num unfulfilled push requests: 0
[state-dump] - num object pull requests: 0
[state-dump] - num chunks received total: 0
[state-dump] - num chunks received failed (all): 0
[state-dump] - num chunks received failed / cancelled: 0
[state-dump] - num chunks received failed / plasma error: 0
[state-dump] Event stats:
[state-dump] Global stats: 0 total (0 active)
[state-dump] Queueing time: mean = -nan s, max = -0.000 s, min = 9223372036.855 s, total = 0.000 s
[state-dump] Execution time:  mean = -nan s, total = 0.000 s
[state-dump] Event stats:
[state-dump] PushManager:
[state-dump] - num pushes in flight: 0
[state-dump] - num chunks in flight: 0
[state-dump] - num chunks remaining: 0
[state-dump] - max chunks allowed: 409
[state-dump] OwnershipBasedObjectDirectory:
[state-dump] - num listeners: 0
[state-dump] - cumulative location updates: 0
[state-dump] - num location updates per second: 43536336237810664.000
[state-dump] - num location lookups per second: 43536336237802664.000
[state-dump] - num locations added per second: 0.000
[state-dump] - num locations removed per second: 0.000
[state-dump] BufferPool:
[state-dump] - create buffer state map size: 0
[state-dump] PullManager:
[state-dump] - num bytes available for pulled objects: 36311654400
[state-dump] - num bytes being pulled (all): 0
[state-dump] - num bytes being pulled / pinned: 0
[state-dump] - get request bundles: BundlePullRequestQueue{0 total, 0 active, 0 inactive, 0 unpullable}
[state-dump] - wait request bundles: BundlePullRequestQueue{0 total, 0 active, 0 inactive, 0 unpullable}
[state-dump] - task request bundles: BundlePullRequestQueue{0 total, 0 active, 0 inactive, 0 unpullable}
[state-dump] - first get request bundle: N/A
[state-dump] - first wait request bundle: N/A
[state-dump] - first task request bundle: N/A
[state-dump] - num objects queued: 0
[state-dump] - num objects actively pulled (all): 0
[state-dump] - num objects actively pulled / pinned: 0
[state-dump] - num bundles being pulled: 0
[state-dump] - num pull retries: 0
[state-dump] - max timeout seconds: 0
[state-dump] - max timeout request is already processed. No entry.
[state-dump] 
[state-dump] WorkerPool:
[state-dump] - registered jobs: 0
[state-dump] - process_failed_job_config_missing: 0
[state-dump] - process_failed_rate_limited: 0
[state-dump] - process_failed_pending_registration: 0
[state-dump] - process_failed_runtime_env_setup_failed: 0
[state-dump] - num JAVA workers: 0
[state-dump] - num JAVA drivers: 0
[state-dump] - num JAVA pending start requests: 0
[state-dump] - num JAVA pending registration requests: 0
[state-dump] - num object spill callbacks queued: 0
[state-dump] - num object restore queued: 0
[state-dump] - num util functions queued: 0
[state-dump] - num PYTHON workers: 0
[state-dump] - num PYTHON drivers: 0
[state-dump] - num PYTHON pending start requests: 0
[state-dump] - num PYTHON pending registration requests: 0
[state-dump] - num object spill callbacks queued: 0
[state-dump] - num object restore queued: 0
[state-dump] - num util functions queued: 0
[state-dump] - num idle workers: 0
[state-dump] TaskDependencyManager:
[state-dump] - task deps map size: 0
[state-dump] - get req map size: 0
[state-dump] - wait req map size: 0
[state-dump] - local objects map size: 0
[state-dump] WaitManager:
[state-dump] - num active wait requests: 0
[state-dump] Subscriber:
[state-dump] Channel WORKER_REF_REMOVED_CHANNEL
[state-dump] - cumulative subscribe requests: 0
[state-dump] - cumulative unsubscribe requests: 0
[state-dump] - active subscribed publishers: 0
[state-dump] - cumulative published messages: 0
[state-dump] - cumulative processed messages: 0
[state-dump] Channel WORKER_OBJECT_LOCATIONS_CHANNEL
[state-dump] - cumulative subscribe requests: 0
[state-dump] - cumulative unsubscribe requests: 0
[state-dump] - active subscribed publishers: 0
[state-dump] - cumulative published messages: 0
[state-dump] - cumulative processed messages: 0
[state-dump] Channel WORKER_OBJECT_EVICTION
[state-dump] - cumulative subscribe requests: 0
[state-dump] - cumulative unsubscribe requests: 0
[state-dump] - active subscribed publishers: 0
[state-dump] - cumulative published messages: 0
[state-dump] - cumulative processed messages: 0
[state-dump] num async plasma notifications: 0
[state-dump] Remote node managers: 
[state-dump] Event stats:
[state-dump] Global stats: 28 total (13 active)
[state-dump] Queueing time: mean = 1.863 ms, max = 12.588 ms, min = 18.368 us, total = 52.153 ms
[state-dump] Execution time:  mean = 36.798 ms, total = 1.030 s
[state-dump] Event stats:
[state-dump] 	PeriodicalRunner.RunFnPeriodically - 11 total (2 active, 1 running), Execution time: mean = 333.317 us, total = 3.666 ms, Queueing time: mean = 4.735 ms, max = 12.588 ms, min = 18.368 us, total = 52.084 ms
[state-dump] 	ray::rpc::InternalPubSubGcsService.grpc_client.GcsSubscriberCommandBatch - 1 total (0 active), Execution time: mean = 1.436 ms, total = 1.436 ms, Queueing time: mean = 0.000 s, max = -0.000 s, min = 9223372036.855 s, total = 0.000 s
[state-dump] 	NodeManager.deadline_timer.spill_objects_when_over_threshold - 1 total (1 active), Execution time: mean = 0.000 s, total = 0.000 s, Queueing time: mean = 0.000 s, max = -0.000 s, min = 9223372036.855 s, total = 0.000 s
[state-dump] 	NodeManager.deadline_timer.flush_free_objects - 1 total (1 active), Execution time: mean = 0.000 s, total = 0.000 s, Queueing time: mean = 0.000 s, max = -0.000 s, min = 9223372036.855 s, total = 0.000 s
[state-dump] 	NodeManager.deadline_timer.debug_state_dump - 1 total (1 active), Execution time: mean = 0.000 s, total = 0.000 s, Queueing time: mean = 0.000 s, max = -0.000 s, min = 9223372036.855 s, total = 0.000 s
[state-dump] 	ObjectManager.UpdateAvailableMemory - 1 total (0 active), Execution time: mean = 3.876 us, total = 3.876 us, Queueing time: mean = 19.474 us, max = 19.474 us, min = 19.474 us, total = 19.474 us
[state-dump] 	ClusterResourceManager.ResetRemoteNodeView - 1 total (1 active), Execution time: mean = 0.000 s, total = 0.000 s, Queueing time: mean = 0.000 s, max = -0.000 s, min = 9223372036.855 s, total = 0.000 s
[state-dump] 	MemoryMonitor.CheckIsMemoryUsageAboveThreshold - 1 total (1 active), Execution time: mean = 0.000 s, total = 0.000 s, Queueing time: mean = 0.000 s, max = -0.000 s, min = 9223372036.855 s, total = 0.000 s
[state-dump] 	ray::rpc::InternalKVGcsService.grpc_client.GetInternalConfig.OnReplyReceived - 1 total (0 active), Execution time: mean = 1.022 s, total = 1.022 s, Queueing time: mean = 22.349 us, max = 22.349 us, min = 22.349 us, total = 22.349 us
[state-dump] 	NodeManager.ScheduleAndDispatchTasks - 1 total (1 active), Execution time: mean = 0.000 s, total = 0.000 s, Queueing time: mean = 0.000 s, max = -0.000 s, min = 9223372036.855 s, total = 0.000 s
[state-dump] 	ray::rpc::InternalPubSubGcsService.grpc_client.GcsSubscriberPoll - 1 total (1 active), Execution time: mean = 0.000 s, total = 0.000 s, Queueing time: mean = 0.000 s, max = -0.000 s, min = 9223372036.855 s, total = 0.000 s
[state-dump] 	ray::rpc::NodeInfoGcsService.grpc_client.RegisterNode.OnReplyReceived - 1 total (0 active), Execution time: mean = 223.462 us, total = 223.462 us, Queueing time: mean = 26.488 us, max = 26.488 us, min = 26.488 us, total = 26.488 us
[state-dump] 	NodeManager.deadline_timer.record_metrics - 1 total (1 active), Execution time: mean = 0.000 s, total = 0.000 s, Queueing time: mean = 0.000 s, max = -0.000 s, min = 9223372036.855 s, total = 0.000 s
[state-dump] 	ray::rpc::NodeInfoGcsService.grpc_client.RegisterNode - 1 total (0 active), Execution time: mean = 1.728 ms, total = 1.728 ms, Queueing time: mean = 0.000 s, max = -0.000 s, min = 9223372036.855 s, total = 0.000 s
[state-dump] 	RayletWorkerPool.deadline_timer.kill_idle_workers - 1 total (1 active), Execution time: mean = 0.000 s, total = 0.000 s, Queueing time: mean = 0.000 s, max = -0.000 s, min = 9223372036.855 s, total = 0.000 s
[state-dump] 	ray::rpc::InternalKVGcsService.grpc_client.GetInternalConfig - 1 total (0 active), Execution time: mean = 1.637 ms, total = 1.637 ms, Queueing time: mean = 0.000 s, max = -0.000 s, min = 9223372036.855 s, total = 0.000 s
[state-dump] 	ray::rpc::InternalPubSubGcsService.grpc_client.GcsSubscriberCommandBatch.OnReplyReceived - 1 total (1 active), Execution time: mean = 0.000 s, total = 0.000 s, Queueing time: mean = 0.000 s, max = -0.000 s, min = 9223372036.855 s, total = 0.000 s
[state-dump] 	NodeManager.GCTaskFailureReason - 1 total (1 active), Execution time: mean = 0.000 s, total = 0.000 s, Queueing time: mean = 0.000 s, max = -0.000 s, min = 9223372036.855 s, total = 0.000 s
[state-dump] DebugString() time ms: 0
[state-dump] 
[state-dump] 
[2025-04-26 15:02:54,472 I 3014416 3014416] (raylet) accessor.cc:777: Received notification for node, IsAlive = 1 node_id=a427485e8a13a90ae47b977b70109a7f552931e83f5f658eec7e8cac
[2025-04-26 15:02:54,509 I 3014416 3014416] (raylet) worker_pool.cc:729: [Eagerly] Start install runtime environment for job 01000000.
[2025-04-26 15:02:54,512 I 3014416 3014416] (raylet) worker_pool.cc:522: Started worker process with pid 3014545, the token is 0
[2025-04-26 15:02:54,515 I 3014416 3014416] (raylet) worker_pool.cc:522: Started worker process with pid 3014546, the token is 1
[2025-04-26 15:02:54,519 I 3014416 3014416] (raylet) worker_pool.cc:522: Started worker process with pid 3014547, the token is 2
[2025-04-26 15:02:54,522 I 3014416 3014416] (raylet) worker_pool.cc:522: Started worker process with pid 3014548, the token is 3
[2025-04-26 15:02:54,526 I 3014416 3014416] (raylet) worker_pool.cc:522: Started worker process with pid 3014549, the token is 4
[2025-04-26 15:02:54,529 I 3014416 3014416] (raylet) worker_pool.cc:522: Started worker process with pid 3014550, the token is 5
[2025-04-26 15:02:54,531 I 3014416 3014416] (raylet) worker_pool.cc:522: Started worker process with pid 3014551, the token is 6
[2025-04-26 15:02:54,535 I 3014416 3014416] (raylet) worker_pool.cc:522: Started worker process with pid 3014552, the token is 7
[2025-04-26 15:02:54,539 I 3014416 3014416] (raylet) worker_pool.cc:522: Started worker process with pid 3014553, the token is 8
[2025-04-26 15:02:54,542 I 3014416 3014416] (raylet) worker_pool.cc:522: Started worker process with pid 3014554, the token is 9
[2025-04-26 15:02:54,545 I 3014416 3014416] (raylet) worker_pool.cc:522: Started worker process with pid 3014555, the token is 10
[2025-04-26 15:02:54,549 I 3014416 3014416] (raylet) worker_pool.cc:522: Started worker process with pid 3014556, the token is 11
[2025-04-26 15:02:54,552 I 3014416 3014416] (raylet) worker_pool.cc:522: Started worker process with pid 3014557, the token is 12
[2025-04-26 15:02:54,555 I 3014416 3014416] (raylet) worker_pool.cc:522: Started worker process with pid 3014558, the token is 13
[2025-04-26 15:02:54,558 I 3014416 3014416] (raylet) worker_pool.cc:522: Started worker process with pid 3014559, the token is 14
[2025-04-26 15:02:54,561 I 3014416 3014416] (raylet) worker_pool.cc:522: Started worker process with pid 3014560, the token is 15
[2025-04-26 15:02:54,565 I 3014416 3014416] (raylet) worker_pool.cc:522: Started worker process with pid 3014561, the token is 16
[2025-04-26 15:02:54,568 I 3014416 3014416] (raylet) worker_pool.cc:522: Started worker process with pid 3014562, the token is 17
[2025-04-26 15:02:54,571 I 3014416 3014416] (raylet) worker_pool.cc:522: Started worker process with pid 3014563, the token is 18
[2025-04-26 15:02:54,596 I 3014416 3014416] (raylet) worker_pool.cc:522: Started worker process with pid 3014564, the token is 19
[2025-04-26 15:02:54,600 I 3014416 3014416] (raylet) worker_pool.cc:522: Started worker process with pid 3014565, the token is 20
[2025-04-26 15:02:54,604 I 3014416 3014416] (raylet) worker_pool.cc:522: Started worker process with pid 3014566, the token is 21
[2025-04-26 15:02:54,607 I 3014416 3014416] (raylet) worker_pool.cc:522: Started worker process with pid 3014567, the token is 22
[2025-04-26 15:02:54,611 I 3014416 3014416] (raylet) worker_pool.cc:522: Started worker process with pid 3014568, the token is 23
[2025-04-26 15:02:54,614 I 3014416 3014416] (raylet) worker_pool.cc:522: Started worker process with pid 3014569, the token is 24
[2025-04-26 15:02:54,618 I 3014416 3014416] (raylet) worker_pool.cc:522: Started worker process with pid 3014570, the token is 25
[2025-04-26 15:02:54,622 I 3014416 3014416] (raylet) worker_pool.cc:522: Started worker process with pid 3014571, the token is 26
[2025-04-26 15:02:54,626 I 3014416 3014416] (raylet) worker_pool.cc:522: Started worker process with pid 3014572, the token is 27
[2025-04-26 15:02:54,630 I 3014416 3014416] (raylet) worker_pool.cc:522: Started worker process with pid 3014573, the token is 28
[2025-04-26 15:02:54,634 I 3014416 3014416] (raylet) worker_pool.cc:522: Started worker process with pid 3014574, the token is 29
[2025-04-26 15:02:54,638 I 3014416 3014416] (raylet) worker_pool.cc:522: Started worker process with pid 3014575, the token is 30
[2025-04-26 15:02:54,643 I 3014416 3014416] (raylet) worker_pool.cc:522: Started worker process with pid 3014576, the token is 31
[2025-04-26 15:02:54,644 I 3014416 3014416] (raylet) runtime_env_agent_client.cc:340: Runtime Env Agent network error: NotFound: on_connect Connection refused, the server may be still starting or is already failed. Scheduling a retry in 1000ms...
[2025-04-26 15:02:55,286 I 3014416 3014444] (raylet) object_store.cc:35: Object store current usage 8e-09 / 36.3117 GB.
[2025-04-26 15:02:55,551 I 3014416 3014416] (raylet) worker_pool.cc:719: Job 01000000 already started in worker pool.
[2025-04-26 15:02:55,580 I 3014416 3014416] (raylet) runtime_env_agent_client.cc:383: Create runtime env for job 01000000
[2025-04-26 15:02:55,583 I 3014416 3014416] (raylet) worker_pool.cc:522: Started worker process with pid 3016454, the token is 32
[2025-04-26 15:02:55,647 I 3014416 3014416] (raylet) runtime_env_agent_client.cc:383: Create runtime env for job 01000000
[2025-04-26 15:02:55,647 I 3014416 3014416] (raylet) worker_pool.cc:740: [Eagerly] Create runtime env successful for job 01000000.
[2025-04-26 15:02:56,685 I 3014416 3014416] (raylet) node_manager.cc:1549: NodeManager::DisconnectClient, disconnect_type=1, has creation task exception = false
[2025-04-26 15:02:59,471 W 3014416 3014416] (raylet) memory_monitor.cc:198: Got negative used memory for cgroup -1, setting it to zero
[2025-04-26 15:03:04,477 W 3014416 3014416] (raylet) memory_monitor.cc:198: Got negative used memory for cgroup -1, setting it to zero
[2025-04-26 15:03:09,484 W 3014416 3014416] (raylet) memory_monitor.cc:198: Got negative used memory for cgroup -1, setting it to zero
[2025-04-26 15:03:14,490 W 3014416 3014416] (raylet) memory_monitor.cc:198: Got negative used memory for cgroup -1, setting it to zero
[2025-04-26 15:03:19,497 W 3014416 3014416] (raylet) memory_monitor.cc:198: Got negative used memory for cgroup -1, setting it to zero
[2025-04-26 15:03:24,503 W 3014416 3014416] (raylet) memory_monitor.cc:198: Got negative used memory for cgroup -1, setting it to zero
[2025-04-26 15:03:29,509 W 3014416 3014416] (raylet) memory_monitor.cc:198: Got negative used memory for cgroup -1, setting it to zero
[2025-04-26 15:03:34,514 W 3014416 3014416] (raylet) memory_monitor.cc:198: Got negative used memory for cgroup -1, setting it to zero
[2025-04-26 15:03:39,305 I 3014416 3014416] (raylet) node_manager.cc:1549: NodeManager::DisconnectClient, disconnect_type=1, has creation task exception = false
[2025-04-26 15:03:39,521 W 3014416 3014416] (raylet) memory_monitor.cc:198: Got negative used memory for cgroup -1, setting it to zero
[2025-04-26 15:03:39,821 I 3014416 3014416] (raylet) node_manager.cc:1549: NodeManager::DisconnectClient, disconnect_type=3, has creation task exception = false
[2025-04-26 15:03:39,821 I 3014416 3014416] (raylet) node_manager.cc:1654: Driver (pid=3014012) is disconnected. worker_id=01000000ffffffffffffffffffffffffffffffffffffffffffffffff job_id=01000000
[2025-04-26 15:03:39,823 I 3014416 3014416] (raylet) worker_pool.cc:719: Job 01000000 already started in worker pool.
[2025-04-26 15:03:39,870 I 3014416 3014416] (raylet) main.cc:506: received SIGTERM. Existing local drain request = None
[2025-04-26 15:03:39,870 I 3014416 3014416] (raylet) main.cc:307: Raylet graceful shutdown triggered, reason = EXPECTED_TERMINATION, reason message = received SIGTERM
[2025-04-26 15:03:39,870 I 3014416 3014416] (raylet) main.cc:310: Shutting down...
[2025-04-26 15:03:39,870 I 3014416 3014416] (raylet) accessor.cc:511: Unregistering node node_id=a427485e8a13a90ae47b977b70109a7f552931e83f5f658eec7e8cac
[2025-04-26 15:03:39,872 I 3014416 3014416] (raylet) accessor.cc:524: Finished unregistering node info, status = OK node_id=a427485e8a13a90ae47b977b70109a7f552931e83f5f658eec7e8cac
[2025-04-26 15:03:39,876 I 3014416 3014416] (raylet) agent_manager.cc:113: Killing agent dashboard_agent/424238335, pid 3014520.
[2025-04-26 15:03:39,898 I 3014416 3014521] (raylet) agent_manager.cc:80: Agent process with name dashboard_agent/424238335 exited, exit code 0.
[2025-04-26 15:03:39,898 I 3014416 3014416] (raylet) agent_manager.cc:113: Killing agent runtime_env_agent, pid 3014522.
[2025-04-26 15:03:39,909 I 3014416 3014523] (raylet) agent_manager.cc:80: Agent process with name runtime_env_agent exited, exit code 0.
[2025-04-26 15:03:39,909 I 3014416 3014416] (raylet) io_service_pool.cc:47: IOServicePool is stopped.
[2025-04-26 15:03:39,991 I 3014416 3014416] (raylet) stats.h:120: Stats module has shutdown.
