[2025-05-04 15:25:13,840 I 1703802 1703802] (gcs_server) gcs_server_main.cc:95: Ray cluster metadata ray_version=2.43.0 ray_commit=ecdcdc6a6e63dc4bcd6ea16aae256ce4d32a7e2c
[2025-05-04 15:25:13,847 I 1703802 1703802] (gcs_server) io_service_pool.cc:35: IOServicePool is running with 1 io_service.
[2025-05-04 15:25:13,905 I 1703802 1703802] (gcs_server) event.cc:500: Ray Event initialized for GCS
[2025-05-04 15:25:13,908 I 1703802 1703802] (gcs_server) event.cc:500: Ray Event initialized for EXPORT_NODE
[2025-05-04 15:25:13,909 I 1703802 1703802] (gcs_server) event.cc:500: Ray Event initialized for EXPORT_ACTOR
[2025-05-04 15:25:13,910 I 1703802 1703802] (gcs_server) event.cc:500: Ray Event initialized for EXPORT_DRIVER_JOB
[2025-05-04 15:25:13,910 I 1703802 1703802] (gcs_server) event.cc:331: Set ray event level to warning
[2025-05-04 15:25:13,911 I 1703802 1703802] (gcs_server) gcs_server.cc:73: GCS storage type is StorageType::IN_MEMORY
[2025-05-04 15:25:13,916 I 1703802 1703802] (gcs_server) gcs_init_data.cc:42: Loading job table data.
[2025-05-04 15:25:13,917 I 1703802 1703802] (gcs_server) gcs_init_data.cc:52: Loading node table data.
[2025-05-04 15:25:13,917 I 1703802 1703802] (gcs_server) gcs_init_data.cc:74: Loading actor table data.
[2025-05-04 15:25:13,917 I 1703802 1703802] (gcs_server) gcs_init_data.cc:85: Loading actor task spec table data.
[2025-05-04 15:25:13,917 I 1703802 1703802] (gcs_server) gcs_init_data.cc:62: Loading placement group table data.
[2025-05-04 15:25:13,917 I 1703802 1703802] (gcs_server) gcs_init_data.cc:46: Finished loading job table data, size = 0
[2025-05-04 15:25:13,917 I 1703802 1703802] (gcs_server) gcs_init_data.cc:56: Finished loading node table data, size = 0
[2025-05-04 15:25:13,917 I 1703802 1703802] (gcs_server) gcs_init_data.cc:79: Finished loading actor table data, size = 0
[2025-05-04 15:25:13,917 I 1703802 1703802] (gcs_server) gcs_init_data.cc:90: Finished loading actor task spec table data, size = 0
[2025-05-04 15:25:13,917 I 1703802 1703802] (gcs_server) gcs_init_data.cc:68: Finished loading placement group table data, size = 0
[2025-05-04 15:25:13,917 I 1703802 1703802] (gcs_server) gcs_server.cc:157: No existing server cluster ID found. Generating new ID: aabaecbd5c97599d6c1d556c7e58f92666fb4cf4cdd034ae885efb6d
[2025-05-04 15:25:13,924 I 1703802 1703802] (gcs_server) gcs_server.cc:672: Autoscaler V2 enabled: 0
[2025-05-04 15:25:13,928 I 1703802 1703802] (gcs_server) grpc_server.cc:135: GcsServer server started, listening on port 50595.
[2025-05-04 15:25:14,031 I 1703802 1703802] (gcs_server) gcs_server.cc:245: Gcs Debug state:

GcsNodeManager: 
- RegisterNode request count: 0
- DrainNode request count: 0
- GetAllNodeInfo request count: 0

GcsActorManager: 
- RegisterActor request count: 0
- CreateActor request count: 0
- GetActorInfo request count: 0
- GetNamedActorInfo request count: 0
- GetAllActorInfo request count: 0
- KillActor request count: 0
- ListNamedActors request count: 0
- Registered actors count: 0
- Destroyed actors count: 0
- Named actors count: 0
- Unresolved actors count: 0
- Pending actors count: 0
- Created actors count: 0
- owners_: 0
- actor_to_register_callbacks_: 0
- actor_to_restart_callbacks_: 0
- actor_to_create_callbacks_: 0
- sorted_destroyed_actor_list_: 0

GcsResourceManager: 
- GetAllAvailableResources request count: 0
- GetAllTotalResources request count: 0
- GetAllResourceUsage request count: 0

GcsPlacementGroupManager: 
- CreatePlacementGroup request count: 0
- RemovePlacementGroup request count: 0
- GetPlacementGroup request count: 0
- GetAllPlacementGroup request count: 0
- WaitPlacementGroupUntilReady request count: 0
- GetNamedPlacementGroup request count: 0
- Scheduling pending placement group count: 0
- Registered placement groups count: 0
- Named placement group count: 0
- Pending placement groups count: 0
- Infeasible placement groups count: 0

Publisher:

[runtime env manager] ID to URIs table:
[runtime env manager] URIs reference table:

GcsTaskManager: 
-Total num task events reported: 0
-Total num status task events dropped: 0
-Total num profile events dropped: 0
-Current num of task events stored: 0
-Total num of actor creation tasks: 0
-Total num of actor tasks: 0
-Total num of normal tasks: 0
-Total num of driver tasks: 0

GcsAutoscalerStateManager: 
- last_seen_autoscaler_state_version_: 0
- last_cluster_resource_state_version_: 0
- pending demands:



[2025-05-04 15:25:14,031 I 1703802 1703802] (gcs_server) gcs_server.cc:870: Main service Event stats:


Global stats: 24 total (4 active)
Queueing time: mean = 42.872 ms, max = 111.469 ms, min = 55.000 ns, total = 1.029 s
Execution time:  mean = 9.463 ms, total = 227.113 ms
Event stats:
	GcsInMemoryStore.Put - 8 total (0 active), Execution time: mean = 14.153 ms, total = 113.221 ms, Queueing time: mean = 92.201 ms, max = 106.825 ms, min = 2.611 us, total = 737.606 ms
	GcsInMemoryStore.GetAll - 5 total (0 active), Execution time: mean = 8.558 us, total = 42.790 us, Queueing time: mean = 31.373 us, max = 40.157 us, min = 27.748 us, total = 156.863 us
	PeriodicalRunner.RunFnPeriodically - 4 total (2 active, 1 running), Execution time: mean = 5.708 us, total = 22.833 us, Queueing time: mean = 55.140 ms, max = 111.469 ms, min = 109.089 ms, total = 220.558 ms
	event_loop_lag_probe - 2 total (0 active), Execution time: mean = 9.222 us, total = 18.444 us, Queueing time: mean = 35.296 ms, max = 70.541 ms, min = 49.745 us, total = 70.591 ms
	GcsServer.GetOrGenerateClusterId.continuation - 1 total (0 active), Execution time: mean = 113.193 ms, total = 113.193 ms, Queueing time: mean = 55.000 ns, max = 55.000 ns, min = 55.000 ns, total = 55.000 ns
	GcsInitData::AsyncLoad - 1 total (0 active), Execution time: mean = 19.481 us, total = 19.481 us, Queueing time: mean = 408.000 ns, max = 408.000 ns, min = 408.000 ns, total = 408.000 ns
	GcsInMemoryStore.Get - 1 total (0 active), Execution time: mean = 595.915 us, total = 595.915 us, Queueing time: mean = 19.759 us, max = 19.759 us, min = 19.759 us, total = 19.759 us
	ClusterResourceManager.ResetRemoteNodeView - 1 total (1 active), Execution time: mean = 0.000 s, total = 0.000 s, Queueing time: mean = 0.000 s, max = -0.000 s, min = 9223372036.855 s, total = 0.000 s
	RayletLoadPulled - 1 total (1 active), Execution time: mean = 0.000 s, total = 0.000 s, Queueing time: mean = 0.000 s, max = -0.000 s, min = 9223372036.855 s, total = 0.000 s


[2025-05-04 15:25:14,031 I 1703802 1703802] (gcs_server) gcs_server.cc:874: task_io_context Event stats:


Global stats: 4 total (1 active)
Queueing time: mean = 79.023 us, max = 271.943 us, min = 19.741 us, total = 316.094 us
Execution time:  mean = 44.123 us, total = 176.493 us
Event stats:
	event_loop_lag_probe - 2 total (0 active), Execution time: mean = 83.942 us, total = 167.885 us, Queueing time: mean = 145.842 us, max = 271.943 us, min = 19.741 us, total = 291.684 us
	PeriodicalRunner.RunFnPeriodically - 1 total (0 active), Execution time: mean = 8.608 us, total = 8.608 us, Queueing time: mean = 24.410 us, max = 24.410 us, min = 24.410 us, total = 24.410 us
	GcsTaskManager.GcJobSummary - 1 total (1 active), Execution time: mean = 0.000 s, total = 0.000 s, Queueing time: mean = 0.000 s, max = -0.000 s, min = 9223372036.855 s, total = 0.000 s


[2025-05-04 15:25:14,031 I 1703802 1703802] (gcs_server) gcs_server.cc:874: pubsub_io_context Event stats:


Global stats: 4 total (1 active)
Queueing time: mean = 88.117 us, max = 305.437 us, min = 20.362 us, total = 352.469 us
Execution time:  mean = 42.135 us, total = 168.540 us
Event stats:
	event_loop_lag_probe - 2 total (0 active), Execution time: mean = 79.463 us, total = 158.926 us, Queueing time: mean = 162.899 us, max = 305.437 us, min = 20.362 us, total = 325.799 us
	PeriodicalRunner.RunFnPeriodically - 1 total (0 active), Execution time: mean = 9.614 us, total = 9.614 us, Queueing time: mean = 26.670 us, max = 26.670 us, min = 26.670 us, total = 26.670 us
	Publisher.CheckDeadSubscribers - 1 total (1 active), Execution time: mean = 0.000 s, total = 0.000 s, Queueing time: mean = 0.000 s, max = -0.000 s, min = 9223372036.855 s, total = 0.000 s


[2025-05-04 15:25:14,031 I 1703802 1703802] (gcs_server) gcs_server.cc:874: ray_syncer_io_context Event stats:


Global stats: 4 total (0 active)
Queueing time: mean = 116.431 us, max = 376.485 us, min = 20.568 us, total = 465.725 us
Execution time:  mean = 36.499 us, total = 145.997 us
Event stats:
	RaySyncerRegister - 2 total (0 active), Execution time: mean = 1.541 us, total = 3.082 us, Queueing time: mean = 34.336 us, max = 35.531 us, min = 33.141 us, total = 68.672 us
	event_loop_lag_probe - 2 total (0 active), Execution time: mean = 71.457 us, total = 142.915 us, Queueing time: mean = 198.526 us, max = 376.485 us, min = 20.568 us, total = 397.053 us


[2025-05-04 15:25:20,299 I 1703802 1703802] (gcs_server) gcs_node_manager.cc:88: Registering node info, address = 10.153.51.195, node name = 10.153.51.195 node_id=593e61e5d171546bd07534378e5fb4aae4b38b01c56555d40795569a
[2025-05-04 15:25:20,299 I 1703802 1703802] (gcs_server) gcs_node_manager.cc:94: Finished registering node info, address = 10.153.51.195, node name = 10.153.51.195, is_head_node = 1 node_id=593e61e5d171546bd07534378e5fb4aae4b38b01c56555d40795569a
[2025-05-04 15:25:20,299 I 1703802 1703802] (gcs_server) gcs_placement_group_manager.cc:830: A new node: 593e61e5d171546bd07534378e5fb4aae4b38b01c56555d40795569a registered, will try to reschedule all the infeasible placement groups.
[2025-05-04 15:25:20,311 I 1703802 1703878] (gcs_server) ray_syncer.cc:244: Get connection node_id=593e61e5d171546bd07534378e5fb4aae4b38b01c56555d40795569a
[2025-05-04 15:25:21,553 I 1703802 1703802] (gcs_server) gcs_job_manager.cc:90: Adding job, job id = 01000000, driver pid = 1702562
[2025-05-04 15:25:21,553 I 1703802 1703802] (gcs_server) gcs_job_manager.cc:111: Finished adding job, job id = 01000000, driver pid = 1702562
[2025-05-04 15:25:21,576 I 1703802 1703802] (gcs_server) gcs_actor_manager.cc:396: Registering actor job_id=01000000 actor_id=96feedbdc126052b30a29fe101000000
[2025-05-04 15:25:21,578 I 1703802 1703802] (gcs_server) gcs_actor_manager.cc:401: Registered actor, job id = 01000000, actor id = 96feedbdc126052b30a29fe101000000
[2025-05-04 15:25:21,578 I 1703802 1703802] (gcs_server) gcs_actor_manager.cc:482: Creating actor job_id=01000000 actor_id=96feedbdc126052b30a29fe101000000
[2025-05-04 15:25:21,579 I 1703802 1703802] (gcs_server) gcs_actor_scheduler.cc:313: Start leasing worker from node 593e61e5d171546bd07534378e5fb4aae4b38b01c56555d40795569a for actor 96feedbdc126052b30a29fe101000000, job id = 01000000
[2025-05-04 15:25:21,579 I 1703802 1703802] (gcs_server) gcs_actor_scheduler.cc:634: Finished leasing worker from 593e61e5d171546bd07534378e5fb4aae4b38b01c56555d40795569a for actor 96feedbdc126052b30a29fe101000000, job id = 01000000
[2025-05-04 15:25:21,579 I 1703802 1703802] (gcs_server) gcs_actor_scheduler.cc:449: Start creating actor 96feedbdc126052b30a29fe101000000 on worker 97ab2df6f3e71b9cb0e5d8511e8d9fb0c8a54c3e82356c097b98244b at node 593e61e5d171546bd07534378e5fb4aae4b38b01c56555d40795569a, job id = 01000000
[2025-05-04 15:25:33,091 I 1703802 1703802] (gcs_server) gcs_actor_scheduler.cc:486: Finished actor creation task for actor 96feedbdc126052b30a29fe101000000 on worker 97ab2df6f3e71b9cb0e5d8511e8d9fb0c8a54c3e82356c097b98244b at node 593e61e5d171546bd07534378e5fb4aae4b38b01c56555d40795569a, job id = 01000000
[2025-05-04 15:25:33,091 I 1703802 1703802] (gcs_server) gcs_actor_manager.cc:1543: Actor created successfully job_id=01000000 actor_id=96feedbdc126052b30a29fe101000000
[2025-05-04 15:25:33,092 I 1703802 1703802] (gcs_server) gcs_actor_manager.cc:497: Finished creating actor. Status: OK job_id=01000000 actor_id=96feedbdc126052b30a29fe101000000
[2025-05-04 15:25:37,626 I 1703802 1703802] (gcs_server) gcs_actor_manager.cc:1029: Destroying actor job_id=01000000 actor_id=96feedbdc126052b30a29fe101000000
[2025-05-04 15:25:37,627 I 1703802 1703802] (gcs_server) gcs_actor_manager.cc:1004: Worker 01000000ffffffffffffffffffffffffffffffffffffffffffffffff failed, destroying actor child, job id = 01000000
[2025-05-04 15:25:37,628 I 1703802 1703802] (gcs_server) gcs_job_manager.cc:149: Finished marking job state, job id = 01000000
[2025-05-04 15:25:37,651 W 1703802 1703802] (gcs_server) gcs_worker_manager.cc:59: Reporting worker exit, worker id = 97ab2df6f3e71b9cb0e5d8511e8d9fb0c8a54c3e82356c097b98244b, node id = 593e61e5d171546bd07534378e5fb4aae4b38b01c56555d40795569a, address = 10.153.51.195, exit_type = SYSTEM_ERROR, exit_detail = Worker exits unexpectedly by a signal. SystemExit is raised (sys.exit is called). Exit code: 1. The process receives a SIGTERM.. Unintentional worker failures have been reported. If there are lots of this logs, that might indicate there are unexpected failures in the cluster.
[2025-05-04 15:25:37,651 W 1703802 1703802] (gcs_server) gcs_actor_manager.cc:1204: Worker 97ab2df6f3e71b9cb0e5d8511e8d9fb0c8a54c3e82356c097b98244b on node 593e61e5d171546bd07534378e5fb4aae4b38b01c56555d40795569a exits, type=SYSTEM_ERROR, has creation_task_exception = 0 worker_id=97ab2df6f3e71b9cb0e5d8511e8d9fb0c8a54c3e82356c097b98244b
[2025-05-04 15:25:37,715 I 1703802 1703802] (gcs_server) gcs_node_manager.cc:382: Removing node, node name = 10.153.51.195, death reason = EXPECTED_TERMINATION, death message = received SIGTERM node_id=593e61e5d171546bd07534378e5fb4aae4b38b01c56555d40795569a
[2025-05-04 15:25:37,715 I 1703802 1703802] (gcs_server) gcs_placement_group_manager.cc:800: Node failed, rescheduling the placement groups on the dead node. node_id=593e61e5d171546bd07534378e5fb4aae4b38b01c56555d40795569a
[2025-05-04 15:25:37,715 I 1703802 1703802] (gcs_server) gcs_actor_manager.cc:1282: Node failed, reconstructing actors. node_id=593e61e5d171546bd07534378e5fb4aae4b38b01c56555d40795569a
[2025-05-04 15:25:37,716 I 1703802 1703802] (gcs_server) gcs_job_manager.cc:467: Node failed, mark all jobs from this node as finished node_id=593e61e5d171546bd07534378e5fb4aae4b38b01c56555d40795569a
[2025-05-04 15:25:37,932 I 1703802 1703861] (gcs_server) ray_syncer_bidi_reactor_base.h:182: Failed to read the message from: 593e61e5d171546bd07534378e5fb4aae4b38b01c56555d40795569a
[2025-05-04 15:25:37,932 I 1703802 1703861] (gcs_server) ray_syncer.cc:241: Connection is broken. node_id=593e61e5d171546bd07534378e5fb4aae4b38b01c56555d40795569a
[2025-05-04 15:25:37,980 I 1703802 1703802] (gcs_server) gcs_server_main.cc:175: GCS server received SIGTERM, shutting down...
[2025-05-04 15:25:37,981 I 1703802 1703802] (gcs_server) gcs_server.cc:267: Stopping GCS server.
[2025-05-04 15:25:38,020 I 1703802 1703802] (gcs_server) gcs_server.cc:284: GCS server stopped.
[2025-05-04 15:25:38,020 I 1703802 1703802] (gcs_server) io_service_pool.cc:47: IOServicePool is stopped.
[2025-05-04 15:25:38,124 I 1703802 1703802] (gcs_server) stats.h:120: Stats module has shutdown.
