[2025-05-04 15:25:19,142 I 1704365 1704365] (raylet) main.cc:226: Setting cluster ID to: aabaecbd5c97599d6c1d556c7e58f92666fb4cf4cdd034ae885efb6d
[2025-05-04 15:25:19,218 I 1704365 1704365] (raylet) main.cc:341: Raylet is not set to kill unknown children.
[2025-05-04 15:25:19,220 I 1704365 1704365] (raylet) io_service_pool.cc:35: IOServicePool is running with 1 io_service.
[2025-05-04 15:25:19,222 I 1704365 1704365] (raylet) main.cc:471: Setting node ID node_id=593e61e5d171546bd07534378e5fb4aae4b38b01c56555d40795569a
[2025-05-04 15:25:19,229 I 1704365 1704365] (raylet) store_runner.cc:33: Allowing the Plasma store to use up to 32.3525GB of memory.
[2025-05-04 15:25:19,229 I 1704365 1704365] (raylet) store_runner.cc:49: Starting object store with directory /dev/shm, fallback /home/stud/wxie/EasyR1/ray, and huge page support disabled
[2025-05-04 15:25:19,231 I 1704365 1704409] (raylet) dlmalloc.cc:154: create_and_mmap_buffer(32352501768, /dev/shm/plasmaXXXXXX)
[2025-05-04 15:25:19,235 I 1704365 1704409] (raylet) store.cc:564: Plasma store debug dump: 
Current usage: 0 / 32.3525 GB
- num bytes created total: 0
0 pending objects of total size 0MB
- objects spillable: 0
- bytes spillable: 0
- objects unsealed: 0
- bytes unsealed: 0
- objects in use: 0
- bytes in use: 0
- objects evictable: 0
- bytes evictable: 0

- objects created by worker: 0
- bytes created by worker: 0
- objects restored: 0
- bytes restored: 0
- objects received: 0
- bytes received: 0
- objects errored: 0
- bytes errored: 0

[2025-05-04 15:25:20,243 I 1704365 1704365] (raylet) grpc_server.cc:135: ObjectManager server started, listening on port 43197.
[2025-05-04 15:25:20,254 I 1704365 1704365] (raylet) worker_killing_policy.cc:101: Running GroupByOwner policy.
[2025-05-04 15:25:20,255 W 1704365 1704365] (raylet) memory_monitor.cc:198: Got negative used memory for cgroup -1, setting it to zero
[2025-05-04 15:25:20,255 I 1704365 1704365] (raylet) memory_monitor.cc:48: MemoryMonitor initialized with usage threshold at 128114286592 bytes (0.95 system memory), total system memory bytes: 134857150464
[2025-05-04 15:25:20,256 I 1704365 1704365] (raylet) node_manager.cc:295: Initializing NodeManager node_id=593e61e5d171546bd07534378e5fb4aae4b38b01c56555d40795569a
[2025-05-04 15:25:20,258 I 1704365 1704365] (raylet) grpc_server.cc:135: NodeManager server started, listening on port 39731.
[2025-05-04 15:25:20,268 I 1704365 1704501] (raylet) agent_manager.cc:78: Monitor agent process with name dashboard_agent/424238335
[2025-05-04 15:25:20,269 I 1704365 1704503] (raylet) agent_manager.cc:78: Monitor agent process with name runtime_env_agent
[2025-05-04 15:25:20,272 I 1704365 1704365] (raylet) event.cc:500: Ray Event initialized for RAYLET
[2025-05-04 15:25:20,272 I 1704365 1704365] (raylet) event.cc:331: Set ray event level to warning
[2025-05-04 15:25:20,302 I 1704365 1704365] (raylet) raylet.cc:134: Raylet of id, 593e61e5d171546bd07534378e5fb4aae4b38b01c56555d40795569a started. Raylet consists of node_manager and object_manager. node_manager address: 10.153.51.195:39731 object_manager address: 10.153.51.195:43197 hostname: marajo
[2025-05-04 15:25:20,308 I 1704365 1704365] (raylet) node_manager.cc:532: [state-dump] NodeManager:
[state-dump] Node ID: 593e61e5d171546bd07534378e5fb4aae4b38b01c56555d40795569a
[state-dump] Node name: 10.153.51.195
[state-dump] InitialConfigResources: {node:10.153.51.195: 10000, object_store_memory: 323524755450000, node:__internal_head__: 10000, memory: 654891096070000, accelerator_type:H100: 10000, GPU: 10000, CPU: 320000}
[state-dump] ClusterTaskManager:
[state-dump] ========== Node: 593e61e5d171546bd07534378e5fb4aae4b38b01c56555d40795569a =================
[state-dump] Infeasible queue length: 0
[state-dump] Schedule queue length: 0
[state-dump] Dispatch queue length: 0
[state-dump] num_waiting_for_resource: 0
[state-dump] num_waiting_for_plasma_memory: 0
[state-dump] num_waiting_for_remote_node_resources: 0
[state-dump] num_worker_not_started_by_job_config_not_exist: 0
[state-dump] num_worker_not_started_by_registration_timeout: 0
[state-dump] num_tasks_waiting_for_workers: 0
[state-dump] num_cancelled_tasks: 0
[state-dump] cluster_resource_scheduler state: 
[state-dump] Local id: 871404594153722486 Local resources: {"total":{CPU: [320000], node:10.153.51.195: [10000], memory: [654891096070000], node:__internal_head__: [10000], object_store_memory: [323524755450000], GPU: [10000], accelerator_type:H100: [10000]}}, "available": {CPU: [320000], node:10.153.51.195: [10000], memory: [654891096070000], node:__internal_head__: [10000], object_store_memory: [323524755450000], GPU: [10000], accelerator_type:H100: [10000]}}, "labels":{"ray.io/node_id":"593e61e5d171546bd07534378e5fb4aae4b38b01c56555d40795569a",} is_draining: 0 is_idle: 1 Cluster resources: node id: 871404594153722486{"total":{accelerator_type:H100: 10000, object_store_memory: 323524755450000, node:10.153.51.195: 10000, node:__internal_head__: 10000, GPU: 10000, memory: 654891096070000, CPU: 320000}}, "available": {accelerator_type:H100: 10000, object_store_memory: 323524755450000, node:10.153.51.195: 10000, node:__internal_head__: 10000, GPU: 10000, memory: 654891096070000, CPU: 320000}}, "labels":{"ray.io/node_id":"593e61e5d171546bd07534378e5fb4aae4b38b01c56555d40795569a",}, "is_draining": 0, "draining_deadline_timestamp_ms": -1} { "placment group locations": [], "node to bundles": []}
[state-dump] Waiting tasks size: 0
[state-dump] Number of executing tasks: 0
[state-dump] Number of pinned task arguments: 0
[state-dump] Number of total spilled tasks: 0
[state-dump] Number of spilled waiting tasks: 0
[state-dump] Number of spilled unschedulable tasks: 0
[state-dump] Resource usage {
[state-dump] }
[state-dump] Backlog Size per scheduling descriptor :{workerId: num backlogs}:
[state-dump] 
[state-dump] Running tasks by scheduling class:
[state-dump] ==================================================
[state-dump] 
[state-dump] ClusterResources:
[state-dump] LocalObjectManager:
[state-dump] - num pinned objects: 0
[state-dump] - pinned objects size: 0
[state-dump] - num objects pending restore: 0
[state-dump] - num objects pending spill: 0
[state-dump] - num bytes pending spill: 0
[state-dump] - num bytes currently spilled: 0
[state-dump] - cumulative spill requests: 0
[state-dump] - cumulative restore requests: 0
[state-dump] - spilled objects pending delete: 0
[state-dump] 
[state-dump] ObjectManager:
[state-dump] - num local objects: 0
[state-dump] - num unfulfilled push requests: 0
[state-dump] - num object pull requests: 0
[state-dump] - num chunks received total: 0
[state-dump] - num chunks received failed (all): 0
[state-dump] - num chunks received failed / cancelled: 0
[state-dump] - num chunks received failed / plasma error: 0
[state-dump] Event stats:
[state-dump] Global stats: 0 total (0 active)
[state-dump] Queueing time: mean = -nan s, max = -0.000 s, min = 9223372036.855 s, total = 0.000 s
[state-dump] Execution time:  mean = -nan s, total = 0.000 s
[state-dump] Event stats:
[state-dump] PushManager:
[state-dump] - num pushes in flight: 0
[state-dump] - num chunks in flight: 0
[state-dump] - num chunks remaining: 0
[state-dump] - max chunks allowed: 409
[state-dump] OwnershipBasedObjectDirectory:
[state-dump] - num listeners: 0
[state-dump] - cumulative location updates: 0
[state-dump] - num location updates per second: 20967085764558664.000
[state-dump] - num location lookups per second: 20967085764554664.000
[state-dump] - num locations added per second: 0.000
[state-dump] - num locations removed per second: 0.000
[state-dump] BufferPool:
[state-dump] - create buffer state map size: 0
[state-dump] PullManager:
[state-dump] - num bytes available for pulled objects: 32352475545
[state-dump] - num bytes being pulled (all): 0
[state-dump] - num bytes being pulled / pinned: 0
[state-dump] - get request bundles: BundlePullRequestQueue{0 total, 0 active, 0 inactive, 0 unpullable}
[state-dump] - wait request bundles: BundlePullRequestQueue{0 total, 0 active, 0 inactive, 0 unpullable}
[state-dump] - task request bundles: BundlePullRequestQueue{0 total, 0 active, 0 inactive, 0 unpullable}
[state-dump] - first get request bundle: N/A
[state-dump] - first wait request bundle: N/A
[state-dump] - first task request bundle: N/A
[state-dump] - num objects queued: 0
[state-dump] - num objects actively pulled (all): 0
[state-dump] - num objects actively pulled / pinned: 0
[state-dump] - num bundles being pulled: 0
[state-dump] - num pull retries: 0
[state-dump] - max timeout seconds: 0
[state-dump] - max timeout request is already processed. No entry.
[state-dump] 
[state-dump] WorkerPool:
[state-dump] - registered jobs: 0
[state-dump] - process_failed_job_config_missing: 0
[state-dump] - process_failed_rate_limited: 0
[state-dump] - process_failed_pending_registration: 0
[state-dump] - process_failed_runtime_env_setup_failed: 0
[state-dump] - num JAVA workers: 0
[state-dump] - num JAVA drivers: 0
[state-dump] - num JAVA pending start requests: 0
[state-dump] - num JAVA pending registration requests: 0
[state-dump] - num object spill callbacks queued: 0
[state-dump] - num object restore queued: 0
[state-dump] - num util functions queued: 0
[state-dump] - num PYTHON workers: 0
[state-dump] - num PYTHON drivers: 0
[state-dump] - num PYTHON pending start requests: 0
[state-dump] - num PYTHON pending registration requests: 0
[state-dump] - num object spill callbacks queued: 0
[state-dump] - num object restore queued: 0
[state-dump] - num util functions queued: 0
[state-dump] - num idle workers: 0
[state-dump] TaskDependencyManager:
[state-dump] - task deps map size: 0
[state-dump] - get req map size: 0
[state-dump] - wait req map size: 0
[state-dump] - local objects map size: 0
[state-dump] WaitManager:
[state-dump] - num active wait requests: 0
[state-dump] Subscriber:
[state-dump] Channel WORKER_REF_REMOVED_CHANNEL
[state-dump] - cumulative subscribe requests: 0
[state-dump] - cumulative unsubscribe requests: 0
[state-dump] - active subscribed publishers: 0
[state-dump] - cumulative published messages: 0
[state-dump] - cumulative processed messages: 0
[state-dump] Channel WORKER_OBJECT_EVICTION
[state-dump] - cumulative subscribe requests: 0
[state-dump] - cumulative unsubscribe requests: 0
[state-dump] - active subscribed publishers: 0
[state-dump] - cumulative published messages: 0
[state-dump] - cumulative processed messages: 0
[state-dump] Channel WORKER_OBJECT_LOCATIONS_CHANNEL
[state-dump] - cumulative subscribe requests: 0
[state-dump] - cumulative unsubscribe requests: 0
[state-dump] - active subscribed publishers: 0
[state-dump] - cumulative published messages: 0
[state-dump] - cumulative processed messages: 0
[state-dump] num async plasma notifications: 0
[state-dump] Remote node managers: 
[state-dump] Event stats:
[state-dump] Global stats: 28 total (13 active)
[state-dump] Queueing time: mean = 4.018 ms, max = 24.240 ms, min = 21.842 us, total = 112.493 ms
[state-dump] Execution time:  mean = 39.250 ms, total = 1.099 s
[state-dump] Event stats:
[state-dump] 	PeriodicalRunner.RunFnPeriodically - 11 total (2 active, 1 running), Execution time: mean = 525.515 us, total = 5.781 ms, Queueing time: mean = 10.210 ms, max = 24.240 ms, min = 48.411 us, total = 112.311 ms
[state-dump] 	ray::rpc::NodeInfoGcsService.grpc_client.RegisterNode - 1 total (0 active), Execution time: mean = 22.177 ms, total = 22.177 ms, Queueing time: mean = 0.000 s, max = -0.000 s, min = 9223372036.855 s, total = 0.000 s
[state-dump] 	NodeManager.ScheduleAndDispatchTasks - 1 total (1 active), Execution time: mean = 0.000 s, total = 0.000 s, Queueing time: mean = 0.000 s, max = -0.000 s, min = 9223372036.855 s, total = 0.000 s
[state-dump] 	MemoryMonitor.CheckIsMemoryUsageAboveThreshold - 1 total (1 active), Execution time: mean = 0.000 s, total = 0.000 s, Queueing time: mean = 0.000 s, max = -0.000 s, min = 9223372036.855 s, total = 0.000 s
[state-dump] 	ray::rpc::NodeInfoGcsService.grpc_client.RegisterNode.OnReplyReceived - 1 total (0 active), Execution time: mean = 430.176 us, total = 430.176 us, Queueing time: mean = 35.217 us, max = 35.217 us, min = 35.217 us, total = 35.217 us
[state-dump] 	ray::rpc::InternalKVGcsService.grpc_client.GetInternalConfig.OnReplyReceived - 1 total (0 active), Execution time: mean = 1.063 s, total = 1.063 s, Queueing time: mean = 124.846 us, max = 124.846 us, min = 124.846 us, total = 124.846 us
[state-dump] 	NodeManager.deadline_timer.record_metrics - 1 total (1 active), Execution time: mean = 0.000 s, total = 0.000 s, Queueing time: mean = 0.000 s, max = -0.000 s, min = 9223372036.855 s, total = 0.000 s
[state-dump] 	RayletWorkerPool.deadline_timer.kill_idle_workers - 1 total (1 active), Execution time: mean = 0.000 s, total = 0.000 s, Queueing time: mean = 0.000 s, max = -0.000 s, min = 9223372036.855 s, total = 0.000 s
[state-dump] 	ObjectManager.UpdateAvailableMemory - 1 total (0 active), Execution time: mean = 3.178 us, total = 3.178 us, Queueing time: mean = 21.842 us, max = 21.842 us, min = 21.842 us, total = 21.842 us
[state-dump] 	ray::rpc::InternalPubSubGcsService.grpc_client.GcsSubscriberPoll - 1 total (1 active), Execution time: mean = 0.000 s, total = 0.000 s, Queueing time: mean = 0.000 s, max = -0.000 s, min = 9223372036.855 s, total = 0.000 s
[state-dump] 	NodeManager.deadline_timer.spill_objects_when_over_threshold - 1 total (1 active), Execution time: mean = 0.000 s, total = 0.000 s, Queueing time: mean = 0.000 s, max = -0.000 s, min = 9223372036.855 s, total = 0.000 s
[state-dump] 	NodeManager.deadline_timer.debug_state_dump - 1 total (1 active), Execution time: mean = 0.000 s, total = 0.000 s, Queueing time: mean = 0.000 s, max = -0.000 s, min = 9223372036.855 s, total = 0.000 s
[state-dump] 	NodeManager.deadline_timer.flush_free_objects - 1 total (1 active), Execution time: mean = 0.000 s, total = 0.000 s, Queueing time: mean = 0.000 s, max = -0.000 s, min = 9223372036.855 s, total = 0.000 s
[state-dump] 	ray::rpc::InternalPubSubGcsService.grpc_client.GcsSubscriberCommandBatch.OnReplyReceived - 1 total (1 active), Execution time: mean = 0.000 s, total = 0.000 s, Queueing time: mean = 0.000 s, max = -0.000 s, min = 9223372036.855 s, total = 0.000 s
[state-dump] 	NodeManager.GCTaskFailureReason - 1 total (1 active), Execution time: mean = 0.000 s, total = 0.000 s, Queueing time: mean = 0.000 s, max = -0.000 s, min = 9223372036.855 s, total = 0.000 s
[state-dump] 	ClusterResourceManager.ResetRemoteNodeView - 1 total (1 active), Execution time: mean = 0.000 s, total = 0.000 s, Queueing time: mean = 0.000 s, max = -0.000 s, min = 9223372036.855 s, total = 0.000 s
[state-dump] 	ray::rpc::InternalKVGcsService.grpc_client.GetInternalConfig - 1 total (0 active), Execution time: mean = 6.614 ms, total = 6.614 ms, Queueing time: mean = 0.000 s, max = -0.000 s, min = 9223372036.855 s, total = 0.000 s
[state-dump] 	ray::rpc::InternalPubSubGcsService.grpc_client.GcsSubscriberCommandBatch - 1 total (0 active), Execution time: mean = 863.257 us, total = 863.257 us, Queueing time: mean = 0.000 s, max = -0.000 s, min = 9223372036.855 s, total = 0.000 s
[state-dump] DebugString() time ms: 0
[state-dump] 
[state-dump] 
[2025-05-04 15:25:20,311 I 1704365 1704365] (raylet) accessor.cc:777: Received notification for node, IsAlive = 1 node_id=593e61e5d171546bd07534378e5fb4aae4b38b01c56555d40795569a
[2025-05-04 15:25:20,400 I 1704365 1704365] (raylet) worker_pool.cc:522: Started worker process with pid 1704528, the token is 0
[2025-05-04 15:25:20,405 I 1704365 1704365] (raylet) worker_pool.cc:522: Started worker process with pid 1704529, the token is 1
[2025-05-04 15:25:20,410 I 1704365 1704365] (raylet) worker_pool.cc:522: Started worker process with pid 1704530, the token is 2
[2025-05-04 15:25:20,416 I 1704365 1704365] (raylet) worker_pool.cc:522: Started worker process with pid 1704531, the token is 3
[2025-05-04 15:25:20,421 I 1704365 1704365] (raylet) worker_pool.cc:522: Started worker process with pid 1704532, the token is 4
[2025-05-04 15:25:20,426 I 1704365 1704365] (raylet) worker_pool.cc:522: Started worker process with pid 1704533, the token is 5
[2025-05-04 15:25:20,431 I 1704365 1704365] (raylet) worker_pool.cc:522: Started worker process with pid 1704534, the token is 6
[2025-05-04 15:25:20,436 I 1704365 1704365] (raylet) worker_pool.cc:522: Started worker process with pid 1704535, the token is 7
[2025-05-04 15:25:20,440 I 1704365 1704365] (raylet) worker_pool.cc:522: Started worker process with pid 1704536, the token is 8
[2025-05-04 15:25:20,445 I 1704365 1704365] (raylet) worker_pool.cc:522: Started worker process with pid 1704537, the token is 9
[2025-05-04 15:25:20,450 I 1704365 1704365] (raylet) worker_pool.cc:522: Started worker process with pid 1704538, the token is 10
[2025-05-04 15:25:20,455 I 1704365 1704365] (raylet) worker_pool.cc:522: Started worker process with pid 1704539, the token is 11
[2025-05-04 15:25:20,458 I 1704365 1704365] (raylet) worker_pool.cc:522: Started worker process with pid 1704540, the token is 12
[2025-05-04 15:25:20,462 I 1704365 1704365] (raylet) worker_pool.cc:522: Started worker process with pid 1704541, the token is 13
[2025-05-04 15:25:20,466 I 1704365 1704365] (raylet) worker_pool.cc:522: Started worker process with pid 1704542, the token is 14
[2025-05-04 15:25:20,470 I 1704365 1704365] (raylet) worker_pool.cc:522: Started worker process with pid 1704543, the token is 15
[2025-05-04 15:25:20,474 I 1704365 1704365] (raylet) worker_pool.cc:522: Started worker process with pid 1704544, the token is 16
[2025-05-04 15:25:20,478 I 1704365 1704365] (raylet) worker_pool.cc:522: Started worker process with pid 1704545, the token is 17
[2025-05-04 15:25:20,481 I 1704365 1704365] (raylet) worker_pool.cc:522: Started worker process with pid 1704546, the token is 18
[2025-05-04 15:25:20,504 I 1704365 1704365] (raylet) worker_pool.cc:522: Started worker process with pid 1704547, the token is 19
[2025-05-04 15:25:20,508 I 1704365 1704365] (raylet) worker_pool.cc:522: Started worker process with pid 1704548, the token is 20
[2025-05-04 15:25:20,512 I 1704365 1704365] (raylet) worker_pool.cc:522: Started worker process with pid 1704549, the token is 21
[2025-05-04 15:25:20,516 I 1704365 1704365] (raylet) worker_pool.cc:522: Started worker process with pid 1704550, the token is 22
[2025-05-04 15:25:20,520 I 1704365 1704365] (raylet) worker_pool.cc:522: Started worker process with pid 1704551, the token is 23
[2025-05-04 15:25:20,523 I 1704365 1704365] (raylet) worker_pool.cc:522: Started worker process with pid 1704552, the token is 24
[2025-05-04 15:25:20,525 I 1704365 1704365] (raylet) worker_pool.cc:522: Started worker process with pid 1704553, the token is 25
[2025-05-04 15:25:20,529 I 1704365 1704365] (raylet) worker_pool.cc:522: Started worker process with pid 1704554, the token is 26
[2025-05-04 15:25:20,532 I 1704365 1704365] (raylet) worker_pool.cc:522: Started worker process with pid 1704555, the token is 27
[2025-05-04 15:25:20,535 I 1704365 1704365] (raylet) worker_pool.cc:522: Started worker process with pid 1704556, the token is 28
[2025-05-04 15:25:20,538 I 1704365 1704365] (raylet) worker_pool.cc:522: Started worker process with pid 1704557, the token is 29
[2025-05-04 15:25:20,540 I 1704365 1704365] (raylet) worker_pool.cc:522: Started worker process with pid 1704558, the token is 30
[2025-05-04 15:25:20,543 I 1704365 1704365] (raylet) worker_pool.cc:522: Started worker process with pid 1704559, the token is 31
[2025-05-04 15:25:21,311 I 1704365 1704409] (raylet) object_store.cc:35: Object store current usage 8e-09 / 32.3525 GB.
[2025-05-04 15:25:21,553 I 1704365 1704365] (raylet) worker_pool.cc:719: Job 01000000 already started in worker pool.
[2025-05-04 15:25:25,298 W 1704365 1704365] (raylet) memory_monitor.cc:198: Got negative used memory for cgroup -1, setting it to zero
[2025-05-04 15:25:30,304 W 1704365 1704365] (raylet) memory_monitor.cc:198: Got negative used memory for cgroup -1, setting it to zero
[2025-05-04 15:25:35,311 W 1704365 1704365] (raylet) memory_monitor.cc:198: Got negative used memory for cgroup -1, setting it to zero
[2025-05-04 15:25:37,623 I 1704365 1704365] (raylet) node_manager.cc:1549: NodeManager::DisconnectClient, disconnect_type=3, has creation task exception = false
[2025-05-04 15:25:37,623 I 1704365 1704365] (raylet) node_manager.cc:1654: Driver (pid=1702562) is disconnected. worker_id=01000000ffffffffffffffffffffffffffffffffffffffffffffffff job_id=01000000
[2025-05-04 15:25:37,629 I 1704365 1704365] (raylet) node_manager.cc:1082: The leased worker 97ab2df6f3e71b9cb0e5d8511e8d9fb0c8a54c3e82356c097b98244b is killed because the owner process 01000000ffffffffffffffffffffffffffffffffffffffffffffffff died.
[2025-05-04 15:25:37,629 I 1704365 1704365] (raylet) worker_pool.cc:719: Job 01000000 already started in worker pool.
[2025-05-04 15:25:37,629 I 1704365 1704365] (raylet) node_manager.cc:640: The leased worker  is killed because the job 01000000 finished. worker_id=97ab2df6f3e71b9cb0e5d8511e8d9fb0c8a54c3e82356c097b98244b
[2025-05-04 15:25:37,650 I 1704365 1704365] (raylet) node_manager.cc:1549: NodeManager::DisconnectClient, disconnect_type=0, has creation task exception = false
[2025-05-04 15:25:37,714 I 1704365 1704365] (raylet) main.cc:506: received SIGTERM. Existing local drain request = None
[2025-05-04 15:25:37,714 I 1704365 1704365] (raylet) main.cc:307: Raylet graceful shutdown triggered, reason = EXPECTED_TERMINATION, reason message = received SIGTERM
[2025-05-04 15:25:37,714 I 1704365 1704365] (raylet) main.cc:310: Shutting down...
[2025-05-04 15:25:37,714 I 1704365 1704365] (raylet) accessor.cc:511: Unregistering node node_id=593e61e5d171546bd07534378e5fb4aae4b38b01c56555d40795569a
[2025-05-04 15:25:37,716 I 1704365 1704365] (raylet) accessor.cc:524: Finished unregistering node info, status = OK node_id=593e61e5d171546bd07534378e5fb4aae4b38b01c56555d40795569a
[2025-05-04 15:25:37,722 I 1704365 1704365] (raylet) agent_manager.cc:113: Killing agent dashboard_agent/424238335, pid 1704500.
[2025-05-04 15:25:37,734 I 1704365 1704501] (raylet) agent_manager.cc:80: Agent process with name dashboard_agent/424238335 exited, exit code 0.
[2025-05-04 15:25:37,734 I 1704365 1704365] (raylet) agent_manager.cc:113: Killing agent runtime_env_agent, pid 1704502.
[2025-05-04 15:25:37,744 I 1704365 1704503] (raylet) agent_manager.cc:80: Agent process with name runtime_env_agent exited, exit code 0.
[2025-05-04 15:25:37,744 I 1704365 1704365] (raylet) io_service_pool.cc:47: IOServicePool is stopped.
[2025-05-04 15:25:37,843 I 1704365 1704365] (raylet) stats.h:120: Stats module has shutdown.
